----------------------------------------
Begin Torque Prologue on nid25435
at Fri May 18 18:06:52 CDT 2018
Job Id:			8630622.bw
Username:		barletta
Group:			PRAC_gk4
Job name:		ctv_e2_cph_
Requested resources:	neednodes=10:ppn=1:xk,nodes=10:ppn=1:xk,walltime=07:00:00
Queue:			normal
Account:		gk4
End Torque Prologue:  0.237 elapsed
----------------------------------------





 Running multipmemd version of pmemd Amber18
    Total processors =    10
    Number of groups =    10

Note: The following floating-point exceptions are signalling: IEEE_UNDERFLOW_FLAG IEEE_DENORMAL
Note: The following floating-point exceptions are signalling: IEEE_UNDERFLOW_FLAG IEEE_DENORMAL
Note: The following floating-point exceptions are signalling: IEEE_UNDERFLOW_FLAG IEEE_DENORMAL
Note: The following floating-point exceptions are signalling: IEEE_UNDERFLOW_FLAG IEEE_DENORMAL
Note: The following floating-point exceptions are signalling: IEEE_UNDERFLOW_FLAG IEEE_DENORMAL
Note: The following floating-point exceptions are signalling: IEEE_UNDERFLOW_FLAG IEEE_DENORMAL
Note: The following floating-point exceptions are signalling: IEEE_UNDERFLOW_FLAG IEEE_DENORMAL
Note: The following floating-point exceptions are signalling: IEEE_UNDERFLOW_FLAG IEEE_DENORMAL
Note: The following floating-point exceptions are signalling: IEEE_UNDERFLOW_FLAG IEEE_DENORMAL
Note: The following floating-point exceptions are signalling: IEEE_UNDERFLOW_FLAG IEEE_DENORMAL
Application 67075206 resources: utime ~123954s, stime ~15005s, Rss ~350824, inblocks ~609709327, outblocks ~739266413
