----------------------------------------
Begin Torque Prologue on nid25358
at Sun May 20 13:13:56 CDT 2018
Job Id:			8635285.bw
Username:		barletta
Group:			PRAC_gk4
Job name:		eol_pdt_cph_
Requested resources:	neednodes=10:ppn=1:xk,nodes=10:ppn=1:xk,walltime=19:00:00
Queue:			normal
Account:		gk4
End Torque Prologue:  0.133 elapsed
----------------------------------------





 Running multipmemd version of pmemd Amber18
    Total processors =    10
    Number of groups =    10

Note: The following floating-point exceptions are signalling: IEEE_UNDERFLOW_FLAG IEEE_DENORMAL
Note: The following floating-point exceptions are signalling: IEEE_UNDERFLOW_FLAG IEEE_DENORMAL
Note: The following floating-point exceptions are signalling: IEEE_UNDERFLOW_FLAG IEEE_DENORMAL
Note: The following floating-point exceptions are signalling: IEEE_UNDERFLOW_FLAG IEEE_DENORMAL
Note: The following floating-point exceptions are signalling: IEEE_UNDERFLOW_FLAG IEEE_DENORMAL
Note: The following floating-point exceptions are signalling: IEEE_UNDERFLOW_FLAG IEEE_DENORMAL
Note: The following floating-point exceptions are signalling: IEEE_UNDERFLOW_FLAG IEEE_DENORMAL
Note: The following floating-point exceptions are signalling: IEEE_UNDERFLOW_FLAG IEEE_DENORMAL
Note: The following floating-point exceptions are signalling: IEEE_UNDERFLOW_FLAG IEEE_DENORMAL
Note: The following floating-point exceptions are signalling: IEEE_UNDERFLOW_FLAG IEEE_DENORMAL
Application 67106928 resources: utime ~502356s, stime ~62427s, Rss ~353336, inblocks ~241610720, outblocks ~259414667
