
          -------------------------------------------------------
          Amber 16 PMEMD                              2016
          -------------------------------------------------------

| PMEMD implementation of SANDER, Release 16

| Run on 11/25/2017 at 13:10:31

|   Executable path: /apps/amber16/bin/pmemd.cuda
| Working directory: /home/pbarletta
|          Hostname: mordor

  [-O]verwriting output

File Assignments:
|   MDIN: /scratch/pbarletta/cph_obp/run/ctv/mhe/e/12equ.in                     
|  MDOUT: /scratch/pbarletta/cph_obp/run/ctv/mhe/e/12equ.out                    
| INPCRD: /scratch/pbarletta/cph_obp/run/ctv/mhe/e/11ectv.rst7                  
|   PARM: /scratch/pbarletta/cph_obp/top_files/ctv.prmtop                       
| RESTRT: /scratch/pbarletta/cph_obp/run/ctv/mhe/e/12ectv.rst7                  
|   REFC: /scratch/pbarletta/cph_obp/run/ctv/mhe/e/11ectv.rst7                  
|  MDVEL: mdvel                                                                 
|   MDEN: mden                                                                  
|  MDCRD: /scratch/pbarletta/cph_obp/run/ctv/mhe/e/12ectv.nc                    
| MDINFO: mdinfo                                                                
|  MDFRC: mdfrc                                                                 


 Here is the input file:

Equilibration with solute restrictions                                         
&cntrl                                                                         
imin = 0,                           ! No Minimization                          
nmropt = 0,                         ! No NMR restraints read                   
                                                                               
! Nature and format of the input                                               
ntx = 5,                            ! Coordinates but no velocities will be rea
irest = 1,                          ! Do not run a new simulation              
                                                                               
! Nature and format of the output                                              
ntxo = 1,                           ! rstrt file in ASCII format               
ntpr = 500,                         ! inf in output every ntpr steps           
ntwr = 500,                         ! rstrt file every ntwr steps              
ntwx = 500,                         ! mdcrd file every ntwx steps              
ntwv = 0,                           ! mdvel without velocities                 
ntwe = 0,                           ! Energies and temperatures not written in 
idecomp = 0,                        ! No energy decomposition                  
iwrap = 1,                          ! Coordinates of the restart and mdcrd file
                                                                               
! Frozen or restrained atoms                                                   
ibelly = 0,                         ! No frozen atoms                          
ntr=1,                              ! Harmonic potential restraints            
restraint_wt = 5.0,                ! The weight for the positional restraints  
restraintmask = ':1-120@N,CA,C,O',  ! restrained residues                      
                                                                               
! Molecular dynamics                                                           
nstlim = 50000,                     ! Number of MD-steps                       
dt = 0.002,                         ! Time step                                
                                                                               
! Temperature regulation                                                       
ntt = 3,                            ! Langevin thermostat                      
gamma_ln = 5,                       ! Gamma constant for Langevin              
temp0 = 300.0,                      ! Reference T at which the system is to be 
tempi = 300.0,                      ! Initial T                                
ig = -1,                            ! Seed for the RNG                         
                                                                               
! P and V regulation                                                           
ntp = 0,                            ! No pressure control                      
ntb = 1,                            ! Periodic box for constant V              
                                                                               
! SHAKE variables                                                              
ntc = 2,                            ! Bonds involving H are constrained        
ntf = 2,                            ! Bond interaction involving H are ommited.
                                                                               
cut = 10.0,                         ! Nonbonded cutoff                         
                                                                               
/                                                                              
&end                                                                           


Note: ig = -1. Setting random seed to   308842 based on wallclock time in 
      microseconds.
| irandom = 1, using AMBER's internal random number generator (default).
 
|--------------------- INFORMATION ----------------------
| GPU (CUDA) Version of PMEMD in use: NVIDIA GPU IN USE.
|                    Version 16.0.0
| 
|                      02/25/2016
| 
| Implementation by:
|                    Ross C. Walker     (SDSC)
|                    Scott Le Grand     (nVIDIA)
| 
| Precision model in use:
|      [SPFP] - Single Precision Forces, 64-bit Fixed Point
|               Accumulation. (Default)
| 
|--------------------------------------------------------
 
|----------------- CITATION INFORMATION -----------------
|
|    When publishing work that utilized the CUDA version
|    of AMBER, please cite the following in addition to
|    the regular AMBER citations:
|
|  - Romelia Salomon-Ferrer; Andreas W. Goetz; Duncan
|    Poole; Scott Le Grand; Ross C. Walker "Routine
|    microsecond molecular dynamics simulations with
|    AMBER - Part II: Particle Mesh Ewald", J. Chem.
|    Theory Comput., 2013, 9 (9), pp3878-3888,
|    DOI: 10.1021/ct400314y.
|
|  - Andreas W. Goetz; Mark J. Williamson; Dong Xu;
|    Duncan Poole; Scott Le Grand; Ross C. Walker
|    "Routine microsecond molecular dynamics simulations
|    with AMBER - Part I: Generalized Born", J. Chem.
|    Theory Comput., 2012, 8 (5), pp1542-1555.
|
|  - Scott Le Grand; Andreas W. Goetz; Ross C. Walker
|    "SPFP: Speed without compromise - a mixed precision
|    model for GPU accelerated molecular dynamics
|    simulations.", Comp. Phys. Comm., 2013, 184
|    pp374-380, DOI: 10.1016/j.cpc.2012.09.022
|
|--------------------------------------------------------
 
|------------------- GPU DEVICE INFO --------------------
|
|            CUDA_VISIBLE_DEVICES: 2
|   CUDA Capable Devices Detected:      1
|           CUDA Device ID in use:      0
|                CUDA Device Name: GeForce GTX 1080 Ti
|     CUDA Device Global Mem Size:  11172 MB
| CUDA Device Num Multiprocessors:     28
|           CUDA Device Core Freq:   1.58 GHz
|
|--------------------------------------------------------
 
 
| Conditional Compilation Defines Used:
| PUBFFT
| BINTRAJ
| CUDA
| EMIL

| Largest sphere to fit in unit cell has radius =    24.861

| New format PARM file being parsed.
| Version =    1.000 Date = 11/25/17 Time = 12:11:39

| Note: 1-4 EEL scale factors are being read from the topology file.

| Note: 1-4 VDW scale factors are being read from the topology file.
| Duplicated    0 dihedrals

| Duplicated    0 dihedrals

--------------------------------------------------------------------------------
   1.  RESOURCE   USE: 
--------------------------------------------------------------------------------

 getting new box info from bottom of inpcrd
 NATOM  =   14918 NTYPES =      18 NBONH =   13963 MBONA  =     963
 NTHETH =    2368 MTHETA =    1293 NPHIH =    4530 MPHIA  =    3267
 NHPARM =       0 NPARM  =       0 NNB   =   28295 NRES   =    4423
 NBONA  =     963 NTHETA =    1293 NPHIA =    3267 NUMBND =      49
 NUMANG =     102 NPTRA  =      43 NATYP =      33 NPHB   =       1
 IFBOX  =       2 NMXRS  =      26 IFCAP =       0 NEXTRA =       0
 NCOPY  =       0

| Coordinate Index Table dimensions:     9    9    9
| Direct force subcell size =     6.7664    6.7664    6.7664

     BOX TYPE: TRUNCATED OCTAHEDRON

--------------------------------------------------------------------------------
   2.  CONTROL  DATA  FOR  THE  RUN
--------------------------------------------------------------------------------

default_name                                                                    

General flags:
     imin    =       0, nmropt  =       0

Nature and format of input:
     ntx     =       5, irest   =       1, ntrx    =       1

Nature and format of output:
     ntxo    =       1, ntpr    =     500, ntrx    =       1, ntwr    =     500
     iwrap   =       1, ntwx    =     500, ntwv    =       0, ntwe    =       0
     ioutfm  =       1, ntwprt  =       0, idecomp =       0, rbornstat=      0

Potential function:
     ntf     =       2, ntb     =       1, igb     =       0, nsnb    =      25
     ipol    =       0, gbsa    =       0, iesp    =       0
     dielc   =   1.00000, cut     =  10.00000, intdiel =   1.00000

Frozen or restrained atoms:
     ibelly  =       0, ntr     =       1
     restraint_wt =   5.00000

Molecular dynamics:
     nstlim  =     50000, nscm    =         0, nrespa  =         1
     t       =   0.00000, dt      =   0.00200, vlimit  =  -1.00000

Langevin dynamics temperature regulation:
     ig      =  308842
     temp0   = 300.00000, tempi   = 300.00000, gamma_ln=   5.00000

SHAKE:
     ntc     =       2, jfastw  =       0
     tol     =   0.00001

| Intermolecular bonds treatment:
|     no_intermolecular_bonds =       1

| Energy averages sample interval:
|     ene_avg_sampling =     500

Ewald parameters:
     verbose =       0, ew_type =       0, nbflag  =       1, use_pme =       1
     vdwmeth =       1, eedmeth =       1, netfrc  =       1
     Box X =   60.897   Box Y =   60.897   Box Z =   60.897
     Alpha =  109.471   Beta  =  109.471   Gamma =  109.471
     NFFT1 =   64       NFFT2 =   64       NFFT3 =   64
     Cutoff=   10.000   Tol   =0.100E-04
     Ewald Coefficient =  0.27511
     Interpolation order =    4

    LOADING THE CONSTRAINED ATOMS AS GROUPS


   5.  REFERENCE ATOM COORDINATES

  default_name                                                                    
     Mask :1-120@N,CA,C,O; matches   476 atoms

--------------------------------------------------------------------------------
   3.  ATOMIC COORDINATES AND VELOCITIES
--------------------------------------------------------------------------------

default_name                                                                    
 begin time read from input coords =  1240.000 ps

 
 Number of triangulated 3-point waters found:     4302

     Sum of charges from parm topology file =   0.00000094
     Forcing neutrality...

| Dynamic Memory, Types Used:
| Reals              578224
| Integers           551884

| Nonbonded Pairs Initial Allocation:     4512322

| GPU memory information (estimate):
| KB of GPU memory in use:    141362
| KB of CPU memory in use:     29330

--------------------------------------------------------------------------------
   4.  RESULTS
--------------------------------------------------------------------------------

 ---------------------------------------------------
 APPROXIMATING switch and d/dx switch using CUBIC SPLINE INTERPOLATION
 using   5000.0 points per unit in tabled values
 TESTING RELATIVE ERROR over r ranging from 0.0 to cutoff
| CHECK switch(x): max rel err =   0.2738E-14   at   2.422500
| CHECK d/dx switch(x): max rel err =   0.8314E-11   at   2.736960
 ---------------------------------------------------
|---------------------------------------------------
| APPROXIMATING direct energy using CUBIC SPLINE INTERPOLATION
|  with   50.0 points per unit in tabled values
| Relative Error Limit not exceeded for r .gt.   2.33
| APPROXIMATING direct force using CUBIC SPLINE INTERPOLATION
|  with   50.0 points per unit in tabled values
| Relative Error Limit not exceeded for r .gt.   2.80
|---------------------------------------------------
wrapping first mol.:       20.29907       28.70721       49.72235
wrapping first mol.:       20.29907       28.70721       49.72235

 NSTEP =      500   TIME(PS) =    1241.000  TEMP(K) =   300.94  PRESS =     0.0
 Etot   =    -34270.2296  EKtot   =      9207.0410  EPtot      =    -43477.2706
 BOND   =       364.6655  ANGLE   =      1049.0575  DIHED      =      1393.2633
 1-4 NB =       442.5894  1-4 EEL =      6252.8591  VDWAALS    =      4816.7758
 EELEC  =    -57888.6316  EHBOND  =         0.0000  RESTRAINT  =        92.1503
 EAMBER (non-restraint)  =    -43569.4209
 ------------------------------------------------------------------------------

wrapping first mol.:       20.29907       28.70721       49.72235
wrapping first mol.:       20.29907       28.70721       49.72235

 NSTEP =     1000   TIME(PS) =    1242.000  TEMP(K) =   299.28  PRESS =     0.0
 Etot   =    -34348.1317  EKtot   =      9156.1514  EPtot      =    -43504.2831
 BOND   =       356.1164  ANGLE   =      1053.5757  DIHED      =      1378.2515
 1-4 NB =       446.3719  1-4 EEL =      6252.2490  VDWAALS    =      4693.1197
 EELEC  =    -57777.2369  EHBOND  =         0.0000  RESTRAINT  =        93.2696
 EAMBER (non-restraint)  =    -43597.5526
 ------------------------------------------------------------------------------

wrapping first mol.:       20.29907       28.70721       49.72235
wrapping first mol.:       20.29907       28.70721       49.72235

 NSTEP =     1500   TIME(PS) =    1243.000  TEMP(K) =   299.76  PRESS =     0.0
 Etot   =    -34288.7527  EKtot   =      9170.8789  EPtot      =    -43459.6316
 BOND   =       345.4608  ANGLE   =      1061.5978  DIHED      =      1354.3380
 1-4 NB =       456.6048  1-4 EEL =      6212.1348  VDWAALS    =      4829.7255
 EELEC  =    -57811.2238  EHBOND  =         0.0000  RESTRAINT  =        91.7305
 EAMBER (non-restraint)  =    -43551.3621
 ------------------------------------------------------------------------------

wrapping first mol.:       20.29907       28.70721       49.72235
wrapping first mol.:       20.29907       28.70721       49.72235

 NSTEP =     2000   TIME(PS) =    1244.000  TEMP(K) =   301.84  PRESS =     0.0
 Etot   =    -34232.4120  EKtot   =      9234.3564  EPtot      =    -43466.7685
 BOND   =       349.7117  ANGLE   =      1072.4567  DIHED      =      1385.7954
 1-4 NB =       442.1050  1-4 EEL =      6210.8871  VDWAALS    =      4630.8758
 EELEC  =    -57657.0383  EHBOND  =         0.0000  RESTRAINT  =        98.4383
 EAMBER (non-restraint)  =    -43565.2067
 ------------------------------------------------------------------------------

wrapping first mol.:       20.29907       28.70721       49.72235
wrapping first mol.:       20.29907       28.70721       49.72235

 NSTEP =     2500   TIME(PS) =    1245.000  TEMP(K) =   299.06  PRESS =     0.0
 Etot   =    -34462.5493  EKtot   =      9149.4785  EPtot      =    -43612.0278
 BOND   =       356.7870  ANGLE   =      1095.5435  DIHED      =      1364.9026
 1-4 NB =       454.7067  1-4 EEL =      6273.0559  VDWAALS    =      4834.4544
 EELEC  =    -58082.0231  EHBOND  =         0.0000  RESTRAINT  =        90.5451
 EAMBER (non-restraint)  =    -43702.5730
 ------------------------------------------------------------------------------

wrapping first mol.:       20.29907       28.70721       49.72235
wrapping first mol.:       20.29907       28.70721       49.72235

 NSTEP =     3000   TIME(PS) =    1246.000  TEMP(K) =   305.93  PRESS =     0.0
 Etot   =    -34181.9803  EKtot   =      9359.4561  EPtot      =    -43541.4363
 BOND   =       338.3029  ANGLE   =      1066.8897  DIHED      =      1378.8963
 1-4 NB =       457.7513  1-4 EEL =      6264.8030  VDWAALS    =      4692.9556
 EELEC  =    -57829.3420  EHBOND  =         0.0000  RESTRAINT  =        88.3068
 EAMBER (non-restraint)  =    -43629.7431
 ------------------------------------------------------------------------------

wrapping first mol.:       20.29907       28.70721       49.72235
wrapping first mol.:       20.29907       28.70721       49.72235

 NSTEP =     3500   TIME(PS) =    1247.000  TEMP(K) =   297.63  PRESS =     0.0
 Etot   =    -34596.9065  EKtot   =      9105.6836  EPtot      =    -43702.5900
 BOND   =       316.6501  ANGLE   =      1048.5344  DIHED      =      1375.0509
 1-4 NB =       443.5814  1-4 EEL =      6219.9450  VDWAALS    =      4840.2131
 EELEC  =    -58037.0873  EHBOND  =         0.0000  RESTRAINT  =        90.5224
 EAMBER (non-restraint)  =    -43793.1125
 ------------------------------------------------------------------------------

wrapping first mol.:       20.29907       28.70721       49.72235
wrapping first mol.:       20.29907       28.70721       49.72235

 NSTEP =     4000   TIME(PS) =    1248.000  TEMP(K) =   301.75  PRESS =     0.0
 Etot   =    -34432.9823  EKtot   =      9231.7646  EPtot      =    -43664.7469
 BOND   =       334.0891  ANGLE   =      1056.9795  DIHED      =      1365.1909
 1-4 NB =       452.7808  1-4 EEL =      6276.9491  VDWAALS    =      4993.4624
 EELEC  =    -58236.6946  EHBOND  =         0.0000  RESTRAINT  =        92.4958
 EAMBER (non-restraint)  =    -43757.2428
 ------------------------------------------------------------------------------

wrapping first mol.:       20.29907       28.70721       49.72235
wrapping first mol.:       20.29907       28.70721       49.72235

 NSTEP =     4500   TIME(PS) =    1249.000  TEMP(K) =   300.96  PRESS =     0.0
 Etot   =    -34454.6466  EKtot   =      9207.6533  EPtot      =    -43662.3000
 BOND   =       370.9237  ANGLE   =      1038.5785  DIHED      =      1366.3659
 1-4 NB =       446.6211  1-4 EEL =      6230.4581  VDWAALS    =      4719.7617
 EELEC  =    -57927.7245  EHBOND  =         0.0000  RESTRAINT  =        92.7155
 EAMBER (non-restraint)  =    -43755.0155
 ------------------------------------------------------------------------------

wrapping first mol.:       20.29907       28.70721       49.72235
wrapping first mol.:       20.29907       28.70721       49.72235

 NSTEP =     5000   TIME(PS) =    1250.000  TEMP(K) =   299.63  PRESS =     0.0
 Etot   =    -34617.1189  EKtot   =      9166.9619  EPtot      =    -43784.0808
 BOND   =       340.6287  ANGLE   =      1047.1932  DIHED      =      1371.0122
 1-4 NB =       446.9464  1-4 EEL =      6264.3798  VDWAALS    =      4891.3034
 EELEC  =    -58236.9191  EHBOND  =         0.0000  RESTRAINT  =        91.3746
 EAMBER (non-restraint)  =    -43875.4554
 ------------------------------------------------------------------------------

wrapping first mol.:       20.29907       28.70721       49.72235
wrapping first mol.:       20.29907       28.70721       49.72235

 NSTEP =     5500   TIME(PS) =    1251.000  TEMP(K) =   297.68  PRESS =     0.0
 Etot   =    -34595.5814  EKtot   =      9107.2588  EPtot      =    -43702.8402
 BOND   =       376.8534  ANGLE   =      1052.5471  DIHED      =      1365.3290
 1-4 NB =       448.4749  1-4 EEL =      6226.4962  VDWAALS    =      4971.0473
 EELEC  =    -58235.9170  EHBOND  =         0.0000  RESTRAINT  =        92.3289
 EAMBER (non-restraint)  =    -43795.1691
 ------------------------------------------------------------------------------

wrapping first mol.:       20.29907       28.70721       49.72235
wrapping first mol.:       20.29907       28.70721       49.72235

 NSTEP =     6000   TIME(PS) =    1252.000  TEMP(K) =   296.54  PRESS =     0.0
 Etot   =    -34562.3730  EKtot   =      9072.2998  EPtot      =    -43634.6728
 BOND   =       354.6243  ANGLE   =      1113.6112  DIHED      =      1374.1451
 1-4 NB =       445.2274  1-4 EEL =      6240.0003  VDWAALS    =      4743.2371
 EELEC  =    -57999.0162  EHBOND  =         0.0000  RESTRAINT  =        93.4980
 EAMBER (non-restraint)  =    -43728.1707
 ------------------------------------------------------------------------------

wrapping first mol.:       20.29907       28.70721       49.72235
wrapping first mol.:       20.29907       28.70721       49.72235

 NSTEP =     6500   TIME(PS) =    1253.000  TEMP(K) =   300.30  PRESS =     0.0
 Etot   =    -34485.5203  EKtot   =      9187.3945  EPtot      =    -43672.9148
 BOND   =       354.7235  ANGLE   =      1036.5502  DIHED      =      1365.0366
 1-4 NB =       448.4834  1-4 EEL =      6263.8858  VDWAALS    =      4878.1649
 EELEC  =    -58097.4986  EHBOND  =         0.0000  RESTRAINT  =        77.7395
 EAMBER (non-restraint)  =    -43750.6543
 ------------------------------------------------------------------------------

wrapping first mol.:       20.29907       28.70721       49.72235
wrapping first mol.:       20.29907       28.70721       49.72235

 NSTEP =     7000   TIME(PS) =    1254.000  TEMP(K) =   297.21  PRESS =     0.0
 Etot   =    -34516.4382  EKtot   =      9092.7090  EPtot      =    -43609.1472
 BOND   =       339.2384  ANGLE   =      1062.6927  DIHED      =      1377.6457
 1-4 NB =       445.8436  1-4 EEL =      6267.3249  VDWAALS    =      4812.4185
 EELEC  =    -58002.0801  EHBOND  =         0.0000  RESTRAINT  =        87.7689
 EAMBER (non-restraint)  =    -43696.9161
 ------------------------------------------------------------------------------

wrapping first mol.:       20.29907       28.70721       49.72235
wrapping first mol.:       20.29907       28.70721       49.72235

 NSTEP =     7500   TIME(PS) =    1255.000  TEMP(K) =   298.66  PRESS =     0.0
 Etot   =    -34417.8710  EKtot   =      9137.2744  EPtot      =    -43555.1455
 BOND   =       348.9642  ANGLE   =      1044.9063  DIHED      =      1373.4986
 1-4 NB =       453.1421  1-4 EEL =      6266.0270  VDWAALS    =      4632.7849
 EELEC  =    -57765.1069  EHBOND  =         0.0000  RESTRAINT  =        90.6383
 EAMBER (non-restraint)  =    -43645.7838
 ------------------------------------------------------------------------------

wrapping first mol.:       20.29907       28.70721       49.72235
wrapping first mol.:       20.29907       28.70721       49.72235

 NSTEP =     8000   TIME(PS) =    1256.000  TEMP(K) =   302.10  PRESS =     0.0
 Etot   =    -34413.2071  EKtot   =      9242.4502  EPtot      =    -43655.6573
 BOND   =       359.3002  ANGLE   =      1059.4873  DIHED      =      1379.9441
 1-4 NB =       440.6338  1-4 EEL =      6251.7610  VDWAALS    =      4590.1185
 EELEC  =    -57829.9780  EHBOND  =         0.0000  RESTRAINT  =        93.0758
 EAMBER (non-restraint)  =    -43748.7331
 ------------------------------------------------------------------------------

wrapping first mol.:       20.29907       28.70721       49.72235
wrapping first mol.:       20.29907       28.70721       49.72235

 NSTEP =     8500   TIME(PS) =    1257.000  TEMP(K) =   299.36  PRESS =     0.0
 Etot   =    -34248.3100  EKtot   =      9158.5400  EPtot      =    -43406.8501
 BOND   =       384.2278  ANGLE   =      1092.3232  DIHED      =      1352.7418
 1-4 NB =       447.8800  1-4 EEL =      6257.0833  VDWAALS    =      4615.6525
 EELEC  =    -57645.6643  EHBOND  =         0.0000  RESTRAINT  =        88.9055
 EAMBER (non-restraint)  =    -43495.7555
 ------------------------------------------------------------------------------

wrapping first mol.:       20.29907       28.70721       49.72235
wrapping first mol.:       20.29907       28.70721       49.72235

 NSTEP =     9000   TIME(PS) =    1258.000  TEMP(K) =   300.02  PRESS =     0.0
 Etot   =    -34460.1790  EKtot   =      9178.7080  EPtot      =    -43638.8870
 BOND   =       363.0445  ANGLE   =      1082.7820  DIHED      =      1367.6819
 1-4 NB =       449.1954  1-4 EEL =      6236.7914  VDWAALS    =      4614.0264
 EELEC  =    -57838.9644  EHBOND  =         0.0000  RESTRAINT  =        86.5559
 EAMBER (non-restraint)  =    -43725.4429
 ------------------------------------------------------------------------------

wrapping first mol.:       20.29907       28.70721       49.72235
wrapping first mol.:       20.29907       28.70721       49.72235

 NSTEP =     9500   TIME(PS) =    1259.000  TEMP(K) =   298.56  PRESS =     0.0
 Etot   =    -34586.4060  EKtot   =      9134.1982  EPtot      =    -43720.6042
 BOND   =       354.5961  ANGLE   =      1045.2752  DIHED      =      1372.2269
 1-4 NB =       436.1275  1-4 EEL =      6246.5024  VDWAALS    =      4609.7387
 EELEC  =    -57877.9377  EHBOND  =         0.0000  RESTRAINT  =        92.8666
 EAMBER (non-restraint)  =    -43813.4708
 ------------------------------------------------------------------------------

wrapping first mol.:       20.29907       28.70721       49.72235
wrapping first mol.:       20.29907       28.70721       49.72235

 NSTEP =    10000   TIME(PS) =    1260.000  TEMP(K) =   302.08  PRESS =     0.0
 Etot   =    -34549.9979  EKtot   =      9241.8770  EPtot      =    -43791.8749
 BOND   =       342.9140  ANGLE   =      1058.9617  DIHED      =      1372.0933
 1-4 NB =       443.9434  1-4 EEL =      6273.3201  VDWAALS    =      4861.2768
 EELEC  =    -58226.6793  EHBOND  =         0.0000  RESTRAINT  =        82.2951
 EAMBER (non-restraint)  =    -43874.1700
 ------------------------------------------------------------------------------

wrapping first mol.:       20.29907       28.70721       49.72235
wrapping first mol.:       20.29907       28.70721       49.72235

 NSTEP =    10500   TIME(PS) =    1261.000  TEMP(K) =   301.38  PRESS =     0.0
 Etot   =    -34607.0218  EKtot   =      9220.5010  EPtot      =    -43827.5228
 BOND   =       336.2925  ANGLE   =      1043.2222  DIHED      =      1361.4803
 1-4 NB =       449.1794  1-4 EEL =      6279.9149  VDWAALS    =      4666.5144
 EELEC  =    -58053.1634  EHBOND  =         0.0000  RESTRAINT  =        89.0371
 EAMBER (non-restraint)  =    -43916.5599
 ------------------------------------------------------------------------------

wrapping first mol.:       20.29907       28.70721       49.72235
wrapping first mol.:       20.29907       28.70721       49.72235

 NSTEP =    11000   TIME(PS) =    1262.000  TEMP(K) =   300.99  PRESS =     0.0
 Etot   =    -34552.7391  EKtot   =      9208.3682  EPtot      =    -43761.1073
 BOND   =       324.8622  ANGLE   =      1037.7981  DIHED      =      1357.2912
 1-4 NB =       445.9051  1-4 EEL =      6222.9828  VDWAALS    =      4778.3639
 EELEC  =    -58031.3004  EHBOND  =         0.0000  RESTRAINT  =       102.9897
 EAMBER (non-restraint)  =    -43864.0970
 ------------------------------------------------------------------------------

wrapping first mol.:       20.29907       28.70721       49.72235
wrapping first mol.:       20.29907       28.70721       49.72235

 NSTEP =    11500   TIME(PS) =    1263.000  TEMP(K) =   298.80  PRESS =     0.0
 Etot   =    -34527.6153  EKtot   =      9141.3086  EPtot      =    -43668.9239
 BOND   =       375.9037  ANGLE   =      1080.5834  DIHED      =      1377.3454
 1-4 NB =       447.8321  1-4 EEL =      6227.8468  VDWAALS    =      4781.6359
 EELEC  =    -58050.3144  EHBOND  =         0.0000  RESTRAINT  =        90.2431
 EAMBER (non-restraint)  =    -43759.1671
 ------------------------------------------------------------------------------

wrapping first mol.:       20.29907       28.70721       49.72235
wrapping first mol.:       20.29907       28.70721       49.72235

 NSTEP =    12000   TIME(PS) =    1264.000  TEMP(K) =   297.46  PRESS =     0.0
 Etot   =    -34495.1475  EKtot   =      9100.4932  EPtot      =    -43595.6407
 BOND   =       375.2977  ANGLE   =      1086.8150  DIHED      =      1345.8607
 1-4 NB =       444.6432  1-4 EEL =      6241.4986  VDWAALS    =      4694.2651
 EELEC  =    -57865.8785  EHBOND  =         0.0000  RESTRAINT  =        81.8574
 EAMBER (non-restraint)  =    -43677.4981
 ------------------------------------------------------------------------------

wrapping first mol.:       20.29907       28.70721       49.72235
wrapping first mol.:       20.29907       28.70721       49.72235

 NSTEP =    12500   TIME(PS) =    1265.000  TEMP(K) =   303.01  PRESS =     0.0
 Etot   =    -34252.0927  EKtot   =      9270.1963  EPtot      =    -43522.2890
 BOND   =       367.4394  ANGLE   =      1052.6758  DIHED      =      1358.0814
 1-4 NB =       457.6936  1-4 EEL =      6244.4013  VDWAALS    =      4768.4665
 EELEC  =    -57860.5511  EHBOND  =         0.0000  RESTRAINT  =        89.5043
 EAMBER (non-restraint)  =    -43611.7932
 ------------------------------------------------------------------------------

wrapping first mol.:       20.29907       28.70721       49.72235
wrapping first mol.:       20.29907       28.70721       49.72235

 NSTEP =    13000   TIME(PS) =    1266.000  TEMP(K) =   300.26  PRESS =     0.0
 Etot   =    -34493.9324  EKtot   =      9186.0684  EPtot      =    -43680.0008
 BOND   =       341.5652  ANGLE   =      1016.4741  DIHED      =      1375.3644
 1-4 NB =       444.5215  1-4 EEL =      6264.0699  VDWAALS    =      4851.0917
 EELEC  =    -58069.4341  EHBOND  =         0.0000  RESTRAINT  =        96.3466
 EAMBER (non-restraint)  =    -43776.3474
 ------------------------------------------------------------------------------

wrapping first mol.:       20.29907       28.70721       49.72235
wrapping first mol.:       20.29907       28.70721       49.72235

 NSTEP =    13500   TIME(PS) =    1267.000  TEMP(K) =   300.95  PRESS =     0.0
 Etot   =    -34576.8648  EKtot   =      9207.1387  EPtot      =    -43784.0035
 BOND   =       348.7839  ANGLE   =      1063.7487  DIHED      =      1358.5102
 1-4 NB =       433.9111  1-4 EEL =      6249.3198  VDWAALS    =      4691.7605
 EELEC  =    -58017.8410  EHBOND  =         0.0000  RESTRAINT  =        87.8034
 EAMBER (non-restraint)  =    -43871.8069
 ------------------------------------------------------------------------------

wrapping first mol.:       20.29907       28.70721       49.72235
wrapping first mol.:       20.29907       28.70721       49.72235

 NSTEP =    14000   TIME(PS) =    1268.000  TEMP(K) =   299.68  PRESS =     0.0
 Etot   =    -34679.5390  EKtot   =      9168.2881  EPtot      =    -43847.8271
 BOND   =       348.1207  ANGLE   =      1046.4066  DIHED      =      1372.8851
 1-4 NB =       455.3180  1-4 EEL =      6263.8843  VDWAALS    =      4881.1361
 EELEC  =    -58300.1053  EHBOND  =         0.0000  RESTRAINT  =        84.5275
 EAMBER (non-restraint)  =    -43932.3546
 ------------------------------------------------------------------------------

wrapping first mol.:       20.29907       28.70721       49.72235
wrapping first mol.:       20.29907       28.70721       49.72235

 NSTEP =    14500   TIME(PS) =    1269.000  TEMP(K) =   300.59  PRESS =     0.0
 Etot   =    -34317.0200  EKtot   =      9196.2236  EPtot      =    -43513.2436
 BOND   =       371.1265  ANGLE   =      1080.4563  DIHED      =      1372.2533
 1-4 NB =       436.2040  1-4 EEL =      6216.4983  VDWAALS    =      4727.6811
 EELEC  =    -57806.1877  EHBOND  =         0.0000  RESTRAINT  =        88.7246
 EAMBER (non-restraint)  =    -43601.9682
 ------------------------------------------------------------------------------

wrapping first mol.:       20.29907       28.70721       49.72235
wrapping first mol.:       20.29907       28.70721       49.72235

 NSTEP =    15000   TIME(PS) =    1270.000  TEMP(K) =   299.20  PRESS =     0.0
 Etot   =    -34362.1398  EKtot   =      9153.5869  EPtot      =    -43515.7267
 BOND   =       371.9431  ANGLE   =      1070.5689  DIHED      =      1341.8860
 1-4 NB =       452.9844  1-4 EEL =      6232.0724  VDWAALS    =      4760.5113
 EELEC  =    -57829.1939  EHBOND  =         0.0000  RESTRAINT  =        83.5011
 EAMBER (non-restraint)  =    -43599.2278
 ------------------------------------------------------------------------------

wrapping first mol.:       20.29907       28.70721       49.72235
wrapping first mol.:       20.29907       28.70721       49.72235

 NSTEP =    15500   TIME(PS) =    1271.000  TEMP(K) =   300.00  PRESS =     0.0
 Etot   =    -34409.0132  EKtot   =      9178.0361  EPtot      =    -43587.0493
 BOND   =       346.8231  ANGLE   =      1057.8953  DIHED      =      1382.3841
 1-4 NB =       446.8442  1-4 EEL =      6274.3783  VDWAALS    =      4821.8913
 EELEC  =    -58005.1794  EHBOND  =         0.0000  RESTRAINT  =        87.9139
 EAMBER (non-restraint)  =    -43674.9632
 ------------------------------------------------------------------------------

wrapping first mol.:       20.29907       28.70721       49.72235
wrapping first mol.:       20.29907       28.70721       49.72235

 NSTEP =    16000   TIME(PS) =    1272.000  TEMP(K) =   301.54  PRESS =     0.0
 Etot   =    -34385.8676  EKtot   =      9225.2041  EPtot      =    -43611.0717
 BOND   =       338.3448  ANGLE   =      1061.8968  DIHED      =      1368.1089
 1-4 NB =       448.6721  1-4 EEL =      6221.1180  VDWAALS    =      4780.1259
 EELEC  =    -57917.5844  EHBOND  =         0.0000  RESTRAINT  =        88.2462
 EAMBER (non-restraint)  =    -43699.3179
 ------------------------------------------------------------------------------

wrapping first mol.:       20.29907       28.70721       49.72235
wrapping first mol.:       20.29907       28.70721       49.72235

 NSTEP =    16500   TIME(PS) =    1273.000  TEMP(K) =   301.20  PRESS =     0.0
 Etot   =    -34368.6283  EKtot   =      9214.8760  EPtot      =    -43583.5043
 BOND   =       363.6109  ANGLE   =      1046.2236  DIHED      =      1382.0496
 1-4 NB =       435.5367  1-4 EEL =      6221.6828  VDWAALS    =      4845.7339
 EELEC  =    -57978.8701  EHBOND  =         0.0000  RESTRAINT  =       100.5284
 EAMBER (non-restraint)  =    -43684.0327
 ------------------------------------------------------------------------------

wrapping first mol.:       20.29907       28.70721       49.72235
wrapping first mol.:       20.29907       28.70721       49.72235

 NSTEP =    17000   TIME(PS) =    1274.000  TEMP(K) =   301.40  PRESS =     0.0
 Etot   =    -34259.1233  EKtot   =      9220.9814  EPtot      =    -43480.1048
 BOND   =       351.2293  ANGLE   =      1075.1923  DIHED      =      1367.3526
 1-4 NB =       451.0230  1-4 EEL =      6237.1634  VDWAALS    =      4711.2634
 EELEC  =    -57767.3479  EHBOND  =         0.0000  RESTRAINT  =        94.0192
 EAMBER (non-restraint)  =    -43574.1240
 ------------------------------------------------------------------------------

wrapping first mol.:       20.29907       28.70721       49.72235
wrapping first mol.:       20.29907       28.70721       49.72235

 NSTEP =    17500   TIME(PS) =    1275.000  TEMP(K) =   300.79  PRESS =     0.0
 Etot   =    -34216.3394  EKtot   =      9202.3643  EPtot      =    -43418.7036
 BOND   =       344.9719  ANGLE   =      1116.6477  DIHED      =      1347.2526
 1-4 NB =       438.1032  1-4 EEL =      6217.8627  VDWAALS    =      4688.9818
 EELEC  =    -57656.8547  EHBOND  =         0.0000  RESTRAINT  =        84.3312
 EAMBER (non-restraint)  =    -43503.0348
 ------------------------------------------------------------------------------

wrapping first mol.:       20.29907       28.70721       49.72235
wrapping first mol.:       20.29907       28.70721       49.72235

 NSTEP =    18000   TIME(PS) =    1276.000  TEMP(K) =   297.02  PRESS =     0.0
 Etot   =    -34480.5313  EKtot   =      9086.9834  EPtot      =    -43567.5147
 BOND   =       371.7384  ANGLE   =      1097.4477  DIHED      =      1347.7792
 1-4 NB =       443.2424  1-4 EEL =      6221.5474  VDWAALS    =      4663.7487
 EELEC  =    -57803.2609  EHBOND  =         0.0000  RESTRAINT  =        90.2423
 EAMBER (non-restraint)  =    -43657.7570
 ------------------------------------------------------------------------------

wrapping first mol.:       20.29907       28.70721       49.72235
wrapping first mol.:       20.29907       28.70721       49.72235

 NSTEP =    18500   TIME(PS) =    1277.000  TEMP(K) =   303.40  PRESS =     0.0
 Etot   =    -34235.4020  EKtot   =      9282.2930  EPtot      =    -43517.6950
 BOND   =       328.6883  ANGLE   =      1139.9932  DIHED      =      1357.3677
 1-4 NB =       446.5559  1-4 EEL =      6218.0316  VDWAALS    =      4692.9936
 EELEC  =    -57785.4358  EHBOND  =         0.0000  RESTRAINT  =        84.1106
 EAMBER (non-restraint)  =    -43601.8056
 ------------------------------------------------------------------------------

wrapping first mol.:       20.29907       28.70721       49.72235
wrapping first mol.:       20.29907       28.70721       49.72235

 NSTEP =    19000   TIME(PS) =    1278.000  TEMP(K) =   300.73  PRESS =     0.0
 Etot   =    -34339.0398  EKtot   =      9200.4336  EPtot      =    -43539.4734
 BOND   =       341.7477  ANGLE   =      1094.6996  DIHED      =      1377.5910
 1-4 NB =       445.8594  1-4 EEL =      6248.4179  VDWAALS    =      4584.0819
 EELEC  =    -57723.1986  EHBOND  =         0.0000  RESTRAINT  =        91.3277
 EAMBER (non-restraint)  =    -43630.8011
 ------------------------------------------------------------------------------

wrapping first mol.:       20.29907       28.70721       49.72235
wrapping first mol.:       20.29907       28.70721       49.72235

 NSTEP =    19500   TIME(PS) =    1279.000  TEMP(K) =   305.54  PRESS =     0.0
 Etot   =    -34173.6287  EKtot   =      9347.7119  EPtot      =    -43521.3406
 BOND   =       337.7963  ANGLE   =      1076.4497  DIHED      =      1382.0649
 1-4 NB =       449.6559  1-4 EEL =      6267.0907  VDWAALS    =      4451.7850
 EELEC  =    -57570.9545  EHBOND  =         0.0000  RESTRAINT  =        84.7715
 EAMBER (non-restraint)  =    -43606.1120
 ------------------------------------------------------------------------------

wrapping first mol.:       20.29907       28.70721       49.72235
wrapping first mol.:       20.29907       28.70721       49.72235

 NSTEP =    20000   TIME(PS) =    1280.000  TEMP(K) =   298.03  PRESS =     0.0
 Etot   =    -34388.2348  EKtot   =      9117.9131  EPtot      =    -43506.1479
 BOND   =       345.3347  ANGLE   =      1078.8116  DIHED      =      1347.4444
 1-4 NB =       454.3559  1-4 EEL =      6264.2111  VDWAALS    =      4715.1788
 EELEC  =    -57794.5736  EHBOND  =         0.0000  RESTRAINT  =        83.0891
 EAMBER (non-restraint)  =    -43589.2371
 ------------------------------------------------------------------------------

wrapping first mol.:       20.29907       28.70721       49.72235
wrapping first mol.:       20.29907       28.70721       49.72235

 NSTEP =    20500   TIME(PS) =    1281.000  TEMP(K) =   299.14  PRESS =     0.0
 Etot   =    -34483.6012  EKtot   =      9151.7891  EPtot      =    -43635.3902
 BOND   =       335.3427  ANGLE   =      1052.0408  DIHED      =      1344.6043
 1-4 NB =       454.4706  1-4 EEL =      6254.0075  VDWAALS    =      4732.2620
 EELEC  =    -57896.2467  EHBOND  =         0.0000  RESTRAINT  =        88.1287
 EAMBER (non-restraint)  =    -43723.5189
 ------------------------------------------------------------------------------

wrapping first mol.:       20.29907       28.70721       49.72235
wrapping first mol.:       20.29907       28.70721       49.72235

 NSTEP =    21000   TIME(PS) =    1282.000  TEMP(K) =   301.16  PRESS =     0.0
 Etot   =    -34461.3979  EKtot   =      9213.5605  EPtot      =    -43674.9585
 BOND   =       339.7051  ANGLE   =      1074.8556  DIHED      =      1332.9219
 1-4 NB =       451.4920  1-4 EEL =      6245.9945  VDWAALS    =      4853.1844
 EELEC  =    -58057.6323  EHBOND  =         0.0000  RESTRAINT  =        84.5204
 EAMBER (non-restraint)  =    -43759.4789
 ------------------------------------------------------------------------------

wrapping first mol.:       20.29907       28.70721       49.72235
wrapping first mol.:       20.29907       28.70721       49.72235

 NSTEP =    21500   TIME(PS) =    1283.000  TEMP(K) =   296.99  PRESS =     0.0
 Etot   =    -34434.5265  EKtot   =      9086.1445  EPtot      =    -43520.6710
 BOND   =       366.2701  ANGLE   =      1069.6071  DIHED      =      1350.0024
 1-4 NB =       441.6043  1-4 EEL =      6239.9112  VDWAALS    =      4660.7187
 EELEC  =    -57738.1164  EHBOND  =         0.0000  RESTRAINT  =        89.3316
 EAMBER (non-restraint)  =    -43610.0026
 ------------------------------------------------------------------------------

wrapping first mol.:       20.29907       28.70721       49.72235
wrapping first mol.:       20.29907       28.70721       49.72235

 NSTEP =    22000   TIME(PS) =    1284.000  TEMP(K) =   299.71  PRESS =     0.0
 Etot   =    -34404.5607  EKtot   =      9169.4014  EPtot      =    -43573.9621
 BOND   =       367.8707  ANGLE   =      1086.6773  DIHED      =      1362.5711
 1-4 NB =       446.5681  1-4 EEL =      6231.0362  VDWAALS    =      4976.7638
 EELEC  =    -58141.5052  EHBOND  =         0.0000  RESTRAINT  =        96.0560
 EAMBER (non-restraint)  =    -43670.0181
 ------------------------------------------------------------------------------

wrapping first mol.:       20.29907       28.70721       49.72235
wrapping first mol.:       20.29907       28.70721       49.72235

 NSTEP =    22500   TIME(PS) =    1285.000  TEMP(K) =   298.27  PRESS =     0.0
 Etot   =    -34304.2421  EKtot   =      9125.1152  EPtot      =    -43429.3573
 BOND   =       381.7936  ANGLE   =      1066.0049  DIHED      =      1369.5712
 1-4 NB =       440.7803  1-4 EEL =      6219.3467  VDWAALS    =      4895.0618
 EELEC  =    -57895.6393  EHBOND  =         0.0000  RESTRAINT  =        93.7235
 EAMBER (non-restraint)  =    -43523.0808
 ------------------------------------------------------------------------------

wrapping first mol.:       20.29907       28.70721       49.72235
wrapping first mol.:       20.29907       28.70721       49.72235

 NSTEP =    23000   TIME(PS) =    1286.000  TEMP(K) =   295.45  PRESS =     0.0
 Etot   =    -34624.5969  EKtot   =      9038.8203  EPtot      =    -43663.4172
 BOND   =       357.8082  ANGLE   =      1049.8826  DIHED      =      1347.1294
 1-4 NB =       444.8142  1-4 EEL =      6231.1785  VDWAALS    =      4831.6039
 EELEC  =    -58027.9894  EHBOND  =         0.0000  RESTRAINT  =       102.1553
 EAMBER (non-restraint)  =    -43765.5726
 ------------------------------------------------------------------------------

wrapping first mol.:       20.29907       28.70721       49.72235
wrapping first mol.:       20.29907       28.70721       49.72235

 NSTEP =    23500   TIME(PS) =    1287.000  TEMP(K) =   297.19  PRESS =     0.0
 Etot   =    -34591.7474  EKtot   =      9092.3262  EPtot      =    -43684.0735
 BOND   =       349.9252  ANGLE   =      1082.0150  DIHED      =      1368.9598
 1-4 NB =       427.2100  1-4 EEL =      6217.7705  VDWAALS    =      4626.1429
 EELEC  =    -57843.5185  EHBOND  =         0.0000  RESTRAINT  =        87.4217
 EAMBER (non-restraint)  =    -43771.4952
 ------------------------------------------------------------------------------

wrapping first mol.:       20.29907       28.70721       49.72235
wrapping first mol.:       20.29907       28.70721       49.72235

 NSTEP =    24000   TIME(PS) =    1288.000  TEMP(K) =   301.12  PRESS =     0.0
 Etot   =    -34436.5479  EKtot   =      9212.4658  EPtot      =    -43649.0138
 BOND   =       370.9493  ANGLE   =      1083.3052  DIHED      =      1347.7165
 1-4 NB =       444.3040  1-4 EEL =      6236.7460  VDWAALS    =      4835.7070
 EELEC  =    -58054.1265  EHBOND  =         0.0000  RESTRAINT  =        86.3847
 EAMBER (non-restraint)  =    -43735.3985
 ------------------------------------------------------------------------------

wrapping first mol.:       20.29907       28.70721       49.72235
wrapping first mol.:       20.29907       28.70721       49.72235

 NSTEP =    24500   TIME(PS) =    1289.000  TEMP(K) =   298.89  PRESS =     0.0
 Etot   =    -34469.8067  EKtot   =      9144.1777  EPtot      =    -43613.9845
 BOND   =       367.4163  ANGLE   =      1081.9514  DIHED      =      1350.9500
 1-4 NB =       458.1336  1-4 EEL =      6223.0765  VDWAALS    =      4794.2026
 EELEC  =    -57984.7707  EHBOND  =         0.0000  RESTRAINT  =        95.0558
 EAMBER (non-restraint)  =    -43709.0403
 ------------------------------------------------------------------------------

wrapping first mol.:       20.29907       28.70721       49.72235
wrapping first mol.:       20.29907       28.70721       49.72235

 NSTEP =    25000   TIME(PS) =    1290.000  TEMP(K) =   303.88  PRESS =     0.0
 Etot   =    -34383.2529  EKtot   =      9296.8086  EPtot      =    -43680.0615
 BOND   =       341.1509  ANGLE   =      1063.4329  DIHED      =      1371.3043
 1-4 NB =       456.5386  1-4 EEL =      6252.4113  VDWAALS    =      4791.2380
 EELEC  =    -58038.1725  EHBOND  =         0.0000  RESTRAINT  =        82.0351
 EAMBER (non-restraint)  =    -43762.0966
 ------------------------------------------------------------------------------

wrapping first mol.:       20.29907       28.70721       49.72235
wrapping first mol.:       20.29907       28.70721       49.72235

 NSTEP =    25500   TIME(PS) =    1291.000  TEMP(K) =   300.86  PRESS =     0.0
 Etot   =    -34474.8650  EKtot   =      9204.4756  EPtot      =    -43679.3406
 BOND   =       354.1863  ANGLE   =      1013.5036  DIHED      =      1358.1906
 1-4 NB =       446.5214  1-4 EEL =      6233.7989  VDWAALS    =      4682.8911
 EELEC  =    -57861.2476  EHBOND  =         0.0000  RESTRAINT  =        92.8151
 EAMBER (non-restraint)  =    -43772.1556
 ------------------------------------------------------------------------------

wrapping first mol.:       20.29907       28.70721       49.72235
wrapping first mol.:       20.29907       28.70721       49.72235

 NSTEP =    26000   TIME(PS) =    1292.000  TEMP(K) =   301.10  PRESS =     0.0
 Etot   =    -34470.5364  EKtot   =      9211.7217  EPtot      =    -43682.2581
 BOND   =       356.6153  ANGLE   =      1091.3523  DIHED      =      1355.1539
 1-4 NB =       449.5194  1-4 EEL =      6228.0838  VDWAALS    =      4960.8457
 EELEC  =    -58208.7856  EHBOND  =         0.0000  RESTRAINT  =        84.9571
 EAMBER (non-restraint)  =    -43767.2152
 ------------------------------------------------------------------------------

wrapping first mol.:       20.29907       28.70721       49.72235
wrapping first mol.:       20.29907       28.70721       49.72235

 NSTEP =    26500   TIME(PS) =    1293.000  TEMP(K) =   304.15  PRESS =     0.0
 Etot   =    -34402.6294  EKtot   =      9305.0088  EPtot      =    -43707.6382
 BOND   =       353.3287  ANGLE   =      1040.6693  DIHED      =      1365.8405
 1-4 NB =       450.8456  1-4 EEL =      6246.0097  VDWAALS    =      4782.9885
 EELEC  =    -58026.2166  EHBOND  =         0.0000  RESTRAINT  =        78.8961
 EAMBER (non-restraint)  =    -43786.5343
 ------------------------------------------------------------------------------

wrapping first mol.:       20.29907       28.70721       49.72235
wrapping first mol.:       20.29907       28.70721       49.72235

 NSTEP =    27000   TIME(PS) =    1294.000  TEMP(K) =   299.88  PRESS =     0.0
 Etot   =    -34571.7421  EKtot   =      9174.4639  EPtot      =    -43746.2059
 BOND   =       352.7287  ANGLE   =      1062.4917  DIHED      =      1338.2564
 1-4 NB =       464.3035  1-4 EEL =      6238.1505  VDWAALS    =      4850.8829
 EELEC  =    -58137.4801  EHBOND  =         0.0000  RESTRAINT  =        84.4605
 EAMBER (non-restraint)  =    -43830.6665
 ------------------------------------------------------------------------------

wrapping first mol.:       20.29907       28.70721       49.72235
wrapping first mol.:       20.29907       28.70721       49.72235

 NSTEP =    27500   TIME(PS) =    1295.000  TEMP(K) =   299.36  PRESS =     0.0
 Etot   =    -34579.4560  EKtot   =      9158.6934  EPtot      =    -43738.1494
 BOND   =       337.0047  ANGLE   =      1079.1377  DIHED      =      1345.5540
 1-4 NB =       447.2391  1-4 EEL =      6239.2140  VDWAALS    =      4655.5293
 EELEC  =    -57932.2447  EHBOND  =         0.0000  RESTRAINT  =        90.4165
 EAMBER (non-restraint)  =    -43828.5659
 ------------------------------------------------------------------------------

wrapping first mol.:       20.29907       28.70721       49.72235
wrapping first mol.:       20.29907       28.70721       49.72235

 NSTEP =    28000   TIME(PS) =    1296.000  TEMP(K) =   297.01  PRESS =     0.0
 Etot   =    -34464.8301  EKtot   =      9086.8018  EPtot      =    -43551.6319
 BOND   =       346.5358  ANGLE   =      1085.6337  DIHED      =      1367.1198
 1-4 NB =       442.8757  1-4 EEL =      6254.8007  VDWAALS    =      4646.2699
 EELEC  =    -57785.2820  EHBOND  =         0.0000  RESTRAINT  =        90.4146
 EAMBER (non-restraint)  =    -43642.0465
 ------------------------------------------------------------------------------

wrapping first mol.:       20.29907       28.70721       49.72235
wrapping first mol.:       20.29907       28.70721       49.72235

 NSTEP =    28500   TIME(PS) =    1297.000  TEMP(K) =   297.42  PRESS =     0.0
 Etot   =    -34280.8227  EKtot   =      9099.1035  EPtot      =    -43379.9263
 BOND   =       355.9683  ANGLE   =      1090.3649  DIHED      =      1351.7603
 1-4 NB =       437.0195  1-4 EEL =      6241.7024  VDWAALS    =      4773.6906
 EELEC  =    -57722.1071  EHBOND  =         0.0000  RESTRAINT  =        91.6748
 EAMBER (non-restraint)  =    -43471.6011
 ------------------------------------------------------------------------------

wrapping first mol.:       20.29907       28.70721       49.72235
wrapping first mol.:       20.29907       28.70721       49.72235

 NSTEP =    29000   TIME(PS) =    1298.000  TEMP(K) =   298.02  PRESS =     0.0
 Etot   =    -34337.5341  EKtot   =      9117.5430  EPtot      =    -43455.0771
 BOND   =       358.4337  ANGLE   =      1078.8619  DIHED      =      1370.4358
 1-4 NB =       448.4866  1-4 EEL =      6223.4570  VDWAALS    =      4754.7028
 EELEC  =    -57779.4759  EHBOND  =         0.0000  RESTRAINT  =        90.0209
 EAMBER (non-restraint)  =    -43545.0980
 ------------------------------------------------------------------------------

wrapping first mol.:       20.29907       28.70721       49.72235
wrapping first mol.:       20.29907       28.70721       49.72235

 NSTEP =    29500   TIME(PS) =    1299.000  TEMP(K) =   306.87  PRESS =     0.0
 Etot   =    -34330.8256  EKtot   =      9388.2529  EPtot      =    -43719.0785
 BOND   =       357.7672  ANGLE   =      1094.2564  DIHED      =      1349.9134
 1-4 NB =       446.8147  1-4 EEL =      6259.4134  VDWAALS    =      4922.2082
 EELEC  =    -58238.2526  EHBOND  =         0.0000  RESTRAINT  =        88.8009
 EAMBER (non-restraint)  =    -43807.8794
 ------------------------------------------------------------------------------

wrapping first mol.:       20.29907       28.70721       49.72235
wrapping first mol.:       20.29907       28.70721       49.72235

 NSTEP =    30000   TIME(PS) =    1300.000  TEMP(K) =   299.81  PRESS =     0.0
 Etot   =    -34258.9835  EKtot   =      9172.3037  EPtot      =    -43431.2872
 BOND   =       355.3426  ANGLE   =      1062.7205  DIHED      =      1402.2150
 1-4 NB =       447.9499  1-4 EEL =      6225.4360  VDWAALS    =      4760.1554
 EELEC  =    -57770.9743  EHBOND  =         0.0000  RESTRAINT  =        85.8678
 EAMBER (non-restraint)  =    -43517.1550
 ------------------------------------------------------------------------------

wrapping first mol.:       20.29907       28.70721       49.72235
wrapping first mol.:       20.29907       28.70721       49.72235

 NSTEP =    30500   TIME(PS) =    1301.000  TEMP(K) =   302.81  PRESS =     0.0
 Etot   =    -34392.2217  EKtot   =      9264.0840  EPtot      =    -43656.3057
 BOND   =       334.7835  ANGLE   =      1088.5969  DIHED      =      1362.9118
 1-4 NB =       466.0345  1-4 EEL =      6217.8917  VDWAALS    =      4839.5524
 EELEC  =    -58053.3529  EHBOND  =         0.0000  RESTRAINT  =        87.2764
 EAMBER (non-restraint)  =    -43743.5821
 ------------------------------------------------------------------------------

wrapping first mol.:       20.29907       28.70721       49.72235
wrapping first mol.:       20.29907       28.70721       49.72235

 NSTEP =    31000   TIME(PS) =    1302.000  TEMP(K) =   303.07  PRESS =     0.0
 Etot   =    -34276.2714  EKtot   =      9272.0820  EPtot      =    -43548.3534
 BOND   =       339.1709  ANGLE   =      1125.6711  DIHED      =      1353.2218
 1-4 NB =       448.9467  1-4 EEL =      6226.6431  VDWAALS    =      4733.1624
 EELEC  =    -57858.9112  EHBOND  =         0.0000  RESTRAINT  =        83.7417
 EAMBER (non-restraint)  =    -43632.0951
 ------------------------------------------------------------------------------

wrapping first mol.:       20.29907       28.70721       49.72235
wrapping first mol.:       20.29907       28.70721       49.72235

 NSTEP =    31500   TIME(PS) =    1303.000  TEMP(K) =   300.06  PRESS =     0.0
 Etot   =    -34456.8882  EKtot   =      9180.1211  EPtot      =    -43637.0093
 BOND   =       369.8707  ANGLE   =      1043.7191  DIHED      =      1354.8860
 1-4 NB =       451.0120  1-4 EEL =      6246.4238  VDWAALS    =      4672.8555
 EELEC  =    -57859.3719  EHBOND  =         0.0000  RESTRAINT  =        83.5955
 EAMBER (non-restraint)  =    -43720.6048
 ------------------------------------------------------------------------------

wrapping first mol.:       20.29907       28.70721       49.72235
wrapping first mol.:       20.29907       28.70721       49.72235

 NSTEP =    32000   TIME(PS) =    1304.000  TEMP(K) =   300.33  PRESS =     0.0
 Etot   =    -34243.0629  EKtot   =      9188.2832  EPtot      =    -43431.3461
 BOND   =       313.4576  ANGLE   =      1050.8469  DIHED      =      1359.4646
 1-4 NB =       463.1922  1-4 EEL =      6279.2394  VDWAALS    =      4749.2006
 EELEC  =    -57736.9384  EHBOND  =         0.0000  RESTRAINT  =        90.1910
 EAMBER (non-restraint)  =    -43521.5371
 ------------------------------------------------------------------------------

wrapping first mol.:       20.29907       28.70721       49.72235
wrapping first mol.:       20.29907       28.70721       49.72235

 NSTEP =    32500   TIME(PS) =    1305.000  TEMP(K) =   305.47  PRESS =     0.0
 Etot   =    -34315.7018  EKtot   =      9345.4229  EPtot      =    -43661.1247
 BOND   =       345.9463  ANGLE   =      1079.3949  DIHED      =      1342.9138
 1-4 NB =       437.5645  1-4 EEL =      6238.3726  VDWAALS    =      4680.3662
 EELEC  =    -57875.3635  EHBOND  =         0.0000  RESTRAINT  =        89.6805
 EAMBER (non-restraint)  =    -43750.8051
 ------------------------------------------------------------------------------

wrapping first mol.:       20.29907       28.70721       49.72235
wrapping first mol.:       20.29907       28.70721       49.72235

 NSTEP =    33000   TIME(PS) =    1306.000  TEMP(K) =   301.81  PRESS =     0.0
 Etot   =    -34355.3456  EKtot   =      9233.5820  EPtot      =    -43588.9276
 BOND   =       368.6140  ANGLE   =      1056.3809  DIHED      =      1379.0565
 1-4 NB =       458.4173  1-4 EEL =      6252.6724  VDWAALS    =      4717.1205
 EELEC  =    -57912.8245  EHBOND  =         0.0000  RESTRAINT  =        91.6354
 EAMBER (non-restraint)  =    -43680.5630
 ------------------------------------------------------------------------------

wrapping first mol.:       20.29907       28.70721       49.72235
wrapping first mol.:       20.29907       28.70721       49.72235

 NSTEP =    33500   TIME(PS) =    1307.000  TEMP(K) =   301.07  PRESS =     0.0
 Etot   =    -34541.2169  EKtot   =      9210.9346  EPtot      =    -43752.1514
 BOND   =       345.1814  ANGLE   =      1059.7617  DIHED      =      1372.8389
 1-4 NB =       439.3662  1-4 EEL =      6250.1393  VDWAALS    =      4667.7462
 EELEC  =    -57975.4460  EHBOND  =         0.0000  RESTRAINT  =        88.2607
 EAMBER (non-restraint)  =    -43840.4121
 ------------------------------------------------------------------------------

wrapping first mol.:       20.29907       28.70721       49.72235
wrapping first mol.:       20.29907       28.70721       49.72235

 NSTEP =    34000   TIME(PS) =    1308.000  TEMP(K) =   302.03  PRESS =     0.0
 Etot   =    -34406.1703  EKtot   =      9240.1465  EPtot      =    -43646.3167
 BOND   =       337.5197  ANGLE   =      1076.2885  DIHED      =      1368.2327
 1-4 NB =       436.9292  1-4 EEL =      6201.8203  VDWAALS    =      4706.7569
 EELEC  =    -57862.7081  EHBOND  =         0.0000  RESTRAINT  =        88.8442
 EAMBER (non-restraint)  =    -43735.1609
 ------------------------------------------------------------------------------

wrapping first mol.:       20.29907       28.70721       49.72235
wrapping first mol.:       20.29907       28.70721       49.72235

 NSTEP =    34500   TIME(PS) =    1309.000  TEMP(K) =   301.55  PRESS =     0.0
 Etot   =    -34454.6173  EKtot   =      9225.6592  EPtot      =    -43680.2764
 BOND   =       368.1715  ANGLE   =      1082.6375  DIHED      =      1368.6196
 1-4 NB =       440.8672  1-4 EEL =      6236.7716  VDWAALS    =      4858.7026
 EELEC  =    -58124.1004  EHBOND  =         0.0000  RESTRAINT  =        88.0540
 EAMBER (non-restraint)  =    -43768.3304
 ------------------------------------------------------------------------------

wrapping first mol.:       20.29907       28.70721       49.72235
wrapping first mol.:       20.29907       28.70721       49.72235

 NSTEP =    35000   TIME(PS) =    1310.000  TEMP(K) =   298.57  PRESS =     0.0
 Etot   =    -34854.5607  EKtot   =      9134.3438  EPtot      =    -43988.9045
 BOND   =       367.1960  ANGLE   =      1033.0578  DIHED      =      1357.2778
 1-4 NB =       433.3079  1-4 EEL =      6268.4614  VDWAALS    =      4836.6637
 EELEC  =    -58373.9581  EHBOND  =         0.0000  RESTRAINT  =        89.0891
 EAMBER (non-restraint)  =    -44077.9936
 ------------------------------------------------------------------------------

wrapping first mol.:       20.29907       28.70721       49.72235
wrapping first mol.:       20.29907       28.70721       49.72235

 NSTEP =    35500   TIME(PS) =    1311.000  TEMP(K) =   294.52  PRESS =     0.0
 Etot   =    -34854.2122  EKtot   =      9010.3750  EPtot      =    -43864.5872
 BOND   =       371.4026  ANGLE   =      1041.6897  DIHED      =      1361.6726
 1-4 NB =       442.6147  1-4 EEL =      6250.5468  VDWAALS    =      4825.8464
 EELEC  =    -58251.4285  EHBOND  =         0.0000  RESTRAINT  =        93.0685
 EAMBER (non-restraint)  =    -43957.6557
 ------------------------------------------------------------------------------

wrapping first mol.:       20.29907       28.70721       49.72235
wrapping first mol.:       20.29907       28.70721       49.72235

 NSTEP =    36000   TIME(PS) =    1312.000  TEMP(K) =   299.81  PRESS =     0.0
 Etot   =    -34652.0263  EKtot   =      9172.3154  EPtot      =    -43824.3418
 BOND   =       334.3332  ANGLE   =      1085.2830  DIHED      =      1379.3074
 1-4 NB =       439.6135  1-4 EEL =      6240.3042  VDWAALS    =      4777.2959
 EELEC  =    -58163.9226  EHBOND  =         0.0000  RESTRAINT  =        83.4436
 EAMBER (non-restraint)  =    -43907.7854
 ------------------------------------------------------------------------------

wrapping first mol.:       20.29907       28.70721       49.72235
wrapping first mol.:       20.29907       28.70721       49.72235

 NSTEP =    36500   TIME(PS) =    1313.000  TEMP(K) =   298.95  PRESS =     0.0
 Etot   =    -34579.3439  EKtot   =      9146.1035  EPtot      =    -43725.4474
 BOND   =       352.4688  ANGLE   =      1103.3221  DIHED      =      1357.7278
 1-4 NB =       446.7375  1-4 EEL =      6248.2971  VDWAALS    =      4875.3389
 EELEC  =    -58195.2207  EHBOND  =         0.0000  RESTRAINT  =        85.8811
 EAMBER (non-restraint)  =    -43811.3285
 ------------------------------------------------------------------------------

wrapping first mol.:       20.29907       28.70721       49.72235
wrapping first mol.:       20.29907       28.70721       49.72235

 NSTEP =    37000   TIME(PS) =    1314.000  TEMP(K) =   301.67  PRESS =     0.0
 Etot   =    -34561.0344  EKtot   =      9229.3320  EPtot      =    -43790.3664
 BOND   =       347.7260  ANGLE   =      1061.1472  DIHED      =      1351.3656
 1-4 NB =       435.5190  1-4 EEL =      6231.3251  VDWAALS    =      5048.5981
 EELEC  =    -58355.9381  EHBOND  =         0.0000  RESTRAINT  =        89.8908
 EAMBER (non-restraint)  =    -43880.2573
 ------------------------------------------------------------------------------

wrapping first mol.:       20.29907       28.70721       49.72235
wrapping first mol.:       20.29907       28.70721       49.72235

 NSTEP =    37500   TIME(PS) =    1315.000  TEMP(K) =   296.32  PRESS =     0.0
 Etot   =    -34550.4605  EKtot   =      9065.7041  EPtot      =    -43616.1646
 BOND   =       367.8824  ANGLE   =      1079.4959  DIHED      =      1364.8406
 1-4 NB =       441.6726  1-4 EEL =      6222.6212  VDWAALS    =      4783.6614
 EELEC  =    -57961.1933  EHBOND  =         0.0000  RESTRAINT  =        84.8545
 EAMBER (non-restraint)  =    -43701.0191
 ------------------------------------------------------------------------------

wrapping first mol.:       20.29907       28.70721       49.72235
wrapping first mol.:       20.29907       28.70721       49.72235

 NSTEP =    38000   TIME(PS) =    1316.000  TEMP(K) =   300.26  PRESS =     0.0
 Etot   =    -34436.1576  EKtot   =      9186.0166  EPtot      =    -43622.1742
 BOND   =       365.1957  ANGLE   =      1017.9052  DIHED      =      1375.4881
 1-4 NB =       439.8525  1-4 EEL =      6226.6839  VDWAALS    =      4751.6722
 EELEC  =    -57884.1172  EHBOND  =         0.0000  RESTRAINT  =        85.1452
 EAMBER (non-restraint)  =    -43707.3195
 ------------------------------------------------------------------------------

wrapping first mol.:       20.29907       28.70721       49.72235
wrapping first mol.:       20.29907       28.70721       49.72235

 NSTEP =    38500   TIME(PS) =    1317.000  TEMP(K) =   299.88  PRESS =     0.0
 Etot   =    -34489.0523  EKtot   =      9174.4062  EPtot      =    -43663.4586
 BOND   =       396.5865  ANGLE   =      1030.8803  DIHED      =      1349.5676
 1-4 NB =       439.1304  1-4 EEL =      6245.2253  VDWAALS    =      4752.4862
 EELEC  =    -57967.3591  EHBOND  =         0.0000  RESTRAINT  =        90.0243
 EAMBER (non-restraint)  =    -43753.4828
 ------------------------------------------------------------------------------

wrapping first mol.:       20.29907       28.70721       49.72235
wrapping first mol.:       20.29907       28.70721       49.72235

 NSTEP =    39000   TIME(PS) =    1318.000  TEMP(K) =   301.90  PRESS =     0.0
 Etot   =    -34326.0281  EKtot   =      9236.3096  EPtot      =    -43562.3377
 BOND   =       351.2245  ANGLE   =      1059.2820  DIHED      =      1350.3272
 1-4 NB =       440.6833  1-4 EEL =      6246.0780  VDWAALS    =      4733.2414
 EELEC  =    -57826.1002  EHBOND  =         0.0000  RESTRAINT  =        82.9259
 EAMBER (non-restraint)  =    -43645.2636
 ------------------------------------------------------------------------------

wrapping first mol.:       20.29907       28.70721       49.72235
wrapping first mol.:       20.29907       28.70721       49.72235

 NSTEP =    39500   TIME(PS) =    1319.000  TEMP(K) =   297.67  PRESS =     0.0
 Etot   =    -34543.3478  EKtot   =      9106.7920  EPtot      =    -43650.1398
 BOND   =       348.1074  ANGLE   =      1083.1798  DIHED      =      1383.5763
 1-4 NB =       432.6855  1-4 EEL =      6261.7225  VDWAALS    =      4905.2479
 EELEC  =    -58150.2616  EHBOND  =         0.0000  RESTRAINT  =        85.6023
 EAMBER (non-restraint)  =    -43735.7421
 ------------------------------------------------------------------------------

wrapping first mol.:       20.29907       28.70721       49.72235
wrapping first mol.:       20.29907       28.70721       49.72235

 NSTEP =    40000   TIME(PS) =    1320.000  TEMP(K) =   301.46  PRESS =     0.0
 Etot   =    -34349.9539  EKtot   =      9222.7314  EPtot      =    -43572.6854
 BOND   =       346.4229  ANGLE   =      1057.7176  DIHED      =      1370.9262
 1-4 NB =       440.4462  1-4 EEL =      6206.7004  VDWAALS    =      4639.2209
 EELEC  =    -57719.0143  EHBOND  =         0.0000  RESTRAINT  =        84.8946
 EAMBER (non-restraint)  =    -43657.5800
 ------------------------------------------------------------------------------

wrapping first mol.:       20.29907       28.70721       49.72235
wrapping first mol.:       20.29907       28.70721       49.72235

 NSTEP =    40500   TIME(PS) =    1321.000  TEMP(K) =   303.48  PRESS =     0.0
 Etot   =    -34189.1950  EKtot   =      9284.6367  EPtot      =    -43473.8317
 BOND   =       332.8313  ANGLE   =      1038.3453  DIHED      =      1365.1723
 1-4 NB =       458.4175  1-4 EEL =      6255.3799  VDWAALS    =      4749.1962
 EELEC  =    -57761.4770  EHBOND  =         0.0000  RESTRAINT  =        88.3029
 EAMBER (non-restraint)  =    -43562.1346
 ------------------------------------------------------------------------------

wrapping first mol.:       20.29907       28.70721       49.72235
wrapping first mol.:       20.29907       28.70721       49.72235

 NSTEP =    41000   TIME(PS) =    1322.000  TEMP(K) =   305.03  PRESS =     0.0
 Etot   =    -34049.4525  EKtot   =      9332.0879  EPtot      =    -43381.5404
 BOND   =       346.8728  ANGLE   =      1106.6534  DIHED      =      1358.9281
 1-4 NB =       453.8035  1-4 EEL =      6243.1167  VDWAALS    =      4685.9174
 EELEC  =    -57671.4535  EHBOND  =         0.0000  RESTRAINT  =        94.6212
 EAMBER (non-restraint)  =    -43476.1616
 ------------------------------------------------------------------------------

wrapping first mol.:       20.29907       28.70721       49.72235
wrapping first mol.:       20.29907       28.70721       49.72235

 NSTEP =    41500   TIME(PS) =    1323.000  TEMP(K) =   301.71  PRESS =     0.0
 Etot   =    -34217.2262  EKtot   =      9230.3711  EPtot      =    -43447.5973
 BOND   =       350.6074  ANGLE   =      1091.2728  DIHED      =      1349.0061
 1-4 NB =       435.5427  1-4 EEL =      6221.8308  VDWAALS    =      4501.0802
 EELEC  =    -57483.7189  EHBOND  =         0.0000  RESTRAINT  =        86.7816
 EAMBER (non-restraint)  =    -43534.3789
 ------------------------------------------------------------------------------

wrapping first mol.:       20.29907       28.70721       49.72235
wrapping first mol.:       20.29907       28.70721       49.72235

 NSTEP =    42000   TIME(PS) =    1324.000  TEMP(K) =   298.46  PRESS =     0.0
 Etot   =    -34525.5747  EKtot   =      9131.1592  EPtot      =    -43656.7339
 BOND   =       354.6938  ANGLE   =      1086.5625  DIHED      =      1330.4119
 1-4 NB =       449.6734  1-4 EEL =      6244.9644  VDWAALS    =      4841.0448
 EELEC  =    -58062.9142  EHBOND  =         0.0000  RESTRAINT  =        98.8296
 EAMBER (non-restraint)  =    -43755.5635
 ------------------------------------------------------------------------------

wrapping first mol.:       20.29907       28.70721       49.72235
wrapping first mol.:       20.29907       28.70721       49.72235

 NSTEP =    42500   TIME(PS) =    1325.000  TEMP(K) =   299.93  PRESS =     0.0
 Etot   =    -34531.9275  EKtot   =      9176.0566  EPtot      =    -43707.9841
 BOND   =       361.8398  ANGLE   =      1001.5212  DIHED      =      1384.2326
 1-4 NB =       449.4171  1-4 EEL =      6258.6806  VDWAALS    =      4777.0665
 EELEC  =    -58027.6251  EHBOND  =         0.0000  RESTRAINT  =        86.8832
 EAMBER (non-restraint)  =    -43794.8673
 ------------------------------------------------------------------------------

wrapping first mol.:       20.29907       28.70721       49.72235
wrapping first mol.:       20.29907       28.70721       49.72235

 NSTEP =    43000   TIME(PS) =    1326.000  TEMP(K) =   300.33  PRESS =     0.0
 Etot   =    -34385.0968  EKtot   =      9188.3633  EPtot      =    -43573.4601
 BOND   =       340.3210  ANGLE   =      1069.3268  DIHED      =      1373.8180
 1-4 NB =       450.2987  1-4 EEL =      6259.3796  VDWAALS    =      4679.1302
 EELEC  =    -57833.3123  EHBOND  =         0.0000  RESTRAINT  =        87.5779
 EAMBER (non-restraint)  =    -43661.0380
 ------------------------------------------------------------------------------

wrapping first mol.:       20.29907       28.70721       49.72235
wrapping first mol.:       20.29907       28.70721       49.72235

 NSTEP =    43500   TIME(PS) =    1327.000  TEMP(K) =   299.79  PRESS =     0.0
 Etot   =    -34686.6911  EKtot   =      9171.5938  EPtot      =    -43858.2849
 BOND   =       332.0875  ANGLE   =      1060.9075  DIHED      =      1368.3505
 1-4 NB =       457.3853  1-4 EEL =      6245.0050  VDWAALS    =      4747.0312
 EELEC  =    -58156.0790  EHBOND  =         0.0000  RESTRAINT  =        87.0272
 EAMBER (non-restraint)  =    -43945.3121
 ------------------------------------------------------------------------------

wrapping first mol.:       20.29907       28.70721       49.72235
wrapping first mol.:       20.29907       28.70721       49.72235

 NSTEP =    44000   TIME(PS) =    1328.000  TEMP(K) =   297.28  PRESS =     0.0
 Etot   =    -34461.6229  EKtot   =      9094.8428  EPtot      =    -43556.4656
 BOND   =       355.7020  ANGLE   =      1032.3631  DIHED      =      1354.6810
 1-4 NB =       458.5921  1-4 EEL =      6253.7305  VDWAALS    =      4970.3233
 EELEC  =    -58065.0857  EHBOND  =         0.0000  RESTRAINT  =        83.2280
 EAMBER (non-restraint)  =    -43639.6936
 ------------------------------------------------------------------------------

wrapping first mol.:       20.29907       28.70721       49.72235
wrapping first mol.:       20.29907       28.70721       49.72235

 NSTEP =    44500   TIME(PS) =    1329.000  TEMP(K) =   300.70  PRESS =     0.0
 Etot   =    -34504.2064  EKtot   =      9199.4404  EPtot      =    -43703.6469
 BOND   =       356.3607  ANGLE   =      1074.4669  DIHED      =      1335.0589
 1-4 NB =       438.4764  1-4 EEL =      6235.1910  VDWAALS    =      4742.4178
 EELEC  =    -57982.8696  EHBOND  =         0.0000  RESTRAINT  =        97.2509
 EAMBER (non-restraint)  =    -43800.8978
 ------------------------------------------------------------------------------

wrapping first mol.:       20.29907       28.70721       49.72235
wrapping first mol.:       20.29907       28.70721       49.72235

 NSTEP =    45000   TIME(PS) =    1330.000  TEMP(K) =   300.34  PRESS =     0.0
 Etot   =    -34504.6729  EKtot   =      9188.5039  EPtot      =    -43693.1768
 BOND   =       352.1498  ANGLE   =      1060.6689  DIHED      =      1337.6420
 1-4 NB =       445.3216  1-4 EEL =      6213.2832  VDWAALS    =      4706.8328
 EELEC  =    -57896.6941  EHBOND  =         0.0000  RESTRAINT  =        87.6188
 EAMBER (non-restraint)  =    -43780.7957
 ------------------------------------------------------------------------------

wrapping first mol.:       20.29907       28.70721       49.72235
wrapping first mol.:       20.29907       28.70721       49.72235

 NSTEP =    45500   TIME(PS) =    1331.000  TEMP(K) =   299.99  PRESS =     0.0
 Etot   =    -34395.4470  EKtot   =      9177.7080  EPtot      =    -43573.1550
 BOND   =       353.5452  ANGLE   =      1093.8264  DIHED      =      1363.1755
 1-4 NB =       450.0415  1-4 EEL =      6245.3133  VDWAALS    =      4808.0003
 EELEC  =    -57976.6064  EHBOND  =         0.0000  RESTRAINT  =        89.5491
 EAMBER (non-restraint)  =    -43662.7041
 ------------------------------------------------------------------------------

wrapping first mol.:       20.29907       28.70721       49.72235
wrapping first mol.:       20.29907       28.70721       49.72235

 NSTEP =    46000   TIME(PS) =    1332.000  TEMP(K) =   299.89  PRESS =     0.0
 Etot   =    -34247.1349  EKtot   =      9174.7656  EPtot      =    -43421.9006
 BOND   =       340.1882  ANGLE   =      1034.9750  DIHED      =      1368.3003
 1-4 NB =       452.2239  1-4 EEL =      6289.2818  VDWAALS    =      4564.6073
 EELEC  =    -57561.4581  EHBOND  =         0.0000  RESTRAINT  =        89.9811
 EAMBER (non-restraint)  =    -43511.8817
 ------------------------------------------------------------------------------

wrapping first mol.:       20.29907       28.70721       49.72235
wrapping first mol.:       20.29907       28.70721       49.72235

 NSTEP =    46500   TIME(PS) =    1333.000  TEMP(K) =   300.25  PRESS =     0.0
 Etot   =    -34609.8959  EKtot   =      9185.8223  EPtot      =    -43795.7181
 BOND   =       365.3524  ANGLE   =      1080.2261  DIHED      =      1364.4412
 1-4 NB =       453.4217  1-4 EEL =      6263.2438  VDWAALS    =      4996.9513
 EELEC  =    -58410.8288  EHBOND  =         0.0000  RESTRAINT  =        91.4741
 EAMBER (non-restraint)  =    -43887.1923
 ------------------------------------------------------------------------------

wrapping first mol.:       20.29907       28.70721       49.72235
wrapping first mol.:       20.29907       28.70721       49.72235

 NSTEP =    47000   TIME(PS) =    1334.000  TEMP(K) =   300.33  PRESS =     0.0
 Etot   =    -34496.5346  EKtot   =      9188.3057  EPtot      =    -43684.8403
 BOND   =       365.6577  ANGLE   =      1072.6181  DIHED      =      1350.7004
 1-4 NB =       448.6342  1-4 EEL =      6257.9007  VDWAALS    =      4833.1178
 EELEC  =    -58090.4578  EHBOND  =         0.0000  RESTRAINT  =        76.9888
 EAMBER (non-restraint)  =    -43761.8290
 ------------------------------------------------------------------------------

wrapping first mol.:       20.29907       28.70721       49.72235
wrapping first mol.:       20.29907       28.70721       49.72235

 NSTEP =    47500   TIME(PS) =    1335.000  TEMP(K) =   296.79  PRESS =     0.0
 Etot   =    -34558.9691  EKtot   =      9080.0732  EPtot      =    -43639.0424
 BOND   =       374.2394  ANGLE   =      1054.4976  DIHED      =      1359.1695
 1-4 NB =       454.6992  1-4 EEL =      6218.4070  VDWAALS    =      4764.6552
 EELEC  =    -57954.0956  EHBOND  =         0.0000  RESTRAINT  =        89.3853
 EAMBER (non-restraint)  =    -43728.4276
 ------------------------------------------------------------------------------

wrapping first mol.:       20.29907       28.70721       49.72235
wrapping first mol.:       20.29907       28.70721       49.72235

 NSTEP =    48000   TIME(PS) =    1336.000  TEMP(K) =   299.61  PRESS =     0.0
 Etot   =    -34473.3918  EKtot   =      9166.3096  EPtot      =    -43639.7013
 BOND   =       376.0650  ANGLE   =      1089.8388  DIHED      =      1369.8983
 1-4 NB =       453.3866  1-4 EEL =      6226.5108  VDWAALS    =      4826.3192
 EELEC  =    -58074.1847  EHBOND  =         0.0000  RESTRAINT  =        92.4647
 EAMBER (non-restraint)  =    -43732.1660
 ------------------------------------------------------------------------------

wrapping first mol.:       20.29907       28.70721       49.72235
wrapping first mol.:       20.29907       28.70721       49.72235

 NSTEP =    48500   TIME(PS) =    1337.000  TEMP(K) =   296.79  PRESS =     0.0
 Etot   =    -34602.7358  EKtot   =      9080.0723  EPtot      =    -43682.8081
 BOND   =       357.1584  ANGLE   =      1069.3605  DIHED      =      1364.1659
 1-4 NB =       459.6844  1-4 EEL =      6223.9663  VDWAALS    =      4908.7134
 EELEC  =    -58152.7330  EHBOND  =         0.0000  RESTRAINT  =        86.8761
 EAMBER (non-restraint)  =    -43769.6842
 ------------------------------------------------------------------------------

wrapping first mol.:       20.29907       28.70721       49.72235
wrapping first mol.:       20.29907       28.70721       49.72235

 NSTEP =    49000   TIME(PS) =    1338.000  TEMP(K) =   299.68  PRESS =     0.0
 Etot   =    -34428.2809  EKtot   =      9168.2334  EPtot      =    -43596.5143
 BOND   =       339.1309  ANGLE   =      1063.3213  DIHED      =      1360.3095
 1-4 NB =       444.4534  1-4 EEL =      6245.1997  VDWAALS    =      4898.5744
 EELEC  =    -58029.3121  EHBOND  =         0.0000  RESTRAINT  =        81.8086
 EAMBER (non-restraint)  =    -43678.3229
 ------------------------------------------------------------------------------

wrapping first mol.:       20.29907       28.70721       49.72235
wrapping first mol.:       20.29907       28.70721       49.72235

 NSTEP =    49500   TIME(PS) =    1339.000  TEMP(K) =   298.28  PRESS =     0.0
 Etot   =    -34424.9358  EKtot   =      9125.6074  EPtot      =    -43550.5433
 BOND   =       345.8540  ANGLE   =      1068.3524  DIHED      =      1352.8885
 1-4 NB =       433.8243  1-4 EEL =      6217.1313  VDWAALS    =      4709.9026
 EELEC  =    -57772.4008  EHBOND  =         0.0000  RESTRAINT  =        93.9044
 EAMBER (non-restraint)  =    -43644.4476
 ------------------------------------------------------------------------------

wrapping first mol.:       20.29907       28.70721       49.72235
wrapping first mol.:       20.29907       28.70721       49.72235

 NSTEP =    50000   TIME(PS) =    1340.000  TEMP(K) =   299.61  PRESS =     0.0
 Etot   =    -34438.0464  EKtot   =      9166.3379  EPtot      =    -43604.3843
 BOND   =       356.5354  ANGLE   =      1046.2514  DIHED      =      1345.0278
 1-4 NB =       453.3707  1-4 EEL =      6219.0003  VDWAALS    =      4654.6185
 EELEC  =    -57763.1876  EHBOND  =         0.0000  RESTRAINT  =        83.9993
 EAMBER (non-restraint)  =    -43688.3836
 ------------------------------------------------------------------------------


      A V E R A G E S   O V E R     100 S T E P S


 NSTEP =    50000   TIME(PS) =    1340.000  TEMP(K) =   300.15  PRESS =     0.0
 Etot   =    -34439.7673  EKtot   =      9182.7512  EPtot      =    -43622.5185
 BOND   =       353.1804  ANGLE   =      1066.8393  DIHED      =      1362.8353
 1-4 NB =       446.9980  1-4 EEL =      6241.9691  VDWAALS    =      4765.3561
 EELEC  =    -57948.6380  EHBOND  =         0.0000  RESTRAINT  =        88.9413
 EAMBER (non-restraint)  =    -43711.4598
 ------------------------------------------------------------------------------


      R M S  F L U C T U A T I O N S


 NSTEP =    50000   TIME(PS) =    1340.000  TEMP(K) =     2.26  PRESS =     0.0
 Etot   =       141.2198  EKtot   =        69.1687  EPtot      =       117.7430
 BOND   =        14.7236  ANGLE   =        23.8796  DIHED      =        13.5395
 1-4 NB =         7.5542  1-4 EEL =        18.8949  VDWAALS    =       109.7778
 EELEC  =       186.6134  EHBOND  =         0.0000  RESTRAINT  =         4.8008
 EAMBER (non-restraint)  =       112.9423
 ------------------------------------------------------------------------------

--------------------------------------------------------------------------------
   5.  TIMINGS
--------------------------------------------------------------------------------

|  NonSetup CPU Time in Major Routines:
|
|     Routine           Sec        %
|     ------------------------------
|     Nonbond          21.00   39.02
|     Bond              0.00    0.00
|     Angle             0.00    0.00
|     Dihedral          0.00    0.00
|     Shake             1.61    2.99
|     RunMD            31.06   57.71
|     Other             0.15    0.28
|     ------------------------------
|     Total            53.81

|  PME Nonbond Pairlist CPU Time:
|
|     Routine              Sec        %
|     ---------------------------------
|     Set Up Cit           0.00    0.00
|     Build List           0.00    0.00
|     ---------------------------------
|     Total                0.00    0.00

|  PME Direct Force CPU Time:
|
|     Routine              Sec        %
|     ---------------------------------
|     NonBonded Calc       0.00    0.00
|     Exclude Masked       0.00    0.00
|     Other                0.04    0.07
|     ---------------------------------
|     Total                0.04    0.07

|  PME Reciprocal Force CPU Time:
|
|     Routine              Sec        %
|     ---------------------------------
|     1D bspline           0.00    0.00
|     Grid Charges         0.00    0.00
|     Scalar Sum           0.00    0.00
|     Gradient Sum         0.00    0.00
|     FFT                  0.00    0.00
|     ---------------------------------
|     Total                0.00    0.00

|  Final Performance Info:
|     -----------------------------------------------------
|     Average timings for last   17000 steps:
|     Elapsed(s) =      32.11 Per Step(ms) =       1.89
|         ns/day =      91.49   seconds/ns =     944.36
|
|     Average timings for all steps:
|     Elapsed(s) =      92.90 Per Step(ms) =       1.86
|         ns/day =      93.00   seconds/ns =     929.01
|     -----------------------------------------------------

|  Setup CPU time:            1.62 seconds
|  NonSetup CPU time:        53.81 seconds
|  Total CPU time:           55.43 seconds     0.02 hours

|  Setup wall time:           4    seconds
|  NonSetup wall time:       93    seconds
|  Total wall time:          97    seconds     0.03 hours
