
          -------------------------------------------------------
          Amber 16 PMEMD                              2016
          -------------------------------------------------------

| PMEMD implementation of SANDER, Release 16

| Run on 11/25/2017 at 13:13:35

|   Executable path: /apps/amber16/bin/pmemd.cuda
| Working directory: /home/pbarletta
|          Hostname: mordor

  [-O]verwriting output

File Assignments:
|   MDIN: /scratch/pbarletta/cph_obp/run/ctv/mhe/e/14equ.in                     
|  MDOUT: /scratch/pbarletta/cph_obp/run/ctv/mhe/e/14equ.out                    
| INPCRD: /scratch/pbarletta/cph_obp/run/ctv/mhe/e/13ectv.rst7                  
|   PARM: /scratch/pbarletta/cph_obp/top_files/ctv.prmtop                       
| RESTRT: /scratch/pbarletta/cph_obp/run/ctv/mhe/e/14ectv.rst7                  
|   REFC: /scratch/pbarletta/cph_obp/run/ctv/mhe/e/13ectv.rst7                  
|  MDVEL: mdvel                                                                 
|   MDEN: mden                                                                  
|  MDCRD: /scratch/pbarletta/cph_obp/run/ctv/mhe/e/14ectv.nc                    
| MDINFO: mdinfo                                                                
|  MDFRC: mdfrc                                                                 


 Here is the input file:

Equilibration with solute restrictions                                         
&cntrl                                                                         
imin = 0,                           ! No Minimization                          
nmropt = 0,                         ! No NMR restraints read                   
                                                                               
! Nature and format of the input                                               
ntx = 5,                            ! Coordinates but no velocities will be rea
irest = 1,                          ! Do not run a new simulation              
                                                                               
! Nature and format of the output                                              
ntxo = 1,                           ! rstrt file in ASCII format               
ntpr = 500,                         ! inf in output every ntpr steps           
ntwr = 500,                         ! rstrt file every ntwr steps              
ntwx = 500,                         ! mdcrd file every ntwx steps              
ntwv = 0,                           ! mdvel without velocities                 
ntwe = 0,                           ! Energies and temperatures not written in 
idecomp = 0,                        ! No energy decomposition                  
iwrap = 1,                          ! Coordinates of the restart and mdcrd file
                                                                               
! Frozen or restrained atoms                                                   
ibelly = 0,                         ! No frozen atoms                          
ntr=1,                              ! Harmonic potential restraints            
restraint_wt = 3.0,                ! The weight for the positional restraints  
restraintmask = ':1-120@N,CA,C,O',  ! restrained residues                      
                                                                               
! Molecular dynamics                                                           
nstlim = 50000,                     ! Number of MD-steps                       
dt = 0.002,                         ! Time step                                
                                                                               
! Temperature regulation                                                       
ntt = 3,                            ! Langevin thermostat                      
gamma_ln = 5,                       ! Gamma constant for Langevin              
temp0 = 300.0,                      ! Reference T at which the system is to be 
tempi = 300.0,                      ! Initial T                                
ig = -1,                            ! Seed for the RNG                         
                                                                               
! P and V regulation                                                           
ntp = 0,                            ! No pressure control                      
ntb = 1,                            ! Periodic box for constant V              
                                                                               
! SHAKE variables                                                              
ntc = 2,                            ! Bonds involving H are constrained        
ntf = 2,                            ! Bond interaction involving H are ommited.
                                                                               
cut = 10.0,                         ! Nonbonded cutoff                         
                                                                               
/                                                                              
&end                                                                           


Note: ig = -1. Setting random seed to   646435 based on wallclock time in 
      microseconds.
| irandom = 1, using AMBER's internal random number generator (default).
 
|--------------------- INFORMATION ----------------------
| GPU (CUDA) Version of PMEMD in use: NVIDIA GPU IN USE.
|                    Version 16.0.0
| 
|                      02/25/2016
| 
| Implementation by:
|                    Ross C. Walker     (SDSC)
|                    Scott Le Grand     (nVIDIA)
| 
| Precision model in use:
|      [SPFP] - Single Precision Forces, 64-bit Fixed Point
|               Accumulation. (Default)
| 
|--------------------------------------------------------
 
|----------------- CITATION INFORMATION -----------------
|
|    When publishing work that utilized the CUDA version
|    of AMBER, please cite the following in addition to
|    the regular AMBER citations:
|
|  - Romelia Salomon-Ferrer; Andreas W. Goetz; Duncan
|    Poole; Scott Le Grand; Ross C. Walker "Routine
|    microsecond molecular dynamics simulations with
|    AMBER - Part II: Particle Mesh Ewald", J. Chem.
|    Theory Comput., 2013, 9 (9), pp3878-3888,
|    DOI: 10.1021/ct400314y.
|
|  - Andreas W. Goetz; Mark J. Williamson; Dong Xu;
|    Duncan Poole; Scott Le Grand; Ross C. Walker
|    "Routine microsecond molecular dynamics simulations
|    with AMBER - Part I: Generalized Born", J. Chem.
|    Theory Comput., 2012, 8 (5), pp1542-1555.
|
|  - Scott Le Grand; Andreas W. Goetz; Ross C. Walker
|    "SPFP: Speed without compromise - a mixed precision
|    model for GPU accelerated molecular dynamics
|    simulations.", Comp. Phys. Comm., 2013, 184
|    pp374-380, DOI: 10.1016/j.cpc.2012.09.022
|
|--------------------------------------------------------
 
|------------------- GPU DEVICE INFO --------------------
|
|            CUDA_VISIBLE_DEVICES: 2
|   CUDA Capable Devices Detected:      1
|           CUDA Device ID in use:      0
|                CUDA Device Name: GeForce GTX 1080 Ti
|     CUDA Device Global Mem Size:  11172 MB
| CUDA Device Num Multiprocessors:     28
|           CUDA Device Core Freq:   1.58 GHz
|
|--------------------------------------------------------
 
 
| Conditional Compilation Defines Used:
| PUBFFT
| BINTRAJ
| CUDA
| EMIL

| Largest sphere to fit in unit cell has radius =    24.861

| New format PARM file being parsed.
| Version =    1.000 Date = 11/25/17 Time = 12:11:39

| Note: 1-4 EEL scale factors are being read from the topology file.

| Note: 1-4 VDW scale factors are being read from the topology file.
| Duplicated    0 dihedrals

| Duplicated    0 dihedrals

--------------------------------------------------------------------------------
   1.  RESOURCE   USE: 
--------------------------------------------------------------------------------

 getting new box info from bottom of inpcrd
 NATOM  =   14918 NTYPES =      18 NBONH =   13963 MBONA  =     963
 NTHETH =    2368 MTHETA =    1293 NPHIH =    4530 MPHIA  =    3267
 NHPARM =       0 NPARM  =       0 NNB   =   28295 NRES   =    4423
 NBONA  =     963 NTHETA =    1293 NPHIA =    3267 NUMBND =      49
 NUMANG =     102 NPTRA  =      43 NATYP =      33 NPHB   =       1
 IFBOX  =       2 NMXRS  =      26 IFCAP =       0 NEXTRA =       0
 NCOPY  =       0

| Coordinate Index Table dimensions:     9    9    9
| Direct force subcell size =     6.7664    6.7664    6.7664

     BOX TYPE: TRUNCATED OCTAHEDRON

--------------------------------------------------------------------------------
   2.  CONTROL  DATA  FOR  THE  RUN
--------------------------------------------------------------------------------

default_name                                                                    

General flags:
     imin    =       0, nmropt  =       0

Nature and format of input:
     ntx     =       5, irest   =       1, ntrx    =       1

Nature and format of output:
     ntxo    =       1, ntpr    =     500, ntrx    =       1, ntwr    =     500
     iwrap   =       1, ntwx    =     500, ntwv    =       0, ntwe    =       0
     ioutfm  =       1, ntwprt  =       0, idecomp =       0, rbornstat=      0

Potential function:
     ntf     =       2, ntb     =       1, igb     =       0, nsnb    =      25
     ipol    =       0, gbsa    =       0, iesp    =       0
     dielc   =   1.00000, cut     =  10.00000, intdiel =   1.00000

Frozen or restrained atoms:
     ibelly  =       0, ntr     =       1
     restraint_wt =   3.00000

Molecular dynamics:
     nstlim  =     50000, nscm    =         0, nrespa  =         1
     t       =   0.00000, dt      =   0.00200, vlimit  =  -1.00000

Langevin dynamics temperature regulation:
     ig      =  646435
     temp0   = 300.00000, tempi   = 300.00000, gamma_ln=   5.00000

SHAKE:
     ntc     =       2, jfastw  =       0
     tol     =   0.00001

| Intermolecular bonds treatment:
|     no_intermolecular_bonds =       1

| Energy averages sample interval:
|     ene_avg_sampling =     500

Ewald parameters:
     verbose =       0, ew_type =       0, nbflag  =       1, use_pme =       1
     vdwmeth =       1, eedmeth =       1, netfrc  =       1
     Box X =   60.897   Box Y =   60.897   Box Z =   60.897
     Alpha =  109.471   Beta  =  109.471   Gamma =  109.471
     NFFT1 =   64       NFFT2 =   64       NFFT3 =   64
     Cutoff=   10.000   Tol   =0.100E-04
     Ewald Coefficient =  0.27511
     Interpolation order =    4

    LOADING THE CONSTRAINED ATOMS AS GROUPS


   5.  REFERENCE ATOM COORDINATES

  default_name                                                                    
     Mask :1-120@N,CA,C,O; matches   476 atoms

--------------------------------------------------------------------------------
   3.  ATOMIC COORDINATES AND VELOCITIES
--------------------------------------------------------------------------------

default_name                                                                    
 begin time read from input coords =  1440.000 ps

 
 Number of triangulated 3-point waters found:     4302

     Sum of charges from parm topology file =   0.00000094
     Forcing neutrality...

| Dynamic Memory, Types Used:
| Reals              578224
| Integers           551884

| Nonbonded Pairs Initial Allocation:     4512322

| GPU memory information (estimate):
| KB of GPU memory in use:    141362
| KB of CPU memory in use:     29330

--------------------------------------------------------------------------------
   4.  RESULTS
--------------------------------------------------------------------------------

 ---------------------------------------------------
 APPROXIMATING switch and d/dx switch using CUBIC SPLINE INTERPOLATION
 using   5000.0 points per unit in tabled values
 TESTING RELATIVE ERROR over r ranging from 0.0 to cutoff
| CHECK switch(x): max rel err =   0.2738E-14   at   2.422500
| CHECK d/dx switch(x): max rel err =   0.8314E-11   at   2.736960
 ---------------------------------------------------
|---------------------------------------------------
| APPROXIMATING direct energy using CUBIC SPLINE INTERPOLATION
|  with   50.0 points per unit in tabled values
| Relative Error Limit not exceeded for r .gt.   2.33
| APPROXIMATING direct force using CUBIC SPLINE INTERPOLATION
|  with   50.0 points per unit in tabled values
| Relative Error Limit not exceeded for r .gt.   2.80
|---------------------------------------------------
wrapping first mol.:       20.29907       28.70721       49.72235
wrapping first mol.:       20.29907       28.70721       49.72235

 NSTEP =      500   TIME(PS) =    1441.000  TEMP(K) =   296.85  PRESS =     0.0
 Etot   =    -34566.8315  EKtot   =      9081.7725  EPtot      =    -43648.6040
 BOND   =       382.5029  ANGLE   =       998.6502  DIHED      =      1342.4798
 1-4 NB =       426.1163  1-4 EEL =      6194.3049  VDWAALS    =      4668.2896
 EELEC  =    -57725.6127  EHBOND  =         0.0000  RESTRAINT  =        64.6650
 EAMBER (non-restraint)  =    -43713.2690
 ------------------------------------------------------------------------------

wrapping first mol.:       20.29907       28.70721       49.72235
wrapping first mol.:       20.29907       28.70721       49.72235

 NSTEP =     1000   TIME(PS) =    1442.000  TEMP(K) =   303.63  PRESS =     0.0
 Etot   =    -34479.8646  EKtot   =      9289.3018  EPtot      =    -43769.1664
 BOND   =       340.4730  ANGLE   =      1077.8621  DIHED      =      1360.5038
 1-4 NB =       441.7406  1-4 EEL =      6233.7302  VDWAALS    =      4635.6591
 EELEC  =    -57925.1414  EHBOND  =         0.0000  RESTRAINT  =        66.0062
 EAMBER (non-restraint)  =    -43835.1726
 ------------------------------------------------------------------------------

wrapping first mol.:       20.29907       28.70721       49.72235
wrapping first mol.:       20.29907       28.70721       49.72235

 NSTEP =     1500   TIME(PS) =    1443.000  TEMP(K) =   305.52  PRESS =     0.0
 Etot   =    -34491.9793  EKtot   =      9346.9492  EPtot      =    -43838.9285
 BOND   =       353.4091  ANGLE   =      1074.0272  DIHED      =      1357.0189
 1-4 NB =       431.6919  1-4 EEL =      6180.6057  VDWAALS    =      4808.7611
 EELEC  =    -58111.4843  EHBOND  =         0.0000  RESTRAINT  =        67.0420
 EAMBER (non-restraint)  =    -43905.9706
 ------------------------------------------------------------------------------

wrapping first mol.:       20.29907       28.70721       49.72235
wrapping first mol.:       20.29907       28.70721       49.72235

 NSTEP =     2000   TIME(PS) =    1444.000  TEMP(K) =   298.57  PRESS =     0.0
 Etot   =    -34489.9830  EKtot   =      9134.5332  EPtot      =    -43624.5162
 BOND   =       360.0254  ANGLE   =      1118.7661  DIHED      =      1364.1327
 1-4 NB =       460.9888  1-4 EEL =      6227.4778  VDWAALS    =      4894.3541
 EELEC  =    -58112.2677  EHBOND  =         0.0000  RESTRAINT  =        62.0065
 EAMBER (non-restraint)  =    -43686.5227
 ------------------------------------------------------------------------------

wrapping first mol.:       20.29907       28.70721       49.72235
wrapping first mol.:       20.29907       28.70721       49.72235

 NSTEP =     2500   TIME(PS) =    1445.000  TEMP(K) =   300.69  PRESS =     0.0
 Etot   =    -34462.5486  EKtot   =      9199.2500  EPtot      =    -43661.7986
 BOND   =       361.5967  ANGLE   =      1081.4096  DIHED      =      1363.8453
 1-4 NB =       441.6518  1-4 EEL =      6239.4018  VDWAALS    =      4771.4011
 EELEC  =    -57995.3577  EHBOND  =         0.0000  RESTRAINT  =        74.2529
 EAMBER (non-restraint)  =    -43736.0515
 ------------------------------------------------------------------------------

wrapping first mol.:       20.29907       28.70721       49.72235
wrapping first mol.:       20.29907       28.70721       49.72235

 NSTEP =     3000   TIME(PS) =    1446.000  TEMP(K) =   296.94  PRESS =     0.0
 Etot   =    -34509.1007  EKtot   =      9084.6758  EPtot      =    -43593.7765
 BOND   =       362.8187  ANGLE   =      1100.1530  DIHED      =      1368.2277
 1-4 NB =       448.0083  1-4 EEL =      6245.9539  VDWAALS    =      4820.3707
 EELEC  =    -58013.6687  EHBOND  =         0.0000  RESTRAINT  =        74.3599
 EAMBER (non-restraint)  =    -43668.1364
 ------------------------------------------------------------------------------

wrapping first mol.:       20.29907       28.70721       49.72235
wrapping first mol.:       20.29907       28.70721       49.72235

 NSTEP =     3500   TIME(PS) =    1447.000  TEMP(K) =   303.56  PRESS =     0.0
 Etot   =    -34413.7444  EKtot   =      9287.1885  EPtot      =    -43700.9329
 BOND   =       377.0857  ANGLE   =      1072.7844  DIHED      =      1354.3851
 1-4 NB =       448.9401  1-4 EEL =      6231.6006  VDWAALS    =      4515.4196
 EELEC  =    -57774.6148  EHBOND  =         0.0000  RESTRAINT  =        73.4664
 EAMBER (non-restraint)  =    -43774.3993
 ------------------------------------------------------------------------------

wrapping first mol.:       20.29907       28.70721       49.72235
wrapping first mol.:       20.29907       28.70721       49.72235

 NSTEP =     4000   TIME(PS) =    1448.000  TEMP(K) =   300.37  PRESS =     0.0
 Etot   =    -34272.3033  EKtot   =      9189.6104  EPtot      =    -43461.9137
 BOND   =       355.3076  ANGLE   =      1085.9732  DIHED      =      1357.9279
 1-4 NB =       458.1659  1-4 EEL =      6229.3001  VDWAALS    =      4747.0564
 EELEC  =    -57773.5732  EHBOND  =         0.0000  RESTRAINT  =        77.9285
 EAMBER (non-restraint)  =    -43539.8422
 ------------------------------------------------------------------------------

wrapping first mol.:       20.29907       28.70721       49.72235
wrapping first mol.:       20.29907       28.70721       49.72235

 NSTEP =     4500   TIME(PS) =    1449.000  TEMP(K) =   298.18  PRESS =     0.0
 Etot   =    -34481.6290  EKtot   =      9122.5771  EPtot      =    -43604.2061
 BOND   =       354.0684  ANGLE   =      1056.4860  DIHED      =      1350.8498
 1-4 NB =       434.1656  1-4 EEL =      6220.4264  VDWAALS    =      4723.5747
 EELEC  =    -57807.0740  EHBOND  =         0.0000  RESTRAINT  =        63.2969
 EAMBER (non-restraint)  =    -43667.5030
 ------------------------------------------------------------------------------

wrapping first mol.:       20.29907       28.70721       49.72235
wrapping first mol.:       20.29907       28.70721       49.72235

 NSTEP =     5000   TIME(PS) =    1450.000  TEMP(K) =   301.94  PRESS =     0.0
 Etot   =    -34366.9585  EKtot   =      9237.6299  EPtot      =    -43604.5884
 BOND   =       335.3854  ANGLE   =      1047.0815  DIHED      =      1350.4417
 1-4 NB =       459.6310  1-4 EEL =      6273.8795  VDWAALS    =      4696.9951
 EELEC  =    -57836.6345  EHBOND  =         0.0000  RESTRAINT  =        68.6319
 EAMBER (non-restraint)  =    -43673.2202
 ------------------------------------------------------------------------------

wrapping first mol.:       20.29907       28.70721       49.72235
wrapping first mol.:       20.29907       28.70721       49.72235

 NSTEP =     5500   TIME(PS) =    1451.000  TEMP(K) =   299.38  PRESS =     0.0
 Etot   =    -34679.0069  EKtot   =      9159.2012  EPtot      =    -43838.2081
 BOND   =       350.9682  ANGLE   =      1029.8935  DIHED      =      1372.5073
 1-4 NB =       450.6380  1-4 EEL =      6265.9061  VDWAALS    =      4870.2005
 EELEC  =    -58244.5843  EHBOND  =         0.0000  RESTRAINT  =        66.2627
 EAMBER (non-restraint)  =    -43904.4708
 ------------------------------------------------------------------------------

wrapping first mol.:       20.29907       28.70721       49.72235
wrapping first mol.:       20.29907       28.70721       49.72235

 NSTEP =     6000   TIME(PS) =    1452.000  TEMP(K) =   299.14  PRESS =     0.0
 Etot   =    -34572.9376  EKtot   =      9151.7031  EPtot      =    -43724.6408
 BOND   =       340.2066  ANGLE   =      1080.2979  DIHED      =      1352.7099
 1-4 NB =       447.1382  1-4 EEL =      6241.4815  VDWAALS    =      4949.7796
 EELEC  =    -58205.0791  EHBOND  =         0.0000  RESTRAINT  =        68.8245
 EAMBER (non-restraint)  =    -43793.4653
 ------------------------------------------------------------------------------

wrapping first mol.:       20.29907       28.70721       49.72235
wrapping first mol.:       20.29907       28.70721       49.72235

 NSTEP =     6500   TIME(PS) =    1453.000  TEMP(K) =   300.85  PRESS =     0.0
 Etot   =    -34286.0063  EKtot   =      9204.0693  EPtot      =    -43490.0756
 BOND   =       334.7277  ANGLE   =      1105.3782  DIHED      =      1376.9426
 1-4 NB =       455.8196  1-4 EEL =      6225.9387  VDWAALS    =      4718.1134
 EELEC  =    -57791.5075  EHBOND  =         0.0000  RESTRAINT  =        84.5117
 EAMBER (non-restraint)  =    -43574.5873
 ------------------------------------------------------------------------------

wrapping first mol.:       20.29907       28.70721       49.72235
wrapping first mol.:       20.29907       28.70721       49.72235

 NSTEP =     7000   TIME(PS) =    1454.000  TEMP(K) =   297.27  PRESS =     0.0
 Etot   =    -34494.7611  EKtot   =      9094.5400  EPtot      =    -43589.3012
 BOND   =       358.0324  ANGLE   =      1062.2142  DIHED      =      1386.5887
 1-4 NB =       453.6617  1-4 EEL =      6253.8194  VDWAALS    =      4731.8987
 EELEC  =    -57908.9244  EHBOND  =         0.0000  RESTRAINT  =        73.4082
 EAMBER (non-restraint)  =    -43662.7094
 ------------------------------------------------------------------------------

wrapping first mol.:       20.29907       28.70721       49.72235
wrapping first mol.:       20.29907       28.70721       49.72235

 NSTEP =     7500   TIME(PS) =    1455.000  TEMP(K) =   297.58  PRESS =     0.0
 Etot   =    -34544.4971  EKtot   =      9104.0156  EPtot      =    -43648.5127
 BOND   =       338.4923  ANGLE   =      1055.1861  DIHED      =      1363.9785
 1-4 NB =       441.4319  1-4 EEL =      6248.7491  VDWAALS    =      4535.0848
 EELEC  =    -57703.2219  EHBOND  =         0.0000  RESTRAINT  =        71.7866
 EAMBER (non-restraint)  =    -43720.2993
 ------------------------------------------------------------------------------

wrapping first mol.:       20.29907       28.70721       49.72235
wrapping first mol.:       20.29907       28.70721       49.72235

 NSTEP =     8000   TIME(PS) =    1456.000  TEMP(K) =   301.34  PRESS =     0.0
 Etot   =    -34500.1851  EKtot   =      9219.1973  EPtot      =    -43719.3824
 BOND   =       358.7619  ANGLE   =      1116.8327  DIHED      =      1359.6933
 1-4 NB =       435.9068  1-4 EEL =      6205.1952  VDWAALS    =      4812.3611
 EELEC  =    -58081.7674  EHBOND  =         0.0000  RESTRAINT  =        73.6340
 EAMBER (non-restraint)  =    -43793.0164
 ------------------------------------------------------------------------------

wrapping first mol.:       20.29907       28.70721       49.72235
wrapping first mol.:       20.29907       28.70721       49.72235

 NSTEP =     8500   TIME(PS) =    1457.000  TEMP(K) =   304.45  PRESS =     0.0
 Etot   =    -34281.6405  EKtot   =      9314.3623  EPtot      =    -43596.0028
 BOND   =       345.8162  ANGLE   =      1050.7934  DIHED      =      1366.5827
 1-4 NB =       441.3904  1-4 EEL =      6232.7217  VDWAALS    =      4675.0301
 EELEC  =    -57794.5680  EHBOND  =         0.0000  RESTRAINT  =        86.2305
 EAMBER (non-restraint)  =    -43682.2334
 ------------------------------------------------------------------------------

wrapping first mol.:       20.29907       28.70721       49.72235
wrapping first mol.:       20.29907       28.70721       49.72235

 NSTEP =     9000   TIME(PS) =    1458.000  TEMP(K) =   297.55  PRESS =     0.0
 Etot   =    -34248.4583  EKtot   =      9103.0391  EPtot      =    -43351.4974
 BOND   =       324.7224  ANGLE   =      1053.1653  DIHED      =      1357.9140
 1-4 NB =       466.3085  1-4 EEL =      6282.6037  VDWAALS    =      4833.7076
 EELEC  =    -57749.6632  EHBOND  =         0.0000  RESTRAINT  =        79.7442
 EAMBER (non-restraint)  =    -43431.2416
 ------------------------------------------------------------------------------

wrapping first mol.:       20.29907       28.70721       49.72235
wrapping first mol.:       20.29907       28.70721       49.72235

 NSTEP =     9500   TIME(PS) =    1459.000  TEMP(K) =   302.65  PRESS =     0.0
 Etot   =    -34282.7196  EKtot   =      9259.0723  EPtot      =    -43541.7919
 BOND   =       343.8505  ANGLE   =      1104.6120  DIHED      =      1361.6981
 1-4 NB =       459.4309  1-4 EEL =      6241.7623  VDWAALS    =      4744.0463
 EELEC  =    -57863.1912  EHBOND  =         0.0000  RESTRAINT  =        65.9991
 EAMBER (non-restraint)  =    -43607.7910
 ------------------------------------------------------------------------------

wrapping first mol.:       20.29907       28.70721       49.72235
wrapping first mol.:       20.29907       28.70721       49.72235

 NSTEP =    10000   TIME(PS) =    1460.000  TEMP(K) =   301.06  PRESS =     0.0
 Etot   =    -34351.5996  EKtot   =      9210.6826  EPtot      =    -43562.2822
 BOND   =       353.9018  ANGLE   =      1106.9079  DIHED      =      1368.6355
 1-4 NB =       449.2497  1-4 EEL =      6192.5186  VDWAALS    =      4849.0200
 EELEC  =    -57954.5008  EHBOND  =         0.0000  RESTRAINT  =        71.9851
 EAMBER (non-restraint)  =    -43634.2673
 ------------------------------------------------------------------------------

wrapping first mol.:       20.29907       28.70721       49.72235
wrapping first mol.:       20.29907       28.70721       49.72235

 NSTEP =    10500   TIME(PS) =    1461.000  TEMP(K) =   302.62  PRESS =     0.0
 Etot   =    -34402.7445  EKtot   =      9258.2295  EPtot      =    -43660.9740
 BOND   =       344.8830  ANGLE   =      1050.5980  DIHED      =      1377.1087
 1-4 NB =       445.0592  1-4 EEL =      6262.5479  VDWAALS    =      4731.4408
 EELEC  =    -57935.0468  EHBOND  =         0.0000  RESTRAINT  =        62.4352
 EAMBER (non-restraint)  =    -43723.4091
 ------------------------------------------------------------------------------

wrapping first mol.:       20.29907       28.70721       49.72235
wrapping first mol.:       20.29907       28.70721       49.72235

 NSTEP =    11000   TIME(PS) =    1462.000  TEMP(K) =   298.25  PRESS =     0.0
 Etot   =    -34400.0274  EKtot   =      9124.5361  EPtot      =    -43524.5635
 BOND   =       382.2392  ANGLE   =      1055.0468  DIHED      =      1341.5920
 1-4 NB =       436.9640  1-4 EEL =      6225.9942  VDWAALS    =      4718.5089
 EELEC  =    -57757.4748  EHBOND  =         0.0000  RESTRAINT  =        72.5661
 EAMBER (non-restraint)  =    -43597.1296
 ------------------------------------------------------------------------------

wrapping first mol.:       20.29907       28.70721       49.72235
wrapping first mol.:       20.29907       28.70721       49.72235

 NSTEP =    11500   TIME(PS) =    1463.000  TEMP(K) =   300.66  PRESS =     0.0
 Etot   =    -34326.7473  EKtot   =      9198.1826  EPtot      =    -43524.9299
 BOND   =       372.8364  ANGLE   =      1101.8591  DIHED      =      1337.9027
 1-4 NB =       440.5918  1-4 EEL =      6244.1850  VDWAALS    =      4682.6951
 EELEC  =    -57781.4931  EHBOND  =         0.0000  RESTRAINT  =        76.4931
 EAMBER (non-restraint)  =    -43601.4230
 ------------------------------------------------------------------------------

wrapping first mol.:       20.29907       28.70721       49.72235
wrapping first mol.:       20.29907       28.70721       49.72235

 NSTEP =    12000   TIME(PS) =    1464.000  TEMP(K) =   301.87  PRESS =     0.0
 Etot   =    -34577.3270  EKtot   =      9235.3545  EPtot      =    -43812.6815
 BOND   =       355.2970  ANGLE   =      1008.4850  DIHED      =      1352.6385
 1-4 NB =       447.1017  1-4 EEL =      6242.2078  VDWAALS    =      4746.7342
 EELEC  =    -58033.3757  EHBOND  =         0.0000  RESTRAINT  =        68.2300
 EAMBER (non-restraint)  =    -43880.9115
 ------------------------------------------------------------------------------

wrapping first mol.:       20.29907       28.70721       49.72235
wrapping first mol.:       20.29907       28.70721       49.72235

 NSTEP =    12500   TIME(PS) =    1465.000  TEMP(K) =   299.17  PRESS =     0.0
 Etot   =    -34401.0150  EKtot   =      9152.8379  EPtot      =    -43553.8529
 BOND   =       351.2770  ANGLE   =      1067.6851  DIHED      =      1373.5709
 1-4 NB =       450.8940  1-4 EEL =      6262.7269  VDWAALS    =      4753.0449
 EELEC  =    -57883.3328  EHBOND  =         0.0000  RESTRAINT  =        70.2810
 EAMBER (non-restraint)  =    -43624.1339
 ------------------------------------------------------------------------------

wrapping first mol.:       20.29907       28.70721       49.72235
wrapping first mol.:       20.29907       28.70721       49.72235

 NSTEP =    13000   TIME(PS) =    1466.000  TEMP(K) =   304.38  PRESS =     0.0
 Etot   =    -34442.9840  EKtot   =      9312.1270  EPtot      =    -43755.1110
 BOND   =       381.7193  ANGLE   =      1083.3666  DIHED      =      1365.0916
 1-4 NB =       464.4365  1-4 EEL =      6232.1747  VDWAALS    =      4831.3057
 EELEC  =    -58183.6693  EHBOND  =         0.0000  RESTRAINT  =        70.4639
 EAMBER (non-restraint)  =    -43825.5749
 ------------------------------------------------------------------------------

wrapping first mol.:       20.29907       28.70721       49.72235
wrapping first mol.:       20.29907       28.70721       49.72235

 NSTEP =    13500   TIME(PS) =    1467.000  TEMP(K) =   302.95  PRESS =     0.0
 Etot   =    -34300.8559  EKtot   =      9268.3379  EPtot      =    -43569.1938
 BOND   =       355.2703  ANGLE   =      1053.4391  DIHED      =      1377.8692
 1-4 NB =       447.1665  1-4 EEL =      6267.6261  VDWAALS    =      4780.5521
 EELEC  =    -57928.8806  EHBOND  =         0.0000  RESTRAINT  =        77.7637
 EAMBER (non-restraint)  =    -43646.9574
 ------------------------------------------------------------------------------

wrapping first mol.:       20.29907       28.70721       49.72235
wrapping first mol.:       20.29907       28.70721       49.72235

 NSTEP =    14000   TIME(PS) =    1468.000  TEMP(K) =   299.20  PRESS =     0.0
 Etot   =    -34359.9176  EKtot   =      9153.7627  EPtot      =    -43513.6803
 BOND   =       355.5906  ANGLE   =      1061.2947  DIHED      =      1360.4626
 1-4 NB =       449.9479  1-4 EEL =      6236.3372  VDWAALS    =      4761.9433
 EELEC  =    -57818.0222  EHBOND  =         0.0000  RESTRAINT  =        78.7656
 EAMBER (non-restraint)  =    -43592.4459
 ------------------------------------------------------------------------------

wrapping first mol.:       20.29907       28.70721       49.72235
wrapping first mol.:       20.29907       28.70721       49.72235

 NSTEP =    14500   TIME(PS) =    1469.000  TEMP(K) =   303.25  PRESS =     0.0
 Etot   =    -34397.2522  EKtot   =      9277.7197  EPtot      =    -43674.9719
 BOND   =       348.9309  ANGLE   =      1043.8441  DIHED      =      1353.0473
 1-4 NB =       460.3548  1-4 EEL =      6237.4438  VDWAALS    =      4757.9681
 EELEC  =    -57946.5048  EHBOND  =         0.0000  RESTRAINT  =        69.9438
 EAMBER (non-restraint)  =    -43744.9158
 ------------------------------------------------------------------------------

wrapping first mol.:       20.29907       28.70721       49.72235
wrapping first mol.:       20.29907       28.70721       49.72235

 NSTEP =    15000   TIME(PS) =    1470.000  TEMP(K) =   301.64  PRESS =     0.0
 Etot   =    -34401.3330  EKtot   =      9228.1699  EPtot      =    -43629.5029
 BOND   =       356.4395  ANGLE   =      1068.9225  DIHED      =      1362.9186
 1-4 NB =       460.3519  1-4 EEL =      6242.5554  VDWAALS    =      4725.0430
 EELEC  =    -57915.3542  EHBOND  =         0.0000  RESTRAINT  =        69.6203
 EAMBER (non-restraint)  =    -43699.1232
 ------------------------------------------------------------------------------

wrapping first mol.:       20.29907       28.70721       49.72235
wrapping first mol.:       20.29907       28.70721       49.72235

 NSTEP =    15500   TIME(PS) =    1471.000  TEMP(K) =   297.92  PRESS =     0.0
 Etot   =    -34338.0017  EKtot   =      9114.5654  EPtot      =    -43452.5671
 BOND   =       376.3810  ANGLE   =      1093.3728  DIHED      =      1350.7300
 1-4 NB =       440.8654  1-4 EEL =      6209.7861  VDWAALS    =      4741.2429
 EELEC  =    -57736.9363  EHBOND  =         0.0000  RESTRAINT  =        71.9910
 EAMBER (non-restraint)  =    -43524.5581
 ------------------------------------------------------------------------------

wrapping first mol.:       20.29907       28.70721       49.72235
wrapping first mol.:       20.29907       28.70721       49.72235

 NSTEP =    16000   TIME(PS) =    1472.000  TEMP(K) =   297.63  PRESS =     0.0
 Etot   =    -34512.0023  EKtot   =      9105.5615  EPtot      =    -43617.5638
 BOND   =       343.3118  ANGLE   =      1058.9403  DIHED      =      1346.6480
 1-4 NB =       445.7365  1-4 EEL =      6233.0453  VDWAALS    =      4760.9123
 EELEC  =    -57882.1722  EHBOND  =         0.0000  RESTRAINT  =        76.0141
 EAMBER (non-restraint)  =    -43693.5780
 ------------------------------------------------------------------------------

wrapping first mol.:       20.29907       28.70721       49.72235
wrapping first mol.:       20.29907       28.70721       49.72235

 NSTEP =    16500   TIME(PS) =    1473.000  TEMP(K) =   303.59  PRESS =     0.0
 Etot   =    -34259.7210  EKtot   =      9288.1152  EPtot      =    -43547.8362
 BOND   =       352.9730  ANGLE   =      1020.6593  DIHED      =      1370.7524
 1-4 NB =       442.4876  1-4 EEL =      6233.8867  VDWAALS    =      4614.6200
 EELEC  =    -57658.6043  EHBOND  =         0.0000  RESTRAINT  =        75.3891
 EAMBER (non-restraint)  =    -43623.2254
 ------------------------------------------------------------------------------

wrapping first mol.:       20.29907       28.70721       49.72235
wrapping first mol.:       20.29907       28.70721       49.72235

 NSTEP =    17000   TIME(PS) =    1474.000  TEMP(K) =   299.14  PRESS =     0.0
 Etot   =    -34271.9551  EKtot   =      9151.9258  EPtot      =    -43423.8809
 BOND   =       352.4006  ANGLE   =      1094.9416  DIHED      =      1351.5039
 1-4 NB =       451.7387  1-4 EEL =      6205.6373  VDWAALS    =      4919.0208
 EELEC  =    -57873.9143  EHBOND  =         0.0000  RESTRAINT  =        74.7905
 EAMBER (non-restraint)  =    -43498.6714
 ------------------------------------------------------------------------------

wrapping first mol.:       20.29907       28.70721       49.72235
wrapping first mol.:       20.29907       28.70721       49.72235

 NSTEP =    17500   TIME(PS) =    1475.000  TEMP(K) =   298.51  PRESS =     0.0
 Etot   =    -34486.7369  EKtot   =      9132.4941  EPtot      =    -43619.2310
 BOND   =       371.3593  ANGLE   =      1064.6917  DIHED      =      1358.2768
 1-4 NB =       444.6104  1-4 EEL =      6239.2560  VDWAALS    =      4825.0269
 EELEC  =    -57992.8442  EHBOND  =         0.0000  RESTRAINT  =        70.3920
 EAMBER (non-restraint)  =    -43689.6230
 ------------------------------------------------------------------------------

wrapping first mol.:       20.29907       28.70721       49.72235
wrapping first mol.:       20.29907       28.70721       49.72235

 NSTEP =    18000   TIME(PS) =    1476.000  TEMP(K) =   297.66  PRESS =     0.0
 Etot   =    -34559.2227  EKtot   =      9106.5791  EPtot      =    -43665.8018
 BOND   =       335.5713  ANGLE   =      1036.8705  DIHED      =      1340.4770
 1-4 NB =       465.1250  1-4 EEL =      6265.9338  VDWAALS    =      4806.5200
 EELEC  =    -57988.1763  EHBOND  =         0.0000  RESTRAINT  =        71.8769
 EAMBER (non-restraint)  =    -43737.6788
 ------------------------------------------------------------------------------

wrapping first mol.:       20.29907       28.70721       49.72235
wrapping first mol.:       20.29907       28.70721       49.72235

 NSTEP =    18500   TIME(PS) =    1477.000  TEMP(K) =   299.78  PRESS =     0.0
 Etot   =    -34364.7184  EKtot   =      9171.2861  EPtot      =    -43536.0046
 BOND   =       356.2725  ANGLE   =      1100.2237  DIHED      =      1376.0248
 1-4 NB =       440.9968  1-4 EEL =      6239.9620  VDWAALS    =      4768.4319
 EELEC  =    -57891.2132  EHBOND  =         0.0000  RESTRAINT  =        73.2968
 EAMBER (non-restraint)  =    -43609.3014
 ------------------------------------------------------------------------------

wrapping first mol.:       20.29907       28.70721       49.72235
wrapping first mol.:       20.29907       28.70721       49.72235

 NSTEP =    19000   TIME(PS) =    1478.000  TEMP(K) =   299.50  PRESS =     0.0
 Etot   =    -34342.1642  EKtot   =      9162.7754  EPtot      =    -43504.9396
 BOND   =       355.7407  ANGLE   =      1049.8173  DIHED      =      1371.4978
 1-4 NB =       447.5747  1-4 EEL =      6253.4314  VDWAALS    =      4770.7510
 EELEC  =    -57827.7140  EHBOND  =         0.0000  RESTRAINT  =        73.9617
 EAMBER (non-restraint)  =    -43578.9013
 ------------------------------------------------------------------------------

wrapping first mol.:       20.29907       28.70721       49.72235
wrapping first mol.:       20.29907       28.70721       49.72235

 NSTEP =    19500   TIME(PS) =    1479.000  TEMP(K) =   299.61  PRESS =     0.0
 Etot   =    -34403.1179  EKtot   =      9166.3369  EPtot      =    -43569.4548
 BOND   =       373.6611  ANGLE   =      1069.5487  DIHED      =      1368.9253
 1-4 NB =       445.3375  1-4 EEL =      6200.0679  VDWAALS    =      4681.5280
 EELEC  =    -57785.3021  EHBOND  =         0.0000  RESTRAINT  =        76.7789
 EAMBER (non-restraint)  =    -43646.2337
 ------------------------------------------------------------------------------

wrapping first mol.:       20.29907       28.70721       49.72235
wrapping first mol.:       20.29907       28.70721       49.72235

 NSTEP =    20000   TIME(PS) =    1480.000  TEMP(K) =   296.77  PRESS =     0.0
 Etot   =    -34662.1595  EKtot   =      9079.4346  EPtot      =    -43741.5941
 BOND   =       362.4999  ANGLE   =      1079.8284  DIHED      =      1359.0047
 1-4 NB =       442.8933  1-4 EEL =      6210.8187  VDWAALS    =      4718.5339
 EELEC  =    -57987.5000  EHBOND  =         0.0000  RESTRAINT  =        72.3271
 EAMBER (non-restraint)  =    -43813.9212
 ------------------------------------------------------------------------------

wrapping first mol.:       20.29907       28.70721       49.72235
wrapping first mol.:       20.29907       28.70721       49.72235

 NSTEP =    20500   TIME(PS) =    1481.000  TEMP(K) =   304.75  PRESS =     0.0
 Etot   =    -34326.6684  EKtot   =      9323.3701  EPtot      =    -43650.0385
 BOND   =       362.3516  ANGLE   =      1068.0168  DIHED      =      1389.9324
 1-4 NB =       439.3326  1-4 EEL =      6229.3038  VDWAALS    =      4748.3811
 EELEC  =    -57967.3271  EHBOND  =         0.0000  RESTRAINT  =        79.9704
 EAMBER (non-restraint)  =    -43730.0089
 ------------------------------------------------------------------------------

wrapping first mol.:       20.29907       28.70721       49.72235
wrapping first mol.:       20.29907       28.70721       49.72235

 NSTEP =    21000   TIME(PS) =    1482.000  TEMP(K) =   298.91  PRESS =     0.0
 Etot   =    -34396.7011  EKtot   =      9144.6484  EPtot      =    -43541.3495
 BOND   =       354.0414  ANGLE   =      1065.6069  DIHED      =      1398.9150
 1-4 NB =       429.9650  1-4 EEL =      6212.3094  VDWAALS    =      4578.9167
 EELEC  =    -57656.9029  EHBOND  =         0.0000  RESTRAINT  =        75.7989
 EAMBER (non-restraint)  =    -43617.1485
 ------------------------------------------------------------------------------

wrapping first mol.:       20.29907       28.70721       49.72235
wrapping first mol.:       20.29907       28.70721       49.72235

 NSTEP =    21500   TIME(PS) =    1483.000  TEMP(K) =   298.92  PRESS =     0.0
 Etot   =    -34366.4675  EKtot   =      9145.0293  EPtot      =    -43511.4968
 BOND   =       361.4934  ANGLE   =      1053.8683  DIHED      =      1377.2505
 1-4 NB =       455.1347  1-4 EEL =      6219.4358  VDWAALS    =      4611.1760
 EELEC  =    -57659.7051  EHBOND  =         0.0000  RESTRAINT  =        69.8497
 EAMBER (non-restraint)  =    -43581.3465
 ------------------------------------------------------------------------------

wrapping first mol.:       20.29907       28.70721       49.72235
wrapping first mol.:       20.29907       28.70721       49.72235

 NSTEP =    22000   TIME(PS) =    1484.000  TEMP(K) =   302.77  PRESS =     0.0
 Etot   =    -34232.6582  EKtot   =      9262.9902  EPtot      =    -43495.6484
 BOND   =       362.5719  ANGLE   =      1035.2656  DIHED      =      1350.4501
 1-4 NB =       451.8190  1-4 EEL =      6218.1722  VDWAALS    =      4814.1334
 EELEC  =    -57799.5354  EHBOND  =         0.0000  RESTRAINT  =        71.4747
 EAMBER (non-restraint)  =    -43567.1230
 ------------------------------------------------------------------------------

wrapping first mol.:       20.29907       28.70721       49.72235
wrapping first mol.:       20.29907       28.70721       49.72235

 NSTEP =    22500   TIME(PS) =    1485.000  TEMP(K) =   295.98  PRESS =     0.0
 Etot   =    -34415.5019  EKtot   =      9055.0791  EPtot      =    -43470.5810
 BOND   =       365.1122  ANGLE   =      1113.1096  DIHED      =      1373.8487
 1-4 NB =       440.3813  1-4 EEL =      6251.0228  VDWAALS    =      4782.6967
 EELEC  =    -57868.8823  EHBOND  =         0.0000  RESTRAINT  =        72.1301
 EAMBER (non-restraint)  =    -43542.7111
 ------------------------------------------------------------------------------

wrapping first mol.:       20.29907       28.70721       49.72235
wrapping first mol.:       20.29907       28.70721       49.72235

 NSTEP =    23000   TIME(PS) =    1486.000  TEMP(K) =   301.52  PRESS =     0.0
 Etot   =    -34296.7031  EKtot   =      9224.5986  EPtot      =    -43521.3018
 BOND   =       357.6212  ANGLE   =      1097.2886  DIHED      =      1374.9469
 1-4 NB =       433.8139  1-4 EEL =      6199.1740  VDWAALS    =      4572.5224
 EELEC  =    -57632.8915  EHBOND  =         0.0000  RESTRAINT  =        76.2228
 EAMBER (non-restraint)  =    -43597.5246
 ------------------------------------------------------------------------------

wrapping first mol.:       20.29907       28.70721       49.72235
wrapping first mol.:       20.29907       28.70721       49.72235

 NSTEP =    23500   TIME(PS) =    1487.000  TEMP(K) =   300.07  PRESS =     0.0
 Etot   =    -34447.9421  EKtot   =      9180.3613  EPtot      =    -43628.3034
 BOND   =       345.2378  ANGLE   =      1101.9027  DIHED      =      1371.0495
 1-4 NB =       441.9235  1-4 EEL =      6228.8479  VDWAALS    =      4496.1053
 EELEC  =    -57680.5352  EHBOND  =         0.0000  RESTRAINT  =        67.1652
 EAMBER (non-restraint)  =    -43695.4686
 ------------------------------------------------------------------------------

wrapping first mol.:       20.29907       28.70721       49.72235
wrapping first mol.:       20.29907       28.70721       49.72235

 NSTEP =    24000   TIME(PS) =    1488.000  TEMP(K) =   297.65  PRESS =     0.0
 Etot   =    -34551.5945  EKtot   =      9106.2158  EPtot      =    -43657.8103
 BOND   =       353.2019  ANGLE   =      1098.9260  DIHED      =      1385.8509
 1-4 NB =       461.4245  1-4 EEL =      6214.5392  VDWAALS    =      4788.9009
 EELEC  =    -58041.1895  EHBOND  =         0.0000  RESTRAINT  =        80.5356
 EAMBER (non-restraint)  =    -43738.3459
 ------------------------------------------------------------------------------

wrapping first mol.:       20.29907       28.70721       49.72235
wrapping first mol.:       20.29907       28.70721       49.72235

 NSTEP =    24500   TIME(PS) =    1489.000  TEMP(K) =   298.97  PRESS =     0.0
 Etot   =    -34277.5556  EKtot   =      9146.7822  EPtot      =    -43424.3378
 BOND   =       390.2845  ANGLE   =      1076.8905  DIHED      =      1388.8158
 1-4 NB =       460.1561  1-4 EEL =      6276.4334  VDWAALS    =      4816.2753
 EELEC  =    -57906.7179  EHBOND  =         0.0000  RESTRAINT  =        73.5245
 EAMBER (non-restraint)  =    -43497.8623
 ------------------------------------------------------------------------------

wrapping first mol.:       20.29907       28.70721       49.72235
wrapping first mol.:       20.29907       28.70721       49.72235

 NSTEP =    25000   TIME(PS) =    1490.000  TEMP(K) =   303.50  PRESS =     0.0
 Etot   =    -34376.0914  EKtot   =      9285.3242  EPtot      =    -43661.4156
 BOND   =       379.8174  ANGLE   =      1064.7779  DIHED      =      1364.3683
 1-4 NB =       433.1155  1-4 EEL =      6240.0612  VDWAALS    =      4839.4117
 EELEC  =    -58059.2180  EHBOND  =         0.0000  RESTRAINT  =        76.2505
 EAMBER (non-restraint)  =    -43737.6661
 ------------------------------------------------------------------------------

wrapping first mol.:       20.29907       28.70721       49.72235
wrapping first mol.:       20.29907       28.70721       49.72235

 NSTEP =    25500   TIME(PS) =    1491.000  TEMP(K) =   299.69  PRESS =     0.0
 Etot   =    -34393.0828  EKtot   =      9168.5703  EPtot      =    -43561.6531
 BOND   =       358.7410  ANGLE   =      1096.7843  DIHED      =      1350.3483
 1-4 NB =       464.0774  1-4 EEL =      6225.8348  VDWAALS    =      4755.2621
 EELEC  =    -57890.4949  EHBOND  =         0.0000  RESTRAINT  =        77.7939
 EAMBER (non-restraint)  =    -43639.4470
 ------------------------------------------------------------------------------

wrapping first mol.:       20.29907       28.70721       49.72235
wrapping first mol.:       20.29907       28.70721       49.72235

 NSTEP =    26000   TIME(PS) =    1492.000  TEMP(K) =   300.26  PRESS =     0.0
 Etot   =    -34556.9800  EKtot   =      9186.2295  EPtot      =    -43743.2094
 BOND   =       357.1843  ANGLE   =      1091.0108  DIHED      =      1339.7653
 1-4 NB =       456.0390  1-4 EEL =      6249.0759  VDWAALS    =      4780.1903
 EELEC  =    -58097.0283  EHBOND  =         0.0000  RESTRAINT  =        80.5533
 EAMBER (non-restraint)  =    -43823.7627
 ------------------------------------------------------------------------------

wrapping first mol.:       20.29907       28.70721       49.72235
wrapping first mol.:       20.29907       28.70721       49.72235

 NSTEP =    26500   TIME(PS) =    1493.000  TEMP(K) =   299.23  PRESS =     0.0
 Etot   =    -34440.9890  EKtot   =      9154.6611  EPtot      =    -43595.6502
 BOND   =       328.0286  ANGLE   =      1022.0513  DIHED      =      1345.4072
 1-4 NB =       442.6697  1-4 EEL =      6221.6037  VDWAALS    =      4809.4691
 EELEC  =    -57839.2030  EHBOND  =         0.0000  RESTRAINT  =        74.3232
 EAMBER (non-restraint)  =    -43669.9734
 ------------------------------------------------------------------------------

wrapping first mol.:       20.29907       28.70721       49.72235
wrapping first mol.:       20.29907       28.70721       49.72235

 NSTEP =    27000   TIME(PS) =    1494.000  TEMP(K) =   305.13  PRESS =     0.0
 Etot   =    -34311.6772  EKtot   =      9334.9756  EPtot      =    -43646.6528
 BOND   =       345.1134  ANGLE   =      1081.0220  DIHED      =      1367.3616
 1-4 NB =       444.5498  1-4 EEL =      6256.8532  VDWAALS    =      4772.0292
 EELEC  =    -57991.0671  EHBOND  =         0.0000  RESTRAINT  =        77.4852
 EAMBER (non-restraint)  =    -43724.1380
 ------------------------------------------------------------------------------

wrapping first mol.:       20.29907       28.70721       49.72235
wrapping first mol.:       20.29907       28.70721       49.72235

 NSTEP =    27500   TIME(PS) =    1495.000  TEMP(K) =   295.69  PRESS =     0.0
 Etot   =    -34546.2385  EKtot   =      9046.1953  EPtot      =    -43592.4339
 BOND   =       357.5958  ANGLE   =      1074.7540  DIHED      =      1375.1986
 1-4 NB =       455.1895  1-4 EEL =      6226.3657  VDWAALS    =      4755.8796
 EELEC  =    -57908.1222  EHBOND  =         0.0000  RESTRAINT  =        70.7052
 EAMBER (non-restraint)  =    -43663.1391
 ------------------------------------------------------------------------------

wrapping first mol.:       20.29907       28.70721       49.72235
wrapping first mol.:       20.29907       28.70721       49.72235

 NSTEP =    28000   TIME(PS) =    1496.000  TEMP(K) =   305.27  PRESS =     0.0
 Etot   =    -34395.1517  EKtot   =      9339.3555  EPtot      =    -43734.5072
 BOND   =       374.2232  ANGLE   =      1053.0080  DIHED      =      1357.5971
 1-4 NB =       442.1018  1-4 EEL =      6269.0855  VDWAALS    =      4617.5354
 EELEC  =    -57915.5599  EHBOND  =         0.0000  RESTRAINT  =        67.5018
 EAMBER (non-restraint)  =    -43802.0090
 ------------------------------------------------------------------------------

wrapping first mol.:       20.29907       28.70721       49.72235
wrapping first mol.:       20.29907       28.70721       49.72235

 NSTEP =    28500   TIME(PS) =    1497.000  TEMP(K) =   300.92  PRESS =     0.0
 Etot   =    -34428.0007  EKtot   =      9206.3477  EPtot      =    -43634.3484
 BOND   =       357.7755  ANGLE   =      1062.4722  DIHED      =      1368.7523
 1-4 NB =       449.8663  1-4 EEL =      6239.5709  VDWAALS    =      4521.2477
 EELEC  =    -57708.4256  EHBOND  =         0.0000  RESTRAINT  =        74.3924
 EAMBER (non-restraint)  =    -43708.7408
 ------------------------------------------------------------------------------

wrapping first mol.:       20.29907       28.70721       49.72235
wrapping first mol.:       20.29907       28.70721       49.72235

 NSTEP =    29000   TIME(PS) =    1498.000  TEMP(K) =   304.01  PRESS =     0.0
 Etot   =    -34382.9456  EKtot   =      9300.9346  EPtot      =    -43683.8802
 BOND   =       317.6616  ANGLE   =      1078.8850  DIHED      =      1381.7693
 1-4 NB =       445.9624  1-4 EEL =      6181.3643  VDWAALS    =      4664.9948
 EELEC  =    -57829.6287  EHBOND  =         0.0000  RESTRAINT  =        75.1111
 EAMBER (non-restraint)  =    -43758.9913
 ------------------------------------------------------------------------------

wrapping first mol.:       20.29907       28.70721       49.72235
wrapping first mol.:       20.29907       28.70721       49.72235

 NSTEP =    29500   TIME(PS) =    1499.000  TEMP(K) =   295.29  PRESS =     0.0
 Etot   =    -34643.2195  EKtot   =      9034.0381  EPtot      =    -43677.2576
 BOND   =       328.2580  ANGLE   =      1015.4075  DIHED      =      1353.9328
 1-4 NB =       454.5472  1-4 EEL =      6200.3460  VDWAALS    =      4705.9973
 EELEC  =    -57804.6939  EHBOND  =         0.0000  RESTRAINT  =        68.9474
 EAMBER (non-restraint)  =    -43746.2050
 ------------------------------------------------------------------------------

wrapping first mol.:       20.29907       28.70721       49.72235
wrapping first mol.:       20.29907       28.70721       49.72235

 NSTEP =    30000   TIME(PS) =    1500.000  TEMP(K) =   298.45  PRESS =     0.0
 Etot   =    -34506.4791  EKtot   =      9130.7109  EPtot      =    -43637.1901
 BOND   =       371.3662  ANGLE   =      1075.4444  DIHED      =      1374.5532
 1-4 NB =       446.4808  1-4 EEL =      6239.7832  VDWAALS    =      4839.6042
 EELEC  =    -58055.8615  EHBOND  =         0.0000  RESTRAINT  =        71.4395
 EAMBER (non-restraint)  =    -43708.6296
 ------------------------------------------------------------------------------

wrapping first mol.:       20.29907       28.70721       49.72235
wrapping first mol.:       20.29907       28.70721       49.72235

 NSTEP =    30500   TIME(PS) =    1501.000  TEMP(K) =   298.83  PRESS =     0.0
 Etot   =    -34628.6980  EKtot   =      9142.3281  EPtot      =    -43771.0261
 BOND   =       365.0072  ANGLE   =      1068.2675  DIHED      =      1354.1483
 1-4 NB =       446.1876  1-4 EEL =      6221.4135  VDWAALS    =      4709.3243
 EELEC  =    -58014.6255  EHBOND  =         0.0000  RESTRAINT  =        79.2510
 EAMBER (non-restraint)  =    -43850.2772
 ------------------------------------------------------------------------------

wrapping first mol.:       20.29907       28.70721       49.72235
wrapping first mol.:       20.29907       28.70721       49.72235

 NSTEP =    31000   TIME(PS) =    1502.000  TEMP(K) =   301.37  PRESS =     0.0
 Etot   =    -34376.6158  EKtot   =      9220.0771  EPtot      =    -43596.6930
 BOND   =       355.7694  ANGLE   =      1095.2180  DIHED      =      1371.9212
 1-4 NB =       427.2590  1-4 EEL =      6190.1904  VDWAALS    =      4611.5413
 EELEC  =    -57726.6365  EHBOND  =         0.0000  RESTRAINT  =        78.0443
 EAMBER (non-restraint)  =    -43674.7372
 ------------------------------------------------------------------------------

wrapping first mol.:       20.29907       28.70721       49.72235
wrapping first mol.:       20.29907       28.70721       49.72235

 NSTEP =    31500   TIME(PS) =    1503.000  TEMP(K) =   300.22  PRESS =     0.0
 Etot   =    -34512.1140  EKtot   =      9184.9395  EPtot      =    -43697.0534
 BOND   =       323.0326  ANGLE   =      1057.4444  DIHED      =      1357.2159
 1-4 NB =       431.6084  1-4 EEL =      6219.3071  VDWAALS    =      4841.7695
 EELEC  =    -58003.4332  EHBOND  =         0.0000  RESTRAINT  =        76.0019
 EAMBER (non-restraint)  =    -43773.0553
 ------------------------------------------------------------------------------

wrapping first mol.:       20.29907       28.70721       49.72235
wrapping first mol.:       20.29907       28.70721       49.72235

 NSTEP =    32000   TIME(PS) =    1504.000  TEMP(K) =   302.85  PRESS =     0.0
 Etot   =    -34415.4506  EKtot   =      9265.1953  EPtot      =    -43680.6459
 BOND   =       367.5388  ANGLE   =      1018.8305  DIHED      =      1384.7993
 1-4 NB =       446.8396  1-4 EEL =      6228.6352  VDWAALS    =      4606.3318
 EELEC  =    -57811.2402  EHBOND  =         0.0000  RESTRAINT  =        77.6191
 EAMBER (non-restraint)  =    -43758.2650
 ------------------------------------------------------------------------------

wrapping first mol.:       20.29907       28.70721       49.72235
wrapping first mol.:       20.29907       28.70721       49.72235

 NSTEP =    32500   TIME(PS) =    1505.000  TEMP(K) =   301.43  PRESS =     0.0
 Etot   =    -34531.2285  EKtot   =      9221.8623  EPtot      =    -43753.0908
 BOND   =       349.0249  ANGLE   =      1072.1145  DIHED      =      1361.2625
 1-4 NB =       445.7132  1-4 EEL =      6244.0929  VDWAALS    =      4653.6643
 EELEC  =    -57949.2375  EHBOND  =         0.0000  RESTRAINT  =        70.2745
 EAMBER (non-restraint)  =    -43823.3653
 ------------------------------------------------------------------------------

wrapping first mol.:       20.29907       28.70721       49.72235
wrapping first mol.:       20.29907       28.70721       49.72235

 NSTEP =    33000   TIME(PS) =    1506.000  TEMP(K) =   299.76  PRESS =     0.0
 Etot   =    -34541.6630  EKtot   =      9170.8330  EPtot      =    -43712.4960
 BOND   =       354.7002  ANGLE   =      1093.6065  DIHED      =      1367.5225
 1-4 NB =       443.7828  1-4 EEL =      6259.7577  VDWAALS    =      4787.8522
 EELEC  =    -58092.8361  EHBOND  =         0.0000  RESTRAINT  =        73.1182
 EAMBER (non-restraint)  =    -43785.6142
 ------------------------------------------------------------------------------

wrapping first mol.:       20.29907       28.70721       49.72235
wrapping first mol.:       20.29907       28.70721       49.72235

 NSTEP =    33500   TIME(PS) =    1507.000  TEMP(K) =   298.03  PRESS =     0.0
 Etot   =    -34483.1088  EKtot   =      9117.8965  EPtot      =    -43601.0052
 BOND   =       355.0900  ANGLE   =      1074.8688  DIHED      =      1352.7949
 1-4 NB =       448.8633  1-4 EEL =      6221.7458  VDWAALS    =      4758.4895
 EELEC  =    -57884.2265  EHBOND  =         0.0000  RESTRAINT  =        71.3691
 EAMBER (non-restraint)  =    -43672.3744
 ------------------------------------------------------------------------------

wrapping first mol.:       20.29907       28.70721       49.72235
wrapping first mol.:       20.29907       28.70721       49.72235

 NSTEP =    34000   TIME(PS) =    1508.000  TEMP(K) =   299.33  PRESS =     0.0
 Etot   =    -34559.4097  EKtot   =      9157.5371  EPtot      =    -43716.9468
 BOND   =       370.3745  ANGLE   =      1077.3739  DIHED      =      1373.8471
 1-4 NB =       443.9270  1-4 EEL =      6235.7754  VDWAALS    =      4717.5477
 EELEC  =    -58001.7976  EHBOND  =         0.0000  RESTRAINT  =        66.0052
 EAMBER (non-restraint)  =    -43782.9521
 ------------------------------------------------------------------------------

wrapping first mol.:       20.29907       28.70721       49.72235
wrapping first mol.:       20.29907       28.70721       49.72235

 NSTEP =    34500   TIME(PS) =    1509.000  TEMP(K) =   303.05  PRESS =     0.0
 Etot   =    -34505.7371  EKtot   =      9271.3838  EPtot      =    -43777.1209
 BOND   =       365.4500  ANGLE   =      1083.1121  DIHED      =      1342.2448
 1-4 NB =       450.3503  1-4 EEL =      6238.5512  VDWAALS    =      4763.5499
 EELEC  =    -58088.9140  EHBOND  =         0.0000  RESTRAINT  =        68.5348
 EAMBER (non-restraint)  =    -43845.6556
 ------------------------------------------------------------------------------

wrapping first mol.:       20.29907       28.70721       49.72235
wrapping first mol.:       20.29907       28.70721       49.72235

 NSTEP =    35000   TIME(PS) =    1510.000  TEMP(K) =   297.78  PRESS =     0.0
 Etot   =    -34361.6905  EKtot   =      9110.2461  EPtot      =    -43471.9366
 BOND   =       382.4727  ANGLE   =      1040.0923  DIHED      =      1361.2530
 1-4 NB =       452.9692  1-4 EEL =      6247.8403  VDWAALS    =      4746.4713
 EELEC  =    -57778.0198  EHBOND  =         0.0000  RESTRAINT  =        74.9845
 EAMBER (non-restraint)  =    -43546.9211
 ------------------------------------------------------------------------------

wrapping first mol.:       20.29907       28.70721       49.72235
wrapping first mol.:       20.29907       28.70721       49.72235

 NSTEP =    35500   TIME(PS) =    1511.000  TEMP(K) =   296.96  PRESS =     0.0
 Etot   =    -34502.5011  EKtot   =      9085.1670  EPtot      =    -43587.6681
 BOND   =       338.6616  ANGLE   =      1050.0766  DIHED      =      1359.3343
 1-4 NB =       446.0843  1-4 EEL =      6265.1932  VDWAALS    =      4637.4921
 EELEC  =    -57750.0328  EHBOND  =         0.0000  RESTRAINT  =        65.5227
 EAMBER (non-restraint)  =    -43653.1907
 ------------------------------------------------------------------------------

wrapping first mol.:       20.29907       28.70721       49.72235
wrapping first mol.:       20.29907       28.70721       49.72235

 NSTEP =    36000   TIME(PS) =    1512.000  TEMP(K) =   303.66  PRESS =     0.0
 Etot   =    -34416.9019  EKtot   =      9290.0762  EPtot      =    -43706.9780
 BOND   =       353.2879  ANGLE   =      1030.4515  DIHED      =      1386.5922
 1-4 NB =       444.7283  1-4 EEL =      6230.1397  VDWAALS    =      4776.4610
 EELEC  =    -57996.9361  EHBOND  =         0.0000  RESTRAINT  =        68.2976
 EAMBER (non-restraint)  =    -43775.2756
 ------------------------------------------------------------------------------

wrapping first mol.:       20.29907       28.70721       49.72235
wrapping first mol.:       20.29907       28.70721       49.72235

 NSTEP =    36500   TIME(PS) =    1513.000  TEMP(K) =   304.48  PRESS =     0.0
 Etot   =    -34539.3895  EKtot   =      9315.3467  EPtot      =    -43854.7362
 BOND   =       360.1146  ANGLE   =      1083.4894  DIHED      =      1335.5646
 1-4 NB =       433.8249  1-4 EEL =      6233.8821  VDWAALS    =      4754.1047
 EELEC  =    -58128.7597  EHBOND  =         0.0000  RESTRAINT  =        73.0432
 EAMBER (non-restraint)  =    -43927.7793
 ------------------------------------------------------------------------------

wrapping first mol.:       20.29907       28.70721       49.72235
wrapping first mol.:       20.29907       28.70721       49.72235

 NSTEP =    37000   TIME(PS) =    1514.000  TEMP(K) =   299.30  PRESS =     0.0
 Etot   =    -34573.8248  EKtot   =      9156.8154  EPtot      =    -43730.6402
 BOND   =       340.2308  ANGLE   =      1077.6348  DIHED      =      1365.9542
 1-4 NB =       446.3713  1-4 EEL =      6225.6866  VDWAALS    =      4765.9059
 EELEC  =    -58027.1782  EHBOND  =         0.0000  RESTRAINT  =        74.7544
 EAMBER (non-restraint)  =    -43805.3947
 ------------------------------------------------------------------------------

wrapping first mol.:       20.29907       28.70721       49.72235
wrapping first mol.:       20.29907       28.70721       49.72235

 NSTEP =    37500   TIME(PS) =    1515.000  TEMP(K) =   304.01  PRESS =     0.0
 Etot   =    -34437.4924  EKtot   =      9300.7461  EPtot      =    -43738.2385
 BOND   =       348.6476  ANGLE   =      1071.5640  DIHED      =      1374.8817
 1-4 NB =       454.5307  1-4 EEL =      6249.7815  VDWAALS    =      4878.9736
 EELEC  =    -58190.5275  EHBOND  =         0.0000  RESTRAINT  =        73.9098
 EAMBER (non-restraint)  =    -43812.1483
 ------------------------------------------------------------------------------

wrapping first mol.:       20.29907       28.70721       49.72235
wrapping first mol.:       20.29907       28.70721       49.72235

 NSTEP =    38000   TIME(PS) =    1516.000  TEMP(K) =   300.10  PRESS =     0.0
 Etot   =    -34470.6469  EKtot   =      9181.1387  EPtot      =    -43651.7855
 BOND   =       353.3859  ANGLE   =      1091.0367  DIHED      =      1358.6740
 1-4 NB =       440.0245  1-4 EEL =      6239.2765  VDWAALS    =      4688.7442
 EELEC  =    -57895.1152  EHBOND  =         0.0000  RESTRAINT  =        72.1878
 EAMBER (non-restraint)  =    -43723.9734
 ------------------------------------------------------------------------------

wrapping first mol.:       20.29907       28.70721       49.72235
wrapping first mol.:       20.29907       28.70721       49.72235

 NSTEP =    38500   TIME(PS) =    1517.000  TEMP(K) =   300.32  PRESS =     0.0
 Etot   =    -34557.2758  EKtot   =      9187.8291  EPtot      =    -43745.1049
 BOND   =       332.8429  ANGLE   =      1040.3232  DIHED      =      1372.8798
 1-4 NB =       436.5482  1-4 EEL =      6210.0159  VDWAALS    =      4581.6276
 EELEC  =    -57794.9645  EHBOND  =         0.0000  RESTRAINT  =        75.6218
 EAMBER (non-restraint)  =    -43820.7268
 ------------------------------------------------------------------------------

wrapping first mol.:       20.29907       28.70721       49.72235
wrapping first mol.:       20.29907       28.70721       49.72235

 NSTEP =    39000   TIME(PS) =    1518.000  TEMP(K) =   304.45  PRESS =     0.0
 Etot   =    -34251.6607  EKtot   =      9314.2656  EPtot      =    -43565.9263
 BOND   =       364.0603  ANGLE   =      1092.2084  DIHED      =      1368.6368
 1-4 NB =       450.9094  1-4 EEL =      6258.9514  VDWAALS    =      4813.7133
 EELEC  =    -57996.3755  EHBOND  =         0.0000  RESTRAINT  =        81.9696
 EAMBER (non-restraint)  =    -43647.8959
 ------------------------------------------------------------------------------

wrapping first mol.:       20.29907       28.70721       49.72235
wrapping first mol.:       20.29907       28.70721       49.72235

 NSTEP =    39500   TIME(PS) =    1519.000  TEMP(K) =   299.89  PRESS =     0.0
 Etot   =    -34727.6374  EKtot   =      9174.7432  EPtot      =    -43902.3805
 BOND   =       337.4385  ANGLE   =      1073.9727  DIHED      =      1369.2149
 1-4 NB =       441.9460  1-4 EEL =      6251.3721  VDWAALS    =      4792.5848
 EELEC  =    -58237.4377  EHBOND  =         0.0000  RESTRAINT  =        68.5282
 EAMBER (non-restraint)  =    -43970.9087
 ------------------------------------------------------------------------------

wrapping first mol.:       20.29907       28.70721       49.72235
wrapping first mol.:       20.29907       28.70721       49.72235

 NSTEP =    40000   TIME(PS) =    1520.000  TEMP(K) =   299.03  PRESS =     0.0
 Etot   =    -34635.9177  EKtot   =      9148.5430  EPtot      =    -43784.4606
 BOND   =       356.6235  ANGLE   =      1075.0652  DIHED      =      1354.2562
 1-4 NB =       442.7774  1-4 EEL =      6233.4350  VDWAALS    =      4795.1698
 EELEC  =    -58118.1028  EHBOND  =         0.0000  RESTRAINT  =        76.3151
 EAMBER (non-restraint)  =    -43860.7757
 ------------------------------------------------------------------------------

wrapping first mol.:       20.29907       28.70721       49.72235
wrapping first mol.:       20.29907       28.70721       49.72235

 NSTEP =    40500   TIME(PS) =    1521.000  TEMP(K) =   298.38  PRESS =     0.0
 Etot   =    -34595.0851  EKtot   =      9128.6758  EPtot      =    -43723.7609
 BOND   =       351.0324  ANGLE   =      1044.2896  DIHED      =      1380.7193
 1-4 NB =       449.3090  1-4 EEL =      6238.2969  VDWAALS    =      4704.5367
 EELEC  =    -57963.4533  EHBOND  =         0.0000  RESTRAINT  =        71.5087
 EAMBER (non-restraint)  =    -43795.2696
 ------------------------------------------------------------------------------

wrapping first mol.:       20.29907       28.70721       49.72235
wrapping first mol.:       20.29907       28.70721       49.72235

 NSTEP =    41000   TIME(PS) =    1522.000  TEMP(K) =   299.86  PRESS =     0.0
 Etot   =    -34498.1927  EKtot   =      9173.8916  EPtot      =    -43672.0843
 BOND   =       359.3167  ANGLE   =      1080.7508  DIHED      =      1354.7170
 1-4 NB =       461.7663  1-4 EEL =      6248.2276  VDWAALS    =      4921.6751
 EELEC  =    -58168.4475  EHBOND  =         0.0000  RESTRAINT  =        69.9097
 EAMBER (non-restraint)  =    -43741.9940
 ------------------------------------------------------------------------------

wrapping first mol.:       20.29907       28.70721       49.72235
wrapping first mol.:       20.29907       28.70721       49.72235

 NSTEP =    41500   TIME(PS) =    1523.000  TEMP(K) =   297.88  PRESS =     0.0
 Etot   =    -34520.0354  EKtot   =      9113.1904  EPtot      =    -43633.2258
 BOND   =       368.6594  ANGLE   =      1051.1138  DIHED      =      1369.4372
 1-4 NB =       434.0184  1-4 EEL =      6264.1836  VDWAALS    =      4741.4775
 EELEC  =    -57940.1203  EHBOND  =         0.0000  RESTRAINT  =        78.0046
 EAMBER (non-restraint)  =    -43711.2303
 ------------------------------------------------------------------------------

wrapping first mol.:       20.29907       28.70721       49.72235
wrapping first mol.:       20.29907       28.70721       49.72235

 NSTEP =    42000   TIME(PS) =    1524.000  TEMP(K) =   300.19  PRESS =     0.0
 Etot   =    -34620.2318  EKtot   =      9183.9980  EPtot      =    -43804.2298
 BOND   =       343.3036  ANGLE   =      1075.4284  DIHED      =      1360.7381
 1-4 NB =       445.1753  1-4 EEL =      6204.8121  VDWAALS    =      4987.0591
 EELEC  =    -58296.2598  EHBOND  =         0.0000  RESTRAINT  =        75.5135
 EAMBER (non-restraint)  =    -43879.7433
 ------------------------------------------------------------------------------

wrapping first mol.:       20.29907       28.70721       49.72235
wrapping first mol.:       20.29907       28.70721       49.72235

 NSTEP =    42500   TIME(PS) =    1525.000  TEMP(K) =   300.71  PRESS =     0.0
 Etot   =    -34425.5143  EKtot   =      9199.8018  EPtot      =    -43625.3161
 BOND   =       358.3468  ANGLE   =      1079.4688  DIHED      =      1372.4889
 1-4 NB =       455.2490  1-4 EEL =      6258.7821  VDWAALS    =      4735.3285
 EELEC  =    -57958.5796  EHBOND  =         0.0000  RESTRAINT  =        73.5995
 EAMBER (non-restraint)  =    -43698.9155
 ------------------------------------------------------------------------------

wrapping first mol.:       20.29907       28.70721       49.72235
wrapping first mol.:       20.29907       28.70721       49.72235

 NSTEP =    43000   TIME(PS) =    1526.000  TEMP(K) =   300.69  PRESS =     0.0
 Etot   =    -34494.7190  EKtot   =      9199.1211  EPtot      =    -43693.8401
 BOND   =       379.9276  ANGLE   =      1021.4821  DIHED      =      1357.1744
 1-4 NB =       444.5219  1-4 EEL =      6270.2389  VDWAALS    =      4748.3327
 EELEC  =    -57984.5206  EHBOND  =         0.0000  RESTRAINT  =        69.0028
 EAMBER (non-restraint)  =    -43762.8429
 ------------------------------------------------------------------------------

wrapping first mol.:       20.29907       28.70721       49.72235
wrapping first mol.:       20.29907       28.70721       49.72235

 NSTEP =    43500   TIME(PS) =    1527.000  TEMP(K) =   299.09  PRESS =     0.0
 Etot   =    -34479.6251  EKtot   =      9150.3467  EPtot      =    -43629.9718
 BOND   =       365.9691  ANGLE   =      1091.5359  DIHED      =      1359.8717
 1-4 NB =       432.5980  1-4 EEL =      6262.0294  VDWAALS    =      4877.9260
 EELEC  =    -58091.9506  EHBOND  =         0.0000  RESTRAINT  =        72.0486
 EAMBER (non-restraint)  =    -43702.0204
 ------------------------------------------------------------------------------

wrapping first mol.:       20.29907       28.70721       49.72235
wrapping first mol.:       20.29907       28.70721       49.72235

 NSTEP =    44000   TIME(PS) =    1528.000  TEMP(K) =   301.58  PRESS =     0.0
 Etot   =    -34452.9627  EKtot   =      9226.3896  EPtot      =    -43679.3523
 BOND   =       349.8931  ANGLE   =      1073.7462  DIHED      =      1361.0553
 1-4 NB =       466.5085  1-4 EEL =      6242.7307  VDWAALS    =      4730.8745
 EELEC  =    -57967.9593  EHBOND  =         0.0000  RESTRAINT  =        63.7988
 EAMBER (non-restraint)  =    -43743.1511
 ------------------------------------------------------------------------------

wrapping first mol.:       20.29907       28.70721       49.72235
wrapping first mol.:       20.29907       28.70721       49.72235

 NSTEP =    44500   TIME(PS) =    1529.000  TEMP(K) =   299.79  PRESS =     0.0
 Etot   =    -34531.1779  EKtot   =      9171.5762  EPtot      =    -43702.7541
 BOND   =       365.5180  ANGLE   =      1057.0923  DIHED      =      1358.2942
 1-4 NB =       452.2305  1-4 EEL =      6223.3303  VDWAALS    =      4810.3465
 EELEC  =    -58038.2692  EHBOND  =         0.0000  RESTRAINT  =        68.7035
 EAMBER (non-restraint)  =    -43771.4576
 ------------------------------------------------------------------------------

wrapping first mol.:       20.29907       28.70721       49.72235
wrapping first mol.:       20.29907       28.70721       49.72235

 NSTEP =    45000   TIME(PS) =    1530.000  TEMP(K) =   299.93  PRESS =     0.0
 Etot   =    -34391.4292  EKtot   =      9175.9629  EPtot      =    -43567.3921
 BOND   =       379.7063  ANGLE   =      1107.5898  DIHED      =      1345.5865
 1-4 NB =       428.6084  1-4 EEL =      6224.9287  VDWAALS    =      4771.0778
 EELEC  =    -57897.0281  EHBOND  =         0.0000  RESTRAINT  =        72.1383
 EAMBER (non-restraint)  =    -43639.5304
 ------------------------------------------------------------------------------

wrapping first mol.:       20.29907       28.70721       49.72235
wrapping first mol.:       20.29907       28.70721       49.72235

 NSTEP =    45500   TIME(PS) =    1531.000  TEMP(K) =   302.46  PRESS =     0.0
 Etot   =    -34279.9163  EKtot   =      9253.4404  EPtot      =    -43533.3567
 BOND   =       352.7769  ANGLE   =      1071.4966  DIHED      =      1349.0902
 1-4 NB =       442.1636  1-4 EEL =      6251.9280  VDWAALS    =      4911.8242
 EELEC  =    -57985.3103  EHBOND  =         0.0000  RESTRAINT  =        72.6742
 EAMBER (non-restraint)  =    -43606.0309
 ------------------------------------------------------------------------------

wrapping first mol.:       20.29907       28.70721       49.72235
wrapping first mol.:       20.29907       28.70721       49.72235

 NSTEP =    46000   TIME(PS) =    1532.000  TEMP(K) =   302.03  PRESS =     0.0
 Etot   =    -34181.0692  EKtot   =      9240.1543  EPtot      =    -43421.2235
 BOND   =       359.3960  ANGLE   =      1128.9198  DIHED      =      1375.7205
 1-4 NB =       440.4199  1-4 EEL =      6200.4066  VDWAALS    =      4500.3071
 EELEC  =    -57496.0572  EHBOND  =         0.0000  RESTRAINT  =        69.6639
 EAMBER (non-restraint)  =    -43490.8874
 ------------------------------------------------------------------------------

wrapping first mol.:       20.29907       28.70721       49.72235
wrapping first mol.:       20.29907       28.70721       49.72235

 NSTEP =    46500   TIME(PS) =    1533.000  TEMP(K) =   304.25  PRESS =     0.0
 Etot   =    -34341.4840  EKtot   =      9308.3154  EPtot      =    -43649.7994
 BOND   =       349.7779  ANGLE   =      1091.0423  DIHED      =      1373.6929
 1-4 NB =       457.4669  1-4 EEL =      6242.1741  VDWAALS    =      4689.7943
 EELEC  =    -57923.7750  EHBOND  =         0.0000  RESTRAINT  =        70.0271
 EAMBER (non-restraint)  =    -43719.8265
 ------------------------------------------------------------------------------

wrapping first mol.:       20.29907       28.70721       49.72235
wrapping first mol.:       20.29907       28.70721       49.72235

 NSTEP =    47000   TIME(PS) =    1534.000  TEMP(K) =   300.15  PRESS =     0.0
 Etot   =    -34472.3787  EKtot   =      9182.6445  EPtot      =    -43655.0232
 BOND   =       351.3697  ANGLE   =      1069.8962  DIHED      =      1368.1328
 1-4 NB =       430.1223  1-4 EEL =      6272.7371  VDWAALS    =      4859.7050
 EELEC  =    -58082.6136  EHBOND  =         0.0000  RESTRAINT  =        75.6273
 EAMBER (non-restraint)  =    -43730.6505
 ------------------------------------------------------------------------------

wrapping first mol.:       20.29907       28.70721       49.72235
wrapping first mol.:       20.29907       28.70721       49.72235

 NSTEP =    47500   TIME(PS) =    1535.000  TEMP(K) =   304.25  PRESS =     0.0
 Etot   =    -34146.1780  EKtot   =      9308.2754  EPtot      =    -43454.4533
 BOND   =       358.3418  ANGLE   =      1036.6462  DIHED      =      1353.4220
 1-4 NB =       450.7752  1-4 EEL =      6253.4724  VDWAALS    =      4715.1772
 EELEC  =    -57695.3154  EHBOND  =         0.0000  RESTRAINT  =        73.0273
 EAMBER (non-restraint)  =    -43527.4807
 ------------------------------------------------------------------------------

wrapping first mol.:       20.29907       28.70721       49.72235
wrapping first mol.:       20.29907       28.70721       49.72235

 NSTEP =    48000   TIME(PS) =    1536.000  TEMP(K) =   299.56  PRESS =     0.0
 Etot   =    -34382.0213  EKtot   =      9164.6768  EPtot      =    -43546.6980
 BOND   =       363.2383  ANGLE   =      1070.3714  DIHED      =      1368.5016
 1-4 NB =       441.1326  1-4 EEL =      6251.8405  VDWAALS    =      4644.0105
 EELEC  =    -57759.5155  EHBOND  =         0.0000  RESTRAINT  =        73.7226
 EAMBER (non-restraint)  =    -43620.4206
 ------------------------------------------------------------------------------

wrapping first mol.:       20.29907       28.70721       49.72235
wrapping first mol.:       20.29907       28.70721       49.72235

 NSTEP =    48500   TIME(PS) =    1537.000  TEMP(K) =   301.27  PRESS =     0.0
 Etot   =    -34374.9755  EKtot   =      9216.8535  EPtot      =    -43591.8290
 BOND   =       333.2254  ANGLE   =      1047.9626  DIHED      =      1359.8119
 1-4 NB =       449.0480  1-4 EEL =      6241.7296  VDWAALS    =      4548.0750
 EELEC  =    -57642.3168  EHBOND  =         0.0000  RESTRAINT  =        70.6352
 EAMBER (non-restraint)  =    -43662.4642
 ------------------------------------------------------------------------------

wrapping first mol.:       20.29907       28.70721       49.72235
wrapping first mol.:       20.29907       28.70721       49.72235

 NSTEP =    49000   TIME(PS) =    1538.000  TEMP(K) =   300.47  PRESS =     0.0
 Etot   =    -34593.6087  EKtot   =      9192.5898  EPtot      =    -43786.1985
 BOND   =       363.3562  ANGLE   =      1036.9491  DIHED      =      1353.9902
 1-4 NB =       446.9469  1-4 EEL =      6231.0207  VDWAALS    =      4739.4719
 EELEC  =    -58037.1814  EHBOND  =         0.0000  RESTRAINT  =        79.2480
 EAMBER (non-restraint)  =    -43865.4465
 ------------------------------------------------------------------------------

wrapping first mol.:       20.29907       28.70721       49.72235
wrapping first mol.:       20.29907       28.70721       49.72235

 NSTEP =    49500   TIME(PS) =    1539.000  TEMP(K) =   298.47  PRESS =     0.0
 Etot   =    -34417.3580  EKtot   =      9131.2793  EPtot      =    -43548.6373
 BOND   =       357.0723  ANGLE   =      1046.8911  DIHED      =      1392.9916
 1-4 NB =       448.3816  1-4 EEL =      6249.7708  VDWAALS    =      4753.8287
 EELEC  =    -57865.3392  EHBOND  =         0.0000  RESTRAINT  =        67.7659
 EAMBER (non-restraint)  =    -43616.4031
 ------------------------------------------------------------------------------

wrapping first mol.:       20.29907       28.70721       49.72235
wrapping first mol.:       20.29907       28.70721       49.72235

 NSTEP =    50000   TIME(PS) =    1540.000  TEMP(K) =   301.68  PRESS =     0.0
 Etot   =    -34528.8985  EKtot   =      9229.6191  EPtot      =    -43758.5177
 BOND   =       373.5877  ANGLE   =      1041.1400  DIHED      =      1363.5410
 1-4 NB =       451.2523  1-4 EEL =      6223.9489  VDWAALS    =      4774.4944
 EELEC  =    -58061.5527  EHBOND  =         0.0000  RESTRAINT  =        75.0707
 EAMBER (non-restraint)  =    -43833.5883
 ------------------------------------------------------------------------------


      A V E R A G E S   O V E R     100 S T E P S


 NSTEP =    50000   TIME(PS) =    1540.000  TEMP(K) =   300.46  PRESS =     0.0
 Etot   =    -34440.3523  EKtot   =      9192.2589  EPtot      =    -43632.6113
 BOND   =       356.0206  ANGLE   =      1068.5897  DIHED      =      1363.7520
 1-4 NB =       446.7380  1-4 EEL =      6235.7382  VDWAALS    =      4742.1432
 EELEC  =    -57918.3492  EHBOND  =         0.0000  RESTRAINT  =        72.7564
 EAMBER (non-restraint)  =    -43705.3677
 ------------------------------------------------------------------------------


      R M S  F L U C T U A T I O N S


 NSTEP =    50000   TIME(PS) =    1540.000  TEMP(K) =     2.40  PRESS =     0.0
 Etot   =       115.1457  EKtot   =        73.4021  EPtot      =       107.1977
 BOND   =        14.1790  ANGLE   =        25.8412  DIHED      =        12.8156
 1-4 NB =         9.1901  1-4 EEL =        21.6387  VDWAALS    =        98.0574
 EELEC  =       154.8057  EHBOND  =         0.0000  RESTRAINT  =         4.6356
 EAMBER (non-restraint)  =       102.5621
 ------------------------------------------------------------------------------

--------------------------------------------------------------------------------
   5.  TIMINGS
--------------------------------------------------------------------------------

|  NonSetup CPU Time in Major Routines:
|
|     Routine           Sec        %
|     ------------------------------
|     Nonbond          21.28   39.89
|     Bond              0.00    0.00
|     Angle             0.00    0.00
|     Dihedral          0.00    0.00
|     Shake             1.59    2.98
|     RunMD            30.32   56.84
|     Other             0.15    0.28
|     ------------------------------
|     Total            53.34

|  PME Nonbond Pairlist CPU Time:
|
|     Routine              Sec        %
|     ---------------------------------
|     Set Up Cit           0.00    0.00
|     Build List           0.00    0.00
|     ---------------------------------
|     Total                0.00    0.00

|  PME Direct Force CPU Time:
|
|     Routine              Sec        %
|     ---------------------------------
|     NonBonded Calc       0.00    0.00
|     Exclude Masked       0.00    0.00
|     Other                0.06    0.12
|     ---------------------------------
|     Total                0.06    0.12

|  PME Reciprocal Force CPU Time:
|
|     Routine              Sec        %
|     ---------------------------------
|     1D bspline           0.00    0.00
|     Grid Charges         0.00    0.00
|     Scalar Sum           0.00    0.00
|     Gradient Sum         0.00    0.00
|     FFT                  0.00    0.00
|     ---------------------------------
|     Total                0.00    0.00

|  Final Performance Info:
|     -----------------------------------------------------
|     Average timings for last   14000 steps:
|     Elapsed(s) =      23.47 Per Step(ms) =       1.68
|         ns/day =     103.09   seconds/ns =     838.10
|
|     Average timings for all steps:
|     Elapsed(s) =      84.41 Per Step(ms) =       1.69
|         ns/day =     102.36   seconds/ns =     844.05
|     -----------------------------------------------------

|  Setup CPU time:            1.41 seconds
|  NonSetup CPU time:        53.34 seconds
|  Total CPU time:           54.75 seconds     0.02 hours

|  Setup wall time:           2    seconds
|  NonSetup wall time:       85    seconds
|  Total wall time:          87    seconds     0.02 hours
