
          -------------------------------------------------------
          Amber 16 PMEMD                              2016
          -------------------------------------------------------

| PMEMD implementation of SANDER, Release 16

| Run on 11/25/2017 at 13:20:52

|   Executable path: /apps/amber16/bin/pmemd.cuda
| Working directory: /home/pbarletta
|          Hostname: mordor

  [-O]verwriting output

File Assignments:
|   MDIN: /scratch/pbarletta/cph_obp/run/ctv/mhe/e/19equ.in                     
|  MDOUT: /scratch/pbarletta/cph_obp/run/ctv/mhe/e/19equ.out                    
| INPCRD: /scratch/pbarletta/cph_obp/run/ctv/mhe/e/18ectv.rst7                  
|   PARM: /scratch/pbarletta/cph_obp/top_files/ctv.prmtop                       
| RESTRT: /scratch/pbarletta/cph_obp/run/ctv/mhe/e/19ectv.rst7                  
|   REFC: /scratch/pbarletta/cph_obp/run/ctv/mhe/e/18ectv.rst7                  
|  MDVEL: mdvel                                                                 
|   MDEN: mden                                                                  
|  MDCRD: /scratch/pbarletta/cph_obp/run/ctv/mhe/e/19ectv.nc                    
| MDINFO: mdinfo                                                                
|  MDFRC: mdfrc                                                                 


 Here is the input file:

Equilibration with solute restrictions                                         
&cntrl                                                                         
imin = 0,                           ! No Minimization                          
nmropt = 0,                         ! No NMR restraints read                   
                                                                               
! Nature and format of the input                                               
ntx = 5,                            ! Coordinates but no velocities will be rea
irest = 1,                          ! Do not run a new simulation              
                                                                               
! Nature and format of the output                                              
ntxo = 1,                           ! rstrt file in ASCII format               
ntpr = 500,                         ! inf in output every ntpr steps           
ntwr = 500,                         ! rstrt file every ntwr steps              
ntwx = 500,                         ! mdcrd file every ntwx steps              
ntwv = 0,                           ! mdvel without velocities                 
ntwe = 0,                           ! Energies and temperatures not written in 
idecomp = 0,                        ! No energy decomposition                  
iwrap = 1,                          ! Coordinates of the restart and mdcrd file
                                                                               
! Frozen or restrained atoms                                                   
ibelly = 0,                         ! No frozen atoms                          
ntr=1,                              ! Harmonic potential restraints            
restraint_wt = 0.6,                ! The weight for the positional restraints  
restraintmask = ':1-120@N,CA,C,O',  ! restrained residues                      
                                                                               
! Molecular dynamics                                                           
nstlim = 50000,                     ! Number of MD-steps                       
dt = 0.002,                         ! Time step                                
                                                                               
! Temperature regulation                                                       
ntt = 3,                            ! Langevin thermostat                      
gamma_ln = 5,                       ! Gamma constant for Langevin              
temp0 = 300.0,                      ! Reference T at which the system is to be 
tempi = 300.0,                      ! Initial T                                
ig = -1,                            ! Seed for the RNG                         
                                                                               
! P and V regulation                                                           
ntp = 0,                            ! No pressure control                      
ntb = 1,                            ! Periodic box for constant V              
                                                                               
! SHAKE variables                                                              
ntc = 2,                            ! Bonds involving H are constrained        
ntf = 2,                            ! Bond interaction involving H are ommited.
                                                                               
cut = 10.0,                         ! Nonbonded cutoff                         
                                                                               
/                                                                              
&end                                                                           


Note: ig = -1. Setting random seed to   150951 based on wallclock time in 
      microseconds.
| irandom = 1, using AMBER's internal random number generator (default).
 
|--------------------- INFORMATION ----------------------
| GPU (CUDA) Version of PMEMD in use: NVIDIA GPU IN USE.
|                    Version 16.0.0
| 
|                      02/25/2016
| 
| Implementation by:
|                    Ross C. Walker     (SDSC)
|                    Scott Le Grand     (nVIDIA)
| 
| Precision model in use:
|      [SPFP] - Single Precision Forces, 64-bit Fixed Point
|               Accumulation. (Default)
| 
|--------------------------------------------------------
 
|----------------- CITATION INFORMATION -----------------
|
|    When publishing work that utilized the CUDA version
|    of AMBER, please cite the following in addition to
|    the regular AMBER citations:
|
|  - Romelia Salomon-Ferrer; Andreas W. Goetz; Duncan
|    Poole; Scott Le Grand; Ross C. Walker "Routine
|    microsecond molecular dynamics simulations with
|    AMBER - Part II: Particle Mesh Ewald", J. Chem.
|    Theory Comput., 2013, 9 (9), pp3878-3888,
|    DOI: 10.1021/ct400314y.
|
|  - Andreas W. Goetz; Mark J. Williamson; Dong Xu;
|    Duncan Poole; Scott Le Grand; Ross C. Walker
|    "Routine microsecond molecular dynamics simulations
|    with AMBER - Part I: Generalized Born", J. Chem.
|    Theory Comput., 2012, 8 (5), pp1542-1555.
|
|  - Scott Le Grand; Andreas W. Goetz; Ross C. Walker
|    "SPFP: Speed without compromise - a mixed precision
|    model for GPU accelerated molecular dynamics
|    simulations.", Comp. Phys. Comm., 2013, 184
|    pp374-380, DOI: 10.1016/j.cpc.2012.09.022
|
|--------------------------------------------------------
 
|------------------- GPU DEVICE INFO --------------------
|
|            CUDA_VISIBLE_DEVICES: 2
|   CUDA Capable Devices Detected:      1
|           CUDA Device ID in use:      0
|                CUDA Device Name: GeForce GTX 1080 Ti
|     CUDA Device Global Mem Size:  11172 MB
| CUDA Device Num Multiprocessors:     28
|           CUDA Device Core Freq:   1.58 GHz
|
|--------------------------------------------------------
 
 
| Conditional Compilation Defines Used:
| PUBFFT
| BINTRAJ
| CUDA
| EMIL

| Largest sphere to fit in unit cell has radius =    24.861

| New format PARM file being parsed.
| Version =    1.000 Date = 11/25/17 Time = 12:11:39

| Note: 1-4 EEL scale factors are being read from the topology file.

| Note: 1-4 VDW scale factors are being read from the topology file.
| Duplicated    0 dihedrals

| Duplicated    0 dihedrals

--------------------------------------------------------------------------------
   1.  RESOURCE   USE: 
--------------------------------------------------------------------------------

 getting new box info from bottom of inpcrd
 NATOM  =   14918 NTYPES =      18 NBONH =   13963 MBONA  =     963
 NTHETH =    2368 MTHETA =    1293 NPHIH =    4530 MPHIA  =    3267
 NHPARM =       0 NPARM  =       0 NNB   =   28295 NRES   =    4423
 NBONA  =     963 NTHETA =    1293 NPHIA =    3267 NUMBND =      49
 NUMANG =     102 NPTRA  =      43 NATYP =      33 NPHB   =       1
 IFBOX  =       2 NMXRS  =      26 IFCAP =       0 NEXTRA =       0
 NCOPY  =       0

| Coordinate Index Table dimensions:     9    9    9
| Direct force subcell size =     6.7664    6.7664    6.7664

     BOX TYPE: TRUNCATED OCTAHEDRON

--------------------------------------------------------------------------------
   2.  CONTROL  DATA  FOR  THE  RUN
--------------------------------------------------------------------------------

default_name                                                                    

General flags:
     imin    =       0, nmropt  =       0

Nature and format of input:
     ntx     =       5, irest   =       1, ntrx    =       1

Nature and format of output:
     ntxo    =       1, ntpr    =     500, ntrx    =       1, ntwr    =     500
     iwrap   =       1, ntwx    =     500, ntwv    =       0, ntwe    =       0
     ioutfm  =       1, ntwprt  =       0, idecomp =       0, rbornstat=      0

Potential function:
     ntf     =       2, ntb     =       1, igb     =       0, nsnb    =      25
     ipol    =       0, gbsa    =       0, iesp    =       0
     dielc   =   1.00000, cut     =  10.00000, intdiel =   1.00000

Frozen or restrained atoms:
     ibelly  =       0, ntr     =       1
     restraint_wt =   0.60000

Molecular dynamics:
     nstlim  =     50000, nscm    =         0, nrespa  =         1
     t       =   0.00000, dt      =   0.00200, vlimit  =  -1.00000

Langevin dynamics temperature regulation:
     ig      =  150951
     temp0   = 300.00000, tempi   = 300.00000, gamma_ln=   5.00000

SHAKE:
     ntc     =       2, jfastw  =       0
     tol     =   0.00001

| Intermolecular bonds treatment:
|     no_intermolecular_bonds =       1

| Energy averages sample interval:
|     ene_avg_sampling =     500

Ewald parameters:
     verbose =       0, ew_type =       0, nbflag  =       1, use_pme =       1
     vdwmeth =       1, eedmeth =       1, netfrc  =       1
     Box X =   60.897   Box Y =   60.897   Box Z =   60.897
     Alpha =  109.471   Beta  =  109.471   Gamma =  109.471
     NFFT1 =   64       NFFT2 =   64       NFFT3 =   64
     Cutoff=   10.000   Tol   =0.100E-04
     Ewald Coefficient =  0.27511
     Interpolation order =    4

    LOADING THE CONSTRAINED ATOMS AS GROUPS


   5.  REFERENCE ATOM COORDINATES

  default_name                                                                    
     Mask :1-120@N,CA,C,O; matches   476 atoms

--------------------------------------------------------------------------------
   3.  ATOMIC COORDINATES AND VELOCITIES
--------------------------------------------------------------------------------

default_name                                                                    
 begin time read from input coords =  1940.000 ps

 
 Number of triangulated 3-point waters found:     4302

     Sum of charges from parm topology file =   0.00000094
     Forcing neutrality...

| Dynamic Memory, Types Used:
| Reals              578224
| Integers           551884

| Nonbonded Pairs Initial Allocation:     4512322

| GPU memory information (estimate):
| KB of GPU memory in use:    141362
| KB of CPU memory in use:     29330

--------------------------------------------------------------------------------
   4.  RESULTS
--------------------------------------------------------------------------------

 ---------------------------------------------------
 APPROXIMATING switch and d/dx switch using CUBIC SPLINE INTERPOLATION
 using   5000.0 points per unit in tabled values
 TESTING RELATIVE ERROR over r ranging from 0.0 to cutoff
| CHECK switch(x): max rel err =   0.2738E-14   at   2.422500
| CHECK d/dx switch(x): max rel err =   0.8314E-11   at   2.736960
 ---------------------------------------------------
|---------------------------------------------------
| APPROXIMATING direct energy using CUBIC SPLINE INTERPOLATION
|  with   50.0 points per unit in tabled values
| Relative Error Limit not exceeded for r .gt.   2.33
| APPROXIMATING direct force using CUBIC SPLINE INTERPOLATION
|  with   50.0 points per unit in tabled values
| Relative Error Limit not exceeded for r .gt.   2.80
|---------------------------------------------------
wrapping first mol.:       20.29907       28.70721       49.72235
wrapping first mol.:       20.29907       28.70721       49.72235

 NSTEP =      500   TIME(PS) =    1941.000  TEMP(K) =   300.74  PRESS =     0.0
 Etot   =    -34380.3773  EKtot   =      9200.7314  EPtot      =    -43581.1088
 BOND   =       351.4500  ANGLE   =      1117.8673  DIHED      =      1390.2572
 1-4 NB =       441.2535  1-4 EEL =      6212.5639  VDWAALS    =      4733.7615
 EELEC  =    -57860.4758  EHBOND  =         0.0000  RESTRAINT  =        32.2135
 EAMBER (non-restraint)  =    -43613.3223
 ------------------------------------------------------------------------------

wrapping first mol.:       20.29907       28.70721       49.72235
wrapping first mol.:       20.29907       28.70721       49.72235

 NSTEP =     1000   TIME(PS) =    1942.000  TEMP(K) =   297.72  PRESS =     0.0
 Etot   =    -34470.1619  EKtot   =      9108.5146  EPtot      =    -43578.6766
 BOND   =       344.0415  ANGLE   =      1095.9916  DIHED      =      1378.3029
 1-4 NB =       436.6207  1-4 EEL =      6215.0520  VDWAALS    =      4784.8535
 EELEC  =    -57868.4142  EHBOND  =         0.0000  RESTRAINT  =        34.8754
 EAMBER (non-restraint)  =    -43613.5519
 ------------------------------------------------------------------------------

wrapping first mol.:       20.29907       28.70721       49.72235
wrapping first mol.:       20.29907       28.70721       49.72235

 NSTEP =     1500   TIME(PS) =    1943.000  TEMP(K) =   303.32  PRESS =     0.0
 Etot   =    -34427.5713  EKtot   =      9279.5820  EPtot      =    -43707.1533
 BOND   =       323.5188  ANGLE   =      1054.9882  DIHED      =      1361.4362
 1-4 NB =       441.0355  1-4 EEL =      6238.6331  VDWAALS    =      4862.5259
 EELEC  =    -58020.5643  EHBOND  =         0.0000  RESTRAINT  =        31.2733
 EAMBER (non-restraint)  =    -43738.4266
 ------------------------------------------------------------------------------

wrapping first mol.:       20.29907       28.70721       49.72235
wrapping first mol.:       20.29907       28.70721       49.72235

 NSTEP =     2000   TIME(PS) =    1944.000  TEMP(K) =   298.84  PRESS =     0.0
 Etot   =    -34454.1915  EKtot   =      9142.5527  EPtot      =    -43596.7442
 BOND   =       319.4170  ANGLE   =      1106.2232  DIHED      =      1396.5387
 1-4 NB =       443.3500  1-4 EEL =      6267.2802  VDWAALS    =      4744.1971
 EELEC  =    -57903.8009  EHBOND  =         0.0000  RESTRAINT  =        30.0505
 EAMBER (non-restraint)  =    -43626.7947
 ------------------------------------------------------------------------------

wrapping first mol.:       20.29907       28.70721       49.72235
wrapping first mol.:       20.29907       28.70721       49.72235

 NSTEP =     2500   TIME(PS) =    1945.000  TEMP(K) =   298.65  PRESS =     0.0
 Etot   =    -34339.6383  EKtot   =      9136.9346  EPtot      =    -43476.5729
 BOND   =       346.9499  ANGLE   =      1056.9451  DIHED      =      1353.7469
 1-4 NB =       453.3662  1-4 EEL =      6279.9426  VDWAALS    =      4870.3286
 EELEC  =    -57871.7226  EHBOND  =         0.0000  RESTRAINT  =        33.8704
 EAMBER (non-restraint)  =    -43510.4433
 ------------------------------------------------------------------------------

wrapping first mol.:       20.29907       28.70721       49.72235
wrapping first mol.:       20.29907       28.70721       49.72235

 NSTEP =     3000   TIME(PS) =    1946.000  TEMP(K) =   303.32  PRESS =     0.0
 Etot   =    -34231.2014  EKtot   =      9279.6621  EPtot      =    -43510.8635
 BOND   =       369.1332  ANGLE   =      1065.9541  DIHED      =      1369.5057
 1-4 NB =       450.6811  1-4 EEL =      6227.3502  VDWAALS    =      4751.7675
 EELEC  =    -57776.9948  EHBOND  =         0.0000  RESTRAINT  =        31.7397
 EAMBER (non-restraint)  =    -43542.6032
 ------------------------------------------------------------------------------

wrapping first mol.:       20.29907       28.70721       49.72235
wrapping first mol.:       20.29907       28.70721       49.72235

 NSTEP =     3500   TIME(PS) =    1947.000  TEMP(K) =   299.40  PRESS =     0.0
 Etot   =    -34521.9331  EKtot   =      9159.8438  EPtot      =    -43681.7769
 BOND   =       336.1232  ANGLE   =      1025.9791  DIHED      =      1361.9214
 1-4 NB =       455.0543  1-4 EEL =      6244.6443  VDWAALS    =      4863.6672
 EELEC  =    -58005.5555  EHBOND  =         0.0000  RESTRAINT  =        36.3892
 EAMBER (non-restraint)  =    -43718.1661
 ------------------------------------------------------------------------------

wrapping first mol.:       20.29907       28.70721       49.72235
wrapping first mol.:       20.29907       28.70721       49.72235

 NSTEP =     4000   TIME(PS) =    1948.000  TEMP(K) =   300.99  PRESS =     0.0
 Etot   =    -34554.4823  EKtot   =      9208.3799  EPtot      =    -43762.8622
 BOND   =       365.1476  ANGLE   =      1088.4451  DIHED      =      1361.7440
 1-4 NB =       437.1524  1-4 EEL =      6234.2269  VDWAALS    =      4669.1000
 EELEC  =    -57953.1178  EHBOND  =         0.0000  RESTRAINT  =        34.4395
 EAMBER (non-restraint)  =    -43797.3017
 ------------------------------------------------------------------------------

wrapping first mol.:       20.29907       28.70721       49.72235
wrapping first mol.:       20.29907       28.70721       49.72235

 NSTEP =     4500   TIME(PS) =    1949.000  TEMP(K) =   301.31  PRESS =     0.0
 Etot   =    -34370.1347  EKtot   =      9218.2559  EPtot      =    -43588.3906
 BOND   =       337.2902  ANGLE   =      1105.7785  DIHED      =      1375.1712
 1-4 NB =       454.8700  1-4 EEL =      6260.0101  VDWAALS    =      4673.7940
 EELEC  =    -57827.1571  EHBOND  =         0.0000  RESTRAINT  =        31.8527
 EAMBER (non-restraint)  =    -43620.2433
 ------------------------------------------------------------------------------

wrapping first mol.:       20.29907       28.70721       49.72235
wrapping first mol.:       20.29907       28.70721       49.72235

 NSTEP =     5000   TIME(PS) =    1950.000  TEMP(K) =   299.56  PRESS =     0.0
 Etot   =    -34492.2559  EKtot   =      9164.7930  EPtot      =    -43657.0488
 BOND   =       348.7006  ANGLE   =      1057.4450  DIHED      =      1370.5812
 1-4 NB =       463.5690  1-4 EEL =      6249.3048  VDWAALS    =      4605.6228
 EELEC  =    -57782.2663  EHBOND  =         0.0000  RESTRAINT  =        29.9941
 EAMBER (non-restraint)  =    -43687.0429
 ------------------------------------------------------------------------------

wrapping first mol.:       20.29907       28.70721       49.72235
wrapping first mol.:       20.29907       28.70721       49.72235

 NSTEP =     5500   TIME(PS) =    1951.000  TEMP(K) =   302.99  PRESS =     0.0
 Etot   =    -34224.0437  EKtot   =      9269.5479  EPtot      =    -43493.5915
 BOND   =       350.9643  ANGLE   =      1060.9936  DIHED      =      1372.7238
 1-4 NB =       437.2095  1-4 EEL =      6252.0240  VDWAALS    =      4770.5797
 EELEC  =    -57773.6964  EHBOND  =         0.0000  RESTRAINT  =        35.6101
 EAMBER (non-restraint)  =    -43529.2016
 ------------------------------------------------------------------------------

wrapping first mol.:       20.29907       28.70721       49.72235
wrapping first mol.:       20.29907       28.70721       49.72235

 NSTEP =     6000   TIME(PS) =    1952.000  TEMP(K) =   304.08  PRESS =     0.0
 Etot   =    -34285.0095  EKtot   =      9302.9277  EPtot      =    -43587.9372
 BOND   =       343.0261  ANGLE   =      1043.7425  DIHED      =      1359.5771
 1-4 NB =       454.9249  1-4 EEL =      6284.0878  VDWAALS    =      4625.8318
 EELEC  =    -57736.2491  EHBOND  =         0.0000  RESTRAINT  =        37.1217
 EAMBER (non-restraint)  =    -43625.0589
 ------------------------------------------------------------------------------

wrapping first mol.:       20.29907       28.70721       49.72235
wrapping first mol.:       20.29907       28.70721       49.72235

 NSTEP =     6500   TIME(PS) =    1953.000  TEMP(K) =   301.71  PRESS =     0.0
 Etot   =    -34324.4514  EKtot   =      9230.5771  EPtot      =    -43555.0286
 BOND   =       389.7342  ANGLE   =      1023.0401  DIHED      =      1358.9156
 1-4 NB =       455.7726  1-4 EEL =      6253.6041  VDWAALS    =      4689.8688
 EELEC  =    -57759.6451  EHBOND  =         0.0000  RESTRAINT  =        33.6811
 EAMBER (non-restraint)  =    -43588.7097
 ------------------------------------------------------------------------------

wrapping first mol.:       20.29907       28.70721       49.72235
wrapping first mol.:       20.29907       28.70721       49.72235

 NSTEP =     7000   TIME(PS) =    1954.000  TEMP(K) =   301.64  PRESS =     0.0
 Etot   =    -34342.1441  EKtot   =      9228.3662  EPtot      =    -43570.5103
 BOND   =       362.2258  ANGLE   =      1086.5652  DIHED      =      1382.2550
 1-4 NB =       448.9865  1-4 EEL =      6261.9536  VDWAALS    =      4868.6144
 EELEC  =    -58014.2709  EHBOND  =         0.0000  RESTRAINT  =        33.1601
 EAMBER (non-restraint)  =    -43603.6704
 ------------------------------------------------------------------------------

wrapping first mol.:       20.29907       28.70721       49.72235
wrapping first mol.:       20.29907       28.70721       49.72235

 NSTEP =     7500   TIME(PS) =    1955.000  TEMP(K) =   298.74  PRESS =     0.0
 Etot   =    -34423.6773  EKtot   =      9139.5137  EPtot      =    -43563.1909
 BOND   =       336.1482  ANGLE   =      1063.5741  DIHED      =      1379.7589
 1-4 NB =       451.3315  1-4 EEL =      6248.5319  VDWAALS    =      4766.6553
 EELEC  =    -57840.8866  EHBOND  =         0.0000  RESTRAINT  =        31.6958
 EAMBER (non-restraint)  =    -43594.8867
 ------------------------------------------------------------------------------

wrapping first mol.:       20.29907       28.70721       49.72235
wrapping first mol.:       20.29907       28.70721       49.72235

 NSTEP =     8000   TIME(PS) =    1956.000  TEMP(K) =   297.81  PRESS =     0.0
 Etot   =    -34453.0529  EKtot   =      9111.1553  EPtot      =    -43564.2082
 BOND   =       356.1699  ANGLE   =      1061.4214  DIHED      =      1377.3195
 1-4 NB =       446.1927  1-4 EEL =      6300.7136  VDWAALS    =      4769.7845
 EELEC  =    -57906.0973  EHBOND  =         0.0000  RESTRAINT  =        30.2875
 EAMBER (non-restraint)  =    -43594.4957
 ------------------------------------------------------------------------------

wrapping first mol.:       20.29907       28.70721       49.72235
wrapping first mol.:       20.29907       28.70721       49.72235

 NSTEP =     8500   TIME(PS) =    1957.000  TEMP(K) =   299.51  PRESS =     0.0
 Etot   =    -34337.7925  EKtot   =      9163.0332  EPtot      =    -43500.8257
 BOND   =       387.5658  ANGLE   =      1093.6197  DIHED      =      1377.5379
 1-4 NB =       434.1469  1-4 EEL =      6238.6470  VDWAALS    =      4646.8249
 EELEC  =    -57711.1510  EHBOND  =         0.0000  RESTRAINT  =        31.9831
 EAMBER (non-restraint)  =    -43532.8088
 ------------------------------------------------------------------------------

wrapping first mol.:       20.29907       28.70721       49.72235
wrapping first mol.:       20.29907       28.70721       49.72235

 NSTEP =     9000   TIME(PS) =    1958.000  TEMP(K) =   301.00  PRESS =     0.0
 Etot   =    -34511.9756  EKtot   =      9208.5918  EPtot      =    -43720.5674
 BOND   =       339.2387  ANGLE   =      1093.2357  DIHED      =      1364.3871
 1-4 NB =       453.7456  1-4 EEL =      6253.1053  VDWAALS    =      4816.2008
 EELEC  =    -58075.8259  EHBOND  =         0.0000  RESTRAINT  =        35.3455
 EAMBER (non-restraint)  =    -43755.9129
 ------------------------------------------------------------------------------

wrapping first mol.:       20.29907       28.70721       49.72235
wrapping first mol.:       20.29907       28.70721       49.72235

 NSTEP =     9500   TIME(PS) =    1959.000  TEMP(K) =   299.66  PRESS =     0.0
 Etot   =    -34449.9065  EKtot   =      9167.8330  EPtot      =    -43617.7395
 BOND   =       381.1292  ANGLE   =      1056.8823  DIHED      =      1370.5554
 1-4 NB =       442.4463  1-4 EEL =      6259.2341  VDWAALS    =      4703.9190
 EELEC  =    -57868.8200  EHBOND  =         0.0000  RESTRAINT  =        36.9141
 EAMBER (non-restraint)  =    -43654.6536
 ------------------------------------------------------------------------------

wrapping first mol.:       20.29907       28.70721       49.72235
wrapping first mol.:       20.29907       28.70721       49.72235

 NSTEP =    10000   TIME(PS) =    1960.000  TEMP(K) =   299.37  PRESS =     0.0
 Etot   =    -34427.9678  EKtot   =      9158.8438  EPtot      =    -43586.8115
 BOND   =       356.3710  ANGLE   =      1101.0689  DIHED      =      1359.1164
 1-4 NB =       447.4203  1-4 EEL =      6238.9314  VDWAALS    =      4773.0168
 EELEC  =    -57897.6065  EHBOND  =         0.0000  RESTRAINT  =        34.8701
 EAMBER (non-restraint)  =    -43621.6816
 ------------------------------------------------------------------------------

wrapping first mol.:       20.29907       28.70721       49.72235
wrapping first mol.:       20.29907       28.70721       49.72235

 NSTEP =    10500   TIME(PS) =    1961.000  TEMP(K) =   296.95  PRESS =     0.0
 Etot   =    -34473.1862  EKtot   =      9084.7344  EPtot      =    -43557.9206
 BOND   =       356.6749  ANGLE   =      1088.0544  DIHED      =      1383.4228
 1-4 NB =       431.6371  1-4 EEL =      6237.9875  VDWAALS    =      4549.9953
 EELEC  =    -57638.5038  EHBOND  =         0.0000  RESTRAINT  =        32.8113
 EAMBER (non-restraint)  =    -43590.7318
 ------------------------------------------------------------------------------

wrapping first mol.:       20.29907       28.70721       49.72235
wrapping first mol.:       20.29907       28.70721       49.72235

 NSTEP =    11000   TIME(PS) =    1962.000  TEMP(K) =   298.32  PRESS =     0.0
 Etot   =    -34238.0315  EKtot   =      9126.5967  EPtot      =    -43364.6281
 BOND   =       379.8383  ANGLE   =      1104.6978  DIHED      =      1370.1936
 1-4 NB =       446.5476  1-4 EEL =      6246.2231  VDWAALS    =      4648.6326
 EELEC  =    -57600.4353  EHBOND  =         0.0000  RESTRAINT  =        39.6741
 EAMBER (non-restraint)  =    -43404.3023
 ------------------------------------------------------------------------------

wrapping first mol.:       20.29907       28.70721       49.72235
wrapping first mol.:       20.29907       28.70721       49.72235

 NSTEP =    11500   TIME(PS) =    1963.000  TEMP(K) =   299.12  PRESS =     0.0
 Etot   =    -34634.1385  EKtot   =      9151.1719  EPtot      =    -43785.3103
 BOND   =       351.7251  ANGLE   =      1074.6838  DIHED      =      1360.7842
 1-4 NB =       441.5222  1-4 EEL =      6259.8915  VDWAALS    =      4699.7382
 EELEC  =    -58011.3746  EHBOND  =         0.0000  RESTRAINT  =        37.7192
 EAMBER (non-restraint)  =    -43823.0296
 ------------------------------------------------------------------------------

wrapping first mol.:       20.29907       28.70721       49.72235
wrapping first mol.:       20.29907       28.70721       49.72235

 NSTEP =    12000   TIME(PS) =    1964.000  TEMP(K) =   301.21  PRESS =     0.0
 Etot   =    -34498.9752  EKtot   =      9215.0771  EPtot      =    -43714.0524
 BOND   =       353.4466  ANGLE   =      1101.2485  DIHED      =      1356.1828
 1-4 NB =       434.9427  1-4 EEL =      6241.0655  VDWAALS    =      4756.5531
 EELEC  =    -57994.6167  EHBOND  =         0.0000  RESTRAINT  =        37.1252
 EAMBER (non-restraint)  =    -43751.1776
 ------------------------------------------------------------------------------

wrapping first mol.:       20.29907       28.70721       49.72235
wrapping first mol.:       20.29907       28.70721       49.72235

 NSTEP =    12500   TIME(PS) =    1965.000  TEMP(K) =   300.49  PRESS =     0.0
 Etot   =    -34594.7794  EKtot   =      9193.1523  EPtot      =    -43787.9317
 BOND   =       352.3921  ANGLE   =      1054.9258  DIHED      =      1360.3876
 1-4 NB =       452.8818  1-4 EEL =      6282.4958  VDWAALS    =      4755.8653
 EELEC  =    -58087.0718  EHBOND  =         0.0000  RESTRAINT  =        40.1917
 EAMBER (non-restraint)  =    -43828.1235
 ------------------------------------------------------------------------------

wrapping first mol.:       20.29907       28.70721       49.72235
wrapping first mol.:       20.29907       28.70721       49.72235

 NSTEP =    13000   TIME(PS) =    1966.000  TEMP(K) =   301.30  PRESS =     0.0
 Etot   =    -34230.4502  EKtot   =      9217.7988  EPtot      =    -43448.2490
 BOND   =       379.2858  ANGLE   =      1126.3686  DIHED      =      1379.5746
 1-4 NB =       447.1236  1-4 EEL =      6271.2804  VDWAALS    =      4726.6734
 EELEC  =    -57812.9013  EHBOND  =         0.0000  RESTRAINT  =        34.3458
 EAMBER (non-restraint)  =    -43482.5948
 ------------------------------------------------------------------------------

wrapping first mol.:       20.29907       28.70721       49.72235
wrapping first mol.:       20.29907       28.70721       49.72235

 NSTEP =    13500   TIME(PS) =    1967.000  TEMP(K) =   296.09  PRESS =     0.0
 Etot   =    -34359.9066  EKtot   =      9058.5146  EPtot      =    -43418.4212
 BOND   =       369.3998  ANGLE   =      1068.2411  DIHED      =      1376.3068
 1-4 NB =       461.4656  1-4 EEL =      6257.6865  VDWAALS    =      4761.4120
 EELEC  =    -57749.7307  EHBOND  =         0.0000  RESTRAINT  =        36.7977
 EAMBER (non-restraint)  =    -43455.2189
 ------------------------------------------------------------------------------

wrapping first mol.:       20.29907       28.70721       49.72235
wrapping first mol.:       20.29907       28.70721       49.72235

 NSTEP =    14000   TIME(PS) =    1968.000  TEMP(K) =   302.43  PRESS =     0.0
 Etot   =    -34268.0707  EKtot   =      9252.4609  EPtot      =    -43520.5317
 BOND   =       373.6039  ANGLE   =      1070.0007  DIHED      =      1353.6664
 1-4 NB =       459.2537  1-4 EEL =      6241.1374  VDWAALS    =      4706.5718
 EELEC  =    -57759.2358  EHBOND  =         0.0000  RESTRAINT  =        34.4704
 EAMBER (non-restraint)  =    -43555.0021
 ------------------------------------------------------------------------------

wrapping first mol.:       20.29907       28.70721       49.72235
wrapping first mol.:       20.29907       28.70721       49.72235

 NSTEP =    14500   TIME(PS) =    1969.000  TEMP(K) =   298.92  PRESS =     0.0
 Etot   =    -34484.8978  EKtot   =      9145.1133  EPtot      =    -43630.0111
 BOND   =       376.1293  ANGLE   =      1102.9353  DIHED      =      1364.7965
 1-4 NB =       447.3490  1-4 EEL =      6237.8068  VDWAALS    =      4769.7805
 EELEC  =    -57964.4907  EHBOND  =         0.0000  RESTRAINT  =        35.6821
 EAMBER (non-restraint)  =    -43665.6932
 ------------------------------------------------------------------------------

wrapping first mol.:       20.29907       28.70721       49.72235
wrapping first mol.:       20.29907       28.70721       49.72235

 NSTEP =    15000   TIME(PS) =    1970.000  TEMP(K) =   300.38  PRESS =     0.0
 Etot   =    -34499.7643  EKtot   =      9189.6895  EPtot      =    -43689.4537
 BOND   =       359.3528  ANGLE   =      1048.9963  DIHED      =      1356.2907
 1-4 NB =       445.6230  1-4 EEL =      6239.9354  VDWAALS    =      4700.9396
 EELEC  =    -57875.0764  EHBOND  =         0.0000  RESTRAINT  =        34.4847
 EAMBER (non-restraint)  =    -43723.9385
 ------------------------------------------------------------------------------

wrapping first mol.:       20.29907       28.70721       49.72235
wrapping first mol.:       20.29907       28.70721       49.72235

 NSTEP =    15500   TIME(PS) =    1971.000  TEMP(K) =   300.64  PRESS =     0.0
 Etot   =    -34419.0179  EKtot   =      9197.8467  EPtot      =    -43616.8646
 BOND   =       357.0442  ANGLE   =      1113.5086  DIHED      =      1356.4118
 1-4 NB =       444.7253  1-4 EEL =      6233.4252  VDWAALS    =      4628.8351
 EELEC  =    -57788.4810  EHBOND  =         0.0000  RESTRAINT  =        37.6662
 EAMBER (non-restraint)  =    -43654.5307
 ------------------------------------------------------------------------------

wrapping first mol.:       20.29907       28.70721       49.72235
wrapping first mol.:       20.29907       28.70721       49.72235

 NSTEP =    16000   TIME(PS) =    1972.000  TEMP(K) =   298.51  PRESS =     0.0
 Etot   =    -34484.6896  EKtot   =      9132.5576  EPtot      =    -43617.2473
 BOND   =       357.7104  ANGLE   =      1052.8920  DIHED      =      1359.0097
 1-4 NB =       444.1870  1-4 EEL =      6249.4499  VDWAALS    =      4762.4081
 EELEC  =    -57880.5255  EHBOND  =         0.0000  RESTRAINT  =        37.6211
 EAMBER (non-restraint)  =    -43654.8684
 ------------------------------------------------------------------------------

wrapping first mol.:       20.29907       28.70721       49.72235
wrapping first mol.:       20.29907       28.70721       49.72235

 NSTEP =    16500   TIME(PS) =    1973.000  TEMP(K) =   299.89  PRESS =     0.0
 Etot   =    -34212.6048  EKtot   =      9174.8857  EPtot      =    -43387.4906
 BOND   =       368.1796  ANGLE   =      1101.6817  DIHED      =      1352.6643
 1-4 NB =       461.9369  1-4 EEL =      6251.0137  VDWAALS    =      4645.9146
 EELEC  =    -57602.3872  EHBOND  =         0.0000  RESTRAINT  =        33.5058
 EAMBER (non-restraint)  =    -43420.9964
 ------------------------------------------------------------------------------

wrapping first mol.:       20.29907       28.70721       49.72235
wrapping first mol.:       20.29907       28.70721       49.72235

 NSTEP =    17000   TIME(PS) =    1974.000  TEMP(K) =   304.33  PRESS =     0.0
 Etot   =    -34333.1342  EKtot   =      9310.5762  EPtot      =    -43643.7104
 BOND   =       354.1909  ANGLE   =      1054.7651  DIHED      =      1368.9856
 1-4 NB =       462.5812  1-4 EEL =      6293.4472  VDWAALS    =      4733.9740
 EELEC  =    -57949.5549  EHBOND  =         0.0000  RESTRAINT  =        37.9005
 EAMBER (non-restraint)  =    -43681.6109
 ------------------------------------------------------------------------------

wrapping first mol.:       20.29907       28.70721       49.72235
wrapping first mol.:       20.29907       28.70721       49.72235

 NSTEP =    17500   TIME(PS) =    1975.000  TEMP(K) =   299.00  PRESS =     0.0
 Etot   =    -34560.0629  EKtot   =      9147.5156  EPtot      =    -43707.5785
 BOND   =       338.0920  ANGLE   =      1027.9940  DIHED      =      1375.4168
 1-4 NB =       438.7979  1-4 EEL =      6241.2497  VDWAALS    =      4829.9533
 EELEC  =    -57999.9730  EHBOND  =         0.0000  RESTRAINT  =        40.8908
 EAMBER (non-restraint)  =    -43748.4693
 ------------------------------------------------------------------------------

wrapping first mol.:       20.29907       28.70721       49.72235
wrapping first mol.:       20.29907       28.70721       49.72235

 NSTEP =    18000   TIME(PS) =    1976.000  TEMP(K) =   298.10  PRESS =     0.0
 Etot   =    -34609.8237  EKtot   =      9119.9385  EPtot      =    -43729.7621
 BOND   =       361.7186  ANGLE   =      1045.2940  DIHED      =      1347.0921
 1-4 NB =       439.0536  1-4 EEL =      6247.4648  VDWAALS    =      4639.2434
 EELEC  =    -57845.0588  EHBOND  =         0.0000  RESTRAINT  =        35.4303
 EAMBER (non-restraint)  =    -43765.1924
 ------------------------------------------------------------------------------

wrapping first mol.:       20.29907       28.70721       49.72235
wrapping first mol.:       20.29907       28.70721       49.72235

 NSTEP =    18500   TIME(PS) =    1977.000  TEMP(K) =   302.52  PRESS =     0.0
 Etot   =    -34401.0459  EKtot   =      9255.1650  EPtot      =    -43656.2110
 BOND   =       357.3673  ANGLE   =      1041.6729  DIHED      =      1368.1522
 1-4 NB =       447.3834  1-4 EEL =      6247.6005  VDWAALS    =      4623.0785
 EELEC  =    -57778.2586  EHBOND  =         0.0000  RESTRAINT  =        36.7927
 EAMBER (non-restraint)  =    -43693.0037
 ------------------------------------------------------------------------------

wrapping first mol.:       20.29907       28.70721       49.72235
wrapping first mol.:       20.29907       28.70721       49.72235

 NSTEP =    19000   TIME(PS) =    1978.000  TEMP(K) =   302.68  PRESS =     0.0
 Etot   =    -34455.0681  EKtot   =      9260.0029  EPtot      =    -43715.0710
 BOND   =       344.4738  ANGLE   =      1075.0106  DIHED      =      1344.9893
 1-4 NB =       438.6770  1-4 EEL =      6281.3426  VDWAALS    =      4753.4908
 EELEC  =    -57990.8106  EHBOND  =         0.0000  RESTRAINT  =        37.7556
 EAMBER (non-restraint)  =    -43752.8266
 ------------------------------------------------------------------------------

wrapping first mol.:       20.29907       28.70721       49.72235
wrapping first mol.:       20.29907       28.70721       49.72235

 NSTEP =    19500   TIME(PS) =    1979.000  TEMP(K) =   303.53  PRESS =     0.0
 Etot   =    -34306.3575  EKtot   =      9286.2520  EPtot      =    -43592.6094
 BOND   =       356.5078  ANGLE   =      1105.1900  DIHED      =      1354.8452
 1-4 NB =       450.2134  1-4 EEL =      6246.7543  VDWAALS    =      4733.3886
 EELEC  =    -57872.7648  EHBOND  =         0.0000  RESTRAINT  =        33.2561
 EAMBER (non-restraint)  =    -43625.8656
 ------------------------------------------------------------------------------

wrapping first mol.:       20.29907       28.70721       49.72235
wrapping first mol.:       20.29907       28.70721       49.72235

 NSTEP =    20000   TIME(PS) =    1980.000  TEMP(K) =   301.09  PRESS =     0.0
 Etot   =    -34317.1717  EKtot   =      9211.4404  EPtot      =    -43528.6121
 BOND   =       379.4035  ANGLE   =      1056.8107  DIHED      =      1364.2416
 1-4 NB =       452.0678  1-4 EEL =      6250.4048  VDWAALS    =      4760.3019
 EELEC  =    -57828.5176  EHBOND  =         0.0000  RESTRAINT  =        36.6753
 EAMBER (non-restraint)  =    -43565.2875
 ------------------------------------------------------------------------------

wrapping first mol.:       20.29907       28.70721       49.72235
wrapping first mol.:       20.29907       28.70721       49.72235

 NSTEP =    20500   TIME(PS) =    1981.000  TEMP(K) =   296.79  PRESS =     0.0
 Etot   =    -34624.2056  EKtot   =      9080.0693  EPtot      =    -43704.2749
 BOND   =       356.5165  ANGLE   =      1067.1138  DIHED      =      1372.9084
 1-4 NB =       453.8509  1-4 EEL =      6251.7832  VDWAALS    =      4875.8599
 EELEC  =    -58122.1411  EHBOND  =         0.0000  RESTRAINT  =        39.8333
 EAMBER (non-restraint)  =    -43744.1082
 ------------------------------------------------------------------------------

wrapping first mol.:       20.29907       28.70721       49.72235
wrapping first mol.:       20.29907       28.70721       49.72235

 NSTEP =    21000   TIME(PS) =    1982.000  TEMP(K) =   305.87  PRESS =     0.0
 Etot   =    -34212.3341  EKtot   =      9357.8184  EPtot      =    -43570.1524
 BOND   =       350.6646  ANGLE   =      1108.9326  DIHED      =      1367.6891
 1-4 NB =       445.3551  1-4 EEL =      6227.0530  VDWAALS    =      4825.4270
 EELEC  =    -57931.0361  EHBOND  =         0.0000  RESTRAINT  =        35.7622
 EAMBER (non-restraint)  =    -43605.9147
 ------------------------------------------------------------------------------

wrapping first mol.:       20.29907       28.70721       49.72235
wrapping first mol.:       20.29907       28.70721       49.72235

 NSTEP =    21500   TIME(PS) =    1983.000  TEMP(K) =   299.07  PRESS =     0.0
 Etot   =    -34609.2452  EKtot   =      9149.6816  EPtot      =    -43758.9269
 BOND   =       341.6435  ANGLE   =      1054.7053  DIHED      =      1363.5050
 1-4 NB =       475.4363  1-4 EEL =      6277.9972  VDWAALS    =      4769.4831
 EELEC  =    -58077.6972  EHBOND  =         0.0000  RESTRAINT  =        35.9999
 EAMBER (non-restraint)  =    -43794.9268
 ------------------------------------------------------------------------------

wrapping first mol.:       20.29907       28.70721       49.72235
wrapping first mol.:       20.29907       28.70721       49.72235

 NSTEP =    22000   TIME(PS) =    1984.000  TEMP(K) =   299.69  PRESS =     0.0
 Etot   =    -34623.6445  EKtot   =      9168.6846  EPtot      =    -43792.3290
 BOND   =       349.9548  ANGLE   =       990.3647  DIHED      =      1372.4659
 1-4 NB =       458.4901  1-4 EEL =      6279.4955  VDWAALS    =      4697.1429
 EELEC  =    -57977.5569  EHBOND  =         0.0000  RESTRAINT  =        37.3140
 EAMBER (non-restraint)  =    -43829.6431
 ------------------------------------------------------------------------------

wrapping first mol.:       20.29907       28.70721       49.72235
wrapping first mol.:       20.29907       28.70721       49.72235

 NSTEP =    22500   TIME(PS) =    1985.000  TEMP(K) =   298.29  PRESS =     0.0
 Etot   =    -34572.8961  EKtot   =      9125.7207  EPtot      =    -43698.6168
 BOND   =       377.1461  ANGLE   =      1086.9103  DIHED      =      1366.4623
 1-4 NB =       436.1212  1-4 EEL =      6215.3637  VDWAALS    =      4823.9408
 EELEC  =    -58040.1670  EHBOND  =         0.0000  RESTRAINT  =        35.6058
 EAMBER (non-restraint)  =    -43734.2226
 ------------------------------------------------------------------------------

wrapping first mol.:       20.29907       28.70721       49.72235
wrapping first mol.:       20.29907       28.70721       49.72235

 NSTEP =    23000   TIME(PS) =    1986.000  TEMP(K) =   302.35  PRESS =     0.0
 Etot   =    -34354.5776  EKtot   =      9249.9385  EPtot      =    -43604.5161
 BOND   =       330.1394  ANGLE   =      1080.8055  DIHED      =      1360.1769
 1-4 NB =       441.8576  1-4 EEL =      6254.6550  VDWAALS    =      4738.1968
 EELEC  =    -57852.7253  EHBOND  =         0.0000  RESTRAINT  =        42.3780
 EAMBER (non-restraint)  =    -43646.8941
 ------------------------------------------------------------------------------

wrapping first mol.:       20.29907       28.70721       49.72235
wrapping first mol.:       20.29907       28.70721       49.72235

 NSTEP =    23500   TIME(PS) =    1987.000  TEMP(K) =   300.74  PRESS =     0.0
 Etot   =    -34446.7188  EKtot   =      9200.7002  EPtot      =    -43647.4190
 BOND   =       357.3683  ANGLE   =      1054.7881  DIHED      =      1361.1059
 1-4 NB =       447.2187  1-4 EEL =      6225.4473  VDWAALS    =      4763.5781
 EELEC  =    -57891.2168  EHBOND  =         0.0000  RESTRAINT  =        34.2913
 EAMBER (non-restraint)  =    -43681.7103
 ------------------------------------------------------------------------------

wrapping first mol.:       20.29907       28.70721       49.72235
wrapping first mol.:       20.29907       28.70721       49.72235

 NSTEP =    24000   TIME(PS) =    1988.000  TEMP(K) =   300.21  PRESS =     0.0
 Etot   =    -34434.0471  EKtot   =      9184.5117  EPtot      =    -43618.5588
 BOND   =       331.8708  ANGLE   =      1047.4267  DIHED      =      1369.7221
 1-4 NB =       461.4390  1-4 EEL =      6254.4476  VDWAALS    =      4611.0973
 EELEC  =    -57725.4099  EHBOND  =         0.0000  RESTRAINT  =        30.8476
 EAMBER (non-restraint)  =    -43649.4064
 ------------------------------------------------------------------------------

wrapping first mol.:       20.29907       28.70721       49.72235
wrapping first mol.:       20.29907       28.70721       49.72235

 NSTEP =    24500   TIME(PS) =    1989.000  TEMP(K) =   301.32  PRESS =     0.0
 Etot   =    -34412.4784  EKtot   =      9218.4307  EPtot      =    -43630.9091
 BOND   =       370.2532  ANGLE   =      1057.8273  DIHED      =      1362.4716
 1-4 NB =       441.6060  1-4 EEL =      6232.0924  VDWAALS    =      4611.1896
 EELEC  =    -57740.9590  EHBOND  =         0.0000  RESTRAINT  =        34.6098
 EAMBER (non-restraint)  =    -43665.5189
 ------------------------------------------------------------------------------

wrapping first mol.:       20.29907       28.70721       49.72235
wrapping first mol.:       20.29907       28.70721       49.72235

 NSTEP =    25000   TIME(PS) =    1990.000  TEMP(K) =   301.68  PRESS =     0.0
 Etot   =    -34298.0288  EKtot   =      9229.4629  EPtot      =    -43527.4917
 BOND   =       365.9393  ANGLE   =      1070.0818  DIHED      =      1389.5889
 1-4 NB =       434.2817  1-4 EEL =      6244.8714  VDWAALS    =      4758.7797
 EELEC  =    -57831.1346  EHBOND  =         0.0000  RESTRAINT  =        40.1002
 EAMBER (non-restraint)  =    -43567.5919
 ------------------------------------------------------------------------------

wrapping first mol.:       20.29907       28.70721       49.72235
wrapping first mol.:       20.29907       28.70721       49.72235

 NSTEP =    25500   TIME(PS) =    1991.000  TEMP(K) =   294.61  PRESS =     0.0
 Etot   =    -34681.1459  EKtot   =      9013.1309  EPtot      =    -43694.2767
 BOND   =       341.0454  ANGLE   =      1048.1202  DIHED      =      1362.9057
 1-4 NB =       438.9684  1-4 EEL =      6219.6781  VDWAALS    =      4969.4560
 EELEC  =    -58106.0256  EHBOND  =         0.0000  RESTRAINT  =        31.5750
 EAMBER (non-restraint)  =    -43725.8518
 ------------------------------------------------------------------------------

wrapping first mol.:       20.29907       28.70721       49.72235
wrapping first mol.:       20.29907       28.70721       49.72235

 NSTEP =    26000   TIME(PS) =    1992.000  TEMP(K) =   305.65  PRESS =     0.0
 Etot   =    -34307.1749  EKtot   =      9350.9785  EPtot      =    -43658.1534
 BOND   =       354.3670  ANGLE   =      1052.1750  DIHED      =      1350.1691
 1-4 NB =       444.0171  1-4 EEL =      6231.8423  VDWAALS    =      4831.8560
 EELEC  =    -57955.2490  EHBOND  =         0.0000  RESTRAINT  =        32.6691
 EAMBER (non-restraint)  =    -43690.8226
 ------------------------------------------------------------------------------

wrapping first mol.:       20.29907       28.70721       49.72235
wrapping first mol.:       20.29907       28.70721       49.72235

 NSTEP =    26500   TIME(PS) =    1993.000  TEMP(K) =   300.33  PRESS =     0.0
 Etot   =    -34412.1688  EKtot   =      9188.1885  EPtot      =    -43600.3573
 BOND   =       365.8341  ANGLE   =      1104.4341  DIHED      =      1351.4417
 1-4 NB =       431.1535  1-4 EEL =      6257.3457  VDWAALS    =      4792.5355
 EELEC  =    -57939.6612  EHBOND  =         0.0000  RESTRAINT  =        36.5592
 EAMBER (non-restraint)  =    -43636.9165
 ------------------------------------------------------------------------------

wrapping first mol.:       20.29907       28.70721       49.72235
wrapping first mol.:       20.29907       28.70721       49.72235

 NSTEP =    27000   TIME(PS) =    1994.000  TEMP(K) =   302.85  PRESS =     0.0
 Etot   =    -34379.4751  EKtot   =      9265.3984  EPtot      =    -43644.8736
 BOND   =       352.6477  ANGLE   =      1058.8021  DIHED      =      1382.4288
 1-4 NB =       437.7916  1-4 EEL =      6237.6142  VDWAALS    =      4803.2239
 EELEC  =    -57953.4165  EHBOND  =         0.0000  RESTRAINT  =        36.0346
 EAMBER (non-restraint)  =    -43680.9082
 ------------------------------------------------------------------------------

wrapping first mol.:       20.29907       28.70721       49.72235
wrapping first mol.:       20.29907       28.70721       49.72235

 NSTEP =    27500   TIME(PS) =    1995.000  TEMP(K) =   303.45  PRESS =     0.0
 Etot   =    -34302.5862  EKtot   =      9283.7070  EPtot      =    -43586.2933
 BOND   =       375.2932  ANGLE   =      1111.7100  DIHED      =      1383.5682
 1-4 NB =       438.2118  1-4 EEL =      6232.6222  VDWAALS    =      4644.7002
 EELEC  =    -57807.9918  EHBOND  =         0.0000  RESTRAINT  =        35.5929
 EAMBER (non-restraint)  =    -43621.8862
 ------------------------------------------------------------------------------

wrapping first mol.:       20.29907       28.70721       49.72235
wrapping first mol.:       20.29907       28.70721       49.72235

 NSTEP =    28000   TIME(PS) =    1996.000  TEMP(K) =   303.92  PRESS =     0.0
 Etot   =    -34305.0863  EKtot   =      9298.0732  EPtot      =    -43603.1595
 BOND   =       335.3959  ANGLE   =      1041.6500  DIHED      =      1354.7248
 1-4 NB =       447.8314  1-4 EEL =      6270.5463  VDWAALS    =      4752.3002
 EELEC  =    -57838.5397  EHBOND  =         0.0000  RESTRAINT  =        32.9316
 EAMBER (non-restraint)  =    -43636.0911
 ------------------------------------------------------------------------------

wrapping first mol.:       20.29907       28.70721       49.72235
wrapping first mol.:       20.29907       28.70721       49.72235

 NSTEP =    28500   TIME(PS) =    1997.000  TEMP(K) =   299.80  PRESS =     0.0
 Etot   =    -34372.5989  EKtot   =      9171.8994  EPtot      =    -43544.4984
 BOND   =       329.7641  ANGLE   =      1038.2371  DIHED      =      1366.6242
 1-4 NB =       449.4127  1-4 EEL =      6247.5932  VDWAALS    =      4791.5452
 EELEC  =    -57804.7575  EHBOND  =         0.0000  RESTRAINT  =        37.0827
 EAMBER (non-restraint)  =    -43581.5811
 ------------------------------------------------------------------------------

wrapping first mol.:       20.29907       28.70721       49.72235
wrapping first mol.:       20.29907       28.70721       49.72235

 NSTEP =    29000   TIME(PS) =    1998.000  TEMP(K) =   299.22  PRESS =     0.0
 Etot   =    -34278.1817  EKtot   =      9154.1484  EPtot      =    -43432.3301
 BOND   =       345.2177  ANGLE   =      1091.7622  DIHED      =      1385.3277
 1-4 NB =       439.3703  1-4 EEL =      6248.7610  VDWAALS    =      4522.4274
 EELEC  =    -57495.8738  EHBOND  =         0.0000  RESTRAINT  =        30.6774
 EAMBER (non-restraint)  =    -43463.0075
 ------------------------------------------------------------------------------

wrapping first mol.:       20.29907       28.70721       49.72235
wrapping first mol.:       20.29907       28.70721       49.72235

 NSTEP =    29500   TIME(PS) =    1999.000  TEMP(K) =   301.30  PRESS =     0.0
 Etot   =    -34264.8000  EKtot   =      9217.7891  EPtot      =    -43482.5891
 BOND   =       369.4537  ANGLE   =      1096.1386  DIHED      =      1346.3267
 1-4 NB =       453.6828  1-4 EEL =      6256.3608  VDWAALS    =      4767.4870
 EELEC  =    -57807.9616  EHBOND  =         0.0000  RESTRAINT  =        35.9229
 EAMBER (non-restraint)  =    -43518.5119
 ------------------------------------------------------------------------------

wrapping first mol.:       20.29907       28.70721       49.72235
wrapping first mol.:       20.29907       28.70721       49.72235

 NSTEP =    30000   TIME(PS) =    2000.000  TEMP(K) =   299.38  PRESS =     0.0
 Etot   =    -34372.4664  EKtot   =      9159.3066  EPtot      =    -43531.7730
 BOND   =       364.5941  ANGLE   =      1065.1892  DIHED      =      1372.3221
 1-4 NB =       442.4988  1-4 EEL =      6225.6467  VDWAALS    =      4739.0330
 EELEC  =    -57779.2192  EHBOND  =         0.0000  RESTRAINT  =        38.1623
 EAMBER (non-restraint)  =    -43569.9353
 ------------------------------------------------------------------------------

wrapping first mol.:       20.29907       28.70721       49.72235
wrapping first mol.:       20.29907       28.70721       49.72235

 NSTEP =    30500   TIME(PS) =    2001.000  TEMP(K) =   301.96  PRESS =     0.0
 Etot   =    -34396.7785  EKtot   =      9238.0859  EPtot      =    -43634.8645
 BOND   =       364.1294  ANGLE   =      1072.9665  DIHED      =      1360.9547
 1-4 NB =       447.6401  1-4 EEL =      6260.3826  VDWAALS    =      4739.5535
 EELEC  =    -57917.3716  EHBOND  =         0.0000  RESTRAINT  =        36.8803
 EAMBER (non-restraint)  =    -43671.7448
 ------------------------------------------------------------------------------

wrapping first mol.:       20.29907       28.70721       49.72235
wrapping first mol.:       20.29907       28.70721       49.72235

 NSTEP =    31000   TIME(PS) =    2002.000  TEMP(K) =   298.80  PRESS =     0.0
 Etot   =    -34354.9269  EKtot   =      9141.3799  EPtot      =    -43496.3067
 BOND   =       356.5081  ANGLE   =      1042.5063  DIHED      =      1384.1383
 1-4 NB =       447.4273  1-4 EEL =      6266.5796  VDWAALS    =      4875.3712
 EELEC  =    -57913.1345  EHBOND  =         0.0000  RESTRAINT  =        44.2969
 EAMBER (non-restraint)  =    -43540.6037
 ------------------------------------------------------------------------------

wrapping first mol.:       20.29907       28.70721       49.72235
wrapping first mol.:       20.29907       28.70721       49.72235

 NSTEP =    31500   TIME(PS) =    2003.000  TEMP(K) =   294.08  PRESS =     0.0
 Etot   =    -34747.8605  EKtot   =      8997.0664  EPtot      =    -43744.9269
 BOND   =       348.7550  ANGLE   =      1076.8393  DIHED      =      1387.3513
 1-4 NB =       455.3263  1-4 EEL =      6237.0395  VDWAALS    =      4627.0106
 EELEC  =    -57916.7959  EHBOND  =         0.0000  RESTRAINT  =        39.5470
 EAMBER (non-restraint)  =    -43784.4740
 ------------------------------------------------------------------------------

wrapping first mol.:       20.29907       28.70721       49.72235
wrapping first mol.:       20.29907       28.70721       49.72235

 NSTEP =    32000   TIME(PS) =    2004.000  TEMP(K) =   299.58  PRESS =     0.0
 Etot   =    -34526.6537  EKtot   =      9165.2539  EPtot      =    -43691.9076
 BOND   =       362.2615  ANGLE   =      1088.9243  DIHED      =      1364.4234
 1-4 NB =       442.3853  1-4 EEL =      6246.9642  VDWAALS    =      4787.5876
 EELEC  =    -58018.7541  EHBOND  =         0.0000  RESTRAINT  =        34.3002
 EAMBER (non-restraint)  =    -43726.2078
 ------------------------------------------------------------------------------

wrapping first mol.:       20.29907       28.70721       49.72235
wrapping first mol.:       20.29907       28.70721       49.72235

 NSTEP =    32500   TIME(PS) =    2005.000  TEMP(K) =   301.99  PRESS =     0.0
 Etot   =    -34283.3295  EKtot   =      9238.9717  EPtot      =    -43522.3012
 BOND   =       361.6776  ANGLE   =      1148.0325  DIHED      =      1367.7899
 1-4 NB =       443.4576  1-4 EEL =      6238.6728  VDWAALS    =      4803.3772
 EELEC  =    -57919.7183  EHBOND  =         0.0000  RESTRAINT  =        34.4093
 EAMBER (non-restraint)  =    -43556.7105
 ------------------------------------------------------------------------------

wrapping first mol.:       20.29907       28.70721       49.72235
wrapping first mol.:       20.29907       28.70721       49.72235

 NSTEP =    33000   TIME(PS) =    2006.000  TEMP(K) =   302.37  PRESS =     0.0
 Etot   =    -34434.1538  EKtot   =      9250.6514  EPtot      =    -43684.8051
 BOND   =       358.8822  ANGLE   =      1055.6901  DIHED      =      1356.8957
 1-4 NB =       449.4526  1-4 EEL =      6257.7849  VDWAALS    =      4637.5872
 EELEC  =    -57836.2324  EHBOND  =         0.0000  RESTRAINT  =        35.1346
 EAMBER (non-restraint)  =    -43719.9397
 ------------------------------------------------------------------------------

wrapping first mol.:       20.29907       28.70721       49.72235
wrapping first mol.:       20.29907       28.70721       49.72235

 NSTEP =    33500   TIME(PS) =    2007.000  TEMP(K) =   303.51  PRESS =     0.0
 Etot   =    -34321.3788  EKtot   =      9285.3809  EPtot      =    -43606.7596
 BOND   =       366.8362  ANGLE   =      1073.6694  DIHED      =      1347.2757
 1-4 NB =       450.7009  1-4 EEL =      6223.1474  VDWAALS    =      4641.9554
 EELEC  =    -57753.3040  EHBOND  =         0.0000  RESTRAINT  =        42.9593
 EAMBER (non-restraint)  =    -43649.7190
 ------------------------------------------------------------------------------

wrapping first mol.:       20.29907       28.70721       49.72235
wrapping first mol.:       20.29907       28.70721       49.72235

 NSTEP =    34000   TIME(PS) =    2008.000  TEMP(K) =   298.21  PRESS =     0.0
 Etot   =    -34426.3389  EKtot   =      9123.4180  EPtot      =    -43549.7569
 BOND   =       359.5737  ANGLE   =      1048.2870  DIHED      =      1360.2193
 1-4 NB =       456.4765  1-4 EEL =      6209.7014  VDWAALS    =      4818.2071
 EELEC  =    -57836.7823  EHBOND  =         0.0000  RESTRAINT  =        34.5603
 EAMBER (non-restraint)  =    -43584.3172
 ------------------------------------------------------------------------------

wrapping first mol.:       20.29907       28.70721       49.72235
wrapping first mol.:       20.29907       28.70721       49.72235

 NSTEP =    34500   TIME(PS) =    2009.000  TEMP(K) =   301.49  PRESS =     0.0
 Etot   =    -34362.1772  EKtot   =      9223.7910  EPtot      =    -43585.9683
 BOND   =       354.3287  ANGLE   =      1059.4996  DIHED      =      1355.1495
 1-4 NB =       458.2801  1-4 EEL =      6221.7569  VDWAALS    =      4794.9076
 EELEC  =    -57870.2366  EHBOND  =         0.0000  RESTRAINT  =        40.3459
 EAMBER (non-restraint)  =    -43626.3142
 ------------------------------------------------------------------------------

wrapping first mol.:       20.29907       28.70721       49.72235
wrapping first mol.:       20.29907       28.70721       49.72235

 NSTEP =    35000   TIME(PS) =    2010.000  TEMP(K) =   298.07  PRESS =     0.0
 Etot   =    -34438.1041  EKtot   =      9119.0205  EPtot      =    -43557.1246
 BOND   =       364.7664  ANGLE   =      1073.8201  DIHED      =      1364.1938
 1-4 NB =       443.2547  1-4 EEL =      6244.1038  VDWAALS    =      4676.1248
 EELEC  =    -57760.0561  EHBOND  =         0.0000  RESTRAINT  =        36.6679
 EAMBER (non-restraint)  =    -43593.7925
 ------------------------------------------------------------------------------

wrapping first mol.:       20.29907       28.70721       49.72235
wrapping first mol.:       20.29907       28.70721       49.72235

 NSTEP =    35500   TIME(PS) =    2011.000  TEMP(K) =   297.69  PRESS =     0.0
 Etot   =    -34583.5057  EKtot   =      9107.4844  EPtot      =    -43690.9900
 BOND   =       340.0446  ANGLE   =      1088.8063  DIHED      =      1356.7330
 1-4 NB =       453.1159  1-4 EEL =      6253.7284  VDWAALS    =      4875.9762
 EELEC  =    -58098.9769  EHBOND  =         0.0000  RESTRAINT  =        39.5824
 EAMBER (non-restraint)  =    -43730.5724
 ------------------------------------------------------------------------------

wrapping first mol.:       20.29907       28.70721       49.72235
wrapping first mol.:       20.29907       28.70721       49.72235

 NSTEP =    36000   TIME(PS) =    2012.000  TEMP(K) =   302.68  PRESS =     0.0
 Etot   =    -34448.9380  EKtot   =      9260.1377  EPtot      =    -43709.0757
 BOND   =       366.4770  ANGLE   =      1059.7047  DIHED      =      1357.2023
 1-4 NB =       442.2390  1-4 EEL =      6237.8645  VDWAALS    =      4767.3941
 EELEC  =    -57975.0602  EHBOND  =         0.0000  RESTRAINT  =        35.1029
 EAMBER (non-restraint)  =    -43744.1786
 ------------------------------------------------------------------------------

wrapping first mol.:       20.29907       28.70721       49.72235
wrapping first mol.:       20.29907       28.70721       49.72235

 NSTEP =    36500   TIME(PS) =    2013.000  TEMP(K) =   298.77  PRESS =     0.0
 Etot   =    -34387.7004  EKtot   =      9140.6426  EPtot      =    -43528.3430
 BOND   =       348.0358  ANGLE   =      1059.2123  DIHED      =      1365.3376
 1-4 NB =       440.8693  1-4 EEL =      6218.9578  VDWAALS    =      4747.7317
 EELEC  =    -57743.2220  EHBOND  =         0.0000  RESTRAINT  =        34.7345
 EAMBER (non-restraint)  =    -43563.0775
 ------------------------------------------------------------------------------

wrapping first mol.:       20.29907       28.70721       49.72235
wrapping first mol.:       20.29907       28.70721       49.72235

 NSTEP =    37000   TIME(PS) =    2014.000  TEMP(K) =   298.39  PRESS =     0.0
 Etot   =    -34713.7487  EKtot   =      9128.8184  EPtot      =    -43842.5671
 BOND   =       353.7477  ANGLE   =      1065.9601  DIHED      =      1372.7677
 1-4 NB =       465.2675  1-4 EEL =      6264.6125  VDWAALS    =      4949.0696
 EELEC  =    -58348.4276  EHBOND  =         0.0000  RESTRAINT  =        34.4355
 EAMBER (non-restraint)  =    -43877.0026
 ------------------------------------------------------------------------------

wrapping first mol.:       20.29907       28.70721       49.72235
wrapping first mol.:       20.29907       28.70721       49.72235

 NSTEP =    37500   TIME(PS) =    2015.000  TEMP(K) =   299.19  PRESS =     0.0
 Etot   =    -34671.7445  EKtot   =      9153.3145  EPtot      =    -43825.0590
 BOND   =       347.6927  ANGLE   =      1100.8696  DIHED      =      1362.6272
 1-4 NB =       432.6026  1-4 EEL =      6240.3317  VDWAALS    =      4673.1165
 EELEC  =    -58016.0264  EHBOND  =         0.0000  RESTRAINT  =        33.7271
 EAMBER (non-restraint)  =    -43858.7861
 ------------------------------------------------------------------------------

wrapping first mol.:       20.29907       28.70721       49.72235
wrapping first mol.:       20.29907       28.70721       49.72235

 NSTEP =    38000   TIME(PS) =    2016.000  TEMP(K) =   301.10  PRESS =     0.0
 Etot   =    -34518.5439  EKtot   =      9211.7227  EPtot      =    -43730.2666
 BOND   =       331.7379  ANGLE   =      1077.3330  DIHED      =      1364.6403
 1-4 NB =       447.3944  1-4 EEL =      6227.5009  VDWAALS    =      4856.7035
 EELEC  =    -58071.8984  EHBOND  =         0.0000  RESTRAINT  =        36.3219
 EAMBER (non-restraint)  =    -43766.5885
 ------------------------------------------------------------------------------

wrapping first mol.:       20.29907       28.70721       49.72235
wrapping first mol.:       20.29907       28.70721       49.72235

 NSTEP =    38500   TIME(PS) =    2017.000  TEMP(K) =   302.29  PRESS =     0.0
 Etot   =    -34287.9396  EKtot   =      9248.0713  EPtot      =    -43536.0109
 BOND   =       357.6816  ANGLE   =      1066.2460  DIHED      =      1372.1835
 1-4 NB =       443.8100  1-4 EEL =      6247.5243  VDWAALS    =      4853.4770
 EELEC  =    -57914.7102  EHBOND  =         0.0000  RESTRAINT  =        37.7769
 EAMBER (non-restraint)  =    -43573.7878
 ------------------------------------------------------------------------------

wrapping first mol.:       20.29907       28.70721       49.72235
wrapping first mol.:       20.29907       28.70721       49.72235

 NSTEP =    39000   TIME(PS) =    2018.000  TEMP(K) =   298.57  PRESS =     0.0
 Etot   =    -34574.8152  EKtot   =      9134.3867  EPtot      =    -43709.2019
 BOND   =       359.6739  ANGLE   =      1040.1627  DIHED      =      1360.3909
 1-4 NB =       446.9727  1-4 EEL =      6227.3334  VDWAALS    =      4915.3820
 EELEC  =    -58097.3074  EHBOND  =         0.0000  RESTRAINT  =        38.1898
 EAMBER (non-restraint)  =    -43747.3917
 ------------------------------------------------------------------------------

wrapping first mol.:       20.29907       28.70721       49.72235
wrapping first mol.:       20.29907       28.70721       49.72235

 NSTEP =    39500   TIME(PS) =    2019.000  TEMP(K) =   296.33  PRESS =     0.0
 Etot   =    -34630.1684  EKtot   =      9065.7412  EPtot      =    -43695.9096
 BOND   =       360.7095  ANGLE   =      1104.5709  DIHED      =      1354.6936
 1-4 NB =       452.5109  1-4 EEL =      6220.9530  VDWAALS    =      4612.9466
 EELEC  =    -57837.3481  EHBOND  =         0.0000  RESTRAINT  =        35.0540
 EAMBER (non-restraint)  =    -43730.9636
 ------------------------------------------------------------------------------

wrapping first mol.:       20.29907       28.70721       49.72235
wrapping first mol.:       20.29907       28.70721       49.72235

 NSTEP =    40000   TIME(PS) =    2020.000  TEMP(K) =   294.26  PRESS =     0.0
 Etot   =    -34822.0241  EKtot   =      9002.5508  EPtot      =    -43824.5749
 BOND   =       371.3633  ANGLE   =      1067.5621  DIHED      =      1357.8427
 1-4 NB =       447.0448  1-4 EEL =      6204.1805  VDWAALS    =      4855.6268
 EELEC  =    -58161.1460  EHBOND  =         0.0000  RESTRAINT  =        32.9509
 EAMBER (non-restraint)  =    -43857.5258
 ------------------------------------------------------------------------------

wrapping first mol.:       20.29907       28.70721       49.72235
wrapping first mol.:       20.29907       28.70721       49.72235

 NSTEP =    40500   TIME(PS) =    2021.000  TEMP(K) =   301.82  PRESS =     0.0
 Etot   =    -34530.3655  EKtot   =      9233.9717  EPtot      =    -43764.3372
 BOND   =       359.9165  ANGLE   =      1029.0246  DIHED      =      1369.6335
 1-4 NB =       440.8507  1-4 EEL =      6249.1947  VDWAALS    =      4743.6565
 EELEC  =    -57992.2333  EHBOND  =         0.0000  RESTRAINT  =        35.6197
 EAMBER (non-restraint)  =    -43799.9569
 ------------------------------------------------------------------------------

wrapping first mol.:       20.29907       28.70721       49.72235
wrapping first mol.:       20.29907       28.70721       49.72235

 NSTEP =    41000   TIME(PS) =    2022.000  TEMP(K) =   298.63  PRESS =     0.0
 Etot   =    -34330.7283  EKtot   =      9136.1572  EPtot      =    -43466.8856
 BOND   =       369.0075  ANGLE   =      1071.4190  DIHED      =      1358.7724
 1-4 NB =       441.9405  1-4 EEL =      6266.2803  VDWAALS    =      4713.1342
 EELEC  =    -57724.8554  EHBOND  =         0.0000  RESTRAINT  =        37.4159
 EAMBER (non-restraint)  =    -43504.3015
 ------------------------------------------------------------------------------

wrapping first mol.:       20.29907       28.70721       49.72235
wrapping first mol.:       20.29907       28.70721       49.72235

 NSTEP =    41500   TIME(PS) =    2023.000  TEMP(K) =   300.91  PRESS =     0.0
 Etot   =    -34221.8206  EKtot   =      9205.9219  EPtot      =    -43427.7425
 BOND   =       330.5735  ANGLE   =      1072.2094  DIHED      =      1353.8735
 1-4 NB =       459.5967  1-4 EEL =      6250.8311  VDWAALS    =      4729.6917
 EELEC  =    -57661.2552  EHBOND  =         0.0000  RESTRAINT  =        36.7367
 EAMBER (non-restraint)  =    -43464.4792
 ------------------------------------------------------------------------------

wrapping first mol.:       20.29907       28.70721       49.72235
wrapping first mol.:       20.29907       28.70721       49.72235

 NSTEP =    42000   TIME(PS) =    2024.000  TEMP(K) =   301.47  PRESS =     0.0
 Etot   =    -34377.2064  EKtot   =      9223.0869  EPtot      =    -43600.2933
 BOND   =       350.8257  ANGLE   =      1070.9904  DIHED      =      1360.7589
 1-4 NB =       431.9534  1-4 EEL =      6232.4395  VDWAALS    =      4842.8393
 EELEC  =    -57925.3294  EHBOND  =         0.0000  RESTRAINT  =        35.2289
 EAMBER (non-restraint)  =    -43635.5222
 ------------------------------------------------------------------------------

wrapping first mol.:       20.29907       28.70721       49.72235
wrapping first mol.:       20.29907       28.70721       49.72235

 NSTEP =    42500   TIME(PS) =    2025.000  TEMP(K) =   297.74  PRESS =     0.0
 Etot   =    -34374.7052  EKtot   =      9109.0371  EPtot      =    -43483.7423
 BOND   =       359.5606  ANGLE   =      1054.0879  DIHED      =      1380.1538
 1-4 NB =       457.7731  1-4 EEL =      6254.3773  VDWAALS    =      4671.4389
 EELEC  =    -57696.4009  EHBOND  =         0.0000  RESTRAINT  =        35.2669
 EAMBER (non-restraint)  =    -43519.0092
 ------------------------------------------------------------------------------

wrapping first mol.:       20.29907       28.70721       49.72235
wrapping first mol.:       20.29907       28.70721       49.72235

 NSTEP =    43000   TIME(PS) =    2026.000  TEMP(K) =   303.22  PRESS =     0.0
 Etot   =    -34297.3782  EKtot   =      9276.7998  EPtot      =    -43574.1780
 BOND   =       319.2158  ANGLE   =      1060.6045  DIHED      =      1347.7704
 1-4 NB =       459.2822  1-4 EEL =      6264.6329  VDWAALS    =      4872.3742
 EELEC  =    -57934.5774  EHBOND  =         0.0000  RESTRAINT  =        36.5193
 EAMBER (non-restraint)  =    -43610.6974
 ------------------------------------------------------------------------------

wrapping first mol.:       20.29907       28.70721       49.72235
wrapping first mol.:       20.29907       28.70721       49.72235

 NSTEP =    43500   TIME(PS) =    2027.000  TEMP(K) =   301.66  PRESS =     0.0
 Etot   =    -34357.4852  EKtot   =      9228.9121  EPtot      =    -43586.3973
 BOND   =       330.1932  ANGLE   =      1040.9349  DIHED      =      1355.9241
 1-4 NB =       456.4236  1-4 EEL =      6283.4475  VDWAALS    =      4844.9787
 EELEC  =    -57935.7029  EHBOND  =         0.0000  RESTRAINT  =        37.4035
 EAMBER (non-restraint)  =    -43623.8008
 ------------------------------------------------------------------------------

wrapping first mol.:       20.29907       28.70721       49.72235
wrapping first mol.:       20.29907       28.70721       49.72235

 NSTEP =    44000   TIME(PS) =    2028.000  TEMP(K) =   294.34  PRESS =     0.0
 Etot   =    -34647.2830  EKtot   =      9004.9805  EPtot      =    -43652.2635
 BOND   =       337.6470  ANGLE   =      1056.1113  DIHED      =      1385.2308
 1-4 NB =       448.8367  1-4 EEL =      6264.7544  VDWAALS    =      4589.6406
 EELEC  =    -57766.6224  EHBOND  =         0.0000  RESTRAINT  =        32.1381
 EAMBER (non-restraint)  =    -43684.4015
 ------------------------------------------------------------------------------

wrapping first mol.:       20.29907       28.70721       49.72235
wrapping first mol.:       20.29907       28.70721       49.72235

 NSTEP =    44500   TIME(PS) =    2029.000  TEMP(K) =   300.84  PRESS =     0.0
 Etot   =    -34526.8410  EKtot   =      9203.9502  EPtot      =    -43730.7912
 BOND   =       341.7778  ANGLE   =      1019.2546  DIHED      =      1366.6287
 1-4 NB =       437.5263  1-4 EEL =      6243.8726  VDWAALS    =      4794.3971
 EELEC  =    -57970.6929  EHBOND  =         0.0000  RESTRAINT  =        36.4447
 EAMBER (non-restraint)  =    -43767.2359
 ------------------------------------------------------------------------------

wrapping first mol.:       20.29907       28.70721       49.72235
wrapping first mol.:       20.29907       28.70721       49.72235

 NSTEP =    45000   TIME(PS) =    2030.000  TEMP(K) =   300.69  PRESS =     0.0
 Etot   =    -34639.2210  EKtot   =      9199.1826  EPtot      =    -43838.4036
 BOND   =       375.9540  ANGLE   =      1054.0047  DIHED      =      1348.8668
 1-4 NB =       442.3905  1-4 EEL =      6250.2387  VDWAALS    =      4753.0213
 EELEC  =    -58093.9338  EHBOND  =         0.0000  RESTRAINT  =        31.0543
 EAMBER (non-restraint)  =    -43869.4579
 ------------------------------------------------------------------------------

wrapping first mol.:       20.29907       28.70721       49.72235
wrapping first mol.:       20.29907       28.70721       49.72235

 NSTEP =    45500   TIME(PS) =    2031.000  TEMP(K) =   299.93  PRESS =     0.0
 Etot   =    -34430.5239  EKtot   =      9175.9678  EPtot      =    -43606.4916
 BOND   =       341.1234  ANGLE   =      1085.2362  DIHED      =      1361.6474
 1-4 NB =       448.0162  1-4 EEL =      6242.0192  VDWAALS    =      4878.8335
 EELEC  =    -57999.1429  EHBOND  =         0.0000  RESTRAINT  =        35.7753
 EAMBER (non-restraint)  =    -43642.2670
 ------------------------------------------------------------------------------

wrapping first mol.:       20.29907       28.70721       49.72235
wrapping first mol.:       20.29907       28.70721       49.72235

 NSTEP =    46000   TIME(PS) =    2032.000  TEMP(K) =   303.52  PRESS =     0.0
 Etot   =    -34446.0232  EKtot   =      9285.9775  EPtot      =    -43732.0007
 BOND   =       341.9036  ANGLE   =      1024.2891  DIHED      =      1368.6133
 1-4 NB =       456.8692  1-4 EEL =      6218.3469  VDWAALS    =      4749.6082
 EELEC  =    -57927.7125  EHBOND  =         0.0000  RESTRAINT  =        36.0815
 EAMBER (non-restraint)  =    -43768.0822
 ------------------------------------------------------------------------------

wrapping first mol.:       20.29907       28.70721       49.72235
wrapping first mol.:       20.29907       28.70721       49.72235

 NSTEP =    46500   TIME(PS) =    2033.000  TEMP(K) =   300.51  PRESS =     0.0
 Etot   =    -34398.6874  EKtot   =      9193.6885  EPtot      =    -43592.3758
 BOND   =       350.8685  ANGLE   =      1083.8470  DIHED      =      1343.6088
 1-4 NB =       443.8016  1-4 EEL =      6200.8007  VDWAALS    =      4529.6954
 EELEC  =    -57579.3200  EHBOND  =         0.0000  RESTRAINT  =        34.3221
 EAMBER (non-restraint)  =    -43626.6979
 ------------------------------------------------------------------------------

wrapping first mol.:       20.29907       28.70721       49.72235
wrapping first mol.:       20.29907       28.70721       49.72235

 NSTEP =    47000   TIME(PS) =    2034.000  TEMP(K) =   292.99  PRESS =     0.0
 Etot   =    -34745.0203  EKtot   =      8963.6338  EPtot      =    -43708.6541
 BOND   =       336.5443  ANGLE   =      1022.8407  DIHED      =      1352.4869
 1-4 NB =       452.6149  1-4 EEL =      6224.3731  VDWAALS    =      4791.3687
 EELEC  =    -57922.8206  EHBOND  =         0.0000  RESTRAINT  =        33.9379
 EAMBER (non-restraint)  =    -43742.5920
 ------------------------------------------------------------------------------

wrapping first mol.:       20.29907       28.70721       49.72235
wrapping first mol.:       20.29907       28.70721       49.72235

 NSTEP =    47500   TIME(PS) =    2035.000  TEMP(K) =   304.07  PRESS =     0.0
 Etot   =    -34384.6956  EKtot   =      9302.7646  EPtot      =    -43687.4602
 BOND   =       375.9061  ANGLE   =      1019.0849  DIHED      =      1348.3850
 1-4 NB =       444.1301  1-4 EEL =      6276.6948  VDWAALS    =      4675.7081
 EELEC  =    -57863.9040  EHBOND  =         0.0000  RESTRAINT  =        36.5349
 EAMBER (non-restraint)  =    -43723.9951
 ------------------------------------------------------------------------------

wrapping first mol.:       20.29907       28.70721       49.72235
wrapping first mol.:       20.29907       28.70721       49.72235

 NSTEP =    48000   TIME(PS) =    2036.000  TEMP(K) =   305.88  PRESS =     0.0
 Etot   =    -34114.6447  EKtot   =      9357.9648  EPtot      =    -43472.6096
 BOND   =       329.3530  ANGLE   =      1080.8312  DIHED      =      1367.8999
 1-4 NB =       470.9123  1-4 EEL =      6264.2834  VDWAALS    =      4579.3499
 EELEC  =    -57602.2084  EHBOND  =         0.0000  RESTRAINT  =        36.9691
 EAMBER (non-restraint)  =    -43509.5787
 ------------------------------------------------------------------------------

wrapping first mol.:       20.29907       28.70721       49.72235
wrapping first mol.:       20.29907       28.70721       49.72235

 NSTEP =    48500   TIME(PS) =    2037.000  TEMP(K) =   302.14  PRESS =     0.0
 Etot   =    -34292.9628  EKtot   =      9243.4941  EPtot      =    -43536.4569
 BOND   =       352.8534  ANGLE   =      1074.0835  DIHED      =      1350.7400
 1-4 NB =       447.1543  1-4 EEL =      6263.5549  VDWAALS    =      4521.6270
 EELEC  =    -57583.7626  EHBOND  =         0.0000  RESTRAINT  =        37.2927
 EAMBER (non-restraint)  =    -43573.7496
 ------------------------------------------------------------------------------

wrapping first mol.:       20.29907       28.70721       49.72235
wrapping first mol.:       20.29907       28.70721       49.72235

 NSTEP =    49000   TIME(PS) =    2038.000  TEMP(K) =   300.43  PRESS =     0.0
 Etot   =    -34437.9995  EKtot   =      9191.2227  EPtot      =    -43629.2221
 BOND   =       363.0520  ANGLE   =      1069.9428  DIHED      =      1372.2823
 1-4 NB =       439.6985  1-4 EEL =      6223.8642  VDWAALS    =      4669.5837
 EELEC  =    -57801.8707  EHBOND  =         0.0000  RESTRAINT  =        34.2252
 EAMBER (non-restraint)  =    -43663.4473
 ------------------------------------------------------------------------------

wrapping first mol.:       20.29907       28.70721       49.72235
wrapping first mol.:       20.29907       28.70721       49.72235

 NSTEP =    49500   TIME(PS) =    2039.000  TEMP(K) =   298.52  PRESS =     0.0
 Etot   =    -34605.9766  EKtot   =      9132.8818  EPtot      =    -43738.8584
 BOND   =       347.6497  ANGLE   =      1047.3415  DIHED      =      1365.3072
 1-4 NB =       452.3655  1-4 EEL =      6258.0127  VDWAALS    =      4716.0952
 EELEC  =    -57962.7690  EHBOND  =         0.0000  RESTRAINT  =        37.1387
 EAMBER (non-restraint)  =    -43775.9972
 ------------------------------------------------------------------------------

wrapping first mol.:       20.29907       28.70721       49.72235
wrapping first mol.:       20.29907       28.70721       49.72235

 NSTEP =    50000   TIME(PS) =    2040.000  TEMP(K) =   299.90  PRESS =     0.0
 Etot   =    -34583.5925  EKtot   =      9174.9912  EPtot      =    -43758.5837
 BOND   =       352.8963  ANGLE   =      1071.8235  DIHED      =      1374.2084
 1-4 NB =       445.0605  1-4 EEL =      6203.1463  VDWAALS    =      4761.7936
 EELEC  =    -58004.2937  EHBOND  =         0.0000  RESTRAINT  =        36.7813
 EAMBER (non-restraint)  =    -43795.3651
 ------------------------------------------------------------------------------


      A V E R A G E S   O V E R     100 S T E P S


 NSTEP =    50000   TIME(PS) =    2040.000  TEMP(K) =   300.31  PRESS =     0.0
 Etot   =    -34433.4100  EKtot   =      9187.5825  EPtot      =    -43620.9924
 BOND   =       354.3770  ANGLE   =      1068.8053  DIHED      =      1365.2230
 1-4 NB =       447.5912  1-4 EEL =      6246.5301  VDWAALS    =      4742.0487
 EELEC  =    -57881.1874  EHBOND  =         0.0000  RESTRAINT  =        35.6198
 EAMBER (non-restraint)  =    -43656.6122
 ------------------------------------------------------------------------------


      R M S  F L U C T U A T I O N S


 NSTEP =    50000   TIME(PS) =    2040.000  TEMP(K) =     2.53  PRESS =     0.0
 Etot   =       138.1887  EKtot   =        77.2632  EPtot      =       104.3968
 BOND   =        14.9948  ANGLE   =        26.6925  DIHED      =        11.2827
 1-4 NB =         8.7346  1-4 EEL =        20.0614  VDWAALS    =        93.5826
 EELEC  =       142.8427  EHBOND  =         0.0000  RESTRAINT  =         2.7698
 EAMBER (non-restraint)  =       101.6270
 ------------------------------------------------------------------------------

--------------------------------------------------------------------------------
   5.  TIMINGS
--------------------------------------------------------------------------------

|  NonSetup CPU Time in Major Routines:
|
|     Routine           Sec        %
|     ------------------------------
|     Nonbond          20.99   39.68
|     Bond              0.00    0.00
|     Angle             0.00    0.00
|     Dihedral          0.00    0.00
|     Shake             1.29    2.44
|     RunMD            30.46   57.58
|     Other             0.16    0.30
|     ------------------------------
|     Total            52.91

|  PME Nonbond Pairlist CPU Time:
|
|     Routine              Sec        %
|     ---------------------------------
|     Set Up Cit           0.00    0.00
|     Build List           0.00    0.00
|     ---------------------------------
|     Total                0.00    0.00

|  PME Direct Force CPU Time:
|
|     Routine              Sec        %
|     ---------------------------------
|     NonBonded Calc       0.00    0.00
|     Exclude Masked       0.00    0.00
|     Other                0.06    0.11
|     ---------------------------------
|     Total                0.06    0.11

|  PME Reciprocal Force CPU Time:
|
|     Routine              Sec        %
|     ---------------------------------
|     1D bspline           0.00    0.00
|     Grid Charges         0.00    0.00
|     Scalar Sum           0.00    0.00
|     Gradient Sum         0.00    0.00
|     FFT                  0.00    0.00
|     ---------------------------------
|     Total                0.00    0.00

|  Final Performance Info:
|     -----------------------------------------------------
|     Average timings for last   12000 steps:
|     Elapsed(s) =      17.32 Per Step(ms) =       1.44
|         ns/day =     119.75   seconds/ns =     721.53
|
|     Average timings for all steps:
|     Elapsed(s) =      79.14 Per Step(ms) =       1.58
|         ns/day =     109.17   seconds/ns =     791.41
|     -----------------------------------------------------

|  Setup CPU time:            2.34 seconds
|  NonSetup CPU time:        52.91 seconds
|  Total CPU time:           55.25 seconds     0.02 hours

|  Setup wall time:           4    seconds
|  NonSetup wall time:       79    seconds
|  Total wall time:          83    seconds     0.02 hours
