
          -------------------------------------------------------
          Amber 16 PMEMD                              2016
          -------------------------------------------------------

| PMEMD implementation of SANDER, Release 16

| Run on 11/25/2017 at 13:23:41

|   Executable path: /apps/amber16/bin/pmemd.cuda
| Working directory: /home/pbarletta
|          Hostname: mordor

  [-O]verwriting output

File Assignments:
|   MDIN: /scratch/pbarletta/cph_obp/run/ctv/mhe/e/21equ.in                     
|  MDOUT: /scratch/pbarletta/cph_obp/run/ctv/mhe/e/21equ.out                    
| INPCRD: /scratch/pbarletta/cph_obp/run/ctv/mhe/e/20ectv.rst7                  
|   PARM: /scratch/pbarletta/cph_obp/top_files/ctv.prmtop                       
| RESTRT: /scratch/pbarletta/cph_obp/run/ctv/mhe/e/21ectv.rst7                  
|   REFC: /scratch/pbarletta/cph_obp/run/ctv/mhe/e/20ectv.rst7                  
|  MDVEL: mdvel                                                                 
|   MDEN: mden                                                                  
|  MDCRD: /scratch/pbarletta/cph_obp/run/ctv/mhe/e/21ectv.nc                    
| MDINFO: mdinfo                                                                
|  MDFRC: mdfrc                                                                 


 Here is the input file:

Equilibration with solute restrictions                                         
&cntrl                                                                         
imin = 0,                           ! No Minimization                          
nmropt = 0,                         ! No NMR restraints read                   
                                                                               
! Nature and format of the input                                               
ntx = 5,                            ! Coordinates but no velocities will be rea
irest = 1,                          ! Do not run a new simulation              
                                                                               
! Nature and format of the output                                              
ntxo = 1,                           ! rstrt file in ASCII format               
ntpr = 500,                         ! inf in output every ntpr steps           
ntwr = 500,                         ! rstrt file every ntwr steps              
ntwx = 500,                         ! mdcrd file every ntwx steps              
ntwv = 0,                           ! mdvel without velocities                 
ntwe = 0,                           ! Energies and temperatures not written in 
idecomp = 0,                        ! No energy decomposition                  
iwrap = 1,                          ! Coordinates of the restart and mdcrd file
                                                                               
! Frozen or restrained atoms                                                   
ibelly = 0,                         ! No frozen atoms                          
ntr=1,                              ! Harmonic potential restraints            
restraint_wt = 0.3,                ! The weight for the positional restraints  
restraintmask = ':1-120@N,CA,C,O',  ! restrained residues                      
                                                                               
! Molecular dynamics                                                           
nstlim = 50000,                     ! Number of MD-steps                       
dt = 0.002,                         ! Time step                                
                                                                               
! Temperature regulation                                                       
ntt = 3,                            ! Langevin thermostat                      
gamma_ln = 5,                       ! Gamma constant for Langevin              
temp0 = 300.0,                      ! Reference T at which the system is to be 
tempi = 300.0,                      ! Initial T                                
ig = -1,                            ! Seed for the RNG                         
                                                                               
! P and V regulation                                                           
ntp = 0,                            ! No pressure control                      
ntb = 1,                            ! Periodic box for constant V              
                                                                               
! SHAKE variables                                                              
ntc = 2,                            ! Bonds involving H are constrained        
ntf = 2,                            ! Bond interaction involving H are ommited.
                                                                               
cut = 10.0,                         ! Nonbonded cutoff                         
                                                                               
/                                                                              
&end                                                                           


Note: ig = -1. Setting random seed to   845701 based on wallclock time in 
      microseconds.
| irandom = 1, using AMBER's internal random number generator (default).
 
|--------------------- INFORMATION ----------------------
| GPU (CUDA) Version of PMEMD in use: NVIDIA GPU IN USE.
|                    Version 16.0.0
| 
|                      02/25/2016
| 
| Implementation by:
|                    Ross C. Walker     (SDSC)
|                    Scott Le Grand     (nVIDIA)
| 
| Precision model in use:
|      [SPFP] - Single Precision Forces, 64-bit Fixed Point
|               Accumulation. (Default)
| 
|--------------------------------------------------------
 
|----------------- CITATION INFORMATION -----------------
|
|    When publishing work that utilized the CUDA version
|    of AMBER, please cite the following in addition to
|    the regular AMBER citations:
|
|  - Romelia Salomon-Ferrer; Andreas W. Goetz; Duncan
|    Poole; Scott Le Grand; Ross C. Walker "Routine
|    microsecond molecular dynamics simulations with
|    AMBER - Part II: Particle Mesh Ewald", J. Chem.
|    Theory Comput., 2013, 9 (9), pp3878-3888,
|    DOI: 10.1021/ct400314y.
|
|  - Andreas W. Goetz; Mark J. Williamson; Dong Xu;
|    Duncan Poole; Scott Le Grand; Ross C. Walker
|    "Routine microsecond molecular dynamics simulations
|    with AMBER - Part I: Generalized Born", J. Chem.
|    Theory Comput., 2012, 8 (5), pp1542-1555.
|
|  - Scott Le Grand; Andreas W. Goetz; Ross C. Walker
|    "SPFP: Speed without compromise - a mixed precision
|    model for GPU accelerated molecular dynamics
|    simulations.", Comp. Phys. Comm., 2013, 184
|    pp374-380, DOI: 10.1016/j.cpc.2012.09.022
|
|--------------------------------------------------------
 
|------------------- GPU DEVICE INFO --------------------
|
|            CUDA_VISIBLE_DEVICES: 2
|   CUDA Capable Devices Detected:      1
|           CUDA Device ID in use:      0
|                CUDA Device Name: GeForce GTX 1080 Ti
|     CUDA Device Global Mem Size:  11172 MB
| CUDA Device Num Multiprocessors:     28
|           CUDA Device Core Freq:   1.58 GHz
|
|--------------------------------------------------------
 
 
| Conditional Compilation Defines Used:
| PUBFFT
| BINTRAJ
| CUDA
| EMIL

| Largest sphere to fit in unit cell has radius =    24.861

| New format PARM file being parsed.
| Version =    1.000 Date = 11/25/17 Time = 12:11:39

| Note: 1-4 EEL scale factors are being read from the topology file.

| Note: 1-4 VDW scale factors are being read from the topology file.
| Duplicated    0 dihedrals

| Duplicated    0 dihedrals

--------------------------------------------------------------------------------
   1.  RESOURCE   USE: 
--------------------------------------------------------------------------------

 getting new box info from bottom of inpcrd
 NATOM  =   14918 NTYPES =      18 NBONH =   13963 MBONA  =     963
 NTHETH =    2368 MTHETA =    1293 NPHIH =    4530 MPHIA  =    3267
 NHPARM =       0 NPARM  =       0 NNB   =   28295 NRES   =    4423
 NBONA  =     963 NTHETA =    1293 NPHIA =    3267 NUMBND =      49
 NUMANG =     102 NPTRA  =      43 NATYP =      33 NPHB   =       1
 IFBOX  =       2 NMXRS  =      26 IFCAP =       0 NEXTRA =       0
 NCOPY  =       0

| Coordinate Index Table dimensions:     9    9    9
| Direct force subcell size =     6.7664    6.7664    6.7664

     BOX TYPE: TRUNCATED OCTAHEDRON

--------------------------------------------------------------------------------
   2.  CONTROL  DATA  FOR  THE  RUN
--------------------------------------------------------------------------------

default_name                                                                    

General flags:
     imin    =       0, nmropt  =       0

Nature and format of input:
     ntx     =       5, irest   =       1, ntrx    =       1

Nature and format of output:
     ntxo    =       1, ntpr    =     500, ntrx    =       1, ntwr    =     500
     iwrap   =       1, ntwx    =     500, ntwv    =       0, ntwe    =       0
     ioutfm  =       1, ntwprt  =       0, idecomp =       0, rbornstat=      0

Potential function:
     ntf     =       2, ntb     =       1, igb     =       0, nsnb    =      25
     ipol    =       0, gbsa    =       0, iesp    =       0
     dielc   =   1.00000, cut     =  10.00000, intdiel =   1.00000

Frozen or restrained atoms:
     ibelly  =       0, ntr     =       1
     restraint_wt =   0.30000

Molecular dynamics:
     nstlim  =     50000, nscm    =         0, nrespa  =         1
     t       =   0.00000, dt      =   0.00200, vlimit  =  -1.00000

Langevin dynamics temperature regulation:
     ig      =  845701
     temp0   = 300.00000, tempi   = 300.00000, gamma_ln=   5.00000

SHAKE:
     ntc     =       2, jfastw  =       0
     tol     =   0.00001

| Intermolecular bonds treatment:
|     no_intermolecular_bonds =       1

| Energy averages sample interval:
|     ene_avg_sampling =     500

Ewald parameters:
     verbose =       0, ew_type =       0, nbflag  =       1, use_pme =       1
     vdwmeth =       1, eedmeth =       1, netfrc  =       1
     Box X =   60.897   Box Y =   60.897   Box Z =   60.897
     Alpha =  109.471   Beta  =  109.471   Gamma =  109.471
     NFFT1 =   64       NFFT2 =   64       NFFT3 =   64
     Cutoff=   10.000   Tol   =0.100E-04
     Ewald Coefficient =  0.27511
     Interpolation order =    4

    LOADING THE CONSTRAINED ATOMS AS GROUPS


   5.  REFERENCE ATOM COORDINATES

  default_name                                                                    
     Mask :1-120@N,CA,C,O; matches   476 atoms

--------------------------------------------------------------------------------
   3.  ATOMIC COORDINATES AND VELOCITIES
--------------------------------------------------------------------------------

default_name                                                                    
 begin time read from input coords =  2140.000 ps

 
 Number of triangulated 3-point waters found:     4302

     Sum of charges from parm topology file =   0.00000094
     Forcing neutrality...

| Dynamic Memory, Types Used:
| Reals              578224
| Integers           551884

| Nonbonded Pairs Initial Allocation:     4512322

| GPU memory information (estimate):
| KB of GPU memory in use:    141362
| KB of CPU memory in use:     29330

--------------------------------------------------------------------------------
   4.  RESULTS
--------------------------------------------------------------------------------

 ---------------------------------------------------
 APPROXIMATING switch and d/dx switch using CUBIC SPLINE INTERPOLATION
 using   5000.0 points per unit in tabled values
 TESTING RELATIVE ERROR over r ranging from 0.0 to cutoff
| CHECK switch(x): max rel err =   0.2738E-14   at   2.422500
| CHECK d/dx switch(x): max rel err =   0.8314E-11   at   2.736960
 ---------------------------------------------------
|---------------------------------------------------
| APPROXIMATING direct energy using CUBIC SPLINE INTERPOLATION
|  with   50.0 points per unit in tabled values
| Relative Error Limit not exceeded for r .gt.   2.33
| APPROXIMATING direct force using CUBIC SPLINE INTERPOLATION
|  with   50.0 points per unit in tabled values
| Relative Error Limit not exceeded for r .gt.   2.80
|---------------------------------------------------
wrapping first mol.:       20.29907       28.70721       49.72235
wrapping first mol.:       20.29907       28.70721       49.72235

 NSTEP =      500   TIME(PS) =    2141.000  TEMP(K) =   298.62  PRESS =     0.0
 Etot   =    -34595.7831  EKtot   =      9135.8301  EPtot      =    -43731.6132
 BOND   =       369.0298  ANGLE   =      1078.0767  DIHED      =      1380.3757
 1-4 NB =       437.9244  1-4 EEL =      6251.1664  VDWAALS    =      4724.1434
 EELEC  =    -57994.3948  EHBOND  =         0.0000  RESTRAINT  =        22.0651
 EAMBER (non-restraint)  =    -43753.6783
 ------------------------------------------------------------------------------

wrapping first mol.:       20.29907       28.70721       49.72235
wrapping first mol.:       20.29907       28.70721       49.72235

 NSTEP =     1000   TIME(PS) =    2142.000  TEMP(K) =   299.79  PRESS =     0.0
 Etot   =    -34431.0894  EKtot   =      9171.6152  EPtot      =    -43602.7047
 BOND   =       369.1380  ANGLE   =      1059.9913  DIHED      =      1377.0305
 1-4 NB =       444.8462  1-4 EEL =      6229.3274  VDWAALS    =      4692.4534
 EELEC  =    -57798.4327  EHBOND  =         0.0000  RESTRAINT  =        22.9412
 EAMBER (non-restraint)  =    -43625.6459
 ------------------------------------------------------------------------------

wrapping first mol.:       20.29907       28.70721       49.72235
wrapping first mol.:       20.29907       28.70721       49.72235

 NSTEP =     1500   TIME(PS) =    2143.000  TEMP(K) =   304.26  PRESS =     0.0
 Etot   =    -34258.1888  EKtot   =      9308.4912  EPtot      =    -43566.6801
 BOND   =       374.4816  ANGLE   =      1115.9160  DIHED      =      1368.1680
 1-4 NB =       446.4832  1-4 EEL =      6216.4882  VDWAALS    =      4577.6963
 EELEC  =    -57686.9632  EHBOND  =         0.0000  RESTRAINT  =        21.0498
 EAMBER (non-restraint)  =    -43587.7299
 ------------------------------------------------------------------------------

wrapping first mol.:       20.29907       28.70721       49.72235
wrapping first mol.:       20.29907       28.70721       49.72235

 NSTEP =     2000   TIME(PS) =    2144.000  TEMP(K) =   300.12  PRESS =     0.0
 Etot   =    -34513.3247  EKtot   =      9181.8096  EPtot      =    -43695.1343
 BOND   =       372.0651  ANGLE   =      1049.6054  DIHED      =      1366.7334
 1-4 NB =       444.2980  1-4 EEL =      6265.9091  VDWAALS    =      4899.2593
 EELEC  =    -58111.2850  EHBOND  =         0.0000  RESTRAINT  =        18.2804
 EAMBER (non-restraint)  =    -43713.4147
 ------------------------------------------------------------------------------

wrapping first mol.:       20.29907       28.70721       49.72235
wrapping first mol.:       20.29907       28.70721       49.72235

 NSTEP =     2500   TIME(PS) =    2145.000  TEMP(K) =   301.30  PRESS =     0.0
 Etot   =    -34444.3475  EKtot   =      9217.9727  EPtot      =    -43662.3201
 BOND   =       370.4066  ANGLE   =      1109.3835  DIHED      =      1368.1178
 1-4 NB =       442.7569  1-4 EEL =      6256.4125  VDWAALS    =      4738.1250
 EELEC  =    -57969.9283  EHBOND  =         0.0000  RESTRAINT  =        22.4060
 EAMBER (non-restraint)  =    -43684.7261
 ------------------------------------------------------------------------------

wrapping first mol.:       20.29907       28.70721       49.72235
wrapping first mol.:       20.29907       28.70721       49.72235

 NSTEP =     3000   TIME(PS) =    2146.000  TEMP(K) =   297.57  PRESS =     0.0
 Etot   =    -34696.8779  EKtot   =      9103.7188  EPtot      =    -43800.5966
 BOND   =       354.0082  ANGLE   =      1052.1705  DIHED      =      1358.6443
 1-4 NB =       457.2980  1-4 EEL =      6266.3205  VDWAALS    =      4915.6997
 EELEC  =    -58228.1800  EHBOND  =         0.0000  RESTRAINT  =        23.4421
 EAMBER (non-restraint)  =    -43824.0387
 ------------------------------------------------------------------------------

wrapping first mol.:       20.29907       28.70721       49.72235
wrapping first mol.:       20.29907       28.70721       49.72235

 NSTEP =     3500   TIME(PS) =    2147.000  TEMP(K) =   299.35  PRESS =     0.0
 Etot   =    -34529.6864  EKtot   =      9158.1260  EPtot      =    -43687.8124
 BOND   =       382.8744  ANGLE   =      1108.5131  DIHED      =      1351.8279
 1-4 NB =       447.8861  1-4 EEL =      6222.1114  VDWAALS    =      4851.6754
 EELEC  =    -58075.1051  EHBOND  =         0.0000  RESTRAINT  =        22.4044
 EAMBER (non-restraint)  =    -43710.2168
 ------------------------------------------------------------------------------

wrapping first mol.:       20.29907       28.70721       49.72235
wrapping first mol.:       20.29907       28.70721       49.72235

 NSTEP =     4000   TIME(PS) =    2148.000  TEMP(K) =   295.24  PRESS =     0.0
 Etot   =    -34857.7217  EKtot   =      9032.5615  EPtot      =    -43890.2832
 BOND   =       327.8914  ANGLE   =       992.5713  DIHED      =      1375.9287
 1-4 NB =       456.7774  1-4 EEL =      6256.7455  VDWAALS    =      4829.2702
 EELEC  =    -58154.7357  EHBOND  =         0.0000  RESTRAINT  =        25.2678
 EAMBER (non-restraint)  =    -43915.5511
 ------------------------------------------------------------------------------

wrapping first mol.:       20.29907       28.70721       49.72235
wrapping first mol.:       20.29907       28.70721       49.72235

 NSTEP =     4500   TIME(PS) =    2149.000  TEMP(K) =   296.98  PRESS =     0.0
 Etot   =    -34724.3123  EKtot   =      9085.7441  EPtot      =    -43810.0565
 BOND   =       344.3918  ANGLE   =      1070.7043  DIHED      =      1366.0976
 1-4 NB =       469.2068  1-4 EEL =      6287.5301  VDWAALS    =      4807.7852
 EELEC  =    -58178.6082  EHBOND  =         0.0000  RESTRAINT  =        22.8359
 EAMBER (non-restraint)  =    -43832.8924
 ------------------------------------------------------------------------------

wrapping first mol.:       20.29907       28.70721       49.72235
wrapping first mol.:       20.29907       28.70721       49.72235

 NSTEP =     5000   TIME(PS) =    2150.000  TEMP(K) =   300.66  PRESS =     0.0
 Etot   =    -34445.9154  EKtot   =      9198.3477  EPtot      =    -43644.2631
 BOND   =       372.9954  ANGLE   =      1097.3906  DIHED      =      1353.5388
 1-4 NB =       458.0740  1-4 EEL =      6266.2890  VDWAALS    =      4817.4671
 EELEC  =    -58035.8843  EHBOND  =         0.0000  RESTRAINT  =        25.8663
 EAMBER (non-restraint)  =    -43670.1294
 ------------------------------------------------------------------------------

wrapping first mol.:       20.29907       28.70721       49.72235
wrapping first mol.:       20.29907       28.70721       49.72235

 NSTEP =     5500   TIME(PS) =    2151.000  TEMP(K) =   299.98  PRESS =     0.0
 Etot   =    -34399.0742  EKtot   =      9177.4619  EPtot      =    -43576.5361
 BOND   =       366.1294  ANGLE   =      1068.6690  DIHED      =      1379.1208
 1-4 NB =       445.1253  1-4 EEL =      6289.4711  VDWAALS    =      4846.7698
 EELEC  =    -57998.3820  EHBOND  =         0.0000  RESTRAINT  =        26.5605
 EAMBER (non-restraint)  =    -43603.0966
 ------------------------------------------------------------------------------

wrapping first mol.:       20.29907       28.70721       49.72235
wrapping first mol.:       20.29907       28.70721       49.72235

 NSTEP =     6000   TIME(PS) =    2152.000  TEMP(K) =   298.48  PRESS =     0.0
 Etot   =    -34683.1876  EKtot   =      9131.6338  EPtot      =    -43814.8214
 BOND   =       338.4919  ANGLE   =      1055.1205  DIHED      =      1368.9742
 1-4 NB =       457.3988  1-4 EEL =      6253.1732  VDWAALS    =      4738.6037
 EELEC  =    -58053.8473  EHBOND  =         0.0000  RESTRAINT  =        27.2635
 EAMBER (non-restraint)  =    -43842.0850
 ------------------------------------------------------------------------------

wrapping first mol.:       20.29907       28.70721       49.72235
wrapping first mol.:       20.29907       28.70721       49.72235

 NSTEP =     6500   TIME(PS) =    2153.000  TEMP(K) =   299.76  PRESS =     0.0
 Etot   =    -34525.5945  EKtot   =      9170.8955  EPtot      =    -43696.4900
 BOND   =       347.0835  ANGLE   =      1091.9644  DIHED      =      1374.1970
 1-4 NB =       443.2845  1-4 EEL =      6229.8325  VDWAALS    =      4671.2383
 EELEC  =    -57875.6478  EHBOND  =         0.0000  RESTRAINT  =        21.5577
 EAMBER (non-restraint)  =    -43718.0477
 ------------------------------------------------------------------------------

wrapping first mol.:       20.29907       28.70721       49.72235
wrapping first mol.:       20.29907       28.70721       49.72235

 NSTEP =     7000   TIME(PS) =    2154.000  TEMP(K) =   301.50  PRESS =     0.0
 Etot   =    -34516.3380  EKtot   =      9224.1650  EPtot      =    -43740.5030
 BOND   =       349.6543  ANGLE   =      1059.4408  DIHED      =      1361.3636
 1-4 NB =       440.2601  1-4 EEL =      6270.7793  VDWAALS    =      4733.4433
 EELEC  =    -57987.4682  EHBOND  =         0.0000  RESTRAINT  =        32.0236
 EAMBER (non-restraint)  =    -43772.5266
 ------------------------------------------------------------------------------

wrapping first mol.:       20.29907       28.70721       49.72235
wrapping first mol.:       20.29907       28.70721       49.72235

 NSTEP =     7500   TIME(PS) =    2155.000  TEMP(K) =   302.59  PRESS =     0.0
 Etot   =    -34441.4223  EKtot   =      9257.4756  EPtot      =    -43698.8979
 BOND   =       367.0207  ANGLE   =      1102.9270  DIHED      =      1351.5626
 1-4 NB =       442.7122  1-4 EEL =      6237.8696  VDWAALS    =      4683.2287
 EELEC  =    -57912.2572  EHBOND  =         0.0000  RESTRAINT  =        28.0386
 EAMBER (non-restraint)  =    -43726.9364
 ------------------------------------------------------------------------------

wrapping first mol.:       20.29907       28.70721       49.72235
wrapping first mol.:       20.29907       28.70721       49.72235

 NSTEP =     8000   TIME(PS) =    2156.000  TEMP(K) =   296.85  PRESS =     0.0
 Etot   =    -34478.6247  EKtot   =      9081.7461  EPtot      =    -43560.3708
 BOND   =       352.1651  ANGLE   =      1117.1735  DIHED      =      1387.1366
 1-4 NB =       438.6397  1-4 EEL =      6259.5669  VDWAALS    =      4813.0571
 EELEC  =    -57953.7394  EHBOND  =         0.0000  RESTRAINT  =        25.6297
 EAMBER (non-restraint)  =    -43586.0005
 ------------------------------------------------------------------------------

wrapping first mol.:       20.29907       28.70721       49.72235
wrapping first mol.:       20.29907       28.70721       49.72235

 NSTEP =     8500   TIME(PS) =    2157.000  TEMP(K) =   300.50  PRESS =     0.0
 Etot   =    -34385.9186  EKtot   =      9193.3809  EPtot      =    -43579.2995
 BOND   =       355.4250  ANGLE   =      1066.0908  DIHED      =      1352.4002
 1-4 NB =       459.8390  1-4 EEL =      6252.3388  VDWAALS    =      4733.3343
 EELEC  =    -57820.9021  EHBOND  =         0.0000  RESTRAINT  =        22.1744
 EAMBER (non-restraint)  =    -43601.4739
 ------------------------------------------------------------------------------

wrapping first mol.:       20.29907       28.70721       49.72235
wrapping first mol.:       20.29907       28.70721       49.72235

 NSTEP =     9000   TIME(PS) =    2158.000  TEMP(K) =   304.33  PRESS =     0.0
 Etot   =    -34265.6197  EKtot   =      9310.7246  EPtot      =    -43576.3443
 BOND   =       349.0392  ANGLE   =      1069.7549  DIHED      =      1376.0072
 1-4 NB =       452.3652  1-4 EEL =      6272.7591  VDWAALS    =      4540.1207
 EELEC  =    -57660.3841  EHBOND  =         0.0000  RESTRAINT  =        23.9936
 EAMBER (non-restraint)  =    -43600.3379
 ------------------------------------------------------------------------------

wrapping first mol.:       20.29907       28.70721       49.72235
wrapping first mol.:       20.29907       28.70721       49.72235

 NSTEP =     9500   TIME(PS) =    2159.000  TEMP(K) =   302.01  PRESS =     0.0
 Etot   =    -34219.9501  EKtot   =      9239.5518  EPtot      =    -43459.5018
 BOND   =       360.8401  ANGLE   =      1110.1689  DIHED      =      1352.8880
 1-4 NB =       449.3558  1-4 EEL =      6240.0981  VDWAALS    =      4766.1550
 EELEC  =    -57766.2561  EHBOND  =         0.0000  RESTRAINT  =        27.2483
 EAMBER (non-restraint)  =    -43486.7501
 ------------------------------------------------------------------------------

wrapping first mol.:       20.29907       28.70721       49.72235
wrapping first mol.:       20.29907       28.70721       49.72235

 NSTEP =    10000   TIME(PS) =    2160.000  TEMP(K) =   302.61  PRESS =     0.0
 Etot   =    -34281.7604  EKtot   =      9257.9102  EPtot      =    -43539.6705
 BOND   =       349.7831  ANGLE   =      1066.7580  DIHED      =      1364.9512
 1-4 NB =       456.1585  1-4 EEL =      6275.6463  VDWAALS    =      4695.5771
 EELEC  =    -57771.3076  EHBOND  =         0.0000  RESTRAINT  =        22.7628
 EAMBER (non-restraint)  =    -43562.4333
 ------------------------------------------------------------------------------

wrapping first mol.:       20.29907       28.70721       49.72235
wrapping first mol.:       20.29907       28.70721       49.72235

 NSTEP =    10500   TIME(PS) =    2161.000  TEMP(K) =   304.20  PRESS =     0.0
 Etot   =    -34243.8729  EKtot   =      9306.5137  EPtot      =    -43550.3866
 BOND   =       328.6931  ANGLE   =      1087.9041  DIHED      =      1371.6474
 1-4 NB =       455.5203  1-4 EEL =      6249.8246  VDWAALS    =      4921.0409
 EELEC  =    -57991.1181  EHBOND  =         0.0000  RESTRAINT  =        26.1012
 EAMBER (non-restraint)  =    -43576.4878
 ------------------------------------------------------------------------------

wrapping first mol.:       20.29907       28.70721       49.72235
wrapping first mol.:       20.29907       28.70721       49.72235

 NSTEP =    11000   TIME(PS) =    2162.000  TEMP(K) =   297.02  PRESS =     0.0
 Etot   =    -34549.7451  EKtot   =      9086.9463  EPtot      =    -43636.6914
 BOND   =       347.2451  ANGLE   =      1071.5430  DIHED      =      1370.8307
 1-4 NB =       444.3980  1-4 EEL =      6259.9127  VDWAALS    =      4898.1285
 EELEC  =    -58054.3176  EHBOND  =         0.0000  RESTRAINT  =        25.5683
 EAMBER (non-restraint)  =    -43662.2597
 ------------------------------------------------------------------------------

wrapping first mol.:       20.29907       28.70721       49.72235
wrapping first mol.:       20.29907       28.70721       49.72235

 NSTEP =    11500   TIME(PS) =    2163.000  TEMP(K) =   298.51  PRESS =     0.0
 Etot   =    -34640.3998  EKtot   =      9132.6973  EPtot      =    -43773.0971
 BOND   =       354.6625  ANGLE   =      1094.9554  DIHED      =      1370.9839
 1-4 NB =       447.7533  1-4 EEL =      6252.3612  VDWAALS    =      4942.0340
 EELEC  =    -58260.0495  EHBOND  =         0.0000  RESTRAINT  =        24.2021
 EAMBER (non-restraint)  =    -43797.2992
 ------------------------------------------------------------------------------

wrapping first mol.:       20.29907       28.70721       49.72235
wrapping first mol.:       20.29907       28.70721       49.72235

 NSTEP =    12000   TIME(PS) =    2164.000  TEMP(K) =   303.90  PRESS =     0.0
 Etot   =    -34463.5919  EKtot   =      9297.4941  EPtot      =    -43761.0860
 BOND   =       345.9808  ANGLE   =      1074.6615  DIHED      =      1379.2421
 1-4 NB =       448.5922  1-4 EEL =      6270.6933  VDWAALS    =      4709.3336
 EELEC  =    -58015.3181  EHBOND  =         0.0000  RESTRAINT  =        25.7286
 EAMBER (non-restraint)  =    -43786.8146
 ------------------------------------------------------------------------------

wrapping first mol.:       20.29907       28.70721       49.72235
wrapping first mol.:       20.29907       28.70721       49.72235

 NSTEP =    12500   TIME(PS) =    2165.000  TEMP(K) =   302.25  PRESS =     0.0
 Etot   =    -34490.2099  EKtot   =      9246.9980  EPtot      =    -43737.2080
 BOND   =       347.7364  ANGLE   =      1035.2213  DIHED      =      1359.6159
 1-4 NB =       453.0759  1-4 EEL =      6274.1892  VDWAALS    =      4639.0817
 EELEC  =    -57873.0110  EHBOND  =         0.0000  RESTRAINT  =        26.8826
 EAMBER (non-restraint)  =    -43764.0905
 ------------------------------------------------------------------------------

wrapping first mol.:       20.29907       28.70721       49.72235
wrapping first mol.:       20.29907       28.70721       49.72235

 NSTEP =    13000   TIME(PS) =    2166.000  TEMP(K) =   303.75  PRESS =     0.0
 Etot   =    -34499.1520  EKtot   =      9292.8066  EPtot      =    -43791.9587
 BOND   =       351.5886  ANGLE   =      1076.1601  DIHED      =      1351.6096
 1-4 NB =       430.4455  1-4 EEL =      6259.1647  VDWAALS    =      4896.1813
 EELEC  =    -58182.3821  EHBOND  =         0.0000  RESTRAINT  =        25.2737
 EAMBER (non-restraint)  =    -43817.2323
 ------------------------------------------------------------------------------

wrapping first mol.:       20.29907       28.70721       49.72235
wrapping first mol.:       20.29907       28.70721       49.72235

 NSTEP =    13500   TIME(PS) =    2167.000  TEMP(K) =   295.20  PRESS =     0.0
 Etot   =    -34680.9614  EKtot   =      9031.2266  EPtot      =    -43712.1879
 BOND   =       354.6541  ANGLE   =      1053.8851  DIHED      =      1339.2662
 1-4 NB =       434.6189  1-4 EEL =      6257.9220  VDWAALS    =      4752.6453
 EELEC  =    -57929.5184  EHBOND  =         0.0000  RESTRAINT  =        24.3388
 EAMBER (non-restraint)  =    -43736.5268
 ------------------------------------------------------------------------------

wrapping first mol.:       20.29907       28.70721       49.72235
wrapping first mol.:       20.29907       28.70721       49.72235

 NSTEP =    14000   TIME(PS) =    2168.000  TEMP(K) =   297.81  PRESS =     0.0
 Etot   =    -34527.5369  EKtot   =      9111.1631  EPtot      =    -43638.7000
 BOND   =       357.3571  ANGLE   =      1085.9961  DIHED      =      1353.7797
 1-4 NB =       436.8176  1-4 EEL =      6226.0383  VDWAALS    =      4852.7840
 EELEC  =    -57979.4877  EHBOND  =         0.0000  RESTRAINT  =        28.0149
 EAMBER (non-restraint)  =    -43666.7149
 ------------------------------------------------------------------------------

wrapping first mol.:       20.29907       28.70721       49.72235
wrapping first mol.:       20.29907       28.70721       49.72235

 NSTEP =    14500   TIME(PS) =    2169.000  TEMP(K) =   303.20  PRESS =     0.0
 Etot   =    -34360.8272  EKtot   =      9275.9951  EPtot      =    -43636.8224
 BOND   =       363.5744  ANGLE   =      1075.0398  DIHED      =      1377.4395
 1-4 NB =       440.7550  1-4 EEL =      6235.3366  VDWAALS    =      4585.7547
 EELEC  =    -57739.5027  EHBOND  =         0.0000  RESTRAINT  =        24.7803
 EAMBER (non-restraint)  =    -43661.6027
 ------------------------------------------------------------------------------

wrapping first mol.:       20.29907       28.70721       49.72235
wrapping first mol.:       20.29907       28.70721       49.72235

 NSTEP =    15000   TIME(PS) =    2170.000  TEMP(K) =   300.06  PRESS =     0.0
 Etot   =    -34729.8825  EKtot   =      9179.9287  EPtot      =    -43909.8112
 BOND   =       342.2507  ANGLE   =      1046.3170  DIHED      =      1369.0150
 1-4 NB =       445.6419  1-4 EEL =      6293.0858  VDWAALS    =      5001.3690
 EELEC  =    -58428.8364  EHBOND  =         0.0000  RESTRAINT  =        21.3458
 EAMBER (non-restraint)  =    -43931.1569
 ------------------------------------------------------------------------------

wrapping first mol.:       20.29907       28.70721       49.72235
wrapping first mol.:       20.29907       28.70721       49.72235

 NSTEP =    15500   TIME(PS) =    2171.000  TEMP(K) =   295.30  PRESS =     0.0
 Etot   =    -34803.5498  EKtot   =      9034.3350  EPtot      =    -43837.8848
 BOND   =       373.2748  ANGLE   =      1104.6890  DIHED      =      1351.1589
 1-4 NB =       442.3886  1-4 EEL =      6219.6114  VDWAALS    =      4840.5969
 EELEC  =    -58191.7554  EHBOND  =         0.0000  RESTRAINT  =        22.1512
 EAMBER (non-restraint)  =    -43860.0359
 ------------------------------------------------------------------------------

wrapping first mol.:       20.29907       28.70721       49.72235
wrapping first mol.:       20.29907       28.70721       49.72235

 NSTEP =    16000   TIME(PS) =    2172.000  TEMP(K) =   300.50  PRESS =     0.0
 Etot   =    -34553.9470  EKtot   =      9193.2959  EPtot      =    -43747.2429
 BOND   =       334.3768  ANGLE   =      1092.3677  DIHED      =      1350.4667
 1-4 NB =       443.5415  1-4 EEL =      6269.2345  VDWAALS    =      4948.7884
 EELEC  =    -58209.9044  EHBOND  =         0.0000  RESTRAINT  =        23.8858
 EAMBER (non-restraint)  =    -43771.1287
 ------------------------------------------------------------------------------

wrapping first mol.:       20.29907       28.70721       49.72235
wrapping first mol.:       20.29907       28.70721       49.72235

 NSTEP =    16500   TIME(PS) =    2173.000  TEMP(K) =   300.25  PRESS =     0.0
 Etot   =    -34552.8859  EKtot   =      9185.6982  EPtot      =    -43738.5841
 BOND   =       365.6105  ANGLE   =      1060.6155  DIHED      =      1350.6127
 1-4 NB =       447.0336  1-4 EEL =      6228.4067  VDWAALS    =      4431.2708
 EELEC  =    -57648.9268  EHBOND  =         0.0000  RESTRAINT  =        26.7930
 EAMBER (non-restraint)  =    -43765.3771
 ------------------------------------------------------------------------------

wrapping first mol.:       20.29907       28.70721       49.72235
wrapping first mol.:       20.29907       28.70721       49.72235

 NSTEP =    17000   TIME(PS) =    2174.000  TEMP(K) =   298.34  PRESS =     0.0
 Etot   =    -34756.6474  EKtot   =      9127.3740  EPtot      =    -43884.0214
 BOND   =       342.5141  ANGLE   =      1068.8897  DIHED      =      1363.5914
 1-4 NB =       446.0429  1-4 EEL =      6264.1934  VDWAALS    =      4922.4167
 EELEC  =    -58315.3560  EHBOND  =         0.0000  RESTRAINT  =        23.6863
 EAMBER (non-restraint)  =    -43907.7077
 ------------------------------------------------------------------------------

wrapping first mol.:       20.29907       28.70721       49.72235
wrapping first mol.:       20.29907       28.70721       49.72235

 NSTEP =    17500   TIME(PS) =    2175.000  TEMP(K) =   296.70  PRESS =     0.0
 Etot   =    -34603.8856  EKtot   =      9077.3184  EPtot      =    -43681.2039
 BOND   =       358.7937  ANGLE   =      1091.1443  DIHED      =      1351.9118
 1-4 NB =       440.0600  1-4 EEL =      6231.4194  VDWAALS    =      4735.4602
 EELEC  =    -57916.8338  EHBOND  =         0.0000  RESTRAINT  =        26.8404
 EAMBER (non-restraint)  =    -43708.0443
 ------------------------------------------------------------------------------

wrapping first mol.:       20.29907       28.70721       49.72235
wrapping first mol.:       20.29907       28.70721       49.72235

 NSTEP =    18000   TIME(PS) =    2176.000  TEMP(K) =   298.87  PRESS =     0.0
 Etot   =    -34774.4897  EKtot   =      9143.6982  EPtot      =    -43918.1879
 BOND   =       355.4784  ANGLE   =      1061.6724  DIHED      =      1352.4573
 1-4 NB =       447.0852  1-4 EEL =      6244.1512  VDWAALS    =      4883.6702
 EELEC  =    -58292.1902  EHBOND  =         0.0000  RESTRAINT  =        29.4877
 EAMBER (non-restraint)  =    -43947.6756
 ------------------------------------------------------------------------------

wrapping first mol.:       20.29907       28.70721       49.72235
wrapping first mol.:       20.29907       28.70721       49.72235

 NSTEP =    18500   TIME(PS) =    2177.000  TEMP(K) =   297.83  PRESS =     0.0
 Etot   =    -34678.0638  EKtot   =      9111.6406  EPtot      =    -43789.7045
 BOND   =       361.2713  ANGLE   =      1082.7832  DIHED      =      1370.7047
 1-4 NB =       437.3421  1-4 EEL =      6239.2109  VDWAALS    =      4719.6786
 EELEC  =    -58025.4943  EHBOND  =         0.0000  RESTRAINT  =        24.7990
 EAMBER (non-restraint)  =    -43814.5035
 ------------------------------------------------------------------------------

wrapping first mol.:       20.29907       28.70721       49.72235
wrapping first mol.:       20.29907       28.70721       49.72235

 NSTEP =    19000   TIME(PS) =    2178.000  TEMP(K) =   301.91  PRESS =     0.0
 Etot   =    -34379.1930  EKtot   =      9236.5947  EPtot      =    -43615.7877
 BOND   =       305.5799  ANGLE   =      1076.4511  DIHED      =      1369.6657
 1-4 NB =       460.6730  1-4 EEL =      6255.0825  VDWAALS    =      4696.1551
 EELEC  =    -57803.0345  EHBOND  =         0.0000  RESTRAINT  =        23.6395
 EAMBER (non-restraint)  =    -43639.4272
 ------------------------------------------------------------------------------

wrapping first mol.:       20.29907       28.70721       49.72235
wrapping first mol.:       20.29907       28.70721       49.72235

 NSTEP =    19500   TIME(PS) =    2179.000  TEMP(K) =   302.54  PRESS =     0.0
 Etot   =    -34497.6115  EKtot   =      9255.9980  EPtot      =    -43753.6096
 BOND   =       381.3040  ANGLE   =      1107.5310  DIHED      =      1362.6398
 1-4 NB =       444.1545  1-4 EEL =      6241.1848  VDWAALS    =      4947.7911
 EELEC  =    -58261.8623  EHBOND  =         0.0000  RESTRAINT  =        23.6475
 EAMBER (non-restraint)  =    -43777.2571
 ------------------------------------------------------------------------------

wrapping first mol.:       20.29907       28.70721       49.72235
wrapping first mol.:       20.29907       28.70721       49.72235

 NSTEP =    20000   TIME(PS) =    2180.000  TEMP(K) =   300.44  PRESS =     0.0
 Etot   =    -34474.0397  EKtot   =      9191.7451  EPtot      =    -43665.7848
 BOND   =       338.9795  ANGLE   =      1031.7162  DIHED      =      1378.0320
 1-4 NB =       440.3761  1-4 EEL =      6242.1340  VDWAALS    =      4828.0554
 EELEC  =    -57951.9713  EHBOND  =         0.0000  RESTRAINT  =        26.8933
 EAMBER (non-restraint)  =    -43692.6781
 ------------------------------------------------------------------------------

wrapping first mol.:       20.29907       28.70721       49.72235
wrapping first mol.:       20.29907       28.70721       49.72235

 NSTEP =    20500   TIME(PS) =    2181.000  TEMP(K) =   300.51  PRESS =     0.0
 Etot   =    -34470.6730  EKtot   =      9193.6309  EPtot      =    -43664.3038
 BOND   =       357.7342  ANGLE   =      1059.0734  DIHED      =      1395.1591
 1-4 NB =       447.2401  1-4 EEL =      6239.9290  VDWAALS    =      4784.5492
 EELEC  =    -57969.3809  EHBOND  =         0.0000  RESTRAINT  =        21.3922
 EAMBER (non-restraint)  =    -43685.6960
 ------------------------------------------------------------------------------

wrapping first mol.:       20.29907       28.70721       49.72235
wrapping first mol.:       20.29907       28.70721       49.72235

 NSTEP =    21000   TIME(PS) =    2182.000  TEMP(K) =   299.85  PRESS =     0.0
 Etot   =    -34483.3811  EKtot   =      9173.6973  EPtot      =    -43657.0784
 BOND   =       341.3236  ANGLE   =      1092.1534  DIHED      =      1373.2819
 1-4 NB =       459.3707  1-4 EEL =      6257.7079  VDWAALS    =      4806.5652
 EELEC  =    -58014.0518  EHBOND  =         0.0000  RESTRAINT  =        26.5707
 EAMBER (non-restraint)  =    -43683.6491
 ------------------------------------------------------------------------------

wrapping first mol.:       20.29907       28.70721       49.72235
wrapping first mol.:       20.29907       28.70721       49.72235

 NSTEP =    21500   TIME(PS) =    2183.000  TEMP(K) =   301.34  PRESS =     0.0
 Etot   =    -34495.1733  EKtot   =      9219.0391  EPtot      =    -43714.2124
 BOND   =       372.1824  ANGLE   =      1042.6418  DIHED      =      1349.6234
 1-4 NB =       437.2465  1-4 EEL =      6259.9604  VDWAALS    =      4676.8854
 EELEC  =    -57875.6639  EHBOND  =         0.0000  RESTRAINT  =        22.9118
 EAMBER (non-restraint)  =    -43737.1241
 ------------------------------------------------------------------------------

wrapping first mol.:       20.29907       28.70721       49.72235
wrapping first mol.:       20.29907       28.70721       49.72235

 NSTEP =    22000   TIME(PS) =    2184.000  TEMP(K) =   301.24  PRESS =     0.0
 Etot   =    -34352.7715  EKtot   =      9215.9775  EPtot      =    -43568.7490
 BOND   =       363.8949  ANGLE   =      1073.5998  DIHED      =      1360.8745
 1-4 NB =       444.9112  1-4 EEL =      6246.7188  VDWAALS    =      4801.0231
 EELEC  =    -57888.9617  EHBOND  =         0.0000  RESTRAINT  =        29.1904
 EAMBER (non-restraint)  =    -43597.9394
 ------------------------------------------------------------------------------

wrapping first mol.:       20.29907       28.70721       49.72235
wrapping first mol.:       20.29907       28.70721       49.72235

 NSTEP =    22500   TIME(PS) =    2185.000  TEMP(K) =   298.28  PRESS =     0.0
 Etot   =    -34527.6639  EKtot   =      9125.5410  EPtot      =    -43653.2049
 BOND   =       336.9430  ANGLE   =      1068.2136  DIHED      =      1341.8761
 1-4 NB =       453.3373  1-4 EEL =      6273.9291  VDWAALS    =      4602.6279
 EELEC  =    -57755.3441  EHBOND  =         0.0000  RESTRAINT  =        25.2122
 EAMBER (non-restraint)  =    -43678.4171
 ------------------------------------------------------------------------------

wrapping first mol.:       20.29907       28.70721       49.72235
wrapping first mol.:       20.29907       28.70721       49.72235

 NSTEP =    23000   TIME(PS) =    2186.000  TEMP(K) =   296.96  PRESS =     0.0
 Etot   =    -34616.6032  EKtot   =      9085.0254  EPtot      =    -43701.6286
 BOND   =       353.1632  ANGLE   =      1042.8269  DIHED      =      1344.0467
 1-4 NB =       438.9642  1-4 EEL =      6256.5399  VDWAALS    =      4798.6913
 EELEC  =    -57958.4010  EHBOND  =         0.0000  RESTRAINT  =        22.5401
 EAMBER (non-restraint)  =    -43724.1688
 ------------------------------------------------------------------------------

wrapping first mol.:       20.29907       28.70721       49.72235
wrapping first mol.:       20.29907       28.70721       49.72235

 NSTEP =    23500   TIME(PS) =    2187.000  TEMP(K) =   297.54  PRESS =     0.0
 Etot   =    -34613.5407  EKtot   =      9102.7715  EPtot      =    -43716.3122
 BOND   =       365.5499  ANGLE   =      1087.8278  DIHED      =      1350.5237
 1-4 NB =       449.1184  1-4 EEL =      6253.9322  VDWAALS    =      4823.4088
 EELEC  =    -58072.2019  EHBOND  =         0.0000  RESTRAINT  =        25.5289
 EAMBER (non-restraint)  =    -43741.8411
 ------------------------------------------------------------------------------

wrapping first mol.:       20.29907       28.70721       49.72235
wrapping first mol.:       20.29907       28.70721       49.72235

 NSTEP =    24000   TIME(PS) =    2188.000  TEMP(K) =   296.92  PRESS =     0.0
 Etot   =    -34785.3287  EKtot   =      9083.9580  EPtot      =    -43869.2867
 BOND   =       329.1635  ANGLE   =      1047.0806  DIHED      =      1353.9305
 1-4 NB =       444.6535  1-4 EEL =      6220.4294  VDWAALS    =      4835.2308
 EELEC  =    -58123.2495  EHBOND  =         0.0000  RESTRAINT  =        23.4745
 EAMBER (non-restraint)  =    -43892.7611
 ------------------------------------------------------------------------------

wrapping first mol.:       20.29907       28.70721       49.72235
wrapping first mol.:       20.29907       28.70721       49.72235

 NSTEP =    24500   TIME(PS) =    2189.000  TEMP(K) =   303.46  PRESS =     0.0
 Etot   =    -34634.5628  EKtot   =      9283.9717  EPtot      =    -43918.5345
 BOND   =       349.4067  ANGLE   =      1093.7604  DIHED      =      1339.6416
 1-4 NB =       446.7750  1-4 EEL =      6260.3556  VDWAALS    =      4697.8838
 EELEC  =    -58132.1025  EHBOND  =         0.0000  RESTRAINT  =        25.7449
 EAMBER (non-restraint)  =    -43944.2793
 ------------------------------------------------------------------------------

wrapping first mol.:       20.29907       28.70721       49.72235
wrapping first mol.:       20.29907       28.70721       49.72235

 NSTEP =    25000   TIME(PS) =    2190.000  TEMP(K) =   301.68  PRESS =     0.0
 Etot   =    -34478.9243  EKtot   =      9229.4814  EPtot      =    -43708.4057
 BOND   =       363.6929  ANGLE   =      1082.4450  DIHED      =      1359.3898
 1-4 NB =       448.3548  1-4 EEL =      6258.8417  VDWAALS    =      4734.2072
 EELEC  =    -57979.8884  EHBOND  =         0.0000  RESTRAINT  =        24.5512
 EAMBER (non-restraint)  =    -43732.9569
 ------------------------------------------------------------------------------

wrapping first mol.:       20.29907       28.70721       49.72235
wrapping first mol.:       20.29907       28.70721       49.72235

 NSTEP =    25500   TIME(PS) =    2191.000  TEMP(K) =   294.86  PRESS =     0.0
 Etot   =    -34671.8362  EKtot   =      9020.9141  EPtot      =    -43692.7502
 BOND   =       328.9648  ANGLE   =      1108.1568  DIHED      =      1350.8709
 1-4 NB =       449.4260  1-4 EEL =      6275.2393  VDWAALS    =      4642.5442
 EELEC  =    -57875.3945  EHBOND  =         0.0000  RESTRAINT  =        27.4423
 EAMBER (non-restraint)  =    -43720.1925
 ------------------------------------------------------------------------------

wrapping first mol.:       20.29907       28.70721       49.72235
wrapping first mol.:       20.29907       28.70721       49.72235

 NSTEP =    26000   TIME(PS) =    2192.000  TEMP(K) =   301.06  PRESS =     0.0
 Etot   =    -34551.3977  EKtot   =      9210.4961  EPtot      =    -43761.8938
 BOND   =       326.4399  ANGLE   =      1078.1071  DIHED      =      1368.7992
 1-4 NB =       448.4456  1-4 EEL =      6250.8288  VDWAALS    =      4835.5856
 EELEC  =    -58095.6475  EHBOND  =         0.0000  RESTRAINT  =        25.5475
 EAMBER (non-restraint)  =    -43787.4413
 ------------------------------------------------------------------------------

wrapping first mol.:       20.29907       28.70721       49.72235
wrapping first mol.:       20.29907       28.70721       49.72235

 NSTEP =    26500   TIME(PS) =    2193.000  TEMP(K) =   301.45  PRESS =     0.0
 Etot   =    -34261.9691  EKtot   =      9222.4648  EPtot      =    -43484.4340
 BOND   =       338.6242  ANGLE   =      1111.9090  DIHED      =      1355.1185
 1-4 NB =       461.6011  1-4 EEL =      6221.2137  VDWAALS    =      4653.9386
 EELEC  =    -57647.9842  EHBOND  =         0.0000  RESTRAINT  =        21.1451
 EAMBER (non-restraint)  =    -43505.5791
 ------------------------------------------------------------------------------

wrapping first mol.:       20.29907       28.70721       49.72235
wrapping first mol.:       20.29907       28.70721       49.72235

 NSTEP =    27000   TIME(PS) =    2194.000  TEMP(K) =   303.40  PRESS =     0.0
 Etot   =    -34471.4038  EKtot   =      9282.1152  EPtot      =    -43753.5190
 BOND   =       334.1147  ANGLE   =      1075.9181  DIHED      =      1350.9799
 1-4 NB =       446.0246  1-4 EEL =      6244.2596  VDWAALS    =      4719.7757
 EELEC  =    -57945.3928  EHBOND  =         0.0000  RESTRAINT  =        20.8012
 EAMBER (non-restraint)  =    -43774.3202
 ------------------------------------------------------------------------------

wrapping first mol.:       20.29907       28.70721       49.72235
wrapping first mol.:       20.29907       28.70721       49.72235

 NSTEP =    27500   TIME(PS) =    2195.000  TEMP(K) =   305.27  PRESS =     0.0
 Etot   =    -34356.3123  EKtot   =      9339.5059  EPtot      =    -43695.8182
 BOND   =       360.1591  ANGLE   =      1073.2834  DIHED      =      1356.9845
 1-4 NB =       450.8538  1-4 EEL =      6231.2963  VDWAALS    =      4702.3232
 EELEC  =    -57891.1268  EHBOND  =         0.0000  RESTRAINT  =        20.4083
 EAMBER (non-restraint)  =    -43716.2265
 ------------------------------------------------------------------------------

wrapping first mol.:       20.29907       28.70721       49.72235
wrapping first mol.:       20.29907       28.70721       49.72235

 NSTEP =    28000   TIME(PS) =    2196.000  TEMP(K) =   299.43  PRESS =     0.0
 Etot   =    -34574.3654  EKtot   =      9160.5596  EPtot      =    -43734.9249
 BOND   =       344.2641  ANGLE   =      1098.0137  DIHED      =      1344.1404
 1-4 NB =       452.6153  1-4 EEL =      6270.1583  VDWAALS    =      4786.8689
 EELEC  =    -58052.2209  EHBOND  =         0.0000  RESTRAINT  =        21.2353
 EAMBER (non-restraint)  =    -43756.1602
 ------------------------------------------------------------------------------

wrapping first mol.:       20.29907       28.70721       49.72235
wrapping first mol.:       20.29907       28.70721       49.72235

 NSTEP =    28500   TIME(PS) =    2197.000  TEMP(K) =   297.38  PRESS =     0.0
 Etot   =    -34663.3046  EKtot   =      9097.8574  EPtot      =    -43761.1621
 BOND   =       368.1911  ANGLE   =      1046.2211  DIHED      =      1362.5879
 1-4 NB =       440.5957  1-4 EEL =      6257.8239  VDWAALS    =      4812.4039
 EELEC  =    -58073.2377  EHBOND  =         0.0000  RESTRAINT  =        24.2519
 EAMBER (non-restraint)  =    -43785.4140
 ------------------------------------------------------------------------------

wrapping first mol.:       20.29907       28.70721       49.72235
wrapping first mol.:       20.29907       28.70721       49.72235

 NSTEP =    29000   TIME(PS) =    2198.000  TEMP(K) =   297.95  PRESS =     0.0
 Etot   =    -34586.3093  EKtot   =      9115.5713  EPtot      =    -43701.8806
 BOND   =       339.6867  ANGLE   =      1078.8917  DIHED      =      1375.1543
 1-4 NB =       464.4373  1-4 EEL =      6283.4595  VDWAALS    =      4780.8724
 EELEC  =    -58050.8410  EHBOND  =         0.0000  RESTRAINT  =        26.4585
 EAMBER (non-restraint)  =    -43728.3391
 ------------------------------------------------------------------------------

wrapping first mol.:       20.29907       28.70721       49.72235
wrapping first mol.:       20.29907       28.70721       49.72235

 NSTEP =    29500   TIME(PS) =    2199.000  TEMP(K) =   302.04  PRESS =     0.0
 Etot   =    -34463.8939  EKtot   =      9240.4639  EPtot      =    -43704.3577
 BOND   =       364.9156  ANGLE   =      1080.0770  DIHED      =      1391.6574
 1-4 NB =       442.2731  1-4 EEL =      6233.0138  VDWAALS    =      4738.5164
 EELEC  =    -57984.0084  EHBOND  =         0.0000  RESTRAINT  =        29.1974
 EAMBER (non-restraint)  =    -43733.5552
 ------------------------------------------------------------------------------

wrapping first mol.:       20.29907       28.70721       49.72235
wrapping first mol.:       20.29907       28.70721       49.72235

 NSTEP =    30000   TIME(PS) =    2200.000  TEMP(K) =   298.34  PRESS =     0.0
 Etot   =    -34521.8352  EKtot   =      9127.2510  EPtot      =    -43649.0861
 BOND   =       327.9872  ANGLE   =      1071.1102  DIHED      =      1361.3389
 1-4 NB =       464.3364  1-4 EEL =      6248.3826  VDWAALS    =      4752.7800
 EELEC  =    -57900.5603  EHBOND  =         0.0000  RESTRAINT  =        25.5388
 EAMBER (non-restraint)  =    -43674.6250
 ------------------------------------------------------------------------------

wrapping first mol.:       20.29907       28.70721       49.72235
wrapping first mol.:       20.29907       28.70721       49.72235

 NSTEP =    30500   TIME(PS) =    2201.000  TEMP(K) =   302.75  PRESS =     0.0
 Etot   =    -34534.4420  EKtot   =      9262.3818  EPtot      =    -43796.8238
 BOND   =       361.1319  ANGLE   =      1071.3268  DIHED      =      1349.3134
 1-4 NB =       457.8363  1-4 EEL =      6246.6224  VDWAALS    =      4628.0194
 EELEC  =    -57935.4530  EHBOND  =         0.0000  RESTRAINT  =        24.3789
 EAMBER (non-restraint)  =    -43821.2027
 ------------------------------------------------------------------------------

wrapping first mol.:       20.29907       28.70721       49.72235
wrapping first mol.:       20.29907       28.70721       49.72235

 NSTEP =    31000   TIME(PS) =    2202.000  TEMP(K) =   302.70  PRESS =     0.0
 Etot   =    -34412.0767  EKtot   =      9260.8018  EPtot      =    -43672.8785
 BOND   =       327.5646  ANGLE   =      1089.5627  DIHED      =      1343.7111
 1-4 NB =       455.9090  1-4 EEL =      6260.2103  VDWAALS    =      4845.1986
 EELEC  =    -58018.6590  EHBOND  =         0.0000  RESTRAINT  =        23.6243
 EAMBER (non-restraint)  =    -43696.5028
 ------------------------------------------------------------------------------

wrapping first mol.:       20.29907       28.70721       49.72235
wrapping first mol.:       20.29907       28.70721       49.72235

 NSTEP =    31500   TIME(PS) =    2203.000  TEMP(K) =   297.85  PRESS =     0.0
 Etot   =    -34570.3214  EKtot   =      9112.2715  EPtot      =    -43682.5929
 BOND   =       323.8564  ANGLE   =      1047.2260  DIHED      =      1367.6603
 1-4 NB =       449.1806  1-4 EEL =      6272.5309  VDWAALS    =      4822.2842
 EELEC  =    -57987.2753  EHBOND  =         0.0000  RESTRAINT  =        21.9441
 EAMBER (non-restraint)  =    -43704.5370
 ------------------------------------------------------------------------------

wrapping first mol.:       20.29907       28.70721       49.72235
wrapping first mol.:       20.29907       28.70721       49.72235

 NSTEP =    32000   TIME(PS) =    2204.000  TEMP(K) =   298.08  PRESS =     0.0
 Etot   =    -34632.1267  EKtot   =      9119.4990  EPtot      =    -43751.6257
 BOND   =       337.3249  ANGLE   =      1078.5758  DIHED      =      1348.4394
 1-4 NB =       455.3655  1-4 EEL =      6301.0121  VDWAALS    =      4874.5476
 EELEC  =    -58173.7452  EHBOND  =         0.0000  RESTRAINT  =        26.8541
 EAMBER (non-restraint)  =    -43778.4798
 ------------------------------------------------------------------------------

wrapping first mol.:       20.29907       28.70721       49.72235
wrapping first mol.:       20.29907       28.70721       49.72235

 NSTEP =    32500   TIME(PS) =    2205.000  TEMP(K) =   302.16  PRESS =     0.0
 Etot   =    -34524.5533  EKtot   =      9244.2754  EPtot      =    -43768.8287
 BOND   =       361.2007  ANGLE   =      1078.2510  DIHED      =      1351.7601
 1-4 NB =       438.0661  1-4 EEL =      6262.0897  VDWAALS    =      4773.9452
 EELEC  =    -58057.8025  EHBOND  =         0.0000  RESTRAINT  =        23.6610
 EAMBER (non-restraint)  =    -43792.4897
 ------------------------------------------------------------------------------

wrapping first mol.:       20.29907       28.70721       49.72235
wrapping first mol.:       20.29907       28.70721       49.72235

 NSTEP =    33000   TIME(PS) =    2206.000  TEMP(K) =   304.99  PRESS =     0.0
 Etot   =    -34297.6289  EKtot   =      9330.7441  EPtot      =    -43628.3730
 BOND   =       354.6273  ANGLE   =      1051.6286  DIHED      =      1378.1258
 1-4 NB =       440.0293  1-4 EEL =      6273.6124  VDWAALS    =      4656.6916
 EELEC  =    -57805.0846  EHBOND  =         0.0000  RESTRAINT  =        21.9965
 EAMBER (non-restraint)  =    -43650.3695
 ------------------------------------------------------------------------------

wrapping first mol.:       20.29907       28.70721       49.72235
wrapping first mol.:       20.29907       28.70721       49.72235

 NSTEP =    33500   TIME(PS) =    2207.000  TEMP(K) =   302.54  PRESS =     0.0
 Etot   =    -34511.9597  EKtot   =      9255.8037  EPtot      =    -43767.7634
 BOND   =       338.8011  ANGLE   =      1101.1537  DIHED      =      1345.6009
 1-4 NB =       440.4969  1-4 EEL =      6230.2033  VDWAALS    =      4818.5314
 EELEC  =    -58069.6697  EHBOND  =         0.0000  RESTRAINT  =        27.1189
 EAMBER (non-restraint)  =    -43794.8824
 ------------------------------------------------------------------------------

wrapping first mol.:       20.29907       28.70721       49.72235
wrapping first mol.:       20.29907       28.70721       49.72235

 NSTEP =    34000   TIME(PS) =    2208.000  TEMP(K) =   300.13  PRESS =     0.0
 Etot   =    -34367.0972  EKtot   =      9182.1104  EPtot      =    -43549.2076
 BOND   =       360.5482  ANGLE   =      1102.1118  DIHED      =      1381.8942
 1-4 NB =       447.6812  1-4 EEL =      6248.6360  VDWAALS    =      4716.8264
 EELEC  =    -57830.9582  EHBOND  =         0.0000  RESTRAINT  =        24.0529
 EAMBER (non-restraint)  =    -43573.2604
 ------------------------------------------------------------------------------

wrapping first mol.:       20.29907       28.70721       49.72235
wrapping first mol.:       20.29907       28.70721       49.72235

 NSTEP =    34500   TIME(PS) =    2209.000  TEMP(K) =   300.93  PRESS =     0.0
 Etot   =    -34524.3938  EKtot   =      9206.4639  EPtot      =    -43730.8577
 BOND   =       364.9424  ANGLE   =      1070.5724  DIHED      =      1351.1049
 1-4 NB =       451.0684  1-4 EEL =      6263.6860  VDWAALS    =      4788.8597
 EELEC  =    -58040.5258  EHBOND  =         0.0000  RESTRAINT  =        19.4343
 EAMBER (non-restraint)  =    -43750.2920
 ------------------------------------------------------------------------------

wrapping first mol.:       20.29907       28.70721       49.72235
wrapping first mol.:       20.29907       28.70721       49.72235

 NSTEP =    35000   TIME(PS) =    2210.000  TEMP(K) =   299.24  PRESS =     0.0
 Etot   =    -34687.2309  EKtot   =      9155.0420  EPtot      =    -43842.2729
 BOND   =       336.2534  ANGLE   =      1063.5884  DIHED      =      1358.1280
 1-4 NB =       450.3586  1-4 EEL =      6268.1441  VDWAALS    =      4765.8874
 EELEC  =    -58108.3054  EHBOND  =         0.0000  RESTRAINT  =        23.6725
 EAMBER (non-restraint)  =    -43865.9454
 ------------------------------------------------------------------------------

wrapping first mol.:       20.29907       28.70721       49.72235
wrapping first mol.:       20.29907       28.70721       49.72235

 NSTEP =    35500   TIME(PS) =    2211.000  TEMP(K) =   302.06  PRESS =     0.0
 Etot   =    -34562.9977  EKtot   =      9241.1533  EPtot      =    -43804.1510
 BOND   =       376.6093  ANGLE   =      1064.7789  DIHED      =      1380.5193
 1-4 NB =       446.3610  1-4 EEL =      6248.3734  VDWAALS    =      4969.3032
 EELEC  =    -58311.4450  EHBOND  =         0.0000  RESTRAINT  =        21.3489
 EAMBER (non-restraint)  =    -43825.4998
 ------------------------------------------------------------------------------

wrapping first mol.:       20.29907       28.70721       49.72235
wrapping first mol.:       20.29907       28.70721       49.72235

 NSTEP =    36000   TIME(PS) =    2212.000  TEMP(K) =   296.27  PRESS =     0.0
 Etot   =    -34688.8216  EKtot   =      9064.0947  EPtot      =    -43752.9164
 BOND   =       377.3449  ANGLE   =      1075.7521  DIHED      =      1341.7123
 1-4 NB =       452.1382  1-4 EEL =      6243.2837  VDWAALS    =      4869.7207
 EELEC  =    -58139.2768  EHBOND  =         0.0000  RESTRAINT  =        26.4086
 EAMBER (non-restraint)  =    -43779.3250
 ------------------------------------------------------------------------------

wrapping first mol.:       20.29907       28.70721       49.72235
wrapping first mol.:       20.29907       28.70721       49.72235

 NSTEP =    36500   TIME(PS) =    2213.000  TEMP(K) =   300.22  PRESS =     0.0
 Etot   =    -34487.7149  EKtot   =      9184.9707  EPtot      =    -43672.6856
 BOND   =       364.4751  ANGLE   =      1048.4638  DIHED      =      1341.0368
 1-4 NB =       455.2878  1-4 EEL =      6293.9973  VDWAALS    =      4719.1698
 EELEC  =    -57917.7532  EHBOND  =         0.0000  RESTRAINT  =        22.6370
 EAMBER (non-restraint)  =    -43695.3226
 ------------------------------------------------------------------------------

wrapping first mol.:       20.29907       28.70721       49.72235
wrapping first mol.:       20.29907       28.70721       49.72235

 NSTEP =    37000   TIME(PS) =    2214.000  TEMP(K) =   300.44  PRESS =     0.0
 Etot   =    -34579.3368  EKtot   =      9191.5986  EPtot      =    -43770.9354
 BOND   =       369.1993  ANGLE   =      1054.4419  DIHED      =      1365.1405
 1-4 NB =       450.5794  1-4 EEL =      6258.8748  VDWAALS    =      4824.9844
 EELEC  =    -58116.7302  EHBOND  =         0.0000  RESTRAINT  =        22.5746
 EAMBER (non-restraint)  =    -43793.5100
 ------------------------------------------------------------------------------

wrapping first mol.:       20.29907       28.70721       49.72235
wrapping first mol.:       20.29907       28.70721       49.72235

 NSTEP =    37500   TIME(PS) =    2215.000  TEMP(K) =   297.66  PRESS =     0.0
 Etot   =    -34529.2362  EKtot   =      9106.4971  EPtot      =    -43635.7333
 BOND   =       358.4654  ANGLE   =      1084.6352  DIHED      =      1374.5744
 1-4 NB =       463.7150  1-4 EEL =      6280.6841  VDWAALS    =      4927.6157
 EELEC  =    -58150.4630  EHBOND  =         0.0000  RESTRAINT  =        25.0399
 EAMBER (non-restraint)  =    -43660.7732
 ------------------------------------------------------------------------------

wrapping first mol.:       20.29907       28.70721       49.72235
wrapping first mol.:       20.29907       28.70721       49.72235

 NSTEP =    38000   TIME(PS) =    2216.000  TEMP(K) =   298.82  PRESS =     0.0
 Etot   =    -34514.9176  EKtot   =      9141.9863  EPtot      =    -43656.9039
 BOND   =       349.3258  ANGLE   =      1056.4150  DIHED      =      1374.6892
 1-4 NB =       435.4038  1-4 EEL =      6259.9187  VDWAALS    =      4803.4946
 EELEC  =    -57960.3939  EHBOND  =         0.0000  RESTRAINT  =        24.2428
 EAMBER (non-restraint)  =    -43681.1467
 ------------------------------------------------------------------------------

wrapping first mol.:       20.29907       28.70721       49.72235
wrapping first mol.:       20.29907       28.70721       49.72235

 NSTEP =    38500   TIME(PS) =    2217.000  TEMP(K) =   304.75  PRESS =     0.0
 Etot   =    -34539.3093  EKtot   =      9323.5303  EPtot      =    -43862.8396
 BOND   =       354.7863  ANGLE   =      1040.8751  DIHED      =      1363.3674
 1-4 NB =       455.1789  1-4 EEL =      6231.2332  VDWAALS    =      4790.6093
 EELEC  =    -58126.7459  EHBOND  =         0.0000  RESTRAINT  =        27.8560
 EAMBER (non-restraint)  =    -43890.6956
 ------------------------------------------------------------------------------

wrapping first mol.:       20.29907       28.70721       49.72235
wrapping first mol.:       20.29907       28.70721       49.72235

 NSTEP =    39000   TIME(PS) =    2218.000  TEMP(K) =   300.45  PRESS =     0.0
 Etot   =    -34265.9123  EKtot   =      9191.9971  EPtot      =    -43457.9094
 BOND   =       350.6644  ANGLE   =      1077.7341  DIHED      =      1374.6793
 1-4 NB =       458.0650  1-4 EEL =      6290.5437  VDWAALS    =      5031.6719
 EELEC  =    -58067.7967  EHBOND  =         0.0000  RESTRAINT  =        26.5290
 EAMBER (non-restraint)  =    -43484.4384
 ------------------------------------------------------------------------------

wrapping first mol.:       20.29907       28.70721       49.72235
wrapping first mol.:       20.29907       28.70721       49.72235

 NSTEP =    39500   TIME(PS) =    2219.000  TEMP(K) =   302.96  PRESS =     0.0
 Etot   =    -34253.0280  EKtot   =      9268.7578  EPtot      =    -43521.7858
 BOND   =       360.8537  ANGLE   =      1043.3048  DIHED      =      1354.5384
 1-4 NB =       455.0232  1-4 EEL =      6247.6900  VDWAALS    =      4771.7714
 EELEC  =    -57784.3580  EHBOND  =         0.0000  RESTRAINT  =        29.3907
 EAMBER (non-restraint)  =    -43551.1766
 ------------------------------------------------------------------------------

wrapping first mol.:       20.29907       28.70721       49.72235
wrapping first mol.:       20.29907       28.70721       49.72235

 NSTEP =    40000   TIME(PS) =    2220.000  TEMP(K) =   298.52  PRESS =     0.0
 Etot   =    -34483.2868  EKtot   =      9132.9531  EPtot      =    -43616.2400
 BOND   =       344.7975  ANGLE   =      1063.1921  DIHED      =      1350.5184
 1-4 NB =       455.2570  1-4 EEL =      6273.2890  VDWAALS    =      4853.2857
 EELEC  =    -57987.9683  EHBOND  =         0.0000  RESTRAINT  =        31.3885
 EAMBER (non-restraint)  =    -43647.6284
 ------------------------------------------------------------------------------

wrapping first mol.:       20.29907       28.70721       49.72235
wrapping first mol.:       20.29907       28.70721       49.72235

 NSTEP =    40500   TIME(PS) =    2221.000  TEMP(K) =   298.03  PRESS =     0.0
 Etot   =    -34640.8875  EKtot   =      9117.8750  EPtot      =    -43758.7625
 BOND   =       322.6652  ANGLE   =      1004.9277  DIHED      =      1394.6924
 1-4 NB =       468.3780  1-4 EEL =      6264.5525  VDWAALS    =      4799.3540
 EELEC  =    -58045.5441  EHBOND  =         0.0000  RESTRAINT  =        32.2118
 EAMBER (non-restraint)  =    -43790.9743
 ------------------------------------------------------------------------------

wrapping first mol.:       20.29907       28.70721       49.72235
wrapping first mol.:       20.29907       28.70721       49.72235

 NSTEP =    41000   TIME(PS) =    2222.000  TEMP(K) =   301.16  PRESS =     0.0
 Etot   =    -34483.0136  EKtot   =      9213.6934  EPtot      =    -43696.7070
 BOND   =       372.4806  ANGLE   =      1048.3215  DIHED      =      1385.4165
 1-4 NB =       449.7748  1-4 EEL =      6257.6344  VDWAALS    =      4949.0543
 EELEC  =    -58186.9537  EHBOND  =         0.0000  RESTRAINT  =        27.5646
 EAMBER (non-restraint)  =    -43724.2716
 ------------------------------------------------------------------------------

wrapping first mol.:       20.29907       28.70721       49.72235
wrapping first mol.:       20.29907       28.70721       49.72235

 NSTEP =    41500   TIME(PS) =    2223.000  TEMP(K) =   298.55  PRESS =     0.0
 Etot   =    -34606.8884  EKtot   =      9133.8125  EPtot      =    -43740.7009
 BOND   =       366.2347  ANGLE   =      1057.3305  DIHED      =      1355.5449
 1-4 NB =       453.1373  1-4 EEL =      6271.5575  VDWAALS    =      4821.4966
 EELEC  =    -58092.9456  EHBOND  =         0.0000  RESTRAINT  =        26.9432
 EAMBER (non-restraint)  =    -43767.6441
 ------------------------------------------------------------------------------

wrapping first mol.:       20.29907       28.70721       49.72235
wrapping first mol.:       20.29907       28.70721       49.72235

 NSTEP =    42000   TIME(PS) =    2224.000  TEMP(K) =   300.65  PRESS =     0.0
 Etot   =    -34598.8717  EKtot   =      9197.9648  EPtot      =    -43796.8365
 BOND   =       347.1993  ANGLE   =      1028.5890  DIHED      =      1352.6141
 1-4 NB =       457.0076  1-4 EEL =      6283.5195  VDWAALS    =      4646.4623
 EELEC  =    -57934.1051  EHBOND  =         0.0000  RESTRAINT  =        21.8768
 EAMBER (non-restraint)  =    -43818.7133
 ------------------------------------------------------------------------------

wrapping first mol.:       20.29907       28.70721       49.72235
wrapping first mol.:       20.29907       28.70721       49.72235

 NSTEP =    42500   TIME(PS) =    2225.000  TEMP(K) =   302.75  PRESS =     0.0
 Etot   =    -34541.0638  EKtot   =      9262.2949  EPtot      =    -43803.3587
 BOND   =       359.9108  ANGLE   =      1048.3193  DIHED      =      1340.3711
 1-4 NB =       444.5806  1-4 EEL =      6253.5293  VDWAALS    =      4830.3482
 EELEC  =    -58101.8620  EHBOND  =         0.0000  RESTRAINT  =        21.4440
 EAMBER (non-restraint)  =    -43824.8027
 ------------------------------------------------------------------------------

wrapping first mol.:       20.29907       28.70721       49.72235
wrapping first mol.:       20.29907       28.70721       49.72235

 NSTEP =    43000   TIME(PS) =    2226.000  TEMP(K) =   303.49  PRESS =     0.0
 Etot   =    -34459.3745  EKtot   =      9284.8506  EPtot      =    -43744.2251
 BOND   =       365.3692  ANGLE   =      1104.0203  DIHED      =      1379.4565
 1-4 NB =       444.5341  1-4 EEL =      6238.0218  VDWAALS    =      4764.7265
 EELEC  =    -58065.1196  EHBOND  =         0.0000  RESTRAINT  =        24.7660
 EAMBER (non-restraint)  =    -43768.9912
 ------------------------------------------------------------------------------

wrapping first mol.:       20.29907       28.70721       49.72235
wrapping first mol.:       20.29907       28.70721       49.72235

 NSTEP =    43500   TIME(PS) =    2227.000  TEMP(K) =   302.48  PRESS =     0.0
 Etot   =    -34239.6140  EKtot   =      9254.0264  EPtot      =    -43493.6404
 BOND   =       351.6994  ANGLE   =      1081.3187  DIHED      =      1351.1929
 1-4 NB =       460.4260  1-4 EEL =      6246.9465  VDWAALS    =      4759.8288
 EELEC  =    -57766.7926  EHBOND  =         0.0000  RESTRAINT  =        21.7398
 EAMBER (non-restraint)  =    -43515.3802
 ------------------------------------------------------------------------------

wrapping first mol.:       20.29907       28.70721       49.72235
wrapping first mol.:       20.29907       28.70721       49.72235

 NSTEP =    44000   TIME(PS) =    2228.000  TEMP(K) =   303.24  PRESS =     0.0
 Etot   =    -34412.7825  EKtot   =      9277.4111  EPtot      =    -43690.1936
 BOND   =       357.8144  ANGLE   =      1098.9430  DIHED      =      1356.2460
 1-4 NB =       434.2319  1-4 EEL =      6260.6410  VDWAALS    =      4922.1098
 EELEC  =    -58145.4307  EHBOND  =         0.0000  RESTRAINT  =        25.2510
 EAMBER (non-restraint)  =    -43715.4446
 ------------------------------------------------------------------------------

wrapping first mol.:       20.29907       28.70721       49.72235
wrapping first mol.:       20.29907       28.70721       49.72235

 NSTEP =    44500   TIME(PS) =    2229.000  TEMP(K) =   300.38  PRESS =     0.0
 Etot   =    -34469.2596  EKtot   =      9189.8682  EPtot      =    -43659.1277
 BOND   =       351.3942  ANGLE   =      1072.4605  DIHED      =      1369.8098
 1-4 NB =       441.5565  1-4 EEL =      6228.3941  VDWAALS    =      4856.7449
 EELEC  =    -58004.2448  EHBOND  =         0.0000  RESTRAINT  =        24.7572
 EAMBER (non-restraint)  =    -43683.8849
 ------------------------------------------------------------------------------

wrapping first mol.:       20.29907       28.70721       49.72235
wrapping first mol.:       20.29907       28.70721       49.72235

 NSTEP =    45000   TIME(PS) =    2230.000  TEMP(K) =   298.46  PRESS =     0.0
 Etot   =    -34429.4213  EKtot   =      9131.1377  EPtot      =    -43560.5590
 BOND   =       390.4265  ANGLE   =      1131.5183  DIHED      =      1358.1008
 1-4 NB =       444.7506  1-4 EEL =      6214.4158  VDWAALS    =      4859.9815
 EELEC  =    -57986.7954  EHBOND  =         0.0000  RESTRAINT  =        27.0429
 EAMBER (non-restraint)  =    -43587.6019
 ------------------------------------------------------------------------------

wrapping first mol.:       20.29907       28.70721       49.72235
wrapping first mol.:       20.29907       28.70721       49.72235

 NSTEP =    45500   TIME(PS) =    2231.000  TEMP(K) =   299.35  PRESS =     0.0
 Etot   =    -34396.6342  EKtot   =      9158.3174  EPtot      =    -43554.9516
 BOND   =       357.4053  ANGLE   =      1071.7354  DIHED      =      1351.5934
 1-4 NB =       445.3664  1-4 EEL =      6213.8710  VDWAALS    =      4793.3551
 EELEC  =    -57816.0505  EHBOND  =         0.0000  RESTRAINT  =        27.7724
 EAMBER (non-restraint)  =    -43582.7239
 ------------------------------------------------------------------------------

wrapping first mol.:       20.29907       28.70721       49.72235
wrapping first mol.:       20.29907       28.70721       49.72235

 NSTEP =    46000   TIME(PS) =    2232.000  TEMP(K) =   301.46  PRESS =     0.0
 Etot   =    -34361.6585  EKtot   =      9222.8066  EPtot      =    -43584.4652
 BOND   =       350.6122  ANGLE   =      1097.5134  DIHED      =      1359.0195
 1-4 NB =       451.4245  1-4 EEL =      6244.1694  VDWAALS    =      4668.7179
 EELEC  =    -57779.7556  EHBOND  =         0.0000  RESTRAINT  =        23.8335
 EAMBER (non-restraint)  =    -43608.2987
 ------------------------------------------------------------------------------

wrapping first mol.:       20.29907       28.70721       49.72235
wrapping first mol.:       20.29907       28.70721       49.72235

 NSTEP =    46500   TIME(PS) =    2233.000  TEMP(K) =   300.17  PRESS =     0.0
 Etot   =    -34409.8884  EKtot   =      9183.3799  EPtot      =    -43593.2682
 BOND   =       332.2906  ANGLE   =      1087.2846  DIHED      =      1390.2189
 1-4 NB =       432.4658  1-4 EEL =      6242.3193  VDWAALS    =      4722.5165
 EELEC  =    -57826.4554  EHBOND  =         0.0000  RESTRAINT  =        26.0915
 EAMBER (non-restraint)  =    -43619.3597
 ------------------------------------------------------------------------------

wrapping first mol.:       20.29907       28.70721       49.72235
wrapping first mol.:       20.29907       28.70721       49.72235

 NSTEP =    47000   TIME(PS) =    2234.000  TEMP(K) =   303.53  PRESS =     0.0
 Etot   =    -34319.6557  EKtot   =      9286.2812  EPtot      =    -43605.9369
 BOND   =       365.8217  ANGLE   =      1035.0514  DIHED      =      1365.6968
 1-4 NB =       455.2812  1-4 EEL =      6276.0858  VDWAALS    =      4804.6204
 EELEC  =    -57935.5163  EHBOND  =         0.0000  RESTRAINT  =        27.0222
 EAMBER (non-restraint)  =    -43632.9591
 ------------------------------------------------------------------------------

wrapping first mol.:       20.29907       28.70721       49.72235
wrapping first mol.:       20.29907       28.70721       49.72235

 NSTEP =    47500   TIME(PS) =    2235.000  TEMP(K) =   298.92  PRESS =     0.0
 Etot   =    -34516.9656  EKtot   =      9145.0225  EPtot      =    -43661.9881
 BOND   =       372.5842  ANGLE   =      1097.4767  DIHED      =      1363.4162
 1-4 NB =       457.0862  1-4 EEL =      6260.3580  VDWAALS    =      4749.1025
 EELEC  =    -57989.4336  EHBOND  =         0.0000  RESTRAINT  =        27.4216
 EAMBER (non-restraint)  =    -43689.4097
 ------------------------------------------------------------------------------

wrapping first mol.:       20.29907       28.70721       49.72235
wrapping first mol.:       20.29907       28.70721       49.72235

 NSTEP =    48000   TIME(PS) =    2236.000  TEMP(K) =   303.43  PRESS =     0.0
 Etot   =    -34295.2110  EKtot   =      9282.9473  EPtot      =    -43578.1583
 BOND   =       371.5054  ANGLE   =      1100.6838  DIHED      =      1347.9064
 1-4 NB =       456.0406  1-4 EEL =      6286.0757  VDWAALS    =      4758.8942
 EELEC  =    -57928.5962  EHBOND  =         0.0000  RESTRAINT  =        29.3318
 EAMBER (non-restraint)  =    -43607.4901
 ------------------------------------------------------------------------------

wrapping first mol.:       20.29907       28.70721       49.72235
wrapping first mol.:       20.29907       28.70721       49.72235

 NSTEP =    48500   TIME(PS) =    2237.000  TEMP(K) =   297.43  PRESS =     0.0
 Etot   =    -34297.5404  EKtot   =      9099.5615  EPtot      =    -43397.1019
 BOND   =       358.3845  ANGLE   =      1089.0062  DIHED      =      1387.2628
 1-4 NB =       459.1560  1-4 EEL =      6232.7563  VDWAALS    =      4761.8192
 EELEC  =    -57718.4639  EHBOND  =         0.0000  RESTRAINT  =        32.9769
 EAMBER (non-restraint)  =    -43430.0788
 ------------------------------------------------------------------------------

wrapping first mol.:       20.29907       28.70721       49.72235
wrapping first mol.:       20.29907       28.70721       49.72235

 NSTEP =    49000   TIME(PS) =    2238.000  TEMP(K) =   295.55  PRESS =     0.0
 Etot   =    -34679.3370  EKtot   =      9041.9775  EPtot      =    -43721.3145
 BOND   =       351.6804  ANGLE   =      1041.6772  DIHED      =      1380.8128
 1-4 NB =       453.4738  1-4 EEL =      6254.6661  VDWAALS    =      4982.2714
 EELEC  =    -58214.4521  EHBOND  =         0.0000  RESTRAINT  =        28.5559
 EAMBER (non-restraint)  =    -43749.8704
 ------------------------------------------------------------------------------

wrapping first mol.:       20.29907       28.70721       49.72235
wrapping first mol.:       20.29907       28.70721       49.72235

 NSTEP =    49500   TIME(PS) =    2239.000  TEMP(K) =   302.52  PRESS =     0.0
 Etot   =    -34347.2138  EKtot   =      9255.3643  EPtot      =    -43602.5781
 BOND   =       372.6964  ANGLE   =      1122.3497  DIHED      =      1373.4145
 1-4 NB =       463.0931  1-4 EEL =      6260.1294  VDWAALS    =      4864.7298
 EELEC  =    -58082.7508  EHBOND  =         0.0000  RESTRAINT  =        23.7598
 EAMBER (non-restraint)  =    -43626.3378
 ------------------------------------------------------------------------------

wrapping first mol.:       20.29907       28.70721       49.72235
wrapping first mol.:       20.29907       28.70721       49.72235

 NSTEP =    50000   TIME(PS) =    2240.000  TEMP(K) =   301.24  PRESS =     0.0
 Etot   =    -34489.3325  EKtot   =      9216.1377  EPtot      =    -43705.4702
 BOND   =       371.0348  ANGLE   =      1075.3259  DIHED      =      1352.9017
 1-4 NB =       448.9504  1-4 EEL =      6268.9795  VDWAALS    =      4716.4606
 EELEC  =    -57963.9341  EHBOND  =         0.0000  RESTRAINT  =        24.8111
 EAMBER (non-restraint)  =    -43730.2813
 ------------------------------------------------------------------------------


      A V E R A G E S   O V E R     100 S T E P S


 NSTEP =    50000   TIME(PS) =    2240.000  TEMP(K) =   300.26  PRESS =     0.0
 Etot   =    -34504.9749  EKtot   =      9186.2059  EPtot      =    -43691.1807
 BOND   =       354.1222  ANGLE   =      1073.9069  DIHED      =      1362.7792
 1-4 NB =       449.0130  1-4 EEL =      6254.7027  VDWAALS    =      4784.9903
 EELEC  =    -57995.6585  EHBOND  =         0.0000  RESTRAINT  =        24.9634
 EAMBER (non-restraint)  =    -43716.1441
 ------------------------------------------------------------------------------


      R M S  F L U C T U A T I O N S


 NSTEP =    50000   TIME(PS) =    2240.000  TEMP(K) =     2.49  PRESS =     0.0
 Etot   =       139.8766  EKtot   =        76.1825  EPtot      =       105.4610
 BOND   =        15.4885  ANGLE   =        24.7779  DIHED      =        13.5966
 1-4 NB =         8.2001  1-4 EEL =        19.2790  VDWAALS    =       103.5887
 EELEC  =       157.8316  EHBOND  =         0.0000  RESTRAINT  =         2.8047
 EAMBER (non-restraint)  =       102.6563
 ------------------------------------------------------------------------------

--------------------------------------------------------------------------------
   5.  TIMINGS
--------------------------------------------------------------------------------

|  NonSetup CPU Time in Major Routines:
|
|     Routine           Sec        %
|     ------------------------------
|     Nonbond          21.14   39.68
|     Bond              0.00    0.00
|     Angle             0.00    0.00
|     Dihedral          0.00    0.00
|     Shake             1.38    2.60
|     RunMD            30.58   57.38
|     Other             0.18    0.35
|     ------------------------------
|     Total            53.29

|  PME Nonbond Pairlist CPU Time:
|
|     Routine              Sec        %
|     ---------------------------------
|     Set Up Cit           0.00    0.00
|     Build List           0.00    0.00
|     ---------------------------------
|     Total                0.00    0.00

|  PME Direct Force CPU Time:
|
|     Routine              Sec        %
|     ---------------------------------
|     NonBonded Calc       0.00    0.00
|     Exclude Masked       0.00    0.00
|     Other                0.07    0.13
|     ---------------------------------
|     Total                0.07    0.13

|  PME Reciprocal Force CPU Time:
|
|     Routine              Sec        %
|     ---------------------------------
|     1D bspline           0.00    0.00
|     Grid Charges         0.00    0.00
|     Scalar Sum           0.00    0.00
|     Gradient Sum         0.00    0.00
|     FFT                  0.00    0.00
|     ---------------------------------
|     Total                0.00    0.00

|  Final Performance Info:
|     -----------------------------------------------------
|     Average timings for last   15000 steps:
|     Elapsed(s) =      28.07 Per Step(ms) =       1.87
|         ns/day =      92.36   seconds/ns =     935.51
|
|     Average timings for all steps:
|     Elapsed(s) =      89.37 Per Step(ms) =       1.79
|         ns/day =      96.68   seconds/ns =     893.71
|     -----------------------------------------------------

|  Setup CPU time:            1.30 seconds
|  NonSetup CPU time:        53.29 seconds
|  Total CPU time:           54.60 seconds     0.02 hours

|  Setup wall time:           2    seconds
|  NonSetup wall time:       90    seconds
|  Total wall time:          92    seconds     0.03 hours
