
          -------------------------------------------------------
          Amber 16 PMEMD                              2016
          -------------------------------------------------------

| PMEMD implementation of SANDER, Release 16

| Run on 11/25/2017 at 13:29:30

|   Executable path: /apps/amber16/bin/pmemd.cuda
| Working directory: /home/pbarletta
|          Hostname: mordor

  [-O]verwriting output

File Assignments:
|   MDIN: /scratch/pbarletta/cph_obp/run/ctv/mhe/e/25equ.in                     
|  MDOUT: /scratch/pbarletta/cph_obp/run/ctv/mhe/e/25equ.out                    
| INPCRD: /scratch/pbarletta/cph_obp/run/ctv/mhe/e/24ectv.rst7                  
|   PARM: /scratch/pbarletta/cph_obp/top_files/ctv.prmtop                       
| RESTRT: /scratch/pbarletta/cph_obp/run/ctv/mhe/e/25ectv.rst7                  
|   REFC: /scratch/pbarletta/cph_obp/run/ctv/mhe/e/24ectv.rst7                  
|  MDVEL: mdvel                                                                 
|   MDEN: mden                                                                  
|  MDCRD: /scratch/pbarletta/cph_obp/run/ctv/mhe/e/25ectv.nc                    
| MDINFO: mdinfo                                                                
|  MDFRC: mdfrc                                                                 


 Here is the input file:

Equilibration with solute restrictions                                         
&cntrl                                                                         
imin = 0,                           ! No Minimization                          
nmropt = 0,                         ! No NMR restraints read                   
                                                                               
! Nature and format of the input                                               
ntx = 5,                            ! Coordinates but no velocities will be rea
irest = 1,                          ! Do not run a new simulation              
                                                                               
! Nature and format of the output                                              
ntxo = 1,                           ! rstrt file in ASCII format               
ntpr = 500,                         ! inf in output every ntpr steps           
ntwr = 500,                         ! rstrt file every ntwr steps              
ntwx = 500,                         ! mdcrd file every ntwx steps              
ntwv = 0,                           ! mdvel without velocities                 
ntwe = 0,                           ! Energies and temperatures not written in 
idecomp = 0,                        ! No energy decomposition                  
iwrap = 1,                          ! Coordinates of the restart and mdcrd file
                                                                               
! Frozen or restrained atoms                                                   
ibelly = 0,                         ! No frozen atoms                          
ntr=1,                              ! Harmonic potential restraints            
restraint_wt = 0.11,                ! The weight for the positional restraints 
restraintmask = ':1-120@N,CA,C,O',  ! restrained residues                      
                                                                               
! Molecular dynamics                                                           
nstlim = 50000,                     ! Number of MD-steps                       
dt = 0.002,                         ! Time step                                
                                                                               
! Temperature regulation                                                       
ntt = 3,                            ! Langevin thermostat                      
gamma_ln = 5,                       ! Gamma constant for Langevin              
temp0 = 300.0,                      ! Reference T at which the system is to be 
tempi = 300.0,                      ! Initial T                                
ig = -1,                            ! Seed for the RNG                         
                                                                               
! P and V regulation                                                           
ntp = 0,                            ! No pressure control                      
ntb = 1,                            ! Periodic box for constant V              
                                                                               
! SHAKE variables                                                              
ntc = 2,                            ! Bonds involving H are constrained        
ntf = 2,                            ! Bond interaction involving H are ommited.
                                                                               
cut = 10.0,                         ! Nonbonded cutoff                         
                                                                               
/                                                                              
&end                                                                           


Note: ig = -1. Setting random seed to    57309 based on wallclock time in 
      microseconds.
| irandom = 1, using AMBER's internal random number generator (default).
 
|--------------------- INFORMATION ----------------------
| GPU (CUDA) Version of PMEMD in use: NVIDIA GPU IN USE.
|                    Version 16.0.0
| 
|                      02/25/2016
| 
| Implementation by:
|                    Ross C. Walker     (SDSC)
|                    Scott Le Grand     (nVIDIA)
| 
| Precision model in use:
|      [SPFP] - Single Precision Forces, 64-bit Fixed Point
|               Accumulation. (Default)
| 
|--------------------------------------------------------
 
|----------------- CITATION INFORMATION -----------------
|
|    When publishing work that utilized the CUDA version
|    of AMBER, please cite the following in addition to
|    the regular AMBER citations:
|
|  - Romelia Salomon-Ferrer; Andreas W. Goetz; Duncan
|    Poole; Scott Le Grand; Ross C. Walker "Routine
|    microsecond molecular dynamics simulations with
|    AMBER - Part II: Particle Mesh Ewald", J. Chem.
|    Theory Comput., 2013, 9 (9), pp3878-3888,
|    DOI: 10.1021/ct400314y.
|
|  - Andreas W. Goetz; Mark J. Williamson; Dong Xu;
|    Duncan Poole; Scott Le Grand; Ross C. Walker
|    "Routine microsecond molecular dynamics simulations
|    with AMBER - Part I: Generalized Born", J. Chem.
|    Theory Comput., 2012, 8 (5), pp1542-1555.
|
|  - Scott Le Grand; Andreas W. Goetz; Ross C. Walker
|    "SPFP: Speed without compromise - a mixed precision
|    model for GPU accelerated molecular dynamics
|    simulations.", Comp. Phys. Comm., 2013, 184
|    pp374-380, DOI: 10.1016/j.cpc.2012.09.022
|
|--------------------------------------------------------
 
|------------------- GPU DEVICE INFO --------------------
|
|            CUDA_VISIBLE_DEVICES: 2
|   CUDA Capable Devices Detected:      1
|           CUDA Device ID in use:      0
|                CUDA Device Name: GeForce GTX 1080 Ti
|     CUDA Device Global Mem Size:  11172 MB
| CUDA Device Num Multiprocessors:     28
|           CUDA Device Core Freq:   1.58 GHz
|
|--------------------------------------------------------
 
 
| Conditional Compilation Defines Used:
| PUBFFT
| BINTRAJ
| CUDA
| EMIL

| Largest sphere to fit in unit cell has radius =    24.861

| New format PARM file being parsed.
| Version =    1.000 Date = 11/25/17 Time = 12:11:39

| Note: 1-4 EEL scale factors are being read from the topology file.

| Note: 1-4 VDW scale factors are being read from the topology file.
| Duplicated    0 dihedrals

| Duplicated    0 dihedrals

--------------------------------------------------------------------------------
   1.  RESOURCE   USE: 
--------------------------------------------------------------------------------

 getting new box info from bottom of inpcrd
 NATOM  =   14918 NTYPES =      18 NBONH =   13963 MBONA  =     963
 NTHETH =    2368 MTHETA =    1293 NPHIH =    4530 MPHIA  =    3267
 NHPARM =       0 NPARM  =       0 NNB   =   28295 NRES   =    4423
 NBONA  =     963 NTHETA =    1293 NPHIA =    3267 NUMBND =      49
 NUMANG =     102 NPTRA  =      43 NATYP =      33 NPHB   =       1
 IFBOX  =       2 NMXRS  =      26 IFCAP =       0 NEXTRA =       0
 NCOPY  =       0

| Coordinate Index Table dimensions:     9    9    9
| Direct force subcell size =     6.7664    6.7664    6.7664

     BOX TYPE: TRUNCATED OCTAHEDRON

--------------------------------------------------------------------------------
   2.  CONTROL  DATA  FOR  THE  RUN
--------------------------------------------------------------------------------

default_name                                                                    

General flags:
     imin    =       0, nmropt  =       0

Nature and format of input:
     ntx     =       5, irest   =       1, ntrx    =       1

Nature and format of output:
     ntxo    =       1, ntpr    =     500, ntrx    =       1, ntwr    =     500
     iwrap   =       1, ntwx    =     500, ntwv    =       0, ntwe    =       0
     ioutfm  =       1, ntwprt  =       0, idecomp =       0, rbornstat=      0

Potential function:
     ntf     =       2, ntb     =       1, igb     =       0, nsnb    =      25
     ipol    =       0, gbsa    =       0, iesp    =       0
     dielc   =   1.00000, cut     =  10.00000, intdiel =   1.00000

Frozen or restrained atoms:
     ibelly  =       0, ntr     =       1
     restraint_wt =   0.11000

Molecular dynamics:
     nstlim  =     50000, nscm    =         0, nrespa  =         1
     t       =   0.00000, dt      =   0.00200, vlimit  =  -1.00000

Langevin dynamics temperature regulation:
     ig      =   57309
     temp0   = 300.00000, tempi   = 300.00000, gamma_ln=   5.00000

SHAKE:
     ntc     =       2, jfastw  =       0
     tol     =   0.00001

| Intermolecular bonds treatment:
|     no_intermolecular_bonds =       1

| Energy averages sample interval:
|     ene_avg_sampling =     500

Ewald parameters:
     verbose =       0, ew_type =       0, nbflag  =       1, use_pme =       1
     vdwmeth =       1, eedmeth =       1, netfrc  =       1
     Box X =   60.897   Box Y =   60.897   Box Z =   60.897
     Alpha =  109.471   Beta  =  109.471   Gamma =  109.471
     NFFT1 =   64       NFFT2 =   64       NFFT3 =   64
     Cutoff=   10.000   Tol   =0.100E-04
     Ewald Coefficient =  0.27511
     Interpolation order =    4

    LOADING THE CONSTRAINED ATOMS AS GROUPS


   5.  REFERENCE ATOM COORDINATES

  default_name                                                                    
     Mask :1-120@N,CA,C,O; matches   476 atoms

--------------------------------------------------------------------------------
   3.  ATOMIC COORDINATES AND VELOCITIES
--------------------------------------------------------------------------------

default_name                                                                    
 begin time read from input coords =  2540.000 ps

 
 Number of triangulated 3-point waters found:     4302

     Sum of charges from parm topology file =   0.00000094
     Forcing neutrality...

| Dynamic Memory, Types Used:
| Reals              578224
| Integers           551884

| Nonbonded Pairs Initial Allocation:     4512322

| GPU memory information (estimate):
| KB of GPU memory in use:    141362
| KB of CPU memory in use:     29330

--------------------------------------------------------------------------------
   4.  RESULTS
--------------------------------------------------------------------------------

 ---------------------------------------------------
 APPROXIMATING switch and d/dx switch using CUBIC SPLINE INTERPOLATION
 using   5000.0 points per unit in tabled values
 TESTING RELATIVE ERROR over r ranging from 0.0 to cutoff
| CHECK switch(x): max rel err =   0.2738E-14   at   2.422500
| CHECK d/dx switch(x): max rel err =   0.8314E-11   at   2.736960
 ---------------------------------------------------
|---------------------------------------------------
| APPROXIMATING direct energy using CUBIC SPLINE INTERPOLATION
|  with   50.0 points per unit in tabled values
| Relative Error Limit not exceeded for r .gt.   2.33
| APPROXIMATING direct force using CUBIC SPLINE INTERPOLATION
|  with   50.0 points per unit in tabled values
| Relative Error Limit not exceeded for r .gt.   2.80
|---------------------------------------------------
wrapping first mol.:       20.29907       28.70721       49.72235
wrapping first mol.:       20.29907       28.70721       49.72235

 NSTEP =      500   TIME(PS) =    2541.000  TEMP(K) =   299.24  PRESS =     0.0
 Etot   =    -34475.5243  EKtot   =      9154.8486  EPtot      =    -43630.3729
 BOND   =       359.4178  ANGLE   =      1060.2311  DIHED      =      1379.0096
 1-4 NB =       450.0563  1-4 EEL =      6237.9109  VDWAALS    =      4734.3471
 EELEC  =    -57860.5772  EHBOND  =         0.0000  RESTRAINT  =         9.2315
 EAMBER (non-restraint)  =    -43639.6044
 ------------------------------------------------------------------------------

wrapping first mol.:       20.29907       28.70721       49.72235
wrapping first mol.:       20.29907       28.70721       49.72235

 NSTEP =     1000   TIME(PS) =    2542.000  TEMP(K) =   296.81  PRESS =     0.0
 Etot   =    -34396.4943  EKtot   =      9080.5146  EPtot      =    -43477.0090
 BOND   =       374.3314  ANGLE   =      1123.1354  DIHED      =      1362.7971
 1-4 NB =       435.4930  1-4 EEL =      6196.7421  VDWAALS    =      4755.5953
 EELEC  =    -57738.5672  EHBOND  =         0.0000  RESTRAINT  =        13.4639
 EAMBER (non-restraint)  =    -43490.4728
 ------------------------------------------------------------------------------

wrapping first mol.:       20.29907       28.70721       49.72235
wrapping first mol.:       20.29907       28.70721       49.72235

 NSTEP =     1500   TIME(PS) =    2543.000  TEMP(K) =   301.36  PRESS =     0.0
 Etot   =    -34343.3513  EKtot   =      9219.6240  EPtot      =    -43562.9753
 BOND   =       348.5070  ANGLE   =      1086.8856  DIHED      =      1359.9285
 1-4 NB =       438.4464  1-4 EEL =      6314.5595  VDWAALS    =      4776.0195
 EELEC  =    -57900.7027  EHBOND  =         0.0000  RESTRAINT  =        13.3810
 EAMBER (non-restraint)  =    -43576.3563
 ------------------------------------------------------------------------------

wrapping first mol.:       20.29907       28.70721       49.72235
wrapping first mol.:       20.29907       28.70721       49.72235

 NSTEP =     2000   TIME(PS) =    2544.000  TEMP(K) =   295.00  PRESS =     0.0
 Etot   =    -34734.3577  EKtot   =      9025.2832  EPtot      =    -43759.6409
 BOND   =       354.4792  ANGLE   =      1057.0789  DIHED      =      1335.4070
 1-4 NB =       451.1315  1-4 EEL =      6286.6441  VDWAALS    =      4664.6456
 EELEC  =    -57920.7622  EHBOND  =         0.0000  RESTRAINT  =        11.7349
 EAMBER (non-restraint)  =    -43771.3759
 ------------------------------------------------------------------------------

wrapping first mol.:       20.29907       28.70721       49.72235
wrapping first mol.:       20.29907       28.70721       49.72235

 NSTEP =     2500   TIME(PS) =    2545.000  TEMP(K) =   301.37  PRESS =     0.0
 Etot   =    -34526.8336  EKtot   =      9219.9336  EPtot      =    -43746.7672
 BOND   =       367.9913  ANGLE   =      1043.2155  DIHED      =      1387.3750
 1-4 NB =       441.7044  1-4 EEL =      6281.1211  VDWAALS    =      4874.8406
 EELEC  =    -58156.4175  EHBOND  =         0.0000  RESTRAINT  =        13.4025
 EAMBER (non-restraint)  =    -43760.1697
 ------------------------------------------------------------------------------

wrapping first mol.:       20.29907       28.70721       49.72235
wrapping first mol.:       20.29907       28.70721       49.72235

 NSTEP =     3000   TIME(PS) =    2546.000  TEMP(K) =   299.21  PRESS =     0.0
 Etot   =    -34498.8498  EKtot   =      9154.0312  EPtot      =    -43652.8810
 BOND   =       350.5372  ANGLE   =      1073.5750  DIHED      =      1379.2536
 1-4 NB =       435.2279  1-4 EEL =      6272.6282  VDWAALS    =      4764.1214
 EELEC  =    -57939.8096  EHBOND  =         0.0000  RESTRAINT  =        11.5852
 EAMBER (non-restraint)  =    -43664.4662
 ------------------------------------------------------------------------------

wrapping first mol.:       20.29907       28.70721       49.72235
wrapping first mol.:       20.29907       28.70721       49.72235

 NSTEP =     3500   TIME(PS) =    2547.000  TEMP(K) =   301.35  PRESS =     0.0
 Etot   =    -34618.5215  EKtot   =      9219.4121  EPtot      =    -43837.9336
 BOND   =       391.7723  ANGLE   =      1078.1711  DIHED      =      1370.0477
 1-4 NB =       451.7579  1-4 EEL =      6282.0501  VDWAALS    =      4889.5309
 EELEC  =    -58313.3492  EHBOND  =         0.0000  RESTRAINT  =        12.0856
 EAMBER (non-restraint)  =    -43850.0192
 ------------------------------------------------------------------------------

wrapping first mol.:       20.29907       28.70721       49.72235
wrapping first mol.:       20.29907       28.70721       49.72235

 NSTEP =     4000   TIME(PS) =    2548.000  TEMP(K) =   302.39  PRESS =     0.0
 Etot   =    -34362.9540  EKtot   =      9251.2578  EPtot      =    -43614.2118
 BOND   =       365.7879  ANGLE   =      1039.5258  DIHED      =      1346.6524
 1-4 NB =       436.1936  1-4 EEL =      6269.4762  VDWAALS    =      4603.7870
 EELEC  =    -57687.2738  EHBOND  =         0.0000  RESTRAINT  =        11.6391
 EAMBER (non-restraint)  =    -43625.8509
 ------------------------------------------------------------------------------

wrapping first mol.:       20.29907       28.70721       49.72235
wrapping first mol.:       20.29907       28.70721       49.72235

 NSTEP =     4500   TIME(PS) =    2549.000  TEMP(K) =   299.64  PRESS =     0.0
 Etot   =    -34622.9367  EKtot   =      9167.2578  EPtot      =    -43790.1945
 BOND   =       381.2448  ANGLE   =      1079.1324  DIHED      =      1363.3069
 1-4 NB =       433.0474  1-4 EEL =      6234.8212  VDWAALS    =      4833.9389
 EELEC  =    -58127.9422  EHBOND  =         0.0000  RESTRAINT  =        12.2561
 EAMBER (non-restraint)  =    -43802.4506
 ------------------------------------------------------------------------------

wrapping first mol.:       20.29907       28.70721       49.72235
wrapping first mol.:       20.29907       28.70721       49.72235

 NSTEP =     5000   TIME(PS) =    2550.000  TEMP(K) =   297.17  PRESS =     0.0
 Etot   =    -34726.9691  EKtot   =      9091.6846  EPtot      =    -43818.6537
 BOND   =       361.6857  ANGLE   =      1039.2681  DIHED      =      1342.7182
 1-4 NB =       436.3866  1-4 EEL =      6278.6493  VDWAALS    =      4918.9503
 EELEC  =    -58212.2295  EHBOND  =         0.0000  RESTRAINT  =        15.9177
 EAMBER (non-restraint)  =    -43834.5713
 ------------------------------------------------------------------------------

wrapping first mol.:       20.29907       28.70721       49.72235
wrapping first mol.:       20.29907       28.70721       49.72235

 NSTEP =     5500   TIME(PS) =    2551.000  TEMP(K) =   294.72  PRESS =     0.0
 Etot   =    -34584.8374  EKtot   =      9016.6592  EPtot      =    -43601.4966
 BOND   =       360.1551  ANGLE   =      1068.9260  DIHED      =      1343.2058
 1-4 NB =       442.6928  1-4 EEL =      6271.7326  VDWAALS    =      4617.5207
 EELEC  =    -57718.0666  EHBOND  =         0.0000  RESTRAINT  =        12.3369
 EAMBER (non-restraint)  =    -43613.8335
 ------------------------------------------------------------------------------

wrapping first mol.:       20.29907       28.70721       49.72235
wrapping first mol.:       20.29907       28.70721       49.72235

 NSTEP =     6000   TIME(PS) =    2552.000  TEMP(K) =   301.51  PRESS =     0.0
 Etot   =    -34465.6337  EKtot   =      9224.4863  EPtot      =    -43690.1200
 BOND   =       363.9750  ANGLE   =      1067.0343  DIHED      =      1342.8884
 1-4 NB =       433.1182  1-4 EEL =      6228.5387  VDWAALS    =      4807.9218
 EELEC  =    -57951.8391  EHBOND  =         0.0000  RESTRAINT  =        18.2427
 EAMBER (non-restraint)  =    -43708.3627
 ------------------------------------------------------------------------------

wrapping first mol.:       20.29907       28.70721       49.72235
wrapping first mol.:       20.29907       28.70721       49.72235

 NSTEP =     6500   TIME(PS) =    2553.000  TEMP(K) =   305.11  PRESS =     0.0
 Etot   =    -34378.0724  EKtot   =      9334.5977  EPtot      =    -43712.6701
 BOND   =       342.6901  ANGLE   =      1079.9415  DIHED      =      1364.6116
 1-4 NB =       437.7877  1-4 EEL =      6216.7052  VDWAALS    =      4741.7696
 EELEC  =    -57913.1027  EHBOND  =         0.0000  RESTRAINT  =        16.9269
 EAMBER (non-restraint)  =    -43729.5970
 ------------------------------------------------------------------------------

wrapping first mol.:       20.29907       28.70721       49.72235
wrapping first mol.:       20.29907       28.70721       49.72235

 NSTEP =     7000   TIME(PS) =    2554.000  TEMP(K) =   295.92  PRESS =     0.0
 Etot   =    -34735.4198  EKtot   =      9053.3691  EPtot      =    -43788.7889
 BOND   =       321.5563  ANGLE   =      1069.3759  DIHED      =      1356.4049
 1-4 NB =       446.2023  1-4 EEL =      6268.3092  VDWAALS    =      4783.7642
 EELEC  =    -58050.1244  EHBOND  =         0.0000  RESTRAINT  =        15.7226
 EAMBER (non-restraint)  =    -43804.5115
 ------------------------------------------------------------------------------

wrapping first mol.:       20.29907       28.70721       49.72235
wrapping first mol.:       20.29907       28.70721       49.72235

 NSTEP =     7500   TIME(PS) =    2555.000  TEMP(K) =   295.68  PRESS =     0.0
 Etot   =    -34728.7977  EKtot   =      9045.9883  EPtot      =    -43774.7860
 BOND   =       329.0653  ANGLE   =      1081.7092  DIHED      =      1348.4603
 1-4 NB =       447.6353  1-4 EEL =      6261.4812  VDWAALS    =      4693.7046
 EELEC  =    -57953.5717  EHBOND  =         0.0000  RESTRAINT  =        16.7298
 EAMBER (non-restraint)  =    -43791.5158
 ------------------------------------------------------------------------------

wrapping first mol.:       20.29907       28.70721       49.72235
wrapping first mol.:       20.29907       28.70721       49.72235

 NSTEP =     8000   TIME(PS) =    2556.000  TEMP(K) =   300.38  PRESS =     0.0
 Etot   =    -34349.6760  EKtot   =      9189.7891  EPtot      =    -43539.4651
 BOND   =       367.0056  ANGLE   =      1090.1123  DIHED      =      1354.8832
 1-4 NB =       438.4776  1-4 EEL =      6261.5189  VDWAALS    =      4672.6206
 EELEC  =    -57739.4683  EHBOND  =         0.0000  RESTRAINT  =        15.3851
 EAMBER (non-restraint)  =    -43554.8502
 ------------------------------------------------------------------------------

wrapping first mol.:       20.29907       28.70721       49.72235
wrapping first mol.:       20.29907       28.70721       49.72235

 NSTEP =     8500   TIME(PS) =    2557.000  TEMP(K) =   301.86  PRESS =     0.0
 Etot   =    -34226.3043  EKtot   =      9235.1406  EPtot      =    -43461.4449
 BOND   =       354.3577  ANGLE   =      1068.3665  DIHED      =      1352.7408
 1-4 NB =       445.9903  1-4 EEL =      6270.8069  VDWAALS    =      4719.4612
 EELEC  =    -57686.5822  EHBOND  =         0.0000  RESTRAINT  =        13.4138
 EAMBER (non-restraint)  =    -43474.8587
 ------------------------------------------------------------------------------

wrapping first mol.:       20.29907       28.70721       49.72235
wrapping first mol.:       20.29907       28.70721       49.72235

 NSTEP =     9000   TIME(PS) =    2558.000  TEMP(K) =   298.51  PRESS =     0.0
 Etot   =    -34287.6490  EKtot   =      9132.5459  EPtot      =    -43420.1949
 BOND   =       377.4144  ANGLE   =      1112.3284  DIHED      =      1361.1341
 1-4 NB =       444.5011  1-4 EEL =      6263.7530  VDWAALS    =      4737.4074
 EELEC  =    -57728.2805  EHBOND  =         0.0000  RESTRAINT  =        11.5472
 EAMBER (non-restraint)  =    -43431.7421
 ------------------------------------------------------------------------------

wrapping first mol.:       20.29907       28.70721       49.72235
wrapping first mol.:       20.29907       28.70721       49.72235

 NSTEP =     9500   TIME(PS) =    2559.000  TEMP(K) =   305.68  PRESS =     0.0
 Etot   =    -34054.9286  EKtot   =      9351.9072  EPtot      =    -43406.8358
 BOND   =       355.2769  ANGLE   =      1090.2225  DIHED      =      1338.7327
 1-4 NB =       457.9807  1-4 EEL =      6263.8188  VDWAALS    =      4610.9075
 EELEC  =    -57535.5734  EHBOND  =         0.0000  RESTRAINT  =        11.7985
 EAMBER (non-restraint)  =    -43418.6343
 ------------------------------------------------------------------------------

wrapping first mol.:       20.29907       28.70721       49.72235
wrapping first mol.:       20.29907       28.70721       49.72235

 NSTEP =    10000   TIME(PS) =    2560.000  TEMP(K) =   301.93  PRESS =     0.0
 Etot   =    -34594.8086  EKtot   =      9237.1143  EPtot      =    -43831.9228
 BOND   =       366.7304  ANGLE   =      1066.2349  DIHED      =      1348.1670
 1-4 NB =       437.4271  1-4 EEL =      6248.0921  VDWAALS    =      4920.1655
 EELEC  =    -58230.6429  EHBOND  =         0.0000  RESTRAINT  =        11.9031
 EAMBER (non-restraint)  =    -43843.8259
 ------------------------------------------------------------------------------

wrapping first mol.:       20.29907       28.70721       49.72235
wrapping first mol.:       20.29907       28.70721       49.72235

 NSTEP =    10500   TIME(PS) =    2561.000  TEMP(K) =   299.30  PRESS =     0.0
 Etot   =    -34493.7339  EKtot   =      9156.8740  EPtot      =    -43650.6079
 BOND   =       362.3144  ANGLE   =      1059.5219  DIHED      =      1391.2386
 1-4 NB =       428.9372  1-4 EEL =      6273.4737  VDWAALS    =      4801.1066
 EELEC  =    -57980.5130  EHBOND  =         0.0000  RESTRAINT  =        13.3126
 EAMBER (non-restraint)  =    -43663.9206
 ------------------------------------------------------------------------------

wrapping first mol.:       20.29907       28.70721       49.72235
wrapping first mol.:       20.29907       28.70721       49.72235

 NSTEP =    11000   TIME(PS) =    2562.000  TEMP(K) =   297.68  PRESS =     0.0
 Etot   =    -34610.1425  EKtot   =      9107.1572  EPtot      =    -43717.2998
 BOND   =       347.8368  ANGLE   =      1034.0648  DIHED      =      1356.3346
 1-4 NB =       441.8082  1-4 EEL =      6251.9580  VDWAALS    =      4790.8203
 EELEC  =    -57955.6661  EHBOND  =         0.0000  RESTRAINT  =        15.5436
 EAMBER (non-restraint)  =    -43732.8434
 ------------------------------------------------------------------------------

wrapping first mol.:       20.29907       28.70721       49.72235
wrapping first mol.:       20.29907       28.70721       49.72235

 NSTEP =    11500   TIME(PS) =    2563.000  TEMP(K) =   300.95  PRESS =     0.0
 Etot   =    -34436.6393  EKtot   =      9207.1445  EPtot      =    -43643.7838
 BOND   =       333.6699  ANGLE   =      1104.6459  DIHED      =      1373.2309
 1-4 NB =       444.8414  1-4 EEL =      6253.5257  VDWAALS    =      4971.0782
 EELEC  =    -58142.9865  EHBOND  =         0.0000  RESTRAINT  =        18.2107
 EAMBER (non-restraint)  =    -43661.9944
 ------------------------------------------------------------------------------

wrapping first mol.:       20.29907       28.70721       49.72235
wrapping first mol.:       20.29907       28.70721       49.72235

 NSTEP =    12000   TIME(PS) =    2564.000  TEMP(K) =   298.67  PRESS =     0.0
 Etot   =    -34628.0331  EKtot   =      9137.4814  EPtot      =    -43765.5146
 BOND   =       381.1227  ANGLE   =      1079.0763  DIHED      =      1350.1350
 1-4 NB =       441.8293  1-4 EEL =      6261.6486  VDWAALS    =      4841.0491
 EELEC  =    -58136.2409  EHBOND  =         0.0000  RESTRAINT  =        15.8652
 EAMBER (non-restraint)  =    -43781.3798
 ------------------------------------------------------------------------------

wrapping first mol.:       20.29907       28.70721       49.72235
wrapping first mol.:       20.29907       28.70721       49.72235

 NSTEP =    12500   TIME(PS) =    2565.000  TEMP(K) =   298.94  PRESS =     0.0
 Etot   =    -34478.9370  EKtot   =      9145.5898  EPtot      =    -43624.5269
 BOND   =       329.5569  ANGLE   =      1107.6146  DIHED      =      1357.1222
 1-4 NB =       442.9882  1-4 EEL =      6255.2104  VDWAALS    =      4696.8875
 EELEC  =    -57830.3817  EHBOND  =         0.0000  RESTRAINT  =        16.4750
 EAMBER (non-restraint)  =    -43641.0019
 ------------------------------------------------------------------------------

wrapping first mol.:       20.29907       28.70721       49.72235
wrapping first mol.:       20.29907       28.70721       49.72235

 NSTEP =    13000   TIME(PS) =    2566.000  TEMP(K) =   301.36  PRESS =     0.0
 Etot   =    -34385.4415  EKtot   =      9219.6914  EPtot      =    -43605.1329
 BOND   =       351.6816  ANGLE   =      1069.3923  DIHED      =      1366.3665
 1-4 NB =       437.2054  1-4 EEL =      6224.4310  VDWAALS    =      4816.3889
 EELEC  =    -57885.8280  EHBOND  =         0.0000  RESTRAINT  =        15.2292
 EAMBER (non-restraint)  =    -43620.3622
 ------------------------------------------------------------------------------

wrapping first mol.:       20.29907       28.70721       49.72235
wrapping first mol.:       20.29907       28.70721       49.72235

 NSTEP =    13500   TIME(PS) =    2567.000  TEMP(K) =   301.47  PRESS =     0.0
 Etot   =    -34360.0954  EKtot   =      9223.1416  EPtot      =    -43583.2370
 BOND   =       363.1373  ANGLE   =      1101.0239  DIHED      =      1358.6721
 1-4 NB =       469.5129  1-4 EEL =      6277.6900  VDWAALS    =      4784.6441
 EELEC  =    -57952.4147  EHBOND  =         0.0000  RESTRAINT  =        14.4973
 EAMBER (non-restraint)  =    -43597.7343
 ------------------------------------------------------------------------------

wrapping first mol.:       20.29907       28.70721       49.72235
wrapping first mol.:       20.29907       28.70721       49.72235

 NSTEP =    14000   TIME(PS) =    2568.000  TEMP(K) =   304.94  PRESS =     0.0
 Etot   =    -34382.2927  EKtot   =      9329.4111  EPtot      =    -43711.7038
 BOND   =       353.4140  ANGLE   =      1022.0839  DIHED      =      1361.9192
 1-4 NB =       439.5711  1-4 EEL =      6259.2326  VDWAALS    =      4797.9070
 EELEC  =    -57962.1035  EHBOND  =         0.0000  RESTRAINT  =        16.2718
 EAMBER (non-restraint)  =    -43727.9757
 ------------------------------------------------------------------------------

wrapping first mol.:       20.29907       28.70721       49.72235
wrapping first mol.:       20.29907       28.70721       49.72235

 NSTEP =    14500   TIME(PS) =    2569.000  TEMP(K) =   299.35  PRESS =     0.0
 Etot   =    -34391.1224  EKtot   =      9158.1602  EPtot      =    -43549.2825
 BOND   =       361.5405  ANGLE   =      1064.1473  DIHED      =      1351.4339
 1-4 NB =       444.6921  1-4 EEL =      6272.3317  VDWAALS    =      4805.1245
 EELEC  =    -57862.4504  EHBOND  =         0.0000  RESTRAINT  =        13.8979
 EAMBER (non-restraint)  =    -43563.1804
 ------------------------------------------------------------------------------

wrapping first mol.:       20.29907       28.70721       49.72235
wrapping first mol.:       20.29907       28.70721       49.72235

 NSTEP =    15000   TIME(PS) =    2570.000  TEMP(K) =   300.64  PRESS =     0.0
 Etot   =    -34412.9101  EKtot   =      9197.7871  EPtot      =    -43610.6973
 BOND   =       356.0012  ANGLE   =      1042.7356  DIHED      =      1373.0934
 1-4 NB =       455.1475  1-4 EEL =      6314.8394  VDWAALS    =      4739.8044
 EELEC  =    -57906.3070  EHBOND  =         0.0000  RESTRAINT  =        13.9882
 EAMBER (non-restraint)  =    -43624.6855
 ------------------------------------------------------------------------------

wrapping first mol.:       20.29907       28.70721       49.72235
wrapping first mol.:       20.29907       28.70721       49.72235

 NSTEP =    15500   TIME(PS) =    2571.000  TEMP(K) =   300.48  PRESS =     0.0
 Etot   =    -34546.7087  EKtot   =      9192.8633  EPtot      =    -43739.5719
 BOND   =       337.7948  ANGLE   =      1051.7293  DIHED      =      1355.1949
 1-4 NB =       461.0537  1-4 EEL =      6249.9219  VDWAALS    =      4876.2974
 EELEC  =    -58088.2090  EHBOND  =         0.0000  RESTRAINT  =        16.6451
 EAMBER (non-restraint)  =    -43756.2170
 ------------------------------------------------------------------------------

wrapping first mol.:       20.29907       28.70721       49.72235
wrapping first mol.:       20.29907       28.70721       49.72235

 NSTEP =    16000   TIME(PS) =    2572.000  TEMP(K) =   300.98  PRESS =     0.0
 Etot   =    -34301.3396  EKtot   =      9207.9873  EPtot      =    -43509.3269
 BOND   =       374.4351  ANGLE   =      1047.4157  DIHED      =      1331.1537
 1-4 NB =       436.7755  1-4 EEL =      6269.1781  VDWAALS    =      4637.7376
 EELEC  =    -57623.9941  EHBOND  =         0.0000  RESTRAINT  =        17.9716
 EAMBER (non-restraint)  =    -43527.2985
 ------------------------------------------------------------------------------

wrapping first mol.:       20.29907       28.70721       49.72235
wrapping first mol.:       20.29907       28.70721       49.72235

 NSTEP =    16500   TIME(PS) =    2573.000  TEMP(K) =   301.67  PRESS =     0.0
 Etot   =    -34396.2097  EKtot   =      9229.3770  EPtot      =    -43625.5867
 BOND   =       348.1642  ANGLE   =      1084.0587  DIHED      =      1360.3591
 1-4 NB =       457.5136  1-4 EEL =      6251.7748  VDWAALS    =      4764.3841
 EELEC  =    -57906.0197  EHBOND  =         0.0000  RESTRAINT  =        14.1785
 EAMBER (non-restraint)  =    -43639.7652
 ------------------------------------------------------------------------------

wrapping first mol.:       20.29907       28.70721       49.72235
wrapping first mol.:       20.29907       28.70721       49.72235

 NSTEP =    17000   TIME(PS) =    2574.000  TEMP(K) =   298.22  PRESS =     0.0
 Etot   =    -34511.6584  EKtot   =      9123.5400  EPtot      =    -43635.1985
 BOND   =       352.3288  ANGLE   =      1073.8008  DIHED      =      1349.2328
 1-4 NB =       447.7276  1-4 EEL =      6283.5037  VDWAALS    =      4549.5822
 EELEC  =    -57710.5652  EHBOND  =         0.0000  RESTRAINT  =        19.1908
 EAMBER (non-restraint)  =    -43654.3893
 ------------------------------------------------------------------------------

wrapping first mol.:       20.29907       28.70721       49.72235
wrapping first mol.:       20.29907       28.70721       49.72235

 NSTEP =    17500   TIME(PS) =    2575.000  TEMP(K) =   302.87  PRESS =     0.0
 Etot   =    -34498.3147  EKtot   =      9266.0693  EPtot      =    -43764.3840
 BOND   =       346.6285  ANGLE   =      1047.1356  DIHED      =      1336.1949
 1-4 NB =       449.0415  1-4 EEL =      6275.4744  VDWAALS    =      4821.3947
 EELEC  =    -58057.7882  EHBOND  =         0.0000  RESTRAINT  =        17.5346
 EAMBER (non-restraint)  =    -43781.9186
 ------------------------------------------------------------------------------

wrapping first mol.:       20.29907       28.70721       49.72235
wrapping first mol.:       20.29907       28.70721       49.72235

 NSTEP =    18000   TIME(PS) =    2576.000  TEMP(K) =   299.77  PRESS =     0.0
 Etot   =    -34570.8161  EKtot   =      9171.1797  EPtot      =    -43741.9958
 BOND   =       356.4328  ANGLE   =      1070.7028  DIHED      =      1362.7804
 1-4 NB =       434.2555  1-4 EEL =      6247.9816  VDWAALS    =      4835.4165
 EELEC  =    -58066.0822  EHBOND  =         0.0000  RESTRAINT  =        16.5169
 EAMBER (non-restraint)  =    -43758.5127
 ------------------------------------------------------------------------------

wrapping first mol.:       20.29907       28.70721       49.72235
wrapping first mol.:       20.29907       28.70721       49.72235

 NSTEP =    18500   TIME(PS) =    2577.000  TEMP(K) =   301.41  PRESS =     0.0
 Etot   =    -34571.7281  EKtot   =      9221.1768  EPtot      =    -43792.9048
 BOND   =       378.8261  ANGLE   =      1080.0295  DIHED      =      1366.6417
 1-4 NB =       451.3803  1-4 EEL =      6252.6848  VDWAALS    =      4783.3290
 EELEC  =    -58123.8523  EHBOND  =         0.0000  RESTRAINT  =        18.0561
 EAMBER (non-restraint)  =    -43810.9609
 ------------------------------------------------------------------------------

wrapping first mol.:       20.29907       28.70721       49.72235
wrapping first mol.:       20.29907       28.70721       49.72235

 NSTEP =    19000   TIME(PS) =    2578.000  TEMP(K) =   299.88  PRESS =     0.0
 Etot   =    -34571.7796  EKtot   =      9174.3662  EPtot      =    -43746.1459
 BOND   =       363.0253  ANGLE   =      1097.2827  DIHED      =      1346.5997
 1-4 NB =       436.6859  1-4 EEL =      6250.7872  VDWAALS    =      4712.4341
 EELEC  =    -57970.3669  EHBOND  =         0.0000  RESTRAINT  =        17.4061
 EAMBER (non-restraint)  =    -43763.5519
 ------------------------------------------------------------------------------

wrapping first mol.:       20.29907       28.70721       49.72235
wrapping first mol.:       20.29907       28.70721       49.72235

 NSTEP =    19500   TIME(PS) =    2579.000  TEMP(K) =   301.20  PRESS =     0.0
 Etot   =    -34672.5518  EKtot   =      9214.8604  EPtot      =    -43887.4121
 BOND   =       347.8031  ANGLE   =      1054.5445  DIHED      =      1353.0053
 1-4 NB =       447.0104  1-4 EEL =      6306.4751  VDWAALS    =      4808.7067
 EELEC  =    -58223.1935  EHBOND  =         0.0000  RESTRAINT  =        18.2364
 EAMBER (non-restraint)  =    -43905.6485
 ------------------------------------------------------------------------------

wrapping first mol.:       20.29907       28.70721       49.72235
wrapping first mol.:       20.29907       28.70721       49.72235

 NSTEP =    20000   TIME(PS) =    2580.000  TEMP(K) =   298.93  PRESS =     0.0
 Etot   =    -34558.6692  EKtot   =      9145.5527  EPtot      =    -43704.2219
 BOND   =       361.9462  ANGLE   =      1071.3422  DIHED      =      1345.0916
 1-4 NB =       445.1182  1-4 EEL =      6274.1376  VDWAALS    =      4576.8280
 EELEC  =    -57793.3076  EHBOND  =         0.0000  RESTRAINT  =        14.6220
 EAMBER (non-restraint)  =    -43718.8439
 ------------------------------------------------------------------------------

wrapping first mol.:       20.29907       28.70721       49.72235
wrapping first mol.:       20.29907       28.70721       49.72235

 NSTEP =    20500   TIME(PS) =    2581.000  TEMP(K) =   297.14  PRESS =     0.0
 Etot   =    -34472.3336  EKtot   =      9090.7451  EPtot      =    -43563.0787
 BOND   =       373.0067  ANGLE   =      1117.4635  DIHED      =      1346.6895
 1-4 NB =       434.6088  1-4 EEL =      6264.7990  VDWAALS    =      4750.4579
 EELEC  =    -57868.7553  EHBOND  =         0.0000  RESTRAINT  =        18.6512
 EAMBER (non-restraint)  =    -43581.7299
 ------------------------------------------------------------------------------

wrapping first mol.:       20.29907       28.70721       49.72235
wrapping first mol.:       20.29907       28.70721       49.72235

 NSTEP =    21000   TIME(PS) =    2582.000  TEMP(K) =   302.03  PRESS =     0.0
 Etot   =    -34341.0302  EKtot   =      9240.3047  EPtot      =    -43581.3349
 BOND   =       357.8464  ANGLE   =      1102.6615  DIHED      =      1367.7726
 1-4 NB =       440.6230  1-4 EEL =      6263.9184  VDWAALS    =      4689.6871
 EELEC  =    -57821.1015  EHBOND  =         0.0000  RESTRAINT  =        17.2576
 EAMBER (non-restraint)  =    -43598.5925
 ------------------------------------------------------------------------------

wrapping first mol.:       20.29907       28.70721       49.72235
wrapping first mol.:       20.29907       28.70721       49.72235

 NSTEP =    21500   TIME(PS) =    2583.000  TEMP(K) =   300.73  PRESS =     0.0
 Etot   =    -34550.5959  EKtot   =      9200.4863  EPtot      =    -43751.0822
 BOND   =       377.7349  ANGLE   =      1066.0073  DIHED      =      1356.7724
 1-4 NB =       446.8064  1-4 EEL =      6274.2028  VDWAALS    =      4732.6687
 EELEC  =    -58021.9409  EHBOND  =         0.0000  RESTRAINT  =        16.6661
 EAMBER (non-restraint)  =    -43767.7483
 ------------------------------------------------------------------------------

wrapping first mol.:       20.29907       28.70721       49.72235
wrapping first mol.:       20.29907       28.70721       49.72235

 NSTEP =    22000   TIME(PS) =    2584.000  TEMP(K) =   298.30  PRESS =     0.0
 Etot   =    -34523.5195  EKtot   =      9126.1230  EPtot      =    -43649.6426
 BOND   =       345.7793  ANGLE   =      1071.4855  DIHED      =      1365.1166
 1-4 NB =       441.8617  1-4 EEL =      6263.1413  VDWAALS    =      4910.3986
 EELEC  =    -58062.6620  EHBOND  =         0.0000  RESTRAINT  =        15.2362
 EAMBER (non-restraint)  =    -43664.8788
 ------------------------------------------------------------------------------

wrapping first mol.:       20.29907       28.70721       49.72235
wrapping first mol.:       20.29907       28.70721       49.72235

 NSTEP =    22500   TIME(PS) =    2585.000  TEMP(K) =   301.42  PRESS =     0.0
 Etot   =    -34545.9934  EKtot   =      9221.6582  EPtot      =    -43767.6516
 BOND   =       333.1998  ANGLE   =      1069.8576  DIHED      =      1376.5402
 1-4 NB =       456.5795  1-4 EEL =      6261.7185  VDWAALS    =      4774.0487
 EELEC  =    -58055.8728  EHBOND  =         0.0000  RESTRAINT  =        16.2771
 EAMBER (non-restraint)  =    -43783.9287
 ------------------------------------------------------------------------------

wrapping first mol.:       20.29907       28.70721       49.72235
wrapping first mol.:       20.29907       28.70721       49.72235

 NSTEP =    23000   TIME(PS) =    2586.000  TEMP(K) =   303.32  PRESS =     0.0
 Etot   =    -34427.1361  EKtot   =      9279.7852  EPtot      =    -43706.9213
 BOND   =       367.0699  ANGLE   =      1060.0782  DIHED      =      1366.1035
 1-4 NB =       457.2799  1-4 EEL =      6252.8856  VDWAALS    =      4788.0466
 EELEC  =    -58013.5203  EHBOND  =         0.0000  RESTRAINT  =        15.1353
 EAMBER (non-restraint)  =    -43722.0566
 ------------------------------------------------------------------------------

wrapping first mol.:       20.29907       28.70721       49.72235
wrapping first mol.:       20.29907       28.70721       49.72235

 NSTEP =    23500   TIME(PS) =    2587.000  TEMP(K) =   296.79  PRESS =     0.0
 Etot   =    -34363.8817  EKtot   =      9079.9971  EPtot      =    -43443.8788
 BOND   =       346.5324  ANGLE   =      1102.3724  DIHED      =      1345.2479
 1-4 NB =       452.1752  1-4 EEL =      6250.6237  VDWAALS    =      4708.8304
 EELEC  =    -57668.2726  EHBOND  =         0.0000  RESTRAINT  =        18.6118
 EAMBER (non-restraint)  =    -43462.4906
 ------------------------------------------------------------------------------

wrapping first mol.:       20.29907       28.70721       49.72235
wrapping first mol.:       20.29907       28.70721       49.72235

 NSTEP =    24000   TIME(PS) =    2588.000  TEMP(K) =   301.59  PRESS =     0.0
 Etot   =    -34288.5924  EKtot   =      9226.6973  EPtot      =    -43515.2896
 BOND   =       349.3880  ANGLE   =      1090.6519  DIHED      =      1374.0067
 1-4 NB =       457.2874  1-4 EEL =      6281.2390  VDWAALS    =      4685.1431
 EELEC  =    -57770.0647  EHBOND  =         0.0000  RESTRAINT  =        17.0590
 EAMBER (non-restraint)  =    -43532.3487
 ------------------------------------------------------------------------------

wrapping first mol.:       20.29907       28.70721       49.72235
wrapping first mol.:       20.29907       28.70721       49.72235

 NSTEP =    24500   TIME(PS) =    2589.000  TEMP(K) =   295.90  PRESS =     0.0
 Etot   =    -34471.0570  EKtot   =      9052.5605  EPtot      =    -43523.6176
 BOND   =       334.0287  ANGLE   =      1090.5810  DIHED      =      1363.2084
 1-4 NB =       441.0627  1-4 EEL =      6270.0268  VDWAALS    =      4780.6686
 EELEC  =    -57819.7102  EHBOND  =         0.0000  RESTRAINT  =        16.5164
 EAMBER (non-restraint)  =    -43540.1340
 ------------------------------------------------------------------------------

wrapping first mol.:       20.29907       28.70721       49.72235
wrapping first mol.:       20.29907       28.70721       49.72235

 NSTEP =    25000   TIME(PS) =    2590.000  TEMP(K) =   295.94  PRESS =     0.0
 Etot   =    -34274.1695  EKtot   =      9053.8789  EPtot      =    -43328.0484
 BOND   =       394.0263  ANGLE   =      1070.2425  DIHED      =      1370.9703
 1-4 NB =       439.9903  1-4 EEL =      6232.5902  VDWAALS    =      4674.6918
 EELEC  =    -57525.7094  EHBOND  =         0.0000  RESTRAINT  =        15.1496
 EAMBER (non-restraint)  =    -43343.1981
 ------------------------------------------------------------------------------

wrapping first mol.:       20.29907       28.70721       49.72235
wrapping first mol.:       20.29907       28.70721       49.72235

 NSTEP =    25500   TIME(PS) =    2591.000  TEMP(K) =   300.41  PRESS =     0.0
 Etot   =    -34443.6413  EKtot   =      9190.7588  EPtot      =    -43634.4001
 BOND   =       329.9748  ANGLE   =      1055.2084  DIHED      =      1370.9986
 1-4 NB =       450.2873  1-4 EEL =      6250.7603  VDWAALS    =      4652.9683
 EELEC  =    -57759.6306  EHBOND  =         0.0000  RESTRAINT  =        15.0328
 EAMBER (non-restraint)  =    -43649.4329
 ------------------------------------------------------------------------------

wrapping first mol.:       20.29907       28.70721       49.72235
wrapping first mol.:       20.29907       28.70721       49.72235

 NSTEP =    26000   TIME(PS) =    2592.000  TEMP(K) =   301.43  PRESS =     0.0
 Etot   =    -34398.0394  EKtot   =      9221.9736  EPtot      =    -43620.0130
 BOND   =       365.5629  ANGLE   =      1087.3419  DIHED      =      1346.7854
 1-4 NB =       432.4484  1-4 EEL =      6242.5007  VDWAALS    =      4842.2812
 EELEC  =    -57951.9330  EHBOND  =         0.0000  RESTRAINT  =        14.9996
 EAMBER (non-restraint)  =    -43635.0126
 ------------------------------------------------------------------------------

wrapping first mol.:       20.29907       28.70721       49.72235
wrapping first mol.:       20.29907       28.70721       49.72235

 NSTEP =    26500   TIME(PS) =    2593.000  TEMP(K) =   304.34  PRESS =     0.0
 Etot   =    -34395.9154  EKtot   =      9311.0176  EPtot      =    -43706.9330
 BOND   =       371.8506  ANGLE   =      1071.7764  DIHED      =      1355.5865
 1-4 NB =       435.3918  1-4 EEL =      6272.1215  VDWAALS    =      4774.3985
 EELEC  =    -58002.8046  EHBOND  =         0.0000  RESTRAINT  =        14.7464
 EAMBER (non-restraint)  =    -43721.6794
 ------------------------------------------------------------------------------

wrapping first mol.:       20.29907       28.70721       49.72235
wrapping first mol.:       20.29907       28.70721       49.72235

 NSTEP =    27000   TIME(PS) =    2594.000  TEMP(K) =   300.71  PRESS =     0.0
 Etot   =    -34431.5488  EKtot   =      9199.9570  EPtot      =    -43631.5058
 BOND   =       378.8067  ANGLE   =      1070.5992  DIHED      =      1382.8813
 1-4 NB =       426.5103  1-4 EEL =      6283.8042  VDWAALS    =      4742.0623
 EELEC  =    -57930.1596  EHBOND  =         0.0000  RESTRAINT  =        13.9898
 EAMBER (non-restraint)  =    -43645.4956
 ------------------------------------------------------------------------------

wrapping first mol.:       20.29907       28.70721       49.72235
wrapping first mol.:       20.29907       28.70721       49.72235

 NSTEP =    27500   TIME(PS) =    2595.000  TEMP(K) =   295.25  PRESS =     0.0
 Etot   =    -34749.7759  EKtot   =      9032.7344  EPtot      =    -43782.5102
 BOND   =       338.2262  ANGLE   =      1045.3950  DIHED      =      1347.9183
 1-4 NB =       441.2237  1-4 EEL =      6287.4219  VDWAALS    =      4817.0738
 EELEC  =    -58074.1468  EHBOND  =         0.0000  RESTRAINT  =        14.3777
 EAMBER (non-restraint)  =    -43796.8879
 ------------------------------------------------------------------------------

wrapping first mol.:       20.29907       28.70721       49.72235
wrapping first mol.:       20.29907       28.70721       49.72235

 NSTEP =    28000   TIME(PS) =    2596.000  TEMP(K) =   305.09  PRESS =     0.0
 Etot   =    -34258.7097  EKtot   =      9333.8809  EPtot      =    -43592.5906
 BOND   =       337.0973  ANGLE   =      1059.6702  DIHED      =      1362.2411
 1-4 NB =       440.2729  1-4 EEL =      6275.7746  VDWAALS    =      4688.5906
 EELEC  =    -57773.8986  EHBOND  =         0.0000  RESTRAINT  =        17.6613
 EAMBER (non-restraint)  =    -43610.2519
 ------------------------------------------------------------------------------

wrapping first mol.:       20.29907       28.70721       49.72235
wrapping first mol.:       20.29907       28.70721       49.72235

 NSTEP =    28500   TIME(PS) =    2597.000  TEMP(K) =   298.93  PRESS =     0.0
 Etot   =    -34620.1311  EKtot   =      9145.4453  EPtot      =    -43765.5764
 BOND   =       374.2816  ANGLE   =      1066.0926  DIHED      =      1372.2141
 1-4 NB =       446.8116  1-4 EEL =      6305.2365  VDWAALS    =      4752.6290
 EELEC  =    -58096.8326  EHBOND  =         0.0000  RESTRAINT  =        13.9907
 EAMBER (non-restraint)  =    -43779.5672
 ------------------------------------------------------------------------------

wrapping first mol.:       20.29907       28.70721       49.72235
wrapping first mol.:       20.29907       28.70721       49.72235

 NSTEP =    29000   TIME(PS) =    2598.000  TEMP(K) =   296.97  PRESS =     0.0
 Etot   =    -34623.7232  EKtot   =      9085.5156  EPtot      =    -43709.2388
 BOND   =       334.1279  ANGLE   =      1044.4844  DIHED      =      1339.2018
 1-4 NB =       451.4988  1-4 EEL =      6265.8110  VDWAALS    =      4675.3945
 EELEC  =    -57835.8911  EHBOND  =         0.0000  RESTRAINT  =        16.1340
 EAMBER (non-restraint)  =    -43725.3728
 ------------------------------------------------------------------------------

wrapping first mol.:       20.29907       28.70721       49.72235
wrapping first mol.:       20.29907       28.70721       49.72235

 NSTEP =    29500   TIME(PS) =    2599.000  TEMP(K) =   300.16  PRESS =     0.0
 Etot   =    -34491.1989  EKtot   =      9183.1318  EPtot      =    -43674.3308
 BOND   =       338.8751  ANGLE   =      1054.5321  DIHED      =      1350.9423
 1-4 NB =       444.0334  1-4 EEL =      6245.1912  VDWAALS    =      4827.8441
 EELEC  =    -57953.4483  EHBOND  =         0.0000  RESTRAINT  =        17.6994
 EAMBER (non-restraint)  =    -43692.0302
 ------------------------------------------------------------------------------

wrapping first mol.:       20.29907       28.70721       49.72235
wrapping first mol.:       20.29907       28.70721       49.72235

 NSTEP =    30000   TIME(PS) =    2600.000  TEMP(K) =   296.25  PRESS =     0.0
 Etot   =    -34457.1360  EKtot   =      9063.4512  EPtot      =    -43520.5872
 BOND   =       358.1952  ANGLE   =      1055.1639  DIHED      =      1380.4492
 1-4 NB =       444.4039  1-4 EEL =      6281.1988  VDWAALS    =      4766.3700
 EELEC  =    -57820.4950  EHBOND  =         0.0000  RESTRAINT  =        14.1268
 EAMBER (non-restraint)  =    -43534.7140
 ------------------------------------------------------------------------------

wrapping first mol.:       20.29907       28.70721       49.72235
wrapping first mol.:       20.29907       28.70721       49.72235

 NSTEP =    30500   TIME(PS) =    2601.000  TEMP(K) =   301.34  PRESS =     0.0
 Etot   =    -34493.5539  EKtot   =      9219.1855  EPtot      =    -43712.7394
 BOND   =       380.9805  ANGLE   =      1062.1550  DIHED      =      1329.4825
 1-4 NB =       429.0707  1-4 EEL =      6314.3651  VDWAALS    =      4850.9488
 EELEC  =    -58092.7262  EHBOND  =         0.0000  RESTRAINT  =        12.9843
 EAMBER (non-restraint)  =    -43725.7237
 ------------------------------------------------------------------------------

wrapping first mol.:       20.29907       28.70721       49.72235
wrapping first mol.:       20.29907       28.70721       49.72235

 NSTEP =    31000   TIME(PS) =    2602.000  TEMP(K) =   299.13  PRESS =     0.0
 Etot   =    -34362.8071  EKtot   =      9151.5439  EPtot      =    -43514.3511
 BOND   =       373.7403  ANGLE   =      1119.9873  DIHED      =      1334.4762
 1-4 NB =       426.2026  1-4 EEL =      6239.3582  VDWAALS    =      4556.1390
 EELEC  =    -57576.2089  EHBOND  =         0.0000  RESTRAINT  =        11.9542
 EAMBER (non-restraint)  =    -43526.3052
 ------------------------------------------------------------------------------

wrapping first mol.:       20.29907       28.70721       49.72235
wrapping first mol.:       20.29907       28.70721       49.72235

 NSTEP =    31500   TIME(PS) =    2603.000  TEMP(K) =   295.42  PRESS =     0.0
 Etot   =    -34586.5978  EKtot   =      9037.9346  EPtot      =    -43624.5324
 BOND   =       396.9007  ANGLE   =      1105.5053  DIHED      =      1340.0783
 1-4 NB =       441.6484  1-4 EEL =      6235.5061  VDWAALS    =      4729.7161
 EELEC  =    -57889.8012  EHBOND  =         0.0000  RESTRAINT  =        15.9141
 EAMBER (non-restraint)  =    -43640.4464
 ------------------------------------------------------------------------------

wrapping first mol.:       20.29907       28.70721       49.72235
wrapping first mol.:       20.29907       28.70721       49.72235

 NSTEP =    32000   TIME(PS) =    2604.000  TEMP(K) =   301.86  PRESS =     0.0
 Etot   =    -34624.3926  EKtot   =      9235.1553  EPtot      =    -43859.5479
 BOND   =       369.5662  ANGLE   =      1067.4064  DIHED      =      1344.7375
 1-4 NB =       441.5645  1-4 EEL =      6251.6267  VDWAALS    =      4691.2218
 EELEC  =    -58040.7206  EHBOND  =         0.0000  RESTRAINT  =        15.0495
 EAMBER (non-restraint)  =    -43874.5975
 ------------------------------------------------------------------------------

wrapping first mol.:       20.29907       28.70721       49.72235
wrapping first mol.:       20.29907       28.70721       49.72235

 NSTEP =    32500   TIME(PS) =    2605.000  TEMP(K) =   300.13  PRESS =     0.0
 Etot   =    -34500.2094  EKtot   =      9182.1650  EPtot      =    -43682.3744
 BOND   =       368.3347  ANGLE   =      1086.2725  DIHED      =      1363.4260
 1-4 NB =       426.8754  1-4 EEL =      6250.9420  VDWAALS    =      4850.2213
 EELEC  =    -58042.9829  EHBOND  =         0.0000  RESTRAINT  =        14.5365
 EAMBER (non-restraint)  =    -43696.9109
 ------------------------------------------------------------------------------

wrapping first mol.:       20.29907       28.70721       49.72235
wrapping first mol.:       20.29907       28.70721       49.72235

 NSTEP =    33000   TIME(PS) =    2606.000  TEMP(K) =   299.31  PRESS =     0.0
 Etot   =    -34540.4242  EKtot   =      9157.0488  EPtot      =    -43697.4730
 BOND   =       361.5562  ANGLE   =      1065.6919  DIHED      =      1364.8995
 1-4 NB =       449.1025  1-4 EEL =      6258.3735  VDWAALS    =      4781.1336
 EELEC  =    -57991.2966  EHBOND  =         0.0000  RESTRAINT  =        13.0664
 EAMBER (non-restraint)  =    -43710.5394
 ------------------------------------------------------------------------------

wrapping first mol.:       20.29907       28.70721       49.72235
wrapping first mol.:       20.29907       28.70721       49.72235

 NSTEP =    33500   TIME(PS) =    2607.000  TEMP(K) =   301.57  PRESS =     0.0
 Etot   =    -34351.4700  EKtot   =      9226.3174  EPtot      =    -43577.7873
 BOND   =       335.9350  ANGLE   =      1084.7220  DIHED      =      1388.3896
 1-4 NB =       474.6289  1-4 EEL =      6277.4200  VDWAALS    =      4625.7825
 EELEC  =    -57778.9763  EHBOND  =         0.0000  RESTRAINT  =        14.3110
 EAMBER (non-restraint)  =    -43592.0983
 ------------------------------------------------------------------------------

wrapping first mol.:       20.29907       28.70721       49.72235
wrapping first mol.:       20.29907       28.70721       49.72235

 NSTEP =    34000   TIME(PS) =    2608.000  TEMP(K) =   297.23  PRESS =     0.0
 Etot   =    -34574.2723  EKtot   =      9093.3145  EPtot      =    -43667.5867
 BOND   =       367.1675  ANGLE   =      1067.0128  DIHED      =      1352.7925
 1-4 NB =       449.4125  1-4 EEL =      6285.5130  VDWAALS    =      4726.2474
 EELEC  =    -57932.6101  EHBOND  =         0.0000  RESTRAINT  =        16.8777
 EAMBER (non-restraint)  =    -43684.4644
 ------------------------------------------------------------------------------

wrapping first mol.:       20.29907       28.70721       49.72235
wrapping first mol.:       20.29907       28.70721       49.72235

 NSTEP =    34500   TIME(PS) =    2609.000  TEMP(K) =   300.06  PRESS =     0.0
 Etot   =    -34352.6770  EKtot   =      9179.8945  EPtot      =    -43532.5715
 BOND   =       365.6475  ANGLE   =      1065.2187  DIHED      =      1363.2949
 1-4 NB =       447.7046  1-4 EEL =      6259.3977  VDWAALS    =      4736.0212
 EELEC  =    -57783.9062  EHBOND  =         0.0000  RESTRAINT  =        14.0501
 EAMBER (non-restraint)  =    -43546.6217
 ------------------------------------------------------------------------------

wrapping first mol.:       20.29907       28.70721       49.72235
wrapping first mol.:       20.29907       28.70721       49.72235

 NSTEP =    35000   TIME(PS) =    2610.000  TEMP(K) =   299.78  PRESS =     0.0
 Etot   =    -34454.3708  EKtot   =      9171.3447  EPtot      =    -43625.7155
 BOND   =       361.6107  ANGLE   =      1066.4257  DIHED      =      1339.1686
 1-4 NB =       438.5216  1-4 EEL =      6256.8643  VDWAALS    =      4799.2197
 EELEC  =    -57901.3324  EHBOND  =         0.0000  RESTRAINT  =        13.8063
 EAMBER (non-restraint)  =    -43639.5218
 ------------------------------------------------------------------------------

wrapping first mol.:       20.29907       28.70721       49.72235
wrapping first mol.:       20.29907       28.70721       49.72235

 NSTEP =    35500   TIME(PS) =    2611.000  TEMP(K) =   298.09  PRESS =     0.0
 Etot   =    -34661.6705  EKtot   =      9119.7695  EPtot      =    -43781.4400
 BOND   =       335.7379  ANGLE   =      1030.8029  DIHED      =      1348.1265
 1-4 NB =       452.0625  1-4 EEL =      6295.6761  VDWAALS    =      4904.7717
 EELEC  =    -58162.8181  EHBOND  =         0.0000  RESTRAINT  =        14.2006
 EAMBER (non-restraint)  =    -43795.6406
 ------------------------------------------------------------------------------

wrapping first mol.:       20.29907       28.70721       49.72235
wrapping first mol.:       20.29907       28.70721       49.72235

 NSTEP =    36000   TIME(PS) =    2612.000  TEMP(K) =   295.45  PRESS =     0.0
 Etot   =    -34567.3592  EKtot   =      9038.8760  EPtot      =    -43606.2352
 BOND   =       364.4568  ANGLE   =      1070.0778  DIHED      =      1347.6372
 1-4 NB =       452.9757  1-4 EEL =      6250.5175  VDWAALS    =      4895.4801
 EELEC  =    -58003.7707  EHBOND  =         0.0000  RESTRAINT  =        16.3905
 EAMBER (non-restraint)  =    -43622.6256
 ------------------------------------------------------------------------------

wrapping first mol.:       20.29907       28.70721       49.72235
wrapping first mol.:       20.29907       28.70721       49.72235

 NSTEP =    36500   TIME(PS) =    2613.000  TEMP(K) =   302.84  PRESS =     0.0
 Etot   =    -34327.4168  EKtot   =      9264.9229  EPtot      =    -43592.3396
 BOND   =       358.8643  ANGLE   =      1075.0953  DIHED      =      1346.8895
 1-4 NB =       452.8370  1-4 EEL =      6273.0084  VDWAALS    =      4856.8266
 EELEC  =    -57972.1747  EHBOND  =         0.0000  RESTRAINT  =        16.3139
 EAMBER (non-restraint)  =    -43608.6535
 ------------------------------------------------------------------------------

wrapping first mol.:       20.29907       28.70721       49.72235
wrapping first mol.:       20.29907       28.70721       49.72235

 NSTEP =    37000   TIME(PS) =    2614.000  TEMP(K) =   297.12  PRESS =     0.0
 Etot   =    -34562.4062  EKtot   =      9090.1709  EPtot      =    -43652.5771
 BOND   =       396.9848  ANGLE   =      1078.8656  DIHED      =      1360.7522
 1-4 NB =       428.1538  1-4 EEL =      6238.5865  VDWAALS    =      4710.9517
 EELEC  =    -57884.1177  EHBOND  =         0.0000  RESTRAINT  =        17.2458
 EAMBER (non-restraint)  =    -43669.8229
 ------------------------------------------------------------------------------

wrapping first mol.:       20.29907       28.70721       49.72235
wrapping first mol.:       20.29907       28.70721       49.72235

 NSTEP =    37500   TIME(PS) =    2615.000  TEMP(K) =   301.82  PRESS =     0.0
 Etot   =    -34442.7282  EKtot   =      9233.7061  EPtot      =    -43676.4342
 BOND   =       381.4430  ANGLE   =      1060.5076  DIHED      =      1333.0334
 1-4 NB =       440.4550  1-4 EEL =      6282.9034  VDWAALS    =      4641.2424
 EELEC  =    -57830.8865  EHBOND  =         0.0000  RESTRAINT  =        14.8675
 EAMBER (non-restraint)  =    -43691.3017
 ------------------------------------------------------------------------------

wrapping first mol.:       20.29907       28.70721       49.72235
wrapping first mol.:       20.29907       28.70721       49.72235

 NSTEP =    38000   TIME(PS) =    2616.000  TEMP(K) =   300.57  PRESS =     0.0
 Etot   =    -34493.2159  EKtot   =      9195.5508  EPtot      =    -43688.7667
 BOND   =       361.8697  ANGLE   =      1083.4188  DIHED      =      1342.7449
 1-4 NB =       442.5547  1-4 EEL =      6298.0321  VDWAALS    =      4767.2205
 EELEC  =    -58000.9645  EHBOND  =         0.0000  RESTRAINT  =        16.3570
 EAMBER (non-restraint)  =    -43705.1237
 ------------------------------------------------------------------------------

wrapping first mol.:       20.29907       28.70721       49.72235
wrapping first mol.:       20.29907       28.70721       49.72235

 NSTEP =    38500   TIME(PS) =    2617.000  TEMP(K) =   299.94  PRESS =     0.0
 Etot   =    -34384.7277  EKtot   =      9176.1572  EPtot      =    -43560.8850
 BOND   =       365.6198  ANGLE   =      1015.7993  DIHED      =      1331.9322
 1-4 NB =       448.9021  1-4 EEL =      6279.5497  VDWAALS    =      4640.2388
 EELEC  =    -57657.0782  EHBOND  =         0.0000  RESTRAINT  =        14.1514
 EAMBER (non-restraint)  =    -43575.0364
 ------------------------------------------------------------------------------

wrapping first mol.:       20.29907       28.70721       49.72235
wrapping first mol.:       20.29907       28.70721       49.72235

 NSTEP =    39000   TIME(PS) =    2618.000  TEMP(K) =   300.39  PRESS =     0.0
 Etot   =    -34396.2287  EKtot   =      9189.9248  EPtot      =    -43586.1535
 BOND   =       350.8712  ANGLE   =      1063.6022  DIHED      =      1367.3070
 1-4 NB =       444.5168  1-4 EEL =      6234.6854  VDWAALS    =      4558.6387
 EELEC  =    -57620.1565  EHBOND  =         0.0000  RESTRAINT  =        14.3818
 EAMBER (non-restraint)  =    -43600.5352
 ------------------------------------------------------------------------------

wrapping first mol.:       20.29907       28.70721       49.72235
wrapping first mol.:       20.29907       28.70721       49.72235

 NSTEP =    39500   TIME(PS) =    2619.000  TEMP(K) =   302.88  PRESS =     0.0
 Etot   =    -34387.4214  EKtot   =      9266.3984  EPtot      =    -43653.8199
 BOND   =       361.6940  ANGLE   =      1048.5189  DIHED      =      1334.0517
 1-4 NB =       433.6060  1-4 EEL =      6273.5641  VDWAALS    =      4712.1391
 EELEC  =    -57830.4911  EHBOND  =         0.0000  RESTRAINT  =        13.0974
 EAMBER (non-restraint)  =    -43666.9173
 ------------------------------------------------------------------------------

wrapping first mol.:       20.29907       28.70721       49.72235
wrapping first mol.:       20.29907       28.70721       49.72235

 NSTEP =    40000   TIME(PS) =    2620.000  TEMP(K) =   302.97  PRESS =     0.0
 Etot   =    -34381.0189  EKtot   =      9268.9326  EPtot      =    -43649.9515
 BOND   =       354.0392  ANGLE   =      1079.8646  DIHED      =      1348.8389
 1-4 NB =       441.6016  1-4 EEL =      6276.3315  VDWAALS    =      4864.5768
 EELEC  =    -58027.9852  EHBOND  =         0.0000  RESTRAINT  =        12.7809
 EAMBER (non-restraint)  =    -43662.7325
 ------------------------------------------------------------------------------

wrapping first mol.:       20.29907       28.70721       49.72235
wrapping first mol.:       20.29907       28.70721       49.72235

 NSTEP =    40500   TIME(PS) =    2621.000  TEMP(K) =   303.14  PRESS =     0.0
 Etot   =    -34507.0642  EKtot   =      9274.1250  EPtot      =    -43781.1892
 BOND   =       372.2983  ANGLE   =      1036.2659  DIHED      =      1385.3466
 1-4 NB =       438.9021  1-4 EEL =      6272.6985  VDWAALS    =      4769.8841
 EELEC  =    -58071.6895  EHBOND  =         0.0000  RESTRAINT  =        15.1046
 EAMBER (non-restraint)  =    -43796.2938
 ------------------------------------------------------------------------------

wrapping first mol.:       20.29907       28.70721       49.72235
wrapping first mol.:       20.29907       28.70721       49.72235

 NSTEP =    41000   TIME(PS) =    2622.000  TEMP(K) =   299.73  PRESS =     0.0
 Etot   =    -34526.6095  EKtot   =      9169.7910  EPtot      =    -43696.4005
 BOND   =       340.4008  ANGLE   =      1073.9322  DIHED      =      1347.8819
 1-4 NB =       451.7873  1-4 EEL =      6271.9298  VDWAALS    =      4829.1298
 EELEC  =    -58022.2302  EHBOND  =         0.0000  RESTRAINT  =        10.7680
 EAMBER (non-restraint)  =    -43707.1685
 ------------------------------------------------------------------------------

wrapping first mol.:       20.29907       28.70721       49.72235
wrapping first mol.:       20.29907       28.70721       49.72235

 NSTEP =    41500   TIME(PS) =    2623.000  TEMP(K) =   297.35  PRESS =     0.0
 Etot   =    -34510.8063  EKtot   =      9097.0205  EPtot      =    -43607.8268
 BOND   =       352.2557  ANGLE   =      1088.0898  DIHED      =      1353.7647
 1-4 NB =       434.6894  1-4 EEL =      6279.8705  VDWAALS    =      4819.5246
 EELEC  =    -57949.8918  EHBOND  =         0.0000  RESTRAINT  =        13.8702
 EAMBER (non-restraint)  =    -43621.6971
 ------------------------------------------------------------------------------

wrapping first mol.:       20.29907       28.70721       49.72235
wrapping first mol.:       20.29907       28.70721       49.72235

 NSTEP =    42000   TIME(PS) =    2624.000  TEMP(K) =   306.09  PRESS =     0.0
 Etot   =    -34375.6789  EKtot   =      9364.3076  EPtot      =    -43739.9865
 BOND   =       358.2058  ANGLE   =      1089.7356  DIHED      =      1348.4988
 1-4 NB =       441.6128  1-4 EEL =      6226.5369  VDWAALS    =      4617.7280
 EELEC  =    -57837.5004  EHBOND  =         0.0000  RESTRAINT  =        15.1958
 EAMBER (non-restraint)  =    -43755.1823
 ------------------------------------------------------------------------------

wrapping first mol.:       20.29907       28.70721       49.72235
wrapping first mol.:       20.29907       28.70721       49.72235

 NSTEP =    42500   TIME(PS) =    2625.000  TEMP(K) =   297.71  PRESS =     0.0
 Etot   =    -34452.5089  EKtot   =      9108.2324  EPtot      =    -43560.7413
 BOND   =       356.0564  ANGLE   =      1054.0758  DIHED      =      1344.8944
 1-4 NB =       443.7626  1-4 EEL =      6281.4705  VDWAALS    =      4855.8771
 EELEC  =    -57912.7133  EHBOND  =         0.0000  RESTRAINT  =        15.8352
 EAMBER (non-restraint)  =    -43576.5765
 ------------------------------------------------------------------------------

wrapping first mol.:       20.29907       28.70721       49.72235
wrapping first mol.:       20.29907       28.70721       49.72235

 NSTEP =    43000   TIME(PS) =    2626.000  TEMP(K) =   296.14  PRESS =     0.0
 Etot   =    -34668.7849  EKtot   =      9060.1104  EPtot      =    -43728.8952
 BOND   =       370.2879  ANGLE   =      1068.6992  DIHED      =      1350.0669
 1-4 NB =       453.4031  1-4 EEL =      6285.6669  VDWAALS    =      4693.6548
 EELEC  =    -57964.6650  EHBOND  =         0.0000  RESTRAINT  =        13.9910
 EAMBER (non-restraint)  =    -43742.8862
 ------------------------------------------------------------------------------

wrapping first mol.:       20.29907       28.70721       49.72235
wrapping first mol.:       20.29907       28.70721       49.72235

 NSTEP =    43500   TIME(PS) =    2627.000  TEMP(K) =   301.28  PRESS =     0.0
 Etot   =    -34469.8218  EKtot   =      9217.1963  EPtot      =    -43687.0180
 BOND   =       365.7556  ANGLE   =      1048.9256  DIHED      =      1354.9435
 1-4 NB =       452.6941  1-4 EEL =      6266.0170  VDWAALS    =      4704.9394
 EELEC  =    -57896.5148  EHBOND  =         0.0000  RESTRAINT  =        16.2214
 EAMBER (non-restraint)  =    -43703.2395
 ------------------------------------------------------------------------------

wrapping first mol.:       20.29907       28.70721       49.72235
wrapping first mol.:       20.29907       28.70721       49.72235

 NSTEP =    44000   TIME(PS) =    2628.000  TEMP(K) =   298.60  PRESS =     0.0
 Etot   =    -34505.4816  EKtot   =      9135.2061  EPtot      =    -43640.6876
 BOND   =       372.7709  ANGLE   =      1046.9744  DIHED      =      1374.4462
 1-4 NB =       442.5285  1-4 EEL =      6243.6198  VDWAALS    =      4669.5750
 EELEC  =    -57809.8374  EHBOND  =         0.0000  RESTRAINT  =        19.2349
 EAMBER (non-restraint)  =    -43659.9225
 ------------------------------------------------------------------------------

wrapping first mol.:       20.29907       28.70721       49.72235
wrapping first mol.:       20.29907       28.70721       49.72235

 NSTEP =    44500   TIME(PS) =    2629.000  TEMP(K) =   300.62  PRESS =     0.0
 Etot   =    -34393.1464  EKtot   =      9197.2529  EPtot      =    -43590.3994
 BOND   =       366.6890  ANGLE   =      1080.2067  DIHED      =      1361.9832
 1-4 NB =       436.2586  1-4 EEL =      6272.0501  VDWAALS    =      4492.6353
 EELEC  =    -57621.8570  EHBOND  =         0.0000  RESTRAINT  =        21.6348
 EAMBER (non-restraint)  =    -43612.0342
 ------------------------------------------------------------------------------

wrapping first mol.:       20.29907       28.70721       49.72235
wrapping first mol.:       20.29907       28.70721       49.72235

 NSTEP =    45000   TIME(PS) =    2630.000  TEMP(K) =   303.14  PRESS =     0.0
 Etot   =    -34180.8339  EKtot   =      9274.1484  EPtot      =    -43454.9824
 BOND   =       372.0152  ANGLE   =      1025.2049  DIHED      =      1368.9599
 1-4 NB =       437.8954  1-4 EEL =      6251.6298  VDWAALS    =      4773.3827
 EELEC  =    -57702.9373  EHBOND  =         0.0000  RESTRAINT  =        18.8671
 EAMBER (non-restraint)  =    -43473.8494
 ------------------------------------------------------------------------------

wrapping first mol.:       20.29907       28.70721       49.72235
wrapping first mol.:       20.29907       28.70721       49.72235

 NSTEP =    45500   TIME(PS) =    2631.000  TEMP(K) =   305.94  PRESS =     0.0
 Etot   =    -34199.1453  EKtot   =      9359.8711  EPtot      =    -43559.0164
 BOND   =       365.7291  ANGLE   =      1058.0820  DIHED      =      1357.3979
 1-4 NB =       456.5745  1-4 EEL =      6280.0872  VDWAALS    =      4701.2581
 EELEC  =    -57794.3190  EHBOND  =         0.0000  RESTRAINT  =        16.1738
 EAMBER (non-restraint)  =    -43575.1902
 ------------------------------------------------------------------------------

wrapping first mol.:       20.29907       28.70721       49.72235
wrapping first mol.:       20.29907       28.70721       49.72235

 NSTEP =    46000   TIME(PS) =    2632.000  TEMP(K) =   295.72  PRESS =     0.0
 Etot   =    -34626.8195  EKtot   =      9047.0605  EPtot      =    -43673.8800
 BOND   =       353.2379  ANGLE   =      1091.4674  DIHED      =      1364.3789
 1-4 NB =       442.0069  1-4 EEL =      6292.4683  VDWAALS    =      4626.9966
 EELEC  =    -57863.9573  EHBOND  =         0.0000  RESTRAINT  =        19.5214
 EAMBER (non-restraint)  =    -43693.4015
 ------------------------------------------------------------------------------

wrapping first mol.:       20.29907       28.70721       49.72235
wrapping first mol.:       20.29907       28.70721       49.72235

 NSTEP =    46500   TIME(PS) =    2633.000  TEMP(K) =   301.34  PRESS =     0.0
 Etot   =    -34422.7935  EKtot   =      9219.2832  EPtot      =    -43642.0767
 BOND   =       377.4864  ANGLE   =      1091.7613  DIHED      =      1329.3944
 1-4 NB =       453.0828  1-4 EEL =      6306.3868  VDWAALS    =      4845.3616
 EELEC  =    -58063.1589  EHBOND  =         0.0000  RESTRAINT  =        17.6089
 EAMBER (non-restraint)  =    -43659.6856
 ------------------------------------------------------------------------------

wrapping first mol.:       20.29907       28.70721       49.72235
wrapping first mol.:       20.29907       28.70721       49.72235

 NSTEP =    47000   TIME(PS) =    2634.000  TEMP(K) =   300.78  PRESS =     0.0
 Etot   =    -34583.5380  EKtot   =      9201.9570  EPtot      =    -43785.4950
 BOND   =       355.6224  ANGLE   =      1063.7521  DIHED      =      1323.6464
 1-4 NB =       451.3573  1-4 EEL =      6270.9075  VDWAALS    =      4710.3208
 EELEC  =    -57979.6388  EHBOND  =         0.0000  RESTRAINT  =        18.5374
 EAMBER (non-restraint)  =    -43804.0324
 ------------------------------------------------------------------------------

wrapping first mol.:       20.29907       28.70721       49.72235
wrapping first mol.:       20.29907       28.70721       49.72235

 NSTEP =    47500   TIME(PS) =    2635.000  TEMP(K) =   297.94  PRESS =     0.0
 Etot   =    -34525.0249  EKtot   =      9115.1650  EPtot      =    -43640.1899
 BOND   =       344.0022  ANGLE   =      1052.3525  DIHED      =      1380.8356
 1-4 NB =       453.3306  1-4 EEL =      6324.5594  VDWAALS    =      4777.9022
 EELEC  =    -57989.2523  EHBOND  =         0.0000  RESTRAINT  =        16.0798
 EAMBER (non-restraint)  =    -43656.2697
 ------------------------------------------------------------------------------

wrapping first mol.:       20.29907       28.70721       49.72235
wrapping first mol.:       20.29907       28.70721       49.72235

 NSTEP =    48000   TIME(PS) =    2636.000  TEMP(K) =   302.27  PRESS =     0.0
 Etot   =    -34259.4641  EKtot   =      9247.7393  EPtot      =    -43507.2034
 BOND   =       354.2068  ANGLE   =      1103.8560  DIHED      =      1388.6044
 1-4 NB =       441.6201  1-4 EEL =      6260.8005  VDWAALS    =      4626.7586
 EELEC  =    -57698.3559  EHBOND  =         0.0000  RESTRAINT  =        15.3062
 EAMBER (non-restraint)  =    -43522.5096
 ------------------------------------------------------------------------------

wrapping first mol.:       20.29907       28.70721       49.72235
wrapping first mol.:       20.29907       28.70721       49.72235

 NSTEP =    48500   TIME(PS) =    2637.000  TEMP(K) =   301.02  PRESS =     0.0
 Etot   =    -34367.1215  EKtot   =      9209.4922  EPtot      =    -43576.6136
 BOND   =       366.8138  ANGLE   =      1051.9651  DIHED      =      1342.7711
 1-4 NB =       446.8807  1-4 EEL =      6292.4340  VDWAALS    =      4724.4857
 EELEC  =    -57815.3178  EHBOND  =         0.0000  RESTRAINT  =        13.3538
 EAMBER (non-restraint)  =    -43589.9674
 ------------------------------------------------------------------------------

wrapping first mol.:       20.29907       28.70721       49.72235
wrapping first mol.:       20.29907       28.70721       49.72235

 NSTEP =    49000   TIME(PS) =    2638.000  TEMP(K) =   301.53  PRESS =     0.0
 Etot   =    -34333.9676  EKtot   =      9225.0234  EPtot      =    -43558.9910
 BOND   =       354.3766  ANGLE   =      1047.3649  DIHED      =      1336.6287
 1-4 NB =       429.1226  1-4 EEL =      6253.6381  VDWAALS    =      4596.1629
 EELEC  =    -57590.0422  EHBOND  =         0.0000  RESTRAINT  =        13.7574
 EAMBER (non-restraint)  =    -43572.7485
 ------------------------------------------------------------------------------

wrapping first mol.:       20.29907       28.70721       49.72235
wrapping first mol.:       20.29907       28.70721       49.72235

 NSTEP =    49500   TIME(PS) =    2639.000  TEMP(K) =   305.55  PRESS =     0.0
 Etot   =    -34303.0189  EKtot   =      9347.9980  EPtot      =    -43651.0169
 BOND   =       354.9551  ANGLE   =      1095.1323  DIHED      =      1359.0824
 1-4 NB =       441.7959  1-4 EEL =      6256.5455  VDWAALS    =      4739.8304
 EELEC  =    -57912.0545  EHBOND  =         0.0000  RESTRAINT  =        13.6960
 EAMBER (non-restraint)  =    -43664.7129
 ------------------------------------------------------------------------------

wrapping first mol.:       20.29907       28.70721       49.72235
wrapping first mol.:       20.29907       28.70721       49.72235

 NSTEP =    50000   TIME(PS) =    2640.000  TEMP(K) =   303.56  PRESS =     0.0
 Etot   =    -34290.7658  EKtot   =      9286.9404  EPtot      =    -43577.7062
 BOND   =       358.1634  ANGLE   =      1068.3865  DIHED      =      1362.8903
 1-4 NB =       439.9929  1-4 EEL =      6264.4212  VDWAALS    =      4828.4777
 EELEC  =    -57915.2579  EHBOND  =         0.0000  RESTRAINT  =        15.2197
 EAMBER (non-restraint)  =    -43592.9259
 ------------------------------------------------------------------------------


      A V E R A G E S   O V E R     100 S T E P S


 NSTEP =    50000   TIME(PS) =    2640.000  TEMP(K) =   300.14  PRESS =     0.0
 Etot   =    -34465.6754  EKtot   =      9182.3119  EPtot      =    -43647.9873
 BOND   =       359.3160  ANGLE   =      1070.2166  DIHED      =      1356.4365
 1-4 NB =       443.8721  1-4 EEL =      6266.2655  VDWAALS    =      4748.6882
 EELEC  =    -57908.0220  EHBOND  =         0.0000  RESTRAINT  =        15.2399
 EAMBER (non-restraint)  =    -43663.2272
 ------------------------------------------------------------------------------


      R M S  F L U C T U A T I O N S


 NSTEP =    50000   TIME(PS) =    2640.000  TEMP(K) =     2.67  PRESS =     0.0
 Etot   =       132.9451  EKtot   =        81.8213  EPtot      =       105.7531
 BOND   =        15.4253  ANGLE   =        21.5776  DIHED      =        14.9352
 1-4 NB =         8.8461  1-4 EEL =        21.9272  VDWAALS    =        92.9813
 EELEC  =       163.0354  EHBOND  =         0.0000  RESTRAINT  =         2.2002
 EAMBER (non-restraint)  =       103.5529
 ------------------------------------------------------------------------------

--------------------------------------------------------------------------------
   5.  TIMINGS
--------------------------------------------------------------------------------

|  NonSetup CPU Time in Major Routines:
|
|     Routine           Sec        %
|     ------------------------------
|     Nonbond          21.86   40.03
|     Bond              0.00    0.00
|     Angle             0.00    0.00
|     Dihedral          0.00    0.00
|     Shake             1.36    2.48
|     RunMD            31.23   57.18
|     Other             0.17    0.31
|     ------------------------------
|     Total            54.61

|  PME Nonbond Pairlist CPU Time:
|
|     Routine              Sec        %
|     ---------------------------------
|     Set Up Cit           0.00    0.00
|     Build List           0.00    0.00
|     ---------------------------------
|     Total                0.00    0.00

|  PME Direct Force CPU Time:
|
|     Routine              Sec        %
|     ---------------------------------
|     NonBonded Calc       0.00    0.00
|     Exclude Masked       0.00    0.00
|     Other                0.07    0.12
|     ---------------------------------
|     Total                0.07    0.12

|  PME Reciprocal Force CPU Time:
|
|     Routine              Sec        %
|     ---------------------------------
|     1D bspline           0.00    0.00
|     Grid Charges         0.00    0.00
|     Scalar Sum           0.00    0.00
|     Gradient Sum         0.00    0.00
|     FFT                  0.00    0.00
|     ---------------------------------
|     Total                0.00    0.00

|  Final Performance Info:
|     -----------------------------------------------------
|     Average timings for last   17000 steps:
|     Elapsed(s) =      31.30 Per Step(ms) =       1.84
|         ns/day =      93.85   seconds/ns =     920.67
|
|     Average timings for all steps:
|     Elapsed(s) =      91.53 Per Step(ms) =       1.83
|         ns/day =      94.39   seconds/ns =     915.31
|     -----------------------------------------------------

|  Setup CPU time:            1.50 seconds
|  NonSetup CPU time:        54.61 seconds
|  Total CPU time:           56.11 seconds     0.02 hours

|  Setup wall time:           3    seconds
|  NonSetup wall time:       91    seconds
|  Total wall time:          94    seconds     0.03 hours
