
          -------------------------------------------------------
          Amber 16 PMEMD                              2016
          -------------------------------------------------------

| PMEMD implementation of SANDER, Release 16

| Run on 11/25/2017 at 13:31:05

|   Executable path: /apps/amber16/bin/pmemd.cuda
| Working directory: /home/pbarletta
|          Hostname: mordor

  [-O]verwriting output

File Assignments:
|   MDIN: /scratch/pbarletta/cph_obp/run/ctv/mhe/e/26equ.in                     
|  MDOUT: /scratch/pbarletta/cph_obp/run/ctv/mhe/e/26equ.out                    
| INPCRD: /scratch/pbarletta/cph_obp/run/ctv/mhe/e/25ectv.rst7                  
|   PARM: /scratch/pbarletta/cph_obp/top_files/ctv.prmtop                       
| RESTRT: /scratch/pbarletta/cph_obp/run/ctv/mhe/e/26ectv.rst7                  
|   REFC: /scratch/pbarletta/cph_obp/run/ctv/mhe/e/25ectv.rst7                  
|  MDVEL: mdvel                                                                 
|   MDEN: mden                                                                  
|  MDCRD: /scratch/pbarletta/cph_obp/run/ctv/mhe/e/26ectv.nc                    
| MDINFO: mdinfo                                                                
|  MDFRC: mdfrc                                                                 


 Here is the input file:

Equilibration with solute restrictions                                         
&cntrl                                                                         
imin = 0,                           ! No Minimization                          
nmropt = 0,                         ! No NMR restraints read                   
                                                                               
! Nature and format of the input                                               
ntx = 5,                            ! Coordinates but no velocities will be rea
irest = 1,                          ! Do not run a new simulation              
                                                                               
! Nature and format of the output                                              
ntxo = 1,                           ! rstrt file in ASCII format               
ntpr = 500,                         ! inf in output every ntpr steps           
ntwr = 500,                         ! rstrt file every ntwr steps              
ntwx = 500,                         ! mdcrd file every ntwx steps              
ntwv = 0,                           ! mdvel without velocities                 
ntwe = 0,                           ! Energies and temperatures not written in 
idecomp = 0,                        ! No energy decomposition                  
iwrap = 1,                          ! Coordinates of the restart and mdcrd file
                                                                               
! Frozen or restrained atoms                                                   
ibelly = 0,                         ! No frozen atoms                          
ntr=1,                              ! Harmonic potential restraints            
restraint_wt = 0.08,                ! The weight for the positional restraints 
restraintmask = ':1-120@N,CA,C,O',  ! restrained residues                      
                                                                               
! Molecular dynamics                                                           
nstlim = 50000,                     ! Number of MD-steps                       
dt = 0.002,                         ! Time step                                
                                                                               
! Temperature regulation                                                       
ntt = 3,                            ! Langevin thermostat                      
gamma_ln = 5,                       ! Gamma constant for Langevin              
temp0 = 300.0,                      ! Reference T at which the system is to be 
tempi = 300.0,                      ! Initial T                                
ig = -1,                            ! Seed for the RNG                         
                                                                               
! P and V regulation                                                           
ntp = 0,                            ! No pressure control                      
ntb = 1,                            ! Periodic box for constant V              
                                                                               
! SHAKE variables                                                              
ntc = 2,                            ! Bonds involving H are constrained        
ntf = 2,                            ! Bond interaction involving H are ommited.
                                                                               
cut = 10.0,                         ! Nonbonded cutoff                         
                                                                               
/                                                                              
&end                                                                           


Note: ig = -1. Setting random seed to    61050 based on wallclock time in 
      microseconds.
| irandom = 1, using AMBER's internal random number generator (default).
 
|--------------------- INFORMATION ----------------------
| GPU (CUDA) Version of PMEMD in use: NVIDIA GPU IN USE.
|                    Version 16.0.0
| 
|                      02/25/2016
| 
| Implementation by:
|                    Ross C. Walker     (SDSC)
|                    Scott Le Grand     (nVIDIA)
| 
| Precision model in use:
|      [SPFP] - Single Precision Forces, 64-bit Fixed Point
|               Accumulation. (Default)
| 
|--------------------------------------------------------
 
|----------------- CITATION INFORMATION -----------------
|
|    When publishing work that utilized the CUDA version
|    of AMBER, please cite the following in addition to
|    the regular AMBER citations:
|
|  - Romelia Salomon-Ferrer; Andreas W. Goetz; Duncan
|    Poole; Scott Le Grand; Ross C. Walker "Routine
|    microsecond molecular dynamics simulations with
|    AMBER - Part II: Particle Mesh Ewald", J. Chem.
|    Theory Comput., 2013, 9 (9), pp3878-3888,
|    DOI: 10.1021/ct400314y.
|
|  - Andreas W. Goetz; Mark J. Williamson; Dong Xu;
|    Duncan Poole; Scott Le Grand; Ross C. Walker
|    "Routine microsecond molecular dynamics simulations
|    with AMBER - Part I: Generalized Born", J. Chem.
|    Theory Comput., 2012, 8 (5), pp1542-1555.
|
|  - Scott Le Grand; Andreas W. Goetz; Ross C. Walker
|    "SPFP: Speed without compromise - a mixed precision
|    model for GPU accelerated molecular dynamics
|    simulations.", Comp. Phys. Comm., 2013, 184
|    pp374-380, DOI: 10.1016/j.cpc.2012.09.022
|
|--------------------------------------------------------
 
|------------------- GPU DEVICE INFO --------------------
|
|            CUDA_VISIBLE_DEVICES: 2
|   CUDA Capable Devices Detected:      1
|           CUDA Device ID in use:      0
|                CUDA Device Name: GeForce GTX 1080 Ti
|     CUDA Device Global Mem Size:  11172 MB
| CUDA Device Num Multiprocessors:     28
|           CUDA Device Core Freq:   1.58 GHz
|
|--------------------------------------------------------
 
 
| Conditional Compilation Defines Used:
| PUBFFT
| BINTRAJ
| CUDA
| EMIL

| Largest sphere to fit in unit cell has radius =    24.861

| New format PARM file being parsed.
| Version =    1.000 Date = 11/25/17 Time = 12:11:39

| Note: 1-4 EEL scale factors are being read from the topology file.

| Note: 1-4 VDW scale factors are being read from the topology file.
| Duplicated    0 dihedrals

| Duplicated    0 dihedrals

--------------------------------------------------------------------------------
   1.  RESOURCE   USE: 
--------------------------------------------------------------------------------

 getting new box info from bottom of inpcrd
 NATOM  =   14918 NTYPES =      18 NBONH =   13963 MBONA  =     963
 NTHETH =    2368 MTHETA =    1293 NPHIH =    4530 MPHIA  =    3267
 NHPARM =       0 NPARM  =       0 NNB   =   28295 NRES   =    4423
 NBONA  =     963 NTHETA =    1293 NPHIA =    3267 NUMBND =      49
 NUMANG =     102 NPTRA  =      43 NATYP =      33 NPHB   =       1
 IFBOX  =       2 NMXRS  =      26 IFCAP =       0 NEXTRA =       0
 NCOPY  =       0

| Coordinate Index Table dimensions:     9    9    9
| Direct force subcell size =     6.7664    6.7664    6.7664

     BOX TYPE: TRUNCATED OCTAHEDRON

--------------------------------------------------------------------------------
   2.  CONTROL  DATA  FOR  THE  RUN
--------------------------------------------------------------------------------

default_name                                                                    

General flags:
     imin    =       0, nmropt  =       0

Nature and format of input:
     ntx     =       5, irest   =       1, ntrx    =       1

Nature and format of output:
     ntxo    =       1, ntpr    =     500, ntrx    =       1, ntwr    =     500
     iwrap   =       1, ntwx    =     500, ntwv    =       0, ntwe    =       0
     ioutfm  =       1, ntwprt  =       0, idecomp =       0, rbornstat=      0

Potential function:
     ntf     =       2, ntb     =       1, igb     =       0, nsnb    =      25
     ipol    =       0, gbsa    =       0, iesp    =       0
     dielc   =   1.00000, cut     =  10.00000, intdiel =   1.00000

Frozen or restrained atoms:
     ibelly  =       0, ntr     =       1
     restraint_wt =   0.08000

Molecular dynamics:
     nstlim  =     50000, nscm    =         0, nrespa  =         1
     t       =   0.00000, dt      =   0.00200, vlimit  =  -1.00000

Langevin dynamics temperature regulation:
     ig      =   61050
     temp0   = 300.00000, tempi   = 300.00000, gamma_ln=   5.00000

SHAKE:
     ntc     =       2, jfastw  =       0
     tol     =   0.00001

| Intermolecular bonds treatment:
|     no_intermolecular_bonds =       1

| Energy averages sample interval:
|     ene_avg_sampling =     500

Ewald parameters:
     verbose =       0, ew_type =       0, nbflag  =       1, use_pme =       1
     vdwmeth =       1, eedmeth =       1, netfrc  =       1
     Box X =   60.897   Box Y =   60.897   Box Z =   60.897
     Alpha =  109.471   Beta  =  109.471   Gamma =  109.471
     NFFT1 =   64       NFFT2 =   64       NFFT3 =   64
     Cutoff=   10.000   Tol   =0.100E-04
     Ewald Coefficient =  0.27511
     Interpolation order =    4

    LOADING THE CONSTRAINED ATOMS AS GROUPS


   5.  REFERENCE ATOM COORDINATES

  default_name                                                                    
     Mask :1-120@N,CA,C,O; matches   476 atoms

--------------------------------------------------------------------------------
   3.  ATOMIC COORDINATES AND VELOCITIES
--------------------------------------------------------------------------------

default_name                                                                    
 begin time read from input coords =  2640.000 ps

 
 Number of triangulated 3-point waters found:     4302

     Sum of charges from parm topology file =   0.00000094
     Forcing neutrality...

| Dynamic Memory, Types Used:
| Reals              578224
| Integers           551884

| Nonbonded Pairs Initial Allocation:     4512322

| GPU memory information (estimate):
| KB of GPU memory in use:    141362
| KB of CPU memory in use:     29330

--------------------------------------------------------------------------------
   4.  RESULTS
--------------------------------------------------------------------------------

 ---------------------------------------------------
 APPROXIMATING switch and d/dx switch using CUBIC SPLINE INTERPOLATION
 using   5000.0 points per unit in tabled values
 TESTING RELATIVE ERROR over r ranging from 0.0 to cutoff
| CHECK switch(x): max rel err =   0.2738E-14   at   2.422500
| CHECK d/dx switch(x): max rel err =   0.8314E-11   at   2.736960
 ---------------------------------------------------
|---------------------------------------------------
| APPROXIMATING direct energy using CUBIC SPLINE INTERPOLATION
|  with   50.0 points per unit in tabled values
| Relative Error Limit not exceeded for r .gt.   2.33
| APPROXIMATING direct force using CUBIC SPLINE INTERPOLATION
|  with   50.0 points per unit in tabled values
| Relative Error Limit not exceeded for r .gt.   2.80
|---------------------------------------------------
wrapping first mol.:       20.29907       28.70721       49.72235
wrapping first mol.:       20.29907       28.70721       49.72235

 NSTEP =      500   TIME(PS) =    2641.000  TEMP(K) =   296.52  PRESS =     0.0
 Etot   =    -34540.5536  EKtot   =      9071.7783  EPtot      =    -43612.3319
 BOND   =       392.1695  ANGLE   =      1058.9001  DIHED      =      1347.0894
 1-4 NB =       447.0739  1-4 EEL =      6251.9174  VDWAALS    =      4762.7037
 EELEC  =    -57878.5582  EHBOND  =         0.0000  RESTRAINT  =         6.3723
 EAMBER (non-restraint)  =    -43618.7042
 ------------------------------------------------------------------------------

wrapping first mol.:       20.29907       28.70721       49.72235
wrapping first mol.:       20.29907       28.70721       49.72235

 NSTEP =     1000   TIME(PS) =    2642.000  TEMP(K) =   305.21  PRESS =     0.0
 Etot   =    -34357.7552  EKtot   =      9337.4531  EPtot      =    -43695.2083
 BOND   =       345.8462  ANGLE   =      1069.6755  DIHED      =      1379.2304
 1-4 NB =       459.2796  1-4 EEL =      6303.5182  VDWAALS    =      4738.6883
 EELEC  =    -58000.9605  EHBOND  =         0.0000  RESTRAINT  =         9.5140
 EAMBER (non-restraint)  =    -43704.7223
 ------------------------------------------------------------------------------

wrapping first mol.:       20.29907       28.70721       49.72235
wrapping first mol.:       20.29907       28.70721       49.72235

 NSTEP =     1500   TIME(PS) =    2643.000  TEMP(K) =   300.14  PRESS =     0.0
 Etot   =    -34420.9862  EKtot   =      9182.4814  EPtot      =    -43603.4676
 BOND   =       375.9236  ANGLE   =      1077.4635  DIHED      =      1370.0147
 1-4 NB =       461.9615  1-4 EEL =      6258.7173  VDWAALS    =      4715.9204
 EELEC  =    -57874.6125  EHBOND  =         0.0000  RESTRAINT  =        11.1440
 EAMBER (non-restraint)  =    -43614.6116
 ------------------------------------------------------------------------------

wrapping first mol.:       20.29907       28.70721       49.72235
wrapping first mol.:       20.29907       28.70721       49.72235

 NSTEP =     2000   TIME(PS) =    2644.000  TEMP(K) =   301.90  PRESS =     0.0
 Etot   =    -34386.4904  EKtot   =      9236.3613  EPtot      =    -43622.8517
 BOND   =       380.7001  ANGLE   =      1070.1104  DIHED      =      1357.2829
 1-4 NB =       448.0251  1-4 EEL =      6258.4676  VDWAALS    =      4808.4670
 EELEC  =    -57956.3852  EHBOND  =         0.0000  RESTRAINT  =        10.4805
 EAMBER (non-restraint)  =    -43633.3322
 ------------------------------------------------------------------------------

wrapping first mol.:       20.29907       28.70721       49.72235
wrapping first mol.:       20.29907       28.70721       49.72235

 NSTEP =     2500   TIME(PS) =    2645.000  TEMP(K) =   296.21  PRESS =     0.0
 Etot   =    -34661.3781  EKtot   =      9062.3174  EPtot      =    -43723.6955
 BOND   =       355.2189  ANGLE   =      1002.3336  DIHED      =      1346.6976
 1-4 NB =       444.3221  1-4 EEL =      6297.6017  VDWAALS    =      4759.5775
 EELEC  =    -57940.5191  EHBOND  =         0.0000  RESTRAINT  =        11.0723
 EAMBER (non-restraint)  =    -43734.7678
 ------------------------------------------------------------------------------

wrapping first mol.:       20.29907       28.70721       49.72235
wrapping first mol.:       20.29907       28.70721       49.72235

 NSTEP =     3000   TIME(PS) =    2646.000  TEMP(K) =   297.22  PRESS =     0.0
 Etot   =    -34643.7519  EKtot   =      9093.2422  EPtot      =    -43736.9940
 BOND   =       330.4411  ANGLE   =      1056.5883  DIHED      =      1378.2136
 1-4 NB =       439.4145  1-4 EEL =      6262.1104  VDWAALS    =      4599.6898
 EELEC  =    -57814.2853  EHBOND  =         0.0000  RESTRAINT  =        10.8336
 EAMBER (non-restraint)  =    -43747.8276
 ------------------------------------------------------------------------------

wrapping first mol.:       20.29907       28.70721       49.72235
wrapping first mol.:       20.29907       28.70721       49.72235

 NSTEP =     3500   TIME(PS) =    2647.000  TEMP(K) =   300.14  PRESS =     0.0
 Etot   =    -34552.4333  EKtot   =      9182.4395  EPtot      =    -43734.8728
 BOND   =       382.6749  ANGLE   =      1059.9011  DIHED      =      1382.9104
 1-4 NB =       438.9040  1-4 EEL =      6272.7393  VDWAALS    =      4822.6004
 EELEC  =    -58106.9686  EHBOND  =         0.0000  RESTRAINT  =        12.3658
 EAMBER (non-restraint)  =    -43747.2385
 ------------------------------------------------------------------------------

wrapping first mol.:       20.29907       28.70721       49.72235
wrapping first mol.:       20.29907       28.70721       49.72235

 NSTEP =     4000   TIME(PS) =    2648.000  TEMP(K) =   302.61  PRESS =     0.0
 Etot   =    -34508.9597  EKtot   =      9258.1377  EPtot      =    -43767.0974
 BOND   =       338.5888  ANGLE   =      1089.5611  DIHED      =      1362.3308
 1-4 NB =       436.8099  1-4 EEL =      6264.2686  VDWAALS    =      4859.9549
 EELEC  =    -58129.9766  EHBOND  =         0.0000  RESTRAINT  =        11.3650
 EAMBER (non-restraint)  =    -43778.4624
 ------------------------------------------------------------------------------

wrapping first mol.:       20.29907       28.70721       49.72235
wrapping first mol.:       20.29907       28.70721       49.72235

 NSTEP =     4500   TIME(PS) =    2649.000  TEMP(K) =   302.95  PRESS =     0.0
 Etot   =    -34491.3750  EKtot   =      9268.4561  EPtot      =    -43759.8310
 BOND   =       344.4243  ANGLE   =      1066.1121  DIHED      =      1368.1254
 1-4 NB =       447.0311  1-4 EEL =      6292.5694  VDWAALS    =      4685.5597
 EELEC  =    -57977.7506  EHBOND  =         0.0000  RESTRAINT  =        14.0976
 EAMBER (non-restraint)  =    -43773.9286
 ------------------------------------------------------------------------------

wrapping first mol.:       20.29907       28.70721       49.72235
wrapping first mol.:       20.29907       28.70721       49.72235

 NSTEP =     5000   TIME(PS) =    2650.000  TEMP(K) =   298.18  PRESS =     0.0
 Etot   =    -34541.3632  EKtot   =      9122.4951  EPtot      =    -43663.8583
 BOND   =       347.2186  ANGLE   =      1093.7561  DIHED      =      1334.2763
 1-4 NB =       454.7396  1-4 EEL =      6267.9826  VDWAALS    =      4791.6404
 EELEC  =    -57967.7164  EHBOND  =         0.0000  RESTRAINT  =        14.2446
 EAMBER (non-restraint)  =    -43678.1029
 ------------------------------------------------------------------------------

wrapping first mol.:       20.29907       28.70721       49.72235
wrapping first mol.:       20.29907       28.70721       49.72235

 NSTEP =     5500   TIME(PS) =    2651.000  TEMP(K) =   301.25  PRESS =     0.0
 Etot   =    -34392.3075  EKtot   =      9216.3271  EPtot      =    -43608.6347
 BOND   =       352.3186  ANGLE   =      1056.4949  DIHED      =      1371.8981
 1-4 NB =       449.4022  1-4 EEL =      6278.5345  VDWAALS    =      4844.0716
 EELEC  =    -57976.0287  EHBOND  =         0.0000  RESTRAINT  =        14.6742
 EAMBER (non-restraint)  =    -43623.3089
 ------------------------------------------------------------------------------

wrapping first mol.:       20.29907       28.70721       49.72235
wrapping first mol.:       20.29907       28.70721       49.72235

 NSTEP =     6000   TIME(PS) =    2652.000  TEMP(K) =   299.96  PRESS =     0.0
 Etot   =    -34535.8177  EKtot   =      9176.9365  EPtot      =    -43712.7542
 BOND   =       344.6073  ANGLE   =      1068.9513  DIHED      =      1359.2161
 1-4 NB =       435.6786  1-4 EEL =      6283.7308  VDWAALS    =      4723.3873
 EELEC  =    -57941.5516  EHBOND  =         0.0000  RESTRAINT  =        13.2261
 EAMBER (non-restraint)  =    -43725.9803
 ------------------------------------------------------------------------------

wrapping first mol.:       20.29907       28.70721       49.72235
wrapping first mol.:       20.29907       28.70721       49.72235

 NSTEP =     6500   TIME(PS) =    2653.000  TEMP(K) =   303.11  PRESS =     0.0
 Etot   =    -34307.7896  EKtot   =      9273.1895  EPtot      =    -43580.9790
 BOND   =       337.9774  ANGLE   =      1031.4901  DIHED      =      1377.8408
 1-4 NB =       458.7402  1-4 EEL =      6299.3387  VDWAALS    =      4654.8150
 EELEC  =    -57752.8454  EHBOND  =         0.0000  RESTRAINT  =        11.6641
 EAMBER (non-restraint)  =    -43592.6432
 ------------------------------------------------------------------------------

wrapping first mol.:       20.29907       28.70721       49.72235
wrapping first mol.:       20.29907       28.70721       49.72235

 NSTEP =     7000   TIME(PS) =    2654.000  TEMP(K) =   298.29  PRESS =     0.0
 Etot   =    -34515.0372  EKtot   =      9125.7061  EPtot      =    -43640.7433
 BOND   =       358.4074  ANGLE   =      1071.5804  DIHED      =      1368.4809
 1-4 NB =       432.3704  1-4 EEL =      6290.2921  VDWAALS    =      4819.2887
 EELEC  =    -57991.3676  EHBOND  =         0.0000  RESTRAINT  =        10.2044
 EAMBER (non-restraint)  =    -43650.9477
 ------------------------------------------------------------------------------

wrapping first mol.:       20.29907       28.70721       49.72235
wrapping first mol.:       20.29907       28.70721       49.72235

 NSTEP =     7500   TIME(PS) =    2655.000  TEMP(K) =   299.57  PRESS =     0.0
 Etot   =    -34464.1824  EKtot   =      9164.9551  EPtot      =    -43629.1374
 BOND   =       361.9656  ANGLE   =      1058.0059  DIHED      =      1379.6242
 1-4 NB =       437.6633  1-4 EEL =      6273.4488  VDWAALS    =      4754.9236
 EELEC  =    -57905.5757  EHBOND  =         0.0000  RESTRAINT  =        10.8069
 EAMBER (non-restraint)  =    -43639.9444
 ------------------------------------------------------------------------------

wrapping first mol.:       20.29907       28.70721       49.72235
wrapping first mol.:       20.29907       28.70721       49.72235

 NSTEP =     8000   TIME(PS) =    2656.000  TEMP(K) =   297.18  PRESS =     0.0
 Etot   =    -34387.8870  EKtot   =      9091.7900  EPtot      =    -43479.6770
 BOND   =       382.2796  ANGLE   =      1103.6803  DIHED      =      1335.6924
 1-4 NB =       448.0784  1-4 EEL =      6267.7413  VDWAALS    =      4846.3405
 EELEC  =    -57875.3128  EHBOND  =         0.0000  RESTRAINT  =        11.8233
 EAMBER (non-restraint)  =    -43491.5003
 ------------------------------------------------------------------------------

wrapping first mol.:       20.29907       28.70721       49.72235
wrapping first mol.:       20.29907       28.70721       49.72235

 NSTEP =     8500   TIME(PS) =    2657.000  TEMP(K) =   297.82  PRESS =     0.0
 Etot   =    -34472.5650  EKtot   =      9111.4570  EPtot      =    -43584.0221
 BOND   =       335.3235  ANGLE   =      1076.9981  DIHED      =      1342.7396
 1-4 NB =       448.7165  1-4 EEL =      6298.4136  VDWAALS    =      4718.2237
 EELEC  =    -57817.2253  EHBOND  =         0.0000  RESTRAINT  =        12.7880
 EAMBER (non-restraint)  =    -43596.8101
 ------------------------------------------------------------------------------

wrapping first mol.:       20.29907       28.70721       49.72235
wrapping first mol.:       20.29907       28.70721       49.72235

 NSTEP =     9000   TIME(PS) =    2658.000  TEMP(K) =   298.27  PRESS =     0.0
 Etot   =    -34624.9701  EKtot   =      9125.0703  EPtot      =    -43750.0404
 BOND   =       344.3732  ANGLE   =      1035.7454  DIHED      =      1371.6528
 1-4 NB =       458.7548  1-4 EEL =      6228.6168  VDWAALS    =      4684.5379
 EELEC  =    -57882.8159  EHBOND  =         0.0000  RESTRAINT  =         9.0946
 EAMBER (non-restraint)  =    -43759.1350
 ------------------------------------------------------------------------------

wrapping first mol.:       20.29907       28.70721       49.72235
wrapping first mol.:       20.29907       28.70721       49.72235

 NSTEP =     9500   TIME(PS) =    2659.000  TEMP(K) =   296.82  PRESS =     0.0
 Etot   =    -34506.5678  EKtot   =      9080.9492  EPtot      =    -43587.5170
 BOND   =       355.0850  ANGLE   =      1070.2375  DIHED      =      1357.4515
 1-4 NB =       450.1249  1-4 EEL =      6241.9660  VDWAALS    =      4737.2083
 EELEC  =    -57811.1233  EHBOND  =         0.0000  RESTRAINT  =        11.5330
 EAMBER (non-restraint)  =    -43599.0500
 ------------------------------------------------------------------------------

wrapping first mol.:       20.29907       28.70721       49.72235
wrapping first mol.:       20.29907       28.70721       49.72235

 NSTEP =    10000   TIME(PS) =    2660.000  TEMP(K) =   302.13  PRESS =     0.0
 Etot   =    -34329.8574  EKtot   =      9243.2510  EPtot      =    -43573.1084
 BOND   =       373.6205  ANGLE   =      1088.8950  DIHED      =      1369.3418
 1-4 NB =       457.7401  1-4 EEL =      6279.7781  VDWAALS    =      4803.1376
 EELEC  =    -57958.6420  EHBOND  =         0.0000  RESTRAINT  =        13.0204
 EAMBER (non-restraint)  =    -43586.1288
 ------------------------------------------------------------------------------

wrapping first mol.:       20.29907       28.70721       49.72235
wrapping first mol.:       20.29907       28.70721       49.72235

 NSTEP =    10500   TIME(PS) =    2661.000  TEMP(K) =   301.66  PRESS =     0.0
 Etot   =    -34602.8401  EKtot   =      9228.8535  EPtot      =    -43831.6936
 BOND   =       368.2893  ANGLE   =      1065.1889  DIHED      =      1356.5780
 1-4 NB =       449.7129  1-4 EEL =      6289.3714  VDWAALS    =      4766.0504
 EELEC  =    -58141.8036  EHBOND  =         0.0000  RESTRAINT  =        14.9192
 EAMBER (non-restraint)  =    -43846.6128
 ------------------------------------------------------------------------------

wrapping first mol.:       20.29907       28.70721       49.72235
wrapping first mol.:       20.29907       28.70721       49.72235

 NSTEP =    11000   TIME(PS) =    2662.000  TEMP(K) =   297.11  PRESS =     0.0
 Etot   =    -34627.2866  EKtot   =      9089.6240  EPtot      =    -43716.9106
 BOND   =       351.3229  ANGLE   =      1087.3350  DIHED      =      1323.0154
 1-4 NB =       455.1924  1-4 EEL =      6298.0858  VDWAALS    =      4807.0059
 EELEC  =    -58055.5908  EHBOND  =         0.0000  RESTRAINT  =        16.7228
 EAMBER (non-restraint)  =    -43733.6334
 ------------------------------------------------------------------------------

wrapping first mol.:       20.29907       28.70721       49.72235
wrapping first mol.:       20.29907       28.70721       49.72235

 NSTEP =    11500   TIME(PS) =    2663.000  TEMP(K) =   301.56  PRESS =     0.0
 Etot   =    -34453.0099  EKtot   =      9225.7529  EPtot      =    -43678.7629
 BOND   =       371.6743  ANGLE   =      1026.8809  DIHED      =      1343.0095
 1-4 NB =       448.3262  1-4 EEL =      6288.6486  VDWAALS    =      4644.4584
 EELEC  =    -57820.0394  EHBOND  =         0.0000  RESTRAINT  =        18.2785
 EAMBER (non-restraint)  =    -43697.0414
 ------------------------------------------------------------------------------

wrapping first mol.:       20.29907       28.70721       49.72235
wrapping first mol.:       20.29907       28.70721       49.72235

 NSTEP =    12000   TIME(PS) =    2664.000  TEMP(K) =   298.55  PRESS =     0.0
 Etot   =    -34379.8353  EKtot   =      9133.8613  EPtot      =    -43513.6966
 BOND   =       354.2769  ANGLE   =      1091.3939  DIHED      =      1375.9204
 1-4 NB =       456.8247  1-4 EEL =      6290.4026  VDWAALS    =      4861.1899
 EELEC  =    -57961.2742  EHBOND  =         0.0000  RESTRAINT  =        17.5692
 EAMBER (non-restraint)  =    -43531.2658
 ------------------------------------------------------------------------------

wrapping first mol.:       20.29907       28.70721       49.72235
wrapping first mol.:       20.29907       28.70721       49.72235

 NSTEP =    12500   TIME(PS) =    2665.000  TEMP(K) =   300.14  PRESS =     0.0
 Etot   =    -34588.1199  EKtot   =      9182.3408  EPtot      =    -43770.4608
 BOND   =       348.8561  ANGLE   =      1087.8817  DIHED      =      1366.5703
 1-4 NB =       455.4037  1-4 EEL =      6302.0921  VDWAALS    =      4786.6106
 EELEC  =    -58131.6026  EHBOND  =         0.0000  RESTRAINT  =        13.7273
 EAMBER (non-restraint)  =    -43784.1881
 ------------------------------------------------------------------------------

wrapping first mol.:       20.29907       28.70721       49.72235
wrapping first mol.:       20.29907       28.70721       49.72235

 NSTEP =    13000   TIME(PS) =    2666.000  TEMP(K) =   301.75  PRESS =     0.0
 Etot   =    -34331.4680  EKtot   =      9231.7324  EPtot      =    -43563.2004
 BOND   =       327.5074  ANGLE   =      1037.6765  DIHED      =      1371.1096
 1-4 NB =       466.6502  1-4 EEL =      6297.5381  VDWAALS    =      4666.9494
 EELEC  =    -57743.9046  EHBOND  =         0.0000  RESTRAINT  =        13.2730
 EAMBER (non-restraint)  =    -43576.4735
 ------------------------------------------------------------------------------

wrapping first mol.:       20.29907       28.70721       49.72235
wrapping first mol.:       20.29907       28.70721       49.72235

 NSTEP =    13500   TIME(PS) =    2667.000  TEMP(K) =   301.82  PRESS =     0.0
 Etot   =    -34532.0286  EKtot   =      9233.7754  EPtot      =    -43765.8040
 BOND   =       330.0226  ANGLE   =      1027.2440  DIHED      =      1336.4572
 1-4 NB =       450.3049  1-4 EEL =      6274.3038  VDWAALS    =      4536.6580
 EELEC  =    -57735.0873  EHBOND  =         0.0000  RESTRAINT  =        14.2928
 EAMBER (non-restraint)  =    -43780.0969
 ------------------------------------------------------------------------------

wrapping first mol.:       20.29907       28.70721       49.72235
wrapping first mol.:       20.29907       28.70721       49.72235

 NSTEP =    14000   TIME(PS) =    2668.000  TEMP(K) =   301.27  PRESS =     0.0
 Etot   =    -34496.4510  EKtot   =      9216.9102  EPtot      =    -43713.3611
 BOND   =       338.8146  ANGLE   =      1083.3995  DIHED      =      1326.3390
 1-4 NB =       457.7738  1-4 EEL =      6315.2277  VDWAALS    =      4643.1824
 EELEC  =    -57892.4265  EHBOND  =         0.0000  RESTRAINT  =        14.3284
 EAMBER (non-restraint)  =    -43727.6895
 ------------------------------------------------------------------------------

wrapping first mol.:       20.29907       28.70721       49.72235
wrapping first mol.:       20.29907       28.70721       49.72235

 NSTEP =    14500   TIME(PS) =    2669.000  TEMP(K) =   296.79  PRESS =     0.0
 Etot   =    -34798.8318  EKtot   =      9080.0840  EPtot      =    -43878.9158
 BOND   =       353.2035  ANGLE   =      1071.7192  DIHED      =      1361.9620
 1-4 NB =       443.8327  1-4 EEL =      6300.7648  VDWAALS    =      4693.7284
 EELEC  =    -58118.2221  EHBOND  =         0.0000  RESTRAINT  =        14.0957
 EAMBER (non-restraint)  =    -43893.0115
 ------------------------------------------------------------------------------

wrapping first mol.:       20.29907       28.70721       49.72235
wrapping first mol.:       20.29907       28.70721       49.72235

 NSTEP =    15000   TIME(PS) =    2670.000  TEMP(K) =   297.98  PRESS =     0.0
 Etot   =    -34602.8456  EKtot   =      9116.3926  EPtot      =    -43719.2381
 BOND   =       338.1482  ANGLE   =      1081.2464  DIHED      =      1340.8016
 1-4 NB =       444.5604  1-4 EEL =      6309.6981  VDWAALS    =      4833.5053
 EELEC  =    -58080.2953  EHBOND  =         0.0000  RESTRAINT  =        13.0972
 EAMBER (non-restraint)  =    -43732.3353
 ------------------------------------------------------------------------------

wrapping first mol.:       20.29907       28.70721       49.72235
wrapping first mol.:       20.29907       28.70721       49.72235

 NSTEP =    15500   TIME(PS) =    2671.000  TEMP(K) =   299.38  PRESS =     0.0
 Etot   =    -34539.2267  EKtot   =      9159.1924  EPtot      =    -43698.4191
 BOND   =       371.3523  ANGLE   =      1059.5953  DIHED      =      1365.8643
 1-4 NB =       444.3587  1-4 EEL =      6301.5518  VDWAALS    =      4860.8148
 EELEC  =    -58113.0929  EHBOND  =         0.0000  RESTRAINT  =        11.1366
 EAMBER (non-restraint)  =    -43709.5556
 ------------------------------------------------------------------------------

wrapping first mol.:       20.29907       28.70721       49.72235
wrapping first mol.:       20.29907       28.70721       49.72235

 NSTEP =    16000   TIME(PS) =    2672.000  TEMP(K) =   299.03  PRESS =     0.0
 Etot   =    -34566.9441  EKtot   =      9148.3623  EPtot      =    -43715.3064
 BOND   =       373.3787  ANGLE   =      1088.0998  DIHED      =      1367.1179
 1-4 NB =       441.3653  1-4 EEL =      6271.7102  VDWAALS    =      4905.8293
 EELEC  =    -58174.5999  EHBOND  =         0.0000  RESTRAINT  =        11.7924
 EAMBER (non-restraint)  =    -43727.0988
 ------------------------------------------------------------------------------

wrapping first mol.:       20.29907       28.70721       49.72235
wrapping first mol.:       20.29907       28.70721       49.72235

 NSTEP =    16500   TIME(PS) =    2673.000  TEMP(K) =   299.62  PRESS =     0.0
 Etot   =    -34408.4430  EKtot   =      9166.4600  EPtot      =    -43574.9030
 BOND   =       380.4869  ANGLE   =      1068.5035  DIHED      =      1353.7524
 1-4 NB =       435.2834  1-4 EEL =      6263.5395  VDWAALS    =      4875.8607
 EELEC  =    -57965.9639  EHBOND  =         0.0000  RESTRAINT  =        13.6345
 EAMBER (non-restraint)  =    -43588.5375
 ------------------------------------------------------------------------------

wrapping first mol.:       20.29907       28.70721       49.72235
wrapping first mol.:       20.29907       28.70721       49.72235

 NSTEP =    17000   TIME(PS) =    2674.000  TEMP(K) =   298.65  PRESS =     0.0
 Etot   =    -34709.1346  EKtot   =      9136.9189  EPtot      =    -43846.0535
 BOND   =       347.2131  ANGLE   =      1069.2513  DIHED      =      1342.3696
 1-4 NB =       447.8576  1-4 EEL =      6304.0978  VDWAALS    =      4805.8144
 EELEC  =    -58176.5578  EHBOND  =         0.0000  RESTRAINT  =        13.9005
 EAMBER (non-restraint)  =    -43859.9541
 ------------------------------------------------------------------------------

wrapping first mol.:       20.29907       28.70721       49.72235
wrapping first mol.:       20.29907       28.70721       49.72235

 NSTEP =    17500   TIME(PS) =    2675.000  TEMP(K) =   300.18  PRESS =     0.0
 Etot   =    -34479.8572  EKtot   =      9183.5840  EPtot      =    -43663.4412
 BOND   =       350.6681  ANGLE   =      1050.9707  DIHED      =      1366.2121
 1-4 NB =       437.3273  1-4 EEL =      6307.6744  VDWAALS    =      4773.0674
 EELEC  =    -57962.4664  EHBOND  =         0.0000  RESTRAINT  =        13.1051
 EAMBER (non-restraint)  =    -43676.5463
 ------------------------------------------------------------------------------

wrapping first mol.:       20.29907       28.70721       49.72235
wrapping first mol.:       20.29907       28.70721       49.72235

 NSTEP =    18000   TIME(PS) =    2676.000  TEMP(K) =   295.98  PRESS =     0.0
 Etot   =    -34480.3387  EKtot   =      9055.2959  EPtot      =    -43535.6346
 BOND   =       350.4092  ANGLE   =      1048.8117  DIHED      =      1362.1814
 1-4 NB =       439.1922  1-4 EEL =      6271.1521  VDWAALS    =      4633.8440
 EELEC  =    -57652.9601  EHBOND  =         0.0000  RESTRAINT  =        11.7349
 EAMBER (non-restraint)  =    -43547.3695
 ------------------------------------------------------------------------------

wrapping first mol.:       20.29907       28.70721       49.72235
wrapping first mol.:       20.29907       28.70721       49.72235

 NSTEP =    18500   TIME(PS) =    2677.000  TEMP(K) =   301.84  PRESS =     0.0
 Etot   =    -34442.1741  EKtot   =      9234.4326  EPtot      =    -43676.6067
 BOND   =       384.8949  ANGLE   =      1060.9479  DIHED      =      1344.7735
 1-4 NB =       446.8604  1-4 EEL =      6270.6211  VDWAALS    =      4555.2726
 EELEC  =    -57751.6914  EHBOND  =         0.0000  RESTRAINT  =        11.7143
 EAMBER (non-restraint)  =    -43688.3210
 ------------------------------------------------------------------------------

wrapping first mol.:       20.29907       28.70721       49.72235
wrapping first mol.:       20.29907       28.70721       49.72235

 NSTEP =    19000   TIME(PS) =    2678.000  TEMP(K) =   298.70  PRESS =     0.0
 Etot   =    -34422.6520  EKtot   =      9138.3770  EPtot      =    -43561.0290
 BOND   =       367.3963  ANGLE   =      1047.7081  DIHED      =      1350.4597
 1-4 NB =       448.8511  1-4 EEL =      6278.4629  VDWAALS    =      4601.8936
 EELEC  =    -57668.1803  EHBOND  =         0.0000  RESTRAINT  =        12.3796
 EAMBER (non-restraint)  =    -43573.4086
 ------------------------------------------------------------------------------

wrapping first mol.:       20.29907       28.70721       49.72235
wrapping first mol.:       20.29907       28.70721       49.72235

 NSTEP =    19500   TIME(PS) =    2679.000  TEMP(K) =   301.06  PRESS =     0.0
 Etot   =    -34597.4182  EKtot   =      9210.4365  EPtot      =    -43807.8548
 BOND   =       345.5936  ANGLE   =      1064.8641  DIHED      =      1369.0285
 1-4 NB =       455.7796  1-4 EEL =      6333.8706  VDWAALS    =      4708.4055
 EELEC  =    -58099.4331  EHBOND  =         0.0000  RESTRAINT  =        14.0364
 EAMBER (non-restraint)  =    -43821.8912
 ------------------------------------------------------------------------------

wrapping first mol.:       20.29907       28.70721       49.72235
wrapping first mol.:       20.29907       28.70721       49.72235

 NSTEP =    20000   TIME(PS) =    2680.000  TEMP(K) =   301.21  PRESS =     0.0
 Etot   =    -34661.9691  EKtot   =      9215.3008  EPtot      =    -43877.2698
 BOND   =       364.7654  ANGLE   =      1057.5421  DIHED      =      1359.2879
 1-4 NB =       446.9446  1-4 EEL =      6328.7021  VDWAALS    =      4749.3995
 EELEC  =    -58195.1686  EHBOND  =         0.0000  RESTRAINT  =        11.2571
 EAMBER (non-restraint)  =    -43888.5270
 ------------------------------------------------------------------------------

wrapping first mol.:       20.29907       28.70721       49.72235
wrapping first mol.:       20.29907       28.70721       49.72235

 NSTEP =    20500   TIME(PS) =    2681.000  TEMP(K) =   295.54  PRESS =     0.0
 Etot   =    -34646.9412  EKtot   =      9041.8281  EPtot      =    -43688.7693
 BOND   =       367.4016  ANGLE   =      1032.6270  DIHED      =      1367.9665
 1-4 NB =       441.6037  1-4 EEL =      6298.0959  VDWAALS    =      4736.4598
 EELEC  =    -57945.4688  EHBOND  =         0.0000  RESTRAINT  =        12.5449
 EAMBER (non-restraint)  =    -43701.3142
 ------------------------------------------------------------------------------

wrapping first mol.:       20.29907       28.70721       49.72235
wrapping first mol.:       20.29907       28.70721       49.72235

 NSTEP =    21000   TIME(PS) =    2682.000  TEMP(K) =   299.42  PRESS =     0.0
 Etot   =    -34535.3730  EKtot   =      9160.3682  EPtot      =    -43695.7411
 BOND   =       355.0685  ANGLE   =      1096.9556  DIHED      =      1365.4685
 1-4 NB =       440.5724  1-4 EEL =      6316.7094  VDWAALS    =      4749.5274
 EELEC  =    -58032.1803  EHBOND  =         0.0000  RESTRAINT  =        12.1374
 EAMBER (non-restraint)  =    -43707.8785
 ------------------------------------------------------------------------------

wrapping first mol.:       20.29907       28.70721       49.72235
wrapping first mol.:       20.29907       28.70721       49.72235

 NSTEP =    21500   TIME(PS) =    2683.000  TEMP(K) =   297.04  PRESS =     0.0
 Etot   =    -34671.0766  EKtot   =      9087.6035  EPtot      =    -43758.6801
 BOND   =       329.5674  ANGLE   =      1077.1889  DIHED      =      1339.3399
 1-4 NB =       441.6450  1-4 EEL =      6303.3542  VDWAALS    =      4711.3981
 EELEC  =    -57973.8935  EHBOND  =         0.0000  RESTRAINT  =        12.7199
 EAMBER (non-restraint)  =    -43771.3999
 ------------------------------------------------------------------------------

wrapping first mol.:       20.29907       28.70721       49.72235
wrapping first mol.:       20.29907       28.70721       49.72235

 NSTEP =    22000   TIME(PS) =    2684.000  TEMP(K) =   297.94  PRESS =     0.0
 Etot   =    -34578.4558  EKtot   =      9115.0908  EPtot      =    -43693.5466
 BOND   =       368.1937  ANGLE   =      1053.8101  DIHED      =      1365.2426
 1-4 NB =       438.4471  1-4 EEL =      6284.9418  VDWAALS    =      4777.4199
 EELEC  =    -57993.7942  EHBOND  =         0.0000  RESTRAINT  =        12.1923
 EAMBER (non-restraint)  =    -43705.7389
 ------------------------------------------------------------------------------

wrapping first mol.:       20.29907       28.70721       49.72235
wrapping first mol.:       20.29907       28.70721       49.72235

 NSTEP =    22500   TIME(PS) =    2685.000  TEMP(K) =   304.92  PRESS =     0.0
 Etot   =    -34091.5980  EKtot   =      9328.6709  EPtot      =    -43420.2689
 BOND   =       362.5497  ANGLE   =      1078.4968  DIHED      =      1381.9322
 1-4 NB =       430.8645  1-4 EEL =      6300.1360  VDWAALS    =      4763.7464
 EELEC  =    -57752.5779  EHBOND  =         0.0000  RESTRAINT  =        14.5835
 EAMBER (non-restraint)  =    -43434.8524
 ------------------------------------------------------------------------------

wrapping first mol.:       20.29907       28.70721       49.72235
wrapping first mol.:       20.29907       28.70721       49.72235

 NSTEP =    23000   TIME(PS) =    2686.000  TEMP(K) =   303.48  PRESS =     0.0
 Etot   =    -34341.6308  EKtot   =      9284.6924  EPtot      =    -43626.3232
 BOND   =       358.6548  ANGLE   =      1078.0457  DIHED      =      1370.6301
 1-4 NB =       441.6916  1-4 EEL =      6319.5085  VDWAALS    =      4849.0568
 EELEC  =    -58059.8218  EHBOND  =         0.0000  RESTRAINT  =        15.9112
 EAMBER (non-restraint)  =    -43642.2344
 ------------------------------------------------------------------------------

wrapping first mol.:       20.29907       28.70721       49.72235
wrapping first mol.:       20.29907       28.70721       49.72235

 NSTEP =    23500   TIME(PS) =    2687.000  TEMP(K) =   301.25  PRESS =     0.0
 Etot   =    -34291.4844  EKtot   =      9216.2598  EPtot      =    -43507.7442
 BOND   =       350.5917  ANGLE   =      1083.5558  DIHED      =      1389.4312
 1-4 NB =       459.1222  1-4 EEL =      6314.3808  VDWAALS    =      4572.6455
 EELEC  =    -57691.6484  EHBOND  =         0.0000  RESTRAINT  =        14.1770
 EAMBER (non-restraint)  =    -43521.9212
 ------------------------------------------------------------------------------

wrapping first mol.:       20.29907       28.70721       49.72235
wrapping first mol.:       20.29907       28.70721       49.72235

 NSTEP =    24000   TIME(PS) =    2688.000  TEMP(K) =   296.77  PRESS =     0.0
 Etot   =    -34613.7288  EKtot   =      9079.4043  EPtot      =    -43693.1331
 BOND   =       348.6046  ANGLE   =      1051.4346  DIHED      =      1366.0969
 1-4 NB =       450.0374  1-4 EEL =      6341.2351  VDWAALS    =      4871.9027
 EELEC  =    -58137.5315  EHBOND  =         0.0000  RESTRAINT  =        15.0870
 EAMBER (non-restraint)  =    -43708.2201
 ------------------------------------------------------------------------------

wrapping first mol.:       20.29907       28.70721       49.72235
wrapping first mol.:       20.29907       28.70721       49.72235

 NSTEP =    24500   TIME(PS) =    2689.000  TEMP(K) =   298.43  PRESS =     0.0
 Etot   =    -34632.4661  EKtot   =      9130.2217  EPtot      =    -43762.6878
 BOND   =       357.3141  ANGLE   =      1050.0352  DIHED      =      1349.1124
 1-4 NB =       444.2497  1-4 EEL =      6297.4913  VDWAALS    =      4838.2151
 EELEC  =    -58115.3687  EHBOND  =         0.0000  RESTRAINT  =        16.2630
 EAMBER (non-restraint)  =    -43778.9508
 ------------------------------------------------------------------------------

wrapping first mol.:       20.29907       28.70721       49.72235
wrapping first mol.:       20.29907       28.70721       49.72235

 NSTEP =    25000   TIME(PS) =    2690.000  TEMP(K) =   300.13  PRESS =     0.0
 Etot   =    -34433.8820  EKtot   =      9181.9834  EPtot      =    -43615.8654
 BOND   =       339.5873  ANGLE   =      1076.4085  DIHED      =      1341.9901
 1-4 NB =       448.4143  1-4 EEL =      6286.0101  VDWAALS    =      4799.3099
 EELEC  =    -57920.4466  EHBOND  =         0.0000  RESTRAINT  =        12.8611
 EAMBER (non-restraint)  =    -43628.7264
 ------------------------------------------------------------------------------

wrapping first mol.:       20.29907       28.70721       49.72235
wrapping first mol.:       20.29907       28.70721       49.72235

 NSTEP =    25500   TIME(PS) =    2691.000  TEMP(K) =   303.05  PRESS =     0.0
 Etot   =    -34566.4244  EKtot   =      9271.4199  EPtot      =    -43837.8444
 BOND   =       367.0608  ANGLE   =      1081.3934  DIHED      =      1364.5916
 1-4 NB =       437.6514  1-4 EEL =      6283.6917  VDWAALS    =      4800.6903
 EELEC  =    -58185.2309  EHBOND  =         0.0000  RESTRAINT  =        12.3073
 EAMBER (non-restraint)  =    -43850.1516
 ------------------------------------------------------------------------------

wrapping first mol.:       20.29907       28.70721       49.72235
wrapping first mol.:       20.29907       28.70721       49.72235

 NSTEP =    26000   TIME(PS) =    2692.000  TEMP(K) =   301.87  PRESS =     0.0
 Etot   =    -34410.1653  EKtot   =      9235.4053  EPtot      =    -43645.5706
 BOND   =       337.7768  ANGLE   =      1029.3509  DIHED      =      1355.4699
 1-4 NB =       448.7377  1-4 EEL =      6307.5631  VDWAALS    =      4798.3065
 EELEC  =    -57934.2796  EHBOND  =         0.0000  RESTRAINT  =        11.5041
 EAMBER (non-restraint)  =    -43657.0746
 ------------------------------------------------------------------------------

wrapping first mol.:       20.29907       28.70721       49.72235
wrapping first mol.:       20.29907       28.70721       49.72235

 NSTEP =    26500   TIME(PS) =    2693.000  TEMP(K) =   299.64  PRESS =     0.0
 Etot   =    -34523.6997  EKtot   =      9167.1055  EPtot      =    -43690.8052
 BOND   =       331.7597  ANGLE   =      1102.3588  DIHED      =      1371.2302
 1-4 NB =       459.8731  1-4 EEL =      6303.7269  VDWAALS    =      4835.7367
 EELEC  =    -58107.7533  EHBOND  =         0.0000  RESTRAINT  =        12.2627
 EAMBER (non-restraint)  =    -43703.0679
 ------------------------------------------------------------------------------

wrapping first mol.:       20.29907       28.70721       49.72235
wrapping first mol.:       20.29907       28.70721       49.72235

 NSTEP =    27000   TIME(PS) =    2694.000  TEMP(K) =   303.49  PRESS =     0.0
 Etot   =    -34289.6071  EKtot   =      9284.9160  EPtot      =    -43574.5231
 BOND   =       372.3032  ANGLE   =      1059.4323  DIHED      =      1347.7138
 1-4 NB =       437.9307  1-4 EEL =      6299.7985  VDWAALS    =      4739.1346
 EELEC  =    -57843.1957  EHBOND  =         0.0000  RESTRAINT  =        12.3595
 EAMBER (non-restraint)  =    -43586.8825
 ------------------------------------------------------------------------------

wrapping first mol.:       20.29907       28.70721       49.72235
wrapping first mol.:       20.29907       28.70721       49.72235

 NSTEP =    27500   TIME(PS) =    2695.000  TEMP(K) =   301.36  PRESS =     0.0
 Etot   =    -34416.3371  EKtot   =      9219.6006  EPtot      =    -43635.9377
 BOND   =       321.7923  ANGLE   =      1082.9200  DIHED      =      1357.8076
 1-4 NB =       432.7185  1-4 EEL =      6302.8740  VDWAALS    =      4691.6894
 EELEC  =    -57837.5188  EHBOND  =         0.0000  RESTRAINT  =        11.7791
 EAMBER (non-restraint)  =    -43647.7168
 ------------------------------------------------------------------------------

wrapping first mol.:       20.29907       28.70721       49.72235
wrapping first mol.:       20.29907       28.70721       49.72235

 NSTEP =    28000   TIME(PS) =    2696.000  TEMP(K) =   301.02  PRESS =     0.0
 Etot   =    -34315.5289  EKtot   =      9209.3525  EPtot      =    -43524.8814
 BOND   =       383.9853  ANGLE   =      1111.0751  DIHED      =      1369.4533
 1-4 NB =       441.5779  1-4 EEL =      6267.3817  VDWAALS    =      4830.1059
 EELEC  =    -57939.7236  EHBOND  =         0.0000  RESTRAINT  =        11.2630
 EAMBER (non-restraint)  =    -43536.1444
 ------------------------------------------------------------------------------

wrapping first mol.:       20.29907       28.70721       49.72235
wrapping first mol.:       20.29907       28.70721       49.72235

 NSTEP =    28500   TIME(PS) =    2697.000  TEMP(K) =   299.42  PRESS =     0.0
 Etot   =    -34549.3939  EKtot   =      9160.4287  EPtot      =    -43709.8226
 BOND   =       347.6190  ANGLE   =      1067.6336  DIHED      =      1360.0443
 1-4 NB =       436.3614  1-4 EEL =      6253.0179  VDWAALS    =      4754.3715
 EELEC  =    -57944.0207  EHBOND  =         0.0000  RESTRAINT  =        15.1503
 EAMBER (non-restraint)  =    -43724.9730
 ------------------------------------------------------------------------------

wrapping first mol.:       20.29907       28.70721       49.72235
wrapping first mol.:       20.29907       28.70721       49.72235

 NSTEP =    29000   TIME(PS) =    2698.000  TEMP(K) =   298.72  PRESS =     0.0
 Etot   =    -34506.2505  EKtot   =      9139.0361  EPtot      =    -43645.2867
 BOND   =       353.9889  ANGLE   =      1084.9639  DIHED      =      1346.2965
 1-4 NB =       437.2075  1-4 EEL =      6271.6499  VDWAALS    =      4839.0415
 EELEC  =    -57993.2465  EHBOND  =         0.0000  RESTRAINT  =        14.8116
 EAMBER (non-restraint)  =    -43660.0983
 ------------------------------------------------------------------------------

wrapping first mol.:       20.29907       28.70721       49.72235
wrapping first mol.:       20.29907       28.70721       49.72235

 NSTEP =    29500   TIME(PS) =    2699.000  TEMP(K) =   302.44  PRESS =     0.0
 Etot   =    -34343.5832  EKtot   =      9252.8994  EPtot      =    -43596.4826
 BOND   =       338.1845  ANGLE   =      1071.4823  DIHED      =      1362.0709
 1-4 NB =       461.6337  1-4 EEL =      6293.9974  VDWAALS    =      4661.5812
 EELEC  =    -57800.2926  EHBOND  =         0.0000  RESTRAINT  =        14.8600
 EAMBER (non-restraint)  =    -43611.3426
 ------------------------------------------------------------------------------

wrapping first mol.:       20.29907       28.70721       49.72235
wrapping first mol.:       20.29907       28.70721       49.72235

 NSTEP =    30000   TIME(PS) =    2700.000  TEMP(K) =   299.98  PRESS =     0.0
 Etot   =    -34441.2130  EKtot   =      9177.6055  EPtot      =    -43618.8185
 BOND   =       345.2344  ANGLE   =      1053.5073  DIHED      =      1354.9255
 1-4 NB =       448.0798  1-4 EEL =      6301.0442  VDWAALS    =      4689.4400
 EELEC  =    -57826.7361  EHBOND  =         0.0000  RESTRAINT  =        15.6864
 EAMBER (non-restraint)  =    -43634.5049
 ------------------------------------------------------------------------------

wrapping first mol.:       20.29907       28.70721       49.72235
wrapping first mol.:       20.29907       28.70721       49.72235

 NSTEP =    30500   TIME(PS) =    2701.000  TEMP(K) =   302.31  PRESS =     0.0
 Etot   =    -34503.0860  EKtot   =      9248.9160  EPtot      =    -43752.0020
 BOND   =       345.3927  ANGLE   =      1085.1213  DIHED      =      1335.4576
 1-4 NB =       442.1897  1-4 EEL =      6294.1179  VDWAALS    =      4841.7676
 EELEC  =    -58109.4986  EHBOND  =         0.0000  RESTRAINT  =        13.4498
 EAMBER (non-restraint)  =    -43765.4518
 ------------------------------------------------------------------------------

wrapping first mol.:       20.29907       28.70721       49.72235
wrapping first mol.:       20.29907       28.70721       49.72235

 NSTEP =    31000   TIME(PS) =    2702.000  TEMP(K) =   299.18  PRESS =     0.0
 Etot   =    -34459.6203  EKtot   =      9152.9561  EPtot      =    -43612.5764
 BOND   =       346.9326  ANGLE   =      1079.0494  DIHED      =      1336.2282
 1-4 NB =       453.2229  1-4 EEL =      6275.7167  VDWAALS    =      4853.0830
 EELEC  =    -57972.1910  EHBOND  =         0.0000  RESTRAINT  =        15.3819
 EAMBER (non-restraint)  =    -43627.9582
 ------------------------------------------------------------------------------

wrapping first mol.:       20.29907       28.70721       49.72235
wrapping first mol.:       20.29907       28.70721       49.72235

 NSTEP =    31500   TIME(PS) =    2703.000  TEMP(K) =   299.78  PRESS =     0.0
 Etot   =    -34513.5420  EKtot   =      9171.5098  EPtot      =    -43685.0518
 BOND   =       346.3173  ANGLE   =      1071.5038  DIHED      =      1351.1739
 1-4 NB =       445.3719  1-4 EEL =      6275.1064  VDWAALS    =      4745.9063
 EELEC  =    -57931.4607  EHBOND  =         0.0000  RESTRAINT  =        11.0295
 EAMBER (non-restraint)  =    -43696.0813
 ------------------------------------------------------------------------------

wrapping first mol.:       20.29907       28.70721       49.72235
wrapping first mol.:       20.29907       28.70721       49.72235

 NSTEP =    32000   TIME(PS) =    2704.000  TEMP(K) =   296.09  PRESS =     0.0
 Etot   =    -34592.0549  EKtot   =      9058.6279  EPtot      =    -43650.6828
 BOND   =       385.7347  ANGLE   =      1050.5767  DIHED      =      1367.6678
 1-4 NB =       439.2640  1-4 EEL =      6294.9454  VDWAALS    =      4759.8219
 EELEC  =    -57962.2752  EHBOND  =         0.0000  RESTRAINT  =        13.5819
 EAMBER (non-restraint)  =    -43664.2647
 ------------------------------------------------------------------------------

wrapping first mol.:       20.29907       28.70721       49.72235
wrapping first mol.:       20.29907       28.70721       49.72235

 NSTEP =    32500   TIME(PS) =    2705.000  TEMP(K) =   298.83  PRESS =     0.0
 Etot   =    -34522.2991  EKtot   =      9142.3086  EPtot      =    -43664.6077
 BOND   =       335.1786  ANGLE   =      1056.7389  DIHED      =      1357.0602
 1-4 NB =       454.0156  1-4 EEL =      6316.0597  VDWAALS    =      4718.2112
 EELEC  =    -57915.6198  EHBOND  =         0.0000  RESTRAINT  =        13.7480
 EAMBER (non-restraint)  =    -43678.3557
 ------------------------------------------------------------------------------

wrapping first mol.:       20.29907       28.70721       49.72235
wrapping first mol.:       20.29907       28.70721       49.72235

 NSTEP =    33000   TIME(PS) =    2706.000  TEMP(K) =   297.87  PRESS =     0.0
 Etot   =    -34594.3358  EKtot   =      9112.9141  EPtot      =    -43707.2499
 BOND   =       364.3574  ANGLE   =      1065.3250  DIHED      =      1361.5761
 1-4 NB =       432.5769  1-4 EEL =      6259.1014  VDWAALS    =      4727.2091
 EELEC  =    -57931.2029  EHBOND  =         0.0000  RESTRAINT  =        13.8071
 EAMBER (non-restraint)  =    -43721.0570
 ------------------------------------------------------------------------------

wrapping first mol.:       20.29907       28.70721       49.72235
wrapping first mol.:       20.29907       28.70721       49.72235

 NSTEP =    33500   TIME(PS) =    2707.000  TEMP(K) =   302.99  PRESS =     0.0
 Etot   =    -34422.7784  EKtot   =      9269.7021  EPtot      =    -43692.4805
 BOND   =       389.9336  ANGLE   =      1043.3595  DIHED      =      1353.1510
 1-4 NB =       443.1090  1-4 EEL =      6304.9566  VDWAALS    =      4616.5431
 EELEC  =    -57857.3273  EHBOND  =         0.0000  RESTRAINT  =        13.7940
 EAMBER (non-restraint)  =    -43706.2746
 ------------------------------------------------------------------------------

wrapping first mol.:       20.29907       28.70721       49.72235
wrapping first mol.:       20.29907       28.70721       49.72235

 NSTEP =    34000   TIME(PS) =    2708.000  TEMP(K) =   294.18  PRESS =     0.0
 Etot   =    -34754.3550  EKtot   =      9000.1318  EPtot      =    -43754.4869
 BOND   =       376.5321  ANGLE   =      1095.1165  DIHED      =      1356.0116
 1-4 NB =       448.2871  1-4 EEL =      6303.5715  VDWAALS    =      4595.0675
 EELEC  =    -57940.5977  EHBOND  =         0.0000  RESTRAINT  =        11.5245
 EAMBER (non-restraint)  =    -43766.0114
 ------------------------------------------------------------------------------

wrapping first mol.:       20.29907       28.70721       49.72235
wrapping first mol.:       20.29907       28.70721       49.72235

 NSTEP =    34500   TIME(PS) =    2709.000  TEMP(K) =   299.18  PRESS =     0.0
 Etot   =    -34338.3258  EKtot   =      9152.9219  EPtot      =    -43491.2476
 BOND   =       350.6443  ANGLE   =      1079.3852  DIHED      =      1357.8191
 1-4 NB =       446.7799  1-4 EEL =      6289.2234  VDWAALS    =      4674.9075
 EELEC  =    -57702.9511  EHBOND  =         0.0000  RESTRAINT  =        12.9440
 EAMBER (non-restraint)  =    -43504.1916
 ------------------------------------------------------------------------------

wrapping first mol.:       20.29907       28.70721       49.72235
wrapping first mol.:       20.29907       28.70721       49.72235

 NSTEP =    35000   TIME(PS) =    2710.000  TEMP(K) =   296.18  PRESS =     0.0
 Etot   =    -34612.1842  EKtot   =      9061.1826  EPtot      =    -43673.3669
 BOND   =       361.5120  ANGLE   =      1061.0045  DIHED      =      1363.5506
 1-4 NB =       455.0065  1-4 EEL =      6279.3337  VDWAALS    =      4788.9610
 EELEC  =    -57995.9253  EHBOND  =         0.0000  RESTRAINT  =        13.1901
 EAMBER (non-restraint)  =    -43686.5570
 ------------------------------------------------------------------------------

wrapping first mol.:       20.29907       28.70721       49.72235
wrapping first mol.:       20.29907       28.70721       49.72235

 NSTEP =    35500   TIME(PS) =    2711.000  TEMP(K) =   296.39  PRESS =     0.0
 Etot   =    -34680.1114  EKtot   =      9067.8057  EPtot      =    -43747.9170
 BOND   =       348.4270  ANGLE   =      1068.7892  DIHED      =      1368.3527
 1-4 NB =       445.6670  1-4 EEL =      6288.9371  VDWAALS    =      4664.7228
 EELEC  =    -57946.5641  EHBOND  =         0.0000  RESTRAINT  =        13.7514
 EAMBER (non-restraint)  =    -43761.6684
 ------------------------------------------------------------------------------

wrapping first mol.:       20.29907       28.70721       49.72235
wrapping first mol.:       20.29907       28.70721       49.72235

 NSTEP =    36000   TIME(PS) =    2712.000  TEMP(K) =   294.80  PRESS =     0.0
 Etot   =    -34478.1878  EKtot   =      9019.0674  EPtot      =    -43497.2552
 BOND   =       365.7133  ANGLE   =      1130.9040  DIHED      =      1363.5188
 1-4 NB =       443.2889  1-4 EEL =      6253.2284  VDWAALS    =      4722.2734
 EELEC  =    -57790.2364  EHBOND  =         0.0000  RESTRAINT  =        14.0544
 EAMBER (non-restraint)  =    -43511.3096
 ------------------------------------------------------------------------------

wrapping first mol.:       20.29907       28.70721       49.72235
wrapping first mol.:       20.29907       28.70721       49.72235

 NSTEP =    36500   TIME(PS) =    2713.000  TEMP(K) =   300.34  PRESS =     0.0
 Etot   =    -34371.8617  EKtot   =      9188.5430  EPtot      =    -43560.4047
 BOND   =       373.2633  ANGLE   =      1120.6340  DIHED      =      1363.2737
 1-4 NB =       436.9627  1-4 EEL =      6210.4098  VDWAALS    =      4896.2458
 EELEC  =    -57974.2717  EHBOND  =         0.0000  RESTRAINT  =        13.0778
 EAMBER (non-restraint)  =    -43573.4825
 ------------------------------------------------------------------------------

wrapping first mol.:       20.29907       28.70721       49.72235
wrapping first mol.:       20.29907       28.70721       49.72235

 NSTEP =    37000   TIME(PS) =    2714.000  TEMP(K) =   300.13  PRESS =     0.0
 Etot   =    -34358.8063  EKtot   =      9182.1377  EPtot      =    -43540.9440
 BOND   =       364.3522  ANGLE   =      1059.8581  DIHED      =      1357.1493
 1-4 NB =       437.2539  1-4 EEL =      6269.3225  VDWAALS    =      4649.6306
 EELEC  =    -57693.9773  EHBOND  =         0.0000  RESTRAINT  =        15.4666
 EAMBER (non-restraint)  =    -43556.4106
 ------------------------------------------------------------------------------

wrapping first mol.:       20.29907       28.70721       49.72235
wrapping first mol.:       20.29907       28.70721       49.72235

 NSTEP =    37500   TIME(PS) =    2715.000  TEMP(K) =   300.14  PRESS =     0.0
 Etot   =    -34488.1530  EKtot   =      9182.2910  EPtot      =    -43670.4440
 BOND   =       384.2813  ANGLE   =      1069.4806  DIHED      =      1361.4501
 1-4 NB =       447.6037  1-4 EEL =      6289.2704  VDWAALS    =      4823.6875
 EELEC  =    -58060.5718  EHBOND  =         0.0000  RESTRAINT  =        14.3542
 EAMBER (non-restraint)  =    -43684.7982
 ------------------------------------------------------------------------------

wrapping first mol.:       20.29907       28.70721       49.72235
wrapping first mol.:       20.29907       28.70721       49.72235

 NSTEP =    38000   TIME(PS) =    2716.000  TEMP(K) =   300.62  PRESS =     0.0
 Etot   =    -34417.4704  EKtot   =      9197.1768  EPtot      =    -43614.6472
 BOND   =       376.7101  ANGLE   =      1033.0725  DIHED      =      1373.9443
 1-4 NB =       457.8727  1-4 EEL =      6285.9793  VDWAALS    =      4854.7683
 EELEC  =    -58011.1776  EHBOND  =         0.0000  RESTRAINT  =        14.1831
 EAMBER (non-restraint)  =    -43628.8303
 ------------------------------------------------------------------------------

wrapping first mol.:       20.29907       28.70721       49.72235
wrapping first mol.:       20.29907       28.70721       49.72235

 NSTEP =    38500   TIME(PS) =    2717.000  TEMP(K) =   301.55  PRESS =     0.0
 Etot   =    -34512.8268  EKtot   =      9225.4912  EPtot      =    -43738.3180
 BOND   =       344.6025  ANGLE   =      1025.0762  DIHED      =      1372.1781
 1-4 NB =       444.7831  1-4 EEL =      6263.3217  VDWAALS    =      4909.9703
 EELEC  =    -58113.8494  EHBOND  =         0.0000  RESTRAINT  =        15.5996
 EAMBER (non-restraint)  =    -43753.9176
 ------------------------------------------------------------------------------

wrapping first mol.:       20.29907       28.70721       49.72235
wrapping first mol.:       20.29907       28.70721       49.72235

 NSTEP =    39000   TIME(PS) =    2718.000  TEMP(K) =   302.00  PRESS =     0.0
 Etot   =    -34424.8427  EKtot   =      9239.3799  EPtot      =    -43664.2226
 BOND   =       342.6567  ANGLE   =      1012.1110  DIHED      =      1347.6062
 1-4 NB =       448.5819  1-4 EEL =      6301.7512  VDWAALS    =      4566.2164
 EELEC  =    -57697.4832  EHBOND  =         0.0000  RESTRAINT  =        14.3372
 EAMBER (non-restraint)  =    -43678.5598
 ------------------------------------------------------------------------------

wrapping first mol.:       20.29907       28.70721       49.72235
wrapping first mol.:       20.29907       28.70721       49.72235

 NSTEP =    39500   TIME(PS) =    2719.000  TEMP(K) =   298.95  PRESS =     0.0
 Etot   =    -34590.1042  EKtot   =      9146.1377  EPtot      =    -43736.2419
 BOND   =       359.9508  ANGLE   =      1043.7958  DIHED      =      1373.9765
 1-4 NB =       446.6484  1-4 EEL =      6287.7411  VDWAALS    =      4889.7109
 EELEC  =    -58151.7300  EHBOND  =         0.0000  RESTRAINT  =        13.6646
 EAMBER (non-restraint)  =    -43749.9065
 ------------------------------------------------------------------------------

wrapping first mol.:       20.29907       28.70721       49.72235
wrapping first mol.:       20.29907       28.70721       49.72235

 NSTEP =    40000   TIME(PS) =    2720.000  TEMP(K) =   301.05  PRESS =     0.0
 Etot   =    -34472.4856  EKtot   =      9210.2930  EPtot      =    -43682.7786
 BOND   =       367.0062  ANGLE   =      1064.5188  DIHED      =      1392.6485
 1-4 NB =       429.6650  1-4 EEL =      6221.5663  VDWAALS    =      4629.9527
 EELEC  =    -57801.7953  EHBOND  =         0.0000  RESTRAINT  =        13.6590
 EAMBER (non-restraint)  =    -43696.4376
 ------------------------------------------------------------------------------

wrapping first mol.:       20.29907       28.70721       49.72235
wrapping first mol.:       20.29907       28.70721       49.72235

 NSTEP =    40500   TIME(PS) =    2721.000  TEMP(K) =   300.33  PRESS =     0.0
 Etot   =    -34542.2312  EKtot   =      9188.2012  EPtot      =    -43730.4323
 BOND   =       351.6446  ANGLE   =      1070.3834  DIHED      =      1344.8951
 1-4 NB =       430.4970  1-4 EEL =      6241.9580  VDWAALS    =      4786.5831
 EELEC  =    -57970.6257  EHBOND  =         0.0000  RESTRAINT  =        14.2322
 EAMBER (non-restraint)  =    -43744.6645
 ------------------------------------------------------------------------------

wrapping first mol.:       20.29907       28.70721       49.72235
wrapping first mol.:       20.29907       28.70721       49.72235

 NSTEP =    41000   TIME(PS) =    2722.000  TEMP(K) =   302.83  PRESS =     0.0
 Etot   =    -34322.4985  EKtot   =      9264.6475  EPtot      =    -43587.1459
 BOND   =       358.1362  ANGLE   =      1066.3225  DIHED      =      1375.9398
 1-4 NB =       454.5284  1-4 EEL =      6302.7753  VDWAALS    =      4783.9151
 EELEC  =    -57941.7387  EHBOND  =         0.0000  RESTRAINT  =        12.9755
 EAMBER (non-restraint)  =    -43600.1214
 ------------------------------------------------------------------------------

wrapping first mol.:       20.29907       28.70721       49.72235
wrapping first mol.:       20.29907       28.70721       49.72235

 NSTEP =    41500   TIME(PS) =    2723.000  TEMP(K) =   301.14  PRESS =     0.0
 Etot   =    -34521.4037  EKtot   =      9213.0586  EPtot      =    -43734.4623
 BOND   =       354.1507  ANGLE   =      1101.4453  DIHED      =      1364.0954
 1-4 NB =       452.9238  1-4 EEL =      6316.9260  VDWAALS    =      4784.0081
 EELEC  =    -58120.0741  EHBOND  =         0.0000  RESTRAINT  =        12.0626
 EAMBER (non-restraint)  =    -43746.5249
 ------------------------------------------------------------------------------

wrapping first mol.:       20.29907       28.70721       49.72235
wrapping first mol.:       20.29907       28.70721       49.72235

 NSTEP =    42000   TIME(PS) =    2724.000  TEMP(K) =   296.34  PRESS =     0.0
 Etot   =    -34661.1025  EKtot   =      9066.3145  EPtot      =    -43727.4169
 BOND   =       367.1757  ANGLE   =      1063.0513  DIHED      =      1343.5328
 1-4 NB =       444.1335  1-4 EEL =      6277.9407  VDWAALS    =      4804.9836
 EELEC  =    -58038.8904  EHBOND  =         0.0000  RESTRAINT  =        10.6558
 EAMBER (non-restraint)  =    -43738.0727
 ------------------------------------------------------------------------------

wrapping first mol.:       20.29907       28.70721       49.72235
wrapping first mol.:       20.29907       28.70721       49.72235

 NSTEP =    42500   TIME(PS) =    2725.000  TEMP(K) =   300.27  PRESS =     0.0
 Etot   =    -34582.4396  EKtot   =      9186.4971  EPtot      =    -43768.9367
 BOND   =       364.3875  ANGLE   =      1121.1958  DIHED      =      1357.2053
 1-4 NB =       441.0243  1-4 EEL =      6284.6824  VDWAALS    =      4882.5069
 EELEC  =    -58231.9636  EHBOND  =         0.0000  RESTRAINT  =        12.0246
 EAMBER (non-restraint)  =    -43780.9613
 ------------------------------------------------------------------------------

wrapping first mol.:       20.29907       28.70721       49.72235
wrapping first mol.:       20.29907       28.70721       49.72235

 NSTEP =    43000   TIME(PS) =    2726.000  TEMP(K) =   300.13  PRESS =     0.0
 Etot   =    -34489.6590  EKtot   =      9182.1035  EPtot      =    -43671.7625
 BOND   =       396.3693  ANGLE   =      1062.4692  DIHED      =      1346.6872
 1-4 NB =       463.7043  1-4 EEL =      6264.9011  VDWAALS    =      4761.7414
 EELEC  =    -57980.0459  EHBOND  =         0.0000  RESTRAINT  =        12.4110
 EAMBER (non-restraint)  =    -43684.1734
 ------------------------------------------------------------------------------

wrapping first mol.:       20.29907       28.70721       49.72235
wrapping first mol.:       20.29907       28.70721       49.72235

 NSTEP =    43500   TIME(PS) =    2727.000  TEMP(K) =   298.96  PRESS =     0.0
 Etot   =    -34501.8867  EKtot   =      9146.3525  EPtot      =    -43648.2392
 BOND   =       343.8730  ANGLE   =      1086.7519  DIHED      =      1352.3138
 1-4 NB =       447.2324  1-4 EEL =      6263.6925  VDWAALS    =      4609.8386
 EELEC  =    -57762.6294  EHBOND  =         0.0000  RESTRAINT  =        10.6880
 EAMBER (non-restraint)  =    -43658.9272
 ------------------------------------------------------------------------------

wrapping first mol.:       20.29907       28.70721       49.72235
wrapping first mol.:       20.29907       28.70721       49.72235

 NSTEP =    44000   TIME(PS) =    2728.000  TEMP(K) =   299.81  PRESS =     0.0
 Etot   =    -34462.6292  EKtot   =      9172.2793  EPtot      =    -43634.9085
 BOND   =       367.2626  ANGLE   =      1098.6705  DIHED      =      1367.1165
 1-4 NB =       447.1841  1-4 EEL =      6282.6831  VDWAALS    =      4702.1930
 EELEC  =    -57908.0468  EHBOND  =         0.0000  RESTRAINT  =         8.0286
 EAMBER (non-restraint)  =    -43642.9370
 ------------------------------------------------------------------------------

wrapping first mol.:       20.29907       28.70721       49.72235
wrapping first mol.:       20.29907       28.70721       49.72235

 NSTEP =    44500   TIME(PS) =    2729.000  TEMP(K) =   299.44  PRESS =     0.0
 Etot   =    -34387.7611  EKtot   =      9161.0205  EPtot      =    -43548.7816
 BOND   =       362.4564  ANGLE   =      1075.0181  DIHED      =      1363.7954
 1-4 NB =       467.0745  1-4 EEL =      6291.5545  VDWAALS    =      4706.7699
 EELEC  =    -57827.7173  EHBOND  =         0.0000  RESTRAINT  =        12.2669
 EAMBER (non-restraint)  =    -43561.0485
 ------------------------------------------------------------------------------

wrapping first mol.:       20.29907       28.70721       49.72235
wrapping first mol.:       20.29907       28.70721       49.72235

 NSTEP =    45000   TIME(PS) =    2730.000  TEMP(K) =   296.98  PRESS =     0.0
 Etot   =    -34551.9460  EKtot   =      9085.7041  EPtot      =    -43637.6501
 BOND   =       361.6958  ANGLE   =      1119.1848  DIHED      =      1349.0559
 1-4 NB =       434.5150  1-4 EEL =      6279.6637  VDWAALS    =      4654.0925
 EELEC  =    -57847.9362  EHBOND  =         0.0000  RESTRAINT  =        12.0785
 EAMBER (non-restraint)  =    -43649.7286
 ------------------------------------------------------------------------------

wrapping first mol.:       20.29907       28.70721       49.72235
wrapping first mol.:       20.29907       28.70721       49.72235

 NSTEP =    45500   TIME(PS) =    2731.000  TEMP(K) =   300.76  PRESS =     0.0
 Etot   =    -34541.5579  EKtot   =      9201.4131  EPtot      =    -43742.9710
 BOND   =       358.6131  ANGLE   =      1075.1875  DIHED      =      1349.9029
 1-4 NB =       443.1240  1-4 EEL =      6281.4818  VDWAALS    =      4779.9177
 EELEC  =    -58043.9240  EHBOND  =         0.0000  RESTRAINT  =        12.7262
 EAMBER (non-restraint)  =    -43755.6972
 ------------------------------------------------------------------------------

wrapping first mol.:       20.29907       28.70721       49.72235
wrapping first mol.:       20.29907       28.70721       49.72235

 NSTEP =    46000   TIME(PS) =    2732.000  TEMP(K) =   296.50  PRESS =     0.0
 Etot   =    -34588.2991  EKtot   =      9071.0898  EPtot      =    -43659.3890
 BOND   =       353.0539  ANGLE   =      1015.1125  DIHED      =      1337.0218
 1-4 NB =       449.5211  1-4 EEL =      6321.8041  VDWAALS    =      4632.8485
 EELEC  =    -57782.0557  EHBOND  =         0.0000  RESTRAINT  =        13.3049
 EAMBER (non-restraint)  =    -43672.6939
 ------------------------------------------------------------------------------

wrapping first mol.:       20.29907       28.70721       49.72235
wrapping first mol.:       20.29907       28.70721       49.72235

 NSTEP =    46500   TIME(PS) =    2733.000  TEMP(K) =   302.78  PRESS =     0.0
 Etot   =    -34298.3098  EKtot   =      9263.2773  EPtot      =    -43561.5871
 BOND   =       379.0737  ANGLE   =      1070.6599  DIHED      =      1376.5123
 1-4 NB =       440.9562  1-4 EEL =      6289.6650  VDWAALS    =      4911.5209
 EELEC  =    -58041.4114  EHBOND  =         0.0000  RESTRAINT  =        11.4364
 EAMBER (non-restraint)  =    -43573.0235
 ------------------------------------------------------------------------------

wrapping first mol.:       20.29907       28.70721       49.72235
wrapping first mol.:       20.29907       28.70721       49.72235

 NSTEP =    47000   TIME(PS) =    2734.000  TEMP(K) =   298.33  PRESS =     0.0
 Etot   =    -34579.1691  EKtot   =      9127.1982  EPtot      =    -43706.3673
 BOND   =       355.8063  ANGLE   =      1079.7475  DIHED      =      1354.0981
 1-4 NB =       450.6477  1-4 EEL =      6309.2761  VDWAALS    =      4677.9127
 EELEC  =    -57947.1090  EHBOND  =         0.0000  RESTRAINT  =        13.2533
 EAMBER (non-restraint)  =    -43719.6206
 ------------------------------------------------------------------------------

wrapping first mol.:       20.29907       28.70721       49.72235
wrapping first mol.:       20.29907       28.70721       49.72235

 NSTEP =    47500   TIME(PS) =    2735.000  TEMP(K) =   298.30  PRESS =     0.0
 Etot   =    -34449.5832  EKtot   =      9125.9941  EPtot      =    -43575.5773
 BOND   =       330.2041  ANGLE   =      1078.3282  DIHED      =      1356.2193
 1-4 NB =       441.3591  1-4 EEL =      6303.0984  VDWAALS    =      4719.7597
 EELEC  =    -57818.4454  EHBOND  =         0.0000  RESTRAINT  =        13.8995
 EAMBER (non-restraint)  =    -43589.4768
 ------------------------------------------------------------------------------

wrapping first mol.:       20.29907       28.70721       49.72235
wrapping first mol.:       20.29907       28.70721       49.72235

 NSTEP =    48000   TIME(PS) =    2736.000  TEMP(K) =   296.78  PRESS =     0.0
 Etot   =    -34782.7319  EKtot   =      9079.5723  EPtot      =    -43862.3042
 BOND   =       357.8599  ANGLE   =      1047.4213  DIHED      =      1354.2465
 1-4 NB =       449.2124  1-4 EEL =      6317.9555  VDWAALS    =      4879.8474
 EELEC  =    -58284.1425  EHBOND  =         0.0000  RESTRAINT  =        15.2955
 EAMBER (non-restraint)  =    -43877.5996
 ------------------------------------------------------------------------------

wrapping first mol.:       20.29907       28.70721       49.72235
wrapping first mol.:       20.29907       28.70721       49.72235

 NSTEP =    48500   TIME(PS) =    2737.000  TEMP(K) =   298.15  PRESS =     0.0
 Etot   =    -34677.7341  EKtot   =      9121.3955  EPtot      =    -43799.1296
 BOND   =       351.4282  ANGLE   =      1084.1768  DIHED      =      1389.1543
 1-4 NB =       462.0671  1-4 EEL =      6332.4253  VDWAALS    =      4794.4237
 EELEC  =    -58225.6344  EHBOND  =         0.0000  RESTRAINT  =        12.8292
 EAMBER (non-restraint)  =    -43811.9589
 ------------------------------------------------------------------------------

wrapping first mol.:       20.29907       28.70721       49.72235
wrapping first mol.:       20.29907       28.70721       49.72235

 NSTEP =    49000   TIME(PS) =    2738.000  TEMP(K) =   301.64  PRESS =     0.0
 Etot   =    -34591.0994  EKtot   =      9228.3477  EPtot      =    -43819.4471
 BOND   =       375.8711  ANGLE   =      1043.9423  DIHED      =      1346.3674
 1-4 NB =       451.4631  1-4 EEL =      6311.4814  VDWAALS    =      4990.9401
 EELEC  =    -58355.0903  EHBOND  =         0.0000  RESTRAINT  =        15.5779
 EAMBER (non-restraint)  =    -43835.0250
 ------------------------------------------------------------------------------

wrapping first mol.:       20.29907       28.70721       49.72235
wrapping first mol.:       20.29907       28.70721       49.72235

 NSTEP =    49500   TIME(PS) =    2739.000  TEMP(K) =   302.06  PRESS =     0.0
 Etot   =    -34573.5632  EKtot   =      9241.1846  EPtot      =    -43814.7478
 BOND   =       347.3932  ANGLE   =      1095.2154  DIHED      =      1368.6552
 1-4 NB =       437.9173  1-4 EEL =      6337.2129  VDWAALS    =      4910.8183
 EELEC  =    -58326.7156  EHBOND  =         0.0000  RESTRAINT  =        14.7556
 EAMBER (non-restraint)  =    -43829.5034
 ------------------------------------------------------------------------------

wrapping first mol.:       20.29907       28.70721       49.72235
wrapping first mol.:       20.29907       28.70721       49.72235

 NSTEP =    50000   TIME(PS) =    2740.000  TEMP(K) =   295.41  PRESS =     0.0
 Etot   =    -34781.1693  EKtot   =      9037.6016  EPtot      =    -43818.7709
 BOND   =       320.1754  ANGLE   =      1030.2384  DIHED      =      1342.9347
 1-4 NB =       442.8618  1-4 EEL =      6304.5253  VDWAALS    =      4734.5772
 EELEC  =    -58008.3984  EHBOND  =         0.0000  RESTRAINT  =        14.3147
 EAMBER (non-restraint)  =    -43833.0856
 ------------------------------------------------------------------------------


      A V E R A G E S   O V E R     100 S T E P S


 NSTEP =    50000   TIME(PS) =    2740.000  TEMP(K) =   299.65  PRESS =     0.0
 Etot   =    -34505.5595  EKtot   =      9167.4912  EPtot      =    -43673.0507
 BOND   =       356.8081  ANGLE   =      1068.0536  DIHED      =      1359.2328
 1-4 NB =       446.5575  1-4 EEL =      6287.9524  VDWAALS    =      4755.8791
 EELEC  =    -57960.5861  EHBOND  =         0.0000  RESTRAINT  =        13.0520
 EAMBER (non-restraint)  =    -43686.1027
 ------------------------------------------------------------------------------


      R M S  F L U C T U A T I O N S


 NSTEP =    50000   TIME(PS) =    2740.000  TEMP(K) =     2.32  PRESS =     0.0
 Etot   =       122.7519  EKtot   =        70.9209  EPtot      =        94.3668
 BOND   =        16.4788  ANGLE   =        23.9695  DIHED      =        13.9211
 1-4 NB =         8.4252  1-4 EEL =        23.8817  VDWAALS    =        92.6501
 EELEC  =       150.2531  EHBOND  =         0.0000  RESTRAINT  =         1.8779
 EAMBER (non-restraint)  =        92.4888
 ------------------------------------------------------------------------------

--------------------------------------------------------------------------------
   5.  TIMINGS
--------------------------------------------------------------------------------

|  NonSetup CPU Time in Major Routines:
|
|     Routine           Sec        %
|     ------------------------------
|     Nonbond          20.98   39.92
|     Bond              0.00    0.00
|     Angle             0.00    0.00
|     Dihedral          0.00    0.00
|     Shake             1.26    2.39
|     RunMD            30.14   57.36
|     Other             0.17    0.33
|     ------------------------------
|     Total            52.54

|  PME Nonbond Pairlist CPU Time:
|
|     Routine              Sec        %
|     ---------------------------------
|     Set Up Cit           0.00    0.00
|     Build List           0.00    0.00
|     ---------------------------------
|     Total                0.00    0.00

|  PME Direct Force CPU Time:
|
|     Routine              Sec        %
|     ---------------------------------
|     NonBonded Calc       0.00    0.00
|     Exclude Masked       0.00    0.00
|     Other                0.08    0.15
|     ---------------------------------
|     Total                0.08    0.15

|  PME Reciprocal Force CPU Time:
|
|     Routine              Sec        %
|     ---------------------------------
|     1D bspline           0.00    0.00
|     Grid Charges         0.00    0.00
|     Scalar Sum           0.00    0.00
|     Gradient Sum         0.00    0.00
|     FFT                  0.00    0.00
|     ---------------------------------
|     Total                0.00    0.00

|  Final Performance Info:
|     -----------------------------------------------------
|     Average timings for last   11500 steps:
|     Elapsed(s) =      19.86 Per Step(ms) =       1.73
|         ns/day =     100.05   seconds/ns =     863.61
|
|     Average timings for all steps:
|     Elapsed(s) =      80.30 Per Step(ms) =       1.61
|         ns/day =     107.59   seconds/ns =     803.04
|     -----------------------------------------------------

|  Setup CPU time:            1.62 seconds
|  NonSetup CPU time:        52.54 seconds
|  Total CPU time:           54.16 seconds     0.02 hours

|  Setup wall time:           3    seconds
|  NonSetup wall time:       80    seconds
|  Total wall time:          83    seconds     0.02 hours
