
          -------------------------------------------------------
          Amber 16 PMEMD                              2016
          -------------------------------------------------------

| PMEMD implementation of SANDER, Release 16

| Run on 11/25/2017 at 12:55:56

|   Executable path: /apps/amber16/bin/pmemd.cuda
| Working directory: /home/pbarletta
|          Hostname: mordor

  [-O]verwriting output

File Assignments:
|   MDIN: /scratch/pbarletta/cph_obp/run/ctv/mhe/e/2equ.in                      
|  MDOUT: /scratch/pbarletta/cph_obp/run/ctv/mhe/e/2equ.out                     
| INPCRD: /scratch/pbarletta/cph_obp/run/ctv/mhe/e/1ectv.rst7                   
|   PARM: /scratch/pbarletta/cph_obp/top_files/ctv.prmtop                       
| RESTRT: /scratch/pbarletta/cph_obp/run/ctv/mhe/e/2ectv.rst7                   
|   REFC: /scratch/pbarletta/cph_obp/run/ctv/mhe/e/1ectv.rst7                   
|  MDVEL: mdvel                                                                 
|   MDEN: mden                                                                  
|  MDCRD: /scratch/pbarletta/cph_obp/run/ctv/mhe/e/2ectv.nc                     
| MDINFO: mdinfo                                                                
|  MDFRC: mdfrc                                                                 


 Here is the input file:

Equilibration with solute restrictions                                         
&cntrl                                                                         
imin = 0,                           ! No Minimization                          
nmropt = 0,                         ! No NMR restraints read                   
                                                                               
! Nature and format of the input                                               
ntx = 5,                            ! Coordinates but no velocities will be rea
irest = 1,                          ! Do not run a new simulation              
                                                                               
! Nature and format of the output                                              
ntxo = 1,                           ! rstrt file in ASCII format               
ntpr = 500,                         ! inf in output every ntpr steps           
ntwr = 500,                         ! rstrt file every ntwr steps              
ntwx = 500,                         ! mdcrd file every ntwx steps              
ntwv = 0,                           ! mdvel without velocities                 
ntwe = 0,                           ! Energies and temperatures not written in 
idecomp = 0,                        ! No energy decomposition                  
iwrap = 1,                          ! Coordinates of the restart and mdcrd file
                                                                               
! Frozen or restrained atoms                                                   
ibelly = 0,                         ! No frozen atoms                          
ntr=1,                              ! Harmonic potential restraints            
restraint_wt = 40.0,                ! The weight for the positional restraints 
restraintmask = ':1-120@N,CA,C,O',  ! restrained residues                      
                                                                               
! Molecular dynamics                                                           
nstlim = 50000,                     ! Number of MD-steps                       
dt = 0.002,                         ! Time step                                
                                                                               
! Temperature regulation                                                       
ntt = 3,                            ! Langevin thermostat                      
gamma_ln = 5,                       ! Gamma constant for Langevin              
temp0 = 300.0,                      ! Reference T at which the system is to be 
tempi = 300.0,                      ! Initial T                                
ig = -1,                            ! Seed for the RNG                         
                                                                               
! P and V regulation                                                           
ntp = 0,                            ! No pressure control                      
ntb = 1,                            ! Periodic box for constant V              
                                                                               
! SHAKE variables                                                              
ntc = 2,                            ! Bonds involving H are constrained        
ntf = 2,                            ! Bond interaction involving H are ommited.
                                                                               
cut = 10.0,                         ! Nonbonded cutoff                         
                                                                               
/                                                                              
&end                                                                           


Note: ig = -1. Setting random seed to   253065 based on wallclock time in 
      microseconds.
| irandom = 1, using AMBER's internal random number generator (default).
 
|--------------------- INFORMATION ----------------------
| GPU (CUDA) Version of PMEMD in use: NVIDIA GPU IN USE.
|                    Version 16.0.0
| 
|                      02/25/2016
| 
| Implementation by:
|                    Ross C. Walker     (SDSC)
|                    Scott Le Grand     (nVIDIA)
| 
| Precision model in use:
|      [SPFP] - Single Precision Forces, 64-bit Fixed Point
|               Accumulation. (Default)
| 
|--------------------------------------------------------
 
|----------------- CITATION INFORMATION -----------------
|
|    When publishing work that utilized the CUDA version
|    of AMBER, please cite the following in addition to
|    the regular AMBER citations:
|
|  - Romelia Salomon-Ferrer; Andreas W. Goetz; Duncan
|    Poole; Scott Le Grand; Ross C. Walker "Routine
|    microsecond molecular dynamics simulations with
|    AMBER - Part II: Particle Mesh Ewald", J. Chem.
|    Theory Comput., 2013, 9 (9), pp3878-3888,
|    DOI: 10.1021/ct400314y.
|
|  - Andreas W. Goetz; Mark J. Williamson; Dong Xu;
|    Duncan Poole; Scott Le Grand; Ross C. Walker
|    "Routine microsecond molecular dynamics simulations
|    with AMBER - Part I: Generalized Born", J. Chem.
|    Theory Comput., 2012, 8 (5), pp1542-1555.
|
|  - Scott Le Grand; Andreas W. Goetz; Ross C. Walker
|    "SPFP: Speed without compromise - a mixed precision
|    model for GPU accelerated molecular dynamics
|    simulations.", Comp. Phys. Comm., 2013, 184
|    pp374-380, DOI: 10.1016/j.cpc.2012.09.022
|
|--------------------------------------------------------
 
|------------------- GPU DEVICE INFO --------------------
|
|            CUDA_VISIBLE_DEVICES: 2
|   CUDA Capable Devices Detected:      1
|           CUDA Device ID in use:      0
|                CUDA Device Name: GeForce GTX 1080 Ti
|     CUDA Device Global Mem Size:  11172 MB
| CUDA Device Num Multiprocessors:     28
|           CUDA Device Core Freq:   1.58 GHz
|
|--------------------------------------------------------
 
 
| Conditional Compilation Defines Used:
| PUBFFT
| BINTRAJ
| CUDA
| EMIL

| Largest sphere to fit in unit cell has radius =    24.861

| New format PARM file being parsed.
| Version =    1.000 Date = 11/25/17 Time = 12:11:39

| Note: 1-4 EEL scale factors are being read from the topology file.

| Note: 1-4 VDW scale factors are being read from the topology file.
| Duplicated    0 dihedrals

| Duplicated    0 dihedrals

--------------------------------------------------------------------------------
   1.  RESOURCE   USE: 
--------------------------------------------------------------------------------

 getting new box info from bottom of inpcrd
 NATOM  =   14918 NTYPES =      18 NBONH =   13963 MBONA  =     963
 NTHETH =    2368 MTHETA =    1293 NPHIH =    4530 MPHIA  =    3267
 NHPARM =       0 NPARM  =       0 NNB   =   28295 NRES   =    4423
 NBONA  =     963 NTHETA =    1293 NPHIA =    3267 NUMBND =      49
 NUMANG =     102 NPTRA  =      43 NATYP =      33 NPHB   =       1
 IFBOX  =       2 NMXRS  =      26 IFCAP =       0 NEXTRA =       0
 NCOPY  =       0

| Coordinate Index Table dimensions:     9    9    9
| Direct force subcell size =     6.7664    6.7664    6.7664

     BOX TYPE: TRUNCATED OCTAHEDRON

--------------------------------------------------------------------------------
   2.  CONTROL  DATA  FOR  THE  RUN
--------------------------------------------------------------------------------

default_name                                                                    

General flags:
     imin    =       0, nmropt  =       0

Nature and format of input:
     ntx     =       5, irest   =       1, ntrx    =       1

Nature and format of output:
     ntxo    =       1, ntpr    =     500, ntrx    =       1, ntwr    =     500
     iwrap   =       1, ntwx    =     500, ntwv    =       0, ntwe    =       0
     ioutfm  =       1, ntwprt  =       0, idecomp =       0, rbornstat=      0

Potential function:
     ntf     =       2, ntb     =       1, igb     =       0, nsnb    =      25
     ipol    =       0, gbsa    =       0, iesp    =       0
     dielc   =   1.00000, cut     =  10.00000, intdiel =   1.00000

Frozen or restrained atoms:
     ibelly  =       0, ntr     =       1
     restraint_wt =  40.00000

Molecular dynamics:
     nstlim  =     50000, nscm    =         0, nrespa  =         1
     t       =   0.00000, dt      =   0.00200, vlimit  =  -1.00000

Langevin dynamics temperature regulation:
     ig      =  253065
     temp0   = 300.00000, tempi   = 300.00000, gamma_ln=   5.00000

SHAKE:
     ntc     =       2, jfastw  =       0
     tol     =   0.00001

| Intermolecular bonds treatment:
|     no_intermolecular_bonds =       1

| Energy averages sample interval:
|     ene_avg_sampling =     500

Ewald parameters:
     verbose =       0, ew_type =       0, nbflag  =       1, use_pme =       1
     vdwmeth =       1, eedmeth =       1, netfrc  =       1
     Box X =   60.897   Box Y =   60.897   Box Z =   60.897
     Alpha =  109.471   Beta  =  109.471   Gamma =  109.471
     NFFT1 =   64       NFFT2 =   64       NFFT3 =   64
     Cutoff=   10.000   Tol   =0.100E-04
     Ewald Coefficient =  0.27511
     Interpolation order =    4

    LOADING THE CONSTRAINED ATOMS AS GROUPS


   5.  REFERENCE ATOM COORDINATES

  default_name                                                                    
     Mask :1-120@N,CA,C,O; matches   476 atoms

--------------------------------------------------------------------------------
   3.  ATOMIC COORDINATES AND VELOCITIES
--------------------------------------------------------------------------------

default_name                                                                    
 begin time read from input coords =   240.000 ps

 
 Number of triangulated 3-point waters found:     4302

     Sum of charges from parm topology file =   0.00000094
     Forcing neutrality...

| Dynamic Memory, Types Used:
| Reals              578224
| Integers           551884

| Nonbonded Pairs Initial Allocation:     4512322

| GPU memory information (estimate):
| KB of GPU memory in use:    141362
| KB of CPU memory in use:     29330

--------------------------------------------------------------------------------
   4.  RESULTS
--------------------------------------------------------------------------------

 ---------------------------------------------------
 APPROXIMATING switch and d/dx switch using CUBIC SPLINE INTERPOLATION
 using   5000.0 points per unit in tabled values
 TESTING RELATIVE ERROR over r ranging from 0.0 to cutoff
| CHECK switch(x): max rel err =   0.2738E-14   at   2.422500
| CHECK d/dx switch(x): max rel err =   0.8314E-11   at   2.736960
 ---------------------------------------------------
|---------------------------------------------------
| APPROXIMATING direct energy using CUBIC SPLINE INTERPOLATION
|  with   50.0 points per unit in tabled values
| Relative Error Limit not exceeded for r .gt.   2.33
| APPROXIMATING direct force using CUBIC SPLINE INTERPOLATION
|  with   50.0 points per unit in tabled values
| Relative Error Limit not exceeded for r .gt.   2.80
|---------------------------------------------------
wrapping first mol.:       20.29907       28.70721       49.72235
wrapping first mol.:       20.29907       28.70721       49.72235

 NSTEP =      500   TIME(PS) =     241.000  TEMP(K) =   299.47  PRESS =     0.0
 Etot   =    -34358.4799  EKtot   =      9161.9189  EPtot      =    -43520.3988
 BOND   =       324.1294  ANGLE   =      1011.5314  DIHED      =      1364.3200
 1-4 NB =       454.9018  1-4 EEL =      6276.3021  VDWAALS    =      4488.7305
 EELEC  =    -57611.9180  EHBOND  =         0.0000  RESTRAINT  =       171.6039
 EAMBER (non-restraint)  =    -43692.0027
 ------------------------------------------------------------------------------

wrapping first mol.:       20.29907       28.70721       49.72235
wrapping first mol.:       20.29907       28.70721       49.72235

 NSTEP =     1000   TIME(PS) =     242.000  TEMP(K) =   306.13  PRESS =     0.0
 Etot   =    -34097.1814  EKtot   =      9365.5518  EPtot      =    -43462.7332
 BOND   =       341.2837  ANGLE   =      1009.7496  DIHED      =      1364.3355
 1-4 NB =       463.4963  1-4 EEL =      6268.0425  VDWAALS    =      4636.0562
 EELEC  =    -57726.4732  EHBOND  =         0.0000  RESTRAINT  =       180.7762
 EAMBER (non-restraint)  =    -43643.5094
 ------------------------------------------------------------------------------

wrapping first mol.:       20.29907       28.70721       49.72235
wrapping first mol.:       20.29907       28.70721       49.72235

 NSTEP =     1500   TIME(PS) =     243.000  TEMP(K) =   300.03  PRESS =     0.0
 Etot   =    -34219.4060  EKtot   =      9178.9248  EPtot      =    -43398.3309
 BOND   =       341.7279  ANGLE   =      1054.8788  DIHED      =      1372.3393
 1-4 NB =       481.7093  1-4 EEL =      6279.7705  VDWAALS    =      4747.4274
 EELEC  =    -57863.2871  EHBOND  =         0.0000  RESTRAINT  =       187.1029
 EAMBER (non-restraint)  =    -43585.4338
 ------------------------------------------------------------------------------

wrapping first mol.:       20.29907       28.70721       49.72235
wrapping first mol.:       20.29907       28.70721       49.72235

 NSTEP =     2000   TIME(PS) =     244.000  TEMP(K) =   300.16  PRESS =     0.0
 Etot   =    -34388.1624  EKtot   =      9183.0459  EPtot      =    -43571.2083
 BOND   =       328.5149  ANGLE   =      1040.8950  DIHED      =      1357.9422
 1-4 NB =       468.6346  1-4 EEL =      6296.6039  VDWAALS    =      4799.8257
 EELEC  =    -58044.5345  EHBOND  =         0.0000  RESTRAINT  =       180.9100
 EAMBER (non-restraint)  =    -43752.1183
 ------------------------------------------------------------------------------

wrapping first mol.:       20.29907       28.70721       49.72235
wrapping first mol.:       20.29907       28.70721       49.72235

 NSTEP =     2500   TIME(PS) =     245.000  TEMP(K) =   301.81  PRESS =     0.0
 Etot   =    -34339.5630  EKtot   =      9233.5098  EPtot      =    -43573.0727
 BOND   =       337.3027  ANGLE   =      1026.5150  DIHED      =      1383.7280
 1-4 NB =       457.5139  1-4 EEL =      6290.9177  VDWAALS    =      4818.1356
 EELEC  =    -58074.6801  EHBOND  =         0.0000  RESTRAINT  =       187.4945
 EAMBER (non-restraint)  =    -43760.5672
 ------------------------------------------------------------------------------

wrapping first mol.:       20.29907       28.70721       49.72235
wrapping first mol.:       20.29907       28.70721       49.72235

 NSTEP =     3000   TIME(PS) =     246.000  TEMP(K) =   305.49  PRESS =     0.0
 Etot   =    -34076.6478  EKtot   =      9346.0283  EPtot      =    -43422.6761
 BOND   =       358.9664  ANGLE   =      1062.1633  DIHED      =      1381.4205
 1-4 NB =       461.7979  1-4 EEL =      6278.3794  VDWAALS    =      4744.1300
 EELEC  =    -57885.7247  EHBOND  =         0.0000  RESTRAINT  =       176.1911
 EAMBER (non-restraint)  =    -43598.8672
 ------------------------------------------------------------------------------

wrapping first mol.:       20.29907       28.70721       49.72235
wrapping first mol.:       20.29907       28.70721       49.72235

 NSTEP =     3500   TIME(PS) =     247.000  TEMP(K) =   300.32  PRESS =     0.0
 Etot   =    -34492.9698  EKtot   =      9187.9766  EPtot      =    -43680.9464
 BOND   =       325.4893  ANGLE   =      1043.1415  DIHED      =      1384.6632
 1-4 NB =       475.9259  1-4 EEL =      6286.4970  VDWAALS    =      4774.8278
 EELEC  =    -58137.9871  EHBOND  =         0.0000  RESTRAINT  =       166.4959
 EAMBER (non-restraint)  =    -43847.4423
 ------------------------------------------------------------------------------

wrapping first mol.:       20.29907       28.70721       49.72235
wrapping first mol.:       20.29907       28.70721       49.72235

 NSTEP =     4000   TIME(PS) =     248.000  TEMP(K) =   300.87  PRESS =     0.0
 Etot   =    -34423.7659  EKtot   =      9204.8877  EPtot      =    -43628.6536
 BOND   =       326.0828  ANGLE   =       992.3852  DIHED      =      1355.1805
 1-4 NB =       477.5319  1-4 EEL =      6284.4793  VDWAALS    =      4720.9340
 EELEC  =    -57968.8747  EHBOND  =         0.0000  RESTRAINT  =       183.6273
 EAMBER (non-restraint)  =    -43812.2809
 ------------------------------------------------------------------------------

wrapping first mol.:       20.29907       28.70721       49.72235
wrapping first mol.:       20.29907       28.70721       49.72235

 NSTEP =     4500   TIME(PS) =     249.000  TEMP(K) =   303.76  PRESS =     0.0
 Etot   =    -34194.7299  EKtot   =      9293.2754  EPtot      =    -43488.0053
 BOND   =       312.6313  ANGLE   =      1050.4023  DIHED      =      1373.6558
 1-4 NB =       475.9145  1-4 EEL =      6260.7483  VDWAALS    =      4800.8763
 EELEC  =    -57938.9648  EHBOND  =         0.0000  RESTRAINT  =       176.7309
 EAMBER (non-restraint)  =    -43664.7362
 ------------------------------------------------------------------------------

wrapping first mol.:       20.29907       28.70721       49.72235
wrapping first mol.:       20.29907       28.70721       49.72235

 NSTEP =     5000   TIME(PS) =     250.000  TEMP(K) =   298.82  PRESS =     0.0
 Etot   =    -34497.9758  EKtot   =      9142.1055  EPtot      =    -43640.0812
 BOND   =       302.7468  ANGLE   =      1058.9441  DIHED      =      1380.6051
 1-4 NB =       463.5033  1-4 EEL =      6255.0660  VDWAALS    =      4843.7886
 EELEC  =    -58118.2880  EHBOND  =         0.0000  RESTRAINT  =       173.5530
 EAMBER (non-restraint)  =    -43813.6342
 ------------------------------------------------------------------------------

wrapping first mol.:       20.29907       28.70721       49.72235
wrapping first mol.:       20.29907       28.70721       49.72235

 NSTEP =     5500   TIME(PS) =     251.000  TEMP(K) =   301.78  PRESS =     0.0
 Etot   =    -34266.6160  EKtot   =      9232.5127  EPtot      =    -43499.1287
 BOND   =       332.0466  ANGLE   =      1037.7092  DIHED      =      1372.9341
 1-4 NB =       473.8943  1-4 EEL =      6268.7449  VDWAALS    =      4669.8401
 EELEC  =    -57832.5189  EHBOND  =         0.0000  RESTRAINT  =       178.2209
 EAMBER (non-restraint)  =    -43677.3496
 ------------------------------------------------------------------------------

wrapping first mol.:       20.29907       28.70721       49.72235
wrapping first mol.:       20.29907       28.70721       49.72235

 NSTEP =     6000   TIME(PS) =     252.000  TEMP(K) =   298.52  PRESS =     0.0
 Etot   =    -34182.5232  EKtot   =      9132.7148  EPtot      =    -43315.2380
 BOND   =       313.8961  ANGLE   =      1054.6187  DIHED      =      1357.8983
 1-4 NB =       468.3940  1-4 EEL =      6281.3077  VDWAALS    =      4694.8223
 EELEC  =    -57673.5117  EHBOND  =         0.0000  RESTRAINT  =       187.3365
 EAMBER (non-restraint)  =    -43502.5745
 ------------------------------------------------------------------------------

wrapping first mol.:       20.29907       28.70721       49.72235
wrapping first mol.:       20.29907       28.70721       49.72235

 NSTEP =     6500   TIME(PS) =     253.000  TEMP(K) =   296.95  PRESS =     0.0
 Etot   =    -34259.8454  EKtot   =      9084.7100  EPtot      =    -43344.5553
 BOND   =       324.5964  ANGLE   =      1012.0816  DIHED      =      1383.7835
 1-4 NB =       469.9884  1-4 EEL =      6280.5021  VDWAALS    =      4721.8572
 EELEC  =    -57708.1061  EHBOND  =         0.0000  RESTRAINT  =       170.7415
 EAMBER (non-restraint)  =    -43515.2968
 ------------------------------------------------------------------------------

wrapping first mol.:       20.29907       28.70721       49.72235
wrapping first mol.:       20.29907       28.70721       49.72235

 NSTEP =     7000   TIME(PS) =     254.000  TEMP(K) =   304.11  PRESS =     0.0
 Etot   =    -34168.1414  EKtot   =      9303.8818  EPtot      =    -43472.0232
 BOND   =       303.9628  ANGLE   =      1037.4078  DIHED      =      1378.2329
 1-4 NB =       460.5704  1-4 EEL =      6266.9092  VDWAALS    =      4686.4630
 EELEC  =    -57793.0158  EHBOND  =         0.0000  RESTRAINT  =       187.4465
 EAMBER (non-restraint)  =    -43659.4697
 ------------------------------------------------------------------------------

wrapping first mol.:       20.29907       28.70721       49.72235
wrapping first mol.:       20.29907       28.70721       49.72235

 NSTEP =     7500   TIME(PS) =     255.000  TEMP(K) =   299.18  PRESS =     0.0
 Etot   =    -34209.6631  EKtot   =      9153.1104  EPtot      =    -43362.7735
 BOND   =       344.8575  ANGLE   =      1044.5614  DIHED      =      1387.5825
 1-4 NB =       458.5150  1-4 EEL =      6258.7082  VDWAALS    =      4669.4227
 EELEC  =    -57695.6752  EHBOND  =         0.0000  RESTRAINT  =       169.2544
 EAMBER (non-restraint)  =    -43532.0278
 ------------------------------------------------------------------------------

wrapping first mol.:       20.29907       28.70721       49.72235
wrapping first mol.:       20.29907       28.70721       49.72235

 NSTEP =     8000   TIME(PS) =     256.000  TEMP(K) =   302.06  PRESS =     0.0
 Etot   =    -34239.3981  EKtot   =      9241.2109  EPtot      =    -43480.6090
 BOND   =       336.3312  ANGLE   =      1015.9806  DIHED      =      1368.1883
 1-4 NB =       461.8540  1-4 EEL =      6299.3206  VDWAALS    =      4710.8214
 EELEC  =    -57845.0518  EHBOND  =         0.0000  RESTRAINT  =       171.9467
 EAMBER (non-restraint)  =    -43652.5557
 ------------------------------------------------------------------------------

wrapping first mol.:       20.29907       28.70721       49.72235
wrapping first mol.:       20.29907       28.70721       49.72235

 NSTEP =     8500   TIME(PS) =     257.000  TEMP(K) =   303.05  PRESS =     0.0
 Etot   =    -34264.2618  EKtot   =      9271.4131  EPtot      =    -43535.6749
 BOND   =       343.4001  ANGLE   =      1012.8458  DIHED      =      1379.9524
 1-4 NB =       472.9763  1-4 EEL =      6264.8098  VDWAALS    =      4598.5317
 EELEC  =    -57782.2102  EHBOND  =         0.0000  RESTRAINT  =       174.0192
 EAMBER (non-restraint)  =    -43709.6941
 ------------------------------------------------------------------------------

wrapping first mol.:       20.29907       28.70721       49.72235
wrapping first mol.:       20.29907       28.70721       49.72235

 NSTEP =     9000   TIME(PS) =     258.000  TEMP(K) =   297.67  PRESS =     0.0
 Etot   =    -34402.7291  EKtot   =      9106.7871  EPtot      =    -43509.5162
 BOND   =       336.1404  ANGLE   =      1054.3178  DIHED      =      1370.2610
 1-4 NB =       457.3708  1-4 EEL =      6275.3341  VDWAALS    =      4745.5841
 EELEC  =    -57937.2817  EHBOND  =         0.0000  RESTRAINT  =       188.7573
 EAMBER (non-restraint)  =    -43698.2735
 ------------------------------------------------------------------------------

wrapping first mol.:       20.29907       28.70721       49.72235
wrapping first mol.:       20.29907       28.70721       49.72235

 NSTEP =     9500   TIME(PS) =     259.000  TEMP(K) =   301.09  PRESS =     0.0
 Etot   =    -34418.6929  EKtot   =      9211.3545  EPtot      =    -43630.0474
 BOND   =       345.0835  ANGLE   =      1023.4263  DIHED      =      1376.9179
 1-4 NB =       458.3648  1-4 EEL =      6275.6303  VDWAALS    =      4819.3576
 EELEC  =    -58101.5428  EHBOND  =         0.0000  RESTRAINT  =       172.7150
 EAMBER (non-restraint)  =    -43802.7624
 ------------------------------------------------------------------------------

wrapping first mol.:       20.29907       28.70721       49.72235
wrapping first mol.:       20.29907       28.70721       49.72235

 NSTEP =    10000   TIME(PS) =     260.000  TEMP(K) =   305.91  PRESS =     0.0
 Etot   =    -34256.4163  EKtot   =      9358.9688  EPtot      =    -43615.3851
 BOND   =       317.6470  ANGLE   =      1060.0831  DIHED      =      1371.4804
 1-4 NB =       474.3679  1-4 EEL =      6268.5300  VDWAALS    =      4871.0981
 EELEC  =    -58159.3501  EHBOND  =         0.0000  RESTRAINT  =       180.7586
 EAMBER (non-restraint)  =    -43796.1437
 ------------------------------------------------------------------------------

wrapping first mol.:       20.29907       28.70721       49.72235
wrapping first mol.:       20.29907       28.70721       49.72235

 NSTEP =    10500   TIME(PS) =     261.000  TEMP(K) =   301.60  PRESS =     0.0
 Etot   =    -34366.5512  EKtot   =      9227.1445  EPtot      =    -43593.6957
 BOND   =       313.9895  ANGLE   =      1074.3518  DIHED      =      1361.8896
 1-4 NB =       458.6932  1-4 EEL =      6260.0490  VDWAALS    =      4846.6743
 EELEC  =    -58100.6023  EHBOND  =         0.0000  RESTRAINT  =       191.2591
 EAMBER (non-restraint)  =    -43784.9548
 ------------------------------------------------------------------------------

wrapping first mol.:       20.29907       28.70721       49.72235
wrapping first mol.:       20.29907       28.70721       49.72235

 NSTEP =    11000   TIME(PS) =     262.000  TEMP(K) =   297.84  PRESS =     0.0
 Etot   =    -34422.8679  EKtot   =      9111.9414  EPtot      =    -43534.8093
 BOND   =       334.6309  ANGLE   =      1036.9423  DIHED      =      1383.9408
 1-4 NB =       460.9671  1-4 EEL =      6286.7832  VDWAALS    =      4782.5658
 EELEC  =    -58012.5205  EHBOND  =         0.0000  RESTRAINT  =       191.8811
 EAMBER (non-restraint)  =    -43726.6904
 ------------------------------------------------------------------------------

wrapping first mol.:       20.29907       28.70721       49.72235
wrapping first mol.:       20.29907       28.70721       49.72235

 NSTEP =    11500   TIME(PS) =     263.000  TEMP(K) =   298.00  PRESS =     0.0
 Etot   =    -34472.3683  EKtot   =      9116.9414  EPtot      =    -43589.3097
 BOND   =       341.5864  ANGLE   =      1070.3367  DIHED      =      1373.7036
 1-4 NB =       463.6775  1-4 EEL =      6287.2775  VDWAALS    =      4845.0016
 EELEC  =    -58145.1927  EHBOND  =         0.0000  RESTRAINT  =       174.2996
 EAMBER (non-restraint)  =    -43763.6093
 ------------------------------------------------------------------------------

wrapping first mol.:       20.29907       28.70721       49.72235
wrapping first mol.:       20.29907       28.70721       49.72235

 NSTEP =    12000   TIME(PS) =     264.000  TEMP(K) =   296.09  PRESS =     0.0
 Etot   =    -34317.9662  EKtot   =      9058.5869  EPtot      =    -43376.5531
 BOND   =       306.2126  ANGLE   =      1028.6240  DIHED      =      1354.9553
 1-4 NB =       472.7730  1-4 EEL =      6301.7969  VDWAALS    =      4646.2184
 EELEC  =    -57657.1220  EHBOND  =         0.0000  RESTRAINT  =       169.9888
 EAMBER (non-restraint)  =    -43546.5419
 ------------------------------------------------------------------------------

wrapping first mol.:       20.29907       28.70721       49.72235
wrapping first mol.:       20.29907       28.70721       49.72235

 NSTEP =    12500   TIME(PS) =     265.000  TEMP(K) =   301.24  PRESS =     0.0
 Etot   =    -34363.5017  EKtot   =      9216.0449  EPtot      =    -43579.5466
 BOND   =       331.8006  ANGLE   =      1009.6601  DIHED      =      1369.1772
 1-4 NB =       457.3051  1-4 EEL =      6255.0579  VDWAALS    =      4854.4482
 EELEC  =    -58032.0018  EHBOND  =         0.0000  RESTRAINT  =       175.0061
 EAMBER (non-restraint)  =    -43754.5527
 ------------------------------------------------------------------------------

wrapping first mol.:       20.29907       28.70721       49.72235
wrapping first mol.:       20.29907       28.70721       49.72235

 NSTEP =    13000   TIME(PS) =     266.000  TEMP(K) =   296.74  PRESS =     0.0
 Etot   =    -34365.6484  EKtot   =      9078.4277  EPtot      =    -43444.0761
 BOND   =       337.3994  ANGLE   =      1040.7757  DIHED      =      1371.0939
 1-4 NB =       458.7912  1-4 EEL =      6284.2448  VDWAALS    =      4759.4109
 EELEC  =    -57859.1699  EHBOND  =         0.0000  RESTRAINT  =       163.3779
 EAMBER (non-restraint)  =    -43607.4541
 ------------------------------------------------------------------------------

wrapping first mol.:       20.29907       28.70721       49.72235
wrapping first mol.:       20.29907       28.70721       49.72235

 NSTEP =    13500   TIME(PS) =     267.000  TEMP(K) =   296.17  PRESS =     0.0
 Etot   =    -34358.5029  EKtot   =      9061.0322  EPtot      =    -43419.5352
 BOND   =       340.0031  ANGLE   =      1045.2353  DIHED      =      1380.3850
 1-4 NB =       465.0846  1-4 EEL =      6252.7733  VDWAALS    =      4656.2655
 EELEC  =    -57747.2173  EHBOND  =         0.0000  RESTRAINT  =       187.9354
 EAMBER (non-restraint)  =    -43607.4705
 ------------------------------------------------------------------------------

wrapping first mol.:       20.29907       28.70721       49.72235
wrapping first mol.:       20.29907       28.70721       49.72235

 NSTEP =    14000   TIME(PS) =     268.000  TEMP(K) =   301.03  PRESS =     0.0
 Etot   =    -34281.4139  EKtot   =      9209.5469  EPtot      =    -43490.9608
 BOND   =       327.3990  ANGLE   =      1055.2206  DIHED      =      1390.2005
 1-4 NB =       465.6019  1-4 EEL =      6284.0965  VDWAALS    =      4797.5291
 EELEC  =    -57981.4820  EHBOND  =         0.0000  RESTRAINT  =       170.4737
 EAMBER (non-restraint)  =    -43661.4345
 ------------------------------------------------------------------------------

wrapping first mol.:       20.29907       28.70721       49.72235
wrapping first mol.:       20.29907       28.70721       49.72235

 NSTEP =    14500   TIME(PS) =     269.000  TEMP(K) =   302.02  PRESS =     0.0
 Etot   =    -34377.2940  EKtot   =      9240.0400  EPtot      =    -43617.3340
 BOND   =       340.2675  ANGLE   =      1012.7865  DIHED      =      1366.1227
 1-4 NB =       446.6764  1-4 EEL =      6271.2923  VDWAALS    =      4766.5823
 EELEC  =    -58002.2408  EHBOND  =         0.0000  RESTRAINT  =       181.1790
 EAMBER (non-restraint)  =    -43798.5130
 ------------------------------------------------------------------------------

wrapping first mol.:       20.29907       28.70721       49.72235
wrapping first mol.:       20.29907       28.70721       49.72235

 NSTEP =    15000   TIME(PS) =     270.000  TEMP(K) =   298.92  PRESS =     0.0
 Etot   =    -34242.7121  EKtot   =      9144.9609  EPtot      =    -43387.6730
 BOND   =       332.2651  ANGLE   =      1032.1100  DIHED      =      1349.3053
 1-4 NB =       480.0101  1-4 EEL =      6285.9477  VDWAALS    =      4770.6442
 EELEC  =    -57814.6750  EHBOND  =         0.0000  RESTRAINT  =       176.7195
 EAMBER (non-restraint)  =    -43564.3926
 ------------------------------------------------------------------------------

wrapping first mol.:       20.29907       28.70721       49.72235
wrapping first mol.:       20.29907       28.70721       49.72235

 NSTEP =    15500   TIME(PS) =     271.000  TEMP(K) =   303.01  PRESS =     0.0
 Etot   =    -34186.7146  EKtot   =      9270.2051  EPtot      =    -43456.9197
 BOND   =       353.3606  ANGLE   =       992.8308  DIHED      =      1369.2004
 1-4 NB =       478.7665  1-4 EEL =      6259.4491  VDWAALS    =      4713.7650
 EELEC  =    -57800.4913  EHBOND  =         0.0000  RESTRAINT  =       176.1991
 EAMBER (non-restraint)  =    -43633.1188
 ------------------------------------------------------------------------------

wrapping first mol.:       20.29907       28.70721       49.72235
wrapping first mol.:       20.29907       28.70721       49.72235

 NSTEP =    16000   TIME(PS) =     272.000  TEMP(K) =   303.84  PRESS =     0.0
 Etot   =    -34191.2094  EKtot   =      9295.6973  EPtot      =    -43486.9066
 BOND   =       343.4406  ANGLE   =      1044.6909  DIHED      =      1382.5769
 1-4 NB =       456.8805  1-4 EEL =      6261.5670  VDWAALS    =      4735.7666
 EELEC  =    -57889.3869  EHBOND  =         0.0000  RESTRAINT  =       177.5578
 EAMBER (non-restraint)  =    -43664.4644
 ------------------------------------------------------------------------------

wrapping first mol.:       20.29907       28.70721       49.72235
wrapping first mol.:       20.29907       28.70721       49.72235

 NSTEP =    16500   TIME(PS) =     273.000  TEMP(K) =   304.06  PRESS =     0.0
 Etot   =    -34188.2925  EKtot   =      9302.2490  EPtot      =    -43490.5415
 BOND   =       336.7519  ANGLE   =      1061.8233  DIHED      =      1350.6564
 1-4 NB =       462.0977  1-4 EEL =      6273.8944  VDWAALS    =      4748.0125
 EELEC  =    -57905.7664  EHBOND  =         0.0000  RESTRAINT  =       181.9888
 EAMBER (non-restraint)  =    -43672.5303
 ------------------------------------------------------------------------------

wrapping first mol.:       20.29907       28.70721       49.72235
wrapping first mol.:       20.29907       28.70721       49.72235

 NSTEP =    17000   TIME(PS) =     274.000  TEMP(K) =   296.64  PRESS =     0.0
 Etot   =    -34333.1042  EKtot   =      9075.4736  EPtot      =    -43408.5778
 BOND   =       330.8556  ANGLE   =      1044.9399  DIHED      =      1387.7623
 1-4 NB =       461.5737  1-4 EEL =      6246.2427  VDWAALS    =      4807.4438
 EELEC  =    -57872.8222  EHBOND  =         0.0000  RESTRAINT  =       185.4264
 EAMBER (non-restraint)  =    -43594.0042
 ------------------------------------------------------------------------------

wrapping first mol.:       20.29907       28.70721       49.72235
wrapping first mol.:       20.29907       28.70721       49.72235

 NSTEP =    17500   TIME(PS) =     275.000  TEMP(K) =   300.84  PRESS =     0.0
 Etot   =    -34174.8645  EKtot   =      9203.8682  EPtot      =    -43378.7327
 BOND   =       333.6152  ANGLE   =      1045.6835  DIHED      =      1392.3915
 1-4 NB =       467.4015  1-4 EEL =      6275.3321  VDWAALS    =      4808.7363
 EELEC  =    -57892.1322  EHBOND  =         0.0000  RESTRAINT  =       190.2394
 EAMBER (non-restraint)  =    -43568.9721
 ------------------------------------------------------------------------------

wrapping first mol.:       20.29907       28.70721       49.72235
wrapping first mol.:       20.29907       28.70721       49.72235

 NSTEP =    18000   TIME(PS) =     276.000  TEMP(K) =   295.92  PRESS =     0.0
 Etot   =    -34566.7948  EKtot   =      9053.1973  EPtot      =    -43619.9921
 BOND   =       324.2546  ANGLE   =      1030.6386  DIHED      =      1348.0166
 1-4 NB =       462.6796  1-4 EEL =      6265.6764  VDWAALS    =      4713.0431
 EELEC  =    -57926.2978  EHBOND  =         0.0000  RESTRAINT  =       161.9968
 EAMBER (non-restraint)  =    -43781.9889
 ------------------------------------------------------------------------------

wrapping first mol.:       20.29907       28.70721       49.72235
wrapping first mol.:       20.29907       28.70721       49.72235

 NSTEP =    18500   TIME(PS) =     277.000  TEMP(K) =   299.48  PRESS =     0.0
 Etot   =    -34322.3618  EKtot   =      9162.1055  EPtot      =    -43484.4673
 BOND   =       354.1858  ANGLE   =      1036.2500  DIHED      =      1383.8100
 1-4 NB =       460.7587  1-4 EEL =      6280.4129  VDWAALS    =      5013.6698
 EELEC  =    -58206.1912  EHBOND  =         0.0000  RESTRAINT  =       192.6367
 EAMBER (non-restraint)  =    -43677.1040
 ------------------------------------------------------------------------------

wrapping first mol.:       20.29907       28.70721       49.72235
wrapping first mol.:       20.29907       28.70721       49.72235

 NSTEP =    19000   TIME(PS) =     278.000  TEMP(K) =   297.53  PRESS =     0.0
 Etot   =    -34543.1730  EKtot   =      9102.6289  EPtot      =    -43645.8019
 BOND   =       329.9310  ANGLE   =      1061.9363  DIHED      =      1383.6960
 1-4 NB =       466.5910  1-4 EEL =      6279.7647  VDWAALS    =      4575.5612
 EELEC  =    -57906.6379  EHBOND  =         0.0000  RESTRAINT  =       163.3558
 EAMBER (non-restraint)  =    -43809.1577
 ------------------------------------------------------------------------------

wrapping first mol.:       20.29907       28.70721       49.72235
wrapping first mol.:       20.29907       28.70721       49.72235

 NSTEP =    19500   TIME(PS) =     279.000  TEMP(K) =   306.62  PRESS =     0.0
 Etot   =    -34134.7063  EKtot   =      9380.6807  EPtot      =    -43515.3870
 BOND   =       321.7861  ANGLE   =      1005.8998  DIHED      =      1386.4728
 1-4 NB =       473.6270  1-4 EEL =      6284.3018  VDWAALS    =      4656.7644
 EELEC  =    -57801.5253  EHBOND  =         0.0000  RESTRAINT  =       157.2863
 EAMBER (non-restraint)  =    -43672.6733
 ------------------------------------------------------------------------------

wrapping first mol.:       20.29907       28.70721       49.72235
wrapping first mol.:       20.29907       28.70721       49.72235

 NSTEP =    20000   TIME(PS) =     280.000  TEMP(K) =   300.51  PRESS =     0.0
 Etot   =    -34269.5925  EKtot   =      9193.8213  EPtot      =    -43463.4138
 BOND   =       320.9817  ANGLE   =      1017.8415  DIHED      =      1369.9195
 1-4 NB =       451.9209  1-4 EEL =      6276.9484  VDWAALS    =      4736.7801
 EELEC  =    -57836.6998  EHBOND  =         0.0000  RESTRAINT  =       198.8940
 EAMBER (non-restraint)  =    -43662.3078
 ------------------------------------------------------------------------------

wrapping first mol.:       20.29907       28.70721       49.72235
wrapping first mol.:       20.29907       28.70721       49.72235

 NSTEP =    20500   TIME(PS) =     281.000  TEMP(K) =   296.69  PRESS =     0.0
 Etot   =    -34496.0124  EKtot   =      9076.9268  EPtot      =    -43572.9392
 BOND   =       333.6811  ANGLE   =      1063.6805  DIHED      =      1369.4967
 1-4 NB =       475.0624  1-4 EEL =      6260.6269  VDWAALS    =      4786.8857
 EELEC  =    -58046.1445  EHBOND  =         0.0000  RESTRAINT  =       183.7719
 EAMBER (non-restraint)  =    -43756.7111
 ------------------------------------------------------------------------------

wrapping first mol.:       20.29907       28.70721       49.72235
wrapping first mol.:       20.29907       28.70721       49.72235

 NSTEP =    21000   TIME(PS) =     282.000  TEMP(K) =   298.84  PRESS =     0.0
 Etot   =    -34341.8171  EKtot   =      9142.6611  EPtot      =    -43484.4782
 BOND   =       351.1837  ANGLE   =       991.0601  DIHED      =      1387.2567
 1-4 NB =       478.9246  1-4 EEL =      6291.5310  VDWAALS    =      4971.3232
 EELEC  =    -58140.6048  EHBOND  =         0.0000  RESTRAINT  =       184.8472
 EAMBER (non-restraint)  =    -43669.3255
 ------------------------------------------------------------------------------

wrapping first mol.:       20.29907       28.70721       49.72235
wrapping first mol.:       20.29907       28.70721       49.72235

 NSTEP =    21500   TIME(PS) =     283.000  TEMP(K) =   298.78  PRESS =     0.0
 Etot   =    -34508.1874  EKtot   =      9140.8721  EPtot      =    -43649.0595
 BOND   =       347.7132  ANGLE   =      1028.0647  DIHED      =      1368.9876
 1-4 NB =       458.7237  1-4 EEL =      6269.8724  VDWAALS    =      4749.9408
 EELEC  =    -58059.2941  EHBOND  =         0.0000  RESTRAINT  =       186.9322
 EAMBER (non-restraint)  =    -43835.9917
 ------------------------------------------------------------------------------

wrapping first mol.:       20.29907       28.70721       49.72235
wrapping first mol.:       20.29907       28.70721       49.72235

 NSTEP =    22000   TIME(PS) =     284.000  TEMP(K) =   299.69  PRESS =     0.0
 Etot   =    -34479.7506  EKtot   =      9168.6592  EPtot      =    -43648.4098
 BOND   =       339.8924  ANGLE   =      1041.0532  DIHED      =      1367.8474
 1-4 NB =       476.7848  1-4 EEL =      6279.3161  VDWAALS    =      4806.5074
 EELEC  =    -58146.9543  EHBOND  =         0.0000  RESTRAINT  =       187.1432
 EAMBER (non-restraint)  =    -43835.5530
 ------------------------------------------------------------------------------

wrapping first mol.:       20.29907       28.70721       49.72235
wrapping first mol.:       20.29907       28.70721       49.72235

 NSTEP =    22500   TIME(PS) =     285.000  TEMP(K) =   298.63  PRESS =     0.0
 Etot   =    -34450.7761  EKtot   =      9136.2178  EPtot      =    -43586.9939
 BOND   =       333.4773  ANGLE   =      1053.6915  DIHED      =      1366.4031
 1-4 NB =       472.6414  1-4 EEL =      6255.7546  VDWAALS    =      4584.4353
 EELEC  =    -57833.6998  EHBOND  =         0.0000  RESTRAINT  =       180.3027
 EAMBER (non-restraint)  =    -43767.2966
 ------------------------------------------------------------------------------

wrapping first mol.:       20.29907       28.70721       49.72235
wrapping first mol.:       20.29907       28.70721       49.72235

 NSTEP =    23000   TIME(PS) =     286.000  TEMP(K) =   297.91  PRESS =     0.0
 Etot   =    -34356.3941  EKtot   =      9114.1133  EPtot      =    -43470.5074
 BOND   =       330.9032  ANGLE   =       988.6284  DIHED      =      1383.7376
 1-4 NB =       465.0464  1-4 EEL =      6294.7372  VDWAALS    =      4745.6715
 EELEC  =    -57854.4012  EHBOND  =         0.0000  RESTRAINT  =       175.1696
 EAMBER (non-restraint)  =    -43645.6770
 ------------------------------------------------------------------------------

wrapping first mol.:       20.29907       28.70721       49.72235
wrapping first mol.:       20.29907       28.70721       49.72235

 NSTEP =    23500   TIME(PS) =     287.000  TEMP(K) =   303.98  PRESS =     0.0
 Etot   =    -34316.6185  EKtot   =      9299.7568  EPtot      =    -43616.3753
 BOND   =       313.9397  ANGLE   =      1007.6228  DIHED      =      1380.0438
 1-4 NB =       462.4795  1-4 EEL =      6262.4851  VDWAALS    =      4848.5794
 EELEC  =    -58064.7618  EHBOND  =         0.0000  RESTRAINT  =       173.2362
 EAMBER (non-restraint)  =    -43789.6116
 ------------------------------------------------------------------------------

wrapping first mol.:       20.29907       28.70721       49.72235
wrapping first mol.:       20.29907       28.70721       49.72235

 NSTEP =    24000   TIME(PS) =     288.000  TEMP(K) =   301.54  PRESS =     0.0
 Etot   =    -34080.7396  EKtot   =      9225.2988  EPtot      =    -43306.0384
 BOND   =       313.9186  ANGLE   =      1043.9867  DIHED      =      1368.2392
 1-4 NB =       468.1133  1-4 EEL =      6296.1006  VDWAALS    =      4704.6177
 EELEC  =    -57692.5115  EHBOND  =         0.0000  RESTRAINT  =       191.4970
 EAMBER (non-restraint)  =    -43497.5355
 ------------------------------------------------------------------------------

wrapping first mol.:       20.29907       28.70721       49.72235
wrapping first mol.:       20.29907       28.70721       49.72235

 NSTEP =    24500   TIME(PS) =     289.000  TEMP(K) =   301.79  PRESS =     0.0
 Etot   =    -34545.6044  EKtot   =      9232.8428  EPtot      =    -43778.4472
 BOND   =       322.6929  ANGLE   =       992.2843  DIHED      =      1377.8665
 1-4 NB =       457.9163  1-4 EEL =      6276.9583  VDWAALS    =      4771.9190
 EELEC  =    -58167.7542  EHBOND  =         0.0000  RESTRAINT  =       189.6697
 EAMBER (non-restraint)  =    -43968.1169
 ------------------------------------------------------------------------------

wrapping first mol.:       20.29907       28.70721       49.72235
wrapping first mol.:       20.29907       28.70721       49.72235

 NSTEP =    25000   TIME(PS) =     290.000  TEMP(K) =   300.15  PRESS =     0.0
 Etot   =    -34423.7065  EKtot   =      9182.8408  EPtot      =    -43606.5474
 BOND   =       369.6898  ANGLE   =      1031.2885  DIHED      =      1374.7910
 1-4 NB =       464.7106  1-4 EEL =      6271.0896  VDWAALS    =      4870.6525
 EELEC  =    -58164.8648  EHBOND  =         0.0000  RESTRAINT  =       176.0954
 EAMBER (non-restraint)  =    -43782.6428
 ------------------------------------------------------------------------------

wrapping first mol.:       20.29907       28.70721       49.72235
wrapping first mol.:       20.29907       28.70721       49.72235

 NSTEP =    25500   TIME(PS) =     291.000  TEMP(K) =   299.18  PRESS =     0.0
 Etot   =    -34345.2220  EKtot   =      9153.0869  EPtot      =    -43498.3089
 BOND   =       355.4447  ANGLE   =      1075.4347  DIHED      =      1371.2243
 1-4 NB =       456.7646  1-4 EEL =      6237.2980  VDWAALS    =      4745.4103
 EELEC  =    -57907.9799  EHBOND  =         0.0000  RESTRAINT  =       168.0943
 EAMBER (non-restraint)  =    -43666.4032
 ------------------------------------------------------------------------------

wrapping first mol.:       20.29907       28.70721       49.72235
wrapping first mol.:       20.29907       28.70721       49.72235

 NSTEP =    26000   TIME(PS) =     292.000  TEMP(K) =   299.85  PRESS =     0.0
 Etot   =    -34313.1532  EKtot   =      9173.7031  EPtot      =    -43486.8563
 BOND   =       325.0381  ANGLE   =      1073.8780  DIHED      =      1366.4620
 1-4 NB =       453.7383  1-4 EEL =      6272.6559  VDWAALS    =      4675.8712
 EELEC  =    -57826.6306  EHBOND  =         0.0000  RESTRAINT  =       172.1308
 EAMBER (non-restraint)  =    -43658.9871
 ------------------------------------------------------------------------------

wrapping first mol.:       20.29907       28.70721       49.72235
wrapping first mol.:       20.29907       28.70721       49.72235

 NSTEP =    26500   TIME(PS) =     293.000  TEMP(K) =   295.84  PRESS =     0.0
 Etot   =    -34558.4430  EKtot   =      9050.8525  EPtot      =    -43609.2956
 BOND   =       356.3995  ANGLE   =      1009.3876  DIHED      =      1353.5132
 1-4 NB =       470.9931  1-4 EEL =      6292.6121  VDWAALS    =      4533.0185
 EELEC  =    -57818.7876  EHBOND  =         0.0000  RESTRAINT  =       193.5679
 EAMBER (non-restraint)  =    -43802.8635
 ------------------------------------------------------------------------------

wrapping first mol.:       20.29907       28.70721       49.72235
wrapping first mol.:       20.29907       28.70721       49.72235

 NSTEP =    27000   TIME(PS) =     294.000  TEMP(K) =   301.35  PRESS =     0.0
 Etot   =    -34416.4556  EKtot   =      9219.4629  EPtot      =    -43635.9185
 BOND   =       330.1930  ANGLE   =      1009.5969  DIHED      =      1383.4760
 1-4 NB =       481.3542  1-4 EEL =      6260.1058  VDWAALS    =      4969.3163
 EELEC  =    -58243.7427  EHBOND  =         0.0000  RESTRAINT  =       173.7819
 EAMBER (non-restraint)  =    -43809.7004
 ------------------------------------------------------------------------------

wrapping first mol.:       20.29907       28.70721       49.72235
wrapping first mol.:       20.29907       28.70721       49.72235

 NSTEP =    27500   TIME(PS) =     295.000  TEMP(K) =   297.79  PRESS =     0.0
 Etot   =    -34450.4506  EKtot   =      9110.5840  EPtot      =    -43561.0346
 BOND   =       342.3238  ANGLE   =      1018.6762  DIHED      =      1348.4546
 1-4 NB =       458.4252  1-4 EEL =      6269.0582  VDWAALS    =      4674.0060
 EELEC  =    -57860.1910  EHBOND  =         0.0000  RESTRAINT  =       188.2124
 EAMBER (non-restraint)  =    -43749.2470
 ------------------------------------------------------------------------------

wrapping first mol.:       20.29907       28.70721       49.72235
wrapping first mol.:       20.29907       28.70721       49.72235

 NSTEP =    28000   TIME(PS) =     296.000  TEMP(K) =   301.27  PRESS =     0.0
 Etot   =    -34189.3194  EKtot   =      9216.8867  EPtot      =    -43406.2061
 BOND   =       332.3578  ANGLE   =      1038.3144  DIHED      =      1359.5525
 1-4 NB =       465.3892  1-4 EEL =      6274.2126  VDWAALS    =      4758.9627
 EELEC  =    -57812.9581  EHBOND  =         0.0000  RESTRAINT  =       177.9629
 EAMBER (non-restraint)  =    -43584.1690
 ------------------------------------------------------------------------------

wrapping first mol.:       20.29907       28.70721       49.72235
wrapping first mol.:       20.29907       28.70721       49.72235

 NSTEP =    28500   TIME(PS) =     297.000  TEMP(K) =   299.34  PRESS =     0.0
 Etot   =    -34218.6115  EKtot   =      9157.8994  EPtot      =    -43376.5110
 BOND   =       340.7631  ANGLE   =      1079.2164  DIHED      =      1378.2548
 1-4 NB =       462.9349  1-4 EEL =      6243.3539  VDWAALS    =      4669.4841
 EELEC  =    -57718.1738  EHBOND  =         0.0000  RESTRAINT  =       167.6557
 EAMBER (non-restraint)  =    -43544.1666
 ------------------------------------------------------------------------------

wrapping first mol.:       20.29907       28.70721       49.72235
wrapping first mol.:       20.29907       28.70721       49.72235

 NSTEP =    29000   TIME(PS) =     298.000  TEMP(K) =   298.34  PRESS =     0.0
 Etot   =    -34579.9817  EKtot   =      9127.2695  EPtot      =    -43707.2512
 BOND   =       337.5045  ANGLE   =      1019.9256  DIHED      =      1371.9119
 1-4 NB =       455.7599  1-4 EEL =      6264.6885  VDWAALS    =      4791.0982
 EELEC  =    -58115.2557  EHBOND  =         0.0000  RESTRAINT  =       167.1159
 EAMBER (non-restraint)  =    -43874.3671
 ------------------------------------------------------------------------------

wrapping first mol.:       20.29907       28.70721       49.72235
wrapping first mol.:       20.29907       28.70721       49.72235

 NSTEP =    29500   TIME(PS) =     299.000  TEMP(K) =   300.20  PRESS =     0.0
 Etot   =    -34438.4575  EKtot   =      9184.3848  EPtot      =    -43622.8423
 BOND   =       334.1785  ANGLE   =      1019.9925  DIHED      =      1398.3947
 1-4 NB =       460.2467  1-4 EEL =      6270.5047  VDWAALS    =      4731.0174
 EELEC  =    -58007.4241  EHBOND  =         0.0000  RESTRAINT  =       170.2473
 EAMBER (non-restraint)  =    -43793.0896
 ------------------------------------------------------------------------------

wrapping first mol.:       20.29907       28.70721       49.72235
wrapping first mol.:       20.29907       28.70721       49.72235

 NSTEP =    30000   TIME(PS) =     300.000  TEMP(K) =   299.37  PRESS =     0.0
 Etot   =    -34483.0437  EKtot   =      9158.7383  EPtot      =    -43641.7820
 BOND   =       327.4379  ANGLE   =      1004.5521  DIHED      =      1346.2937
 1-4 NB =       473.1993  1-4 EEL =      6248.7563  VDWAALS    =      4788.9817
 EELEC  =    -58018.1496  EHBOND  =         0.0000  RESTRAINT  =       187.1465
 EAMBER (non-restraint)  =    -43828.9285
 ------------------------------------------------------------------------------

wrapping first mol.:       20.29907       28.70721       49.72235
wrapping first mol.:       20.29907       28.70721       49.72235

 NSTEP =    30500   TIME(PS) =     301.000  TEMP(K) =   298.12  PRESS =     0.0
 Etot   =    -34337.1932  EKtot   =      9120.7373  EPtot      =    -43457.9305
 BOND   =       373.0881  ANGLE   =      1063.9875  DIHED      =      1382.9771
 1-4 NB =       458.9526  1-4 EEL =      6258.9924  VDWAALS    =      4630.8756
 EELEC  =    -57819.6649  EHBOND  =         0.0000  RESTRAINT  =       192.8611
 EAMBER (non-restraint)  =    -43650.7916
 ------------------------------------------------------------------------------

wrapping first mol.:       20.29907       28.70721       49.72235
wrapping first mol.:       20.29907       28.70721       49.72235

 NSTEP =    31000   TIME(PS) =     302.000  TEMP(K) =   300.57  PRESS =     0.0
 Etot   =    -34411.3405  EKtot   =      9195.5293  EPtot      =    -43606.8698
 BOND   =       361.3515  ANGLE   =      1055.5981  DIHED      =      1345.7285
 1-4 NB =       468.2970  1-4 EEL =      6280.8558  VDWAALS    =      4824.1295
 EELEC  =    -58139.6873  EHBOND  =         0.0000  RESTRAINT  =       196.8573
 EAMBER (non-restraint)  =    -43803.7271
 ------------------------------------------------------------------------------

wrapping first mol.:       20.29907       28.70721       49.72235
wrapping first mol.:       20.29907       28.70721       49.72235

 NSTEP =    31500   TIME(PS) =     303.000  TEMP(K) =   301.68  PRESS =     0.0
 Etot   =    -34291.3660  EKtot   =      9229.6104  EPtot      =    -43520.9763
 BOND   =       335.2005  ANGLE   =      1011.4415  DIHED      =      1367.2652
 1-4 NB =       464.0668  1-4 EEL =      6261.9284  VDWAALS    =      4711.6694
 EELEC  =    -57860.4624  EHBOND  =         0.0000  RESTRAINT  =       187.9143
 EAMBER (non-restraint)  =    -43708.8907
 ------------------------------------------------------------------------------

wrapping first mol.:       20.29907       28.70721       49.72235
wrapping first mol.:       20.29907       28.70721       49.72235

 NSTEP =    32000   TIME(PS) =     304.000  TEMP(K) =   297.50  PRESS =     0.0
 Etot   =    -34348.8828  EKtot   =      9101.6318  EPtot      =    -43450.5146
 BOND   =       342.5013  ANGLE   =      1064.5052  DIHED      =      1371.5815
 1-4 NB =       471.4352  1-4 EEL =      6279.2668  VDWAALS    =      4666.2953
 EELEC  =    -57811.5101  EHBOND  =         0.0000  RESTRAINT  =       165.4101
 EAMBER (non-restraint)  =    -43615.9247
 ------------------------------------------------------------------------------

wrapping first mol.:       20.29907       28.70721       49.72235
wrapping first mol.:       20.29907       28.70721       49.72235

 NSTEP =    32500   TIME(PS) =     305.000  TEMP(K) =   300.30  PRESS =     0.0
 Etot   =    -34403.4494  EKtot   =      9187.2646  EPtot      =    -43590.7141
 BOND   =       332.7222  ANGLE   =      1034.6333  DIHED      =      1365.4473
 1-4 NB =       460.3620  1-4 EEL =      6258.4182  VDWAALS    =      4866.7097
 EELEC  =    -58092.6491  EHBOND  =         0.0000  RESTRAINT  =       183.6424
 EAMBER (non-restraint)  =    -43774.3565
 ------------------------------------------------------------------------------

wrapping first mol.:       20.29907       28.70721       49.72235
wrapping first mol.:       20.29907       28.70721       49.72235

 NSTEP =    33000   TIME(PS) =     306.000  TEMP(K) =   299.88  PRESS =     0.0
 Etot   =    -34369.8612  EKtot   =      9174.4893  EPtot      =    -43544.3505
 BOND   =       345.5256  ANGLE   =      1025.1647  DIHED      =      1370.1593
 1-4 NB =       451.3893  1-4 EEL =      6269.2674  VDWAALS    =      4765.4709
 EELEC  =    -57934.8608  EHBOND  =         0.0000  RESTRAINT  =       163.5332
 EAMBER (non-restraint)  =    -43707.8837
 ------------------------------------------------------------------------------

wrapping first mol.:       20.29907       28.70721       49.72235
wrapping first mol.:       20.29907       28.70721       49.72235

 NSTEP =    33500   TIME(PS) =     307.000  TEMP(K) =   300.09  PRESS =     0.0
 Etot   =    -34336.6616  EKtot   =      9180.9551  EPtot      =    -43517.6166
 BOND   =       319.1838  ANGLE   =      1034.1825  DIHED      =      1376.1289
 1-4 NB =       454.5622  1-4 EEL =      6266.7894  VDWAALS    =      4794.0517
 EELEC  =    -57942.3655  EHBOND  =         0.0000  RESTRAINT  =       179.8502
 EAMBER (non-restraint)  =    -43697.4669
 ------------------------------------------------------------------------------

wrapping first mol.:       20.29907       28.70721       49.72235
wrapping first mol.:       20.29907       28.70721       49.72235

 NSTEP =    34000   TIME(PS) =     308.000  TEMP(K) =   300.22  PRESS =     0.0
 Etot   =    -34363.2739  EKtot   =      9184.7373  EPtot      =    -43548.0112
 BOND   =       314.8234  ANGLE   =      1012.9654  DIHED      =      1360.6888
 1-4 NB =       465.7428  1-4 EEL =      6263.1797  VDWAALS    =      4717.9137
 EELEC  =    -57848.1815  EHBOND  =         0.0000  RESTRAINT  =       164.8564
 EAMBER (non-restraint)  =    -43712.8676
 ------------------------------------------------------------------------------

wrapping first mol.:       20.29907       28.70721       49.72235
wrapping first mol.:       20.29907       28.70721       49.72235

 NSTEP =    34500   TIME(PS) =     309.000  TEMP(K) =   296.03  PRESS =     0.0
 Etot   =    -34479.7750  EKtot   =      9056.7227  EPtot      =    -43536.4977
 BOND   =       313.8236  ANGLE   =      1083.7341  DIHED      =      1371.1041
 1-4 NB =       472.7596  1-4 EEL =      6232.9739  VDWAALS    =      4738.1434
 EELEC  =    -57929.9627  EHBOND  =         0.0000  RESTRAINT  =       180.9264
 EAMBER (non-restraint)  =    -43717.4241
 ------------------------------------------------------------------------------

wrapping first mol.:       20.29907       28.70721       49.72235
wrapping first mol.:       20.29907       28.70721       49.72235

 NSTEP =    35000   TIME(PS) =     310.000  TEMP(K) =   295.66  PRESS =     0.0
 Etot   =    -34481.7536  EKtot   =      9045.3535  EPtot      =    -43527.1072
 BOND   =       344.8695  ANGLE   =      1015.7191  DIHED      =      1362.0870
 1-4 NB =       472.6409  1-4 EEL =      6248.4090  VDWAALS    =      4680.7652
 EELEC  =    -57819.5133  EHBOND  =         0.0000  RESTRAINT  =       167.9154
 EAMBER (non-restraint)  =    -43695.0226
 ------------------------------------------------------------------------------

wrapping first mol.:       20.29907       28.70721       49.72235
wrapping first mol.:       20.29907       28.70721       49.72235

 NSTEP =    35500   TIME(PS) =     311.000  TEMP(K) =   299.93  PRESS =     0.0
 Etot   =    -34356.4130  EKtot   =      9176.1084  EPtot      =    -43532.5214
 BOND   =       340.8393  ANGLE   =      1053.2169  DIHED      =      1363.9100
 1-4 NB =       458.4134  1-4 EEL =      6274.0718  VDWAALS    =      4683.6907
 EELEC  =    -57896.7076  EHBOND  =         0.0000  RESTRAINT  =       190.0441
 EAMBER (non-restraint)  =    -43722.5655
 ------------------------------------------------------------------------------

wrapping first mol.:       20.29907       28.70721       49.72235
wrapping first mol.:       20.29907       28.70721       49.72235

 NSTEP =    36000   TIME(PS) =     312.000  TEMP(K) =   301.83  PRESS =     0.0
 Etot   =    -34273.2874  EKtot   =      9234.0938  EPtot      =    -43507.3811
 BOND   =       326.3005  ANGLE   =      1036.3645  DIHED      =      1360.8721
 1-4 NB =       455.9276  1-4 EEL =      6272.4297  VDWAALS    =      4840.0963
 EELEC  =    -57977.2566  EHBOND  =         0.0000  RESTRAINT  =       177.8847
 EAMBER (non-restraint)  =    -43685.2659
 ------------------------------------------------------------------------------

wrapping first mol.:       20.29907       28.70721       49.72235
wrapping first mol.:       20.29907       28.70721       49.72235

 NSTEP =    36500   TIME(PS) =     313.000  TEMP(K) =   300.47  PRESS =     0.0
 Etot   =    -34213.0487  EKtot   =      9192.4590  EPtot      =    -43405.5077
 BOND   =       313.1089  ANGLE   =       997.0692  DIHED      =      1385.4253
 1-4 NB =       471.2603  1-4 EEL =      6250.5870  VDWAALS    =      4698.2919
 EELEC  =    -57700.5743  EHBOND  =         0.0000  RESTRAINT  =       179.3241
 EAMBER (non-restraint)  =    -43584.8318
 ------------------------------------------------------------------------------

wrapping first mol.:       20.29907       28.70721       49.72235
wrapping first mol.:       20.29907       28.70721       49.72235

 NSTEP =    37000   TIME(PS) =     314.000  TEMP(K) =   296.54  PRESS =     0.0
 Etot   =    -34380.9166  EKtot   =      9072.2197  EPtot      =    -43453.1364
 BOND   =       328.9693  ANGLE   =      1056.3239  DIHED      =      1362.2004
 1-4 NB =       466.3931  1-4 EEL =      6237.0781  VDWAALS    =      4835.3182
 EELEC  =    -57915.7547  EHBOND  =         0.0000  RESTRAINT  =       176.3353
 EAMBER (non-restraint)  =    -43629.4717
 ------------------------------------------------------------------------------

wrapping first mol.:       20.29907       28.70721       49.72235
wrapping first mol.:       20.29907       28.70721       49.72235

 NSTEP =    37500   TIME(PS) =     315.000  TEMP(K) =   300.49  PRESS =     0.0
 Etot   =    -34223.8670  EKtot   =      9193.0293  EPtot      =    -43416.8963
 BOND   =       333.7754  ANGLE   =      1003.8149  DIHED      =      1384.0415
 1-4 NB =       483.8824  1-4 EEL =      6259.6105  VDWAALS    =      4687.8628
 EELEC  =    -57744.9442  EHBOND  =         0.0000  RESTRAINT  =       175.0603
 EAMBER (non-restraint)  =    -43591.9566
 ------------------------------------------------------------------------------

wrapping first mol.:       20.29907       28.70721       49.72235
wrapping first mol.:       20.29907       28.70721       49.72235

 NSTEP =    38000   TIME(PS) =     316.000  TEMP(K) =   300.29  PRESS =     0.0
 Etot   =    -34225.4947  EKtot   =      9187.0244  EPtot      =    -43412.5191
 BOND   =       330.6389  ANGLE   =      1070.5167  DIHED      =      1370.2001
 1-4 NB =       465.6594  1-4 EEL =      6255.8789  VDWAALS    =      4761.1483
 EELEC  =    -57854.1632  EHBOND  =         0.0000  RESTRAINT  =       187.6018
 EAMBER (non-restraint)  =    -43600.1209
 ------------------------------------------------------------------------------

wrapping first mol.:       20.29907       28.70721       49.72235
wrapping first mol.:       20.29907       28.70721       49.72235

 NSTEP =    38500   TIME(PS) =     317.000  TEMP(K) =   299.71  PRESS =     0.0
 Etot   =    -34427.9953  EKtot   =      9169.3955  EPtot      =    -43597.3908
 BOND   =       300.6140  ANGLE   =      1037.5874  DIHED      =      1375.7755
 1-4 NB =       465.6276  1-4 EEL =      6263.3991  VDWAALS    =      4825.7415
 EELEC  =    -58057.8817  EHBOND  =         0.0000  RESTRAINT  =       191.7459
 EAMBER (non-restraint)  =    -43789.1366
 ------------------------------------------------------------------------------

wrapping first mol.:       20.29907       28.70721       49.72235
wrapping first mol.:       20.29907       28.70721       49.72235

 NSTEP =    39000   TIME(PS) =     318.000  TEMP(K) =   297.69  PRESS =     0.0
 Etot   =    -34489.0213  EKtot   =      9107.3457  EPtot      =    -43596.3670
 BOND   =       326.5967  ANGLE   =      1031.0742  DIHED      =      1363.4149
 1-4 NB =       490.8018  1-4 EEL =      6241.5862  VDWAALS    =      4751.7325
 EELEC  =    -57972.7428  EHBOND  =         0.0000  RESTRAINT  =       171.1696
 EAMBER (non-restraint)  =    -43767.5366
 ------------------------------------------------------------------------------

wrapping first mol.:       20.29907       28.70721       49.72235
wrapping first mol.:       20.29907       28.70721       49.72235

 NSTEP =    39500   TIME(PS) =     319.000  TEMP(K) =   300.48  PRESS =     0.0
 Etot   =    -34578.3198  EKtot   =      9192.7988  EPtot      =    -43771.1186
 BOND   =       355.9096  ANGLE   =      1055.9299  DIHED      =      1385.1289
 1-4 NB =       455.2486  1-4 EEL =      6267.5095  VDWAALS    =      4627.3567
 EELEC  =    -58097.9497  EHBOND  =         0.0000  RESTRAINT  =       179.7478
 EAMBER (non-restraint)  =    -43950.8665
 ------------------------------------------------------------------------------

wrapping first mol.:       20.29907       28.70721       49.72235
wrapping first mol.:       20.29907       28.70721       49.72235

 NSTEP =    40000   TIME(PS) =     320.000  TEMP(K) =   297.14  PRESS =     0.0
 Etot   =    -34406.2324  EKtot   =      9090.7842  EPtot      =    -43497.0166
 BOND   =       326.1035  ANGLE   =      1066.5206  DIHED      =      1376.4642
 1-4 NB =       459.1673  1-4 EEL =      6254.3378  VDWAALS    =      4822.6547
 EELEC  =    -57968.6536  EHBOND  =         0.0000  RESTRAINT  =       166.3890
 EAMBER (non-restraint)  =    -43663.4055
 ------------------------------------------------------------------------------

wrapping first mol.:       20.29907       28.70721       49.72235
wrapping first mol.:       20.29907       28.70721       49.72235

 NSTEP =    40500   TIME(PS) =     321.000  TEMP(K) =   300.08  PRESS =     0.0
 Etot   =    -34498.4630  EKtot   =      9180.4609  EPtot      =    -43678.9240
 BOND   =       313.7018  ANGLE   =      1009.4801  DIHED      =      1371.0002
 1-4 NB =       451.7819  1-4 EEL =      6289.6446  VDWAALS    =      4730.1539
 EELEC  =    -58018.9716  EHBOND  =         0.0000  RESTRAINT  =       174.2851
 EAMBER (non-restraint)  =    -43853.2091
 ------------------------------------------------------------------------------

wrapping first mol.:       20.29907       28.70721       49.72235
wrapping first mol.:       20.29907       28.70721       49.72235

 NSTEP =    41000   TIME(PS) =     322.000  TEMP(K) =   303.01  PRESS =     0.0
 Etot   =    -34140.3844  EKtot   =      9270.0850  EPtot      =    -43410.4694
 BOND   =       321.9403  ANGLE   =       985.4553  DIHED      =      1352.2460
 1-4 NB =       470.2149  1-4 EEL =      6295.4273  VDWAALS    =      4842.7135
 EELEC  =    -57862.7641  EHBOND  =         0.0000  RESTRAINT  =       184.2975
 EAMBER (non-restraint)  =    -43594.7669
 ------------------------------------------------------------------------------

wrapping first mol.:       20.29907       28.70721       49.72235
wrapping first mol.:       20.29907       28.70721       49.72235

 NSTEP =    41500   TIME(PS) =     323.000  TEMP(K) =   299.79  PRESS =     0.0
 Etot   =    -34389.8261  EKtot   =      9171.6387  EPtot      =    -43561.4648
 BOND   =       303.7996  ANGLE   =      1027.9052  DIHED      =      1370.1642
 1-4 NB =       463.5495  1-4 EEL =      6263.9006  VDWAALS    =      4896.2387
 EELEC  =    -58060.3337  EHBOND  =         0.0000  RESTRAINT  =       173.3111
 EAMBER (non-restraint)  =    -43734.7759
 ------------------------------------------------------------------------------

wrapping first mol.:       20.29907       28.70721       49.72235
wrapping first mol.:       20.29907       28.70721       49.72235

 NSTEP =    42000   TIME(PS) =     324.000  TEMP(K) =   297.75  PRESS =     0.0
 Etot   =    -34511.4039  EKtot   =      9109.1611  EPtot      =    -43620.5650
 BOND   =       347.6568  ANGLE   =       989.0039  DIHED      =      1379.5360
 1-4 NB =       455.4029  1-4 EEL =      6268.8254  VDWAALS    =      4727.6448
 EELEC  =    -57962.4701  EHBOND  =         0.0000  RESTRAINT  =       173.8353
 EAMBER (non-restraint)  =    -43794.4003
 ------------------------------------------------------------------------------

wrapping first mol.:       20.29907       28.70721       49.72235
wrapping first mol.:       20.29907       28.70721       49.72235

 NSTEP =    42500   TIME(PS) =     325.000  TEMP(K) =   298.32  PRESS =     0.0
 Etot   =    -34394.1659  EKtot   =      9126.8184  EPtot      =    -43520.9843
 BOND   =       361.0685  ANGLE   =      1054.4213  DIHED      =      1364.8841
 1-4 NB =       457.8402  1-4 EEL =      6256.4427  VDWAALS    =      4721.4198
 EELEC  =    -57899.9180  EHBOND  =         0.0000  RESTRAINT  =       162.8570
 EAMBER (non-restraint)  =    -43683.8413
 ------------------------------------------------------------------------------

wrapping first mol.:       20.29907       28.70721       49.72235
wrapping first mol.:       20.29907       28.70721       49.72235

 NSTEP =    43000   TIME(PS) =     326.000  TEMP(K) =   294.84  PRESS =     0.0
 Etot   =    -34435.5706  EKtot   =      9020.3066  EPtot      =    -43455.8772
 BOND   =       307.6715  ANGLE   =      1064.9643  DIHED      =      1366.1240
 1-4 NB =       467.2830  1-4 EEL =      6301.6278  VDWAALS    =      4703.9256
 EELEC  =    -57857.3523  EHBOND  =         0.0000  RESTRAINT  =       189.8789
 EAMBER (non-restraint)  =    -43645.7561
 ------------------------------------------------------------------------------

wrapping first mol.:       20.29907       28.70721       49.72235
wrapping first mol.:       20.29907       28.70721       49.72235

 NSTEP =    43500   TIME(PS) =     327.000  TEMP(K) =   302.62  PRESS =     0.0
 Etot   =    -34392.6720  EKtot   =      9258.3457  EPtot      =    -43651.0177
 BOND   =       330.2610  ANGLE   =      1048.0842  DIHED      =      1368.2771
 1-4 NB =       466.5981  1-4 EEL =      6290.1766  VDWAALS    =      4677.0437
 EELEC  =    -58000.7029  EHBOND  =         0.0000  RESTRAINT  =       169.2445
 EAMBER (non-restraint)  =    -43820.2622
 ------------------------------------------------------------------------------

wrapping first mol.:       20.29907       28.70721       49.72235
wrapping first mol.:       20.29907       28.70721       49.72235

 NSTEP =    44000   TIME(PS) =     328.000  TEMP(K) =   300.25  PRESS =     0.0
 Etot   =    -34273.2158  EKtot   =      9185.8750  EPtot      =    -43459.0908
 BOND   =       351.7242  ANGLE   =      1072.1201  DIHED      =      1365.0851
 1-4 NB =       469.3199  1-4 EEL =      6269.4266  VDWAALS    =      4792.2672
 EELEC  =    -57968.1922  EHBOND  =         0.0000  RESTRAINT  =       189.1583
 EAMBER (non-restraint)  =    -43648.2491
 ------------------------------------------------------------------------------

wrapping first mol.:       20.29907       28.70721       49.72235
wrapping first mol.:       20.29907       28.70721       49.72235

 NSTEP =    44500   TIME(PS) =     329.000  TEMP(K) =   305.84  PRESS =     0.0
 Etot   =    -33897.7112  EKtot   =      9356.7100  EPtot      =    -43254.4212
 BOND   =       325.9547  ANGLE   =      1033.2481  DIHED      =      1349.8769
 1-4 NB =       472.4009  1-4 EEL =      6240.9360  VDWAALS    =      4667.9098
 EELEC  =    -57531.8179  EHBOND  =         0.0000  RESTRAINT  =       187.0702
 EAMBER (non-restraint)  =    -43441.4914
 ------------------------------------------------------------------------------

wrapping first mol.:       20.29907       28.70721       49.72235
wrapping first mol.:       20.29907       28.70721       49.72235

 NSTEP =    45000   TIME(PS) =     330.000  TEMP(K) =   300.83  PRESS =     0.0
 Etot   =    -34264.9307  EKtot   =      9203.5488  EPtot      =    -43468.4796
 BOND   =       342.5893  ANGLE   =      1055.5722  DIHED      =      1371.0165
 1-4 NB =       472.6177  1-4 EEL =      6263.7635  VDWAALS    =      4578.7237
 EELEC  =    -57746.9353  EHBOND  =         0.0000  RESTRAINT  =       194.1728
 EAMBER (non-restraint)  =    -43662.6523
 ------------------------------------------------------------------------------

wrapping first mol.:       20.29907       28.70721       49.72235
wrapping first mol.:       20.29907       28.70721       49.72235

 NSTEP =    45500   TIME(PS) =     331.000  TEMP(K) =   299.38  PRESS =     0.0
 Etot   =    -34333.5569  EKtot   =      9159.0645  EPtot      =    -43492.6213
 BOND   =       333.0872  ANGLE   =      1071.7622  DIHED      =      1341.4837
 1-4 NB =       461.9505  1-4 EEL =      6307.8699  VDWAALS    =      4860.9453
 EELEC  =    -58041.6819  EHBOND  =         0.0000  RESTRAINT  =       171.9617
 EAMBER (non-restraint)  =    -43664.5830
 ------------------------------------------------------------------------------

wrapping first mol.:       20.29907       28.70721       49.72235
wrapping first mol.:       20.29907       28.70721       49.72235

 NSTEP =    46000   TIME(PS) =     332.000  TEMP(K) =   299.61  PRESS =     0.0
 Etot   =    -34474.7059  EKtot   =      9166.0898  EPtot      =    -43640.7957
 BOND   =       338.4449  ANGLE   =      1056.2756  DIHED      =      1379.3559
 1-4 NB =       463.6897  1-4 EEL =      6239.1810  VDWAALS    =      4783.8532
 EELEC  =    -58087.2202  EHBOND  =         0.0000  RESTRAINT  =       185.6242
 EAMBER (non-restraint)  =    -43826.4199
 ------------------------------------------------------------------------------

wrapping first mol.:       20.29907       28.70721       49.72235
wrapping first mol.:       20.29907       28.70721       49.72235

 NSTEP =    46500   TIME(PS) =     333.000  TEMP(K) =   297.96  PRESS =     0.0
 Etot   =    -34425.5641  EKtot   =      9115.8555  EPtot      =    -43541.4196
 BOND   =       308.8103  ANGLE   =       985.7166  DIHED      =      1369.9251
 1-4 NB =       465.6715  1-4 EEL =      6274.6644  VDWAALS    =      4769.4017
 EELEC  =    -57893.5750  EHBOND  =         0.0000  RESTRAINT  =       177.9657
 EAMBER (non-restraint)  =    -43719.3853
 ------------------------------------------------------------------------------

wrapping first mol.:       20.29907       28.70721       49.72235
wrapping first mol.:       20.29907       28.70721       49.72235

 NSTEP =    47000   TIME(PS) =     334.000  TEMP(K) =   297.31  PRESS =     0.0
 Etot   =    -34403.3155  EKtot   =      9095.9150  EPtot      =    -43499.2305
 BOND   =       307.5078  ANGLE   =      1021.6360  DIHED      =      1362.9813
 1-4 NB =       481.0279  1-4 EEL =      6281.3755  VDWAALS    =      4761.0890
 EELEC  =    -57912.5618  EHBOND  =         0.0000  RESTRAINT  =       197.7138
 EAMBER (non-restraint)  =    -43696.9443
 ------------------------------------------------------------------------------

wrapping first mol.:       20.29907       28.70721       49.72235
wrapping first mol.:       20.29907       28.70721       49.72235

 NSTEP =    47500   TIME(PS) =     335.000  TEMP(K) =   300.71  PRESS =     0.0
 Etot   =    -34387.0344  EKtot   =      9199.9453  EPtot      =    -43586.9797
 BOND   =       350.5221  ANGLE   =      1030.5229  DIHED      =      1389.8074
 1-4 NB =       467.2580  1-4 EEL =      6265.8991  VDWAALS    =      4800.9129
 EELEC  =    -58073.2634  EHBOND  =         0.0000  RESTRAINT  =       181.3613
 EAMBER (non-restraint)  =    -43768.3410
 ------------------------------------------------------------------------------

wrapping first mol.:       20.29907       28.70721       49.72235
wrapping first mol.:       20.29907       28.70721       49.72235

 NSTEP =    48000   TIME(PS) =     336.000  TEMP(K) =   299.44  PRESS =     0.0
 Etot   =    -34339.4396  EKtot   =      9160.9619  EPtot      =    -43500.4015
 BOND   =       327.4650  ANGLE   =      1023.8216  DIHED      =      1353.8388
 1-4 NB =       463.4668  1-4 EEL =      6253.0480  VDWAALS    =      4929.6983
 EELEC  =    -58032.2264  EHBOND  =         0.0000  RESTRAINT  =       180.4866
 EAMBER (non-restraint)  =    -43680.8880
 ------------------------------------------------------------------------------

wrapping first mol.:       20.29907       28.70721       49.72235
wrapping first mol.:       20.29907       28.70721       49.72235

 NSTEP =    48500   TIME(PS) =     337.000  TEMP(K) =   299.26  PRESS =     0.0
 Etot   =    -34521.4888  EKtot   =      9155.5176  EPtot      =    -43677.0064
 BOND   =       336.1251  ANGLE   =      1081.8865  DIHED      =      1372.9681
 1-4 NB =       464.6511  1-4 EEL =      6264.0436  VDWAALS    =      4830.8913
 EELEC  =    -58203.5274  EHBOND  =         0.0000  RESTRAINT  =       175.9554
 EAMBER (non-restraint)  =    -43852.9618
 ------------------------------------------------------------------------------

wrapping first mol.:       20.29907       28.70721       49.72235
wrapping first mol.:       20.29907       28.70721       49.72235

 NSTEP =    49000   TIME(PS) =     338.000  TEMP(K) =   302.12  PRESS =     0.0
 Etot   =    -34367.4860  EKtot   =      9243.0586  EPtot      =    -43610.5446
 BOND   =       347.5122  ANGLE   =      1014.6109  DIHED      =      1362.3427
 1-4 NB =       463.9445  1-4 EEL =      6254.4985  VDWAALS    =      4637.4518
 EELEC  =    -57881.5212  EHBOND  =         0.0000  RESTRAINT  =       190.6161
 EAMBER (non-restraint)  =    -43801.1607
 ------------------------------------------------------------------------------

wrapping first mol.:       20.29907       28.70721       49.72235
wrapping first mol.:       20.29907       28.70721       49.72235

 NSTEP =    49500   TIME(PS) =     339.000  TEMP(K) =   300.09  PRESS =     0.0
 Etot   =    -34545.7263  EKtot   =      9180.7871  EPtot      =    -43726.5134
 BOND   =       345.0927  ANGLE   =      1038.9758  DIHED      =      1372.1444
 1-4 NB =       462.8876  1-4 EEL =      6267.2447  VDWAALS    =      4718.2353
 EELEC  =    -58113.8228  EHBOND  =         0.0000  RESTRAINT  =       182.7288
 EAMBER (non-restraint)  =    -43909.2422
 ------------------------------------------------------------------------------

wrapping first mol.:       20.29907       28.70721       49.72235
wrapping first mol.:       20.29907       28.70721       49.72235

 NSTEP =    50000   TIME(PS) =     340.000  TEMP(K) =   300.66  PRESS =     0.0
 Etot   =    -34412.1787  EKtot   =      9198.3701  EPtot      =    -43610.5488
 BOND   =       308.0320  ANGLE   =      1052.0007  DIHED      =      1359.3003
 1-4 NB =       473.6244  1-4 EEL =      6296.2217  VDWAALS    =      4769.0896
 EELEC  =    -58056.5962  EHBOND  =         0.0000  RESTRAINT  =       187.7787
 EAMBER (non-restraint)  =    -43798.3276
 ------------------------------------------------------------------------------


      A V E R A G E S   O V E R     100 S T E P S


 NSTEP =    50000   TIME(PS) =     340.000  TEMP(K) =   300.00  PRESS =     0.0
 Etot   =    -34350.3655  EKtot   =      9178.2235  EPtot      =    -43528.5889
 BOND   =       332.6520  ANGLE   =      1035.7036  DIHED      =      1370.6586
 1-4 NB =       465.5608  1-4 EEL =      6270.2202  VDWAALS    =      4751.0464
 EELEC  =    -57933.8040  EHBOND  =         0.0000  RESTRAINT  =       179.3734
 EAMBER (non-restraint)  =    -43707.9623
 ------------------------------------------------------------------------------


      R M S  F L U C T U A T I O N S


 NSTEP =    50000   TIME(PS) =     340.000  TEMP(K) =     2.46  PRESS =     0.0
 Etot   =       127.3392  EKtot   =        75.3374  EPtot      =       101.5673
 BOND   =        15.1699  ANGLE   =        24.7585  DIHED      =        11.6860
 1-4 NB =         8.1273  1-4 EEL =        15.9380  VDWAALS    =        90.0310
 EELEC  =       147.5345  EHBOND  =         0.0000  RESTRAINT  =         9.2700
 EAMBER (non-restraint)  =        92.2973
 ------------------------------------------------------------------------------

--------------------------------------------------------------------------------
   5.  TIMINGS
--------------------------------------------------------------------------------

|  NonSetup CPU Time in Major Routines:
|
|     Routine           Sec        %
|     ------------------------------
|     Nonbond          20.78   39.06
|     Bond              0.00    0.00
|     Angle             0.00    0.00
|     Dihedral          0.00    0.00
|     Shake             1.28    2.40
|     RunMD            30.95   58.19
|     Other             0.18    0.35
|     ------------------------------
|     Total            53.19

|  PME Nonbond Pairlist CPU Time:
|
|     Routine              Sec        %
|     ---------------------------------
|     Set Up Cit           0.00    0.00
|     Build List           0.00    0.00
|     ---------------------------------
|     Total                0.00    0.00

|  PME Direct Force CPU Time:
|
|     Routine              Sec        %
|     ---------------------------------
|     NonBonded Calc       0.00    0.00
|     Exclude Masked       0.00    0.00
|     Other                0.08    0.16
|     ---------------------------------
|     Total                0.08    0.16

|  PME Reciprocal Force CPU Time:
|
|     Routine              Sec        %
|     ---------------------------------
|     1D bspline           0.00    0.00
|     Grid Charges         0.00    0.00
|     Scalar Sum           0.00    0.00
|     Gradient Sum         0.00    0.00
|     FFT                  0.00    0.00
|     ---------------------------------
|     Total                0.00    0.00

|  Final Performance Info:
|     -----------------------------------------------------
|     Average timings for last   15500 steps:
|     Elapsed(s) =      28.13 Per Step(ms) =       1.81
|         ns/day =      95.22   seconds/ns =     907.42
|
|     Average timings for all steps:
|     Elapsed(s) =      89.30 Per Step(ms) =       1.79
|         ns/day =      96.75   seconds/ns =     893.04
|     -----------------------------------------------------

|  Setup CPU time:            1.29 seconds
|  NonSetup CPU time:        53.19 seconds
|  Total CPU time:           54.48 seconds     0.02 hours

|  Setup wall time:           2    seconds
|  NonSetup wall time:       90    seconds
|  Total wall time:          92    seconds     0.03 hours
