
          -------------------------------------------------------
          Amber 16 PMEMD                              2016
          -------------------------------------------------------

| PMEMD implementation of SANDER, Release 16

| Run on 11/25/2017 at 12:58:48

|   Executable path: /apps/amber16/bin/pmemd.cuda
| Working directory: /home/pbarletta
|          Hostname: mordor

  [-O]verwriting output

File Assignments:
|   MDIN: /scratch/pbarletta/cph_obp/run/ctv/mhe/e/4equ.in                      
|  MDOUT: /scratch/pbarletta/cph_obp/run/ctv/mhe/e/4equ.out                     
| INPCRD: /scratch/pbarletta/cph_obp/run/ctv/mhe/e/3ectv.rst7                   
|   PARM: /scratch/pbarletta/cph_obp/top_files/ctv.prmtop                       
| RESTRT: /scratch/pbarletta/cph_obp/run/ctv/mhe/e/4ectv.rst7                   
|   REFC: /scratch/pbarletta/cph_obp/run/ctv/mhe/e/3ectv.rst7                   
|  MDVEL: mdvel                                                                 
|   MDEN: mden                                                                  
|  MDCRD: /scratch/pbarletta/cph_obp/run/ctv/mhe/e/4ectv.nc                     
| MDINFO: mdinfo                                                                
|  MDFRC: mdfrc                                                                 


 Here is the input file:

Equilibration with solute restrictions                                         
&cntrl                                                                         
imin = 0,                           ! No Minimization                          
nmropt = 0,                         ! No NMR restraints read                   
                                                                               
! Nature and format of the input                                               
ntx = 5,                            ! Coordinates but no velocities will be rea
irest = 1,                          ! Do not run a new simulation              
                                                                               
! Nature and format of the output                                              
ntxo = 1,                           ! rstrt file in ASCII format               
ntpr = 500,                         ! inf in output every ntpr steps           
ntwr = 500,                         ! rstrt file every ntwr steps              
ntwx = 500,                         ! mdcrd file every ntwx steps              
ntwv = 0,                           ! mdvel without velocities                 
ntwe = 0,                           ! Energies and temperatures not written in 
idecomp = 0,                        ! No energy decomposition                  
iwrap = 1,                          ! Coordinates of the restart and mdcrd file
                                                                               
! Frozen or restrained atoms                                                   
ibelly = 0,                         ! No frozen atoms                          
ntr=1,                              ! Harmonic potential restraints            
restraint_wt = 30.0,                ! The weight for the positional restraints 
restraintmask = ':1-120@N,CA,C,O',  ! restrained residues                      
                                                                               
! Molecular dynamics                                                           
nstlim = 50000,                     ! Number of MD-steps                       
dt = 0.002,                         ! Time step                                
                                                                               
! Temperature regulation                                                       
ntt = 3,                            ! Langevin thermostat                      
gamma_ln = 5,                       ! Gamma constant for Langevin              
temp0 = 300.0,                      ! Reference T at which the system is to be 
tempi = 300.0,                      ! Initial T                                
ig = -1,                            ! Seed for the RNG                         
                                                                               
! P and V regulation                                                           
ntp = 0,                            ! No pressure control                      
ntb = 1,                            ! Periodic box for constant V              
                                                                               
! SHAKE variables                                                              
ntc = 2,                            ! Bonds involving H are constrained        
ntf = 2,                            ! Bond interaction involving H are ommited.
                                                                               
cut = 10.0,                         ! Nonbonded cutoff                         
                                                                               
/                                                                              
&end                                                                           


Note: ig = -1. Setting random seed to   273016 based on wallclock time in 
      microseconds.
| irandom = 1, using AMBER's internal random number generator (default).
 
|--------------------- INFORMATION ----------------------
| GPU (CUDA) Version of PMEMD in use: NVIDIA GPU IN USE.
|                    Version 16.0.0
| 
|                      02/25/2016
| 
| Implementation by:
|                    Ross C. Walker     (SDSC)
|                    Scott Le Grand     (nVIDIA)
| 
| Precision model in use:
|      [SPFP] - Single Precision Forces, 64-bit Fixed Point
|               Accumulation. (Default)
| 
|--------------------------------------------------------
 
|----------------- CITATION INFORMATION -----------------
|
|    When publishing work that utilized the CUDA version
|    of AMBER, please cite the following in addition to
|    the regular AMBER citations:
|
|  - Romelia Salomon-Ferrer; Andreas W. Goetz; Duncan
|    Poole; Scott Le Grand; Ross C. Walker "Routine
|    microsecond molecular dynamics simulations with
|    AMBER - Part II: Particle Mesh Ewald", J. Chem.
|    Theory Comput., 2013, 9 (9), pp3878-3888,
|    DOI: 10.1021/ct400314y.
|
|  - Andreas W. Goetz; Mark J. Williamson; Dong Xu;
|    Duncan Poole; Scott Le Grand; Ross C. Walker
|    "Routine microsecond molecular dynamics simulations
|    with AMBER - Part I: Generalized Born", J. Chem.
|    Theory Comput., 2012, 8 (5), pp1542-1555.
|
|  - Scott Le Grand; Andreas W. Goetz; Ross C. Walker
|    "SPFP: Speed without compromise - a mixed precision
|    model for GPU accelerated molecular dynamics
|    simulations.", Comp. Phys. Comm., 2013, 184
|    pp374-380, DOI: 10.1016/j.cpc.2012.09.022
|
|--------------------------------------------------------
 
|------------------- GPU DEVICE INFO --------------------
|
|            CUDA_VISIBLE_DEVICES: 2
|   CUDA Capable Devices Detected:      1
|           CUDA Device ID in use:      0
|                CUDA Device Name: GeForce GTX 1080 Ti
|     CUDA Device Global Mem Size:  11172 MB
| CUDA Device Num Multiprocessors:     28
|           CUDA Device Core Freq:   1.58 GHz
|
|--------------------------------------------------------
 
 
| Conditional Compilation Defines Used:
| PUBFFT
| BINTRAJ
| CUDA
| EMIL

| Largest sphere to fit in unit cell has radius =    24.861

| New format PARM file being parsed.
| Version =    1.000 Date = 11/25/17 Time = 12:11:39

| Note: 1-4 EEL scale factors are being read from the topology file.

| Note: 1-4 VDW scale factors are being read from the topology file.
| Duplicated    0 dihedrals

| Duplicated    0 dihedrals

--------------------------------------------------------------------------------
   1.  RESOURCE   USE: 
--------------------------------------------------------------------------------

 getting new box info from bottom of inpcrd
 NATOM  =   14918 NTYPES =      18 NBONH =   13963 MBONA  =     963
 NTHETH =    2368 MTHETA =    1293 NPHIH =    4530 MPHIA  =    3267
 NHPARM =       0 NPARM  =       0 NNB   =   28295 NRES   =    4423
 NBONA  =     963 NTHETA =    1293 NPHIA =    3267 NUMBND =      49
 NUMANG =     102 NPTRA  =      43 NATYP =      33 NPHB   =       1
 IFBOX  =       2 NMXRS  =      26 IFCAP =       0 NEXTRA =       0
 NCOPY  =       0

| Coordinate Index Table dimensions:     9    9    9
| Direct force subcell size =     6.7664    6.7664    6.7664

     BOX TYPE: TRUNCATED OCTAHEDRON

--------------------------------------------------------------------------------
   2.  CONTROL  DATA  FOR  THE  RUN
--------------------------------------------------------------------------------

default_name                                                                    

General flags:
     imin    =       0, nmropt  =       0

Nature and format of input:
     ntx     =       5, irest   =       1, ntrx    =       1

Nature and format of output:
     ntxo    =       1, ntpr    =     500, ntrx    =       1, ntwr    =     500
     iwrap   =       1, ntwx    =     500, ntwv    =       0, ntwe    =       0
     ioutfm  =       1, ntwprt  =       0, idecomp =       0, rbornstat=      0

Potential function:
     ntf     =       2, ntb     =       1, igb     =       0, nsnb    =      25
     ipol    =       0, gbsa    =       0, iesp    =       0
     dielc   =   1.00000, cut     =  10.00000, intdiel =   1.00000

Frozen or restrained atoms:
     ibelly  =       0, ntr     =       1
     restraint_wt =  30.00000

Molecular dynamics:
     nstlim  =     50000, nscm    =         0, nrespa  =         1
     t       =   0.00000, dt      =   0.00200, vlimit  =  -1.00000

Langevin dynamics temperature regulation:
     ig      =  273016
     temp0   = 300.00000, tempi   = 300.00000, gamma_ln=   5.00000

SHAKE:
     ntc     =       2, jfastw  =       0
     tol     =   0.00001

| Intermolecular bonds treatment:
|     no_intermolecular_bonds =       1

| Energy averages sample interval:
|     ene_avg_sampling =     500

Ewald parameters:
     verbose =       0, ew_type =       0, nbflag  =       1, use_pme =       1
     vdwmeth =       1, eedmeth =       1, netfrc  =       1
     Box X =   60.897   Box Y =   60.897   Box Z =   60.897
     Alpha =  109.471   Beta  =  109.471   Gamma =  109.471
     NFFT1 =   64       NFFT2 =   64       NFFT3 =   64
     Cutoff=   10.000   Tol   =0.100E-04
     Ewald Coefficient =  0.27511
     Interpolation order =    4

    LOADING THE CONSTRAINED ATOMS AS GROUPS


   5.  REFERENCE ATOM COORDINATES

  default_name                                                                    
     Mask :1-120@N,CA,C,O; matches   476 atoms

--------------------------------------------------------------------------------
   3.  ATOMIC COORDINATES AND VELOCITIES
--------------------------------------------------------------------------------

default_name                                                                    
 begin time read from input coords =   440.000 ps

 
 Number of triangulated 3-point waters found:     4302

     Sum of charges from parm topology file =   0.00000094
     Forcing neutrality...

| Dynamic Memory, Types Used:
| Reals              578224
| Integers           551884

| Nonbonded Pairs Initial Allocation:     4512322

| GPU memory information (estimate):
| KB of GPU memory in use:    141362
| KB of CPU memory in use:     29330

--------------------------------------------------------------------------------
   4.  RESULTS
--------------------------------------------------------------------------------

 ---------------------------------------------------
 APPROXIMATING switch and d/dx switch using CUBIC SPLINE INTERPOLATION
 using   5000.0 points per unit in tabled values
 TESTING RELATIVE ERROR over r ranging from 0.0 to cutoff
| CHECK switch(x): max rel err =   0.2738E-14   at   2.422500
| CHECK d/dx switch(x): max rel err =   0.8314E-11   at   2.736960
 ---------------------------------------------------
|---------------------------------------------------
| APPROXIMATING direct energy using CUBIC SPLINE INTERPOLATION
|  with   50.0 points per unit in tabled values
| Relative Error Limit not exceeded for r .gt.   2.33
| APPROXIMATING direct force using CUBIC SPLINE INTERPOLATION
|  with   50.0 points per unit in tabled values
| Relative Error Limit not exceeded for r .gt.   2.80
|---------------------------------------------------
wrapping first mol.:       20.29907       28.70721       49.72235
wrapping first mol.:       20.29907       28.70721       49.72235

 NSTEP =      500   TIME(PS) =     441.000  TEMP(K) =   303.68  PRESS =     0.0
 Etot   =    -34234.9622  EKtot   =      9290.7695  EPtot      =    -43525.7317
 BOND   =       336.9068  ANGLE   =       994.9443  DIHED      =      1375.1958
 1-4 NB =       463.9971  1-4 EEL =      6291.6496  VDWAALS    =      4655.1557
 EELEC  =    -57811.5652  EHBOND  =         0.0000  RESTRAINT  =       167.9842
 EAMBER (non-restraint)  =    -43693.7159
 ------------------------------------------------------------------------------

wrapping first mol.:       20.29907       28.70721       49.72235
wrapping first mol.:       20.29907       28.70721       49.72235

 NSTEP =     1000   TIME(PS) =     442.000  TEMP(K) =   299.21  PRESS =     0.0
 Etot   =    -34202.2331  EKtot   =      9153.8330  EPtot      =    -43356.0661
 BOND   =       318.9292  ANGLE   =      1088.5517  DIHED      =      1351.9207
 1-4 NB =       451.1566  1-4 EEL =      6218.8931  VDWAALS    =      4468.6466
 EELEC  =    -57420.4102  EHBOND  =         0.0000  RESTRAINT  =       166.2462
 EAMBER (non-restraint)  =    -43522.3123
 ------------------------------------------------------------------------------

wrapping first mol.:       20.29907       28.70721       49.72235
wrapping first mol.:       20.29907       28.70721       49.72235

 NSTEP =     1500   TIME(PS) =     443.000  TEMP(K) =   304.19  PRESS =     0.0
 Etot   =    -34165.4658  EKtot   =      9306.2764  EPtot      =    -43471.7422
 BOND   =       364.7823  ANGLE   =      1076.8851  DIHED      =      1374.2103
 1-4 NB =       451.4982  1-4 EEL =      6274.4211  VDWAALS    =      4722.9894
 EELEC  =    -57901.9874  EHBOND  =         0.0000  RESTRAINT  =       165.4587
 EAMBER (non-restraint)  =    -43637.2009
 ------------------------------------------------------------------------------

wrapping first mol.:       20.29907       28.70721       49.72235
wrapping first mol.:       20.29907       28.70721       49.72235

 NSTEP =     2000   TIME(PS) =     444.000  TEMP(K) =   299.47  PRESS =     0.0
 Etot   =    -34380.8043  EKtot   =      9162.0479  EPtot      =    -43542.8521
 BOND   =       356.7733  ANGLE   =      1020.6850  DIHED      =      1382.7063
 1-4 NB =       447.9948  1-4 EEL =      6246.3525  VDWAALS    =      4751.3569
 EELEC  =    -57910.2107  EHBOND  =         0.0000  RESTRAINT  =       161.4898
 EAMBER (non-restraint)  =    -43704.3419
 ------------------------------------------------------------------------------

wrapping first mol.:       20.29907       28.70721       49.72235
wrapping first mol.:       20.29907       28.70721       49.72235

 NSTEP =     2500   TIME(PS) =     445.000  TEMP(K) =   303.03  PRESS =     0.0
 Etot   =    -34268.4597  EKtot   =      9270.9307  EPtot      =    -43539.3904
 BOND   =       357.3769  ANGLE   =      1040.9462  DIHED      =      1382.3150
 1-4 NB =       445.5261  1-4 EEL =      6254.7866  VDWAALS    =      4818.4052
 EELEC  =    -58006.2650  EHBOND  =         0.0000  RESTRAINT  =       167.5187
 EAMBER (non-restraint)  =    -43706.9091
 ------------------------------------------------------------------------------

wrapping first mol.:       20.29907       28.70721       49.72235
wrapping first mol.:       20.29907       28.70721       49.72235

 NSTEP =     3000   TIME(PS) =     446.000  TEMP(K) =   298.67  PRESS =     0.0
 Etot   =    -34441.3049  EKtot   =      9137.5127  EPtot      =    -43578.8176
 BOND   =       345.8964  ANGLE   =      1086.3594  DIHED      =      1378.2925
 1-4 NB =       449.2733  1-4 EEL =      6262.3297  VDWAALS    =      4567.2337
 EELEC  =    -57837.5574  EHBOND  =         0.0000  RESTRAINT  =       169.3548
 EAMBER (non-restraint)  =    -43748.1724
 ------------------------------------------------------------------------------

wrapping first mol.:       20.29907       28.70721       49.72235
wrapping first mol.:       20.29907       28.70721       49.72235

 NSTEP =     3500   TIME(PS) =     447.000  TEMP(K) =   306.14  PRESS =     0.0
 Etot   =    -34212.0759  EKtot   =      9365.9824  EPtot      =    -43578.0583
 BOND   =       338.5226  ANGLE   =      1042.3584  DIHED      =      1385.2252
 1-4 NB =       451.2366  1-4 EEL =      6200.5959  VDWAALS    =      4770.3761
 EELEC  =    -57942.1721  EHBOND  =         0.0000  RESTRAINT  =       175.7991
 EAMBER (non-restraint)  =    -43753.8574
 ------------------------------------------------------------------------------

wrapping first mol.:       20.29907       28.70721       49.72235
wrapping first mol.:       20.29907       28.70721       49.72235

 NSTEP =     4000   TIME(PS) =     448.000  TEMP(K) =   301.78  PRESS =     0.0
 Etot   =    -34491.9821  EKtot   =      9232.6719  EPtot      =    -43724.6540
 BOND   =       315.4823  ANGLE   =      1016.5100  DIHED      =      1390.3968
 1-4 NB =       474.5616  1-4 EEL =      6286.0396  VDWAALS    =      4831.2072
 EELEC  =    -58208.5898  EHBOND  =         0.0000  RESTRAINT  =       169.7383
 EAMBER (non-restraint)  =    -43894.3923
 ------------------------------------------------------------------------------

wrapping first mol.:       20.29907       28.70721       49.72235
wrapping first mol.:       20.29907       28.70721       49.72235

 NSTEP =     4500   TIME(PS) =     449.000  TEMP(K) =   298.58  PRESS =     0.0
 Etot   =    -34663.3259  EKtot   =      9134.6670  EPtot      =    -43797.9929
 BOND   =       336.1371  ANGLE   =      1033.4838  DIHED      =      1373.3151
 1-4 NB =       453.2441  1-4 EEL =      6254.7600  VDWAALS    =      4776.0229
 EELEC  =    -58182.1812  EHBOND  =         0.0000  RESTRAINT  =       157.2253
 EAMBER (non-restraint)  =    -43955.2182
 ------------------------------------------------------------------------------

wrapping first mol.:       20.29907       28.70721       49.72235
wrapping first mol.:       20.29907       28.70721       49.72235

 NSTEP =     5000   TIME(PS) =     450.000  TEMP(K) =   301.23  PRESS =     0.0
 Etot   =    -34378.8064  EKtot   =      9215.7246  EPtot      =    -43594.5311
 BOND   =       332.3623  ANGLE   =      1039.5659  DIHED      =      1377.4498
 1-4 NB =       458.2658  1-4 EEL =      6216.1808  VDWAALS    =      4850.5606
 EELEC  =    -58026.5670  EHBOND  =         0.0000  RESTRAINT  =       157.6507
 EAMBER (non-restraint)  =    -43752.1817
 ------------------------------------------------------------------------------

wrapping first mol.:       20.29907       28.70721       49.72235
wrapping first mol.:       20.29907       28.70721       49.72235

 NSTEP =     5500   TIME(PS) =     451.000  TEMP(K) =   302.56  PRESS =     0.0
 Etot   =    -34232.6745  EKtot   =      9256.5342  EPtot      =    -43489.2087
 BOND   =       332.6649  ANGLE   =      1093.9014  DIHED      =      1364.1466
 1-4 NB =       447.1015  1-4 EEL =      6265.0753  VDWAALS    =      4716.1108
 EELEC  =    -57857.1573  EHBOND  =         0.0000  RESTRAINT  =       148.9482
 EAMBER (non-restraint)  =    -43638.1569
 ------------------------------------------------------------------------------

wrapping first mol.:       20.29907       28.70721       49.72235
wrapping first mol.:       20.29907       28.70721       49.72235

 NSTEP =     6000   TIME(PS) =     452.000  TEMP(K) =   300.09  PRESS =     0.0
 Etot   =    -34400.7702  EKtot   =      9180.9746  EPtot      =    -43581.7448
 BOND   =       349.5252  ANGLE   =      1023.9748  DIHED      =      1365.7182
 1-4 NB =       436.5978  1-4 EEL =      6246.2584  VDWAALS    =      4674.1654
 EELEC  =    -57827.8809  EHBOND  =         0.0000  RESTRAINT  =       149.8963
 EAMBER (non-restraint)  =    -43731.6411
 ------------------------------------------------------------------------------

wrapping first mol.:       20.29907       28.70721       49.72235
wrapping first mol.:       20.29907       28.70721       49.72235

 NSTEP =     6500   TIME(PS) =     453.000  TEMP(K) =   302.85  PRESS =     0.0
 Etot   =    -34320.7495  EKtot   =      9265.3740  EPtot      =    -43586.1236
 BOND   =       352.9953  ANGLE   =      1086.6321  DIHED      =      1383.7931
 1-4 NB =       455.8765  1-4 EEL =      6246.2661  VDWAALS    =      4703.6510
 EELEC  =    -58001.8784  EHBOND  =         0.0000  RESTRAINT  =       186.5409
 EAMBER (non-restraint)  =    -43772.6644
 ------------------------------------------------------------------------------

wrapping first mol.:       20.29907       28.70721       49.72235
wrapping first mol.:       20.29907       28.70721       49.72235

 NSTEP =     7000   TIME(PS) =     454.000  TEMP(K) =   295.99  PRESS =     0.0
 Etot   =    -34526.6547  EKtot   =      9055.3574  EPtot      =    -43582.0122
 BOND   =       335.9621  ANGLE   =      1018.6096  DIHED      =      1380.8995
 1-4 NB =       448.4384  1-4 EEL =      6242.2870  VDWAALS    =      4625.8167
 EELEC  =    -57790.1634  EHBOND  =         0.0000  RESTRAINT  =       156.1381
 EAMBER (non-restraint)  =    -43738.1502
 ------------------------------------------------------------------------------

wrapping first mol.:       20.29907       28.70721       49.72235
wrapping first mol.:       20.29907       28.70721       49.72235

 NSTEP =     7500   TIME(PS) =     455.000  TEMP(K) =   299.53  PRESS =     0.0
 Etot   =    -34445.9202  EKtot   =      9163.6484  EPtot      =    -43609.5686
 BOND   =       331.7830  ANGLE   =      1061.8006  DIHED      =      1368.5458
 1-4 NB =       454.5885  1-4 EEL =      6226.7784  VDWAALS    =      4614.1250
 EELEC  =    -57822.7402  EHBOND  =         0.0000  RESTRAINT  =       155.5501
 EAMBER (non-restraint)  =    -43765.1188
 ------------------------------------------------------------------------------

wrapping first mol.:       20.29907       28.70721       49.72235
wrapping first mol.:       20.29907       28.70721       49.72235

 NSTEP =     8000   TIME(PS) =     456.000  TEMP(K) =   298.02  PRESS =     0.0
 Etot   =    -34419.9876  EKtot   =      9117.6123  EPtot      =    -43537.5999
 BOND   =       363.9834  ANGLE   =      1056.3163  DIHED      =      1372.4478
 1-4 NB =       444.8612  1-4 EEL =      6247.2146  VDWAALS    =      4672.3222
 EELEC  =    -57840.5357  EHBOND  =         0.0000  RESTRAINT  =       145.7903
 EAMBER (non-restraint)  =    -43683.3902
 ------------------------------------------------------------------------------

wrapping first mol.:       20.29907       28.70721       49.72235
wrapping first mol.:       20.29907       28.70721       49.72235

 NSTEP =     8500   TIME(PS) =     457.000  TEMP(K) =   297.92  PRESS =     0.0
 Etot   =    -34530.8045  EKtot   =      9114.5312  EPtot      =    -43645.3358
 BOND   =       342.2159  ANGLE   =      1058.4725  DIHED      =      1360.8230
 1-4 NB =       461.6084  1-4 EEL =      6219.8323  VDWAALS    =      4769.2782
 EELEC  =    -58019.6582  EHBOND  =         0.0000  RESTRAINT  =       162.0921
 EAMBER (non-restraint)  =    -43807.4278
 ------------------------------------------------------------------------------

wrapping first mol.:       20.29907       28.70721       49.72235
wrapping first mol.:       20.29907       28.70721       49.72235

 NSTEP =     9000   TIME(PS) =     458.000  TEMP(K) =   296.95  PRESS =     0.0
 Etot   =    -34588.6456  EKtot   =      9084.6943  EPtot      =    -43673.3399
 BOND   =       333.9225  ANGLE   =      1016.0392  DIHED      =      1360.1421
 1-4 NB =       448.5784  1-4 EEL =      6251.9297  VDWAALS    =      4758.4903
 EELEC  =    -57998.6469  EHBOND  =         0.0000  RESTRAINT  =       156.2046
 EAMBER (non-restraint)  =    -43829.5445
 ------------------------------------------------------------------------------

wrapping first mol.:       20.29907       28.70721       49.72235
wrapping first mol.:       20.29907       28.70721       49.72235

 NSTEP =     9500   TIME(PS) =     459.000  TEMP(K) =   299.49  PRESS =     0.0
 Etot   =    -34174.0057  EKtot   =      9162.6650  EPtot      =    -43336.6707
 BOND   =       327.0915  ANGLE   =      1039.5516  DIHED      =      1355.4144
 1-4 NB =       465.6254  1-4 EEL =      6269.2392  VDWAALS    =      4667.3279
 EELEC  =    -57627.6714  EHBOND  =         0.0000  RESTRAINT  =       166.7508
 EAMBER (non-restraint)  =    -43503.4216
 ------------------------------------------------------------------------------

wrapping first mol.:       20.29907       28.70721       49.72235
wrapping first mol.:       20.29907       28.70721       49.72235

 NSTEP =    10000   TIME(PS) =     460.000  TEMP(K) =   299.53  PRESS =     0.0
 Etot   =    -34318.4168  EKtot   =      9163.7471  EPtot      =    -43482.1639
 BOND   =       337.1977  ANGLE   =      1105.7340  DIHED      =      1361.2186
 1-4 NB =       439.7165  1-4 EEL =      6212.2312  VDWAALS    =      4817.6134
 EELEC  =    -57922.6205  EHBOND  =         0.0000  RESTRAINT  =       166.7452
 EAMBER (non-restraint)  =    -43648.9091
 ------------------------------------------------------------------------------

wrapping first mol.:       20.29907       28.70721       49.72235
wrapping first mol.:       20.29907       28.70721       49.72235

 NSTEP =    10500   TIME(PS) =     461.000  TEMP(K) =   299.37  PRESS =     0.0
 Etot   =    -34332.0161  EKtot   =      9158.7988  EPtot      =    -43490.8150
 BOND   =       339.6292  ANGLE   =      1025.0859  DIHED      =      1368.7556
 1-4 NB =       444.8163  1-4 EEL =      6278.9595  VDWAALS    =      4972.8714
 EELEC  =    -58084.4053  EHBOND  =         0.0000  RESTRAINT  =       163.4723
 EAMBER (non-restraint)  =    -43654.2873
 ------------------------------------------------------------------------------

wrapping first mol.:       20.29907       28.70721       49.72235
wrapping first mol.:       20.29907       28.70721       49.72235

 NSTEP =    11000   TIME(PS) =     462.000  TEMP(K) =   296.95  PRESS =     0.0
 Etot   =    -34533.3884  EKtot   =      9084.7988  EPtot      =    -43618.1872
 BOND   =       346.0972  ANGLE   =      1005.1848  DIHED      =      1364.8236
 1-4 NB =       474.0309  1-4 EEL =      6266.0080  VDWAALS    =      4723.0230
 EELEC  =    -57960.6793  EHBOND  =         0.0000  RESTRAINT  =       163.3245
 EAMBER (non-restraint)  =    -43781.5117
 ------------------------------------------------------------------------------

wrapping first mol.:       20.29907       28.70721       49.72235
wrapping first mol.:       20.29907       28.70721       49.72235

 NSTEP =    11500   TIME(PS) =     463.000  TEMP(K) =   299.38  PRESS =     0.0
 Etot   =    -34343.9273  EKtot   =      9159.2969  EPtot      =    -43503.2242
 BOND   =       320.6215  ANGLE   =      1040.1404  DIHED      =      1353.7175
 1-4 NB =       453.9836  1-4 EEL =      6257.8408  VDWAALS    =      4850.0403
 EELEC  =    -57944.0727  EHBOND  =         0.0000  RESTRAINT  =       164.5043
 EAMBER (non-restraint)  =    -43667.7285
 ------------------------------------------------------------------------------

wrapping first mol.:       20.29907       28.70721       49.72235
wrapping first mol.:       20.29907       28.70721       49.72235

 NSTEP =    12000   TIME(PS) =     464.000  TEMP(K) =   302.06  PRESS =     0.0
 Etot   =    -34244.8221  EKtot   =      9241.1777  EPtot      =    -43485.9998
 BOND   =       331.9733  ANGLE   =      1048.4334  DIHED      =      1392.7838
 1-4 NB =       455.2343  1-4 EEL =      6277.2188  VDWAALS    =      4864.0866
 EELEC  =    -58007.4064  EHBOND  =         0.0000  RESTRAINT  =       151.6763
 EAMBER (non-restraint)  =    -43637.6761
 ------------------------------------------------------------------------------

wrapping first mol.:       20.29907       28.70721       49.72235
wrapping first mol.:       20.29907       28.70721       49.72235

 NSTEP =    12500   TIME(PS) =     465.000  TEMP(K) =   301.79  PRESS =     0.0
 Etot   =    -34337.2611  EKtot   =      9232.7568  EPtot      =    -43570.0180
 BOND   =       352.8010  ANGLE   =      1059.5801  DIHED      =      1375.5026
 1-4 NB =       455.6335  1-4 EEL =      6240.1367  VDWAALS    =      4730.6783
 EELEC  =    -57965.9044  EHBOND  =         0.0000  RESTRAINT  =       181.5542
 EAMBER (non-restraint)  =    -43751.5722
 ------------------------------------------------------------------------------

wrapping first mol.:       20.29907       28.70721       49.72235
wrapping first mol.:       20.29907       28.70721       49.72235

 NSTEP =    13000   TIME(PS) =     466.000  TEMP(K) =   298.37  PRESS =     0.0
 Etot   =    -34474.3772  EKtot   =      9128.1328  EPtot      =    -43602.5100
 BOND   =       329.0816  ANGLE   =      1037.5190  DIHED      =      1355.2891
 1-4 NB =       470.5017  1-4 EEL =      6252.7822  VDWAALS    =      4952.8818
 EELEC  =    -58166.6541  EHBOND  =         0.0000  RESTRAINT  =       166.0886
 EAMBER (non-restraint)  =    -43768.5987
 ------------------------------------------------------------------------------

wrapping first mol.:       20.29907       28.70721       49.72235
wrapping first mol.:       20.29907       28.70721       49.72235

 NSTEP =    13500   TIME(PS) =     467.000  TEMP(K) =   297.86  PRESS =     0.0
 Etot   =    -34480.0574  EKtot   =      9112.6943  EPtot      =    -43592.7518
 BOND   =       350.0656  ANGLE   =      1043.1682  DIHED      =      1369.3190
 1-4 NB =       460.0033  1-4 EEL =      6274.3457  VDWAALS    =      4669.5420
 EELEC  =    -57910.6423  EHBOND  =         0.0000  RESTRAINT  =       151.4469
 EAMBER (non-restraint)  =    -43744.1986
 ------------------------------------------------------------------------------

wrapping first mol.:       20.29907       28.70721       49.72235
wrapping first mol.:       20.29907       28.70721       49.72235

 NSTEP =    14000   TIME(PS) =     468.000  TEMP(K) =   304.78  PRESS =     0.0
 Etot   =    -34082.3671  EKtot   =      9324.2959  EPtot      =    -43406.6630
 BOND   =       341.5405  ANGLE   =      1013.6497  DIHED      =      1389.0219
 1-4 NB =       449.6352  1-4 EEL =      6257.0277  VDWAALS    =      4639.0352
 EELEC  =    -57654.9996  EHBOND  =         0.0000  RESTRAINT  =       158.4264
 EAMBER (non-restraint)  =    -43565.0894
 ------------------------------------------------------------------------------

wrapping first mol.:       20.29907       28.70721       49.72235
wrapping first mol.:       20.29907       28.70721       49.72235

 NSTEP =    14500   TIME(PS) =     469.000  TEMP(K) =   302.62  PRESS =     0.0
 Etot   =    -34299.3546  EKtot   =      9258.3203  EPtot      =    -43557.6749
 BOND   =       339.2324  ANGLE   =      1024.1989  DIHED      =      1362.0780
 1-4 NB =       444.8531  1-4 EEL =      6282.1604  VDWAALS    =      4816.3323
 EELEC  =    -57985.2277  EHBOND  =         0.0000  RESTRAINT  =       158.6977
 EAMBER (non-restraint)  =    -43716.3726
 ------------------------------------------------------------------------------

wrapping first mol.:       20.29907       28.70721       49.72235
wrapping first mol.:       20.29907       28.70721       49.72235

 NSTEP =    15000   TIME(PS) =     470.000  TEMP(K) =   297.76  PRESS =     0.0
 Etot   =    -34456.2941  EKtot   =      9109.7422  EPtot      =    -43566.0363
 BOND   =       350.8255  ANGLE   =      1031.4958  DIHED      =      1381.8013
 1-4 NB =       450.0998  1-4 EEL =      6243.2651  VDWAALS    =      4807.6613
 EELEC  =    -57989.7870  EHBOND  =         0.0000  RESTRAINT  =       158.6017
 EAMBER (non-restraint)  =    -43724.6380
 ------------------------------------------------------------------------------

wrapping first mol.:       20.29907       28.70721       49.72235
wrapping first mol.:       20.29907       28.70721       49.72235

 NSTEP =    15500   TIME(PS) =     471.000  TEMP(K) =   299.38  PRESS =     0.0
 Etot   =    -34308.3843  EKtot   =      9159.1064  EPtot      =    -43467.4907
 BOND   =       350.5904  ANGLE   =      1002.2661  DIHED      =      1360.8969
 1-4 NB =       452.4792  1-4 EEL =      6246.9353  VDWAALS    =      4604.8893
 EELEC  =    -57657.8676  EHBOND  =         0.0000  RESTRAINT  =       172.3197
 EAMBER (non-restraint)  =    -43639.8104
 ------------------------------------------------------------------------------

wrapping first mol.:       20.29907       28.70721       49.72235
wrapping first mol.:       20.29907       28.70721       49.72235

 NSTEP =    16000   TIME(PS) =     472.000  TEMP(K) =   299.91  PRESS =     0.0
 Etot   =    -34343.9667  EKtot   =      9175.5020  EPtot      =    -43519.4687
 BOND   =       354.8382  ANGLE   =      1071.7010  DIHED      =      1364.2121
 1-4 NB =       450.3355  1-4 EEL =      6257.4299  VDWAALS    =      4787.9943
 EELEC  =    -57958.9332  EHBOND  =         0.0000  RESTRAINT  =       152.9537
 EAMBER (non-restraint)  =    -43672.4224
 ------------------------------------------------------------------------------

wrapping first mol.:       20.29907       28.70721       49.72235
wrapping first mol.:       20.29907       28.70721       49.72235

 NSTEP =    16500   TIME(PS) =     473.000  TEMP(K) =   296.88  PRESS =     0.0
 Etot   =    -34504.4144  EKtot   =      9082.7812  EPtot      =    -43587.1957
 BOND   =       344.0394  ANGLE   =      1025.6504  DIHED      =      1372.5602
 1-4 NB =       463.6185  1-4 EEL =      6268.4802  VDWAALS    =      4823.0482
 EELEC  =    -58042.3520  EHBOND  =         0.0000  RESTRAINT  =       157.7594
 EAMBER (non-restraint)  =    -43744.9550
 ------------------------------------------------------------------------------

wrapping first mol.:       20.29907       28.70721       49.72235
wrapping first mol.:       20.29907       28.70721       49.72235

 NSTEP =    17000   TIME(PS) =     474.000  TEMP(K) =   300.31  PRESS =     0.0
 Etot   =    -34381.4916  EKtot   =      9187.6426  EPtot      =    -43569.1342
 BOND   =       354.7956  ANGLE   =      1039.8068  DIHED      =      1377.0648
 1-4 NB =       445.9872  1-4 EEL =      6232.2250  VDWAALS    =      4760.3250
 EELEC  =    -57950.0050  EHBOND  =         0.0000  RESTRAINT  =       170.6664
 EAMBER (non-restraint)  =    -43739.8006
 ------------------------------------------------------------------------------

wrapping first mol.:       20.29907       28.70721       49.72235
wrapping first mol.:       20.29907       28.70721       49.72235

 NSTEP =    17500   TIME(PS) =     475.000  TEMP(K) =   300.91  PRESS =     0.0
 Etot   =    -34238.0654  EKtot   =      9205.9902  EPtot      =    -43444.0556
 BOND   =       343.6402  ANGLE   =      1065.5257  DIHED      =      1381.5514
 1-4 NB =       448.2581  1-4 EEL =      6288.6425  VDWAALS    =      4885.0777
 EELEC  =    -58017.0956  EHBOND  =         0.0000  RESTRAINT  =       160.3443
 EAMBER (non-restraint)  =    -43604.4000
 ------------------------------------------------------------------------------

wrapping first mol.:       20.29907       28.70721       49.72235
wrapping first mol.:       20.29907       28.70721       49.72235

 NSTEP =    18000   TIME(PS) =     476.000  TEMP(K) =   297.33  PRESS =     0.0
 Etot   =    -34507.8545  EKtot   =      9096.4814  EPtot      =    -43604.3360
 BOND   =       335.1538  ANGLE   =      1070.5040  DIHED      =      1393.6522
 1-4 NB =       449.0530  1-4 EEL =      6240.2906  VDWAALS    =      4900.1837
 EELEC  =    -58156.9278  EHBOND  =         0.0000  RESTRAINT  =       163.7544
 EAMBER (non-restraint)  =    -43768.0904
 ------------------------------------------------------------------------------

wrapping first mol.:       20.29907       28.70721       49.72235
wrapping first mol.:       20.29907       28.70721       49.72235

 NSTEP =    18500   TIME(PS) =     477.000  TEMP(K) =   303.59  PRESS =     0.0
 Etot   =    -34343.0475  EKtot   =      9288.0566  EPtot      =    -43631.1042
 BOND   =       331.4809  ANGLE   =      1037.4920  DIHED      =      1361.2336
 1-4 NB =       450.5344  1-4 EEL =      6239.4760  VDWAALS    =      4800.3808
 EELEC  =    -57997.8017  EHBOND  =         0.0000  RESTRAINT  =       146.0997
 EAMBER (non-restraint)  =    -43777.2039
 ------------------------------------------------------------------------------

wrapping first mol.:       20.29907       28.70721       49.72235
wrapping first mol.:       20.29907       28.70721       49.72235

 NSTEP =    19000   TIME(PS) =     478.000  TEMP(K) =   294.36  PRESS =     0.0
 Etot   =    -34516.6967  EKtot   =      9005.5400  EPtot      =    -43522.2368
 BOND   =       326.6734  ANGLE   =      1038.8225  DIHED      =      1375.4842
 1-4 NB =       456.3881  1-4 EEL =      6252.7217  VDWAALS    =      4748.2855
 EELEC  =    -57878.5502  EHBOND  =         0.0000  RESTRAINT  =       157.9380
 EAMBER (non-restraint)  =    -43680.1747
 ------------------------------------------------------------------------------

wrapping first mol.:       20.29907       28.70721       49.72235
wrapping first mol.:       20.29907       28.70721       49.72235

 NSTEP =    19500   TIME(PS) =     479.000  TEMP(K) =   299.87  PRESS =     0.0
 Etot   =    -34438.2791  EKtot   =      9174.2441  EPtot      =    -43612.5232
 BOND   =       349.9027  ANGLE   =      1001.9387  DIHED      =      1371.4929
 1-4 NB =       447.2610  1-4 EEL =      6247.2982  VDWAALS    =      4591.2348
 EELEC  =    -57784.7506  EHBOND  =         0.0000  RESTRAINT  =       163.0992
 EAMBER (non-restraint)  =    -43775.6224
 ------------------------------------------------------------------------------

wrapping first mol.:       20.29907       28.70721       49.72235
wrapping first mol.:       20.29907       28.70721       49.72235

 NSTEP =    20000   TIME(PS) =     480.000  TEMP(K) =   302.39  PRESS =     0.0
 Etot   =    -34468.2946  EKtot   =      9251.2217  EPtot      =    -43719.5163
 BOND   =       327.0971  ANGLE   =      1071.8104  DIHED      =      1368.2191
 1-4 NB =       437.1315  1-4 EEL =      6257.7332  VDWAALS    =      4879.8685
 EELEC  =    -58209.2494  EHBOND  =         0.0000  RESTRAINT  =       147.8732
 EAMBER (non-restraint)  =    -43867.3895
 ------------------------------------------------------------------------------

wrapping first mol.:       20.29907       28.70721       49.72235
wrapping first mol.:       20.29907       28.70721       49.72235

 NSTEP =    20500   TIME(PS) =     481.000  TEMP(K) =   303.79  PRESS =     0.0
 Etot   =    -34423.9263  EKtot   =      9294.2168  EPtot      =    -43718.1431
 BOND   =       312.9766  ANGLE   =      1001.4586  DIHED      =      1370.6832
 1-4 NB =       458.7968  1-4 EEL =      6255.6346  VDWAALS    =      4771.9067
 EELEC  =    -58046.0497  EHBOND  =         0.0000  RESTRAINT  =       156.4503
 EAMBER (non-restraint)  =    -43874.5933
 ------------------------------------------------------------------------------

wrapping first mol.:       20.29907       28.70721       49.72235
wrapping first mol.:       20.29907       28.70721       49.72235

 NSTEP =    21000   TIME(PS) =     482.000  TEMP(K) =   297.65  PRESS =     0.0
 Etot   =    -34484.0672  EKtot   =      9106.3389  EPtot      =    -43590.4061
 BOND   =       341.4448  ANGLE   =      1030.9188  DIHED      =      1379.3229
 1-4 NB =       454.9709  1-4 EEL =      6243.1070  VDWAALS    =      4830.2022
 EELEC  =    -58030.3419  EHBOND  =         0.0000  RESTRAINT  =       159.9693
 EAMBER (non-restraint)  =    -43750.3753
 ------------------------------------------------------------------------------

wrapping first mol.:       20.29907       28.70721       49.72235
wrapping first mol.:       20.29907       28.70721       49.72235

 NSTEP =    21500   TIME(PS) =     483.000  TEMP(K) =   297.81  PRESS =     0.0
 Etot   =    -34432.6652  EKtot   =      9111.0156  EPtot      =    -43543.6809
 BOND   =       324.1636  ANGLE   =      1022.7584  DIHED      =      1353.5308
 1-4 NB =       465.3942  1-4 EEL =      6242.2644  VDWAALS    =      4688.6551
 EELEC  =    -57794.8554  EHBOND  =         0.0000  RESTRAINT  =       154.4081
 EAMBER (non-restraint)  =    -43698.0889
 ------------------------------------------------------------------------------

wrapping first mol.:       20.29907       28.70721       49.72235
wrapping first mol.:       20.29907       28.70721       49.72235

 NSTEP =    22000   TIME(PS) =     484.000  TEMP(K) =   298.91  PRESS =     0.0
 Etot   =    -34497.2744  EKtot   =      9144.7451  EPtot      =    -43642.0195
 BOND   =       353.0488  ANGLE   =      1050.7278  DIHED      =      1378.4027
 1-4 NB =       447.7413  1-4 EEL =      6201.1660  VDWAALS    =      4808.5457
 EELEC  =    -58061.4250  EHBOND  =         0.0000  RESTRAINT  =       179.7733
 EAMBER (non-restraint)  =    -43821.7928
 ------------------------------------------------------------------------------

wrapping first mol.:       20.29907       28.70721       49.72235
wrapping first mol.:       20.29907       28.70721       49.72235

 NSTEP =    22500   TIME(PS) =     485.000  TEMP(K) =   305.11  PRESS =     0.0
 Etot   =    -34312.0270  EKtot   =      9334.4424  EPtot      =    -43646.4694
 BOND   =       341.7040  ANGLE   =      1043.9017  DIHED      =      1348.7519
 1-4 NB =       449.1585  1-4 EEL =      6240.4936  VDWAALS    =      4847.1349
 EELEC  =    -58083.6432  EHBOND  =         0.0000  RESTRAINT  =       166.0294
 EAMBER (non-restraint)  =    -43812.4987
 ------------------------------------------------------------------------------

wrapping first mol.:       20.29907       28.70721       49.72235
wrapping first mol.:       20.29907       28.70721       49.72235

 NSTEP =    23000   TIME(PS) =     486.000  TEMP(K) =   301.81  PRESS =     0.0
 Etot   =    -34178.5005  EKtot   =      9233.6133  EPtot      =    -43412.1138
 BOND   =       338.9716  ANGLE   =      1065.7093  DIHED      =      1341.9291
 1-4 NB =       450.8810  1-4 EEL =      6259.1831  VDWAALS    =      5011.3919
 EELEC  =    -58046.4454  EHBOND  =         0.0000  RESTRAINT  =       166.2656
 EAMBER (non-restraint)  =    -43578.3794
 ------------------------------------------------------------------------------

wrapping first mol.:       20.29907       28.70721       49.72235
wrapping first mol.:       20.29907       28.70721       49.72235

 NSTEP =    23500   TIME(PS) =     487.000  TEMP(K) =   300.35  PRESS =     0.0
 Etot   =    -34433.7848  EKtot   =      9188.7598  EPtot      =    -43622.5446
 BOND   =       336.3835  ANGLE   =      1035.5836  DIHED      =      1366.1188
 1-4 NB =       465.2483  1-4 EEL =      6270.3137  VDWAALS    =      4768.2613
 EELEC  =    -58022.3319  EHBOND  =         0.0000  RESTRAINT  =       157.8781
 EAMBER (non-restraint)  =    -43780.4227
 ------------------------------------------------------------------------------

wrapping first mol.:       20.29907       28.70721       49.72235
wrapping first mol.:       20.29907       28.70721       49.72235

 NSTEP =    24000   TIME(PS) =     488.000  TEMP(K) =   300.10  PRESS =     0.0
 Etot   =    -34429.0265  EKtot   =      9181.3486  EPtot      =    -43610.3752
 BOND   =       358.0226  ANGLE   =      1030.9709  DIHED      =      1374.0643
 1-4 NB =       459.8046  1-4 EEL =      6267.4101  VDWAALS    =      4785.5071
 EELEC  =    -58057.7289  EHBOND  =         0.0000  RESTRAINT  =       171.5740
 EAMBER (non-restraint)  =    -43781.9492
 ------------------------------------------------------------------------------

wrapping first mol.:       20.29907       28.70721       49.72235
wrapping first mol.:       20.29907       28.70721       49.72235

 NSTEP =    24500   TIME(PS) =     489.000  TEMP(K) =   302.70  PRESS =     0.0
 Etot   =    -34350.2434  EKtot   =      9260.8545  EPtot      =    -43611.0979
 BOND   =       347.8388  ANGLE   =      1073.7186  DIHED      =      1366.7117
 1-4 NB =       450.1943  1-4 EEL =      6253.6263  VDWAALS    =      4690.9386
 EELEC  =    -57957.6547  EHBOND  =         0.0000  RESTRAINT  =       163.5285
 EAMBER (non-restraint)  =    -43774.6264
 ------------------------------------------------------------------------------

wrapping first mol.:       20.29907       28.70721       49.72235
wrapping first mol.:       20.29907       28.70721       49.72235

 NSTEP =    25000   TIME(PS) =     490.000  TEMP(K) =   300.64  PRESS =     0.0
 Etot   =    -34377.7040  EKtot   =      9197.5801  EPtot      =    -43575.2840
 BOND   =       354.6655  ANGLE   =      1055.2153  DIHED      =      1369.9545
 1-4 NB =       445.5361  1-4 EEL =      6290.5757  VDWAALS    =      4597.0035
 EELEC  =    -57843.2655  EHBOND  =         0.0000  RESTRAINT  =       155.0309
 EAMBER (non-restraint)  =    -43730.3149
 ------------------------------------------------------------------------------

wrapping first mol.:       20.29907       28.70721       49.72235
wrapping first mol.:       20.29907       28.70721       49.72235

 NSTEP =    25500   TIME(PS) =     491.000  TEMP(K) =   299.80  PRESS =     0.0
 Etot   =    -34333.9517  EKtot   =      9171.9512  EPtot      =    -43505.9029
 BOND   =       344.9291  ANGLE   =      1067.4914  DIHED      =      1341.9277
 1-4 NB =       452.2223  1-4 EEL =      6257.6496  VDWAALS    =      4953.0228
 EELEC  =    -58072.4942  EHBOND  =         0.0000  RESTRAINT  =       149.3484
 EAMBER (non-restraint)  =    -43655.2513
 ------------------------------------------------------------------------------

wrapping first mol.:       20.29907       28.70721       49.72235
wrapping first mol.:       20.29907       28.70721       49.72235

 NSTEP =    26000   TIME(PS) =     492.000  TEMP(K) =   295.77  PRESS =     0.0
 Etot   =    -34421.8067  EKtot   =      9048.8018  EPtot      =    -43470.6084
 BOND   =       334.4891  ANGLE   =      1045.0315  DIHED      =      1355.1849
 1-4 NB =       457.4255  1-4 EEL =      6283.1887  VDWAALS    =      4750.2251
 EELEC  =    -57873.6827  EHBOND  =         0.0000  RESTRAINT  =       177.5294
 EAMBER (non-restraint)  =    -43648.1378
 ------------------------------------------------------------------------------

wrapping first mol.:       20.29907       28.70721       49.72235
wrapping first mol.:       20.29907       28.70721       49.72235

 NSTEP =    26500   TIME(PS) =     493.000  TEMP(K) =   304.64  PRESS =     0.0
 Etot   =    -34504.2141  EKtot   =      9320.0078  EPtot      =    -43824.2219
 BOND   =       340.0581  ANGLE   =       999.1352  DIHED      =      1359.0377
 1-4 NB =       468.1809  1-4 EEL =      6272.3563  VDWAALS    =      4802.6577
 EELEC  =    -58222.6072  EHBOND  =         0.0000  RESTRAINT  =       156.9594
 EAMBER (non-restraint)  =    -43981.1813
 ------------------------------------------------------------------------------

wrapping first mol.:       20.29907       28.70721       49.72235
wrapping first mol.:       20.29907       28.70721       49.72235

 NSTEP =    27000   TIME(PS) =     494.000  TEMP(K) =   300.36  PRESS =     0.0
 Etot   =    -34223.5185  EKtot   =      9189.1475  EPtot      =    -43412.6659
 BOND   =       335.8871  ANGLE   =      1085.5068  DIHED      =      1375.5014
 1-4 NB =       448.5088  1-4 EEL =      6242.6314  VDWAALS    =      4684.2695
 EELEC  =    -57748.5013  EHBOND  =         0.0000  RESTRAINT  =       163.5303
 EAMBER (non-restraint)  =    -43576.1962
 ------------------------------------------------------------------------------

wrapping first mol.:       20.29907       28.70721       49.72235
wrapping first mol.:       20.29907       28.70721       49.72235

 NSTEP =    27500   TIME(PS) =     495.000  TEMP(K) =   299.08  PRESS =     0.0
 Etot   =    -34403.0892  EKtot   =      9150.1387  EPtot      =    -43553.2279
 BOND   =       363.9390  ANGLE   =      1026.1542  DIHED      =      1353.0803
 1-4 NB =       455.7054  1-4 EEL =      6256.2251  VDWAALS    =      4824.5740
 EELEC  =    -58008.6202  EHBOND  =         0.0000  RESTRAINT  =       175.7144
 EAMBER (non-restraint)  =    -43728.9423
 ------------------------------------------------------------------------------

wrapping first mol.:       20.29907       28.70721       49.72235
wrapping first mol.:       20.29907       28.70721       49.72235

 NSTEP =    28000   TIME(PS) =     496.000  TEMP(K) =   301.03  PRESS =     0.0
 Etot   =    -34362.5202  EKtot   =      9209.5645  EPtot      =    -43572.0846
 BOND   =       340.3711  ANGLE   =      1028.9395  DIHED      =      1373.6622
 1-4 NB =       460.1857  1-4 EEL =      6219.6379  VDWAALS    =      4871.4549
 EELEC  =    -58036.7028  EHBOND  =         0.0000  RESTRAINT  =       170.3669
 EAMBER (non-restraint)  =    -43742.4515
 ------------------------------------------------------------------------------

wrapping first mol.:       20.29907       28.70721       49.72235
wrapping first mol.:       20.29907       28.70721       49.72235

 NSTEP =    28500   TIME(PS) =     497.000  TEMP(K) =   298.97  PRESS =     0.0
 Etot   =    -34341.2416  EKtot   =      9146.7617  EPtot      =    -43488.0033
 BOND   =       325.3006  ANGLE   =      1065.8975  DIHED      =      1354.9449
 1-4 NB =       451.1982  1-4 EEL =      6269.0577  VDWAALS    =      4791.4908
 EELEC  =    -57917.4504  EHBOND  =         0.0000  RESTRAINT  =       171.5575
 EAMBER (non-restraint)  =    -43659.5608
 ------------------------------------------------------------------------------

wrapping first mol.:       20.29907       28.70721       49.72235
wrapping first mol.:       20.29907       28.70721       49.72235

 NSTEP =    29000   TIME(PS) =     498.000  TEMP(K) =   300.27  PRESS =     0.0
 Etot   =    -34439.2056  EKtot   =      9186.4736  EPtot      =    -43625.6793
 BOND   =       351.3578  ANGLE   =      1030.1551  DIHED      =      1378.2449
 1-4 NB =       454.7186  1-4 EEL =      6251.8405  VDWAALS    =      4700.3516
 EELEC  =    -57959.4312  EHBOND  =         0.0000  RESTRAINT  =       167.0834
 EAMBER (non-restraint)  =    -43792.7627
 ------------------------------------------------------------------------------

wrapping first mol.:       20.29907       28.70721       49.72235
wrapping first mol.:       20.29907       28.70721       49.72235

 NSTEP =    29500   TIME(PS) =     499.000  TEMP(K) =   298.47  PRESS =     0.0
 Etot   =    -34448.5751  EKtot   =      9131.2500  EPtot      =    -43579.8251
 BOND   =       344.3085  ANGLE   =      1053.0163  DIHED      =      1381.1657
 1-4 NB =       438.6544  1-4 EEL =      6251.2790  VDWAALS    =      4748.8476
 EELEC  =    -57965.1050  EHBOND  =         0.0000  RESTRAINT  =       168.0084
 EAMBER (non-restraint)  =    -43747.8335
 ------------------------------------------------------------------------------

wrapping first mol.:       20.29907       28.70721       49.72235
wrapping first mol.:       20.29907       28.70721       49.72235

 NSTEP =    30000   TIME(PS) =     500.000  TEMP(K) =   302.43  PRESS =     0.0
 Etot   =    -34423.2160  EKtot   =      9252.3623  EPtot      =    -43675.5783
 BOND   =       357.9279  ANGLE   =      1067.7826  DIHED      =      1347.5406
 1-4 NB =       444.6712  1-4 EEL =      6227.4816  VDWAALS    =      4576.9414
 EELEC  =    -57855.4368  EHBOND  =         0.0000  RESTRAINT  =       157.5131
 EAMBER (non-restraint)  =    -43833.0913
 ------------------------------------------------------------------------------

wrapping first mol.:       20.29907       28.70721       49.72235
wrapping first mol.:       20.29907       28.70721       49.72235

 NSTEP =    30500   TIME(PS) =     501.000  TEMP(K) =   298.12  PRESS =     0.0
 Etot   =    -34504.2924  EKtot   =      9120.7695  EPtot      =    -43625.0619
 BOND   =       342.5556  ANGLE   =      1033.3463  DIHED      =      1371.8062
 1-4 NB =       454.2518  1-4 EEL =      6291.0282  VDWAALS    =      4743.9199
 EELEC  =    -58017.4061  EHBOND  =         0.0000  RESTRAINT  =       155.4363
 EAMBER (non-restraint)  =    -43780.4982
 ------------------------------------------------------------------------------

wrapping first mol.:       20.29907       28.70721       49.72235
wrapping first mol.:       20.29907       28.70721       49.72235

 NSTEP =    31000   TIME(PS) =     502.000  TEMP(K) =   304.60  PRESS =     0.0
 Etot   =    -34277.5005  EKtot   =      9318.8691  EPtot      =    -43596.3696
 BOND   =       357.4284  ANGLE   =      1065.8763  DIHED      =      1357.5878
 1-4 NB =       441.6976  1-4 EEL =      6240.7649  VDWAALS    =      4812.8808
 EELEC  =    -58036.1058  EHBOND  =         0.0000  RESTRAINT  =       163.5004
 EAMBER (non-restraint)  =    -43759.8700
 ------------------------------------------------------------------------------

wrapping first mol.:       20.29907       28.70721       49.72235
wrapping first mol.:       20.29907       28.70721       49.72235

 NSTEP =    31500   TIME(PS) =     503.000  TEMP(K) =   302.25  PRESS =     0.0
 Etot   =    -34412.8286  EKtot   =      9247.0615  EPtot      =    -43659.8901
 BOND   =       348.6623  ANGLE   =      1020.1106  DIHED      =      1368.9707
 1-4 NB =       454.9356  1-4 EEL =      6259.7706  VDWAALS    =      4740.9241
 EELEC  =    -58012.5558  EHBOND  =         0.0000  RESTRAINT  =       159.2918
 EAMBER (non-restraint)  =    -43819.1819
 ------------------------------------------------------------------------------

wrapping first mol.:       20.29907       28.70721       49.72235
wrapping first mol.:       20.29907       28.70721       49.72235

 NSTEP =    32000   TIME(PS) =     504.000  TEMP(K) =   299.37  PRESS =     0.0
 Etot   =    -34377.5243  EKtot   =      9158.8027  EPtot      =    -43536.3270
 BOND   =       323.3648  ANGLE   =      1072.4593  DIHED      =      1359.4034
 1-4 NB =       445.9761  1-4 EEL =      6274.2533  VDWAALS    =      4747.3992
 EELEC  =    -57934.9854  EHBOND  =         0.0000  RESTRAINT  =       175.8021
 EAMBER (non-restraint)  =    -43712.1291
 ------------------------------------------------------------------------------

wrapping first mol.:       20.29907       28.70721       49.72235
wrapping first mol.:       20.29907       28.70721       49.72235

 NSTEP =    32500   TIME(PS) =     505.000  TEMP(K) =   299.65  PRESS =     0.0
 Etot   =    -34331.8724  EKtot   =      9167.4531  EPtot      =    -43499.3255
 BOND   =       337.5577  ANGLE   =      1065.8977  DIHED      =      1358.9235
 1-4 NB =       463.2095  1-4 EEL =      6237.3105  VDWAALS    =      4578.2550
 EELEC  =    -57693.0949  EHBOND  =         0.0000  RESTRAINT  =       152.6156
 EAMBER (non-restraint)  =    -43651.9412
 ------------------------------------------------------------------------------

wrapping first mol.:       20.29907       28.70721       49.72235
wrapping first mol.:       20.29907       28.70721       49.72235

 NSTEP =    33000   TIME(PS) =     506.000  TEMP(K) =   299.40  PRESS =     0.0
 Etot   =    -34133.7112  EKtot   =      9159.7861  EPtot      =    -43293.4973
 BOND   =       342.8023  ANGLE   =      1076.3336  DIHED      =      1378.4143
 1-4 NB =       464.5113  1-4 EEL =      6243.9140  VDWAALS    =      4646.6834
 EELEC  =    -57594.0043  EHBOND  =         0.0000  RESTRAINT  =       147.8482
 EAMBER (non-restraint)  =    -43441.3455
 ------------------------------------------------------------------------------

wrapping first mol.:       20.29907       28.70721       49.72235
wrapping first mol.:       20.29907       28.70721       49.72235

 NSTEP =    33500   TIME(PS) =     507.000  TEMP(K) =   296.93  PRESS =     0.0
 Etot   =    -34416.7132  EKtot   =      9084.2354  EPtot      =    -43500.9486
 BOND   =       349.5336  ANGLE   =      1007.7714  DIHED      =      1378.8733
 1-4 NB =       445.9002  1-4 EEL =      6283.2775  VDWAALS    =      4693.8991
 EELEC  =    -57817.0998  EHBOND  =         0.0000  RESTRAINT  =       156.8961
 EAMBER (non-restraint)  =    -43657.8447
 ------------------------------------------------------------------------------

wrapping first mol.:       20.29907       28.70721       49.72235
wrapping first mol.:       20.29907       28.70721       49.72235

 NSTEP =    34000   TIME(PS) =     508.000  TEMP(K) =   299.38  PRESS =     0.0
 Etot   =    -34359.9517  EKtot   =      9159.1650  EPtot      =    -43519.1167
 BOND   =       325.2577  ANGLE   =      1040.6167  DIHED      =      1364.9896
 1-4 NB =       445.6125  1-4 EEL =      6252.0933  VDWAALS    =      4744.9457
 EELEC  =    -57860.0189  EHBOND  =         0.0000  RESTRAINT  =       167.3868
 EAMBER (non-restraint)  =    -43686.5035
 ------------------------------------------------------------------------------

wrapping first mol.:       20.29907       28.70721       49.72235
wrapping first mol.:       20.29907       28.70721       49.72235

 NSTEP =    34500   TIME(PS) =     509.000  TEMP(K) =   300.24  PRESS =     0.0
 Etot   =    -34227.6166  EKtot   =      9185.4854  EPtot      =    -43413.1020
 BOND   =       340.9139  ANGLE   =      1081.0684  DIHED      =      1372.5608
 1-4 NB =       460.3334  1-4 EEL =      6269.2991  VDWAALS    =      4667.1000
 EELEC  =    -57781.7351  EHBOND  =         0.0000  RESTRAINT  =       177.3576
 EAMBER (non-restraint)  =    -43590.4595
 ------------------------------------------------------------------------------

wrapping first mol.:       20.29907       28.70721       49.72235
wrapping first mol.:       20.29907       28.70721       49.72235

 NSTEP =    35000   TIME(PS) =     510.000  TEMP(K) =   300.85  PRESS =     0.0
 Etot   =    -34178.0316  EKtot   =      9204.1914  EPtot      =    -43382.2230
 BOND   =       362.2084  ANGLE   =      1048.5229  DIHED      =      1351.5746
 1-4 NB =       459.3342  1-4 EEL =      6259.1584  VDWAALS    =      4726.4743
 EELEC  =    -57760.5452  EHBOND  =         0.0000  RESTRAINT  =       171.0495
 EAMBER (non-restraint)  =    -43553.2725
 ------------------------------------------------------------------------------

wrapping first mol.:       20.29907       28.70721       49.72235
wrapping first mol.:       20.29907       28.70721       49.72235

 NSTEP =    35500   TIME(PS) =     511.000  TEMP(K) =   299.66  PRESS =     0.0
 Etot   =    -34464.1720  EKtot   =      9167.7041  EPtot      =    -43631.8761
 BOND   =       351.3751  ANGLE   =      1042.3264  DIHED      =      1383.1240
 1-4 NB =       461.0373  1-4 EEL =      6259.9114  VDWAALS    =      4740.0264
 EELEC  =    -58034.1846  EHBOND  =         0.0000  RESTRAINT  =       164.5079
 EAMBER (non-restraint)  =    -43796.3841
 ------------------------------------------------------------------------------

wrapping first mol.:       20.29907       28.70721       49.72235
wrapping first mol.:       20.29907       28.70721       49.72235

 NSTEP =    36000   TIME(PS) =     512.000  TEMP(K) =   302.34  PRESS =     0.0
 Etot   =    -34420.8603  EKtot   =      9249.6943  EPtot      =    -43670.5546
 BOND   =       348.8676  ANGLE   =      1042.5058  DIHED      =      1367.3246
 1-4 NB =       462.0220  1-4 EEL =      6265.9641  VDWAALS    =      4745.1288
 EELEC  =    -58065.8103  EHBOND  =         0.0000  RESTRAINT  =       163.4426
 EAMBER (non-restraint)  =    -43833.9973
 ------------------------------------------------------------------------------

wrapping first mol.:       20.29907       28.70721       49.72235
wrapping first mol.:       20.29907       28.70721       49.72235

 NSTEP =    36500   TIME(PS) =     513.000  TEMP(K) =   299.65  PRESS =     0.0
 Etot   =    -34508.1940  EKtot   =      9167.4902  EPtot      =    -43675.6842
 BOND   =       333.2047  ANGLE   =      1077.4804  DIHED      =      1361.0382
 1-4 NB =       436.3109  1-4 EEL =      6231.9483  VDWAALS    =      4829.4279
 EELEC  =    -58104.7416  EHBOND  =         0.0000  RESTRAINT  =       159.6469
 EAMBER (non-restraint)  =    -43835.3311
 ------------------------------------------------------------------------------

wrapping first mol.:       20.29907       28.70721       49.72235
wrapping first mol.:       20.29907       28.70721       49.72235

 NSTEP =    37000   TIME(PS) =     514.000  TEMP(K) =   300.14  PRESS =     0.0
 Etot   =    -34541.2378  EKtot   =      9182.2988  EPtot      =    -43723.5366
 BOND   =       358.6176  ANGLE   =      1092.8364  DIHED      =      1362.5318
 1-4 NB =       444.3772  1-4 EEL =      6242.4048  VDWAALS    =      4844.6052
 EELEC  =    -58214.5191  EHBOND  =         0.0000  RESTRAINT  =       145.6094
 EAMBER (non-restraint)  =    -43869.1461
 ------------------------------------------------------------------------------

wrapping first mol.:       20.29907       28.70721       49.72235
wrapping first mol.:       20.29907       28.70721       49.72235

 NSTEP =    37500   TIME(PS) =     515.000  TEMP(K) =   298.63  PRESS =     0.0
 Etot   =    -34485.3569  EKtot   =      9136.1475  EPtot      =    -43621.5044
 BOND   =       346.8497  ANGLE   =      1048.4238  DIHED      =      1362.1416
 1-4 NB =       458.3733  1-4 EEL =      6249.2046  VDWAALS    =      4719.0289
 EELEC  =    -57959.7855  EHBOND  =         0.0000  RESTRAINT  =       154.2592
 EAMBER (non-restraint)  =    -43775.7635
 ------------------------------------------------------------------------------

wrapping first mol.:       20.29907       28.70721       49.72235
wrapping first mol.:       20.29907       28.70721       49.72235

 NSTEP =    38000   TIME(PS) =     516.000  TEMP(K) =   299.20  PRESS =     0.0
 Etot   =    -34429.1156  EKtot   =      9153.7256  EPtot      =    -43582.8412
 BOND   =       357.6884  ANGLE   =       999.0743  DIHED      =      1379.2919
 1-4 NB =       459.7692  1-4 EEL =      6287.9699  VDWAALS    =      4593.2972
 EELEC  =    -57825.6648  EHBOND  =         0.0000  RESTRAINT  =       165.7327
 EAMBER (non-restraint)  =    -43748.5739
 ------------------------------------------------------------------------------

wrapping first mol.:       20.29907       28.70721       49.72235
wrapping first mol.:       20.29907       28.70721       49.72235

 NSTEP =    38500   TIME(PS) =     517.000  TEMP(K) =   297.45  PRESS =     0.0
 Etot   =    -34397.0680  EKtot   =      9099.9814  EPtot      =    -43497.0495
 BOND   =       343.7660  ANGLE   =      1011.3085  DIHED      =      1363.7742
 1-4 NB =       459.7979  1-4 EEL =      6275.3858  VDWAALS    =      4631.7488
 EELEC  =    -57757.7152  EHBOND  =         0.0000  RESTRAINT  =       174.8845
 EAMBER (non-restraint)  =    -43671.9340
 ------------------------------------------------------------------------------

wrapping first mol.:       20.29907       28.70721       49.72235
wrapping first mol.:       20.29907       28.70721       49.72235

 NSTEP =    39000   TIME(PS) =     518.000  TEMP(K) =   299.45  PRESS =     0.0
 Etot   =    -34437.0827  EKtot   =      9161.2100  EPtot      =    -43598.2927
 BOND   =       332.3458  ANGLE   =      1047.8759  DIHED      =      1370.5456
 1-4 NB =       450.2238  1-4 EEL =      6254.4800  VDWAALS    =      4914.0793
 EELEC  =    -58130.7267  EHBOND  =         0.0000  RESTRAINT  =       162.8837
 EAMBER (non-restraint)  =    -43761.1764
 ------------------------------------------------------------------------------

wrapping first mol.:       20.29907       28.70721       49.72235
wrapping first mol.:       20.29907       28.70721       49.72235

 NSTEP =    39500   TIME(PS) =     519.000  TEMP(K) =   299.92  PRESS =     0.0
 Etot   =    -34573.8673  EKtot   =      9175.6143  EPtot      =    -43749.4816
 BOND   =       325.3257  ANGLE   =       993.6163  DIHED      =      1376.7742
 1-4 NB =       463.9107  1-4 EEL =      6251.2694  VDWAALS    =      4803.0602
 EELEC  =    -58130.5450  EHBOND  =         0.0000  RESTRAINT  =       167.1068
 EAMBER (non-restraint)  =    -43916.5884
 ------------------------------------------------------------------------------

wrapping first mol.:       20.29907       28.70721       49.72235
wrapping first mol.:       20.29907       28.70721       49.72235

 NSTEP =    40000   TIME(PS) =     520.000  TEMP(K) =   299.74  PRESS =     0.0
 Etot   =    -34316.6283  EKtot   =      9170.1924  EPtot      =    -43486.8207
 BOND   =       323.5605  ANGLE   =      1040.0726  DIHED      =      1368.6087
 1-4 NB =       466.7522  1-4 EEL =      6294.8395  VDWAALS    =      4793.4333
 EELEC  =    -57930.4008  EHBOND  =         0.0000  RESTRAINT  =       156.3134
 EAMBER (non-restraint)  =    -43643.1341
 ------------------------------------------------------------------------------

wrapping first mol.:       20.29907       28.70721       49.72235
wrapping first mol.:       20.29907       28.70721       49.72235

 NSTEP =    40500   TIME(PS) =     521.000  TEMP(K) =   302.22  PRESS =     0.0
 Etot   =    -34106.9362  EKtot   =      9246.2070  EPtot      =    -43353.1432
 BOND   =       345.3636  ANGLE   =      1060.7995  DIHED      =      1357.1720
 1-4 NB =       436.7063  1-4 EEL =      6298.4210  VDWAALS    =      4797.9478
 EELEC  =    -57824.8678  EHBOND  =         0.0000  RESTRAINT  =       175.3144
 EAMBER (non-restraint)  =    -43528.4577
 ------------------------------------------------------------------------------

wrapping first mol.:       20.29907       28.70721       49.72235
wrapping first mol.:       20.29907       28.70721       49.72235

 NSTEP =    41000   TIME(PS) =     522.000  TEMP(K) =   302.10  PRESS =     0.0
 Etot   =    -34290.6644  EKtot   =      9242.5000  EPtot      =    -43533.1644
 BOND   =       323.8443  ANGLE   =      1072.0026  DIHED      =      1360.7389
 1-4 NB =       436.8786  1-4 EEL =      6236.2747  VDWAALS    =      4729.5292
 EELEC  =    -57859.8621  EHBOND  =         0.0000  RESTRAINT  =       167.4294
 EAMBER (non-restraint)  =    -43700.5938
 ------------------------------------------------------------------------------

wrapping first mol.:       20.29907       28.70721       49.72235
wrapping first mol.:       20.29907       28.70721       49.72235

 NSTEP =    41500   TIME(PS) =     523.000  TEMP(K) =   295.97  PRESS =     0.0
 Etot   =    -34415.0312  EKtot   =      9054.9092  EPtot      =    -43469.9404
 BOND   =       336.7972  ANGLE   =      1024.6621  DIHED      =      1374.9724
 1-4 NB =       456.6113  1-4 EEL =      6260.0082  VDWAALS    =      4738.3315
 EELEC  =    -57830.8866  EHBOND  =         0.0000  RESTRAINT  =       169.5635
 EAMBER (non-restraint)  =    -43639.5039
 ------------------------------------------------------------------------------

wrapping first mol.:       20.29907       28.70721       49.72235
wrapping first mol.:       20.29907       28.70721       49.72235

 NSTEP =    42000   TIME(PS) =     524.000  TEMP(K) =   301.73  PRESS =     0.0
 Etot   =    -34538.9355  EKtot   =      9231.0752  EPtot      =    -43770.0107
 BOND   =       342.0839  ANGLE   =      1044.9031  DIHED      =      1359.6294
 1-4 NB =       456.0533  1-4 EEL =      6255.1731  VDWAALS    =      5013.5901
 EELEC  =    -58408.1824  EHBOND  =         0.0000  RESTRAINT  =       166.7389
 EAMBER (non-restraint)  =    -43936.7496
 ------------------------------------------------------------------------------

wrapping first mol.:       20.29907       28.70721       49.72235
wrapping first mol.:       20.29907       28.70721       49.72235

 NSTEP =    42500   TIME(PS) =     525.000  TEMP(K) =   301.52  PRESS =     0.0
 Etot   =    -34319.4515  EKtot   =      9224.7637  EPtot      =    -43544.2151
 BOND   =       336.5340  ANGLE   =      1042.7523  DIHED      =      1353.9154
 1-4 NB =       453.6618  1-4 EEL =      6258.6833  VDWAALS    =      4620.4593
 EELEC  =    -57784.5358  EHBOND  =         0.0000  RESTRAINT  =       174.3146
 EAMBER (non-restraint)  =    -43718.5297
 ------------------------------------------------------------------------------

wrapping first mol.:       20.29907       28.70721       49.72235
wrapping first mol.:       20.29907       28.70721       49.72235

 NSTEP =    43000   TIME(PS) =     526.000  TEMP(K) =   297.56  PRESS =     0.0
 Etot   =    -34346.9846  EKtot   =      9103.5420  EPtot      =    -43450.5266
 BOND   =       322.6843  ANGLE   =      1025.4286  DIHED      =      1367.6393
 1-4 NB =       456.8175  1-4 EEL =      6282.4945  VDWAALS    =      4561.5889
 EELEC  =    -57627.8522  EHBOND  =         0.0000  RESTRAINT  =       160.6725
 EAMBER (non-restraint)  =    -43611.1991
 ------------------------------------------------------------------------------

wrapping first mol.:       20.29907       28.70721       49.72235
wrapping first mol.:       20.29907       28.70721       49.72235

 NSTEP =    43500   TIME(PS) =     527.000  TEMP(K) =   296.69  PRESS =     0.0
 Etot   =    -34331.9969  EKtot   =      9077.0000  EPtot      =    -43408.9969
 BOND   =       362.1894  ANGLE   =      1040.8229  DIHED      =      1376.6915
 1-4 NB =       456.9190  1-4 EEL =      6237.2329  VDWAALS    =      4659.3446
 EELEC  =    -57703.7627  EHBOND  =         0.0000  RESTRAINT  =       161.5654
 EAMBER (non-restraint)  =    -43570.5623
 ------------------------------------------------------------------------------

wrapping first mol.:       20.29907       28.70721       49.72235
wrapping first mol.:       20.29907       28.70721       49.72235

 NSTEP =    44000   TIME(PS) =     528.000  TEMP(K) =   299.61  PRESS =     0.0
 Etot   =    -34467.3055  EKtot   =      9166.2451  EPtot      =    -43633.5507
 BOND   =       321.4566  ANGLE   =      1035.6113  DIHED      =      1383.3710
 1-4 NB =       449.5932  1-4 EEL =      6219.7250  VDWAALS    =      4761.6015
 EELEC  =    -57968.6153  EHBOND  =         0.0000  RESTRAINT  =       163.7059
 EAMBER (non-restraint)  =    -43797.2566
 ------------------------------------------------------------------------------

wrapping first mol.:       20.29907       28.70721       49.72235
wrapping first mol.:       20.29907       28.70721       49.72235

 NSTEP =    44500   TIME(PS) =     529.000  TEMP(K) =   300.42  PRESS =     0.0
 Etot   =    -34195.2432  EKtot   =      9190.8574  EPtot      =    -43386.1006
 BOND   =       347.6587  ANGLE   =      1057.8803  DIHED      =      1364.6747
 1-4 NB =       463.4050  1-4 EEL =      6264.4543  VDWAALS    =      4632.2932
 EELEC  =    -57673.8054  EHBOND  =         0.0000  RESTRAINT  =       157.3386
 EAMBER (non-restraint)  =    -43543.4392
 ------------------------------------------------------------------------------

wrapping first mol.:       20.29907       28.70721       49.72235
wrapping first mol.:       20.29907       28.70721       49.72235

 NSTEP =    45000   TIME(PS) =     530.000  TEMP(K) =   299.33  PRESS =     0.0
 Etot   =    -34268.0608  EKtot   =      9157.4922  EPtot      =    -43425.5530
 BOND   =       322.8515  ANGLE   =       998.3911  DIHED      =      1397.6774
 1-4 NB =       452.6814  1-4 EEL =      6244.7400  VDWAALS    =      4624.0445
 EELEC  =    -57629.2622  EHBOND  =         0.0000  RESTRAINT  =       163.3234
 EAMBER (non-restraint)  =    -43588.8764
 ------------------------------------------------------------------------------

wrapping first mol.:       20.29907       28.70721       49.72235
wrapping first mol.:       20.29907       28.70721       49.72235

 NSTEP =    45500   TIME(PS) =     531.000  TEMP(K) =   304.18  PRESS =     0.0
 Etot   =    -34109.3550  EKtot   =      9306.0234  EPtot      =    -43415.3784
 BOND   =       328.9116  ANGLE   =      1073.0091  DIHED      =      1374.7169
 1-4 NB =       451.4251  1-4 EEL =      6220.8937  VDWAALS    =      4653.5531
 EELEC  =    -57690.4900  EHBOND  =         0.0000  RESTRAINT  =       172.6021
 EAMBER (non-restraint)  =    -43587.9805
 ------------------------------------------------------------------------------

wrapping first mol.:       20.29907       28.70721       49.72235
wrapping first mol.:       20.29907       28.70721       49.72235

 NSTEP =    46000   TIME(PS) =     532.000  TEMP(K) =   300.14  PRESS =     0.0
 Etot   =    -34383.6692  EKtot   =      9182.4268  EPtot      =    -43566.0959
 BOND   =       353.1360  ANGLE   =      1027.1283  DIHED      =      1367.1401
 1-4 NB =       451.1904  1-4 EEL =      6260.4658  VDWAALS    =      4626.0242
 EELEC  =    -57814.3328  EHBOND  =         0.0000  RESTRAINT  =       163.1520
 EAMBER (non-restraint)  =    -43729.2480
 ------------------------------------------------------------------------------

wrapping first mol.:       20.29907       28.70721       49.72235
wrapping first mol.:       20.29907       28.70721       49.72235

 NSTEP =    46500   TIME(PS) =     533.000  TEMP(K) =   300.69  PRESS =     0.0
 Etot   =    -34213.0460  EKtot   =      9199.1758  EPtot      =    -43412.2218
 BOND   =       349.8916  ANGLE   =      1063.9100  DIHED      =      1358.4646
 1-4 NB =       459.7133  1-4 EEL =      6260.9454  VDWAALS    =      4796.1705
 EELEC  =    -57866.0943  EHBOND  =         0.0000  RESTRAINT  =       164.7772
 EAMBER (non-restraint)  =    -43576.9990
 ------------------------------------------------------------------------------

wrapping first mol.:       20.29907       28.70721       49.72235
wrapping first mol.:       20.29907       28.70721       49.72235

 NSTEP =    47000   TIME(PS) =     534.000  TEMP(K) =   301.22  PRESS =     0.0
 Etot   =    -34203.7824  EKtot   =      9215.3369  EPtot      =    -43419.1193
 BOND   =       357.8658  ANGLE   =      1042.4628  DIHED      =      1363.0199
 1-4 NB =       464.5529  1-4 EEL =      6287.0019  VDWAALS    =      4709.4235
 EELEC  =    -57819.3158  EHBOND  =         0.0000  RESTRAINT  =       175.8698
 EAMBER (non-restraint)  =    -43594.9891
 ------------------------------------------------------------------------------

wrapping first mol.:       20.29907       28.70721       49.72235
wrapping first mol.:       20.29907       28.70721       49.72235

 NSTEP =    47500   TIME(PS) =     535.000  TEMP(K) =   300.57  PRESS =     0.0
 Etot   =    -34422.5328  EKtot   =      9195.7012  EPtot      =    -43618.2340
 BOND   =       336.2288  ANGLE   =      1066.3258  DIHED      =      1381.2861
 1-4 NB =       442.7779  1-4 EEL =      6238.5759  VDWAALS    =      4701.3408
 EELEC  =    -57944.0459  EHBOND  =         0.0000  RESTRAINT  =       159.2767
 EAMBER (non-restraint)  =    -43777.5107
 ------------------------------------------------------------------------------

wrapping first mol.:       20.29907       28.70721       49.72235
wrapping first mol.:       20.29907       28.70721       49.72235

 NSTEP =    48000   TIME(PS) =     536.000  TEMP(K) =   295.13  PRESS =     0.0
 Etot   =    -34658.6405  EKtot   =      9029.0293  EPtot      =    -43687.6698
 BOND   =       353.7922  ANGLE   =      1075.3322  DIHED      =      1390.0261
 1-4 NB =       454.1210  1-4 EEL =      6258.2142  VDWAALS    =      4866.9036
 EELEC  =    -58240.6744  EHBOND  =         0.0000  RESTRAINT  =       154.6152
 EAMBER (non-restraint)  =    -43842.2850
 ------------------------------------------------------------------------------

wrapping first mol.:       20.29907       28.70721       49.72235
wrapping first mol.:       20.29907       28.70721       49.72235

 NSTEP =    48500   TIME(PS) =     537.000  TEMP(K) =   295.03  PRESS =     0.0
 Etot   =    -34588.3609  EKtot   =      9026.1299  EPtot      =    -43614.4907
 BOND   =       334.2234  ANGLE   =      1054.5900  DIHED      =      1382.2916
 1-4 NB =       439.6614  1-4 EEL =      6242.8265  VDWAALS    =      4782.2845
 EELEC  =    -58027.5166  EHBOND  =         0.0000  RESTRAINT  =       177.1484
 EAMBER (non-restraint)  =    -43791.6392
 ------------------------------------------------------------------------------

wrapping first mol.:       20.29907       28.70721       49.72235
wrapping first mol.:       20.29907       28.70721       49.72235

 NSTEP =    49000   TIME(PS) =     538.000  TEMP(K) =   301.64  PRESS =     0.0
 Etot   =    -34182.8030  EKtot   =      9228.2900  EPtot      =    -43411.0930
 BOND   =       334.9984  ANGLE   =      1048.1587  DIHED      =      1353.1632
 1-4 NB =       435.9064  1-4 EEL =      6245.0607  VDWAALS    =      4736.6751
 EELEC  =    -57724.2621  EHBOND  =         0.0000  RESTRAINT  =       159.2067
 EAMBER (non-restraint)  =    -43570.2997
 ------------------------------------------------------------------------------

wrapping first mol.:       20.29907       28.70721       49.72235
wrapping first mol.:       20.29907       28.70721       49.72235

 NSTEP =    49500   TIME(PS) =     539.000  TEMP(K) =   302.73  PRESS =     0.0
 Etot   =    -34225.7988  EKtot   =      9261.7373  EPtot      =    -43487.5361
 BOND   =       337.0764  ANGLE   =      1006.3567  DIHED      =      1366.6772
 1-4 NB =       448.7626  1-4 EEL =      6279.7682  VDWAALS    =      4604.8210
 EELEC  =    -57688.9516  EHBOND  =         0.0000  RESTRAINT  =       157.9534
 EAMBER (non-restraint)  =    -43645.4896
 ------------------------------------------------------------------------------

wrapping first mol.:       20.29907       28.70721       49.72235
wrapping first mol.:       20.29907       28.70721       49.72235

 NSTEP =    50000   TIME(PS) =     540.000  TEMP(K) =   296.98  PRESS =     0.0
 Etot   =    -34458.3370  EKtot   =      9085.8477  EPtot      =    -43544.1847
 BOND   =       361.8823  ANGLE   =      1043.5224  DIHED      =      1352.1792
 1-4 NB =       457.2762  1-4 EEL =      6249.0340  VDWAALS    =      4811.1829
 EELEC  =    -57982.9223  EHBOND  =         0.0000  RESTRAINT  =       163.6606
 EAMBER (non-restraint)  =    -43707.8452
 ------------------------------------------------------------------------------


      A V E R A G E S   O V E R     100 S T E P S


 NSTEP =    50000   TIME(PS) =     540.000  TEMP(K) =   300.07  PRESS =     0.0
 Etot   =    -34373.7353  EKtot   =      9180.2568  EPtot      =    -43553.9921
 BOND   =       341.3973  ANGLE   =      1044.4694  DIHED      =      1368.9710
 1-4 NB =       453.1183  1-4 EEL =      6254.7346  VDWAALS    =      4746.8510
 EELEC  =    -57926.5543  EHBOND  =         0.0000  RESTRAINT  =       163.0204
 EAMBER (non-restraint)  =    -43717.0125
 ------------------------------------------------------------------------------


      R M S  F L U C T U A T I O N S


 NSTEP =    50000   TIME(PS) =     540.000  TEMP(K) =     2.39  PRESS =     0.0
 Etot   =       124.5395  EKtot   =        73.0675  EPtot      =       103.7323
 BOND   =        12.1751  ANGLE   =        25.3123  DIHED      =        11.6319
 1-4 NB =         8.4720  1-4 EEL =        20.5802  VDWAALS    =       102.8153
 EELEC  =       164.9834  EHBOND  =         0.0000  RESTRAINT  =         8.4512
 EAMBER (non-restraint)  =        95.2812
 ------------------------------------------------------------------------------

--------------------------------------------------------------------------------
   5.  TIMINGS
--------------------------------------------------------------------------------

|  NonSetup CPU Time in Major Routines:
|
|     Routine           Sec        %
|     ------------------------------
|     Nonbond          20.67   39.18
|     Bond              0.00    0.00
|     Angle             0.00    0.00
|     Dihedral          0.00    0.00
|     Shake             1.26    2.39
|     RunMD            30.70   58.19
|     Other             0.13    0.24
|     ------------------------------
|     Total            52.76

|  PME Nonbond Pairlist CPU Time:
|
|     Routine              Sec        %
|     ---------------------------------
|     Set Up Cit           0.00    0.00
|     Build List           0.00    0.00
|     ---------------------------------
|     Total                0.00    0.00

|  PME Direct Force CPU Time:
|
|     Routine              Sec        %
|     ---------------------------------
|     NonBonded Calc       0.00    0.00
|     Exclude Masked       0.00    0.00
|     Other                0.06    0.11
|     ---------------------------------
|     Total                0.06    0.11

|  PME Reciprocal Force CPU Time:
|
|     Routine              Sec        %
|     ---------------------------------
|     1D bspline           0.00    0.00
|     Grid Charges         0.00    0.00
|     Scalar Sum           0.00    0.00
|     Gradient Sum         0.00    0.00
|     FFT                  0.00    0.00
|     ---------------------------------
|     Total                0.00    0.00

|  Final Performance Info:
|     -----------------------------------------------------
|     Average timings for last   11000 steps:
|     Elapsed(s) =      19.05 Per Step(ms) =       1.73
|         ns/day =      99.77   seconds/ns =     866.02
|
|     Average timings for all steps:
|     Elapsed(s) =      80.13 Per Step(ms) =       1.60
|         ns/day =     107.82   seconds/ns =     801.34
|     -----------------------------------------------------

|  Setup CPU time:            2.19 seconds
|  NonSetup CPU time:        52.76 seconds
|  Total CPU time:           54.95 seconds     0.02 hours

|  Setup wall time:           3    seconds
|  NonSetup wall time:       80    seconds
|  Total wall time:          83    seconds     0.02 hours
