----------------------------------------
Begin Torque Prologue on nid25359
at Sun May 20 13:13:57 CDT 2018
Job Id:			8635286.bw
Username:		barletta
Group:			PRAC_gk4
Job name:		ctv_pdt_cph_
Requested resources:	neednodes=10:ppn=1:xk,nodes=10:ppn=1:xk,walltime=19:00:00
Queue:			normal
Account:		gk4
End Torque Prologue:  0.468 elapsed
----------------------------------------





 Running multipmemd version of pmemd Amber18
    Total processors =    10
    Number of groups =    10

Note: The following floating-point exceptions are signalling: IEEE_UNDERFLOW_FLAG IEEE_DENORMAL
Note: The following floating-point exceptions are signalling: IEEE_UNDERFLOW_FLAG IEEE_DENORMAL
Note: The following floating-point exceptions are signalling: IEEE_UNDERFLOW_FLAG IEEE_DENORMAL
Note: The following floating-point exceptions are signalling: IEEE_UNDERFLOW_FLAG IEEE_DENORMAL
Note: The following floating-point exceptions are signalling: IEEE_UNDERFLOW_FLAG IEEE_DENORMAL
Note: The following floating-point exceptions are signalling: IEEE_UNDERFLOW_FLAG IEEE_DENORMAL
Note: The following floating-point exceptions are signalling: IEEE_UNDERFLOW_FLAG IEEE_DENORMAL
Note: The following floating-point exceptions are signalling: IEEE_UNDERFLOW_FLAG IEEE_DENORMAL
Note: The following floating-point exceptions are signalling: IEEE_UNDERFLOW_FLAG IEEE_DENORMAL
Note: The following floating-point exceptions are signalling: IEEE_UNDERFLOW_FLAG IEEE_DENORMAL
Application 67106931 resources: utime ~469339s, stime ~56225s, Rss ~349620, inblocks ~241016842, outblocks ~258093451
