----------------------------------------
Begin Torque Prologue on nid25427
at Fri May 18 03:58:21 CDT 2018
Job Id:			8627557.bw
Username:		barletta
Group:			PRAC_gk4
Job name:		apo_pdt_cph_7
Requested resources:	neednodes=10:ppn=1:xk,nodes=10:ppn=1:xk,walltime=24:00:00
Queue:			normal
Account:		gk4
End Torque Prologue:  0.103 elapsed
----------------------------------------





 Running multipmemd version of pmemd Amber16
    Total processors =    10
    Number of groups =    10


Program received signal SIGSEGV: Segmentation fault - invalid memory reference.

Backtrace for this error:
#0  0x2AAAB781FB27
#1  0x2AAAB782013E
#2  0x2AAAB822690F
#3  0x5A99E1 in _gpuContext::~_gpuContext()
#4  0x582D25 in gpu_shutdown_
#5  0x4FB157 in MAIN__ at pmemd.F90:?
_pmiu_daemon(SIGCHLD): [NID 20878] [c11-2c0s7n0] [Fri May 18 23:13:05 2018] PE RANK 0 exit signal Segmentation fault
[NID 20878] 2018-05-18 23:13:05 Apid 67058578: initiated application termination
Application 67058578 exit codes: 139
Application 67058578 exit signals: Killed
Application 67058578 resources: utime ~63025s, stime ~6218s, Rss ~335048, inblocks ~30444846, outblocks ~32863691
