--------------------------------------------------------------------------
By default, for Open MPI 4.0 and later, infiniband ports on a device
are not used by default.  The intent is to use UCX for these devices.
You can override this policy by setting the btl_openib_allow_ib MCA parameter
to true.

  Local host:              exp-14-57
  Local adapter:           mlx5_0
  Local port:              1

--------------------------------------------------------------------------
--------------------------------------------------------------------------
By default, for Open MPI 4.0 and later, infiniband ports on a device
are not used by default.  The intent is to use UCX for these devices.
You can override this policy by setting the btl_openib_allow_ib MCA parameter
to true.

  Local host:              exp-14-57
  Local adapter:           mlx5_0
  Local port:              1

--------------------------------------------------------------------------
--------------------------------------------------------------------------
By default, for Open MPI 4.0 and later, infiniband ports on a device
are not used by default.  The intent is to use UCX for these devices.
You can override this policy by setting the btl_openib_allow_ib MCA parameter
to true.

  Local host:              exp-14-57
  Local adapter:           mlx5_0
  Local port:              1

--------------------------------------------------------------------------
--------------------------------------------------------------------------
WARNING: There was an error initializing an OpenFabrics device.

  Local host:   exp-14-57
  Local device: mlx5_0
--------------------------------------------------------------------------
--------------------------------------------------------------------------
By default, for Open MPI 4.0 and later, infiniband ports on a device
are not used by default.  The intent is to use UCX for these devices.
You can override this policy by setting the btl_openib_allow_ib MCA parameter
to true.

  Local host:              exp-14-57
  Local adapter:           mlx5_0
  Local port:              1

--------------------------------------------------------------------------
--------------------------------------------------------------------------
WARNING: There was an error initializing an OpenFabrics device.

  Local host:   exp-14-57
  Local device: mlx5_0
--------------------------------------------------------------------------
--------------------------------------------------------------------------
WARNING: There was an error initializing an OpenFabrics device.

  Local host:   exp-14-57
  Local device: mlx5_0
--------------------------------------------------------------------------
--------------------------------------------------------------------------
WARNING: There was an error initializing an OpenFabrics device.

  Local host:   exp-14-57
  Local device: mlx5_0
--------------------------------------------------------------------------
--------------------------------------------------------------------------
By default, for Open MPI 4.0 and later, infiniband ports on a device
are not used by default.  The intent is to use UCX for these devices.
You can override this policy by setting the btl_openib_allow_ib MCA parameter
to true.

  Local host:              exp-14-59
  Local adapter:           mlx5_0
  Local port:              1

--------------------------------------------------------------------------
--------------------------------------------------------------------------
By default, for Open MPI 4.0 and later, infiniband ports on a device
are not used by default.  The intent is to use UCX for these devices.
You can override this policy by setting the btl_openib_allow_ib MCA parameter
to true.

  Local host:              exp-14-58
  Local adapter:           mlx5_0
  Local port:              1

--------------------------------------------------------------------------
--------------------------------------------------------------------------
By default, for Open MPI 4.0 and later, infiniband ports on a device
are not used by default.  The intent is to use UCX for these devices.
You can override this policy by setting the btl_openib_allow_ib MCA parameter
to true.

  Local host:              exp-14-59
  Local adapter:           mlx5_0
  Local port:              1

--------------------------------------------------------------------------
--------------------------------------------------------------------------
By default, for Open MPI 4.0 and later, infiniband ports on a device
are not used by default.  The intent is to use UCX for these devices.
You can override this policy by setting the btl_openib_allow_ib MCA parameter
to true.

  Local host:              exp-14-59
  Local adapter:           mlx5_0
  Local port:              1

--------------------------------------------------------------------------
--------------------------------------------------------------------------
By default, for Open MPI 4.0 and later, infiniband ports on a device
are not used by default.  The intent is to use UCX for these devices.
You can override this policy by setting the btl_openib_allow_ib MCA parameter
to true.

  Local host:              exp-14-59
  Local adapter:           mlx5_0
  Local port:              1

--------------------------------------------------------------------------
--------------------------------------------------------------------------
WARNING: There was an error initializing an OpenFabrics device.

  Local host:   exp-14-59
  Local device: mlx5_0
--------------------------------------------------------------------------
--------------------------------------------------------------------------
WARNING: There was an error initializing an OpenFabrics device.

  Local host:   exp-14-59
  Local device: mlx5_0
--------------------------------------------------------------------------
--------------------------------------------------------------------------
WARNING: There was an error initializing an OpenFabrics device.

  Local host:   exp-14-59
  Local device: mlx5_0
--------------------------------------------------------------------------
--------------------------------------------------------------------------
WARNING: There was an error initializing an OpenFabrics device.

  Local host:   exp-14-59
  Local device: mlx5_0
--------------------------------------------------------------------------
--------------------------------------------------------------------------
By default, for Open MPI 4.0 and later, infiniband ports on a device
are not used by default.  The intent is to use UCX for these devices.
You can override this policy by setting the btl_openib_allow_ib MCA parameter
to true.

  Local host:              exp-14-58
  Local adapter:           mlx5_0
  Local port:              1

--------------------------------------------------------------------------
--------------------------------------------------------------------------
By default, for Open MPI 4.0 and later, infiniband ports on a device
are not used by default.  The intent is to use UCX for these devices.
You can override this policy by setting the btl_openib_allow_ib MCA parameter
to true.

  Local host:              exp-14-58
  Local adapter:           mlx5_0
  Local port:              1

--------------------------------------------------------------------------
--------------------------------------------------------------------------
By default, for Open MPI 4.0 and later, infiniband ports on a device
are not used by default.  The intent is to use UCX for these devices.
You can override this policy by setting the btl_openib_allow_ib MCA parameter
to true.

  Local host:              exp-14-58
  Local adapter:           mlx5_0
  Local port:              1

--------------------------------------------------------------------------
--------------------------------------------------------------------------
WARNING: There was an error initializing an OpenFabrics device.

  Local host:   exp-14-58
  Local device: mlx5_0
--------------------------------------------------------------------------
--------------------------------------------------------------------------
WARNING: There was an error initializing an OpenFabrics device.

  Local host:   exp-14-58
  Local device: mlx5_0
--------------------------------------------------------------------------
--------------------------------------------------------------------------
WARNING: There was an error initializing an OpenFabrics device.

  Local host:   exp-14-58
  Local device: mlx5_0
--------------------------------------------------------------------------
--------------------------------------------------------------------------
WARNING: There was an error initializing an OpenFabrics device.

  Local host:   exp-14-58
  Local device: mlx5_0
--------------------------------------------------------------------------
[exp-14-58][[43094,0],6][btl_tcp.c:559:mca_btl_tcp_recv_blocking] recv(73) failed: Connection reset by peer (104)
[exp-14-58][[43094,0],6][btl_tcp.c:559:mca_btl_tcp_recv_blocking] recv(73) failed: Connection reset by peer (104)
[exp-14-58][[43094,0],6][btl_tcp.c:559:mca_btl_tcp_recv_blocking] recv(73) failed: Connection reset by peer (104)
[exp-14-58][[43094,0],6][btl_tcp.c:559:mca_btl_tcp_recv_blocking] recv(73) failed: Connection reset by peer (104)
/cm/shared/apps/spack/gpu/opt/spack/linux-centos8-skylake_avx512/gcc-8.3.1/amber-20-55jatxbe6733usxdlonlcpjoopis5eku/bin/pmemd.cuda_SPFP.MPI: 
Program received signal SIGSEGV: Segmentation fault - invalid memory reference.

Backtrace for this error:
Note: The following floating-point exceptions are signalling: IEEE_UNDERFLOW_FLAG IEEE_DENORMAL
Note: The following floating-point exceptions are signalling: IEEE_UNDERFLOW_FLAG IEEE_DENORMAL
Note: The following floating-point exceptions are signalling: IEEE_UNDERFLOW_FLAG IEEE_DENORMAL
Note: The following floating-point exceptions are signalling: IEEE_UNDERFLOW_FLAG IEEE_DENORMAL
Note: The following floating-point exceptions are signalling: IEEE_INVALID_FLAG IEEE_UNDERFLOW_FLAG IEEE_DENORMAL
Note: The following floating-point exceptions are signalling: IEEE_INVALID_FLAG IEEE_UNDERFLOW_FLAG IEEE_DENORMAL
Note: The following floating-point exceptions are signalling: IEEE_INVALID_FLAG IEEE_UNDERFLOW_FLAG IEEE_DENORMAL
Note: The following floating-point exceptions are signalling: IEEE_UNDERFLOW_FLAG IEEE_DENORMAL
#0  0x15553a07d131 in ???
#1  0x15553a07c2d3 in ???
#2  0x15553987995f in ???
#3  0x15553999f91c in ???
#4  0x15553989257c in ???
#5  0x1555398954fd in ???
#6  0x1555398929a1 in ???
#7  0x15553993b10b in ???
#8  0x15553993b2c0 in ???
#9  0x155534728b19 in slurm_get_kvs_comm_set
	at /root/rpmbuild/BUILD/slurm-20.02.3/src/api/slurm_pmi.c:310
#10  0x15553857b3e2 in PMI_Barrier
	at /root/rpmbuild/BUILD/slurm-20.02.3/contribs/pmi/pmi.c:683
#11  0x155538ed65be in ???
#12  0x155538ebb656 in event_process_active_single_queue
	at /tmp/mahidhar/spack-stage/spack-stage-openmpi-4.0.4-mpm64p2fdhmmvnb5v2gszma2fsgdyu73/spack-src/opal/mca/event/libevent2022/libevent/event.c:1370
#13  0x155538ebb656 in event_process_active
	at /tmp/mahidhar/spack-stage/spack-stage-openmpi-4.0.4-mpm64p2fdhmmvnb5v2gszma2fsgdyu73/spack-src/opal/mca/event/libevent2022/libevent/event.c:1440
#14  0x155538ebb656 in opal_libevent2022_event_base_loop
	at /tmp/mahidhar/spack-stage/spack-stage-openmpi-4.0.4-mpm64p2fdhmmvnb5v2gszma2fsgdyu73/spack-src/opal/mca/event/libevent2022/libevent/event.c:1644
#15  0x155538e3449d in ???
#16  0x155541e322dd in ???
#17  0x15553993e132 in ???
#18  0xffffffffffffffff in ???
/cm/shared/apps/spack/gpu/opt/spack/linux-centos8-skylake_avx512/gcc-8.3.1/amber-20-55jatxbe6733usxdlonlcpjoopis5eku/bin/pmemd.cuda_SPFP.MPI: : Unknown error 805384192
srun: error: exp-14-59: task 8: Exited with exit code 189
srun: Job step aborted: Waiting up to 32 seconds for job step to finish.
slurmstepd: error: *** JOB 239702 ON exp-14-57 CANCELLED AT 2020-11-09T09:30:29 ***
