----------------------------------------
Begin Torque Prologue on nid25434
at Fri May 18 18:06:52 CDT 2018
Job Id:			8630621.bw
Username:		barletta
Group:			PRAC_gk4
Job name:		eol_e2_cph_
Requested resources:	neednodes=10:ppn=1:xk,nodes=10:ppn=1:xk,walltime=07:00:00
Queue:			normal
Account:		gk4
End Torque Prologue:  0.184 elapsed
----------------------------------------





 Running multipmemd version of pmemd Amber18
    Total processors =    10
    Number of groups =    10

Note: The following floating-point exceptions are signalling: IEEE_UNDERFLOW_FLAG IEEE_DENORMAL
Note: The following floating-point exceptions are signalling: IEEE_UNDERFLOW_FLAG IEEE_DENORMAL
Note: The following floating-point exceptions are signalling: IEEE_UNDERFLOW_FLAG IEEE_DENORMAL
Note: The following floating-point exceptions are signalling: IEEE_UNDERFLOW_FLAG IEEE_DENORMAL
Note: The following floating-point exceptions are signalling: IEEE_UNDERFLOW_FLAG IEEE_DENORMAL
Note: The following floating-point exceptions are signalling: IEEE_UNDERFLOW_FLAG IEEE_DENORMAL
Note: The following floating-point exceptions are signalling: IEEE_UNDERFLOW_FLAG IEEE_DENORMAL
Note: The following floating-point exceptions are signalling: IEEE_UNDERFLOW_FLAG IEEE_DENORMAL
Note: The following floating-point exceptions are signalling: IEEE_UNDERFLOW_FLAG IEEE_DENORMAL
Note: The following floating-point exceptions are signalling: IEEE_UNDERFLOW_FLAG IEEE_DENORMAL
Application 67075204 resources: utime ~132802s, stime ~16656s, Rss ~353312, inblocks ~610274500, outblocks ~751254257
