
          -------------------------------------------------------
          Amber 16 PMEMD                              2016
          -------------------------------------------------------

| PMEMD implementation of SANDER, Release 16

| Run on 11/25/2017 at 13:18:05

|   Executable path: /apps/amber16/bin/pmemd.cuda
| Working directory: /home/pbarletta
|          Hostname: mordor

  [-O]verwriting output

File Assignments:
|   MDIN: /scratch/pbarletta/cph_obp/run/eol/mhe/e/17equ.in                     
|  MDOUT: /scratch/pbarletta/cph_obp/run/eol/mhe/e/17equ.out                    
| INPCRD: /scratch/pbarletta/cph_obp/run/eol/mhe/e/16eeol.rst7                  
|   PARM: /scratch/pbarletta/cph_obp/top_files/eol.prmtop                       
| RESTRT: /scratch/pbarletta/cph_obp/run/eol/mhe/e/17eeol.rst7                  
|   REFC: /scratch/pbarletta/cph_obp/run/eol/mhe/e/16eeol.rst7                  
|  MDVEL: mdvel                                                                 
|   MDEN: mden                                                                  
|  MDCRD: /scratch/pbarletta/cph_obp/run/eol/mhe/e/17eeol.nc                    
| MDINFO: mdinfo                                                                
|  MDFRC: mdfrc                                                                 


 Here is the input file:

Equilibration with solute restrictions                                         
&cntrl                                                                         
imin = 0,                           ! No Minimization                          
nmropt = 0,                         ! No NMR restraints read                   
                                                                               
! Nature and format of the input                                               
ntx = 5,                            ! Coordinates but no velocities will be rea
irest = 1,                          ! Do not run a new simulation              
                                                                               
! Nature and format of the output                                              
ntxo = 1,                           ! rstrt file in ASCII format               
ntpr = 500,                         ! inf in output every ntpr steps           
ntwr = 500,                         ! rstrt file every ntwr steps              
ntwx = 500,                         ! mdcrd file every ntwx steps              
ntwv = 0,                           ! mdvel without velocities                 
ntwe = 0,                           ! Energies and temperatures not written in 
idecomp = 0,                        ! No energy decomposition                  
iwrap = 1,                          ! Coordinates of the restart and mdcrd file
                                                                               
! Frozen or restrained atoms                                                   
ibelly = 0,                         ! No frozen atoms                          
ntr=1,                              ! Harmonic potential restraints            
restraint_wt = 1.0,                ! The weight for the positional restraints  
restraintmask = ':1-120@N,CA,C,O',  ! restrained residues                      
                                                                               
! Molecular dynamics                                                           
nstlim = 50000,                     ! Number of MD-steps                       
dt = 0.002,                         ! Time step                                
                                                                               
! Temperature regulation                                                       
ntt = 3,                            ! Langevin thermostat                      
gamma_ln = 5,                       ! Gamma constant for Langevin              
temp0 = 300.0,                      ! Reference T at which the system is to be 
tempi = 300.0,                      ! Initial T                                
ig = -1,                            ! Seed for the RNG                         
                                                                               
! P and V regulation                                                           
ntp = 0,                            ! No pressure control                      
ntb = 1,                            ! Periodic box for constant V              
                                                                               
! SHAKE variables                                                              
ntc = 2,                            ! Bonds involving H are constrained        
ntf = 2,                            ! Bond interaction involving H are ommited.
                                                                               
cut = 10.0,                         ! Nonbonded cutoff                         
                                                                               
/                                                                              
&end                                                                           


Note: ig = -1. Setting random seed to   549359 based on wallclock time in 
      microseconds.
| irandom = 1, using AMBER's internal random number generator (default).
 
|--------------------- INFORMATION ----------------------
| GPU (CUDA) Version of PMEMD in use: NVIDIA GPU IN USE.
|                    Version 16.0.0
| 
|                      02/25/2016
| 
| Implementation by:
|                    Ross C. Walker     (SDSC)
|                    Scott Le Grand     (nVIDIA)
| 
| Precision model in use:
|      [SPFP] - Single Precision Forces, 64-bit Fixed Point
|               Accumulation. (Default)
| 
|--------------------------------------------------------
 
|----------------- CITATION INFORMATION -----------------
|
|    When publishing work that utilized the CUDA version
|    of AMBER, please cite the following in addition to
|    the regular AMBER citations:
|
|  - Romelia Salomon-Ferrer; Andreas W. Goetz; Duncan
|    Poole; Scott Le Grand; Ross C. Walker "Routine
|    microsecond molecular dynamics simulations with
|    AMBER - Part II: Particle Mesh Ewald", J. Chem.
|    Theory Comput., 2013, 9 (9), pp3878-3888,
|    DOI: 10.1021/ct400314y.
|
|  - Andreas W. Goetz; Mark J. Williamson; Dong Xu;
|    Duncan Poole; Scott Le Grand; Ross C. Walker
|    "Routine microsecond molecular dynamics simulations
|    with AMBER - Part I: Generalized Born", J. Chem.
|    Theory Comput., 2012, 8 (5), pp1542-1555.
|
|  - Scott Le Grand; Andreas W. Goetz; Ross C. Walker
|    "SPFP: Speed without compromise - a mixed precision
|    model for GPU accelerated molecular dynamics
|    simulations.", Comp. Phys. Comm., 2013, 184
|    pp374-380, DOI: 10.1016/j.cpc.2012.09.022
|
|--------------------------------------------------------
 
|------------------- GPU DEVICE INFO --------------------
|
|            CUDA_VISIBLE_DEVICES: 3
|   CUDA Capable Devices Detected:      1
|           CUDA Device ID in use:      0
|                CUDA Device Name: GeForce GTX 1080 Ti
|     CUDA Device Global Mem Size:  11172 MB
| CUDA Device Num Multiprocessors:     28
|           CUDA Device Core Freq:   1.58 GHz
|
|--------------------------------------------------------
 
 
| Conditional Compilation Defines Used:
| PUBFFT
| BINTRAJ
| CUDA
| EMIL

| Largest sphere to fit in unit cell has radius =    25.573

| New format PARM file being parsed.
| Version =    1.000 Date = 11/25/17 Time = 12:30:47

| Note: 1-4 EEL scale factors are being read from the topology file.

| Note: 1-4 VDW scale factors are being read from the topology file.
| Duplicated    0 dihedrals

| Duplicated    0 dihedrals

--------------------------------------------------------------------------------
   1.  RESOURCE   USE: 
--------------------------------------------------------------------------------

 getting new box info from bottom of inpcrd
 NATOM  =   16335 NTYPES =      18 NBONH =   15379 MBONA  =     965
 NTHETH =    2359 MTHETA =    1297 NPHIH =    4508 MPHIA  =    3273
 NHPARM =       0 NPARM  =       0 NNB   =   30176 NRES   =    4896
 NBONA  =     965 NTHETA =    1297 NPHIA =    3273 NUMBND =      52
 NUMANG =     106 NPTRA  =      43 NATYP =      35 NPHB   =       1
 IFBOX  =       2 NMXRS  =      24 IFCAP =       0 NEXTRA =       0
 NCOPY  =       0

| Coordinate Index Table dimensions:    10   10   10
| Direct force subcell size =     6.2641    6.2641    6.2641

     BOX TYPE: TRUNCATED OCTAHEDRON

--------------------------------------------------------------------------------
   2.  CONTROL  DATA  FOR  THE  RUN
--------------------------------------------------------------------------------

default_name                                                                    

General flags:
     imin    =       0, nmropt  =       0

Nature and format of input:
     ntx     =       5, irest   =       1, ntrx    =       1

Nature and format of output:
     ntxo    =       1, ntpr    =     500, ntrx    =       1, ntwr    =     500
     iwrap   =       1, ntwx    =     500, ntwv    =       0, ntwe    =       0
     ioutfm  =       1, ntwprt  =       0, idecomp =       0, rbornstat=      0

Potential function:
     ntf     =       2, ntb     =       1, igb     =       0, nsnb    =      25
     ipol    =       0, gbsa    =       0, iesp    =       0
     dielc   =   1.00000, cut     =  10.00000, intdiel =   1.00000

Frozen or restrained atoms:
     ibelly  =       0, ntr     =       1
     restraint_wt =   1.00000

Molecular dynamics:
     nstlim  =     50000, nscm    =         0, nrespa  =         1
     t       =   0.00000, dt      =   0.00200, vlimit  =  -1.00000

Langevin dynamics temperature regulation:
     ig      =  549359
     temp0   = 300.00000, tempi   = 300.00000, gamma_ln=   5.00000

SHAKE:
     ntc     =       2, jfastw  =       0
     tol     =   0.00001

| Intermolecular bonds treatment:
|     no_intermolecular_bonds =       1

| Energy averages sample interval:
|     ene_avg_sampling =     500

Ewald parameters:
     verbose =       0, ew_type =       0, nbflag  =       1, use_pme =       1
     vdwmeth =       1, eedmeth =       1, netfrc  =       1
     Box X =   62.641   Box Y =   62.641   Box Z =   62.641
     Alpha =  109.471   Beta  =  109.471   Gamma =  109.471
     NFFT1 =   64       NFFT2 =   64       NFFT3 =   64
     Cutoff=   10.000   Tol   =0.100E-04
     Ewald Coefficient =  0.27511
     Interpolation order =    4

    LOADING THE CONSTRAINED ATOMS AS GROUPS


   5.  REFERENCE ATOM COORDINATES

  default_name                                                                    
     Mask :1-120@N,CA,C,O; matches   476 atoms

--------------------------------------------------------------------------------
   3.  ATOMIC COORDINATES AND VELOCITIES
--------------------------------------------------------------------------------

default_name                                                                    
 begin time read from input coords =  1740.000 ps

 
 Number of triangulated 3-point waters found:     4775

     Sum of charges from parm topology file =  -0.00000006
     Forcing neutrality...

| Dynamic Memory, Types Used:
| Reals              619328
| Integers           587040

| Nonbonded Pairs Initial Allocation:     4940929

| GPU memory information (estimate):
| KB of GPU memory in use:    123234
| KB of CPU memory in use:     26928

--------------------------------------------------------------------------------
   4.  RESULTS
--------------------------------------------------------------------------------

 ---------------------------------------------------
 APPROXIMATING switch and d/dx switch using CUBIC SPLINE INTERPOLATION
 using   5000.0 points per unit in tabled values
 TESTING RELATIVE ERROR over r ranging from 0.0 to cutoff
| CHECK switch(x): max rel err =   0.2738E-14   at   2.422500
| CHECK d/dx switch(x): max rel err =   0.8314E-11   at   2.736960
 ---------------------------------------------------
|---------------------------------------------------
| APPROXIMATING direct energy using CUBIC SPLINE INTERPOLATION
|  with   50.0 points per unit in tabled values
| Relative Error Limit not exceeded for r .gt.   2.33
| APPROXIMATING direct force using CUBIC SPLINE INTERPOLATION
|  with   50.0 points per unit in tabled values
| Relative Error Limit not exceeded for r .gt.   2.80
|---------------------------------------------------
wrapping first mol.:       20.88048       29.52946       51.14652
wrapping first mol.:       20.88048       29.52946       51.14652

 NSTEP =      500   TIME(PS) =    1741.000  TEMP(K) =   301.39  PRESS =     0.0
 Etot   =    -37906.3674  EKtot   =     10069.6777  EPtot      =    -47976.0451
 BOND   =       358.6331  ANGLE   =      1079.3044  DIHED      =      1347.2857
 1-4 NB =       436.7772  1-4 EEL =      6334.2603  VDWAALS    =      5244.4206
 EELEC  =    -62820.9134  EHBOND  =         0.0000  RESTRAINT  =        44.1869
 EAMBER (non-restraint)  =    -48020.2320
 ------------------------------------------------------------------------------

wrapping first mol.:       20.88048       29.52946       51.14652
wrapping first mol.:       20.88048       29.52946       51.14652

 NSTEP =     1000   TIME(PS) =    1742.000  TEMP(K) =   299.53  PRESS =     0.0
 Etot   =    -38007.1773  EKtot   =     10007.4746  EPtot      =    -48014.6520
 BOND   =       370.1214  ANGLE   =      1083.0703  DIHED      =      1354.8205
 1-4 NB =       467.5191  1-4 EEL =      6317.5857  VDWAALS    =      5227.8606
 EELEC  =    -62882.2056  EHBOND  =         0.0000  RESTRAINT  =        46.5761
 EAMBER (non-restraint)  =    -48061.2280
 ------------------------------------------------------------------------------

wrapping first mol.:       20.88048       29.52946       51.14652
wrapping first mol.:       20.88048       29.52946       51.14652

 NSTEP =     1500   TIME(PS) =    1743.000  TEMP(K) =   299.64  PRESS =     0.0
 Etot   =    -38404.5712  EKtot   =     10011.1484  EPtot      =    -48415.7196
 BOND   =       372.6982  ANGLE   =      1029.4698  DIHED      =      1351.3495
 1-4 NB =       460.0009  1-4 EEL =      6320.0628  VDWAALS    =      5559.6037
 EELEC  =    -63552.6747  EHBOND  =         0.0000  RESTRAINT  =        43.7702
 EAMBER (non-restraint)  =    -48459.4898
 ------------------------------------------------------------------------------

wrapping first mol.:       20.88048       29.52946       51.14652
wrapping first mol.:       20.88048       29.52946       51.14652

 NSTEP =     2000   TIME(PS) =    1744.000  TEMP(K) =   298.93  PRESS =     0.0
 Etot   =    -38246.7441  EKtot   =      9987.4629  EPtot      =    -48234.2070
 BOND   =       362.8633  ANGLE   =      1057.6583  DIHED      =      1346.1689
 1-4 NB =       449.4852  1-4 EEL =      6314.5465  VDWAALS    =      5549.7102
 EELEC  =    -63355.7671  EHBOND  =         0.0000  RESTRAINT  =        41.1278
 EAMBER (non-restraint)  =    -48275.3348
 ------------------------------------------------------------------------------

wrapping first mol.:       20.88048       29.52946       51.14652
wrapping first mol.:       20.88048       29.52946       51.14652

 NSTEP =     2500   TIME(PS) =    1745.000  TEMP(K) =   298.89  PRESS =     0.0
 Etot   =    -38079.6709  EKtot   =      9986.1064  EPtot      =    -48065.7773
 BOND   =       342.9193  ANGLE   =      1133.1981  DIHED      =      1337.4284
 1-4 NB =       468.5852  1-4 EEL =      6324.8024  VDWAALS    =      5531.6510
 EELEC  =    -63244.5244  EHBOND  =         0.0000  RESTRAINT  =        40.1626
 EAMBER (non-restraint)  =    -48105.9399
 ------------------------------------------------------------------------------

wrapping first mol.:       20.88048       29.52946       51.14652
wrapping first mol.:       20.88048       29.52946       51.14652

 NSTEP =     3000   TIME(PS) =    1746.000  TEMP(K) =   299.44  PRESS =     0.0
 Etot   =    -38128.1467  EKtot   =     10004.5205  EPtot      =    -48132.6672
 BOND   =       365.4118  ANGLE   =      1039.5126  DIHED      =      1329.4967
 1-4 NB =       451.6030  1-4 EEL =      6292.8775  VDWAALS    =      5370.7265
 EELEC  =    -63021.2563  EHBOND  =         0.0000  RESTRAINT  =        38.9610
 EAMBER (non-restraint)  =    -48171.6282
 ------------------------------------------------------------------------------

wrapping first mol.:       20.88048       29.52946       51.14652
wrapping first mol.:       20.88048       29.52946       51.14652

 NSTEP =     3500   TIME(PS) =    1747.000  TEMP(K) =   298.07  PRESS =     0.0
 Etot   =    -38203.6715  EKtot   =      9958.6611  EPtot      =    -48162.3326
 BOND   =       357.6075  ANGLE   =      1066.3306  DIHED      =      1357.6919
 1-4 NB =       463.1431  1-4 EEL =      6312.3608  VDWAALS    =      5193.1018
 EELEC  =    -62958.3132  EHBOND  =         0.0000  RESTRAINT  =        45.7449
 EAMBER (non-restraint)  =    -48208.0775
 ------------------------------------------------------------------------------

wrapping first mol.:       20.88048       29.52946       51.14652
wrapping first mol.:       20.88048       29.52946       51.14652

 NSTEP =     4000   TIME(PS) =    1748.000  TEMP(K) =   303.06  PRESS =     0.0
 Etot   =    -37915.0466  EKtot   =     10125.3779  EPtot      =    -48040.4245
 BOND   =       356.0261  ANGLE   =      1075.9516  DIHED      =      1337.2945
 1-4 NB =       451.8210  1-4 EEL =      6279.8694  VDWAALS    =      5395.2216
 EELEC  =    -62977.3372  EHBOND  =         0.0000  RESTRAINT  =        40.7285
 EAMBER (non-restraint)  =    -48081.1530
 ------------------------------------------------------------------------------

wrapping first mol.:       20.88048       29.52946       51.14652
wrapping first mol.:       20.88048       29.52946       51.14652

 NSTEP =     4500   TIME(PS) =    1749.000  TEMP(K) =   301.83  PRESS =     0.0
 Etot   =    -37980.1850  EKtot   =     10084.3828  EPtot      =    -48064.5678
 BOND   =       343.7303  ANGLE   =      1083.7334  DIHED      =      1342.4143
 1-4 NB =       445.8436  1-4 EEL =      6268.3968  VDWAALS    =      5318.6818
 EELEC  =    -62913.8672  EHBOND  =         0.0000  RESTRAINT  =        46.4991
 EAMBER (non-restraint)  =    -48111.0669
 ------------------------------------------------------------------------------

wrapping first mol.:       20.88048       29.52946       51.14652
wrapping first mol.:       20.88048       29.52946       51.14652

 NSTEP =     5000   TIME(PS) =    1750.000  TEMP(K) =   302.62  PRESS =     0.0
 Etot   =    -37977.9912  EKtot   =     10110.6504  EPtot      =    -48088.6415
 BOND   =       359.1934  ANGLE   =      1050.3007  DIHED      =      1346.1576
 1-4 NB =       435.9770  1-4 EEL =      6275.5215  VDWAALS    =      5518.9745
 EELEC  =    -63120.1029  EHBOND  =         0.0000  RESTRAINT  =        45.3365
 EAMBER (non-restraint)  =    -48133.9781
 ------------------------------------------------------------------------------

wrapping first mol.:       20.88048       29.52946       51.14652
wrapping first mol.:       20.88048       29.52946       51.14652

 NSTEP =     5500   TIME(PS) =    1751.000  TEMP(K) =   300.91  PRESS =     0.0
 Etot   =    -38167.2108  EKtot   =     10053.6787  EPtot      =    -48220.8896
 BOND   =       336.8980  ANGLE   =      1023.1874  DIHED      =      1376.7506
 1-4 NB =       447.1194  1-4 EEL =      6319.6518  VDWAALS    =      5462.8899
 EELEC  =    -63231.5623  EHBOND  =         0.0000  RESTRAINT  =        44.1757
 EAMBER (non-restraint)  =    -48265.0653
 ------------------------------------------------------------------------------

wrapping first mol.:       20.88048       29.52946       51.14652
wrapping first mol.:       20.88048       29.52946       51.14652

 NSTEP =     6000   TIME(PS) =    1752.000  TEMP(K) =   304.66  PRESS =     0.0
 Etot   =    -38034.8831  EKtot   =     10178.9707  EPtot      =    -48213.8538
 BOND   =       358.6942  ANGLE   =      1057.4713  DIHED      =      1367.4583
 1-4 NB =       460.4347  1-4 EEL =      6283.5386  VDWAALS    =      5425.8691
 EELEC  =    -63209.4161  EHBOND  =         0.0000  RESTRAINT  =        42.0960
 EAMBER (non-restraint)  =    -48255.9498
 ------------------------------------------------------------------------------

wrapping first mol.:       20.88048       29.52946       51.14652
wrapping first mol.:       20.88048       29.52946       51.14652

 NSTEP =     6500   TIME(PS) =    1753.000  TEMP(K) =   302.21  PRESS =     0.0
 Etot   =    -38005.3299  EKtot   =     10097.1709  EPtot      =    -48102.5008
 BOND   =       329.6024  ANGLE   =      1080.7477  DIHED      =      1357.8797
 1-4 NB =       459.0859  1-4 EEL =      6320.7137  VDWAALS    =      5485.9553
 EELEC  =    -63179.0005  EHBOND  =         0.0000  RESTRAINT  =        42.5149
 EAMBER (non-restraint)  =    -48145.0156
 ------------------------------------------------------------------------------

wrapping first mol.:       20.88048       29.52946       51.14652
wrapping first mol.:       20.88048       29.52946       51.14652

 NSTEP =     7000   TIME(PS) =    1754.000  TEMP(K) =   299.24  PRESS =     0.0
 Etot   =    -37969.4356  EKtot   =      9997.6543  EPtot      =    -47967.0899
 BOND   =       347.3305  ANGLE   =      1050.6995  DIHED      =      1379.4128
 1-4 NB =       452.1567  1-4 EEL =      6324.5718  VDWAALS    =      5320.4276
 EELEC  =    -62884.4992  EHBOND  =         0.0000  RESTRAINT  =        42.8105
 EAMBER (non-restraint)  =    -48009.9004
 ------------------------------------------------------------------------------

wrapping first mol.:       20.88048       29.52946       51.14652
wrapping first mol.:       20.88048       29.52946       51.14652

 NSTEP =     7500   TIME(PS) =    1755.000  TEMP(K) =   296.28  PRESS =     0.0
 Etot   =    -38217.3646  EKtot   =      9898.8721  EPtot      =    -48116.2367
 BOND   =       357.8879  ANGLE   =      1054.6320  DIHED      =      1335.4792
 1-4 NB =       448.2467  1-4 EEL =      6318.8694  VDWAALS    =      5440.8068
 EELEC  =    -63126.0030  EHBOND  =         0.0000  RESTRAINT  =        53.8445
 EAMBER (non-restraint)  =    -48170.0811
 ------------------------------------------------------------------------------

wrapping first mol.:       20.88048       29.52946       51.14652
wrapping first mol.:       20.88048       29.52946       51.14652

 NSTEP =     8000   TIME(PS) =    1756.000  TEMP(K) =   300.54  PRESS =     0.0
 Etot   =    -38041.2480  EKtot   =     10041.2070  EPtot      =    -48082.4550
 BOND   =       360.1104  ANGLE   =      1050.4330  DIHED      =      1355.6628
 1-4 NB =       451.3238  1-4 EEL =      6299.3148  VDWAALS    =      5301.4680
 EELEC  =    -62949.6012  EHBOND  =         0.0000  RESTRAINT  =        48.8334
 EAMBER (non-restraint)  =    -48131.2884
 ------------------------------------------------------------------------------

wrapping first mol.:       20.88048       29.52946       51.14652
wrapping first mol.:       20.88048       29.52946       51.14652

 NSTEP =     8500   TIME(PS) =    1757.000  TEMP(K) =   302.64  PRESS =     0.0
 Etot   =    -37968.9492  EKtot   =     10111.4258  EPtot      =    -48080.3749
 BOND   =       373.4355  ANGLE   =      1046.7258  DIHED      =      1355.3381
 1-4 NB =       433.8460  1-4 EEL =      6275.6780  VDWAALS    =      5517.0975
 EELEC  =    -63129.4570  EHBOND  =         0.0000  RESTRAINT  =        46.9612
 EAMBER (non-restraint)  =    -48127.3361
 ------------------------------------------------------------------------------

wrapping first mol.:       20.88048       29.52946       51.14652
wrapping first mol.:       20.88048       29.52946       51.14652

 NSTEP =     9000   TIME(PS) =    1758.000  TEMP(K) =   301.99  PRESS =     0.0
 Etot   =    -38165.1163  EKtot   =     10089.5859  EPtot      =    -48254.7022
 BOND   =       369.5376  ANGLE   =      1053.4101  DIHED      =      1317.7246
 1-4 NB =       458.2393  1-4 EEL =      6316.8583  VDWAALS    =      5489.2213
 EELEC  =    -63300.1467  EHBOND  =         0.0000  RESTRAINT  =        40.4534
 EAMBER (non-restraint)  =    -48295.1556
 ------------------------------------------------------------------------------

wrapping first mol.:       20.88048       29.52946       51.14652
wrapping first mol.:       20.88048       29.52946       51.14652

 NSTEP =     9500   TIME(PS) =    1759.000  TEMP(K) =   299.80  PRESS =     0.0
 Etot   =    -38275.1389  EKtot   =     10016.5059  EPtot      =    -48291.6447
 BOND   =       361.3515  ANGLE   =      1039.7071  DIHED      =      1338.3079
 1-4 NB =       443.7828  1-4 EEL =      6307.1958  VDWAALS    =      5456.8795
 EELEC  =    -63278.5611  EHBOND  =         0.0000  RESTRAINT  =        39.6918
 EAMBER (non-restraint)  =    -48331.3365
 ------------------------------------------------------------------------------

wrapping first mol.:       20.88048       29.52946       51.14652
wrapping first mol.:       20.88048       29.52946       51.14652

 NSTEP =    10000   TIME(PS) =    1760.000  TEMP(K) =   303.01  PRESS =     0.0
 Etot   =    -38200.5811  EKtot   =     10123.6436  EPtot      =    -48324.2247
 BOND   =       354.4455  ANGLE   =      1085.6989  DIHED      =      1353.8463
 1-4 NB =       445.3857  1-4 EEL =      6304.2248  VDWAALS    =      5335.3538
 EELEC  =    -63245.5202  EHBOND  =         0.0000  RESTRAINT  =        42.3405
 EAMBER (non-restraint)  =    -48366.5652
 ------------------------------------------------------------------------------

wrapping first mol.:       20.88048       29.52946       51.14652
wrapping first mol.:       20.88048       29.52946       51.14652

 NSTEP =    10500   TIME(PS) =    1761.000  TEMP(K) =   301.11  PRESS =     0.0
 Etot   =    -38188.8379  EKtot   =     10060.4131  EPtot      =    -48249.2510
 BOND   =       331.4125  ANGLE   =      1087.4111  DIHED      =      1359.1551
 1-4 NB =       452.4429  1-4 EEL =      6320.7841  VDWAALS    =      5491.6154
 EELEC  =    -63331.9211  EHBOND  =         0.0000  RESTRAINT  =        39.8490
 EAMBER (non-restraint)  =    -48289.1000
 ------------------------------------------------------------------------------

wrapping first mol.:       20.88048       29.52946       51.14652
wrapping first mol.:       20.88048       29.52946       51.14652

 NSTEP =    11000   TIME(PS) =    1762.000  TEMP(K) =   300.91  PRESS =     0.0
 Etot   =    -38133.7607  EKtot   =     10053.6699  EPtot      =    -48187.4307
 BOND   =       353.8828  ANGLE   =      1054.8639  DIHED      =      1339.5194
 1-4 NB =       456.2555  1-4 EEL =      6337.5253  VDWAALS    =      5482.5036
 EELEC  =    -63251.9568  EHBOND  =         0.0000  RESTRAINT  =        39.9755
 EAMBER (non-restraint)  =    -48227.4062
 ------------------------------------------------------------------------------

wrapping first mol.:       20.88048       29.52946       51.14652
wrapping first mol.:       20.88048       29.52946       51.14652

 NSTEP =    11500   TIME(PS) =    1763.000  TEMP(K) =   300.24  PRESS =     0.0
 Etot   =    -38324.2218  EKtot   =     10031.3203  EPtot      =    -48355.5421
 BOND   =       349.7534  ANGLE   =      1072.3019  DIHED      =      1364.8632
 1-4 NB =       448.5768  1-4 EEL =      6325.4970  VDWAALS    =      5509.3099
 EELEC  =    -63464.4481  EHBOND  =         0.0000  RESTRAINT  =        38.6039
 EAMBER (non-restraint)  =    -48394.1459
 ------------------------------------------------------------------------------

wrapping first mol.:       20.88048       29.52946       51.14652
wrapping first mol.:       20.88048       29.52946       51.14652

 NSTEP =    12000   TIME(PS) =    1764.000  TEMP(K) =   299.07  PRESS =     0.0
 Etot   =    -38201.8043  EKtot   =      9992.2441  EPtot      =    -48194.0485
 BOND   =       349.5568  ANGLE   =      1101.1710  DIHED      =      1357.5359
 1-4 NB =       435.8714  1-4 EEL =      6274.8258  VDWAALS    =      5385.1573
 EELEC  =    -63139.4182  EHBOND  =         0.0000  RESTRAINT  =        41.2516
 EAMBER (non-restraint)  =    -48235.3001
 ------------------------------------------------------------------------------

wrapping first mol.:       20.88048       29.52946       51.14652
wrapping first mol.:       20.88048       29.52946       51.14652

 NSTEP =    12500   TIME(PS) =    1765.000  TEMP(K) =   295.71  PRESS =     0.0
 Etot   =    -38511.2187  EKtot   =      9879.7129  EPtot      =    -48390.9316
 BOND   =       315.6308  ANGLE   =      1063.9006  DIHED      =      1359.1628
 1-4 NB =       447.4058  1-4 EEL =      6313.0578  VDWAALS    =      5455.1301
 EELEC  =    -63390.5757  EHBOND  =         0.0000  RESTRAINT  =        45.3563
 EAMBER (non-restraint)  =    -48436.2879
 ------------------------------------------------------------------------------

wrapping first mol.:       20.88048       29.52946       51.14652
wrapping first mol.:       20.88048       29.52946       51.14652

 NSTEP =    13000   TIME(PS) =    1766.000  TEMP(K) =   298.07  PRESS =     0.0
 Etot   =    -38471.2281  EKtot   =      9958.7695  EPtot      =    -48429.9976
 BOND   =       331.0684  ANGLE   =      1082.6432  DIHED      =      1340.5871
 1-4 NB =       437.0278  1-4 EEL =      6274.2118  VDWAALS    =      5284.7046
 EELEC  =    -63224.5008  EHBOND  =         0.0000  RESTRAINT  =        44.2603
 EAMBER (non-restraint)  =    -48474.2579
 ------------------------------------------------------------------------------

wrapping first mol.:       20.88048       29.52946       51.14652
wrapping first mol.:       20.88048       29.52946       51.14652

 NSTEP =    13500   TIME(PS) =    1767.000  TEMP(K) =   302.80  PRESS =     0.0
 Etot   =    -38243.2244  EKtot   =     10116.6104  EPtot      =    -48359.8348
 BOND   =       349.0768  ANGLE   =      1083.7237  DIHED      =      1344.5617
 1-4 NB =       456.5755  1-4 EEL =      6293.6915  VDWAALS    =      5411.8308
 EELEC  =    -63343.0657  EHBOND  =         0.0000  RESTRAINT  =        43.7710
 EAMBER (non-restraint)  =    -48403.6057
 ------------------------------------------------------------------------------

wrapping first mol.:       20.88048       29.52946       51.14652
wrapping first mol.:       20.88048       29.52946       51.14652

 NSTEP =    14000   TIME(PS) =    1768.000  TEMP(K) =   304.19  PRESS =     0.0
 Etot   =    -38002.8452  EKtot   =     10163.2422  EPtot      =    -48166.0873
 BOND   =       346.0056  ANGLE   =      1077.5404  DIHED      =      1349.8482
 1-4 NB =       461.0647  1-4 EEL =      6286.8997  VDWAALS    =      5437.2937
 EELEC  =    -63168.3814  EHBOND  =         0.0000  RESTRAINT  =        43.6418
 EAMBER (non-restraint)  =    -48209.7292
 ------------------------------------------------------------------------------

wrapping first mol.:       20.88048       29.52946       51.14652
wrapping first mol.:       20.88048       29.52946       51.14652

 NSTEP =    14500   TIME(PS) =    1769.000  TEMP(K) =   300.42  PRESS =     0.0
 Etot   =    -38171.2491  EKtot   =     10037.0879  EPtot      =    -48208.3370
 BOND   =       363.2650  ANGLE   =      1032.4337  DIHED      =      1365.4245
 1-4 NB =       461.7418  1-4 EEL =      6312.3460  VDWAALS    =      5451.8210
 EELEC  =    -63247.9641  EHBOND  =         0.0000  RESTRAINT  =        52.5951
 EAMBER (non-restraint)  =    -48260.9321
 ------------------------------------------------------------------------------

wrapping first mol.:       20.88048       29.52946       51.14652
wrapping first mol.:       20.88048       29.52946       51.14652

 NSTEP =    15000   TIME(PS) =    1770.000  TEMP(K) =   300.58  PRESS =     0.0
 Etot   =    -38174.8721  EKtot   =     10042.6240  EPtot      =    -48217.4961
 BOND   =       340.0733  ANGLE   =      1086.2392  DIHED      =      1350.2768
 1-4 NB =       447.4955  1-4 EEL =      6338.5994  VDWAALS    =      5452.8892
 EELEC  =    -63275.7552  EHBOND  =         0.0000  RESTRAINT  =        42.6855
 EAMBER (non-restraint)  =    -48260.1817
 ------------------------------------------------------------------------------

wrapping first mol.:       20.88048       29.52946       51.14652
wrapping first mol.:       20.88048       29.52946       51.14652

 NSTEP =    15500   TIME(PS) =    1771.000  TEMP(K) =   302.85  PRESS =     0.0
 Etot   =    -37932.3333  EKtot   =     10118.3057  EPtot      =    -48050.6389
 BOND   =       317.7363  ANGLE   =      1068.8767  DIHED      =      1379.7542
 1-4 NB =       445.4804  1-4 EEL =      6280.9809  VDWAALS    =      5390.2890
 EELEC  =    -62977.5464  EHBOND  =         0.0000  RESTRAINT  =        43.7899
 EAMBER (non-restraint)  =    -48094.4289
 ------------------------------------------------------------------------------

wrapping first mol.:       20.88048       29.52946       51.14652
wrapping first mol.:       20.88048       29.52946       51.14652

 NSTEP =    16000   TIME(PS) =    1772.000  TEMP(K) =   299.45  PRESS =     0.0
 Etot   =    -38171.2220  EKtot   =     10004.8145  EPtot      =    -48176.0365
 BOND   =       355.4726  ANGLE   =      1059.8420  DIHED      =      1368.8535
 1-4 NB =       463.6595  1-4 EEL =      6299.1865  VDWAALS    =      5525.6892
 EELEC  =    -63295.7386  EHBOND  =         0.0000  RESTRAINT  =        46.9989
 EAMBER (non-restraint)  =    -48223.0354
 ------------------------------------------------------------------------------

wrapping first mol.:       20.88048       29.52946       51.14652
wrapping first mol.:       20.88048       29.52946       51.14652

 NSTEP =    16500   TIME(PS) =    1773.000  TEMP(K) =   298.76  PRESS =     0.0
 Etot   =    -38013.5192  EKtot   =      9981.8916  EPtot      =    -47995.4108
 BOND   =       379.4644  ANGLE   =      1084.9140  DIHED      =      1340.2685
 1-4 NB =       451.1040  1-4 EEL =      6347.9692  VDWAALS    =      5239.4360
 EELEC  =    -62878.4849  EHBOND  =         0.0000  RESTRAINT  =        39.9180
 EAMBER (non-restraint)  =    -48035.3287
 ------------------------------------------------------------------------------

wrapping first mol.:       20.88048       29.52946       51.14652
wrapping first mol.:       20.88048       29.52946       51.14652

 NSTEP =    17000   TIME(PS) =    1774.000  TEMP(K) =   297.66  PRESS =     0.0
 Etot   =    -38235.4287  EKtot   =      9945.0312  EPtot      =    -48180.4600
 BOND   =       362.1541  ANGLE   =      1052.4005  DIHED      =      1369.5765
 1-4 NB =       439.0472  1-4 EEL =      6283.8050  VDWAALS    =      5291.8083
 EELEC  =    -63027.1395  EHBOND  =         0.0000  RESTRAINT  =        47.8880
 EAMBER (non-restraint)  =    -48228.3480
 ------------------------------------------------------------------------------

wrapping first mol.:       20.88048       29.52946       51.14652
wrapping first mol.:       20.88048       29.52946       51.14652

 NSTEP =    17500   TIME(PS) =    1775.000  TEMP(K) =   300.24  PRESS =     0.0
 Etot   =    -38146.6029  EKtot   =     10031.2812  EPtot      =    -48177.8841
 BOND   =       338.7433  ANGLE   =      1077.8869  DIHED      =      1336.3474
 1-4 NB =       454.8874  1-4 EEL =      6331.3436  VDWAALS    =      5597.9406
 EELEC  =    -63355.9823  EHBOND  =         0.0000  RESTRAINT  =        40.9489
 EAMBER (non-restraint)  =    -48218.8330
 ------------------------------------------------------------------------------

wrapping first mol.:       20.88048       29.52946       51.14652
wrapping first mol.:       20.88048       29.52946       51.14652

 NSTEP =    18000   TIME(PS) =    1776.000  TEMP(K) =   301.67  PRESS =     0.0
 Etot   =    -38028.9154  EKtot   =     10078.9951  EPtot      =    -48107.9105
 BOND   =       344.8376  ANGLE   =      1075.8202  DIHED      =      1345.2508
 1-4 NB =       433.2637  1-4 EEL =      6315.2454  VDWAALS    =      5467.8569
 EELEC  =    -63137.6111  EHBOND  =         0.0000  RESTRAINT  =        47.4259
 EAMBER (non-restraint)  =    -48155.3364
 ------------------------------------------------------------------------------

wrapping first mol.:       20.88048       29.52946       51.14652
wrapping first mol.:       20.88048       29.52946       51.14652

 NSTEP =    18500   TIME(PS) =    1777.000  TEMP(K) =   304.84  PRESS =     0.0
 Etot   =    -37949.8243  EKtot   =     10184.9004  EPtot      =    -48134.7247
 BOND   =       326.9771  ANGLE   =      1067.2958  DIHED      =      1354.9508
 1-4 NB =       453.5492  1-4 EEL =      6303.2184  VDWAALS    =      5411.4094
 EELEC  =    -63097.5271  EHBOND  =         0.0000  RESTRAINT  =        45.4017
 EAMBER (non-restraint)  =    -48180.1265
 ------------------------------------------------------------------------------

wrapping first mol.:       20.88048       29.52946       51.14652
wrapping first mol.:       20.88048       29.52946       51.14652

 NSTEP =    19000   TIME(PS) =    1778.000  TEMP(K) =   302.06  PRESS =     0.0
 Etot   =    -38244.2098  EKtot   =     10091.9707  EPtot      =    -48336.1805
 BOND   =       347.3647  ANGLE   =      1035.0993  DIHED      =      1359.8187
 1-4 NB =       452.6346  1-4 EEL =      6321.6117  VDWAALS    =      5614.9294
 EELEC  =    -63514.9649  EHBOND  =         0.0000  RESTRAINT  =        47.3259
 EAMBER (non-restraint)  =    -48383.5065
 ------------------------------------------------------------------------------

wrapping first mol.:       20.88048       29.52946       51.14652
wrapping first mol.:       20.88048       29.52946       51.14652

 NSTEP =    19500   TIME(PS) =    1779.000  TEMP(K) =   300.55  PRESS =     0.0
 Etot   =    -38190.1651  EKtot   =     10041.6152  EPtot      =    -48231.7804
 BOND   =       358.0450  ANGLE   =      1045.2671  DIHED      =      1334.1533
 1-4 NB =       447.3172  1-4 EEL =      6290.8881  VDWAALS    =      5559.7222
 EELEC  =    -63313.9730  EHBOND  =         0.0000  RESTRAINT  =        46.7997
 EAMBER (non-restraint)  =    -48278.5801
 ------------------------------------------------------------------------------

wrapping first mol.:       20.88048       29.52946       51.14652
wrapping first mol.:       20.88048       29.52946       51.14652

 NSTEP =    20000   TIME(PS) =    1780.000  TEMP(K) =   297.30  PRESS =     0.0
 Etot   =    -38292.6645  EKtot   =      9932.9902  EPtot      =    -48225.6548
 BOND   =       352.7441  ANGLE   =      1061.6994  DIHED      =      1366.0106
 1-4 NB =       455.7457  1-4 EEL =      6296.7493  VDWAALS    =      5365.9292
 EELEC  =    -63170.6990  EHBOND  =         0.0000  RESTRAINT  =        46.1660
 EAMBER (non-restraint)  =    -48271.8208
 ------------------------------------------------------------------------------

wrapping first mol.:       20.88048       29.52946       51.14652
wrapping first mol.:       20.88048       29.52946       51.14652

 NSTEP =    20500   TIME(PS) =    1781.000  TEMP(K) =   293.97  PRESS =     0.0
 Etot   =    -38526.5392  EKtot   =      9821.7236  EPtot      =    -48348.2629
 BOND   =       336.4440  ANGLE   =      1057.7724  DIHED      =      1353.9676
 1-4 NB =       450.1503  1-4 EEL =      6344.6398  VDWAALS    =      5453.3410
 EELEC  =    -63396.8801  EHBOND  =         0.0000  RESTRAINT  =        52.3021
 EAMBER (non-restraint)  =    -48400.5650
 ------------------------------------------------------------------------------

wrapping first mol.:       20.88048       29.52946       51.14652
wrapping first mol.:       20.88048       29.52946       51.14652

 NSTEP =    21000   TIME(PS) =    1782.000  TEMP(K) =   299.95  PRESS =     0.0
 Etot   =    -38121.2799  EKtot   =     10021.4658  EPtot      =    -48142.7457
 BOND   =       348.6514  ANGLE   =      1052.1372  DIHED      =      1353.9061
 1-4 NB =       457.8178  1-4 EEL =      6340.5196  VDWAALS    =      5502.3069
 EELEC  =    -63244.1472  EHBOND  =         0.0000  RESTRAINT  =        46.0625
 EAMBER (non-restraint)  =    -48188.8082
 ------------------------------------------------------------------------------

wrapping first mol.:       20.88048       29.52946       51.14652
wrapping first mol.:       20.88048       29.52946       51.14652

 NSTEP =    21500   TIME(PS) =    1783.000  TEMP(K) =   299.12  PRESS =     0.0
 Etot   =    -38174.1843  EKtot   =      9993.8730  EPtot      =    -48168.0573
 BOND   =       350.8110  ANGLE   =      1100.3509  DIHED      =      1365.4108
 1-4 NB =       446.5628  1-4 EEL =      6313.3784  VDWAALS    =      5483.9975
 EELEC  =    -63277.8286  EHBOND  =         0.0000  RESTRAINT  =        49.2598
 EAMBER (non-restraint)  =    -48217.3171
 ------------------------------------------------------------------------------

wrapping first mol.:       20.88048       29.52946       51.14652
wrapping first mol.:       20.88048       29.52946       51.14652

 NSTEP =    22000   TIME(PS) =    1784.000  TEMP(K) =   302.52  PRESS =     0.0
 Etot   =    -38064.4938  EKtot   =     10107.4307  EPtot      =    -48171.9245
 BOND   =       354.6448  ANGLE   =      1044.1193  DIHED      =      1343.2805
 1-4 NB =       448.9898  1-4 EEL =      6317.6679  VDWAALS    =      5618.7542
 EELEC  =    -63339.9778  EHBOND  =         0.0000  RESTRAINT  =        40.5968
 EAMBER (non-restraint)  =    -48212.5213
 ------------------------------------------------------------------------------

wrapping first mol.:       20.88048       29.52946       51.14652
wrapping first mol.:       20.88048       29.52946       51.14652

 NSTEP =    22500   TIME(PS) =    1785.000  TEMP(K) =   298.44  PRESS =     0.0
 Etot   =    -38350.7092  EKtot   =      9971.0586  EPtot      =    -48321.7678
 BOND   =       323.1641  ANGLE   =      1056.5358  DIHED      =      1333.8610
 1-4 NB =       465.8469  1-4 EEL =      6298.1902  VDWAALS    =      5610.4604
 EELEC  =    -63454.1624  EHBOND  =         0.0000  RESTRAINT  =        44.3362
 EAMBER (non-restraint)  =    -48366.1040
 ------------------------------------------------------------------------------

wrapping first mol.:       20.88048       29.52946       51.14652
wrapping first mol.:       20.88048       29.52946       51.14652

 NSTEP =    23000   TIME(PS) =    1786.000  TEMP(K) =   297.06  PRESS =     0.0
 Etot   =    -38217.2279  EKtot   =      9924.9229  EPtot      =    -48142.1507
 BOND   =       371.6854  ANGLE   =      1057.5506  DIHED      =      1350.9077
 1-4 NB =       443.2270  1-4 EEL =      6322.8423  VDWAALS    =      5675.8901
 EELEC  =    -63405.9702  EHBOND  =         0.0000  RESTRAINT  =        41.7163
 EAMBER (non-restraint)  =    -48183.8671
 ------------------------------------------------------------------------------

wrapping first mol.:       20.88048       29.52946       51.14652
wrapping first mol.:       20.88048       29.52946       51.14652

 NSTEP =    23500   TIME(PS) =    1787.000  TEMP(K) =   297.50  PRESS =     0.0
 Etot   =    -38227.4699  EKtot   =      9939.5273  EPtot      =    -48166.9973
 BOND   =       363.2306  ANGLE   =      1081.3270  DIHED      =      1352.7127
 1-4 NB =       443.8161  1-4 EEL =      6325.5191  VDWAALS    =      5513.1127
 EELEC  =    -63293.6828  EHBOND  =         0.0000  RESTRAINT  =        46.9674
 EAMBER (non-restraint)  =    -48213.9647
 ------------------------------------------------------------------------------

wrapping first mol.:       20.88048       29.52946       51.14652
wrapping first mol.:       20.88048       29.52946       51.14652

 NSTEP =    24000   TIME(PS) =    1788.000  TEMP(K) =   294.44  PRESS =     0.0
 Etot   =    -38240.1300  EKtot   =      9837.3691  EPtot      =    -48077.4992
 BOND   =       344.7265  ANGLE   =      1070.9989  DIHED      =      1355.2095
 1-4 NB =       444.2899  1-4 EEL =      6317.5082  VDWAALS    =      5419.5224
 EELEC  =    -63068.2268  EHBOND  =         0.0000  RESTRAINT  =        38.4722
 EAMBER (non-restraint)  =    -48115.9714
 ------------------------------------------------------------------------------

wrapping first mol.:       20.88048       29.52946       51.14652
wrapping first mol.:       20.88048       29.52946       51.14652

 NSTEP =    24500   TIME(PS) =    1789.000  TEMP(K) =   305.10  PRESS =     0.0
 Etot   =    -37814.4079  EKtot   =     10193.4268  EPtot      =    -48007.8346
 BOND   =       354.1699  ANGLE   =      1046.7322  DIHED      =      1387.5141
 1-4 NB =       449.3474  1-4 EEL =      6303.7518  VDWAALS    =      5441.8075
 EELEC  =    -63034.9785  EHBOND  =         0.0000  RESTRAINT  =        43.8210
 EAMBER (non-restraint)  =    -48051.6557
 ------------------------------------------------------------------------------

wrapping first mol.:       20.88048       29.52946       51.14652
wrapping first mol.:       20.88048       29.52946       51.14652

 NSTEP =    25000   TIME(PS) =    1790.000  TEMP(K) =   301.06  PRESS =     0.0
 Etot   =    -38095.8226  EKtot   =     10058.5430  EPtot      =    -48154.3655
 BOND   =       358.5457  ANGLE   =      1014.6741  DIHED      =      1357.0458
 1-4 NB =       466.0331  1-4 EEL =      6332.8812  VDWAALS    =      5557.3344
 EELEC  =    -63279.9282  EHBOND  =         0.0000  RESTRAINT  =        39.0484
 EAMBER (non-restraint)  =    -48193.4139
 ------------------------------------------------------------------------------

wrapping first mol.:       20.88048       29.52946       51.14652
wrapping first mol.:       20.88048       29.52946       51.14652

 NSTEP =    25500   TIME(PS) =    1791.000  TEMP(K) =   297.85  PRESS =     0.0
 Etot   =    -38218.1510  EKtot   =      9951.2471  EPtot      =    -48169.3981
 BOND   =       331.8462  ANGLE   =      1037.6023  DIHED      =      1372.7733
 1-4 NB =       443.5217  1-4 EEL =      6316.9242  VDWAALS    =      5448.3817
 EELEC  =    -63158.6614  EHBOND  =         0.0000  RESTRAINT  =        38.2139
 EAMBER (non-restraint)  =    -48207.6120
 ------------------------------------------------------------------------------

wrapping first mol.:       20.88048       29.52946       51.14652
wrapping first mol.:       20.88048       29.52946       51.14652

 NSTEP =    26000   TIME(PS) =    1792.000  TEMP(K) =   293.24  PRESS =     0.0
 Etot   =    -38473.4098  EKtot   =      9797.2119  EPtot      =    -48270.6217
 BOND   =       338.4330  ANGLE   =      1028.3400  DIHED      =      1359.9405
 1-4 NB =       452.7564  1-4 EEL =      6302.5664  VDWAALS    =      5479.1776
 EELEC  =    -63278.5939  EHBOND  =         0.0000  RESTRAINT  =        46.7583
 EAMBER (non-restraint)  =    -48317.3800
 ------------------------------------------------------------------------------

wrapping first mol.:       20.88048       29.52946       51.14652
wrapping first mol.:       20.88048       29.52946       51.14652

 NSTEP =    26500   TIME(PS) =    1793.000  TEMP(K) =   302.23  PRESS =     0.0
 Etot   =    -38113.9924  EKtot   =     10097.6396  EPtot      =    -48211.6320
 BOND   =       364.6265  ANGLE   =      1070.4348  DIHED      =      1360.3743
 1-4 NB =       438.5980  1-4 EEL =      6303.3269  VDWAALS    =      5630.2905
 EELEC  =    -63427.0514  EHBOND  =         0.0000  RESTRAINT  =        47.7684
 EAMBER (non-restraint)  =    -48259.4004
 ------------------------------------------------------------------------------

wrapping first mol.:       20.88048       29.52946       51.14652
wrapping first mol.:       20.88048       29.52946       51.14652

 NSTEP =    27000   TIME(PS) =    1794.000  TEMP(K) =   293.60  PRESS =     0.0
 Etot   =    -38421.6346  EKtot   =      9809.3359  EPtot      =    -48230.9705
 BOND   =       399.4577  ANGLE   =      1041.8871  DIHED      =      1350.2142
 1-4 NB =       454.7459  1-4 EEL =      6268.1303  VDWAALS    =      5334.2508
 EELEC  =    -63123.2974  EHBOND  =         0.0000  RESTRAINT  =        43.6409
 EAMBER (non-restraint)  =    -48274.6114
 ------------------------------------------------------------------------------

wrapping first mol.:       20.88048       29.52946       51.14652
wrapping first mol.:       20.88048       29.52946       51.14652

 NSTEP =    27500   TIME(PS) =    1795.000  TEMP(K) =   297.90  PRESS =     0.0
 Etot   =    -38137.4356  EKtot   =      9952.9590  EPtot      =    -48090.3946
 BOND   =       379.2413  ANGLE   =      1041.1337  DIHED      =      1367.0573
 1-4 NB =       450.2154  1-4 EEL =      6302.1420  VDWAALS    =      5339.8395
 EELEC  =    -63015.7558  EHBOND  =         0.0000  RESTRAINT  =        45.7321
 EAMBER (non-restraint)  =    -48136.1267
 ------------------------------------------------------------------------------

wrapping first mol.:       20.88048       29.52946       51.14652
wrapping first mol.:       20.88048       29.52946       51.14652

 NSTEP =    28000   TIME(PS) =    1796.000  TEMP(K) =   295.34  PRESS =     0.0
 Etot   =    -38227.6752  EKtot   =      9867.5303  EPtot      =    -48095.2055
 BOND   =       380.2597  ANGLE   =      1066.5604  DIHED      =      1349.8100
 1-4 NB =       449.5118  1-4 EEL =      6319.6799  VDWAALS    =      5582.2834
 EELEC  =    -63283.1064  EHBOND  =         0.0000  RESTRAINT  =        39.7957
 EAMBER (non-restraint)  =    -48135.0011
 ------------------------------------------------------------------------------

wrapping first mol.:       20.88048       29.52946       51.14652
wrapping first mol.:       20.88048       29.52946       51.14652

 NSTEP =    28500   TIME(PS) =    1797.000  TEMP(K) =   300.07  PRESS =     0.0
 Etot   =    -38256.4308  EKtot   =     10025.3867  EPtot      =    -48281.8176
 BOND   =       359.8095  ANGLE   =      1038.3485  DIHED      =      1364.4742
 1-4 NB =       459.5327  1-4 EEL =      6328.3932  VDWAALS    =      5394.0877
 EELEC  =    -63264.0878  EHBOND  =         0.0000  RESTRAINT  =        37.6245
 EAMBER (non-restraint)  =    -48319.4421
 ------------------------------------------------------------------------------

wrapping first mol.:       20.88048       29.52946       51.14652
wrapping first mol.:       20.88048       29.52946       51.14652

 NSTEP =    29000   TIME(PS) =    1798.000  TEMP(K) =   302.28  PRESS =     0.0
 Etot   =    -38014.7513  EKtot   =     10099.4482  EPtot      =    -48114.1995
 BOND   =       369.1270  ANGLE   =      1023.0574  DIHED      =      1365.7516
 1-4 NB =       450.6919  1-4 EEL =      6317.9057  VDWAALS    =      5443.7425
 EELEC  =    -63126.7385  EHBOND  =         0.0000  RESTRAINT  =        42.2629
 EAMBER (non-restraint)  =    -48156.4624
 ------------------------------------------------------------------------------

wrapping first mol.:       20.88048       29.52946       51.14652
wrapping first mol.:       20.88048       29.52946       51.14652

 NSTEP =    29500   TIME(PS) =    1799.000  TEMP(K) =   300.48  PRESS =     0.0
 Etot   =    -38038.8422  EKtot   =     10039.3193  EPtot      =    -48078.1615
 BOND   =       345.1113  ANGLE   =      1015.4197  DIHED      =      1355.4924
 1-4 NB =       457.9348  1-4 EEL =      6319.4497  VDWAALS    =      5375.2394
 EELEC  =    -62993.7677  EHBOND  =         0.0000  RESTRAINT  =        46.9588
 EAMBER (non-restraint)  =    -48125.1204
 ------------------------------------------------------------------------------

wrapping first mol.:       20.88048       29.52946       51.14652
wrapping first mol.:       20.88048       29.52946       51.14652

 NSTEP =    30000   TIME(PS) =    1800.000  TEMP(K) =   302.40  PRESS =     0.0
 Etot   =    -37975.9575  EKtot   =     10103.3662  EPtot      =    -48079.3237
 BOND   =       365.8467  ANGLE   =      1085.7340  DIHED      =      1364.6255
 1-4 NB =       435.8891  1-4 EEL =      6299.0474  VDWAALS    =      5378.5751
 EELEC  =    -63052.8199  EHBOND  =         0.0000  RESTRAINT  =        43.7785
 EAMBER (non-restraint)  =    -48123.1022
 ------------------------------------------------------------------------------

wrapping first mol.:       20.88048       29.52946       51.14652
wrapping first mol.:       20.88048       29.52946       51.14652

 NSTEP =    30500   TIME(PS) =    1801.000  TEMP(K) =   298.15  PRESS =     0.0
 Etot   =    -38058.5053  EKtot   =      9961.3535  EPtot      =    -48019.8588
 BOND   =       368.3221  ANGLE   =      1052.3675  DIHED      =      1368.7981
 1-4 NB =       466.3059  1-4 EEL =      6314.0437  VDWAALS    =      5484.3153
 EELEC  =    -63117.2345  EHBOND  =         0.0000  RESTRAINT  =        43.2231
 EAMBER (non-restraint)  =    -48063.0819
 ------------------------------------------------------------------------------

wrapping first mol.:       20.88048       29.52946       51.14652
wrapping first mol.:       20.88048       29.52946       51.14652

 NSTEP =    31000   TIME(PS) =    1802.000  TEMP(K) =   301.25  PRESS =     0.0
 Etot   =    -38003.4660  EKtot   =     10064.8867  EPtot      =    -48068.3527
 BOND   =       350.9162  ANGLE   =      1088.1146  DIHED      =      1357.5547
 1-4 NB =       439.3881  1-4 EEL =      6287.7007  VDWAALS    =      5416.6498
 EELEC  =    -63054.5416  EHBOND  =         0.0000  RESTRAINT  =        45.8648
 EAMBER (non-restraint)  =    -48114.2175
 ------------------------------------------------------------------------------

wrapping first mol.:       20.88048       29.52946       51.14652
wrapping first mol.:       20.88048       29.52946       51.14652

 NSTEP =    31500   TIME(PS) =    1803.000  TEMP(K) =   298.10  PRESS =     0.0
 Etot   =    -38285.7956  EKtot   =      9959.8809  EPtot      =    -48245.6765
 BOND   =       347.2843  ANGLE   =      1045.6735  DIHED      =      1350.4255
 1-4 NB =       451.4122  1-4 EEL =      6279.0267  VDWAALS    =      5394.2741
 EELEC  =    -63164.5778  EHBOND  =         0.0000  RESTRAINT  =        50.8050
 EAMBER (non-restraint)  =    -48296.4815
 ------------------------------------------------------------------------------

wrapping first mol.:       20.88048       29.52946       51.14652
wrapping first mol.:       20.88048       29.52946       51.14652

 NSTEP =    32000   TIME(PS) =    1804.000  TEMP(K) =   298.31  PRESS =     0.0
 Etot   =    -38267.2025  EKtot   =      9966.6924  EPtot      =    -48233.8949
 BOND   =       351.0347  ANGLE   =      1047.7143  DIHED      =      1347.1991
 1-4 NB =       456.4466  1-4 EEL =      6319.2636  VDWAALS    =      5388.3957
 EELEC  =    -63183.0509  EHBOND  =         0.0000  RESTRAINT  =        39.1019
 EAMBER (non-restraint)  =    -48272.9968
 ------------------------------------------------------------------------------

wrapping first mol.:       20.88048       29.52946       51.14652
wrapping first mol.:       20.88048       29.52946       51.14652

 NSTEP =    32500   TIME(PS) =    1805.000  TEMP(K) =   301.20  PRESS =     0.0
 Etot   =    -38342.4313  EKtot   =     10063.2490  EPtot      =    -48405.6803
 BOND   =       343.2627  ANGLE   =      1008.5880  DIHED      =      1321.1721
 1-4 NB =       449.0789  1-4 EEL =      6337.8228  VDWAALS    =      5429.5372
 EELEC  =    -63342.1908  EHBOND  =         0.0000  RESTRAINT  =        47.0488
 EAMBER (non-restraint)  =    -48452.7291
 ------------------------------------------------------------------------------

wrapping first mol.:       20.88048       29.52946       51.14652
wrapping first mol.:       20.88048       29.52946       51.14652

 NSTEP =    33000   TIME(PS) =    1806.000  TEMP(K) =   295.12  PRESS =     0.0
 Etot   =    -38345.7600  EKtot   =      9860.1738  EPtot      =    -48205.9338
 BOND   =       331.3435  ANGLE   =      1067.5353  DIHED      =      1346.9072
 1-4 NB =       453.8027  1-4 EEL =      6334.9416  VDWAALS    =      5388.5673
 EELEC  =    -63173.4124  EHBOND  =         0.0000  RESTRAINT  =        44.3811
 EAMBER (non-restraint)  =    -48250.3149
 ------------------------------------------------------------------------------

wrapping first mol.:       20.88048       29.52946       51.14652
wrapping first mol.:       20.88048       29.52946       51.14652

 NSTEP =    33500   TIME(PS) =    1807.000  TEMP(K) =   299.12  PRESS =     0.0
 Etot   =    -38117.0921  EKtot   =      9993.8438  EPtot      =    -48110.9359
 BOND   =       377.7777  ANGLE   =      1057.4382  DIHED      =      1362.7622
 1-4 NB =       430.9133  1-4 EEL =      6256.4630  VDWAALS    =      5340.9866
 EELEC  =    -62978.9299  EHBOND  =         0.0000  RESTRAINT  =        41.6529
 EAMBER (non-restraint)  =    -48152.5888
 ------------------------------------------------------------------------------

wrapping first mol.:       20.88048       29.52946       51.14652
wrapping first mol.:       20.88048       29.52946       51.14652

 NSTEP =    34000   TIME(PS) =    1808.000  TEMP(K) =   301.18  PRESS =     0.0
 Etot   =    -37966.4257  EKtot   =     10062.7266  EPtot      =    -48029.1522
 BOND   =       367.2177  ANGLE   =      1073.5658  DIHED      =      1355.4753
 1-4 NB =       437.2424  1-4 EEL =      6268.1932  VDWAALS    =      5423.0816
 EELEC  =    -63005.9171  EHBOND  =         0.0000  RESTRAINT  =        51.9889
 EAMBER (non-restraint)  =    -48081.1412
 ------------------------------------------------------------------------------

wrapping first mol.:       20.88048       29.52946       51.14652
wrapping first mol.:       20.88048       29.52946       51.14652

 NSTEP =    34500   TIME(PS) =    1809.000  TEMP(K) =   298.20  PRESS =     0.0
 Etot   =    -38151.6144  EKtot   =      9963.0527  EPtot      =    -48114.6671
 BOND   =       342.9529  ANGLE   =      1085.0639  DIHED      =      1340.0731
 1-4 NB =       456.2328  1-4 EEL =      6306.8978  VDWAALS    =      5248.9357
 EELEC  =    -62946.8879  EHBOND  =         0.0000  RESTRAINT  =        52.0646
 EAMBER (non-restraint)  =    -48166.7318
 ------------------------------------------------------------------------------

wrapping first mol.:       20.88048       29.52946       51.14652
wrapping first mol.:       20.88048       29.52946       51.14652

 NSTEP =    35000   TIME(PS) =    1810.000  TEMP(K) =   300.74  PRESS =     0.0
 Etot   =    -37963.9249  EKtot   =     10047.9307  EPtot      =    -48011.8555
 BOND   =       337.1262  ANGLE   =      1044.3820  DIHED      =      1362.1434
 1-4 NB =       445.2552  1-4 EEL =      6290.7452  VDWAALS    =      5431.7760
 EELEC  =    -62967.0742  EHBOND  =         0.0000  RESTRAINT  =        43.7906
 EAMBER (non-restraint)  =    -48055.6462
 ------------------------------------------------------------------------------

wrapping first mol.:       20.88048       29.52946       51.14652
wrapping first mol.:       20.88048       29.52946       51.14652

 NSTEP =    35500   TIME(PS) =    1811.000  TEMP(K) =   302.15  PRESS =     0.0
 Etot   =    -37974.4674  EKtot   =     10095.0273  EPtot      =    -48069.4947
 BOND   =       374.1431  ANGLE   =      1060.2173  DIHED      =      1359.1914
 1-4 NB =       444.4415  1-4 EEL =      6283.9046  VDWAALS    =      5216.7775
 EELEC  =    -62850.4319  EHBOND  =         0.0000  RESTRAINT  =        42.2618
 EAMBER (non-restraint)  =    -48111.7565
 ------------------------------------------------------------------------------

wrapping first mol.:       20.88048       29.52946       51.14652
wrapping first mol.:       20.88048       29.52946       51.14652

 NSTEP =    36000   TIME(PS) =    1812.000  TEMP(K) =   298.44  PRESS =     0.0
 Etot   =    -38070.4530  EKtot   =      9970.9893  EPtot      =    -48041.4422
 BOND   =       377.8523  ANGLE   =      1065.7857  DIHED      =      1339.7537
 1-4 NB =       457.3323  1-4 EEL =      6289.1810  VDWAALS    =      5298.0448
 EELEC  =    -62912.5578  EHBOND  =         0.0000  RESTRAINT  =        43.1658
 EAMBER (non-restraint)  =    -48084.6081
 ------------------------------------------------------------------------------

wrapping first mol.:       20.88048       29.52946       51.14652
wrapping first mol.:       20.88048       29.52946       51.14652

 NSTEP =    36500   TIME(PS) =    1813.000  TEMP(K) =   302.11  PRESS =     0.0
 Etot   =    -38081.9271  EKtot   =     10093.6631  EPtot      =    -48175.5902
 BOND   =       376.1373  ANGLE   =      1037.1678  DIHED      =      1367.3242
 1-4 NB =       447.7835  1-4 EEL =      6335.4807  VDWAALS    =      5460.6804
 EELEC  =    -63243.7788  EHBOND  =         0.0000  RESTRAINT  =        43.6146
 EAMBER (non-restraint)  =    -48219.2048
 ------------------------------------------------------------------------------

wrapping first mol.:       20.88048       29.52946       51.14652
wrapping first mol.:       20.88048       29.52946       51.14652

 NSTEP =    37000   TIME(PS) =    1814.000  TEMP(K) =   298.37  PRESS =     0.0
 Etot   =    -37881.0824  EKtot   =      9968.7363  EPtot      =    -47849.8187
 BOND   =       360.4087  ANGLE   =      1052.2791  DIHED      =      1342.1818
 1-4 NB =       448.8835  1-4 EEL =      6298.8058  VDWAALS    =      5321.7533
 EELEC  =    -62716.5132  EHBOND  =         0.0000  RESTRAINT  =        42.3823
 EAMBER (non-restraint)  =    -47892.2010
 ------------------------------------------------------------------------------

wrapping first mol.:       20.88048       29.52946       51.14652
wrapping first mol.:       20.88048       29.52946       51.14652

 NSTEP =    37500   TIME(PS) =    1815.000  TEMP(K) =   297.26  PRESS =     0.0
 Etot   =    -38130.5940  EKtot   =      9931.6104  EPtot      =    -48062.2043
 BOND   =       355.0626  ANGLE   =      1070.7335  DIHED      =      1354.0041
 1-4 NB =       472.8308  1-4 EEL =      6339.1803  VDWAALS    =      5319.3185
 EELEC  =    -63018.4768  EHBOND  =         0.0000  RESTRAINT  =        45.1427
 EAMBER (non-restraint)  =    -48107.3470
 ------------------------------------------------------------------------------

wrapping first mol.:       20.88048       29.52946       51.14652
wrapping first mol.:       20.88048       29.52946       51.14652

 NSTEP =    38000   TIME(PS) =    1816.000  TEMP(K) =   298.16  PRESS =     0.0
 Etot   =    -38047.0384  EKtot   =      9961.8828  EPtot      =    -48008.9212
 BOND   =       338.0154  ANGLE   =      1031.8226  DIHED      =      1346.7847
 1-4 NB =       467.8250  1-4 EEL =      6311.1728  VDWAALS    =      5362.1412
 EELEC  =    -62915.3361  EHBOND  =         0.0000  RESTRAINT  =        48.6532
 EAMBER (non-restraint)  =    -48057.5744
 ------------------------------------------------------------------------------

wrapping first mol.:       20.88048       29.52946       51.14652
wrapping first mol.:       20.88048       29.52946       51.14652

 NSTEP =    38500   TIME(PS) =    1817.000  TEMP(K) =   301.40  PRESS =     0.0
 Etot   =    -38059.5550  EKtot   =     10069.9189  EPtot      =    -48129.4739
 BOND   =       361.3104  ANGLE   =      1061.3294  DIHED      =      1327.7067
 1-4 NB =       450.3689  1-4 EEL =      6278.9108  VDWAALS    =      5456.5014
 EELEC  =    -63115.4163  EHBOND  =         0.0000  RESTRAINT  =        49.8147
 EAMBER (non-restraint)  =    -48179.2886
 ------------------------------------------------------------------------------

wrapping first mol.:       20.88048       29.52946       51.14652
wrapping first mol.:       20.88048       29.52946       51.14652

 NSTEP =    39000   TIME(PS) =    1818.000  TEMP(K) =   297.13  PRESS =     0.0
 Etot   =    -38127.9362  EKtot   =      9927.1631  EPtot      =    -48055.0992
 BOND   =       355.2967  ANGLE   =      1089.8434  DIHED      =      1353.8790
 1-4 NB =       446.8313  1-4 EEL =      6289.5934  VDWAALS    =      5452.2412
 EELEC  =    -63084.1618  EHBOND  =         0.0000  RESTRAINT  =        41.3776
 EAMBER (non-restraint)  =    -48096.4768
 ------------------------------------------------------------------------------

wrapping first mol.:       20.88048       29.52946       51.14652
wrapping first mol.:       20.88048       29.52946       51.14652

 NSTEP =    39500   TIME(PS) =    1819.000  TEMP(K) =   299.63  PRESS =     0.0
 Etot   =    -38237.6543  EKtot   =     10010.7090  EPtot      =    -48248.3633
 BOND   =       330.1651  ANGLE   =      1098.1437  DIHED      =      1335.6632
 1-4 NB =       443.9055  1-4 EEL =      6318.5763  VDWAALS    =      5394.5613
 EELEC  =    -63210.6385  EHBOND  =         0.0000  RESTRAINT  =        41.2602
 EAMBER (non-restraint)  =    -48289.6235
 ------------------------------------------------------------------------------

wrapping first mol.:       20.88048       29.52946       51.14652
wrapping first mol.:       20.88048       29.52946       51.14652

 NSTEP =    40000   TIME(PS) =    1820.000  TEMP(K) =   297.56  PRESS =     0.0
 Etot   =    -38147.5964  EKtot   =      9941.6504  EPtot      =    -48089.2468
 BOND   =       334.8773  ANGLE   =      1065.5034  DIHED      =      1355.7219
 1-4 NB =       441.8381  1-4 EEL =      6297.1843  VDWAALS    =      5395.0781
 EELEC  =    -63022.7229  EHBOND  =         0.0000  RESTRAINT  =        43.2732
 EAMBER (non-restraint)  =    -48132.5199
 ------------------------------------------------------------------------------

wrapping first mol.:       20.88048       29.52946       51.14652
wrapping first mol.:       20.88048       29.52946       51.14652

 NSTEP =    40500   TIME(PS) =    1821.000  TEMP(K) =   299.59  PRESS =     0.0
 Etot   =    -38055.8505  EKtot   =     10009.6172  EPtot      =    -48065.4677
 BOND   =       368.0604  ANGLE   =      1076.6883  DIHED      =      1352.0217
 1-4 NB =       463.4414  1-4 EEL =      6296.4017  VDWAALS    =      5436.4738
 EELEC  =    -63105.3308  EHBOND  =         0.0000  RESTRAINT  =        46.7757
 EAMBER (non-restraint)  =    -48112.2434
 ------------------------------------------------------------------------------

wrapping first mol.:       20.88048       29.52946       51.14652
wrapping first mol.:       20.88048       29.52946       51.14652

 NSTEP =    41000   TIME(PS) =    1822.000  TEMP(K) =   296.48  PRESS =     0.0
 Etot   =    -38301.9129  EKtot   =      9905.5068  EPtot      =    -48207.4197
 BOND   =       365.0166  ANGLE   =      1046.1863  DIHED      =      1329.3642
 1-4 NB =       464.6160  1-4 EEL =      6296.1284  VDWAALS    =      5407.5702
 EELEC  =    -63165.8192  EHBOND  =         0.0000  RESTRAINT  =        49.5178
 EAMBER (non-restraint)  =    -48256.9376
 ------------------------------------------------------------------------------

wrapping first mol.:       20.88048       29.52946       51.14652
wrapping first mol.:       20.88048       29.52946       51.14652

 NSTEP =    41500   TIME(PS) =    1823.000  TEMP(K) =   301.08  PRESS =     0.0
 Etot   =    -38090.1398  EKtot   =     10059.2451  EPtot      =    -48149.3849
 BOND   =       368.9234  ANGLE   =      1042.0275  DIHED      =      1313.3861
 1-4 NB =       460.6479  1-4 EEL =      6278.7190  VDWAALS    =      5364.6489
 EELEC  =    -63025.1486  EHBOND  =         0.0000  RESTRAINT  =        47.4108
 EAMBER (non-restraint)  =    -48196.7957
 ------------------------------------------------------------------------------

wrapping first mol.:       20.88048       29.52946       51.14652
wrapping first mol.:       20.88048       29.52946       51.14652

 NSTEP =    42000   TIME(PS) =    1824.000  TEMP(K) =   301.62  PRESS =     0.0
 Etot   =    -38021.4223  EKtot   =     10077.1836  EPtot      =    -48098.6059
 BOND   =       337.5807  ANGLE   =      1058.9790  DIHED      =      1349.1546
 1-4 NB =       465.6947  1-4 EEL =      6290.2926  VDWAALS    =      5417.5884
 EELEC  =    -63059.2853  EHBOND  =         0.0000  RESTRAINT  =        41.3893
 EAMBER (non-restraint)  =    -48139.9952
 ------------------------------------------------------------------------------

wrapping first mol.:       20.88048       29.52946       51.14652
wrapping first mol.:       20.88048       29.52946       51.14652

 NSTEP =    42500   TIME(PS) =    1825.000  TEMP(K) =   299.20  PRESS =     0.0
 Etot   =    -38042.4709  EKtot   =      9996.5537  EPtot      =    -48039.0246
 BOND   =       348.0933  ANGLE   =      1072.1671  DIHED      =      1340.7791
 1-4 NB =       457.7349  1-4 EEL =      6312.1486  VDWAALS    =      5402.0901
 EELEC  =    -63012.2798  EHBOND  =         0.0000  RESTRAINT  =        40.2420
 EAMBER (non-restraint)  =    -48079.2667
 ------------------------------------------------------------------------------

wrapping first mol.:       20.88048       29.52946       51.14652
wrapping first mol.:       20.88048       29.52946       51.14652

 NSTEP =    43000   TIME(PS) =    1826.000  TEMP(K) =   299.85  PRESS =     0.0
 Etot   =    -37964.1733  EKtot   =     10018.1123  EPtot      =    -47982.2856
 BOND   =       343.3848  ANGLE   =      1061.5075  DIHED      =      1352.7393
 1-4 NB =       453.0013  1-4 EEL =      6297.9863  VDWAALS    =      5253.0205
 EELEC  =    -62781.9276  EHBOND  =         0.0000  RESTRAINT  =        38.0022
 EAMBER (non-restraint)  =    -48020.2878
 ------------------------------------------------------------------------------

wrapping first mol.:       20.88048       29.52946       51.14652
wrapping first mol.:       20.88048       29.52946       51.14652

 NSTEP =    43500   TIME(PS) =    1827.000  TEMP(K) =   300.52  PRESS =     0.0
 Etot   =    -38033.1090  EKtot   =     10040.4883  EPtot      =    -48073.5973
 BOND   =       350.0880  ANGLE   =      1040.4560  DIHED      =      1342.2294
 1-4 NB =       440.4681  1-4 EEL =      6303.0406  VDWAALS    =      5100.6258
 EELEC  =    -62701.8826  EHBOND  =         0.0000  RESTRAINT  =        51.3775
 EAMBER (non-restraint)  =    -48124.9748
 ------------------------------------------------------------------------------

wrapping first mol.:       20.88048       29.52946       51.14652
wrapping first mol.:       20.88048       29.52946       51.14652

 NSTEP =    44000   TIME(PS) =    1828.000  TEMP(K) =   298.32  PRESS =     0.0
 Etot   =    -38085.2819  EKtot   =      9966.9404  EPtot      =    -48052.2224
 BOND   =       357.1981  ANGLE   =      1026.9148  DIHED      =      1374.5477
 1-4 NB =       427.2462  1-4 EEL =      6297.0810  VDWAALS    =      5207.8155
 EELEC  =    -62787.1537  EHBOND  =         0.0000  RESTRAINT  =        44.1281
 EAMBER (non-restraint)  =    -48096.3504
 ------------------------------------------------------------------------------

wrapping first mol.:       20.88048       29.52946       51.14652
wrapping first mol.:       20.88048       29.52946       51.14652

 NSTEP =    44500   TIME(PS) =    1829.000  TEMP(K) =   301.68  PRESS =     0.0
 Etot   =    -37962.8374  EKtot   =     10079.3545  EPtot      =    -48042.1919
 BOND   =       390.3980  ANGLE   =      1075.5275  DIHED      =      1355.6999
 1-4 NB =       451.3997  1-4 EEL =      6294.2403  VDWAALS    =      5480.7862
 EELEC  =    -63134.5766  EHBOND  =         0.0000  RESTRAINT  =        44.3330
 EAMBER (non-restraint)  =    -48086.5249
 ------------------------------------------------------------------------------

wrapping first mol.:       20.88048       29.52946       51.14652
wrapping first mol.:       20.88048       29.52946       51.14652

 NSTEP =    45000   TIME(PS) =    1830.000  TEMP(K) =   299.58  PRESS =     0.0
 Etot   =    -38217.9420  EKtot   =     10009.1377  EPtot      =    -48227.0797
 BOND   =       384.1394  ANGLE   =      1074.9662  DIHED      =      1349.4899
 1-4 NB =       440.6261  1-4 EEL =      6307.1274  VDWAALS    =      5389.7942
 EELEC  =    -63211.8481  EHBOND  =         0.0000  RESTRAINT  =        38.6252
 EAMBER (non-restraint)  =    -48265.7049
 ------------------------------------------------------------------------------

wrapping first mol.:       20.88048       29.52946       51.14652
wrapping first mol.:       20.88048       29.52946       51.14652

 NSTEP =    45500   TIME(PS) =    1831.000  TEMP(K) =   299.01  PRESS =     0.0
 Etot   =    -38142.6728  EKtot   =      9990.0977  EPtot      =    -48132.7704
 BOND   =       339.2577  ANGLE   =      1057.5481  DIHED      =      1360.4747
 1-4 NB =       443.2463  1-4 EEL =      6280.6105  VDWAALS    =      5358.2843
 EELEC  =    -63007.3835  EHBOND  =         0.0000  RESTRAINT  =        35.1915
 EAMBER (non-restraint)  =    -48167.9619
 ------------------------------------------------------------------------------

wrapping first mol.:       20.88048       29.52946       51.14652
wrapping first mol.:       20.88048       29.52946       51.14652

 NSTEP =    46000   TIME(PS) =    1832.000  TEMP(K) =   300.29  PRESS =     0.0
 Etot   =    -38129.3689  EKtot   =     10032.8936  EPtot      =    -48162.2624
 BOND   =       347.2646  ANGLE   =      1045.0660  DIHED      =      1358.7767
 1-4 NB =       438.1933  1-4 EEL =      6278.0792  VDWAALS    =      5424.5730
 EELEC  =    -63097.8721  EHBOND  =         0.0000  RESTRAINT  =        43.6568
 EAMBER (non-restraint)  =    -48205.9193
 ------------------------------------------------------------------------------

wrapping first mol.:       20.88048       29.52946       51.14652
wrapping first mol.:       20.88048       29.52946       51.14652

 NSTEP =    46500   TIME(PS) =    1833.000  TEMP(K) =   306.83  PRESS =     0.0
 Etot   =    -37833.8645  EKtot   =     10251.2803  EPtot      =    -48085.1448
 BOND   =       354.7861  ANGLE   =      1088.5688  DIHED      =      1349.8157
 1-4 NB =       457.0420  1-4 EEL =      6315.0589  VDWAALS    =      5303.8081
 EELEC  =    -62998.5969  EHBOND  =         0.0000  RESTRAINT  =        44.3726
 EAMBER (non-restraint)  =    -48129.5174
 ------------------------------------------------------------------------------

wrapping first mol.:       20.88048       29.52946       51.14652
wrapping first mol.:       20.88048       29.52946       51.14652

 NSTEP =    47000   TIME(PS) =    1834.000  TEMP(K) =   302.30  PRESS =     0.0
 Etot   =    -38066.4923  EKtot   =     10100.0039  EPtot      =    -48166.4962
 BOND   =       365.0326  ANGLE   =      1096.7981  DIHED      =      1348.2620
 1-4 NB =       457.6829  1-4 EEL =      6285.5920  VDWAALS    =      5575.5367
 EELEC  =    -63339.8650  EHBOND  =         0.0000  RESTRAINT  =        44.4645
 EAMBER (non-restraint)  =    -48210.9607
 ------------------------------------------------------------------------------

wrapping first mol.:       20.88048       29.52946       51.14652
wrapping first mol.:       20.88048       29.52946       51.14652

 NSTEP =    47500   TIME(PS) =    1835.000  TEMP(K) =   295.03  PRESS =     0.0
 Etot   =    -38245.7301  EKtot   =      9857.0869  EPtot      =    -48102.8170
 BOND   =       339.9959  ANGLE   =      1079.1708  DIHED      =      1360.4478
 1-4 NB =       442.4987  1-4 EEL =      6293.6106  VDWAALS    =      5509.1083
 EELEC  =    -63175.2242  EHBOND  =         0.0000  RESTRAINT  =        47.5751
 EAMBER (non-restraint)  =    -48150.3921
 ------------------------------------------------------------------------------

wrapping first mol.:       20.88048       29.52946       51.14652
wrapping first mol.:       20.88048       29.52946       51.14652

 NSTEP =    48000   TIME(PS) =    1836.000  TEMP(K) =   298.59  PRESS =     0.0
 Etot   =    -38204.6019  EKtot   =      9976.0742  EPtot      =    -48180.6761
 BOND   =       361.2749  ANGLE   =      1026.2676  DIHED      =      1355.9018
 1-4 NB =       450.0157  1-4 EEL =      6316.7057  VDWAALS    =      5479.6724
 EELEC  =    -63215.5196  EHBOND  =         0.0000  RESTRAINT  =        45.0054
 EAMBER (non-restraint)  =    -48225.6815
 ------------------------------------------------------------------------------

wrapping first mol.:       20.88048       29.52946       51.14652
wrapping first mol.:       20.88048       29.52946       51.14652

 NSTEP =    48500   TIME(PS) =    1837.000  TEMP(K) =   301.46  PRESS =     0.0
 Etot   =    -38174.0273  EKtot   =     10072.0518  EPtot      =    -48246.0791
 BOND   =       368.6564  ANGLE   =      1070.1471  DIHED      =      1351.9022
 1-4 NB =       444.8790  1-4 EEL =      6279.6566  VDWAALS    =      5397.2468
 EELEC  =    -63200.5161  EHBOND  =         0.0000  RESTRAINT  =        41.9488
 EAMBER (non-restraint)  =    -48288.0279
 ------------------------------------------------------------------------------

wrapping first mol.:       20.88048       29.52946       51.14652
wrapping first mol.:       20.88048       29.52946       51.14652

 NSTEP =    49000   TIME(PS) =    1838.000  TEMP(K) =   298.47  PRESS =     0.0
 Etot   =    -38196.5112  EKtot   =      9971.9512  EPtot      =    -48168.4624
 BOND   =       340.4180  ANGLE   =      1064.1965  DIHED      =      1370.1105
 1-4 NB =       458.0001  1-4 EEL =      6291.7274  VDWAALS    =      5393.1909
 EELEC  =    -63128.2206  EHBOND  =         0.0000  RESTRAINT  =        42.1149
 EAMBER (non-restraint)  =    -48210.5773
 ------------------------------------------------------------------------------

wrapping first mol.:       20.88048       29.52946       51.14652
wrapping first mol.:       20.88048       29.52946       51.14652

 NSTEP =    49500   TIME(PS) =    1839.000  TEMP(K) =   299.23  PRESS =     0.0
 Etot   =    -38188.2564  EKtot   =      9997.3037  EPtot      =    -48185.5601
 BOND   =       330.8588  ANGLE   =      1087.6750  DIHED      =      1363.7240
 1-4 NB =       446.8529  1-4 EEL =      6287.2029  VDWAALS    =      5360.8594
 EELEC  =    -63106.8429  EHBOND  =         0.0000  RESTRAINT  =        44.1098
 EAMBER (non-restraint)  =    -48229.6699
 ------------------------------------------------------------------------------

wrapping first mol.:       20.88048       29.52946       51.14652
wrapping first mol.:       20.88048       29.52946       51.14652

 NSTEP =    50000   TIME(PS) =    1840.000  TEMP(K) =   302.95  PRESS =     0.0
 Etot   =    -38108.1455  EKtot   =     10121.6748  EPtot      =    -48229.8203
 BOND   =       379.0782  ANGLE   =      1084.8114  DIHED      =      1358.1410
 1-4 NB =       443.7344  1-4 EEL =      6285.4599  VDWAALS    =      5502.8942
 EELEC  =    -63323.2760  EHBOND  =         0.0000  RESTRAINT  =        39.3366
 EAMBER (non-restraint)  =    -48269.1569
 ------------------------------------------------------------------------------


      A V E R A G E S   O V E R     100 S T E P S


 NSTEP =    50000   TIME(PS) =    1840.000  TEMP(K) =   299.83  PRESS =     0.0
 Etot   =    -38135.5885  EKtot   =     10017.6215  EPtot      =    -48153.2101
 BOND   =       354.1161  ANGLE   =      1061.2223  DIHED      =      1352.6991
 1-4 NB =       450.5614  1-4 EEL =      6304.7776  VDWAALS    =      5420.4479
 EELEC  =    -63141.1047  EHBOND  =         0.0000  RESTRAINT  =        44.0703
 EAMBER (non-restraint)  =    -48197.2804
 ------------------------------------------------------------------------------


      R M S  F L U C T U A T I O N S


 NSTEP =    50000   TIME(PS) =    1840.000  TEMP(K) =     2.54  PRESS =     0.0
 Etot   =       143.7395  EKtot   =        84.8734  EPtot      =       108.3567
 BOND   =        15.9940  ANGLE   =        21.9455  DIHED      =        13.2042
 1-4 NB =         9.2979  1-4 EEL =        20.1060  VDWAALS    =       104.4121
 EELEC  =       175.4687  EHBOND  =         0.0000  RESTRAINT  =         3.7416
 EAMBER (non-restraint)  =       104.6151
 ------------------------------------------------------------------------------

--------------------------------------------------------------------------------
   5.  TIMINGS
--------------------------------------------------------------------------------

|  NonSetup CPU Time in Major Routines:
|
|     Routine           Sec        %
|     ------------------------------
|     Nonbond          22.19   40.71
|     Bond              0.00    0.00
|     Angle             0.00    0.00
|     Dihedral          0.00    0.00
|     Shake             1.29    2.37
|     RunMD            30.89   56.67
|     Other             0.14    0.26
|     ------------------------------
|     Total            54.51

|  PME Nonbond Pairlist CPU Time:
|
|     Routine              Sec        %
|     ---------------------------------
|     Set Up Cit           0.00    0.00
|     Build List           0.00    0.00
|     ---------------------------------
|     Total                0.00    0.00

|  PME Direct Force CPU Time:
|
|     Routine              Sec        %
|     ---------------------------------
|     NonBonded Calc       0.00    0.00
|     Exclude Masked       0.00    0.00
|     Other                0.06    0.10
|     ---------------------------------
|     Total                0.06    0.10

|  PME Reciprocal Force CPU Time:
|
|     Routine              Sec        %
|     ---------------------------------
|     1D bspline           0.00    0.00
|     Grid Charges         0.00    0.00
|     Scalar Sum           0.00    0.00
|     Gradient Sum         0.00    0.00
|     FFT                  0.00    0.00
|     ---------------------------------
|     Total                0.00    0.00

|  Final Performance Info:
|     -----------------------------------------------------
|     Average timings for last   13000 steps:
|     Elapsed(s) =      22.51 Per Step(ms) =       1.73
|         ns/day =      99.81   seconds/ns =     865.66
|
|     Average timings for all steps:
|     Elapsed(s) =      84.00 Per Step(ms) =       1.68
|         ns/day =     102.86   seconds/ns =     839.98
|     -----------------------------------------------------

|  Setup CPU time:            1.89 seconds
|  NonSetup CPU time:        54.51 seconds
|  Total CPU time:           56.40 seconds     0.02 hours

|  Setup wall time:           2    seconds
|  NonSetup wall time:       84    seconds
|  Total wall time:          86    seconds     0.02 hours
