
          -------------------------------------------------------
          Amber 16 PMEMD                              2016
          -------------------------------------------------------

| PMEMD implementation of SANDER, Release 16

| Run on 11/25/2017 at 13:24:00

|   Executable path: /apps/amber16/bin/pmemd.cuda
| Working directory: /home/pbarletta
|          Hostname: mordor

  [-O]verwriting output

File Assignments:
|   MDIN: /scratch/pbarletta/cph_obp/run/eol/mhe/e/21equ.in                     
|  MDOUT: /scratch/pbarletta/cph_obp/run/eol/mhe/e/21equ.out                    
| INPCRD: /scratch/pbarletta/cph_obp/run/eol/mhe/e/20eeol.rst7                  
|   PARM: /scratch/pbarletta/cph_obp/top_files/eol.prmtop                       
| RESTRT: /scratch/pbarletta/cph_obp/run/eol/mhe/e/21eeol.rst7                  
|   REFC: /scratch/pbarletta/cph_obp/run/eol/mhe/e/20eeol.rst7                  
|  MDVEL: mdvel                                                                 
|   MDEN: mden                                                                  
|  MDCRD: /scratch/pbarletta/cph_obp/run/eol/mhe/e/21eeol.nc                    
| MDINFO: mdinfo                                                                
|  MDFRC: mdfrc                                                                 


 Here is the input file:

Equilibration with solute restrictions                                         
&cntrl                                                                         
imin = 0,                           ! No Minimization                          
nmropt = 0,                         ! No NMR restraints read                   
                                                                               
! Nature and format of the input                                               
ntx = 5,                            ! Coordinates but no velocities will be rea
irest = 1,                          ! Do not run a new simulation              
                                                                               
! Nature and format of the output                                              
ntxo = 1,                           ! rstrt file in ASCII format               
ntpr = 500,                         ! inf in output every ntpr steps           
ntwr = 500,                         ! rstrt file every ntwr steps              
ntwx = 500,                         ! mdcrd file every ntwx steps              
ntwv = 0,                           ! mdvel without velocities                 
ntwe = 0,                           ! Energies and temperatures not written in 
idecomp = 0,                        ! No energy decomposition                  
iwrap = 1,                          ! Coordinates of the restart and mdcrd file
                                                                               
! Frozen or restrained atoms                                                   
ibelly = 0,                         ! No frozen atoms                          
ntr=1,                              ! Harmonic potential restraints            
restraint_wt = 0.3,                ! The weight for the positional restraints  
restraintmask = ':1-120@N,CA,C,O',  ! restrained residues                      
                                                                               
! Molecular dynamics                                                           
nstlim = 50000,                     ! Number of MD-steps                       
dt = 0.002,                         ! Time step                                
                                                                               
! Temperature regulation                                                       
ntt = 3,                            ! Langevin thermostat                      
gamma_ln = 5,                       ! Gamma constant for Langevin              
temp0 = 300.0,                      ! Reference T at which the system is to be 
tempi = 300.0,                      ! Initial T                                
ig = -1,                            ! Seed for the RNG                         
                                                                               
! P and V regulation                                                           
ntp = 0,                            ! No pressure control                      
ntb = 1,                            ! Periodic box for constant V              
                                                                               
! SHAKE variables                                                              
ntc = 2,                            ! Bonds involving H are constrained        
ntf = 2,                            ! Bond interaction involving H are ommited.
                                                                               
cut = 10.0,                         ! Nonbonded cutoff                         
                                                                               
/                                                                              
&end                                                                           


Note: ig = -1. Setting random seed to   998232 based on wallclock time in 
      microseconds.
| irandom = 1, using AMBER's internal random number generator (default).
 
|--------------------- INFORMATION ----------------------
| GPU (CUDA) Version of PMEMD in use: NVIDIA GPU IN USE.
|                    Version 16.0.0
| 
|                      02/25/2016
| 
| Implementation by:
|                    Ross C. Walker     (SDSC)
|                    Scott Le Grand     (nVIDIA)
| 
| Precision model in use:
|      [SPFP] - Single Precision Forces, 64-bit Fixed Point
|               Accumulation. (Default)
| 
|--------------------------------------------------------
 
|----------------- CITATION INFORMATION -----------------
|
|    When publishing work that utilized the CUDA version
|    of AMBER, please cite the following in addition to
|    the regular AMBER citations:
|
|  - Romelia Salomon-Ferrer; Andreas W. Goetz; Duncan
|    Poole; Scott Le Grand; Ross C. Walker "Routine
|    microsecond molecular dynamics simulations with
|    AMBER - Part II: Particle Mesh Ewald", J. Chem.
|    Theory Comput., 2013, 9 (9), pp3878-3888,
|    DOI: 10.1021/ct400314y.
|
|  - Andreas W. Goetz; Mark J. Williamson; Dong Xu;
|    Duncan Poole; Scott Le Grand; Ross C. Walker
|    "Routine microsecond molecular dynamics simulations
|    with AMBER - Part I: Generalized Born", J. Chem.
|    Theory Comput., 2012, 8 (5), pp1542-1555.
|
|  - Scott Le Grand; Andreas W. Goetz; Ross C. Walker
|    "SPFP: Speed without compromise - a mixed precision
|    model for GPU accelerated molecular dynamics
|    simulations.", Comp. Phys. Comm., 2013, 184
|    pp374-380, DOI: 10.1016/j.cpc.2012.09.022
|
|--------------------------------------------------------
 
|------------------- GPU DEVICE INFO --------------------
|
|            CUDA_VISIBLE_DEVICES: 3
|   CUDA Capable Devices Detected:      1
|           CUDA Device ID in use:      0
|                CUDA Device Name: GeForce GTX 1080 Ti
|     CUDA Device Global Mem Size:  11172 MB
| CUDA Device Num Multiprocessors:     28
|           CUDA Device Core Freq:   1.58 GHz
|
|--------------------------------------------------------
 
 
| Conditional Compilation Defines Used:
| PUBFFT
| BINTRAJ
| CUDA
| EMIL

| Largest sphere to fit in unit cell has radius =    25.573

| New format PARM file being parsed.
| Version =    1.000 Date = 11/25/17 Time = 12:30:47

| Note: 1-4 EEL scale factors are being read from the topology file.

| Note: 1-4 VDW scale factors are being read from the topology file.
| Duplicated    0 dihedrals

| Duplicated    0 dihedrals

--------------------------------------------------------------------------------
   1.  RESOURCE   USE: 
--------------------------------------------------------------------------------

 getting new box info from bottom of inpcrd
 NATOM  =   16335 NTYPES =      18 NBONH =   15379 MBONA  =     965
 NTHETH =    2359 MTHETA =    1297 NPHIH =    4508 MPHIA  =    3273
 NHPARM =       0 NPARM  =       0 NNB   =   30176 NRES   =    4896
 NBONA  =     965 NTHETA =    1297 NPHIA =    3273 NUMBND =      52
 NUMANG =     106 NPTRA  =      43 NATYP =      35 NPHB   =       1
 IFBOX  =       2 NMXRS  =      24 IFCAP =       0 NEXTRA =       0
 NCOPY  =       0

| Coordinate Index Table dimensions:    10   10   10
| Direct force subcell size =     6.2641    6.2641    6.2641

     BOX TYPE: TRUNCATED OCTAHEDRON

--------------------------------------------------------------------------------
   2.  CONTROL  DATA  FOR  THE  RUN
--------------------------------------------------------------------------------

default_name                                                                    

General flags:
     imin    =       0, nmropt  =       0

Nature and format of input:
     ntx     =       5, irest   =       1, ntrx    =       1

Nature and format of output:
     ntxo    =       1, ntpr    =     500, ntrx    =       1, ntwr    =     500
     iwrap   =       1, ntwx    =     500, ntwv    =       0, ntwe    =       0
     ioutfm  =       1, ntwprt  =       0, idecomp =       0, rbornstat=      0

Potential function:
     ntf     =       2, ntb     =       1, igb     =       0, nsnb    =      25
     ipol    =       0, gbsa    =       0, iesp    =       0
     dielc   =   1.00000, cut     =  10.00000, intdiel =   1.00000

Frozen or restrained atoms:
     ibelly  =       0, ntr     =       1
     restraint_wt =   0.30000

Molecular dynamics:
     nstlim  =     50000, nscm    =         0, nrespa  =         1
     t       =   0.00000, dt      =   0.00200, vlimit  =  -1.00000

Langevin dynamics temperature regulation:
     ig      =  998232
     temp0   = 300.00000, tempi   = 300.00000, gamma_ln=   5.00000

SHAKE:
     ntc     =       2, jfastw  =       0
     tol     =   0.00001

| Intermolecular bonds treatment:
|     no_intermolecular_bonds =       1

| Energy averages sample interval:
|     ene_avg_sampling =     500

Ewald parameters:
     verbose =       0, ew_type =       0, nbflag  =       1, use_pme =       1
     vdwmeth =       1, eedmeth =       1, netfrc  =       1
     Box X =   62.641   Box Y =   62.641   Box Z =   62.641
     Alpha =  109.471   Beta  =  109.471   Gamma =  109.471
     NFFT1 =   64       NFFT2 =   64       NFFT3 =   64
     Cutoff=   10.000   Tol   =0.100E-04
     Ewald Coefficient =  0.27511
     Interpolation order =    4

    LOADING THE CONSTRAINED ATOMS AS GROUPS


   5.  REFERENCE ATOM COORDINATES

  default_name                                                                    
     Mask :1-120@N,CA,C,O; matches   476 atoms

--------------------------------------------------------------------------------
   3.  ATOMIC COORDINATES AND VELOCITIES
--------------------------------------------------------------------------------

default_name                                                                    
 begin time read from input coords =  2140.000 ps

 
 Number of triangulated 3-point waters found:     4775

     Sum of charges from parm topology file =  -0.00000006
     Forcing neutrality...

| Dynamic Memory, Types Used:
| Reals              619328
| Integers           587040

| Nonbonded Pairs Initial Allocation:     4940929

| GPU memory information (estimate):
| KB of GPU memory in use:    123234
| KB of CPU memory in use:     26928

--------------------------------------------------------------------------------
   4.  RESULTS
--------------------------------------------------------------------------------

 ---------------------------------------------------
 APPROXIMATING switch and d/dx switch using CUBIC SPLINE INTERPOLATION
 using   5000.0 points per unit in tabled values
 TESTING RELATIVE ERROR over r ranging from 0.0 to cutoff
| CHECK switch(x): max rel err =   0.2738E-14   at   2.422500
| CHECK d/dx switch(x): max rel err =   0.8314E-11   at   2.736960
 ---------------------------------------------------
|---------------------------------------------------
| APPROXIMATING direct energy using CUBIC SPLINE INTERPOLATION
|  with   50.0 points per unit in tabled values
| Relative Error Limit not exceeded for r .gt.   2.33
| APPROXIMATING direct force using CUBIC SPLINE INTERPOLATION
|  with   50.0 points per unit in tabled values
| Relative Error Limit not exceeded for r .gt.   2.80
|---------------------------------------------------
wrapping first mol.:       20.88048       29.52946       51.14652
wrapping first mol.:       20.88048       29.52946       51.14652

 NSTEP =      500   TIME(PS) =    2141.000  TEMP(K) =   298.77  PRESS =     0.0
 Etot   =    -38088.8149  EKtot   =      9982.2012  EPtot      =    -48071.0161
 BOND   =       392.8425  ANGLE   =      1090.2814  DIHED      =      1359.0473
 1-4 NB =       459.0557  1-4 EEL =      6315.2576  VDWAALS    =      5456.3546
 EELEC  =    -63162.3057  EHBOND  =         0.0000  RESTRAINT  =        18.4504
 EAMBER (non-restraint)  =    -48089.4665
 ------------------------------------------------------------------------------

wrapping first mol.:       20.88048       29.52946       51.14652
wrapping first mol.:       20.88048       29.52946       51.14652

 NSTEP =     1000   TIME(PS) =    2142.000  TEMP(K) =   299.68  PRESS =     0.0
 Etot   =    -38065.6881  EKtot   =     10012.5928  EPtot      =    -48078.2809
 BOND   =       365.0451  ANGLE   =      1111.4179  DIHED      =      1365.6471
 1-4 NB =       441.1882  1-4 EEL =      6287.1011  VDWAALS    =      5342.3430
 EELEC  =    -63012.6074  EHBOND  =         0.0000  RESTRAINT  =        21.5842
 EAMBER (non-restraint)  =    -48099.8650
 ------------------------------------------------------------------------------

wrapping first mol.:       20.88048       29.52946       51.14652
wrapping first mol.:       20.88048       29.52946       51.14652

 NSTEP =     1500   TIME(PS) =    2143.000  TEMP(K) =   303.36  PRESS =     0.0
 Etot   =    -37774.0119  EKtot   =     10135.4570  EPtot      =    -47909.4689
 BOND   =       370.6141  ANGLE   =      1058.5000  DIHED      =      1381.9400
 1-4 NB =       446.1024  1-4 EEL =      6294.5039  VDWAALS    =      5206.1188
 EELEC  =    -62689.6617  EHBOND  =         0.0000  RESTRAINT  =        22.4136
 EAMBER (non-restraint)  =    -47931.8825
 ------------------------------------------------------------------------------

wrapping first mol.:       20.88048       29.52946       51.14652
wrapping first mol.:       20.88048       29.52946       51.14652

 NSTEP =     2000   TIME(PS) =    2144.000  TEMP(K) =   298.85  PRESS =     0.0
 Etot   =    -38184.1979  EKtot   =      9984.7744  EPtot      =    -48168.9723
 BOND   =       335.8687  ANGLE   =      1053.8352  DIHED      =      1355.7464
 1-4 NB =       447.1025  1-4 EEL =      6318.0277  VDWAALS    =      5337.0386
 EELEC  =    -63033.6859  EHBOND  =         0.0000  RESTRAINT  =        17.0945
 EAMBER (non-restraint)  =    -48186.0668
 ------------------------------------------------------------------------------

wrapping first mol.:       20.88048       29.52946       51.14652
wrapping first mol.:       20.88048       29.52946       51.14652

 NSTEP =     2500   TIME(PS) =    2145.000  TEMP(K) =   298.96  PRESS =     0.0
 Etot   =    -37972.2326  EKtot   =      9988.4941  EPtot      =    -47960.7267
 BOND   =       361.6066  ANGLE   =      1073.6320  DIHED      =      1346.7706
 1-4 NB =       460.6515  1-4 EEL =      6315.2943  VDWAALS    =      5342.5098
 EELEC  =    -62880.6766  EHBOND  =         0.0000  RESTRAINT  =        19.4852
 EAMBER (non-restraint)  =    -47980.2119
 ------------------------------------------------------------------------------

wrapping first mol.:       20.88048       29.52946       51.14652
wrapping first mol.:       20.88048       29.52946       51.14652

 NSTEP =     3000   TIME(PS) =    2146.000  TEMP(K) =   300.77  PRESS =     0.0
 Etot   =    -37876.2491  EKtot   =     10048.8467  EPtot      =    -47925.0957
 BOND   =       378.1777  ANGLE   =      1053.1542  DIHED      =      1350.7781
 1-4 NB =       440.6250  1-4 EEL =      6295.5999  VDWAALS    =      5306.8099
 EELEC  =    -62771.3778  EHBOND  =         0.0000  RESTRAINT  =        21.1372
 EAMBER (non-restraint)  =    -47946.2330
 ------------------------------------------------------------------------------

wrapping first mol.:       20.88048       29.52946       51.14652
wrapping first mol.:       20.88048       29.52946       51.14652

 NSTEP =     3500   TIME(PS) =    2147.000  TEMP(K) =   303.73  PRESS =     0.0
 Etot   =    -37786.1343  EKtot   =     10147.7373  EPtot      =    -47933.8716
 BOND   =       379.7219  ANGLE   =      1073.6831  DIHED      =      1356.3835
 1-4 NB =       448.9080  1-4 EEL =      6286.3874  VDWAALS    =      5235.0946
 EELEC  =    -62736.4476  EHBOND  =         0.0000  RESTRAINT  =        22.3976
 EAMBER (non-restraint)  =    -47956.2692
 ------------------------------------------------------------------------------

wrapping first mol.:       20.88048       29.52946       51.14652
wrapping first mol.:       20.88048       29.52946       51.14652

 NSTEP =     4000   TIME(PS) =    2148.000  TEMP(K) =   296.01  PRESS =     0.0
 Etot   =    -38278.2917  EKtot   =      9889.8281  EPtot      =    -48168.1198
 BOND   =       348.9705  ANGLE   =      1075.4283  DIHED      =      1331.8448
 1-4 NB =       449.2058  1-4 EEL =      6310.4193  VDWAALS    =      5407.4898
 EELEC  =    -63111.4452  EHBOND  =         0.0000  RESTRAINT  =        19.9667
 EAMBER (non-restraint)  =    -48188.0865
 ------------------------------------------------------------------------------

wrapping first mol.:       20.88048       29.52946       51.14652
wrapping first mol.:       20.88048       29.52946       51.14652

 NSTEP =     4500   TIME(PS) =    2149.000  TEMP(K) =   304.17  PRESS =     0.0
 Etot   =    -37880.2253  EKtot   =     10162.6230  EPtot      =    -48042.8484
 BOND   =       349.5893  ANGLE   =      1116.9944  DIHED      =      1387.8409
 1-4 NB =       444.2168  1-4 EEL =      6256.3092  VDWAALS    =      5500.5635
 EELEC  =    -63118.8780  EHBOND  =         0.0000  RESTRAINT  =        20.5155
 EAMBER (non-restraint)  =    -48063.3639
 ------------------------------------------------------------------------------

wrapping first mol.:       20.88048       29.52946       51.14652
wrapping first mol.:       20.88048       29.52946       51.14652

 NSTEP =     5000   TIME(PS) =    2150.000  TEMP(K) =   300.54  PRESS =     0.0
 Etot   =    -38112.3886  EKtot   =     10041.3379  EPtot      =    -48153.7264
 BOND   =       369.2041  ANGLE   =      1086.0741  DIHED      =      1332.3813
 1-4 NB =       454.1017  1-4 EEL =      6273.1460  VDWAALS    =      5444.6998
 EELEC  =    -63135.4397  EHBOND  =         0.0000  RESTRAINT  =        22.1063
 EAMBER (non-restraint)  =    -48175.8327
 ------------------------------------------------------------------------------

wrapping first mol.:       20.88048       29.52946       51.14652
wrapping first mol.:       20.88048       29.52946       51.14652

 NSTEP =     5500   TIME(PS) =    2151.000  TEMP(K) =   300.45  PRESS =     0.0
 Etot   =    -37808.4516  EKtot   =     10038.1250  EPtot      =    -47846.5766
 BOND   =       360.8138  ANGLE   =      1043.9308  DIHED      =      1362.2770
 1-4 NB =       449.0474  1-4 EEL =      6293.3044  VDWAALS    =      5377.4314
 EELEC  =    -62752.2458  EHBOND  =         0.0000  RESTRAINT  =        18.8644
 EAMBER (non-restraint)  =    -47865.4410
 ------------------------------------------------------------------------------

wrapping first mol.:       20.88048       29.52946       51.14652
wrapping first mol.:       20.88048       29.52946       51.14652

 NSTEP =     6000   TIME(PS) =    2152.000  TEMP(K) =   296.79  PRESS =     0.0
 Etot   =    -38346.9650  EKtot   =      9916.0039  EPtot      =    -48262.9689
 BOND   =       343.6157  ANGLE   =      1040.4631  DIHED      =      1327.7661
 1-4 NB =       461.2489  1-4 EEL =      6302.1904  VDWAALS    =      5469.6342
 EELEC  =    -63225.6779  EHBOND  =         0.0000  RESTRAINT  =        17.7905
 EAMBER (non-restraint)  =    -48280.7594
 ------------------------------------------------------------------------------

wrapping first mol.:       20.88048       29.52946       51.14652
wrapping first mol.:       20.88048       29.52946       51.14652

 NSTEP =     6500   TIME(PS) =    2153.000  TEMP(K) =   298.67  PRESS =     0.0
 Etot   =    -38177.9339  EKtot   =      9978.7783  EPtot      =    -48156.7122
 BOND   =       344.6802  ANGLE   =      1078.6188  DIHED      =      1354.4923
 1-4 NB =       461.5671  1-4 EEL =      6295.2214  VDWAALS    =      5517.4868
 EELEC  =    -63234.3723  EHBOND  =         0.0000  RESTRAINT  =        25.5936
 EAMBER (non-restraint)  =    -48182.3057
 ------------------------------------------------------------------------------

wrapping first mol.:       20.88048       29.52946       51.14652
wrapping first mol.:       20.88048       29.52946       51.14652

 NSTEP =     7000   TIME(PS) =    2154.000  TEMP(K) =   302.73  PRESS =     0.0
 Etot   =    -38044.3448  EKtot   =     10114.2490  EPtot      =    -48158.5938
 BOND   =       363.4433  ANGLE   =      1036.3686  DIHED      =      1359.0531
 1-4 NB =       457.6728  1-4 EEL =      6324.9966  VDWAALS    =      5379.0545
 EELEC  =    -63101.5876  EHBOND  =         0.0000  RESTRAINT  =        22.4048
 EAMBER (non-restraint)  =    -48180.9986
 ------------------------------------------------------------------------------

wrapping first mol.:       20.88048       29.52946       51.14652
wrapping first mol.:       20.88048       29.52946       51.14652

 NSTEP =     7500   TIME(PS) =    2155.000  TEMP(K) =   300.85  PRESS =     0.0
 Etot   =    -38088.9105  EKtot   =     10051.6455  EPtot      =    -48140.5560
 BOND   =       346.3657  ANGLE   =       993.8236  DIHED      =      1375.8528
 1-4 NB =       464.2390  1-4 EEL =      6359.9230  VDWAALS    =      5427.4350
 EELEC  =    -63132.0639  EHBOND  =         0.0000  RESTRAINT  =        23.8687
 EAMBER (non-restraint)  =    -48164.4248
 ------------------------------------------------------------------------------

wrapping first mol.:       20.88048       29.52946       51.14652
wrapping first mol.:       20.88048       29.52946       51.14652

 NSTEP =     8000   TIME(PS) =    2156.000  TEMP(K) =   297.03  PRESS =     0.0
 Etot   =    -38174.2907  EKtot   =      9923.8135  EPtot      =    -48098.1042
 BOND   =       377.4774  ANGLE   =      1090.9752  DIHED      =      1372.1048
 1-4 NB =       439.6818  1-4 EEL =      6303.7182  VDWAALS    =      5528.9104
 EELEC  =    -63233.6390  EHBOND  =         0.0000  RESTRAINT  =        22.6671
 EAMBER (non-restraint)  =    -48120.7713
 ------------------------------------------------------------------------------

wrapping first mol.:       20.88048       29.52946       51.14652
wrapping first mol.:       20.88048       29.52946       51.14652

 NSTEP =     8500   TIME(PS) =    2157.000  TEMP(K) =   302.57  PRESS =     0.0
 Etot   =    -37966.3565  EKtot   =     10109.0137  EPtot      =    -48075.3702
 BOND   =       379.0717  ANGLE   =      1024.0538  DIHED      =      1358.6210
 1-4 NB =       458.5995  1-4 EEL =      6367.1959  VDWAALS    =      5497.3771
 EELEC  =    -63182.0667  EHBOND  =         0.0000  RESTRAINT  =        21.7777
 EAMBER (non-restraint)  =    -48097.1478
 ------------------------------------------------------------------------------

wrapping first mol.:       20.88048       29.52946       51.14652
wrapping first mol.:       20.88048       29.52946       51.14652

 NSTEP =     9000   TIME(PS) =    2158.000  TEMP(K) =   298.21  PRESS =     0.0
 Etot   =    -38038.7829  EKtot   =      9963.4443  EPtot      =    -48002.2272
 BOND   =       318.4340  ANGLE   =      1043.7296  DIHED      =      1359.8168
 1-4 NB =       462.8812  1-4 EEL =      6315.9847  VDWAALS    =      5303.7189
 EELEC  =    -62827.0556  EHBOND  =         0.0000  RESTRAINT  =        20.2633
 EAMBER (non-restraint)  =    -48022.4906
 ------------------------------------------------------------------------------

wrapping first mol.:       20.88048       29.52946       51.14652
wrapping first mol.:       20.88048       29.52946       51.14652

 NSTEP =     9500   TIME(PS) =    2159.000  TEMP(K) =   296.50  PRESS =     0.0
 Etot   =    -38288.0133  EKtot   =      9906.2559  EPtot      =    -48194.2692
 BOND   =       354.0050  ANGLE   =      1035.5332  DIHED      =      1352.9008
 1-4 NB =       447.2967  1-4 EEL =      6305.0234  VDWAALS    =      5519.7004
 EELEC  =    -63231.5816  EHBOND  =         0.0000  RESTRAINT  =        22.8528
 EAMBER (non-restraint)  =    -48217.1220
 ------------------------------------------------------------------------------

wrapping first mol.:       20.88048       29.52946       51.14652
wrapping first mol.:       20.88048       29.52946       51.14652

 NSTEP =    10000   TIME(PS) =    2160.000  TEMP(K) =   303.46  PRESS =     0.0
 Etot   =    -37981.9721  EKtot   =     10138.6660  EPtot      =    -48120.6381
 BOND   =       344.3835  ANGLE   =      1017.1359  DIHED      =      1366.9799
 1-4 NB =       458.4840  1-4 EEL =      6324.4355  VDWAALS    =      5448.8744
 EELEC  =    -63106.3156  EHBOND  =         0.0000  RESTRAINT  =        25.3843
 EAMBER (non-restraint)  =    -48146.0224
 ------------------------------------------------------------------------------

wrapping first mol.:       20.88048       29.52946       51.14652
wrapping first mol.:       20.88048       29.52946       51.14652

 NSTEP =    10500   TIME(PS) =    2161.000  TEMP(K) =   302.56  PRESS =     0.0
 Etot   =    -38177.6657  EKtot   =     10108.7930  EPtot      =    -48286.4587
 BOND   =       356.2979  ANGLE   =      1039.0795  DIHED      =      1351.6803
 1-4 NB =       437.7708  1-4 EEL =      6308.6641  VDWAALS    =      5383.1305
 EELEC  =    -63186.4831  EHBOND  =         0.0000  RESTRAINT  =        23.4013
 EAMBER (non-restraint)  =    -48309.8599
 ------------------------------------------------------------------------------

wrapping first mol.:       20.88048       29.52946       51.14652
wrapping first mol.:       20.88048       29.52946       51.14652

 NSTEP =    11000   TIME(PS) =    2162.000  TEMP(K) =   298.92  PRESS =     0.0
 Etot   =    -38158.5061  EKtot   =      9987.2031  EPtot      =    -48145.7092
 BOND   =       369.9246  ANGLE   =      1085.1394  DIHED      =      1369.8393
 1-4 NB =       436.1540  1-4 EEL =      6291.6199  VDWAALS    =      5108.1596
 EELEC  =    -62828.9013  EHBOND  =         0.0000  RESTRAINT  =        22.3553
 EAMBER (non-restraint)  =    -48168.0645
 ------------------------------------------------------------------------------

wrapping first mol.:       20.88048       29.52946       51.14652
wrapping first mol.:       20.88048       29.52946       51.14652

 NSTEP =    11500   TIME(PS) =    2163.000  TEMP(K) =   301.32  PRESS =     0.0
 Etot   =    -38016.9055  EKtot   =     10067.4434  EPtot      =    -48084.3488
 BOND   =       354.8605  ANGLE   =      1079.4610  DIHED      =      1356.9035
 1-4 NB =       450.1272  1-4 EEL =      6299.6324  VDWAALS    =      5405.2513
 EELEC  =    -63055.4530  EHBOND  =         0.0000  RESTRAINT  =        24.8682
 EAMBER (non-restraint)  =    -48109.2170
 ------------------------------------------------------------------------------

wrapping first mol.:       20.88048       29.52946       51.14652
wrapping first mol.:       20.88048       29.52946       51.14652

 NSTEP =    12000   TIME(PS) =    2164.000  TEMP(K) =   299.13  PRESS =     0.0
 Etot   =    -38158.5796  EKtot   =      9994.2324  EPtot      =    -48152.8120
 BOND   =       350.6970  ANGLE   =      1073.0439  DIHED      =      1352.8261
 1-4 NB =       442.9059  1-4 EEL =      6309.2040  VDWAALS    =      5618.8662
 EELEC  =    -63325.3991  EHBOND  =         0.0000  RESTRAINT  =        25.0439
 EAMBER (non-restraint)  =    -48177.8560
 ------------------------------------------------------------------------------

wrapping first mol.:       20.88048       29.52946       51.14652
wrapping first mol.:       20.88048       29.52946       51.14652

 NSTEP =    12500   TIME(PS) =    2165.000  TEMP(K) =   302.64  PRESS =     0.0
 Etot   =    -37970.2583  EKtot   =     10111.3838  EPtot      =    -48081.6421
 BOND   =       339.3034  ANGLE   =      1078.6561  DIHED      =      1365.6601
 1-4 NB =       450.9251  1-4 EEL =      6302.3393  VDWAALS    =      5393.5254
 EELEC  =    -63038.4640  EHBOND  =         0.0000  RESTRAINT  =        26.4125
 EAMBER (non-restraint)  =    -48108.0545
 ------------------------------------------------------------------------------

wrapping first mol.:       20.88048       29.52946       51.14652
wrapping first mol.:       20.88048       29.52946       51.14652

 NSTEP =    13000   TIME(PS) =    2166.000  TEMP(K) =   298.91  PRESS =     0.0
 Etot   =    -38082.6734  EKtot   =      9986.9258  EPtot      =    -48069.5992
 BOND   =       341.2511  ANGLE   =      1104.3194  DIHED      =      1332.3111
 1-4 NB =       456.9536  1-4 EEL =      6284.7098  VDWAALS    =      5375.1340
 EELEC  =    -62989.3908  EHBOND  =         0.0000  RESTRAINT  =        25.1126
 EAMBER (non-restraint)  =    -48094.7119
 ------------------------------------------------------------------------------

wrapping first mol.:       20.88048       29.52946       51.14652
wrapping first mol.:       20.88048       29.52946       51.14652

 NSTEP =    13500   TIME(PS) =    2167.000  TEMP(K) =   297.57  PRESS =     0.0
 Etot   =    -38308.2017  EKtot   =      9941.9092  EPtot      =    -48250.1109
 BOND   =       361.0797  ANGLE   =      1011.8969  DIHED      =      1333.7935
 1-4 NB =       432.8669  1-4 EEL =      6325.0005  VDWAALS    =      5447.7647
 EELEC  =    -63190.5639  EHBOND  =         0.0000  RESTRAINT  =        28.0508
 EAMBER (non-restraint)  =    -48278.1617
 ------------------------------------------------------------------------------

wrapping first mol.:       20.88048       29.52946       51.14652
wrapping first mol.:       20.88048       29.52946       51.14652

 NSTEP =    14000   TIME(PS) =    2168.000  TEMP(K) =   297.92  PRESS =     0.0
 Etot   =    -38208.7066  EKtot   =      9953.5586  EPtot      =    -48162.2652
 BOND   =       345.3068  ANGLE   =      1080.0139  DIHED      =      1336.9243
 1-4 NB =       445.8427  1-4 EEL =      6298.4467  VDWAALS    =      5537.1879
 EELEC  =    -63229.4712  EHBOND  =         0.0000  RESTRAINT  =        23.4836
 EAMBER (non-restraint)  =    -48185.7488
 ------------------------------------------------------------------------------

wrapping first mol.:       20.88048       29.52946       51.14652
wrapping first mol.:       20.88048       29.52946       51.14652

 NSTEP =    14500   TIME(PS) =    2169.000  TEMP(K) =   300.32  PRESS =     0.0
 Etot   =    -38009.9802  EKtot   =     10034.0293  EPtot      =    -48044.0095
 BOND   =       375.9820  ANGLE   =      1063.0460  DIHED      =      1348.4997
 1-4 NB =       443.4313  1-4 EEL =      6284.6432  VDWAALS    =      5475.5311
 EELEC  =    -63062.9194  EHBOND  =         0.0000  RESTRAINT  =        27.7767
 EAMBER (non-restraint)  =    -48071.7862
 ------------------------------------------------------------------------------

wrapping first mol.:       20.88048       29.52946       51.14652
wrapping first mol.:       20.88048       29.52946       51.14652

 NSTEP =    15000   TIME(PS) =    2170.000  TEMP(K) =   302.84  PRESS =     0.0
 Etot   =    -37999.0308  EKtot   =     10118.0918  EPtot      =    -48117.1226
 BOND   =       372.7451  ANGLE   =      1067.0979  DIHED      =      1362.4548
 1-4 NB =       438.6011  1-4 EEL =      6255.7520  VDWAALS    =      5624.1004
 EELEC  =    -63265.4712  EHBOND  =         0.0000  RESTRAINT  =        27.5973
 EAMBER (non-restraint)  =    -48144.7199
 ------------------------------------------------------------------------------

wrapping first mol.:       20.88048       29.52946       51.14652
wrapping first mol.:       20.88048       29.52946       51.14652

 NSTEP =    15500   TIME(PS) =    2171.000  TEMP(K) =   299.95  PRESS =     0.0
 Etot   =    -37967.6094  EKtot   =     10021.5781  EPtot      =    -47989.1875
 BOND   =       324.9128  ANGLE   =      1117.5018  DIHED      =      1349.9045
 1-4 NB =       448.1842  1-4 EEL =      6284.7028  VDWAALS    =      5364.7848
 EELEC  =    -62909.8386  EHBOND  =         0.0000  RESTRAINT  =        30.6601
 EAMBER (non-restraint)  =    -48019.8476
 ------------------------------------------------------------------------------

wrapping first mol.:       20.88048       29.52946       51.14652
wrapping first mol.:       20.88048       29.52946       51.14652

 NSTEP =    16000   TIME(PS) =    2172.000  TEMP(K) =   298.84  PRESS =     0.0
 Etot   =    -37951.8782  EKtot   =      9984.5684  EPtot      =    -47936.4465
 BOND   =       353.5623  ANGLE   =      1082.6130  DIHED      =      1352.9020
 1-4 NB =       455.0056  1-4 EEL =      6278.7936  VDWAALS    =      5336.4821
 EELEC  =    -62826.9400  EHBOND  =         0.0000  RESTRAINT  =        31.1349
 EAMBER (non-restraint)  =    -47967.5815
 ------------------------------------------------------------------------------

wrapping first mol.:       20.88048       29.52946       51.14652
wrapping first mol.:       20.88048       29.52946       51.14652

 NSTEP =    16500   TIME(PS) =    2173.000  TEMP(K) =   297.79  PRESS =     0.0
 Etot   =    -38268.9430  EKtot   =      9949.2266  EPtot      =    -48218.1695
 BOND   =       369.4627  ANGLE   =      1090.1972  DIHED      =      1349.5867
 1-4 NB =       440.4088  1-4 EEL =      6295.6952  VDWAALS    =      5394.7921
 EELEC  =    -63181.4011  EHBOND  =         0.0000  RESTRAINT  =        23.0890
 EAMBER (non-restraint)  =    -48241.2585
 ------------------------------------------------------------------------------

wrapping first mol.:       20.88048       29.52946       51.14652
wrapping first mol.:       20.88048       29.52946       51.14652

 NSTEP =    17000   TIME(PS) =    2174.000  TEMP(K) =   300.68  PRESS =     0.0
 Etot   =    -38038.0589  EKtot   =     10046.0459  EPtot      =    -48084.1048
 BOND   =       337.0151  ANGLE   =      1101.8558  DIHED      =      1354.6209
 1-4 NB =       454.9750  1-4 EEL =      6293.2618  VDWAALS    =      5206.4633
 EELEC  =    -62854.0861  EHBOND  =         0.0000  RESTRAINT  =        21.7894
 EAMBER (non-restraint)  =    -48105.8942
 ------------------------------------------------------------------------------

wrapping first mol.:       20.88048       29.52946       51.14652
wrapping first mol.:       20.88048       29.52946       51.14652

 NSTEP =    17500   TIME(PS) =    2175.000  TEMP(K) =   299.17  PRESS =     0.0
 Etot   =    -38178.3203  EKtot   =      9995.4180  EPtot      =    -48173.7383
 BOND   =       359.3727  ANGLE   =      1105.0900  DIHED      =      1367.3326
 1-4 NB =       464.0466  1-4 EEL =      6299.0759  VDWAALS    =      5407.0022
 EELEC  =    -63201.5395  EHBOND  =         0.0000  RESTRAINT  =        25.8813
 EAMBER (non-restraint)  =    -48199.6196
 ------------------------------------------------------------------------------

wrapping first mol.:       20.88048       29.52946       51.14652
wrapping first mol.:       20.88048       29.52946       51.14652

 NSTEP =    18000   TIME(PS) =    2176.000  TEMP(K) =   300.29  PRESS =     0.0
 Etot   =    -38103.1670  EKtot   =     10032.8799  EPtot      =    -48136.0469
 BOND   =       363.4246  ANGLE   =      1109.6971  DIHED      =      1352.7750
 1-4 NB =       458.1558  1-4 EEL =      6302.0983  VDWAALS    =      5455.8097
 EELEC  =    -63201.4248  EHBOND  =         0.0000  RESTRAINT  =        23.4174
 EAMBER (non-restraint)  =    -48159.4643
 ------------------------------------------------------------------------------

wrapping first mol.:       20.88048       29.52946       51.14652
wrapping first mol.:       20.88048       29.52946       51.14652

 NSTEP =    18500   TIME(PS) =    2177.000  TEMP(K) =   297.36  PRESS =     0.0
 Etot   =    -38176.2831  EKtot   =      9934.8545  EPtot      =    -48111.1376
 BOND   =       369.3293  ANGLE   =      1007.2542  DIHED      =      1375.5296
 1-4 NB =       457.6371  1-4 EEL =      6347.0693  VDWAALS    =      5258.9003
 EELEC  =    -62949.7033  EHBOND  =         0.0000  RESTRAINT  =        22.8460
 EAMBER (non-restraint)  =    -48133.9836
 ------------------------------------------------------------------------------

wrapping first mol.:       20.88048       29.52946       51.14652
wrapping first mol.:       20.88048       29.52946       51.14652

 NSTEP =    19000   TIME(PS) =    2178.000  TEMP(K) =   297.52  PRESS =     0.0
 Etot   =    -38241.3391  EKtot   =      9940.2295  EPtot      =    -48181.5686
 BOND   =       363.1979  ANGLE   =      1051.8626  DIHED      =      1348.1895
 1-4 NB =       441.7176  1-4 EEL =      6331.0508  VDWAALS    =      5410.1261
 EELEC  =    -63152.5103  EHBOND  =         0.0000  RESTRAINT  =        24.7972
 EAMBER (non-restraint)  =    -48206.3657
 ------------------------------------------------------------------------------

wrapping first mol.:       20.88048       29.52946       51.14652
wrapping first mol.:       20.88048       29.52946       51.14652

 NSTEP =    19500   TIME(PS) =    2179.000  TEMP(K) =   300.61  PRESS =     0.0
 Etot   =    -38134.5225  EKtot   =     10043.5029  EPtot      =    -48178.0255
 BOND   =       363.7947  ANGLE   =      1051.4808  DIHED      =      1337.2600
 1-4 NB =       459.4821  1-4 EEL =      6289.6514  VDWAALS    =      5377.6837
 EELEC  =    -63086.6440  EHBOND  =         0.0000  RESTRAINT  =        29.2659
 EAMBER (non-restraint)  =    -48207.2914
 ------------------------------------------------------------------------------

wrapping first mol.:       20.88048       29.52946       51.14652
wrapping first mol.:       20.88048       29.52946       51.14652

 NSTEP =    20000   TIME(PS) =    2180.000  TEMP(K) =   305.30  PRESS =     0.0
 Etot   =    -38006.3428  EKtot   =     10200.3770  EPtot      =    -48206.7198
 BOND   =       347.1874  ANGLE   =      1073.6027  DIHED      =      1361.7548
 1-4 NB =       444.2398  1-4 EEL =      6262.3472  VDWAALS    =      5305.7996
 EELEC  =    -63025.8695  EHBOND  =         0.0000  RESTRAINT  =        24.2181
 EAMBER (non-restraint)  =    -48230.9379
 ------------------------------------------------------------------------------

wrapping first mol.:       20.88048       29.52946       51.14652
wrapping first mol.:       20.88048       29.52946       51.14652

 NSTEP =    20500   TIME(PS) =    2181.000  TEMP(K) =   299.81  PRESS =     0.0
 Etot   =    -38177.7542  EKtot   =     10016.9727  EPtot      =    -48194.7269
 BOND   =       362.9008  ANGLE   =      1074.1002  DIHED      =      1352.2352
 1-4 NB =       436.7166  1-4 EEL =      6298.0058  VDWAALS    =      5438.8040
 EELEC  =    -63179.7532  EHBOND  =         0.0000  RESTRAINT  =        22.2638
 EAMBER (non-restraint)  =    -48216.9907
 ------------------------------------------------------------------------------

wrapping first mol.:       20.88048       29.52946       51.14652
wrapping first mol.:       20.88048       29.52946       51.14652

 NSTEP =    21000   TIME(PS) =    2182.000  TEMP(K) =   300.96  PRESS =     0.0
 Etot   =    -38262.0021  EKtot   =     10055.3643  EPtot      =    -48317.3663
 BOND   =       361.7369  ANGLE   =      1064.0670  DIHED      =      1342.6377
 1-4 NB =       449.1166  1-4 EEL =      6289.8997  VDWAALS    =      5599.0205
 EELEC  =    -63447.3528  EHBOND  =         0.0000  RESTRAINT  =        23.5081
 EAMBER (non-restraint)  =    -48340.8744
 ------------------------------------------------------------------------------

wrapping first mol.:       20.88048       29.52946       51.14652
wrapping first mol.:       20.88048       29.52946       51.14652

 NSTEP =    21500   TIME(PS) =    2183.000  TEMP(K) =   299.56  PRESS =     0.0
 Etot   =    -38024.0596  EKtot   =     10008.4336  EPtot      =    -48032.4932
 BOND   =       377.8035  ANGLE   =      1072.3950  DIHED      =      1333.8282
 1-4 NB =       441.3440  1-4 EEL =      6254.5577  VDWAALS    =      5319.4102
 EELEC  =    -62853.3724  EHBOND  =         0.0000  RESTRAINT  =        21.5406
 EAMBER (non-restraint)  =    -48054.0338
 ------------------------------------------------------------------------------

wrapping first mol.:       20.88048       29.52946       51.14652
wrapping first mol.:       20.88048       29.52946       51.14652

 NSTEP =    22000   TIME(PS) =    2184.000  TEMP(K) =   299.27  PRESS =     0.0
 Etot   =    -38043.2647  EKtot   =      9998.8486  EPtot      =    -48042.1133
 BOND   =       358.3601  ANGLE   =      1048.1461  DIHED      =      1353.8183
 1-4 NB =       450.3278  1-4 EEL =      6315.4853  VDWAALS    =      5423.7514
 EELEC  =    -63017.6558  EHBOND  =         0.0000  RESTRAINT  =        25.6536
 EAMBER (non-restraint)  =    -48067.7669
 ------------------------------------------------------------------------------

wrapping first mol.:       20.88048       29.52946       51.14652
wrapping first mol.:       20.88048       29.52946       51.14652

 NSTEP =    22500   TIME(PS) =    2185.000  TEMP(K) =   299.10  PRESS =     0.0
 Etot   =    -37910.5378  EKtot   =      9993.2324  EPtot      =    -47903.7703
 BOND   =       357.5941  ANGLE   =      1139.4349  DIHED      =      1378.9756
 1-4 NB =       448.1226  1-4 EEL =      6272.3353  VDWAALS    =      5209.8759
 EELEC  =    -62736.5338  EHBOND  =         0.0000  RESTRAINT  =        26.4251
 EAMBER (non-restraint)  =    -47930.1954
 ------------------------------------------------------------------------------

wrapping first mol.:       20.88048       29.52946       51.14652
wrapping first mol.:       20.88048       29.52946       51.14652

 NSTEP =    23000   TIME(PS) =    2186.000  TEMP(K) =   298.41  PRESS =     0.0
 Etot   =    -38001.3830  EKtot   =      9970.0020  EPtot      =    -47971.3850
 BOND   =       350.4822  ANGLE   =      1084.4648  DIHED      =      1346.4763
 1-4 NB =       452.4397  1-4 EEL =      6304.8160  VDWAALS    =      5433.3349
 EELEC  =    -62967.1355  EHBOND  =         0.0000  RESTRAINT  =        23.7366
 EAMBER (non-restraint)  =    -47995.1216
 ------------------------------------------------------------------------------

wrapping first mol.:       20.88048       29.52946       51.14652
wrapping first mol.:       20.88048       29.52946       51.14652

 NSTEP =    23500   TIME(PS) =    2187.000  TEMP(K) =   298.25  PRESS =     0.0
 Etot   =    -38235.3321  EKtot   =      9964.8623  EPtot      =    -48200.1944
 BOND   =       359.8503  ANGLE   =      1075.4120  DIHED      =      1351.6677
 1-4 NB =       459.2931  1-4 EEL =      6300.6977  VDWAALS    =      5580.4171
 EELEC  =    -63350.9444  EHBOND  =         0.0000  RESTRAINT  =        23.4121
 EAMBER (non-restraint)  =    -48223.6065
 ------------------------------------------------------------------------------

wrapping first mol.:       20.88048       29.52946       51.14652
wrapping first mol.:       20.88048       29.52946       51.14652

 NSTEP =    24000   TIME(PS) =    2188.000  TEMP(K) =   304.54  PRESS =     0.0
 Etot   =    -38194.5806  EKtot   =     10174.9512  EPtot      =    -48369.5318
 BOND   =       366.7747  ANGLE   =      1070.9075  DIHED      =      1362.1483
 1-4 NB =       444.0732  1-4 EEL =      6253.3769  VDWAALS    =      5446.4143
 EELEC  =    -63336.6017  EHBOND  =         0.0000  RESTRAINT  =        23.3750
 EAMBER (non-restraint)  =    -48392.9068
 ------------------------------------------------------------------------------

wrapping first mol.:       20.88048       29.52946       51.14652
wrapping first mol.:       20.88048       29.52946       51.14652

 NSTEP =    24500   TIME(PS) =    2189.000  TEMP(K) =   300.04  PRESS =     0.0
 Etot   =    -38092.7733  EKtot   =     10024.5371  EPtot      =    -48117.3104
 BOND   =       397.4819  ANGLE   =      1074.9586  DIHED      =      1349.9920
 1-4 NB =       457.4222  1-4 EEL =      6278.0457  VDWAALS    =      5428.7937
 EELEC  =    -63132.0202  EHBOND  =         0.0000  RESTRAINT  =        28.0158
 EAMBER (non-restraint)  =    -48145.3262
 ------------------------------------------------------------------------------

wrapping first mol.:       20.88048       29.52946       51.14652
wrapping first mol.:       20.88048       29.52946       51.14652

 NSTEP =    25000   TIME(PS) =    2190.000  TEMP(K) =   304.41  PRESS =     0.0
 Etot   =    -37793.9810  EKtot   =     10170.5986  EPtot      =    -47964.5796
 BOND   =       336.8498  ANGLE   =      1097.4143  DIHED      =      1365.8796
 1-4 NB =       455.7539  1-4 EEL =      6301.5758  VDWAALS    =      5224.2981
 EELEC  =    -62771.9744  EHBOND  =         0.0000  RESTRAINT  =        25.6231
 EAMBER (non-restraint)  =    -47990.2028
 ------------------------------------------------------------------------------

wrapping first mol.:       20.88048       29.52946       51.14652
wrapping first mol.:       20.88048       29.52946       51.14652

 NSTEP =    25500   TIME(PS) =    2191.000  TEMP(K) =   298.48  PRESS =     0.0
 Etot   =    -38299.4240  EKtot   =      9972.4678  EPtot      =    -48271.8917
 BOND   =       365.6257  ANGLE   =      1069.9022  DIHED      =      1345.9356
 1-4 NB =       444.7925  1-4 EEL =      6293.4006  VDWAALS    =      5657.2640
 EELEC  =    -63473.8288  EHBOND  =         0.0000  RESTRAINT  =        25.0165
 EAMBER (non-restraint)  =    -48296.9082
 ------------------------------------------------------------------------------

wrapping first mol.:       20.88048       29.52946       51.14652
wrapping first mol.:       20.88048       29.52946       51.14652

 NSTEP =    26000   TIME(PS) =    2192.000  TEMP(K) =   300.10  PRESS =     0.0
 Etot   =    -38188.5757  EKtot   =     10026.5371  EPtot      =    -48215.1128
 BOND   =       355.1137  ANGLE   =      1075.0755  DIHED      =      1354.2023
 1-4 NB =       438.7422  1-4 EEL =      6271.9357  VDWAALS    =      5593.5774
 EELEC  =    -63324.8878  EHBOND  =         0.0000  RESTRAINT  =        21.1283
 EAMBER (non-restraint)  =    -48236.2411
 ------------------------------------------------------------------------------

wrapping first mol.:       20.88048       29.52946       51.14652
wrapping first mol.:       20.88048       29.52946       51.14652

 NSTEP =    26500   TIME(PS) =    2193.000  TEMP(K) =   298.66  PRESS =     0.0
 Etot   =    -38191.2624  EKtot   =      9978.4102  EPtot      =    -48169.6726
 BOND   =       352.4816  ANGLE   =      1045.5171  DIHED      =      1365.7805
 1-4 NB =       446.8672  1-4 EEL =      6281.7182  VDWAALS    =      5265.0715
 EELEC  =    -62954.1298  EHBOND  =         0.0000  RESTRAINT  =        27.0211
 EAMBER (non-restraint)  =    -48196.6937
 ------------------------------------------------------------------------------

wrapping first mol.:       20.88048       29.52946       51.14652
wrapping first mol.:       20.88048       29.52946       51.14652

 NSTEP =    27000   TIME(PS) =    2194.000  TEMP(K) =   300.37  PRESS =     0.0
 Etot   =    -38165.2882  EKtot   =     10035.6504  EPtot      =    -48200.9386
 BOND   =       348.8528  ANGLE   =      1061.0280  DIHED      =      1359.4048
 1-4 NB =       445.4068  1-4 EEL =      6288.1571  VDWAALS    =      5438.1162
 EELEC  =    -63169.6587  EHBOND  =         0.0000  RESTRAINT  =        27.7544
 EAMBER (non-restraint)  =    -48228.6930
 ------------------------------------------------------------------------------

wrapping first mol.:       20.88048       29.52946       51.14652
wrapping first mol.:       20.88048       29.52946       51.14652

 NSTEP =    27500   TIME(PS) =    2195.000  TEMP(K) =   293.53  PRESS =     0.0
 Etot   =    -38517.0428  EKtot   =      9806.9023  EPtot      =    -48323.9452
 BOND   =       361.4699  ANGLE   =      1058.5963  DIHED      =      1368.0606
 1-4 NB =       440.5002  1-4 EEL =      6262.8267  VDWAALS    =      5237.5706
 EELEC  =    -63079.5654  EHBOND  =         0.0000  RESTRAINT  =        26.5959
 EAMBER (non-restraint)  =    -48350.5410
 ------------------------------------------------------------------------------

wrapping first mol.:       20.88048       29.52946       51.14652
wrapping first mol.:       20.88048       29.52946       51.14652

 NSTEP =    28000   TIME(PS) =    2196.000  TEMP(K) =   304.99  PRESS =     0.0
 Etot   =    -37940.4507  EKtot   =     10190.0410  EPtot      =    -48130.4917
 BOND   =       370.8187  ANGLE   =      1063.4432  DIHED      =      1346.6725
 1-4 NB =       450.2435  1-4 EEL =      6260.9088  VDWAALS    =      5661.9388
 EELEC  =    -63310.5401  EHBOND  =         0.0000  RESTRAINT  =        26.0230
 EAMBER (non-restraint)  =    -48156.5147
 ------------------------------------------------------------------------------

wrapping first mol.:       20.88048       29.52946       51.14652
wrapping first mol.:       20.88048       29.52946       51.14652

 NSTEP =    28500   TIME(PS) =    2197.000  TEMP(K) =   296.46  PRESS =     0.0
 Etot   =    -38170.1174  EKtot   =      9904.8984  EPtot      =    -48075.0158
 BOND   =       363.0055  ANGLE   =      1035.6421  DIHED      =      1356.9838
 1-4 NB =       452.1009  1-4 EEL =      6277.5519  VDWAALS    =      5598.8253
 EELEC  =    -63183.9573  EHBOND  =         0.0000  RESTRAINT  =        24.8319
 EAMBER (non-restraint)  =    -48099.8477
 ------------------------------------------------------------------------------

wrapping first mol.:       20.88048       29.52946       51.14652
wrapping first mol.:       20.88048       29.52946       51.14652

 NSTEP =    29000   TIME(PS) =    2198.000  TEMP(K) =   298.52  PRESS =     0.0
 Etot   =    -38329.1611  EKtot   =      9973.7920  EPtot      =    -48302.9531
 BOND   =       318.2565  ANGLE   =      1082.1065  DIHED      =      1377.8629
 1-4 NB =       450.1551  1-4 EEL =      6270.2592  VDWAALS    =      5242.1686
 EELEC  =    -63066.9212  EHBOND  =         0.0000  RESTRAINT  =        23.1593
 EAMBER (non-restraint)  =    -48326.1123
 ------------------------------------------------------------------------------

wrapping first mol.:       20.88048       29.52946       51.14652
wrapping first mol.:       20.88048       29.52946       51.14652

 NSTEP =    29500   TIME(PS) =    2199.000  TEMP(K) =   300.98  PRESS =     0.0
 Etot   =    -38381.7291  EKtot   =     10055.8398  EPtot      =    -48437.5689
 BOND   =       331.0580  ANGLE   =      1048.3649  DIHED      =      1382.5098
 1-4 NB =       455.8050  1-4 EEL =      6269.0825  VDWAALS    =      5486.0198
 EELEC  =    -63433.9032  EHBOND  =         0.0000  RESTRAINT  =        23.4944
 EAMBER (non-restraint)  =    -48461.0633
 ------------------------------------------------------------------------------

wrapping first mol.:       20.88048       29.52946       51.14652
wrapping first mol.:       20.88048       29.52946       51.14652

 NSTEP =    30000   TIME(PS) =    2200.000  TEMP(K) =   297.12  PRESS =     0.0
 Etot   =    -38317.7923  EKtot   =      9926.8965  EPtot      =    -48244.6888
 BOND   =       359.8403  ANGLE   =      1090.8556  DIHED      =      1349.1501
 1-4 NB =       455.1356  1-4 EEL =      6265.4522  VDWAALS    =      5452.1660
 EELEC  =    -63236.9175  EHBOND  =         0.0000  RESTRAINT  =        19.6289
 EAMBER (non-restraint)  =    -48264.3177
 ------------------------------------------------------------------------------

wrapping first mol.:       20.88048       29.52946       51.14652
wrapping first mol.:       20.88048       29.52946       51.14652

 NSTEP =    30500   TIME(PS) =    2201.000  TEMP(K) =   299.04  PRESS =     0.0
 Etot   =    -38192.3369  EKtot   =      9991.2695  EPtot      =    -48183.6064
 BOND   =       348.3694  ANGLE   =      1051.9808  DIHED      =      1376.8322
 1-4 NB =       463.2050  1-4 EEL =      6305.0853  VDWAALS    =      5557.9663
 EELEC  =    -63311.0277  EHBOND  =         0.0000  RESTRAINT  =        23.9822
 EAMBER (non-restraint)  =    -48207.5887
 ------------------------------------------------------------------------------

wrapping first mol.:       20.88048       29.52946       51.14652
wrapping first mol.:       20.88048       29.52946       51.14652

 NSTEP =    31000   TIME(PS) =    2202.000  TEMP(K) =   297.99  PRESS =     0.0
 Etot   =    -38090.9466  EKtot   =      9956.0840  EPtot      =    -48047.0306
 BOND   =       362.9626  ANGLE   =      1088.0065  DIHED      =      1383.7567
 1-4 NB =       442.2814  1-4 EEL =      6269.3047  VDWAALS    =      5369.0865
 EELEC  =    -62985.8094  EHBOND  =         0.0000  RESTRAINT  =        23.3806
 EAMBER (non-restraint)  =    -48070.4111
 ------------------------------------------------------------------------------

wrapping first mol.:       20.88048       29.52946       51.14652
wrapping first mol.:       20.88048       29.52946       51.14652

 NSTEP =    31500   TIME(PS) =    2203.000  TEMP(K) =   299.24  PRESS =     0.0
 Etot   =    -38333.6545  EKtot   =      9997.8115  EPtot      =    -48331.4661
 BOND   =       344.7441  ANGLE   =      1076.9482  DIHED      =      1349.5328
 1-4 NB =       459.7008  1-4 EEL =      6289.6849  VDWAALS    =      5365.7195
 EELEC  =    -63236.9873  EHBOND  =         0.0000  RESTRAINT  =        19.1909
 EAMBER (non-restraint)  =    -48350.6570
 ------------------------------------------------------------------------------

wrapping first mol.:       20.88048       29.52946       51.14652
wrapping first mol.:       20.88048       29.52946       51.14652

 NSTEP =    32000   TIME(PS) =    2204.000  TEMP(K) =   300.72  PRESS =     0.0
 Etot   =    -37942.4131  EKtot   =     10047.1279  EPtot      =    -47989.5411
 BOND   =       354.7074  ANGLE   =      1040.4620  DIHED      =      1351.7000
 1-4 NB =       456.5605  1-4 EEL =      6288.9566  VDWAALS    =      5430.4092
 EELEC  =    -62936.7732  EHBOND  =         0.0000  RESTRAINT  =        24.4365
 EAMBER (non-restraint)  =    -48013.9776
 ------------------------------------------------------------------------------

wrapping first mol.:       20.88048       29.52946       51.14652
wrapping first mol.:       20.88048       29.52946       51.14652

 NSTEP =    32500   TIME(PS) =    2205.000  TEMP(K) =   300.30  PRESS =     0.0
 Etot   =    -38205.4159  EKtot   =     10033.0977  EPtot      =    -48238.5136
 BOND   =       336.5820  ANGLE   =      1065.8415  DIHED      =      1363.6022
 1-4 NB =       447.1442  1-4 EEL =      6303.3463  VDWAALS    =      5420.7798
 EELEC  =    -63196.6960  EHBOND  =         0.0000  RESTRAINT  =        20.8863
 EAMBER (non-restraint)  =    -48259.3999
 ------------------------------------------------------------------------------

wrapping first mol.:       20.88048       29.52946       51.14652
wrapping first mol.:       20.88048       29.52946       51.14652

 NSTEP =    33000   TIME(PS) =    2206.000  TEMP(K) =   299.46  PRESS =     0.0
 Etot   =    -38339.4296  EKtot   =     10005.1699  EPtot      =    -48344.5995
 BOND   =       368.2485  ANGLE   =      1057.1417  DIHED      =      1361.2891
 1-4 NB =       453.4140  1-4 EEL =      6279.0418  VDWAALS    =      5336.5914
 EELEC  =    -63224.0132  EHBOND  =         0.0000  RESTRAINT  =        23.6873
 EAMBER (non-restraint)  =    -48368.2867
 ------------------------------------------------------------------------------

wrapping first mol.:       20.88048       29.52946       51.14652
wrapping first mol.:       20.88048       29.52946       51.14652

 NSTEP =    33500   TIME(PS) =    2207.000  TEMP(K) =   299.62  PRESS =     0.0
 Etot   =    -38292.5589  EKtot   =     10010.6201  EPtot      =    -48303.1790
 BOND   =       352.7493  ANGLE   =      1072.1701  DIHED      =      1357.0526
 1-4 NB =       451.8578  1-4 EEL =      6290.3447  VDWAALS    =      5316.4529
 EELEC  =    -63167.0794  EHBOND  =         0.0000  RESTRAINT  =        23.2732
 EAMBER (non-restraint)  =    -48326.4521
 ------------------------------------------------------------------------------

wrapping first mol.:       20.88048       29.52946       51.14652
wrapping first mol.:       20.88048       29.52946       51.14652

 NSTEP =    34000   TIME(PS) =    2208.000  TEMP(K) =   303.49  PRESS =     0.0
 Etot   =    -38034.0310  EKtot   =     10139.9072  EPtot      =    -48173.9383
 BOND   =       387.5489  ANGLE   =      1021.2020  DIHED      =      1358.0830
 1-4 NB =       443.2787  1-4 EEL =      6293.6954  VDWAALS    =      5320.0082
 EELEC  =    -63022.8720  EHBOND  =         0.0000  RESTRAINT  =        25.1174
 EAMBER (non-restraint)  =    -48199.0557
 ------------------------------------------------------------------------------

wrapping first mol.:       20.88048       29.52946       51.14652
wrapping first mol.:       20.88048       29.52946       51.14652

 NSTEP =    34500   TIME(PS) =    2209.000  TEMP(K) =   303.88  PRESS =     0.0
 Etot   =    -38027.6298  EKtot   =     10152.6895  EPtot      =    -48180.3193
 BOND   =       342.2380  ANGLE   =      1041.0458  DIHED      =      1356.6979
 1-4 NB =       458.2290  1-4 EEL =      6294.3722  VDWAALS    =      5466.7632
 EELEC  =    -63164.4481  EHBOND  =         0.0000  RESTRAINT  =        24.7829
 EAMBER (non-restraint)  =    -48205.1021
 ------------------------------------------------------------------------------

wrapping first mol.:       20.88048       29.52946       51.14652
wrapping first mol.:       20.88048       29.52946       51.14652

 NSTEP =    35000   TIME(PS) =    2210.000  TEMP(K) =   297.26  PRESS =     0.0
 Etot   =    -38342.0180  EKtot   =      9931.7861  EPtot      =    -48273.8041
 BOND   =       366.3745  ANGLE   =      1066.0038  DIHED      =      1365.6412
 1-4 NB =       455.4066  1-4 EEL =      6329.3628  VDWAALS    =      5345.4923
 EELEC  =    -63229.1761  EHBOND  =         0.0000  RESTRAINT  =        27.0907
 EAMBER (non-restraint)  =    -48300.8948
 ------------------------------------------------------------------------------

wrapping first mol.:       20.88048       29.52946       51.14652
wrapping first mol.:       20.88048       29.52946       51.14652

 NSTEP =    35500   TIME(PS) =    2211.000  TEMP(K) =   302.12  PRESS =     0.0
 Etot   =    -38081.0093  EKtot   =     10094.0889  EPtot      =    -48175.0981
 BOND   =       372.1881  ANGLE   =      1093.3660  DIHED      =      1377.8389
 1-4 NB =       436.6650  1-4 EEL =      6277.1988  VDWAALS    =      5426.6282
 EELEC  =    -63182.9194  EHBOND  =         0.0000  RESTRAINT  =        23.9363
 EAMBER (non-restraint)  =    -48199.0345
 ------------------------------------------------------------------------------

wrapping first mol.:       20.88048       29.52946       51.14652
wrapping first mol.:       20.88048       29.52946       51.14652

 NSTEP =    36000   TIME(PS) =    2212.000  TEMP(K) =   304.17  PRESS =     0.0
 Etot   =    -37916.7337  EKtot   =     10162.6289  EPtot      =    -48079.3626
 BOND   =       363.3352  ANGLE   =      1115.2106  DIHED      =      1380.3850
 1-4 NB =       438.1701  1-4 EEL =      6280.4293  VDWAALS    =      5481.1761
 EELEC  =    -63162.0995  EHBOND  =         0.0000  RESTRAINT  =        24.0305
 EAMBER (non-restraint)  =    -48103.3931
 ------------------------------------------------------------------------------

wrapping first mol.:       20.88048       29.52946       51.14652
wrapping first mol.:       20.88048       29.52946       51.14652

 NSTEP =    36500   TIME(PS) =    2213.000  TEMP(K) =   299.18  PRESS =     0.0
 Etot   =    -38214.6158  EKtot   =      9995.9082  EPtot      =    -48210.5240
 BOND   =       339.4494  ANGLE   =      1064.5005  DIHED      =      1369.4168
 1-4 NB =       442.7075  1-4 EEL =      6331.5562  VDWAALS    =      5532.7097
 EELEC  =    -63314.8879  EHBOND  =         0.0000  RESTRAINT  =        24.0237
 EAMBER (non-restraint)  =    -48234.5477
 ------------------------------------------------------------------------------

wrapping first mol.:       20.88048       29.52946       51.14652
wrapping first mol.:       20.88048       29.52946       51.14652

 NSTEP =    37000   TIME(PS) =    2214.000  TEMP(K) =   299.72  PRESS =     0.0
 Etot   =    -38031.2239  EKtot   =     10013.8857  EPtot      =    -48045.1096
 BOND   =       369.0121  ANGLE   =      1056.7883  DIHED      =      1358.0615
 1-4 NB =       454.3797  1-4 EEL =      6285.8591  VDWAALS    =      5372.7334
 EELEC  =    -62964.3827  EHBOND  =         0.0000  RESTRAINT  =        22.4391
 EAMBER (non-restraint)  =    -48067.5487
 ------------------------------------------------------------------------------

wrapping first mol.:       20.88048       29.52946       51.14652
wrapping first mol.:       20.88048       29.52946       51.14652

 NSTEP =    37500   TIME(PS) =    2215.000  TEMP(K) =   299.01  PRESS =     0.0
 Etot   =    -38270.4952  EKtot   =      9990.2305  EPtot      =    -48260.7256
 BOND   =       373.1601  ANGLE   =      1081.5062  DIHED      =      1371.7448
 1-4 NB =       451.1389  1-4 EEL =      6287.3349  VDWAALS    =      5494.9925
 EELEC  =    -63343.4635  EHBOND  =         0.0000  RESTRAINT  =        22.8605
 EAMBER (non-restraint)  =    -48283.5861
 ------------------------------------------------------------------------------

wrapping first mol.:       20.88048       29.52946       51.14652
wrapping first mol.:       20.88048       29.52946       51.14652

 NSTEP =    38000   TIME(PS) =    2216.000  TEMP(K) =   297.28  PRESS =     0.0
 Etot   =    -38142.5853  EKtot   =      9932.3369  EPtot      =    -48074.9222
 BOND   =       394.8297  ANGLE   =      1063.5972  DIHED      =      1357.7223
 1-4 NB =       477.6316  1-4 EEL =      6317.3426  VDWAALS    =      5446.1411
 EELEC  =    -63154.9508  EHBOND  =         0.0000  RESTRAINT  =        22.7641
 EAMBER (non-restraint)  =    -48097.6864
 ------------------------------------------------------------------------------

wrapping first mol.:       20.88048       29.52946       51.14652
wrapping first mol.:       20.88048       29.52946       51.14652

 NSTEP =    38500   TIME(PS) =    2217.000  TEMP(K) =   295.47  PRESS =     0.0
 Etot   =    -38369.0814  EKtot   =      9871.8789  EPtot      =    -48240.9603
 BOND   =       385.9176  ANGLE   =      1068.7527  DIHED      =      1334.0296
 1-4 NB =       451.1364  1-4 EEL =      6263.4291  VDWAALS    =      5524.0198
 EELEC  =    -63291.1236  EHBOND  =         0.0000  RESTRAINT  =        22.8781
 EAMBER (non-restraint)  =    -48263.8384
 ------------------------------------------------------------------------------

wrapping first mol.:       20.88048       29.52946       51.14652
wrapping first mol.:       20.88048       29.52946       51.14652

 NSTEP =    39000   TIME(PS) =    2218.000  TEMP(K) =   302.52  PRESS =     0.0
 Etot   =    -38131.2675  EKtot   =     10107.4600  EPtot      =    -48238.7275
 BOND   =       364.6508  ANGLE   =      1079.5359  DIHED      =      1366.4374
 1-4 NB =       444.5874  1-4 EEL =      6273.8441  VDWAALS    =      5576.7328
 EELEC  =    -63368.0795  EHBOND  =         0.0000  RESTRAINT  =        23.5635
 EAMBER (non-restraint)  =    -48262.2910
 ------------------------------------------------------------------------------

wrapping first mol.:       20.88048       29.52946       51.14652
wrapping first mol.:       20.88048       29.52946       51.14652

 NSTEP =    39500   TIME(PS) =    2219.000  TEMP(K) =   298.51  PRESS =     0.0
 Etot   =    -38281.1238  EKtot   =      9973.3799  EPtot      =    -48254.5037
 BOND   =       356.1184  ANGLE   =      1040.1117  DIHED      =      1360.8374
 1-4 NB =       447.2086  1-4 EEL =      6299.8561  VDWAALS    =      5513.7686
 EELEC  =    -63296.3265  EHBOND  =         0.0000  RESTRAINT  =        23.9220
 EAMBER (non-restraint)  =    -48278.4257
 ------------------------------------------------------------------------------

wrapping first mol.:       20.88048       29.52946       51.14652
wrapping first mol.:       20.88048       29.52946       51.14652

 NSTEP =    40000   TIME(PS) =    2220.000  TEMP(K) =   298.06  PRESS =     0.0
 Etot   =    -38171.2990  EKtot   =      9958.5127  EPtot      =    -48129.8117
 BOND   =       335.9473  ANGLE   =      1076.8675  DIHED      =      1391.0454
 1-4 NB =       451.3602  1-4 EEL =      6279.5478  VDWAALS    =      5517.8920
 EELEC  =    -63205.9442  EHBOND  =         0.0000  RESTRAINT  =        23.4721
 EAMBER (non-restraint)  =    -48153.2839
 ------------------------------------------------------------------------------

wrapping first mol.:       20.88048       29.52946       51.14652
wrapping first mol.:       20.88048       29.52946       51.14652

 NSTEP =    40500   TIME(PS) =    2221.000  TEMP(K) =   298.79  PRESS =     0.0
 Etot   =    -38187.5071  EKtot   =      9982.7832  EPtot      =    -48170.2903
 BOND   =       347.3460  ANGLE   =      1095.1395  DIHED      =      1334.7182
 1-4 NB =       443.1415  1-4 EEL =      6270.5245  VDWAALS    =      5391.3512
 EELEC  =    -63076.8702  EHBOND  =         0.0000  RESTRAINT  =        24.3590
 EAMBER (non-restraint)  =    -48194.6493
 ------------------------------------------------------------------------------

wrapping first mol.:       20.88048       29.52946       51.14652
wrapping first mol.:       20.88048       29.52946       51.14652

 NSTEP =    41000   TIME(PS) =    2222.000  TEMP(K) =   301.33  PRESS =     0.0
 Etot   =    -38098.5280  EKtot   =     10067.6133  EPtot      =    -48166.1413
 BOND   =       364.7232  ANGLE   =      1063.5289  DIHED      =      1366.9985
 1-4 NB =       460.0648  1-4 EEL =      6285.4764  VDWAALS    =      5630.0589
 EELEC  =    -63357.4867  EHBOND  =         0.0000  RESTRAINT  =        20.4947
 EAMBER (non-restraint)  =    -48186.6360
 ------------------------------------------------------------------------------

wrapping first mol.:       20.88048       29.52946       51.14652
wrapping first mol.:       20.88048       29.52946       51.14652

 NSTEP =    41500   TIME(PS) =    2223.000  TEMP(K) =   298.16  PRESS =     0.0
 Etot   =    -38156.9227  EKtot   =      9961.6367  EPtot      =    -48118.5594
 BOND   =       358.2634  ANGLE   =      1066.8193  DIHED      =      1363.8130
 1-4 NB =       453.0590  1-4 EEL =      6273.4025  VDWAALS    =      5415.6303
 EELEC  =    -63076.6925  EHBOND  =         0.0000  RESTRAINT  =        27.1456
 EAMBER (non-restraint)  =    -48145.7050
 ------------------------------------------------------------------------------

wrapping first mol.:       20.88048       29.52946       51.14652
wrapping first mol.:       20.88048       29.52946       51.14652

 NSTEP =    42000   TIME(PS) =    2224.000  TEMP(K) =   300.66  PRESS =     0.0
 Etot   =    -38078.5995  EKtot   =     10045.2812  EPtot      =    -48123.8807
 BOND   =       337.0255  ANGLE   =      1070.7328  DIHED      =      1369.6861
 1-4 NB =       447.1754  1-4 EEL =      6281.4136  VDWAALS    =      5353.4705
 EELEC  =    -63004.1239  EHBOND  =         0.0000  RESTRAINT  =        20.7392
 EAMBER (non-restraint)  =    -48144.6200
 ------------------------------------------------------------------------------

wrapping first mol.:       20.88048       29.52946       51.14652
wrapping first mol.:       20.88048       29.52946       51.14652

 NSTEP =    42500   TIME(PS) =    2225.000  TEMP(K) =   300.87  PRESS =     0.0
 Etot   =    -38009.1264  EKtot   =     10052.2168  EPtot      =    -48061.3432
 BOND   =       348.7817  ANGLE   =      1090.6180  DIHED      =      1353.2013
 1-4 NB =       445.7643  1-4 EEL =      6273.0729  VDWAALS    =      5272.0951
 EELEC  =    -62869.8579  EHBOND  =         0.0000  RESTRAINT  =        24.9814
 EAMBER (non-restraint)  =    -48086.3246
 ------------------------------------------------------------------------------

wrapping first mol.:       20.88048       29.52946       51.14652
wrapping first mol.:       20.88048       29.52946       51.14652

 NSTEP =    43000   TIME(PS) =    2226.000  TEMP(K) =   300.81  PRESS =     0.0
 Etot   =    -38192.2142  EKtot   =     10050.4238  EPtot      =    -48242.6380
 BOND   =       357.1864  ANGLE   =      1057.9359  DIHED      =      1351.7153
 1-4 NB =       470.2328  1-4 EEL =      6338.8451  VDWAALS    =      5354.5306
 EELEC  =    -63200.4018  EHBOND  =         0.0000  RESTRAINT  =        27.3177
 EAMBER (non-restraint)  =    -48269.9556
 ------------------------------------------------------------------------------

wrapping first mol.:       20.88048       29.52946       51.14652
wrapping first mol.:       20.88048       29.52946       51.14652

 NSTEP =    43500   TIME(PS) =    2227.000  TEMP(K) =   297.89  PRESS =     0.0
 Etot   =    -38217.4512  EKtot   =      9952.6475  EPtot      =    -48170.0987
 BOND   =       384.5373  ANGLE   =      1041.3679  DIHED      =      1366.1967
 1-4 NB =       448.9722  1-4 EEL =      6268.9572  VDWAALS    =      5424.6661
 EELEC  =    -63127.0390  EHBOND  =         0.0000  RESTRAINT  =        22.2430
 EAMBER (non-restraint)  =    -48192.3416
 ------------------------------------------------------------------------------

wrapping first mol.:       20.88048       29.52946       51.14652
wrapping first mol.:       20.88048       29.52946       51.14652

 NSTEP =    44000   TIME(PS) =    2228.000  TEMP(K) =   299.67  PRESS =     0.0
 Etot   =    -38129.8812  EKtot   =     10012.0820  EPtot      =    -48141.9633
 BOND   =       357.7103  ANGLE   =      1066.3821  DIHED      =      1369.7102
 1-4 NB =       451.9971  1-4 EEL =      6289.7598  VDWAALS    =      5544.4346
 EELEC  =    -63245.9470  EHBOND  =         0.0000  RESTRAINT  =        23.9897
 EAMBER (non-restraint)  =    -48165.9530
 ------------------------------------------------------------------------------

wrapping first mol.:       20.88048       29.52946       51.14652
wrapping first mol.:       20.88048       29.52946       51.14652

 NSTEP =    44500   TIME(PS) =    2229.000  TEMP(K) =   297.10  PRESS =     0.0
 Etot   =    -38160.9260  EKtot   =      9926.3262  EPtot      =    -48087.2522
 BOND   =       370.5482  ANGLE   =      1082.8675  DIHED      =      1354.5291
 1-4 NB =       431.4499  1-4 EEL =      6258.8077  VDWAALS    =      5466.7917
 EELEC  =    -63071.4777  EHBOND  =         0.0000  RESTRAINT  =        19.2313
 EAMBER (non-restraint)  =    -48106.4835
 ------------------------------------------------------------------------------

wrapping first mol.:       20.88048       29.52946       51.14652
wrapping first mol.:       20.88048       29.52946       51.14652

 NSTEP =    45000   TIME(PS) =    2230.000  TEMP(K) =   299.91  PRESS =     0.0
 Etot   =    -38185.1450  EKtot   =     10020.3457  EPtot      =    -48205.4907
 BOND   =       353.8738  ANGLE   =      1123.9220  DIHED      =      1370.0899
 1-4 NB =       447.6866  1-4 EEL =      6296.4865  VDWAALS    =      5390.6847
 EELEC  =    -63210.5285  EHBOND  =         0.0000  RESTRAINT  =        22.2944
 EAMBER (non-restraint)  =    -48227.7851
 ------------------------------------------------------------------------------

wrapping first mol.:       20.88048       29.52946       51.14652
wrapping first mol.:       20.88048       29.52946       51.14652

 NSTEP =    45500   TIME(PS) =    2231.000  TEMP(K) =   302.85  PRESS =     0.0
 Etot   =    -37959.3819  EKtot   =     10118.4980  EPtot      =    -48077.8800
 BOND   =       349.8586  ANGLE   =      1059.6584  DIHED      =      1361.5661
 1-4 NB =       448.7999  1-4 EEL =      6281.3795  VDWAALS    =      5306.5092
 EELEC  =    -62908.8948  EHBOND  =         0.0000  RESTRAINT  =        23.2431
 EAMBER (non-restraint)  =    -48101.1231
 ------------------------------------------------------------------------------

wrapping first mol.:       20.88048       29.52946       51.14652
wrapping first mol.:       20.88048       29.52946       51.14652

 NSTEP =    46000   TIME(PS) =    2232.000  TEMP(K) =   298.94  PRESS =     0.0
 Etot   =    -38277.9807  EKtot   =      9987.7812  EPtot      =    -48265.7620
 BOND   =       351.9484  ANGLE   =      1052.3419  DIHED      =      1358.8275
 1-4 NB =       438.9461  1-4 EEL =      6254.9269  VDWAALS    =      5293.7920
 EELEC  =    -63037.1676  EHBOND  =         0.0000  RESTRAINT  =        20.6230
 EAMBER (non-restraint)  =    -48286.3850
 ------------------------------------------------------------------------------

wrapping first mol.:       20.88048       29.52946       51.14652
wrapping first mol.:       20.88048       29.52946       51.14652

 NSTEP =    46500   TIME(PS) =    2233.000  TEMP(K) =   299.52  PRESS =     0.0
 Etot   =    -38301.4288  EKtot   =     10007.2578  EPtot      =    -48308.6866
 BOND   =       336.9914  ANGLE   =      1041.0003  DIHED      =      1355.1450
 1-4 NB =       448.3797  1-4 EEL =      6257.2284  VDWAALS    =      5421.2011
 EELEC  =    -63193.3948  EHBOND  =         0.0000  RESTRAINT  =        24.7624
 EAMBER (non-restraint)  =    -48333.4490
 ------------------------------------------------------------------------------

wrapping first mol.:       20.88048       29.52946       51.14652
wrapping first mol.:       20.88048       29.52946       51.14652

 NSTEP =    47000   TIME(PS) =    2234.000  TEMP(K) =   300.67  PRESS =     0.0
 Etot   =    -38125.2701  EKtot   =     10045.6211  EPtot      =    -48170.8912
 BOND   =       345.0221  ANGLE   =      1048.2609  DIHED      =      1362.2614
 1-4 NB =       434.4625  1-4 EEL =      6305.1920  VDWAALS    =      5283.7319
 EELEC  =    -62975.2816  EHBOND  =         0.0000  RESTRAINT  =        25.4596
 EAMBER (non-restraint)  =    -48196.3508
 ------------------------------------------------------------------------------

wrapping first mol.:       20.88048       29.52946       51.14652
wrapping first mol.:       20.88048       29.52946       51.14652

 NSTEP =    47500   TIME(PS) =    2235.000  TEMP(K) =   296.71  PRESS =     0.0
 Etot   =    -38374.8157  EKtot   =      9913.1201  EPtot      =    -48287.9359
 BOND   =       357.4822  ANGLE   =      1082.1489  DIHED      =      1341.9331
 1-4 NB =       463.6582  1-4 EEL =      6291.2034  VDWAALS    =      5460.5576
 EELEC  =    -63312.3642  EHBOND  =         0.0000  RESTRAINT  =        27.4451
 EAMBER (non-restraint)  =    -48315.3810
 ------------------------------------------------------------------------------

wrapping first mol.:       20.88048       29.52946       51.14652
wrapping first mol.:       20.88048       29.52946       51.14652

 NSTEP =    48000   TIME(PS) =    2236.000  TEMP(K) =   298.56  PRESS =     0.0
 Etot   =    -38053.6379  EKtot   =      9975.2051  EPtot      =    -48028.8430
 BOND   =       360.7249  ANGLE   =      1056.0409  DIHED      =      1361.9972
 1-4 NB =       434.8534  1-4 EEL =      6255.9756  VDWAALS    =      5369.5581
 EELEC  =    -62891.3290  EHBOND  =         0.0000  RESTRAINT  =        23.3358
 EAMBER (non-restraint)  =    -48052.1788
 ------------------------------------------------------------------------------

wrapping first mol.:       20.88048       29.52946       51.14652
wrapping first mol.:       20.88048       29.52946       51.14652

 NSTEP =    48500   TIME(PS) =    2237.000  TEMP(K) =   295.38  PRESS =     0.0
 Etot   =    -38139.2357  EKtot   =      9868.8037  EPtot      =    -48008.0394
 BOND   =       379.3453  ANGLE   =      1053.9700  DIHED      =      1366.8449
 1-4 NB =       449.8634  1-4 EEL =      6282.1629  VDWAALS    =      5411.6179
 EELEC  =    -62978.4513  EHBOND  =         0.0000  RESTRAINT  =        26.6074
 EAMBER (non-restraint)  =    -48034.6469
 ------------------------------------------------------------------------------

wrapping first mol.:       20.88048       29.52946       51.14652
wrapping first mol.:       20.88048       29.52946       51.14652

 NSTEP =    49000   TIME(PS) =    2238.000  TEMP(K) =   299.45  PRESS =     0.0
 Etot   =    -38190.8778  EKtot   =     10004.8242  EPtot      =    -48195.7021
 BOND   =       345.9158  ANGLE   =      1083.6749  DIHED      =      1371.0872
 1-4 NB =       432.5498  1-4 EEL =      6261.5106  VDWAALS    =      5613.7774
 EELEC  =    -63330.2338  EHBOND  =         0.0000  RESTRAINT  =        26.0160
 EAMBER (non-restraint)  =    -48221.7180
 ------------------------------------------------------------------------------

wrapping first mol.:       20.88048       29.52946       51.14652
wrapping first mol.:       20.88048       29.52946       51.14652

 NSTEP =    49500   TIME(PS) =    2239.000  TEMP(K) =   297.48  PRESS =     0.0
 Etot   =    -38215.4544  EKtot   =      9939.0508  EPtot      =    -48154.5052
 BOND   =       336.2378  ANGLE   =      1103.1707  DIHED      =      1376.1867
 1-4 NB =       442.3944  1-4 EEL =      6300.5514  VDWAALS    =      5546.8155
 EELEC  =    -63285.3610  EHBOND  =         0.0000  RESTRAINT  =        25.4993
 EAMBER (non-restraint)  =    -48180.0044
 ------------------------------------------------------------------------------

wrapping first mol.:       20.88048       29.52946       51.14652
wrapping first mol.:       20.88048       29.52946       51.14652

 NSTEP =    50000   TIME(PS) =    2240.000  TEMP(K) =   300.27  PRESS =     0.0
 Etot   =    -38272.8229  EKtot   =     10032.3447  EPtot      =    -48305.1676
 BOND   =       371.9799  ANGLE   =      1053.5901  DIHED      =      1349.5396
 1-4 NB =       454.2587  1-4 EEL =      6259.5157  VDWAALS    =      5363.9072
 EELEC  =    -63185.2300  EHBOND  =         0.0000  RESTRAINT  =        27.2712
 EAMBER (non-restraint)  =    -48332.4388
 ------------------------------------------------------------------------------


      A V E R A G E S   O V E R     100 S T E P S


 NSTEP =    50000   TIME(PS) =    2240.000  TEMP(K) =   299.77  PRESS =     0.0
 Etot   =    -38130.6482  EKtot   =     10015.6511  EPtot      =    -48146.2993
 BOND   =       357.9363  ANGLE   =      1068.1658  DIHED      =      1358.6097
 1-4 NB =       449.5944  1-4 EEL =      6291.2387  VDWAALS    =      5418.0322
 EELEC  =    -63113.6645  EHBOND  =         0.0000  RESTRAINT  =        23.7880
 EAMBER (non-restraint)  =    -48170.0874
 ------------------------------------------------------------------------------


      R M S  F L U C T U A T I O N S


 NSTEP =    50000   TIME(PS) =    2240.000  TEMP(K) =     2.30  PRESS =     0.0
 Etot   =       145.1264  EKtot   =        76.7950  EPtot      =       112.9411
 BOND   =        15.5894  ANGLE   =        25.6195  DIHED      =        13.1603
 1-4 NB =         8.7216  1-4 EEL =        22.9819  VDWAALS    =       111.4039
 EELEC  =       173.9139  EHBOND  =         0.0000  RESTRAINT  =         2.6615
 EAMBER (non-restraint)  =       110.2796
 ------------------------------------------------------------------------------

--------------------------------------------------------------------------------
   5.  TIMINGS
--------------------------------------------------------------------------------

|  NonSetup CPU Time in Major Routines:
|
|     Routine           Sec        %
|     ------------------------------
|     Nonbond          20.96   40.12
|     Bond              0.00    0.00
|     Angle             0.00    0.00
|     Dihedral          0.00    0.00
|     Shake             1.19    2.27
|     RunMD            29.92   57.26
|     Other             0.18    0.34
|     ------------------------------
|     Total            52.25

|  PME Nonbond Pairlist CPU Time:
|
|     Routine              Sec        %
|     ---------------------------------
|     Set Up Cit           0.00    0.00
|     Build List           0.00    0.00
|     ---------------------------------
|     Total                0.00    0.00

|  PME Direct Force CPU Time:
|
|     Routine              Sec        %
|     ---------------------------------
|     NonBonded Calc       0.00    0.00
|     Exclude Masked       0.00    0.00
|     Other                0.07    0.13
|     ---------------------------------
|     Total                0.07    0.13

|  PME Reciprocal Force CPU Time:
|
|     Routine              Sec        %
|     ---------------------------------
|     1D bspline           0.00    0.00
|     Grid Charges         0.00    0.00
|     Scalar Sum           0.00    0.00
|     Gradient Sum         0.00    0.00
|     FFT                  0.00    0.00
|     ---------------------------------
|     Total                0.00    0.00

|  Final Performance Info:
|     -----------------------------------------------------
|     Average timings for last   10000 steps:
|     Elapsed(s) =      15.02 Per Step(ms) =       1.50
|         ns/day =     115.03   seconds/ns =     751.08
|
|     Average timings for all steps:
|     Elapsed(s) =      75.43 Per Step(ms) =       1.51
|         ns/day =     114.54   seconds/ns =     754.30
|     -----------------------------------------------------

|  Setup CPU time:            1.66 seconds
|  NonSetup CPU time:        52.25 seconds
|  Total CPU time:           53.91 seconds     0.01 hours

|  Setup wall time:           3    seconds
|  NonSetup wall time:       75    seconds
|  Total wall time:          78    seconds     0.02 hours
