
          -------------------------------------------------------
          Amber 16 PMEMD                              2016
          -------------------------------------------------------

| PMEMD implementation of SANDER, Release 16

| Run on 11/25/2017 at 13:31:11

|   Executable path: /apps/amber16/bin/pmemd.cuda
| Working directory: /home/pbarletta
|          Hostname: mordor

  [-O]verwriting output

File Assignments:
|   MDIN: /scratch/pbarletta/cph_obp/run/eol/mhe/e/26equ.in                     
|  MDOUT: /scratch/pbarletta/cph_obp/run/eol/mhe/e/26equ.out                    
| INPCRD: /scratch/pbarletta/cph_obp/run/eol/mhe/e/25eeol.rst7                  
|   PARM: /scratch/pbarletta/cph_obp/top_files/eol.prmtop                       
| RESTRT: /scratch/pbarletta/cph_obp/run/eol/mhe/e/26eeol.rst7                  
|   REFC: /scratch/pbarletta/cph_obp/run/eol/mhe/e/25eeol.rst7                  
|  MDVEL: mdvel                                                                 
|   MDEN: mden                                                                  
|  MDCRD: /scratch/pbarletta/cph_obp/run/eol/mhe/e/26eeol.nc                    
| MDINFO: mdinfo                                                                
|  MDFRC: mdfrc                                                                 


 Here is the input file:

Equilibration with solute restrictions                                         
&cntrl                                                                         
imin = 0,                           ! No Minimization                          
nmropt = 0,                         ! No NMR restraints read                   
                                                                               
! Nature and format of the input                                               
ntx = 5,                            ! Coordinates but no velocities will be rea
irest = 1,                          ! Do not run a new simulation              
                                                                               
! Nature and format of the output                                              
ntxo = 1,                           ! rstrt file in ASCII format               
ntpr = 500,                         ! inf in output every ntpr steps           
ntwr = 500,                         ! rstrt file every ntwr steps              
ntwx = 500,                         ! mdcrd file every ntwx steps              
ntwv = 0,                           ! mdvel without velocities                 
ntwe = 0,                           ! Energies and temperatures not written in 
idecomp = 0,                        ! No energy decomposition                  
iwrap = 1,                          ! Coordinates of the restart and mdcrd file
                                                                               
! Frozen or restrained atoms                                                   
ibelly = 0,                         ! No frozen atoms                          
ntr=1,                              ! Harmonic potential restraints            
restraint_wt = 0.08,                ! The weight for the positional restraints 
restraintmask = ':1-120@N,CA,C,O',  ! restrained residues                      
                                                                               
! Molecular dynamics                                                           
nstlim = 50000,                     ! Number of MD-steps                       
dt = 0.002,                         ! Time step                                
                                                                               
! Temperature regulation                                                       
ntt = 3,                            ! Langevin thermostat                      
gamma_ln = 5,                       ! Gamma constant for Langevin              
temp0 = 300.0,                      ! Reference T at which the system is to be 
tempi = 300.0,                      ! Initial T                                
ig = -1,                            ! Seed for the RNG                         
                                                                               
! P and V regulation                                                           
ntp = 0,                            ! No pressure control                      
ntb = 1,                            ! Periodic box for constant V              
                                                                               
! SHAKE variables                                                              
ntc = 2,                            ! Bonds involving H are constrained        
ntf = 2,                            ! Bond interaction involving H are ommited.
                                                                               
cut = 10.0,                         ! Nonbonded cutoff                         
                                                                               
/                                                                              
&end                                                                           


Note: ig = -1. Setting random seed to   549206 based on wallclock time in 
      microseconds.
| irandom = 1, using AMBER's internal random number generator (default).
 
|--------------------- INFORMATION ----------------------
| GPU (CUDA) Version of PMEMD in use: NVIDIA GPU IN USE.
|                    Version 16.0.0
| 
|                      02/25/2016
| 
| Implementation by:
|                    Ross C. Walker     (SDSC)
|                    Scott Le Grand     (nVIDIA)
| 
| Precision model in use:
|      [SPFP] - Single Precision Forces, 64-bit Fixed Point
|               Accumulation. (Default)
| 
|--------------------------------------------------------
 
|----------------- CITATION INFORMATION -----------------
|
|    When publishing work that utilized the CUDA version
|    of AMBER, please cite the following in addition to
|    the regular AMBER citations:
|
|  - Romelia Salomon-Ferrer; Andreas W. Goetz; Duncan
|    Poole; Scott Le Grand; Ross C. Walker "Routine
|    microsecond molecular dynamics simulations with
|    AMBER - Part II: Particle Mesh Ewald", J. Chem.
|    Theory Comput., 2013, 9 (9), pp3878-3888,
|    DOI: 10.1021/ct400314y.
|
|  - Andreas W. Goetz; Mark J. Williamson; Dong Xu;
|    Duncan Poole; Scott Le Grand; Ross C. Walker
|    "Routine microsecond molecular dynamics simulations
|    with AMBER - Part I: Generalized Born", J. Chem.
|    Theory Comput., 2012, 8 (5), pp1542-1555.
|
|  - Scott Le Grand; Andreas W. Goetz; Ross C. Walker
|    "SPFP: Speed without compromise - a mixed precision
|    model for GPU accelerated molecular dynamics
|    simulations.", Comp. Phys. Comm., 2013, 184
|    pp374-380, DOI: 10.1016/j.cpc.2012.09.022
|
|--------------------------------------------------------
 
|------------------- GPU DEVICE INFO --------------------
|
|            CUDA_VISIBLE_DEVICES: 3
|   CUDA Capable Devices Detected:      1
|           CUDA Device ID in use:      0
|                CUDA Device Name: GeForce GTX 1080 Ti
|     CUDA Device Global Mem Size:  11172 MB
| CUDA Device Num Multiprocessors:     28
|           CUDA Device Core Freq:   1.58 GHz
|
|--------------------------------------------------------
 
 
| Conditional Compilation Defines Used:
| PUBFFT
| BINTRAJ
| CUDA
| EMIL

| Largest sphere to fit in unit cell has radius =    25.573

| New format PARM file being parsed.
| Version =    1.000 Date = 11/25/17 Time = 12:30:47

| Note: 1-4 EEL scale factors are being read from the topology file.

| Note: 1-4 VDW scale factors are being read from the topology file.
| Duplicated    0 dihedrals

| Duplicated    0 dihedrals

--------------------------------------------------------------------------------
   1.  RESOURCE   USE: 
--------------------------------------------------------------------------------

 getting new box info from bottom of inpcrd
 NATOM  =   16335 NTYPES =      18 NBONH =   15379 MBONA  =     965
 NTHETH =    2359 MTHETA =    1297 NPHIH =    4508 MPHIA  =    3273
 NHPARM =       0 NPARM  =       0 NNB   =   30176 NRES   =    4896
 NBONA  =     965 NTHETA =    1297 NPHIA =    3273 NUMBND =      52
 NUMANG =     106 NPTRA  =      43 NATYP =      35 NPHB   =       1
 IFBOX  =       2 NMXRS  =      24 IFCAP =       0 NEXTRA =       0
 NCOPY  =       0

| Coordinate Index Table dimensions:    10   10   10
| Direct force subcell size =     6.2641    6.2641    6.2641

     BOX TYPE: TRUNCATED OCTAHEDRON

--------------------------------------------------------------------------------
   2.  CONTROL  DATA  FOR  THE  RUN
--------------------------------------------------------------------------------

default_name                                                                    

General flags:
     imin    =       0, nmropt  =       0

Nature and format of input:
     ntx     =       5, irest   =       1, ntrx    =       1

Nature and format of output:
     ntxo    =       1, ntpr    =     500, ntrx    =       1, ntwr    =     500
     iwrap   =       1, ntwx    =     500, ntwv    =       0, ntwe    =       0
     ioutfm  =       1, ntwprt  =       0, idecomp =       0, rbornstat=      0

Potential function:
     ntf     =       2, ntb     =       1, igb     =       0, nsnb    =      25
     ipol    =       0, gbsa    =       0, iesp    =       0
     dielc   =   1.00000, cut     =  10.00000, intdiel =   1.00000

Frozen or restrained atoms:
     ibelly  =       0, ntr     =       1
     restraint_wt =   0.08000

Molecular dynamics:
     nstlim  =     50000, nscm    =         0, nrespa  =         1
     t       =   0.00000, dt      =   0.00200, vlimit  =  -1.00000

Langevin dynamics temperature regulation:
     ig      =  549206
     temp0   = 300.00000, tempi   = 300.00000, gamma_ln=   5.00000

SHAKE:
     ntc     =       2, jfastw  =       0
     tol     =   0.00001

| Intermolecular bonds treatment:
|     no_intermolecular_bonds =       1

| Energy averages sample interval:
|     ene_avg_sampling =     500

Ewald parameters:
     verbose =       0, ew_type =       0, nbflag  =       1, use_pme =       1
     vdwmeth =       1, eedmeth =       1, netfrc  =       1
     Box X =   62.641   Box Y =   62.641   Box Z =   62.641
     Alpha =  109.471   Beta  =  109.471   Gamma =  109.471
     NFFT1 =   64       NFFT2 =   64       NFFT3 =   64
     Cutoff=   10.000   Tol   =0.100E-04
     Ewald Coefficient =  0.27511
     Interpolation order =    4

    LOADING THE CONSTRAINED ATOMS AS GROUPS


   5.  REFERENCE ATOM COORDINATES

  default_name                                                                    
     Mask :1-120@N,CA,C,O; matches   476 atoms

--------------------------------------------------------------------------------
   3.  ATOMIC COORDINATES AND VELOCITIES
--------------------------------------------------------------------------------

default_name                                                                    
 begin time read from input coords =  2640.000 ps

 
 Number of triangulated 3-point waters found:     4775

     Sum of charges from parm topology file =  -0.00000006
     Forcing neutrality...

| Dynamic Memory, Types Used:
| Reals              619328
| Integers           587040

| Nonbonded Pairs Initial Allocation:     4940929

| GPU memory information (estimate):
| KB of GPU memory in use:    123234
| KB of CPU memory in use:     26928

--------------------------------------------------------------------------------
   4.  RESULTS
--------------------------------------------------------------------------------

 ---------------------------------------------------
 APPROXIMATING switch and d/dx switch using CUBIC SPLINE INTERPOLATION
 using   5000.0 points per unit in tabled values
 TESTING RELATIVE ERROR over r ranging from 0.0 to cutoff
| CHECK switch(x): max rel err =   0.2738E-14   at   2.422500
| CHECK d/dx switch(x): max rel err =   0.8314E-11   at   2.736960
 ---------------------------------------------------
|---------------------------------------------------
| APPROXIMATING direct energy using CUBIC SPLINE INTERPOLATION
|  with   50.0 points per unit in tabled values
| Relative Error Limit not exceeded for r .gt.   2.33
| APPROXIMATING direct force using CUBIC SPLINE INTERPOLATION
|  with   50.0 points per unit in tabled values
| Relative Error Limit not exceeded for r .gt.   2.80
|---------------------------------------------------
wrapping first mol.:       20.88048       29.52946       51.14652
wrapping first mol.:       20.88048       29.52946       51.14652

 NSTEP =      500   TIME(PS) =    2641.000  TEMP(K) =   302.35  PRESS =     0.0
 Etot   =    -38032.2409  EKtot   =     10101.7080  EPtot      =    -48133.9490
 BOND   =       379.4284  ANGLE   =      1042.2385  DIHED      =      1353.5184
 1-4 NB =       452.8756  1-4 EEL =      6264.0624  VDWAALS    =      5554.3335
 EELEC  =    -63187.4640  EHBOND  =         0.0000  RESTRAINT  =         7.0582
 EAMBER (non-restraint)  =    -48141.0072
 ------------------------------------------------------------------------------

wrapping first mol.:       20.88048       29.52946       51.14652
wrapping first mol.:       20.88048       29.52946       51.14652

 NSTEP =     1000   TIME(PS) =    2642.000  TEMP(K) =   304.30  PRESS =     0.0
 Etot   =    -37840.5591  EKtot   =     10166.7500  EPtot      =    -48007.3091
 BOND   =       368.5548  ANGLE   =      1076.7822  DIHED      =      1372.7462
 1-4 NB =       442.1656  1-4 EEL =      6328.3723  VDWAALS    =      5426.3968
 EELEC  =    -63031.0988  EHBOND  =         0.0000  RESTRAINT  =         8.7718
 EAMBER (non-restraint)  =    -48016.0810
 ------------------------------------------------------------------------------

wrapping first mol.:       20.88048       29.52946       51.14652
wrapping first mol.:       20.88048       29.52946       51.14652

 NSTEP =     1500   TIME(PS) =    2643.000  TEMP(K) =   299.04  PRESS =     0.0
 Etot   =    -38230.2358  EKtot   =      9991.0537  EPtot      =    -48221.2895
 BOND   =       343.2018  ANGLE   =      1063.6374  DIHED      =      1359.3057
 1-4 NB =       457.3157  1-4 EEL =      6316.6170  VDWAALS    =      5315.9966
 EELEC  =    -63086.0743  EHBOND  =         0.0000  RESTRAINT  =         8.7105
 EAMBER (non-restraint)  =    -48230.0000
 ------------------------------------------------------------------------------

wrapping first mol.:       20.88048       29.52946       51.14652
wrapping first mol.:       20.88048       29.52946       51.14652

 NSTEP =     2000   TIME(PS) =    2644.000  TEMP(K) =   298.18  PRESS =     0.0
 Etot   =    -38259.4061  EKtot   =      9962.3066  EPtot      =    -48221.7127
 BOND   =       367.6105  ANGLE   =      1091.2404  DIHED      =      1358.4127
 1-4 NB =       443.2010  1-4 EEL =      6327.7717  VDWAALS    =      5397.1149
 EELEC  =    -63217.8082  EHBOND  =         0.0000  RESTRAINT  =        10.7443
 EAMBER (non-restraint)  =    -48232.4570
 ------------------------------------------------------------------------------

wrapping first mol.:       20.88048       29.52946       51.14652
wrapping first mol.:       20.88048       29.52946       51.14652

 NSTEP =     2500   TIME(PS) =    2645.000  TEMP(K) =   301.28  PRESS =     0.0
 Etot   =    -38170.3632  EKtot   =     10065.8809  EPtot      =    -48236.2440
 BOND   =       342.8430  ANGLE   =      1045.1164  DIHED      =      1361.6776
 1-4 NB =       455.9422  1-4 EEL =      6321.0321  VDWAALS    =      5341.1204
 EELEC  =    -63116.7850  EHBOND  =         0.0000  RESTRAINT  =        12.8092
 EAMBER (non-restraint)  =    -48249.0533
 ------------------------------------------------------------------------------

wrapping first mol.:       20.88048       29.52946       51.14652
wrapping first mol.:       20.88048       29.52946       51.14652

 NSTEP =     3000   TIME(PS) =    2646.000  TEMP(K) =   299.65  PRESS =     0.0
 Etot   =    -38071.6406  EKtot   =     10011.3779  EPtot      =    -48083.0185
 BOND   =       347.2403  ANGLE   =      1075.7559  DIHED      =      1353.5896
 1-4 NB =       458.4231  1-4 EEL =      6310.8459  VDWAALS    =      5305.9042
 EELEC  =    -62948.2404  EHBOND  =         0.0000  RESTRAINT  =        13.4628
 EAMBER (non-restraint)  =    -48096.4813
 ------------------------------------------------------------------------------

wrapping first mol.:       20.88048       29.52946       51.14652
wrapping first mol.:       20.88048       29.52946       51.14652

 NSTEP =     3500   TIME(PS) =    2647.000  TEMP(K) =   299.87  PRESS =     0.0
 Etot   =    -38430.6773  EKtot   =     10018.9238  EPtot      =    -48449.6012
 BOND   =       350.8608  ANGLE   =      1047.1763  DIHED      =      1351.4254
 1-4 NB =       437.9706  1-4 EEL =      6292.9178  VDWAALS    =      5359.0858
 EELEC  =    -63302.7499  EHBOND  =         0.0000  RESTRAINT  =        13.7120
 EAMBER (non-restraint)  =    -48463.3132
 ------------------------------------------------------------------------------

wrapping first mol.:       20.88048       29.52946       51.14652
wrapping first mol.:       20.88048       29.52946       51.14652

 NSTEP =     4000   TIME(PS) =    2648.000  TEMP(K) =   302.73  PRESS =     0.0
 Etot   =    -38051.9891  EKtot   =     10114.4336  EPtot      =    -48166.4227
 BOND   =       355.8266  ANGLE   =      1062.6113  DIHED      =      1338.3244
 1-4 NB =       426.1022  1-4 EEL =      6323.2426  VDWAALS    =      5468.4550
 EELEC  =    -63151.9027  EHBOND  =         0.0000  RESTRAINT  =        10.9179
 EAMBER (non-restraint)  =    -48177.3406
 ------------------------------------------------------------------------------

wrapping first mol.:       20.88048       29.52946       51.14652
wrapping first mol.:       20.88048       29.52946       51.14652

 NSTEP =     4500   TIME(PS) =    2649.000  TEMP(K) =   303.17  PRESS =     0.0
 Etot   =    -38013.7061  EKtot   =     10129.1680  EPtot      =    -48142.8741
 BOND   =       381.3912  ANGLE   =      1040.2302  DIHED      =      1337.4992
 1-4 NB =       441.4566  1-4 EEL =      6281.3811  VDWAALS    =      5509.0283
 EELEC  =    -63146.9328  EHBOND  =         0.0000  RESTRAINT  =        13.0721
 EAMBER (non-restraint)  =    -48155.9462
 ------------------------------------------------------------------------------

wrapping first mol.:       20.88048       29.52946       51.14652
wrapping first mol.:       20.88048       29.52946       51.14652

 NSTEP =     5000   TIME(PS) =    2650.000  TEMP(K) =   299.12  PRESS =     0.0
 Etot   =    -38210.3240  EKtot   =      9993.6836  EPtot      =    -48204.0076
 BOND   =       361.8462  ANGLE   =      1063.8916  DIHED      =      1338.0012
 1-4 NB =       433.4179  1-4 EEL =      6320.3006  VDWAALS    =      5292.4678
 EELEC  =    -63027.0471  EHBOND  =         0.0000  RESTRAINT  =        13.1143
 EAMBER (non-restraint)  =    -48217.1219
 ------------------------------------------------------------------------------

wrapping first mol.:       20.88048       29.52946       51.14652
wrapping first mol.:       20.88048       29.52946       51.14652

 NSTEP =     5500   TIME(PS) =    2651.000  TEMP(K) =   300.65  PRESS =     0.0
 Etot   =    -38035.9484  EKtot   =     10044.8125  EPtot      =    -48080.7609
 BOND   =       366.8154  ANGLE   =      1105.6892  DIHED      =      1340.1702
 1-4 NB =       456.1119  1-4 EEL =      6296.5938  VDWAALS    =      5273.0508
 EELEC  =    -62934.3959  EHBOND  =         0.0000  RESTRAINT  =        15.2037
 EAMBER (non-restraint)  =    -48095.9646
 ------------------------------------------------------------------------------

wrapping first mol.:       20.88048       29.52946       51.14652
wrapping first mol.:       20.88048       29.52946       51.14652

 NSTEP =     6000   TIME(PS) =    2652.000  TEMP(K) =   302.41  PRESS =     0.0
 Etot   =    -37909.8651  EKtot   =     10103.7754  EPtot      =    -48013.6405
 BOND   =       358.1182  ANGLE   =      1076.5203  DIHED      =      1348.6683
 1-4 NB =       458.9039  1-4 EEL =      6292.4804  VDWAALS    =      5313.4438
 EELEC  =    -62875.5606  EHBOND  =         0.0000  RESTRAINT  =        13.7852
 EAMBER (non-restraint)  =    -48027.4257
 ------------------------------------------------------------------------------

wrapping first mol.:       20.88048       29.52946       51.14652
wrapping first mol.:       20.88048       29.52946       51.14652

 NSTEP =     6500   TIME(PS) =    2653.000  TEMP(K) =   299.17  PRESS =     0.0
 Etot   =    -38267.9740  EKtot   =      9995.5273  EPtot      =    -48263.5014
 BOND   =       354.5958  ANGLE   =      1089.0255  DIHED      =      1344.0184
 1-4 NB =       442.4956  1-4 EEL =      6290.2982  VDWAALS    =      5313.2209
 EELEC  =    -63110.9556  EHBOND  =         0.0000  RESTRAINT  =        13.7998
 EAMBER (non-restraint)  =    -48277.3012
 ------------------------------------------------------------------------------

wrapping first mol.:       20.88048       29.52946       51.14652
wrapping first mol.:       20.88048       29.52946       51.14652

 NSTEP =     7000   TIME(PS) =    2654.000  TEMP(K) =   301.12  PRESS =     0.0
 Etot   =    -38202.7054  EKtot   =     10060.7598  EPtot      =    -48263.4652
 BOND   =       350.2394  ANGLE   =      1040.8390  DIHED      =      1346.1838
 1-4 NB =       457.0735  1-4 EEL =      6349.5058  VDWAALS    =      5473.6805
 EELEC  =    -63293.0158  EHBOND  =         0.0000  RESTRAINT  =        12.0285
 EAMBER (non-restraint)  =    -48275.4937
 ------------------------------------------------------------------------------

wrapping first mol.:       20.88048       29.52946       51.14652
wrapping first mol.:       20.88048       29.52946       51.14652

 NSTEP =     7500   TIME(PS) =    2655.000  TEMP(K) =   301.59  PRESS =     0.0
 Etot   =    -38025.9723  EKtot   =     10076.3389  EPtot      =    -48102.3112
 BOND   =       363.3803  ANGLE   =      1044.5018  DIHED      =      1349.7775
 1-4 NB =       433.5199  1-4 EEL =      6308.7163  VDWAALS    =      5460.2133
 EELEC  =    -63076.2054  EHBOND  =         0.0000  RESTRAINT  =        13.7852
 EAMBER (non-restraint)  =    -48116.0963
 ------------------------------------------------------------------------------

wrapping first mol.:       20.88048       29.52946       51.14652
wrapping first mol.:       20.88048       29.52946       51.14652

 NSTEP =     8000   TIME(PS) =    2656.000  TEMP(K) =   299.93  PRESS =     0.0
 Etot   =    -38046.1285  EKtot   =     10020.8701  EPtot      =    -48066.9987
 BOND   =       374.0642  ANGLE   =      1051.7269  DIHED      =      1354.2652
 1-4 NB =       445.9753  1-4 EEL =      6282.6413  VDWAALS    =      5512.5627
 EELEC  =    -63101.3553  EHBOND  =         0.0000  RESTRAINT  =        13.1211
 EAMBER (non-restraint)  =    -48080.1197
 ------------------------------------------------------------------------------

wrapping first mol.:       20.88048       29.52946       51.14652
wrapping first mol.:       20.88048       29.52946       51.14652

 NSTEP =     8500   TIME(PS) =    2657.000  TEMP(K) =   299.86  PRESS =     0.0
 Etot   =    -38158.0153  EKtot   =     10018.5859  EPtot      =    -48176.6013
 BOND   =       372.5462  ANGLE   =      1081.6650  DIHED      =      1344.7111
 1-4 NB =       457.9633  1-4 EEL =      6307.2468  VDWAALS    =      5339.9263
 EELEC  =    -63096.1571  EHBOND  =         0.0000  RESTRAINT  =        15.4971
 EAMBER (non-restraint)  =    -48192.0984
 ------------------------------------------------------------------------------

wrapping first mol.:       20.88048       29.52946       51.14652
wrapping first mol.:       20.88048       29.52946       51.14652

 NSTEP =     9000   TIME(PS) =    2658.000  TEMP(K) =   295.68  PRESS =     0.0
 Etot   =    -38385.1814  EKtot   =      9878.9951  EPtot      =    -48264.1765
 BOND   =       353.8328  ANGLE   =      1034.7659  DIHED      =      1354.8176
 1-4 NB =       439.7952  1-4 EEL =      6311.5706  VDWAALS    =      5552.9717
 EELEC  =    -63325.5318  EHBOND  =         0.0000  RESTRAINT  =        13.6016
 EAMBER (non-restraint)  =    -48277.7780
 ------------------------------------------------------------------------------

wrapping first mol.:       20.88048       29.52946       51.14652
wrapping first mol.:       20.88048       29.52946       51.14652

 NSTEP =     9500   TIME(PS) =    2659.000  TEMP(K) =   303.61  PRESS =     0.0
 Etot   =    -37957.0908  EKtot   =     10143.7471  EPtot      =    -48100.8379
 BOND   =       344.2224  ANGLE   =      1074.6424  DIHED      =      1366.3191
 1-4 NB =       470.9788  1-4 EEL =      6315.0776  VDWAALS    =      5164.9377
 EELEC  =    -62850.9976  EHBOND  =         0.0000  RESTRAINT  =        13.9816
 EAMBER (non-restraint)  =    -48114.8195
 ------------------------------------------------------------------------------

wrapping first mol.:       20.88048       29.52946       51.14652
wrapping first mol.:       20.88048       29.52946       51.14652

 NSTEP =    10000   TIME(PS) =    2660.000  TEMP(K) =   299.69  PRESS =     0.0
 Etot   =    -38249.5199  EKtot   =     10012.8877  EPtot      =    -48262.4076
 BOND   =       355.8449  ANGLE   =      1030.3551  DIHED      =      1351.9539
 1-4 NB =       465.0003  1-4 EEL =      6319.4837  VDWAALS    =      5403.5362
 EELEC  =    -63200.8401  EHBOND  =         0.0000  RESTRAINT  =        12.2583
 EAMBER (non-restraint)  =    -48274.6658
 ------------------------------------------------------------------------------

wrapping first mol.:       20.88048       29.52946       51.14652
wrapping first mol.:       20.88048       29.52946       51.14652

 NSTEP =    10500   TIME(PS) =    2661.000  TEMP(K) =   299.02  PRESS =     0.0
 Etot   =    -38181.3784  EKtot   =      9990.3633  EPtot      =    -48171.7417
 BOND   =       375.2074  ANGLE   =      1013.8575  DIHED      =      1348.5539
 1-4 NB =       453.9770  1-4 EEL =      6301.3025  VDWAALS    =      5422.2054
 EELEC  =    -63099.0312  EHBOND  =         0.0000  RESTRAINT  =        12.1857
 EAMBER (non-restraint)  =    -48183.9274
 ------------------------------------------------------------------------------

wrapping first mol.:       20.88048       29.52946       51.14652
wrapping first mol.:       20.88048       29.52946       51.14652

 NSTEP =    11000   TIME(PS) =    2662.000  TEMP(K) =   300.24  PRESS =     0.0
 Etot   =    -38258.4431  EKtot   =     10031.2021  EPtot      =    -48289.6453
 BOND   =       349.3423  ANGLE   =      1083.6678  DIHED      =      1364.6571
 1-4 NB =       449.1671  1-4 EEL =      6297.6320  VDWAALS    =      5466.8674
 EELEC  =    -63314.3264  EHBOND  =         0.0000  RESTRAINT  =        13.3473
 EAMBER (non-restraint)  =    -48302.9926
 ------------------------------------------------------------------------------

wrapping first mol.:       20.88048       29.52946       51.14652
wrapping first mol.:       20.88048       29.52946       51.14652

 NSTEP =    11500   TIME(PS) =    2663.000  TEMP(K) =   302.37  PRESS =     0.0
 Etot   =    -38030.7576  EKtot   =     10102.5381  EPtot      =    -48133.2957
 BOND   =       350.8418  ANGLE   =      1054.2148  DIHED      =      1361.2597
 1-4 NB =       442.9552  1-4 EEL =      6339.2548  VDWAALS    =      5262.5883
 EELEC  =    -62955.6049  EHBOND  =         0.0000  RESTRAINT  =        11.1946
 EAMBER (non-restraint)  =    -48144.4903
 ------------------------------------------------------------------------------

wrapping first mol.:       20.88048       29.52946       51.14652
wrapping first mol.:       20.88048       29.52946       51.14652

 NSTEP =    12000   TIME(PS) =    2664.000  TEMP(K) =   300.39  PRESS =     0.0
 Etot   =    -38133.8961  EKtot   =     10036.1719  EPtot      =    -48170.0680
 BOND   =       331.0426  ANGLE   =      1076.2124  DIHED      =      1352.3318
 1-4 NB =       457.4671  1-4 EEL =      6312.6808  VDWAALS    =      5623.2664
 EELEC  =    -63336.9049  EHBOND  =         0.0000  RESTRAINT  =        13.8358
 EAMBER (non-restraint)  =    -48183.9038
 ------------------------------------------------------------------------------

wrapping first mol.:       20.88048       29.52946       51.14652
wrapping first mol.:       20.88048       29.52946       51.14652

 NSTEP =    12500   TIME(PS) =    2665.000  TEMP(K) =   296.88  PRESS =     0.0
 Etot   =    -38126.1355  EKtot   =      9918.8584  EPtot      =    -48044.9939
 BOND   =       370.7338  ANGLE   =      1047.8635  DIHED      =      1360.7551
 1-4 NB =       444.0863  1-4 EEL =      6317.6279  VDWAALS    =      5475.1650
 EELEC  =    -63075.9742  EHBOND  =         0.0000  RESTRAINT  =        14.7486
 EAMBER (non-restraint)  =    -48059.7424
 ------------------------------------------------------------------------------

wrapping first mol.:       20.88048       29.52946       51.14652
wrapping first mol.:       20.88048       29.52946       51.14652

 NSTEP =    13000   TIME(PS) =    2666.000  TEMP(K) =   300.77  PRESS =     0.0
 Etot   =    -37937.9374  EKtot   =     10048.9990  EPtot      =    -47986.9364
 BOND   =       359.4550  ANGLE   =      1079.4680  DIHED      =      1366.1055
 1-4 NB =       450.1034  1-4 EEL =      6303.4518  VDWAALS    =      5396.7123
 EELEC  =    -62957.4846  EHBOND  =         0.0000  RESTRAINT  =        15.2522
 EAMBER (non-restraint)  =    -48002.1886
 ------------------------------------------------------------------------------

wrapping first mol.:       20.88048       29.52946       51.14652
wrapping first mol.:       20.88048       29.52946       51.14652

 NSTEP =    13500   TIME(PS) =    2667.000  TEMP(K) =   297.72  PRESS =     0.0
 Etot   =    -38209.9144  EKtot   =      9947.0117  EPtot      =    -48156.9261
 BOND   =       336.5198  ANGLE   =      1110.5242  DIHED      =      1339.1332
 1-4 NB =       446.5033  1-4 EEL =      6311.7025  VDWAALS    =      5478.7491
 EELEC  =    -63190.6783  EHBOND  =         0.0000  RESTRAINT  =        10.6201
 EAMBER (non-restraint)  =    -48167.5463
 ------------------------------------------------------------------------------

wrapping first mol.:       20.88048       29.52946       51.14652
wrapping first mol.:       20.88048       29.52946       51.14652

 NSTEP =    14000   TIME(PS) =    2668.000  TEMP(K) =   298.36  PRESS =     0.0
 Etot   =    -38147.9287  EKtot   =      9968.3848  EPtot      =    -48116.3134
 BOND   =       343.6556  ANGLE   =      1074.1607  DIHED      =      1375.6393
 1-4 NB =       447.2979  1-4 EEL =      6309.1823  VDWAALS    =      5314.2044
 EELEC  =    -62991.4483  EHBOND  =         0.0000  RESTRAINT  =        10.9948
 EAMBER (non-restraint)  =    -48127.3082
 ------------------------------------------------------------------------------

wrapping first mol.:       20.88048       29.52946       51.14652
wrapping first mol.:       20.88048       29.52946       51.14652

 NSTEP =    14500   TIME(PS) =    2669.000  TEMP(K) =   298.30  PRESS =     0.0
 Etot   =    -37968.6115  EKtot   =      9966.5068  EPtot      =    -47935.1183
 BOND   =       373.7032  ANGLE   =      1070.8586  DIHED      =      1357.6252
 1-4 NB =       453.5211  1-4 EEL =      6328.1654  VDWAALS    =      5409.7109
 EELEC  =    -62939.2429  EHBOND  =         0.0000  RESTRAINT  =        10.5403
 EAMBER (non-restraint)  =    -47945.6586
 ------------------------------------------------------------------------------

wrapping first mol.:       20.88048       29.52946       51.14652
wrapping first mol.:       20.88048       29.52946       51.14652

 NSTEP =    15000   TIME(PS) =    2670.000  TEMP(K) =   300.28  PRESS =     0.0
 Etot   =    -38046.5811  EKtot   =     10032.5879  EPtot      =    -48079.1690
 BOND   =       348.1123  ANGLE   =      1055.7067  DIHED      =      1364.7438
 1-4 NB =       443.4668  1-4 EEL =      6345.7839  VDWAALS    =      5421.7497
 EELEC  =    -63069.9938  EHBOND  =         0.0000  RESTRAINT  =        11.2615
 EAMBER (non-restraint)  =    -48090.4305
 ------------------------------------------------------------------------------

wrapping first mol.:       20.88048       29.52946       51.14652
wrapping first mol.:       20.88048       29.52946       51.14652

 NSTEP =    15500   TIME(PS) =    2671.000  TEMP(K) =   297.49  PRESS =     0.0
 Etot   =    -38222.3607  EKtot   =      9939.4434  EPtot      =    -48161.8040
 BOND   =       366.6946  ANGLE   =      1111.1561  DIHED      =      1353.4561
 1-4 NB =       441.6027  1-4 EEL =      6299.9279  VDWAALS    =      5380.5267
 EELEC  =    -63126.2465  EHBOND  =         0.0000  RESTRAINT  =        11.0782
 EAMBER (non-restraint)  =    -48172.8823
 ------------------------------------------------------------------------------

wrapping first mol.:       20.88048       29.52946       51.14652
wrapping first mol.:       20.88048       29.52946       51.14652

 NSTEP =    16000   TIME(PS) =    2672.000  TEMP(K) =   299.32  PRESS =     0.0
 Etot   =    -38300.1207  EKtot   =     10000.4600  EPtot      =    -48300.5807
 BOND   =       348.2318  ANGLE   =      1085.5176  DIHED      =      1361.7694
 1-4 NB =       449.5063  1-4 EEL =      6315.6087  VDWAALS    =      5418.7083
 EELEC  =    -63292.0901  EHBOND  =         0.0000  RESTRAINT  =        12.1672
 EAMBER (non-restraint)  =    -48312.7479
 ------------------------------------------------------------------------------

wrapping first mol.:       20.88048       29.52946       51.14652
wrapping first mol.:       20.88048       29.52946       51.14652

 NSTEP =    16500   TIME(PS) =    2673.000  TEMP(K) =   299.46  PRESS =     0.0
 Etot   =    -38218.4486  EKtot   =     10005.0557  EPtot      =    -48223.5042
 BOND   =       349.3658  ANGLE   =      1049.1967  DIHED      =      1342.0926
 1-4 NB =       447.5970  1-4 EEL =      6292.2620  VDWAALS    =      5551.4120
 EELEC  =    -63268.2981  EHBOND  =         0.0000  RESTRAINT  =        12.8677
 EAMBER (non-restraint)  =    -48236.3719
 ------------------------------------------------------------------------------

wrapping first mol.:       20.88048       29.52946       51.14652
wrapping first mol.:       20.88048       29.52946       51.14652

 NSTEP =    17000   TIME(PS) =    2674.000  TEMP(K) =   301.70  PRESS =     0.0
 Etot   =    -37984.6906  EKtot   =     10079.9561  EPtot      =    -48064.6466
 BOND   =       350.9069  ANGLE   =      1099.1572  DIHED      =      1343.5989
 1-4 NB =       442.0459  1-4 EEL =      6312.8100  VDWAALS    =      5540.8493
 EELEC  =    -63164.8459  EHBOND  =         0.0000  RESTRAINT  =        10.8311
 EAMBER (non-restraint)  =    -48075.4777
 ------------------------------------------------------------------------------

wrapping first mol.:       20.88048       29.52946       51.14652
wrapping first mol.:       20.88048       29.52946       51.14652

 NSTEP =    17500   TIME(PS) =    2675.000  TEMP(K) =   299.33  PRESS =     0.0
 Etot   =    -38249.4070  EKtot   =     10000.7061  EPtot      =    -48250.1131
 BOND   =       372.1637  ANGLE   =      1010.6254  DIHED      =      1359.3630
 1-4 NB =       474.1172  1-4 EEL =      6367.2104  VDWAALS    =      5410.5267
 EELEC  =    -63256.9844  EHBOND  =         0.0000  RESTRAINT  =        12.8650
 EAMBER (non-restraint)  =    -48262.9781
 ------------------------------------------------------------------------------

wrapping first mol.:       20.88048       29.52946       51.14652
wrapping first mol.:       20.88048       29.52946       51.14652

 NSTEP =    18000   TIME(PS) =    2676.000  TEMP(K) =   297.04  PRESS =     0.0
 Etot   =    -38000.5488  EKtot   =      9924.3398  EPtot      =    -47924.8886
 BOND   =       364.3215  ANGLE   =      1062.2159  DIHED      =      1354.5092
 1-4 NB =       448.8523  1-4 EEL =      6307.5662  VDWAALS    =      5577.4419
 EELEC  =    -63052.4639  EHBOND  =         0.0000  RESTRAINT  =        12.6684
 EAMBER (non-restraint)  =    -47937.5570
 ------------------------------------------------------------------------------

wrapping first mol.:       20.88048       29.52946       51.14652
wrapping first mol.:       20.88048       29.52946       51.14652

 NSTEP =    18500   TIME(PS) =    2677.000  TEMP(K) =   304.61  PRESS =     0.0
 Etot   =    -37985.3990  EKtot   =     10177.1016  EPtot      =    -48162.5006
 BOND   =       337.7976  ANGLE   =      1052.4976  DIHED      =      1353.1634
 1-4 NB =       469.5997  1-4 EEL =      6369.4206  VDWAALS    =      5349.5267
 EELEC  =    -63107.4528  EHBOND  =         0.0000  RESTRAINT  =        12.9466
 EAMBER (non-restraint)  =    -48175.4472
 ------------------------------------------------------------------------------

wrapping first mol.:       20.88048       29.52946       51.14652
wrapping first mol.:       20.88048       29.52946       51.14652

 NSTEP =    19000   TIME(PS) =    2678.000  TEMP(K) =   300.49  PRESS =     0.0
 Etot   =    -38127.5544  EKtot   =     10039.7012  EPtot      =    -48167.2555
 BOND   =       356.2145  ANGLE   =      1043.5259  DIHED      =      1351.0178
 1-4 NB =       457.1109  1-4 EEL =      6329.1913  VDWAALS    =      5448.9928
 EELEC  =    -63166.4104  EHBOND  =         0.0000  RESTRAINT  =        13.1017
 EAMBER (non-restraint)  =    -48180.3572
 ------------------------------------------------------------------------------

wrapping first mol.:       20.88048       29.52946       51.14652
wrapping first mol.:       20.88048       29.52946       51.14652

 NSTEP =    19500   TIME(PS) =    2679.000  TEMP(K) =   301.69  PRESS =     0.0
 Etot   =    -37968.4545  EKtot   =     10079.6455  EPtot      =    -48048.1000
 BOND   =       377.1022  ANGLE   =      1117.1958  DIHED      =      1363.8563
 1-4 NB =       454.5319  1-4 EEL =      6360.3065  VDWAALS    =      5460.7632
 EELEC  =    -63193.8674  EHBOND  =         0.0000  RESTRAINT  =        12.0115
 EAMBER (non-restraint)  =    -48060.1115
 ------------------------------------------------------------------------------

wrapping first mol.:       20.88048       29.52946       51.14652
wrapping first mol.:       20.88048       29.52946       51.14652

 NSTEP =    20000   TIME(PS) =    2680.000  TEMP(K) =   298.64  PRESS =     0.0
 Etot   =    -38354.4005  EKtot   =      9977.7891  EPtot      =    -48332.1896
 BOND   =       345.2102  ANGLE   =      1039.0012  DIHED      =      1367.6168
 1-4 NB =       456.6939  1-4 EEL =      6329.1752  VDWAALS    =      5520.2406
 EELEC  =    -63401.3656  EHBOND  =         0.0000  RESTRAINT  =        11.2381
 EAMBER (non-restraint)  =    -48343.4277
 ------------------------------------------------------------------------------

wrapping first mol.:       20.88048       29.52946       51.14652
wrapping first mol.:       20.88048       29.52946       51.14652

 NSTEP =    20500   TIME(PS) =    2681.000  TEMP(K) =   299.04  PRESS =     0.0
 Etot   =    -38109.3949  EKtot   =      9991.0752  EPtot      =    -48100.4701
 BOND   =       371.9664  ANGLE   =      1053.1959  DIHED      =      1338.3447
 1-4 NB =       462.3483  1-4 EEL =      6319.7556  VDWAALS    =      5333.3881
 EELEC  =    -62993.1516  EHBOND  =         0.0000  RESTRAINT  =        13.6825
 EAMBER (non-restraint)  =    -48114.1525
 ------------------------------------------------------------------------------

wrapping first mol.:       20.88048       29.52946       51.14652
wrapping first mol.:       20.88048       29.52946       51.14652

 NSTEP =    21000   TIME(PS) =    2682.000  TEMP(K) =   301.61  PRESS =     0.0
 Etot   =    -38206.8987  EKtot   =     10077.1416  EPtot      =    -48284.0403
 BOND   =       317.4723  ANGLE   =      1021.6775  DIHED      =      1336.4285
 1-4 NB =       463.0642  1-4 EEL =      6338.0035  VDWAALS    =      5332.5452
 EELEC  =    -63106.0789  EHBOND  =         0.0000  RESTRAINT  =        12.8474
 EAMBER (non-restraint)  =    -48296.8877
 ------------------------------------------------------------------------------

wrapping first mol.:       20.88048       29.52946       51.14652
wrapping first mol.:       20.88048       29.52946       51.14652

 NSTEP =    21500   TIME(PS) =    2683.000  TEMP(K) =   300.63  PRESS =     0.0
 Etot   =    -38221.1707  EKtot   =     10044.3223  EPtot      =    -48265.4930
 BOND   =       365.5358  ANGLE   =      1030.5224  DIHED      =      1359.2879
 1-4 NB =       447.5932  1-4 EEL =      6330.5036  VDWAALS    =      5429.0855
 EELEC  =    -63240.7050  EHBOND  =         0.0000  RESTRAINT  =        12.6838
 EAMBER (non-restraint)  =    -48278.1767
 ------------------------------------------------------------------------------

wrapping first mol.:       20.88048       29.52946       51.14652
wrapping first mol.:       20.88048       29.52946       51.14652

 NSTEP =    22000   TIME(PS) =    2684.000  TEMP(K) =   300.56  PRESS =     0.0
 Etot   =    -38275.2947  EKtot   =     10041.8877  EPtot      =    -48317.1824
 BOND   =       358.9393  ANGLE   =      1094.7743  DIHED      =      1360.1910
 1-4 NB =       452.8092  1-4 EEL =      6307.1301  VDWAALS    =      5564.3194
 EELEC  =    -63467.6580  EHBOND  =         0.0000  RESTRAINT  =        12.3123
 EAMBER (non-restraint)  =    -48329.4947
 ------------------------------------------------------------------------------

wrapping first mol.:       20.88048       29.52946       51.14652
wrapping first mol.:       20.88048       29.52946       51.14652

 NSTEP =    22500   TIME(PS) =    2685.000  TEMP(K) =   298.23  PRESS =     0.0
 Etot   =    -38327.0149  EKtot   =      9963.9492  EPtot      =    -48290.9641
 BOND   =       358.1284  ANGLE   =      1060.0348  DIHED      =      1349.3433
 1-4 NB =       454.1998  1-4 EEL =      6311.7848  VDWAALS    =      5457.1315
 EELEC  =    -63293.0017  EHBOND  =         0.0000  RESTRAINT  =        11.4151
 EAMBER (non-restraint)  =    -48302.3791
 ------------------------------------------------------------------------------

wrapping first mol.:       20.88048       29.52946       51.14652
wrapping first mol.:       20.88048       29.52946       51.14652

 NSTEP =    23000   TIME(PS) =    2686.000  TEMP(K) =   301.81  PRESS =     0.0
 Etot   =    -38119.4311  EKtot   =     10083.6113  EPtot      =    -48203.0424
 BOND   =       399.1187  ANGLE   =      1042.5374  DIHED      =      1356.1912
 1-4 NB =       442.4270  1-4 EEL =      6329.6879  VDWAALS    =      5420.3983
 EELEC  =    -63205.8717  EHBOND  =         0.0000  RESTRAINT  =        12.4688
 EAMBER (non-restraint)  =    -48215.5113
 ------------------------------------------------------------------------------

wrapping first mol.:       20.88048       29.52946       51.14652
wrapping first mol.:       20.88048       29.52946       51.14652

 NSTEP =    23500   TIME(PS) =    2687.000  TEMP(K) =   300.13  PRESS =     0.0
 Etot   =    -38128.0373  EKtot   =     10027.4951  EPtot      =    -48155.5324
 BOND   =       343.1113  ANGLE   =      1098.9095  DIHED      =      1359.4233
 1-4 NB =       425.8310  1-4 EEL =      6301.2688  VDWAALS    =      5639.2656
 EELEC  =    -63336.8698  EHBOND  =         0.0000  RESTRAINT  =        13.5278
 EAMBER (non-restraint)  =    -48169.0602
 ------------------------------------------------------------------------------

wrapping first mol.:       20.88048       29.52946       51.14652
wrapping first mol.:       20.88048       29.52946       51.14652

 NSTEP =    24000   TIME(PS) =    2688.000  TEMP(K) =   300.98  PRESS =     0.0
 Etot   =    -38116.7180  EKtot   =     10056.0449  EPtot      =    -48172.7629
 BOND   =       348.5319  ANGLE   =      1069.3403  DIHED      =      1349.6797
 1-4 NB =       447.3182  1-4 EEL =      6286.1974  VDWAALS    =      5281.7093
 EELEC  =    -62968.1216  EHBOND  =         0.0000  RESTRAINT  =        12.5818
 EAMBER (non-restraint)  =    -48185.3447
 ------------------------------------------------------------------------------

wrapping first mol.:       20.88048       29.52946       51.14652
wrapping first mol.:       20.88048       29.52946       51.14652

 NSTEP =    24500   TIME(PS) =    2689.000  TEMP(K) =   300.99  PRESS =     0.0
 Etot   =    -38089.6338  EKtot   =     10056.2012  EPtot      =    -48145.8350
 BOND   =       355.9829  ANGLE   =      1106.5312  DIHED      =      1379.1331
 1-4 NB =       460.0877  1-4 EEL =      6307.0714  VDWAALS    =      5561.2602
 EELEC  =    -63328.4094  EHBOND  =         0.0000  RESTRAINT  =        12.5080
 EAMBER (non-restraint)  =    -48158.3429
 ------------------------------------------------------------------------------

wrapping first mol.:       20.88048       29.52946       51.14652
wrapping first mol.:       20.88048       29.52946       51.14652

 NSTEP =    25000   TIME(PS) =    2690.000  TEMP(K) =   302.85  PRESS =     0.0
 Etot   =    -38103.9509  EKtot   =     10118.3330  EPtot      =    -48222.2839
 BOND   =       341.0301  ANGLE   =      1038.1465  DIHED      =      1347.3126
 1-4 NB =       438.9426  1-4 EEL =      6354.1863  VDWAALS    =      5594.5314
 EELEC  =    -63349.3905  EHBOND  =         0.0000  RESTRAINT  =        12.9571
 EAMBER (non-restraint)  =    -48235.2411
 ------------------------------------------------------------------------------

wrapping first mol.:       20.88048       29.52946       51.14652
wrapping first mol.:       20.88048       29.52946       51.14652

 NSTEP =    25500   TIME(PS) =    2691.000  TEMP(K) =   301.13  PRESS =     0.0
 Etot   =    -37970.8365  EKtot   =     10060.9385  EPtot      =    -48031.7750
 BOND   =       340.1180  ANGLE   =      1095.1596  DIHED      =      1351.5894
 1-4 NB =       439.2641  1-4 EEL =      6315.9937  VDWAALS    =      5447.9791
 EELEC  =    -63034.9357  EHBOND  =         0.0000  RESTRAINT  =        13.0567
 EAMBER (non-restraint)  =    -48044.8317
 ------------------------------------------------------------------------------

wrapping first mol.:       20.88048       29.52946       51.14652
wrapping first mol.:       20.88048       29.52946       51.14652

 NSTEP =    26000   TIME(PS) =    2692.000  TEMP(K) =   299.85  PRESS =     0.0
 Etot   =    -38266.5594  EKtot   =     10018.0195  EPtot      =    -48284.5790
 BOND   =       335.0622  ANGLE   =      1046.5539  DIHED      =      1386.0169
 1-4 NB =       454.5238  1-4 EEL =      6345.5450  VDWAALS    =      5434.7308
 EELEC  =    -63298.2249  EHBOND  =         0.0000  RESTRAINT  =        11.2134
 EAMBER (non-restraint)  =    -48295.7924
 ------------------------------------------------------------------------------

wrapping first mol.:       20.88048       29.52946       51.14652
wrapping first mol.:       20.88048       29.52946       51.14652

 NSTEP =    26500   TIME(PS) =    2693.000  TEMP(K) =   301.35  PRESS =     0.0
 Etot   =    -38235.6386  EKtot   =     10068.2002  EPtot      =    -48303.8388
 BOND   =       350.4449  ANGLE   =      1044.4459  DIHED      =      1349.0337
 1-4 NB =       431.7373  1-4 EEL =      6323.9688  VDWAALS    =      5493.6971
 EELEC  =    -63309.5891  EHBOND  =         0.0000  RESTRAINT  =        12.4226
 EAMBER (non-restraint)  =    -48316.2614
 ------------------------------------------------------------------------------

wrapping first mol.:       20.88048       29.52946       51.14652
wrapping first mol.:       20.88048       29.52946       51.14652

 NSTEP =    27000   TIME(PS) =    2694.000  TEMP(K) =   302.24  PRESS =     0.0
 Etot   =    -38015.7790  EKtot   =     10098.1963  EPtot      =    -48113.9753
 BOND   =       345.7510  ANGLE   =      1068.4156  DIHED      =      1387.4393
 1-4 NB =       465.5720  1-4 EEL =      6337.4170  VDWAALS    =      5411.9810
 EELEC  =    -63142.6451  EHBOND  =         0.0000  RESTRAINT  =        12.0940
 EAMBER (non-restraint)  =    -48126.0693
 ------------------------------------------------------------------------------

wrapping first mol.:       20.88048       29.52946       51.14652
wrapping first mol.:       20.88048       29.52946       51.14652

 NSTEP =    27500   TIME(PS) =    2695.000  TEMP(K) =   295.00  PRESS =     0.0
 Etot   =    -38206.7618  EKtot   =      9856.0381  EPtot      =    -48062.7999
 BOND   =       355.7488  ANGLE   =      1064.5979  DIHED      =      1367.0936
 1-4 NB =       457.8268  1-4 EEL =      6307.5264  VDWAALS    =      5444.5681
 EELEC  =    -63072.8195  EHBOND  =         0.0000  RESTRAINT  =        12.6580
 EAMBER (non-restraint)  =    -48075.4579
 ------------------------------------------------------------------------------

wrapping first mol.:       20.88048       29.52946       51.14652
wrapping first mol.:       20.88048       29.52946       51.14652

 NSTEP =    28000   TIME(PS) =    2696.000  TEMP(K) =   301.16  PRESS =     0.0
 Etot   =    -38181.2798  EKtot   =     10061.9482  EPtot      =    -48243.2280
 BOND   =       365.8177  ANGLE   =      1093.6056  DIHED      =      1348.0010
 1-4 NB =       460.2142  1-4 EEL =      6309.0399  VDWAALS    =      5393.4731
 EELEC  =    -63224.5720  EHBOND  =         0.0000  RESTRAINT  =        11.1925
 EAMBER (non-restraint)  =    -48254.4205
 ------------------------------------------------------------------------------

wrapping first mol.:       20.88048       29.52946       51.14652
wrapping first mol.:       20.88048       29.52946       51.14652

 NSTEP =    28500   TIME(PS) =    2697.000  TEMP(K) =   296.23  PRESS =     0.0
 Etot   =    -38189.9160  EKtot   =      9897.1846  EPtot      =    -48087.1006
 BOND   =       359.8653  ANGLE   =      1092.6567  DIHED      =      1357.9866
 1-4 NB =       440.4817  1-4 EEL =      6339.8427  VDWAALS    =      5419.3847
 EELEC  =    -63109.9100  EHBOND  =         0.0000  RESTRAINT  =        12.5917
 EAMBER (non-restraint)  =    -48099.6923
 ------------------------------------------------------------------------------

wrapping first mol.:       20.88048       29.52946       51.14652
wrapping first mol.:       20.88048       29.52946       51.14652

 NSTEP =    29000   TIME(PS) =    2698.000  TEMP(K) =   300.07  PRESS =     0.0
 Etot   =    -38114.0016  EKtot   =     10025.5664  EPtot      =    -48139.5680
 BOND   =       358.1697  ANGLE   =      1083.8220  DIHED      =      1348.3709
 1-4 NB =       429.2795  1-4 EEL =      6308.6722  VDWAALS    =      5146.5811
 EELEC  =    -62826.1717  EHBOND  =         0.0000  RESTRAINT  =        11.7083
 EAMBER (non-restraint)  =    -48151.2763
 ------------------------------------------------------------------------------

wrapping first mol.:       20.88048       29.52946       51.14652
wrapping first mol.:       20.88048       29.52946       51.14652

 NSTEP =    29500   TIME(PS) =    2699.000  TEMP(K) =   299.21  PRESS =     0.0
 Etot   =    -37939.6313  EKtot   =      9996.9062  EPtot      =    -47936.5375
 BOND   =       331.8226  ANGLE   =      1119.9855  DIHED      =      1348.3915
 1-4 NB =       444.5171  1-4 EEL =      6344.1244  VDWAALS    =      5311.0740
 EELEC  =    -62849.8253  EHBOND  =         0.0000  RESTRAINT  =        13.3727
 EAMBER (non-restraint)  =    -47949.9102
 ------------------------------------------------------------------------------

wrapping first mol.:       20.88048       29.52946       51.14652
wrapping first mol.:       20.88048       29.52946       51.14652

 NSTEP =    30000   TIME(PS) =    2700.000  TEMP(K) =   297.43  PRESS =     0.0
 Etot   =    -38333.1218  EKtot   =      9937.3848  EPtot      =    -48270.5065
 BOND   =       379.9118  ANGLE   =      1089.7406  DIHED      =      1340.2153
 1-4 NB =       434.9601  1-4 EEL =      6257.7279  VDWAALS    =      5401.9865
 EELEC  =    -63188.3209  EHBOND  =         0.0000  RESTRAINT  =        13.2722
 EAMBER (non-restraint)  =    -48283.7788
 ------------------------------------------------------------------------------

wrapping first mol.:       20.88048       29.52946       51.14652
wrapping first mol.:       20.88048       29.52946       51.14652

 NSTEP =    30500   TIME(PS) =    2701.000  TEMP(K) =   302.64  PRESS =     0.0
 Etot   =    -38081.8247  EKtot   =     10111.5195  EPtot      =    -48193.3443
 BOND   =       354.6167  ANGLE   =      1048.0786  DIHED      =      1360.9578
 1-4 NB =       451.5595  1-4 EEL =      6282.7420  VDWAALS    =      5454.5716
 EELEC  =    -63158.2858  EHBOND  =         0.0000  RESTRAINT  =        12.4154
 EAMBER (non-restraint)  =    -48205.7597
 ------------------------------------------------------------------------------

wrapping first mol.:       20.88048       29.52946       51.14652
wrapping first mol.:       20.88048       29.52946       51.14652

 NSTEP =    31000   TIME(PS) =    2702.000  TEMP(K) =   302.66  PRESS =     0.0
 Etot   =    -37857.8135  EKtot   =     10112.1699  EPtot      =    -47969.9834
 BOND   =       370.4229  ANGLE   =      1072.0404  DIHED      =      1371.6843
 1-4 NB =       446.5686  1-4 EEL =      6305.9529  VDWAALS    =      5505.8655
 EELEC  =    -63055.9141  EHBOND  =         0.0000  RESTRAINT  =        13.3959
 EAMBER (non-restraint)  =    -47983.3793
 ------------------------------------------------------------------------------

wrapping first mol.:       20.88048       29.52946       51.14652
wrapping first mol.:       20.88048       29.52946       51.14652

 NSTEP =    31500   TIME(PS) =    2703.000  TEMP(K) =   304.56  PRESS =     0.0
 Etot   =    -37849.8295  EKtot   =     10175.6533  EPtot      =    -48025.4828
 BOND   =       357.3931  ANGLE   =      1042.6022  DIHED      =      1360.7321
 1-4 NB =       446.4941  1-4 EEL =      6318.4200  VDWAALS    =      5321.9763
 EELEC  =    -62884.2946  EHBOND  =         0.0000  RESTRAINT  =        11.1940
 EAMBER (non-restraint)  =    -48036.6768
 ------------------------------------------------------------------------------

wrapping first mol.:       20.88048       29.52946       51.14652
wrapping first mol.:       20.88048       29.52946       51.14652

 NSTEP =    32000   TIME(PS) =    2704.000  TEMP(K) =   303.25  PRESS =     0.0
 Etot   =    -37935.1553  EKtot   =     10131.6387  EPtot      =    -48066.7940
 BOND   =       357.6177  ANGLE   =      1069.5035  DIHED      =      1361.7758
 1-4 NB =       442.5055  1-4 EEL =      6315.5001  VDWAALS    =      5374.6335
 EELEC  =    -63003.3248  EHBOND  =         0.0000  RESTRAINT  =        14.9948
 EAMBER (non-restraint)  =    -48081.7887
 ------------------------------------------------------------------------------

wrapping first mol.:       20.88048       29.52946       51.14652
wrapping first mol.:       20.88048       29.52946       51.14652

 NSTEP =    32500   TIME(PS) =    2705.000  TEMP(K) =   298.18  PRESS =     0.0
 Etot   =    -38363.4811  EKtot   =      9962.2236  EPtot      =    -48325.7047
 BOND   =       347.8483  ANGLE   =      1079.2386  DIHED      =      1344.0586
 1-4 NB =       432.0180  1-4 EEL =      6293.0905  VDWAALS    =      5485.4685
 EELEC  =    -63320.6300  EHBOND  =         0.0000  RESTRAINT  =        13.2029
 EAMBER (non-restraint)  =    -48338.9076
 ------------------------------------------------------------------------------

wrapping first mol.:       20.88048       29.52946       51.14652
wrapping first mol.:       20.88048       29.52946       51.14652

 NSTEP =    33000   TIME(PS) =    2706.000  TEMP(K) =   300.20  PRESS =     0.0
 Etot   =    -38195.6234  EKtot   =     10029.9951  EPtot      =    -48225.6186
 BOND   =       351.5468  ANGLE   =      1128.5614  DIHED      =      1357.8704
 1-4 NB =       451.1843  1-4 EEL =      6312.2647  VDWAALS    =      5516.4536
 EELEC  =    -63358.2748  EHBOND  =         0.0000  RESTRAINT  =        14.7750
 EAMBER (non-restraint)  =    -48240.3936
 ------------------------------------------------------------------------------

wrapping first mol.:       20.88048       29.52946       51.14652
wrapping first mol.:       20.88048       29.52946       51.14652

 NSTEP =    33500   TIME(PS) =    2707.000  TEMP(K) =   298.55  PRESS =     0.0
 Etot   =    -38175.9064  EKtot   =      9974.7480  EPtot      =    -48150.6544
 BOND   =       363.6503  ANGLE   =      1063.1938  DIHED      =      1360.2864
 1-4 NB =       437.8484  1-4 EEL =      6305.4432  VDWAALS    =      5493.8534
 EELEC  =    -63187.9462  EHBOND  =         0.0000  RESTRAINT  =        13.0162
 EAMBER (non-restraint)  =    -48163.6706
 ------------------------------------------------------------------------------

wrapping first mol.:       20.88048       29.52946       51.14652
wrapping first mol.:       20.88048       29.52946       51.14652

 NSTEP =    34000   TIME(PS) =    2708.000  TEMP(K) =   303.15  PRESS =     0.0
 Etot   =    -38131.6323  EKtot   =     10128.3105  EPtot      =    -48259.9428
 BOND   =       353.0994  ANGLE   =      1050.2942  DIHED      =      1366.3741
 1-4 NB =       449.7527  1-4 EEL =      6303.8476  VDWAALS    =      5421.7975
 EELEC  =    -63218.3196  EHBOND  =         0.0000  RESTRAINT  =        13.2112
 EAMBER (non-restraint)  =    -48273.1540
 ------------------------------------------------------------------------------

wrapping first mol.:       20.88048       29.52946       51.14652
wrapping first mol.:       20.88048       29.52946       51.14652

 NSTEP =    34500   TIME(PS) =    2709.000  TEMP(K) =   297.82  PRESS =     0.0
 Etot   =    -38361.4308  EKtot   =      9950.2139  EPtot      =    -48311.6447
 BOND   =       343.7733  ANGLE   =      1006.3791  DIHED      =      1327.7299
 1-4 NB =       449.5499  1-4 EEL =      6277.6392  VDWAALS    =      5412.4793
 EELEC  =    -63143.7613  EHBOND  =         0.0000  RESTRAINT  =        14.5659
 EAMBER (non-restraint)  =    -48326.2106
 ------------------------------------------------------------------------------

wrapping first mol.:       20.88048       29.52946       51.14652
wrapping first mol.:       20.88048       29.52946       51.14652

 NSTEP =    35000   TIME(PS) =    2710.000  TEMP(K) =   301.59  PRESS =     0.0
 Etot   =    -37987.8046  EKtot   =     10076.2734  EPtot      =    -48064.0780
 BOND   =       358.3632  ANGLE   =      1083.7801  DIHED      =      1340.9742
 1-4 NB =       442.7568  1-4 EEL =      6282.0734  VDWAALS    =      5318.7708
 EELEC  =    -62905.1049  EHBOND  =         0.0000  RESTRAINT  =        14.3085
 EAMBER (non-restraint)  =    -48078.3864
 ------------------------------------------------------------------------------

wrapping first mol.:       20.88048       29.52946       51.14652
wrapping first mol.:       20.88048       29.52946       51.14652

 NSTEP =    35500   TIME(PS) =    2711.000  TEMP(K) =   299.04  PRESS =     0.0
 Etot   =    -38265.6835  EKtot   =      9991.2637  EPtot      =    -48256.9472
 BOND   =       345.0795  ANGLE   =      1059.8619  DIHED      =      1339.9336
 1-4 NB =       462.1133  1-4 EEL =      6294.4360  VDWAALS    =      5464.7439
 EELEC  =    -63236.3340  EHBOND  =         0.0000  RESTRAINT  =        13.2185
 EAMBER (non-restraint)  =    -48270.1656
 ------------------------------------------------------------------------------

wrapping first mol.:       20.88048       29.52946       51.14652
wrapping first mol.:       20.88048       29.52946       51.14652

 NSTEP =    36000   TIME(PS) =    2712.000  TEMP(K) =   300.56  PRESS =     0.0
 Etot   =    -38060.8717  EKtot   =     10041.9863  EPtot      =    -48102.8580
 BOND   =       366.4809  ANGLE   =      1070.5489  DIHED      =      1356.0016
 1-4 NB =       453.3507  1-4 EEL =      6277.1836  VDWAALS    =      5541.3649
 EELEC  =    -63182.8613  EHBOND  =         0.0000  RESTRAINT  =        15.0727
 EAMBER (non-restraint)  =    -48117.9308
 ------------------------------------------------------------------------------

wrapping first mol.:       20.88048       29.52946       51.14652
wrapping first mol.:       20.88048       29.52946       51.14652

 NSTEP =    36500   TIME(PS) =    2713.000  TEMP(K) =   297.15  PRESS =     0.0
 Etot   =    -38314.9432  EKtot   =      9927.9756  EPtot      =    -48242.9188
 BOND   =       350.1916  ANGLE   =      1044.0634  DIHED      =      1361.9772
 1-4 NB =       443.7036  1-4 EEL =      6316.5993  VDWAALS    =      5557.2046
 EELEC  =    -63329.5429  EHBOND  =         0.0000  RESTRAINT  =        12.8845
 EAMBER (non-restraint)  =    -48255.8032
 ------------------------------------------------------------------------------

wrapping first mol.:       20.88048       29.52946       51.14652
wrapping first mol.:       20.88048       29.52946       51.14652

 NSTEP =    37000   TIME(PS) =    2714.000  TEMP(K) =   300.84  PRESS =     0.0
 Etot   =    -38069.8645  EKtot   =     10051.4199  EPtot      =    -48121.2844
 BOND   =       364.2725  ANGLE   =      1103.9360  DIHED      =      1342.7881
 1-4 NB =       447.6519  1-4 EEL =      6301.4193  VDWAALS    =      5320.3631
 EELEC  =    -63013.5912  EHBOND  =         0.0000  RESTRAINT  =        11.8759
 EAMBER (non-restraint)  =    -48133.1603
 ------------------------------------------------------------------------------

wrapping first mol.:       20.88048       29.52946       51.14652
wrapping first mol.:       20.88048       29.52946       51.14652

 NSTEP =    37500   TIME(PS) =    2715.000  TEMP(K) =   300.35  PRESS =     0.0
 Etot   =    -38068.1780  EKtot   =     10034.8428  EPtot      =    -48103.0208
 BOND   =       355.3191  ANGLE   =      1097.0895  DIHED      =      1344.1376
 1-4 NB =       449.8290  1-4 EEL =      6311.1102  VDWAALS    =      5257.7930
 EELEC  =    -62933.0663  EHBOND  =         0.0000  RESTRAINT  =        14.7671
 EAMBER (non-restraint)  =    -48117.7879
 ------------------------------------------------------------------------------

wrapping first mol.:       20.88048       29.52946       51.14652
wrapping first mol.:       20.88048       29.52946       51.14652

 NSTEP =    38000   TIME(PS) =    2716.000  TEMP(K) =   299.96  PRESS =     0.0
 Etot   =    -37939.4647  EKtot   =     10021.7842  EPtot      =    -47961.2489
 BOND   =       385.8915  ANGLE   =      1066.2384  DIHED      =      1379.0014
 1-4 NB =       444.4723  1-4 EEL =      6305.6731  VDWAALS    =      5403.7958
 EELEC  =    -62957.7967  EHBOND  =         0.0000  RESTRAINT  =        11.4753
 EAMBER (non-restraint)  =    -47972.7241
 ------------------------------------------------------------------------------

wrapping first mol.:       20.88048       29.52946       51.14652
wrapping first mol.:       20.88048       29.52946       51.14652

 NSTEP =    38500   TIME(PS) =    2717.000  TEMP(K) =   298.76  PRESS =     0.0
 Etot   =    -38044.9293  EKtot   =      9981.7090  EPtot      =    -48026.6383
 BOND   =       359.9735  ANGLE   =      1124.1924  DIHED      =      1364.6315
 1-4 NB =       456.4504  1-4 EEL =      6302.3224  VDWAALS    =      5371.3659
 EELEC  =    -63016.1134  EHBOND  =         0.0000  RESTRAINT  =        10.5389
 EAMBER (non-restraint)  =    -48037.1773
 ------------------------------------------------------------------------------

wrapping first mol.:       20.88048       29.52946       51.14652
wrapping first mol.:       20.88048       29.52946       51.14652

 NSTEP =    39000   TIME(PS) =    2718.000  TEMP(K) =   295.27  PRESS =     0.0
 Etot   =    -38304.1947  EKtot   =      9865.2402  EPtot      =    -48169.4349
 BOND   =       377.6621  ANGLE   =      1050.3981  DIHED      =      1352.5524
 1-4 NB =       453.2296  1-4 EEL =      6292.3008  VDWAALS    =      5669.0465
 EELEC  =    -63376.3137  EHBOND  =         0.0000  RESTRAINT  =        11.6891
 EAMBER (non-restraint)  =    -48181.1241
 ------------------------------------------------------------------------------

wrapping first mol.:       20.88048       29.52946       51.14652
wrapping first mol.:       20.88048       29.52946       51.14652

 NSTEP =    39500   TIME(PS) =    2719.000  TEMP(K) =   300.76  PRESS =     0.0
 Etot   =    -37939.9015  EKtot   =     10048.6992  EPtot      =    -47988.6008
 BOND   =       354.6271  ANGLE   =      1086.2394  DIHED      =      1367.7502
 1-4 NB =       451.9370  1-4 EEL =      6333.1465  VDWAALS    =      5255.0859
 EELEC  =    -62847.8049  EHBOND  =         0.0000  RESTRAINT  =        10.4180
 EAMBER (non-restraint)  =    -47999.0188
 ------------------------------------------------------------------------------

wrapping first mol.:       20.88048       29.52946       51.14652
wrapping first mol.:       20.88048       29.52946       51.14652

 NSTEP =    40000   TIME(PS) =    2720.000  TEMP(K) =   301.76  PRESS =     0.0
 Etot   =    -37988.8115  EKtot   =     10081.9316  EPtot      =    -48070.7432
 BOND   =       368.3568  ANGLE   =      1054.1669  DIHED      =      1363.0711
 1-4 NB =       448.7642  1-4 EEL =      6290.9083  VDWAALS    =      5570.3261
 EELEC  =    -63175.3488  EHBOND  =         0.0000  RESTRAINT  =         9.0123
 EAMBER (non-restraint)  =    -48079.7554
 ------------------------------------------------------------------------------

wrapping first mol.:       20.88048       29.52946       51.14652
wrapping first mol.:       20.88048       29.52946       51.14652

 NSTEP =    40500   TIME(PS) =    2721.000  TEMP(K) =   301.19  PRESS =     0.0
 Etot   =    -38007.2365  EKtot   =     10062.9336  EPtot      =    -48070.1701
 BOND   =       350.6207  ANGLE   =      1092.7086  DIHED      =      1357.5037
 1-4 NB =       455.8071  1-4 EEL =      6305.8857  VDWAALS    =      5521.7087
 EELEC  =    -63166.9329  EHBOND  =         0.0000  RESTRAINT  =        12.5284
 EAMBER (non-restraint)  =    -48082.6985
 ------------------------------------------------------------------------------

wrapping first mol.:       20.88048       29.52946       51.14652
wrapping first mol.:       20.88048       29.52946       51.14652

 NSTEP =    41000   TIME(PS) =    2722.000  TEMP(K) =   302.42  PRESS =     0.0
 Etot   =    -37973.2868  EKtot   =     10104.0547  EPtot      =    -48077.3414
 BOND   =       367.3959  ANGLE   =      1073.2124  DIHED      =      1338.1881
 1-4 NB =       455.8109  1-4 EEL =      6295.2253  VDWAALS    =      5318.4817
 EELEC  =    -62937.8637  EHBOND  =         0.0000  RESTRAINT  =        12.2079
 EAMBER (non-restraint)  =    -48089.5493
 ------------------------------------------------------------------------------

wrapping first mol.:       20.88048       29.52946       51.14652
wrapping first mol.:       20.88048       29.52946       51.14652

 NSTEP =    41500   TIME(PS) =    2723.000  TEMP(K) =   295.86  PRESS =     0.0
 Etot   =    -38240.9702  EKtot   =      9884.8672  EPtot      =    -48125.8374
 BOND   =       383.2863  ANGLE   =      1032.7433  DIHED      =      1336.2240
 1-4 NB =       452.9063  1-4 EEL =      6330.2356  VDWAALS    =      5434.6919
 EELEC  =    -63107.3670  EHBOND  =         0.0000  RESTRAINT  =        11.4424
 EAMBER (non-restraint)  =    -48137.2797
 ------------------------------------------------------------------------------

wrapping first mol.:       20.88048       29.52946       51.14652
wrapping first mol.:       20.88048       29.52946       51.14652

 NSTEP =    42000   TIME(PS) =    2724.000  TEMP(K) =   298.34  PRESS =     0.0
 Etot   =    -38068.4965  EKtot   =      9967.7080  EPtot      =    -48036.2045
 BOND   =       344.6238  ANGLE   =      1059.6248  DIHED      =      1362.0685
 1-4 NB =       465.0218  1-4 EEL =      6366.6377  VDWAALS    =      5378.0722
 EELEC  =    -63024.2265  EHBOND  =         0.0000  RESTRAINT  =        11.9731
 EAMBER (non-restraint)  =    -48048.1777
 ------------------------------------------------------------------------------

wrapping first mol.:       20.88048       29.52946       51.14652
wrapping first mol.:       20.88048       29.52946       51.14652

 NSTEP =    42500   TIME(PS) =    2725.000  TEMP(K) =   296.97  PRESS =     0.0
 Etot   =    -38178.5018  EKtot   =      9921.8848  EPtot      =    -48100.3866
 BOND   =       378.6355  ANGLE   =      1047.8658  DIHED      =      1342.3368
 1-4 NB =       448.8080  1-4 EEL =      6324.7818  VDWAALS    =      5466.5084
 EELEC  =    -63122.5266  EHBOND  =         0.0000  RESTRAINT  =        13.2037
 EAMBER (non-restraint)  =    -48113.5902
 ------------------------------------------------------------------------------

wrapping first mol.:       20.88048       29.52946       51.14652
wrapping first mol.:       20.88048       29.52946       51.14652

 NSTEP =    43000   TIME(PS) =    2726.000  TEMP(K) =   301.52  PRESS =     0.0
 Etot   =    -38045.1920  EKtot   =     10074.0898  EPtot      =    -48119.2818
 BOND   =       354.0622  ANGLE   =      1053.5719  DIHED      =      1341.8226
 1-4 NB =       455.6090  1-4 EEL =      6297.3753  VDWAALS    =      5345.4146
 EELEC  =    -62977.9267  EHBOND  =         0.0000  RESTRAINT  =        10.7892
 EAMBER (non-restraint)  =    -48130.0711
 ------------------------------------------------------------------------------

wrapping first mol.:       20.88048       29.52946       51.14652
wrapping first mol.:       20.88048       29.52946       51.14652

 NSTEP =    43500   TIME(PS) =    2727.000  TEMP(K) =   299.50  PRESS =     0.0
 Etot   =    -38239.3627  EKtot   =     10006.3311  EPtot      =    -48245.6937
 BOND   =       336.4854  ANGLE   =      1024.1542  DIHED      =      1358.7578
 1-4 NB =       449.1031  1-4 EEL =      6351.6873  VDWAALS    =      5556.1476
 EELEC  =    -63336.2151  EHBOND  =         0.0000  RESTRAINT  =        14.1860
 EAMBER (non-restraint)  =    -48259.8797
 ------------------------------------------------------------------------------

wrapping first mol.:       20.88048       29.52946       51.14652
wrapping first mol.:       20.88048       29.52946       51.14652

 NSTEP =    44000   TIME(PS) =    2728.000  TEMP(K) =   299.37  PRESS =     0.0
 Etot   =    -38083.8532  EKtot   =     10002.2412  EPtot      =    -48086.0944
 BOND   =       352.5807  ANGLE   =      1024.6453  DIHED      =      1331.0519
 1-4 NB =       460.5466  1-4 EEL =      6309.8834  VDWAALS    =      5423.5913
 EELEC  =    -63001.1321  EHBOND  =         0.0000  RESTRAINT  =        12.7384
 EAMBER (non-restraint)  =    -48098.8329
 ------------------------------------------------------------------------------

wrapping first mol.:       20.88048       29.52946       51.14652
wrapping first mol.:       20.88048       29.52946       51.14652

 NSTEP =    44500   TIME(PS) =    2729.000  TEMP(K) =   303.91  PRESS =     0.0
 Etot   =    -37937.2841  EKtot   =     10153.8643  EPtot      =    -48091.1483
 BOND   =       345.2749  ANGLE   =      1068.4611  DIHED      =      1358.3685
 1-4 NB =       454.0606  1-4 EEL =      6297.6114  VDWAALS    =      5172.9125
 EELEC  =    -62800.8292  EHBOND  =         0.0000  RESTRAINT  =        12.9919
 EAMBER (non-restraint)  =    -48104.1403
 ------------------------------------------------------------------------------

wrapping first mol.:       20.88048       29.52946       51.14652
wrapping first mol.:       20.88048       29.52946       51.14652

 NSTEP =    45000   TIME(PS) =    2730.000  TEMP(K) =   304.94  PRESS =     0.0
 Etot   =    -37877.0105  EKtot   =     10188.3164  EPtot      =    -48065.3269
 BOND   =       349.1504  ANGLE   =      1088.4812  DIHED      =      1341.3447
 1-4 NB =       444.9937  1-4 EEL =      6314.6482  VDWAALS    =      5608.3356
 EELEC  =    -63228.0718  EHBOND  =         0.0000  RESTRAINT  =        15.7911
 EAMBER (non-restraint)  =    -48081.1180
 ------------------------------------------------------------------------------

wrapping first mol.:       20.88048       29.52946       51.14652
wrapping first mol.:       20.88048       29.52946       51.14652

 NSTEP =    45500   TIME(PS) =    2731.000  TEMP(K) =   300.42  PRESS =     0.0
 Etot   =    -37979.9310  EKtot   =     10037.1689  EPtot      =    -48017.1000
 BOND   =       342.2771  ANGLE   =      1092.5504  DIHED      =      1353.7663
 1-4 NB =       450.8488  1-4 EEL =      6306.9173  VDWAALS    =      5320.6383
 EELEC  =    -62895.6351  EHBOND  =         0.0000  RESTRAINT  =        11.5368
 EAMBER (non-restraint)  =    -48028.6368
 ------------------------------------------------------------------------------

wrapping first mol.:       20.88048       29.52946       51.14652
wrapping first mol.:       20.88048       29.52946       51.14652

 NSTEP =    46000   TIME(PS) =    2732.000  TEMP(K) =   299.36  PRESS =     0.0
 Etot   =    -38107.8850  EKtot   =     10001.9648  EPtot      =    -48109.8498
 BOND   =       341.9617  ANGLE   =      1032.5252  DIHED      =      1348.4334
 1-4 NB =       453.4460  1-4 EEL =      6325.0233  VDWAALS    =      5512.7898
 EELEC  =    -63137.2829  EHBOND  =         0.0000  RESTRAINT  =        13.2537
 EAMBER (non-restraint)  =    -48123.1036
 ------------------------------------------------------------------------------

wrapping first mol.:       20.88048       29.52946       51.14652
wrapping first mol.:       20.88048       29.52946       51.14652

 NSTEP =    46500   TIME(PS) =    2733.000  TEMP(K) =   300.52  PRESS =     0.0
 Etot   =    -38314.5658  EKtot   =     10040.5977  EPtot      =    -48355.1635
 BOND   =       346.9267  ANGLE   =      1093.9030  DIHED      =      1343.5646
 1-4 NB =       458.0379  1-4 EEL =      6294.6117  VDWAALS    =      5510.1834
 EELEC  =    -63414.7212  EHBOND  =         0.0000  RESTRAINT  =        12.3303
 EAMBER (non-restraint)  =    -48367.4938
 ------------------------------------------------------------------------------

wrapping first mol.:       20.88048       29.52946       51.14652
wrapping first mol.:       20.88048       29.52946       51.14652

 NSTEP =    47000   TIME(PS) =    2734.000  TEMP(K) =   298.59  PRESS =     0.0
 Etot   =    -38306.7253  EKtot   =      9976.2061  EPtot      =    -48282.9313
 BOND   =       373.2225  ANGLE   =      1059.3403  DIHED      =      1370.0431
 1-4 NB =       444.3691  1-4 EEL =      6304.0369  VDWAALS    =      5509.6964
 EELEC  =    -63355.4942  EHBOND  =         0.0000  RESTRAINT  =        11.8545
 EAMBER (non-restraint)  =    -48294.7858
 ------------------------------------------------------------------------------

wrapping first mol.:       20.88048       29.52946       51.14652
wrapping first mol.:       20.88048       29.52946       51.14652

 NSTEP =    47500   TIME(PS) =    2735.000  TEMP(K) =   298.30  PRESS =     0.0
 Etot   =    -38097.0335  EKtot   =      9966.4336  EPtot      =    -48063.4671
 BOND   =       354.9064  ANGLE   =      1086.8715  DIHED      =      1358.2445
 1-4 NB =       454.3664  1-4 EEL =      6299.4575  VDWAALS    =      5407.7370
 EELEC  =    -63038.1291  EHBOND  =         0.0000  RESTRAINT  =        13.0786
 EAMBER (non-restraint)  =    -48076.5457
 ------------------------------------------------------------------------------

wrapping first mol.:       20.88048       29.52946       51.14652
wrapping first mol.:       20.88048       29.52946       51.14652

 NSTEP =    48000   TIME(PS) =    2736.000  TEMP(K) =   303.55  PRESS =     0.0
 Etot   =    -37874.1413  EKtot   =     10141.7402  EPtot      =    -48015.8815
 BOND   =       356.0990  ANGLE   =      1024.9746  DIHED      =      1353.6937
 1-4 NB =       453.3280  1-4 EEL =      6315.4367  VDWAALS    =      5448.8762
 EELEC  =    -62979.7278  EHBOND  =         0.0000  RESTRAINT  =        11.4381
 EAMBER (non-restraint)  =    -48027.3196
 ------------------------------------------------------------------------------

wrapping first mol.:       20.88048       29.52946       51.14652
wrapping first mol.:       20.88048       29.52946       51.14652

 NSTEP =    48500   TIME(PS) =    2737.000  TEMP(K) =   296.29  PRESS =     0.0
 Etot   =    -38416.6414  EKtot   =      9899.2666  EPtot      =    -48315.9080
 BOND   =       359.8213  ANGLE   =      1071.2945  DIHED      =      1332.7417
 1-4 NB =       453.4013  1-4 EEL =      6304.6181  VDWAALS    =      5474.8787
 EELEC  =    -63325.3582  EHBOND  =         0.0000  RESTRAINT  =        12.6947
 EAMBER (non-restraint)  =    -48328.6027
 ------------------------------------------------------------------------------

wrapping first mol.:       20.88048       29.52946       51.14652
wrapping first mol.:       20.88048       29.52946       51.14652

 NSTEP =    49000   TIME(PS) =    2738.000  TEMP(K) =   299.84  PRESS =     0.0
 Etot   =    -38195.0460  EKtot   =     10017.7334  EPtot      =    -48212.7794
 BOND   =       380.7845  ANGLE   =      1061.8016  DIHED      =      1363.4764
 1-4 NB =       465.0769  1-4 EEL =      6297.3575  VDWAALS    =      5454.5346
 EELEC  =    -63248.4580  EHBOND  =         0.0000  RESTRAINT  =        12.6470
 EAMBER (non-restraint)  =    -48225.4264
 ------------------------------------------------------------------------------

wrapping first mol.:       20.88048       29.52946       51.14652
wrapping first mol.:       20.88048       29.52946       51.14652

 NSTEP =    49500   TIME(PS) =    2739.000  TEMP(K) =   299.80  PRESS =     0.0
 Etot   =    -38255.8521  EKtot   =     10016.3486  EPtot      =    -48272.2007
 BOND   =       355.9549  ANGLE   =      1025.3312  DIHED      =      1346.8221
 1-4 NB =       469.7937  1-4 EEL =      6321.8883  VDWAALS    =      5448.3380
 EELEC  =    -63253.6020  EHBOND  =         0.0000  RESTRAINT  =        13.2731
 EAMBER (non-restraint)  =    -48285.4738
 ------------------------------------------------------------------------------

wrapping first mol.:       20.88048       29.52946       51.14652
wrapping first mol.:       20.88048       29.52946       51.14652

 NSTEP =    50000   TIME(PS) =    2740.000  TEMP(K) =   299.34  PRESS =     0.0
 Etot   =    -38091.3044  EKtot   =     10001.2852  EPtot      =    -48092.5896
 BOND   =       365.4144  ANGLE   =      1070.9804  DIHED      =      1350.3098
 1-4 NB =       453.6079  1-4 EEL =      6291.1182  VDWAALS    =      5441.9395
 EELEC  =    -63076.4538  EHBOND  =         0.0000  RESTRAINT  =        10.4940
 EAMBER (non-restraint)  =    -48103.0835
 ------------------------------------------------------------------------------


      A V E R A G E S   O V E R     100 S T E P S


 NSTEP =    50000   TIME(PS) =    2740.000  TEMP(K) =   300.15  PRESS =     0.0
 Etot   =    -38123.8125  EKtot   =     10028.2349  EPtot      =    -48152.0473
 BOND   =       357.0729  ANGLE   =      1065.7514  DIHED      =      1353.9916
 1-4 NB =       450.2057  1-4 EEL =      6312.6238  VDWAALS    =      5426.9918
 EELEC  =    -63131.2069  EHBOND  =         0.0000  RESTRAINT  =        12.5224
 EAMBER (non-restraint)  =    -48164.5698
 ------------------------------------------------------------------------------


      R M S  F L U C T U A T I O N S


 NSTEP =    50000   TIME(PS) =    2740.000  TEMP(K) =     2.14  PRESS =     0.0
 Etot   =       139.4441  EKtot   =        71.3456  EPtot      =       107.4927
 BOND   =        13.6707  ANGLE   =        26.5040  DIHED      =        11.6420
 1-4 NB =         9.5829  1-4 EEL =        21.1833  VDWAALS    =       102.7385
 EELEC  =       153.5813  EHBOND  =         0.0000  RESTRAINT  =         1.4904
 EAMBER (non-restraint)  =       106.0023
 ------------------------------------------------------------------------------

--------------------------------------------------------------------------------
   5.  TIMINGS
--------------------------------------------------------------------------------

|  NonSetup CPU Time in Major Routines:
|
|     Routine           Sec        %
|     ------------------------------
|     Nonbond          22.64   41.74
|     Bond              0.00    0.00
|     Angle             0.00    0.00
|     Dihedral          0.00    0.00
|     Shake             1.25    2.30
|     RunMD            30.25   55.76
|     Other             0.11    0.21
|     ------------------------------
|     Total            54.26

|  PME Nonbond Pairlist CPU Time:
|
|     Routine              Sec        %
|     ---------------------------------
|     Set Up Cit           0.00    0.00
|     Build List           0.00    0.00
|     ---------------------------------
|     Total                0.00    0.00

|  PME Direct Force CPU Time:
|
|     Routine              Sec        %
|     ---------------------------------
|     NonBonded Calc       0.00    0.00
|     Exclude Masked       0.00    0.00
|     Other                0.02    0.04
|     ---------------------------------
|     Total                0.02    0.04

|  PME Reciprocal Force CPU Time:
|
|     Routine              Sec        %
|     ---------------------------------
|     1D bspline           0.00    0.00
|     Grid Charges         0.00    0.00
|     Scalar Sum           0.00    0.00
|     Gradient Sum         0.00    0.00
|     FFT                  0.00    0.00
|     ---------------------------------
|     Total                0.00    0.00

|  Final Performance Info:
|     -----------------------------------------------------
|     Average timings for last   15500 steps:
|     Elapsed(s) =      30.78 Per Step(ms) =       1.99
|         ns/day =      87.02   seconds/ns =     992.89
|
|     Average timings for all steps:
|     Elapsed(s) =      91.46 Per Step(ms) =       1.83
|         ns/day =      94.46   seconds/ns =     914.63
|     -----------------------------------------------------

|  Setup CPU time:            2.40 seconds
|  NonSetup CPU time:        54.26 seconds
|  Total CPU time:           56.66 seconds     0.02 hours

|  Setup wall time:           3    seconds
|  NonSetup wall time:       92    seconds
|  Total wall time:          95    seconds     0.03 hours
