
          -------------------------------------------------------
          Amber 16 PMEMD                              2016
          -------------------------------------------------------

| PMEMD implementation of SANDER, Release 16

| Run on 11/25/2017 at 13:06:34

|   Executable path: /apps/amber16/bin/pmemd.cuda
| Working directory: /home/pbarletta
|          Hostname: mordor

  [-O]verwriting output

File Assignments:
|   MDIN: /scratch/pbarletta/cph_obp/run/eol/mhe/e/9equ.in                      
|  MDOUT: /scratch/pbarletta/cph_obp/run/eol/mhe/e/9equ.out                     
| INPCRD: /scratch/pbarletta/cph_obp/run/eol/mhe/e/8eeol.rst7                   
|   PARM: /scratch/pbarletta/cph_obp/top_files/eol.prmtop                       
| RESTRT: /scratch/pbarletta/cph_obp/run/eol/mhe/e/9eeol.rst7                   
|   REFC: /scratch/pbarletta/cph_obp/run/eol/mhe/e/8eeol.rst7                   
|  MDVEL: mdvel                                                                 
|   MDEN: mden                                                                  
|  MDCRD: /scratch/pbarletta/cph_obp/run/eol/mhe/e/9eeol.nc                     
| MDINFO: mdinfo                                                                
|  MDFRC: mdfrc                                                                 


 Here is the input file:

Equilibration with solute restrictions                                         
&cntrl                                                                         
imin = 0,                           ! No Minimization                          
nmropt = 0,                         ! No NMR restraints read                   
                                                                               
! Nature and format of the input                                               
ntx = 5,                            ! Coordinates but no velocities will be rea
irest = 1,                          ! Do not run a new simulation              
                                                                               
! Nature and format of the output                                              
ntxo = 1,                           ! rstrt file in ASCII format               
ntpr = 500,                         ! inf in output every ntpr steps           
ntwr = 500,                         ! rstrt file every ntwr steps              
ntwx = 500,                         ! mdcrd file every ntwx steps              
ntwv = 0,                           ! mdvel without velocities                 
ntwe = 0,                           ! Energies and temperatures not written in 
idecomp = 0,                        ! No energy decomposition                  
iwrap = 1,                          ! Coordinates of the restart and mdcrd file
                                                                               
! Frozen or restrained atoms                                                   
ibelly = 0,                         ! No frozen atoms                          
ntr=1,                              ! Harmonic potential restraints            
restraint_wt = 8.0,                ! The weight for the positional restraints  
restraintmask = ':1-120@N,CA,C,O',  ! restrained residues                      
                                                                               
! Molecular dynamics                                                           
nstlim = 50000,                     ! Number of MD-steps                       
dt = 0.002,                         ! Time step                                
                                                                               
! Temperature regulation                                                       
ntt = 3,                            ! Langevin thermostat                      
gamma_ln = 5,                       ! Gamma constant for Langevin              
temp0 = 300.0,                      ! Reference T at which the system is to be 
tempi = 300.0,                      ! Initial T                                
ig = -1,                            ! Seed for the RNG                         
                                                                               
! P and V regulation                                                           
ntp = 0,                            ! No pressure control                      
ntb = 1,                            ! Periodic box for constant V              
                                                                               
! SHAKE variables                                                              
ntc = 2,                            ! Bonds involving H are constrained        
ntf = 2,                            ! Bond interaction involving H are ommited.
                                                                               
cut = 10.0,                         ! Nonbonded cutoff                         
                                                                               
/                                                                              
&end                                                                           


Note: ig = -1. Setting random seed to   620502 based on wallclock time in 
      microseconds.
| irandom = 1, using AMBER's internal random number generator (default).
 
|--------------------- INFORMATION ----------------------
| GPU (CUDA) Version of PMEMD in use: NVIDIA GPU IN USE.
|                    Version 16.0.0
| 
|                      02/25/2016
| 
| Implementation by:
|                    Ross C. Walker     (SDSC)
|                    Scott Le Grand     (nVIDIA)
| 
| Precision model in use:
|      [SPFP] - Single Precision Forces, 64-bit Fixed Point
|               Accumulation. (Default)
| 
|--------------------------------------------------------
 
|----------------- CITATION INFORMATION -----------------
|
|    When publishing work that utilized the CUDA version
|    of AMBER, please cite the following in addition to
|    the regular AMBER citations:
|
|  - Romelia Salomon-Ferrer; Andreas W. Goetz; Duncan
|    Poole; Scott Le Grand; Ross C. Walker "Routine
|    microsecond molecular dynamics simulations with
|    AMBER - Part II: Particle Mesh Ewald", J. Chem.
|    Theory Comput., 2013, 9 (9), pp3878-3888,
|    DOI: 10.1021/ct400314y.
|
|  - Andreas W. Goetz; Mark J. Williamson; Dong Xu;
|    Duncan Poole; Scott Le Grand; Ross C. Walker
|    "Routine microsecond molecular dynamics simulations
|    with AMBER - Part I: Generalized Born", J. Chem.
|    Theory Comput., 2012, 8 (5), pp1542-1555.
|
|  - Scott Le Grand; Andreas W. Goetz; Ross C. Walker
|    "SPFP: Speed without compromise - a mixed precision
|    model for GPU accelerated molecular dynamics
|    simulations.", Comp. Phys. Comm., 2013, 184
|    pp374-380, DOI: 10.1016/j.cpc.2012.09.022
|
|--------------------------------------------------------
 
|------------------- GPU DEVICE INFO --------------------
|
|            CUDA_VISIBLE_DEVICES: 3
|   CUDA Capable Devices Detected:      1
|           CUDA Device ID in use:      0
|                CUDA Device Name: GeForce GTX 1080 Ti
|     CUDA Device Global Mem Size:  11172 MB
| CUDA Device Num Multiprocessors:     28
|           CUDA Device Core Freq:   1.58 GHz
|
|--------------------------------------------------------
 
 
| Conditional Compilation Defines Used:
| PUBFFT
| BINTRAJ
| CUDA
| EMIL

| Largest sphere to fit in unit cell has radius =    25.573

| New format PARM file being parsed.
| Version =    1.000 Date = 11/25/17 Time = 12:30:47

| Note: 1-4 EEL scale factors are being read from the topology file.

| Note: 1-4 VDW scale factors are being read from the topology file.
| Duplicated    0 dihedrals

| Duplicated    0 dihedrals

--------------------------------------------------------------------------------
   1.  RESOURCE   USE: 
--------------------------------------------------------------------------------

 getting new box info from bottom of inpcrd
 NATOM  =   16335 NTYPES =      18 NBONH =   15379 MBONA  =     965
 NTHETH =    2359 MTHETA =    1297 NPHIH =    4508 MPHIA  =    3273
 NHPARM =       0 NPARM  =       0 NNB   =   30176 NRES   =    4896
 NBONA  =     965 NTHETA =    1297 NPHIA =    3273 NUMBND =      52
 NUMANG =     106 NPTRA  =      43 NATYP =      35 NPHB   =       1
 IFBOX  =       2 NMXRS  =      24 IFCAP =       0 NEXTRA =       0
 NCOPY  =       0

| Coordinate Index Table dimensions:    10   10   10
| Direct force subcell size =     6.2641    6.2641    6.2641

     BOX TYPE: TRUNCATED OCTAHEDRON

--------------------------------------------------------------------------------
   2.  CONTROL  DATA  FOR  THE  RUN
--------------------------------------------------------------------------------

default_name                                                                    

General flags:
     imin    =       0, nmropt  =       0

Nature and format of input:
     ntx     =       5, irest   =       1, ntrx    =       1

Nature and format of output:
     ntxo    =       1, ntpr    =     500, ntrx    =       1, ntwr    =     500
     iwrap   =       1, ntwx    =     500, ntwv    =       0, ntwe    =       0
     ioutfm  =       1, ntwprt  =       0, idecomp =       0, rbornstat=      0

Potential function:
     ntf     =       2, ntb     =       1, igb     =       0, nsnb    =      25
     ipol    =       0, gbsa    =       0, iesp    =       0
     dielc   =   1.00000, cut     =  10.00000, intdiel =   1.00000

Frozen or restrained atoms:
     ibelly  =       0, ntr     =       1
     restraint_wt =   8.00000

Molecular dynamics:
     nstlim  =     50000, nscm    =         0, nrespa  =         1
     t       =   0.00000, dt      =   0.00200, vlimit  =  -1.00000

Langevin dynamics temperature regulation:
     ig      =  620502
     temp0   = 300.00000, tempi   = 300.00000, gamma_ln=   5.00000

SHAKE:
     ntc     =       2, jfastw  =       0
     tol     =   0.00001

| Intermolecular bonds treatment:
|     no_intermolecular_bonds =       1

| Energy averages sample interval:
|     ene_avg_sampling =     500

Ewald parameters:
     verbose =       0, ew_type =       0, nbflag  =       1, use_pme =       1
     vdwmeth =       1, eedmeth =       1, netfrc  =       1
     Box X =   62.641   Box Y =   62.641   Box Z =   62.641
     Alpha =  109.471   Beta  =  109.471   Gamma =  109.471
     NFFT1 =   64       NFFT2 =   64       NFFT3 =   64
     Cutoff=   10.000   Tol   =0.100E-04
     Ewald Coefficient =  0.27511
     Interpolation order =    4

    LOADING THE CONSTRAINED ATOMS AS GROUPS


   5.  REFERENCE ATOM COORDINATES

  default_name                                                                    
     Mask :1-120@N,CA,C,O; matches   476 atoms

--------------------------------------------------------------------------------
   3.  ATOMIC COORDINATES AND VELOCITIES
--------------------------------------------------------------------------------

default_name                                                                    
 begin time read from input coords =   940.000 ps

 
 Number of triangulated 3-point waters found:     4775

     Sum of charges from parm topology file =  -0.00000006
     Forcing neutrality...

| Dynamic Memory, Types Used:
| Reals              619328
| Integers           587040

| Nonbonded Pairs Initial Allocation:     4940929

| GPU memory information (estimate):
| KB of GPU memory in use:    123234
| KB of CPU memory in use:     26928

--------------------------------------------------------------------------------
   4.  RESULTS
--------------------------------------------------------------------------------

 ---------------------------------------------------
 APPROXIMATING switch and d/dx switch using CUBIC SPLINE INTERPOLATION
 using   5000.0 points per unit in tabled values
 TESTING RELATIVE ERROR over r ranging from 0.0 to cutoff
| CHECK switch(x): max rel err =   0.2738E-14   at   2.422500
| CHECK d/dx switch(x): max rel err =   0.8314E-11   at   2.736960
 ---------------------------------------------------
|---------------------------------------------------
| APPROXIMATING direct energy using CUBIC SPLINE INTERPOLATION
|  with   50.0 points per unit in tabled values
| Relative Error Limit not exceeded for r .gt.   2.33
| APPROXIMATING direct force using CUBIC SPLINE INTERPOLATION
|  with   50.0 points per unit in tabled values
| Relative Error Limit not exceeded for r .gt.   2.80
|---------------------------------------------------
wrapping first mol.:       20.88048       29.52946       51.14652
wrapping first mol.:       20.88048       29.52946       51.14652

 NSTEP =      500   TIME(PS) =     941.000  TEMP(K) =   298.60  PRESS =     0.0
 Etot   =    -38245.0404  EKtot   =      9976.3838  EPtot      =    -48221.4242
 BOND   =       348.9060  ANGLE   =      1065.1537  DIHED      =      1337.8305
 1-4 NB =       452.7102  1-4 EEL =      6326.6637  VDWAALS    =      5377.6618
 EELEC  =    -63231.4661  EHBOND  =         0.0000  RESTRAINT  =       101.1160
 EAMBER (non-restraint)  =    -48322.5402
 ------------------------------------------------------------------------------

wrapping first mol.:       20.88048       29.52946       51.14652
wrapping first mol.:       20.88048       29.52946       51.14652

 NSTEP =     1000   TIME(PS) =     942.000  TEMP(K) =   303.40  PRESS =     0.0
 Etot   =    -37969.1493  EKtot   =     10136.9365  EPtot      =    -48106.0858
 BOND   =       357.4276  ANGLE   =      1047.1342  DIHED      =      1358.4633
 1-4 NB =       437.9560  1-4 EEL =      6291.1859  VDWAALS    =      5226.8207
 EELEC  =    -62921.9724  EHBOND  =         0.0000  RESTRAINT  =        96.8988
 EAMBER (non-restraint)  =    -48202.9846
 ------------------------------------------------------------------------------

wrapping first mol.:       20.88048       29.52946       51.14652
wrapping first mol.:       20.88048       29.52946       51.14652

 NSTEP =     1500   TIME(PS) =     943.000  TEMP(K) =   300.32  PRESS =     0.0
 Etot   =    -38112.1002  EKtot   =     10033.9043  EPtot      =    -48146.0044
 BOND   =       342.4254  ANGLE   =      1047.5948  DIHED      =      1369.0474
 1-4 NB =       443.3025  1-4 EEL =      6338.3670  VDWAALS    =      5384.5490
 EELEC  =    -63170.5226  EHBOND  =         0.0000  RESTRAINT  =        99.2320
 EAMBER (non-restraint)  =    -48245.2364
 ------------------------------------------------------------------------------

wrapping first mol.:       20.88048       29.52946       51.14652
wrapping first mol.:       20.88048       29.52946       51.14652

 NSTEP =     2000   TIME(PS) =     944.000  TEMP(K) =   300.27  PRESS =     0.0
 Etot   =    -38075.9700  EKtot   =     10032.1787  EPtot      =    -48108.1487
 BOND   =       340.6853  ANGLE   =      1089.6897  DIHED      =      1360.2436
 1-4 NB =       448.9147  1-4 EEL =      6311.2661  VDWAALS    =      5500.2195
 EELEC  =    -63272.2910  EHBOND  =         0.0000  RESTRAINT  =       113.1234
 EAMBER (non-restraint)  =    -48221.2721
 ------------------------------------------------------------------------------

wrapping first mol.:       20.88048       29.52946       51.14652
wrapping first mol.:       20.88048       29.52946       51.14652

 NSTEP =     2500   TIME(PS) =     945.000  TEMP(K) =   304.16  PRESS =     0.0
 Etot   =    -38008.3091  EKtot   =     10162.1016  EPtot      =    -48170.4107
 BOND   =       346.7448  ANGLE   =      1065.4087  DIHED      =      1350.9742
 1-4 NB =       445.5186  1-4 EEL =      6306.1060  VDWAALS    =      5262.7391
 EELEC  =    -63046.8806  EHBOND  =         0.0000  RESTRAINT  =        98.9785
 EAMBER (non-restraint)  =    -48269.3892
 ------------------------------------------------------------------------------

wrapping first mol.:       20.88048       29.52946       51.14652
wrapping first mol.:       20.88048       29.52946       51.14652

 NSTEP =     3000   TIME(PS) =     946.000  TEMP(K) =   300.69  PRESS =     0.0
 Etot   =    -37953.9609  EKtot   =     10046.1289  EPtot      =    -48000.0898
 BOND   =       348.3713  ANGLE   =      1043.4342  DIHED      =      1365.4475
 1-4 NB =       441.8957  1-4 EEL =      6311.4895  VDWAALS    =      5462.9473
 EELEC  =    -63071.5389  EHBOND  =         0.0000  RESTRAINT  =        97.8635
 EAMBER (non-restraint)  =    -48097.9533
 ------------------------------------------------------------------------------

wrapping first mol.:       20.88048       29.52946       51.14652
wrapping first mol.:       20.88048       29.52946       51.14652

 NSTEP =     3500   TIME(PS) =     947.000  TEMP(K) =   300.76  PRESS =     0.0
 Etot   =    -38031.0438  EKtot   =     10048.5430  EPtot      =    -48079.5868
 BOND   =       364.4205  ANGLE   =      1022.1024  DIHED      =      1357.2407
 1-4 NB =       436.1669  1-4 EEL =      6280.1556  VDWAALS    =      5418.9519
 EELEC  =    -63062.7099  EHBOND  =         0.0000  RESTRAINT  =       104.0852
 EAMBER (non-restraint)  =    -48183.6719
 ------------------------------------------------------------------------------

wrapping first mol.:       20.88048       29.52946       51.14652
wrapping first mol.:       20.88048       29.52946       51.14652

 NSTEP =     4000   TIME(PS) =     948.000  TEMP(K) =   299.92  PRESS =     0.0
 Etot   =    -38005.5495  EKtot   =     10020.4150  EPtot      =    -48025.9645
 BOND   =       344.3237  ANGLE   =      1100.4119  DIHED      =      1344.3187
 1-4 NB =       464.8207  1-4 EEL =      6303.9019  VDWAALS    =      5458.3449
 EELEC  =    -63150.8982  EHBOND  =         0.0000  RESTRAINT  =       108.8119
 EAMBER (non-restraint)  =    -48134.7764
 ------------------------------------------------------------------------------

wrapping first mol.:       20.88048       29.52946       51.14652
wrapping first mol.:       20.88048       29.52946       51.14652

 NSTEP =     4500   TIME(PS) =     949.000  TEMP(K) =   304.90  PRESS =     0.0
 Etot   =    -38002.2318  EKtot   =     10186.7930  EPtot      =    -48189.0248
 BOND   =       370.2917  ANGLE   =      1072.1265  DIHED      =      1362.0800
 1-4 NB =       436.3001  1-4 EEL =      6277.8132  VDWAALS    =      5347.1718
 EELEC  =    -63167.1842  EHBOND  =         0.0000  RESTRAINT  =       112.3762
 EAMBER (non-restraint)  =    -48301.4009
 ------------------------------------------------------------------------------

wrapping first mol.:       20.88048       29.52946       51.14652
wrapping first mol.:       20.88048       29.52946       51.14652

 NSTEP =     5000   TIME(PS) =     950.000  TEMP(K) =   297.53  PRESS =     0.0
 Etot   =    -38032.6865  EKtot   =      9940.6846  EPtot      =    -47973.3710
 BOND   =       342.1242  ANGLE   =      1023.5658  DIHED      =      1358.9868
 1-4 NB =       448.2263  1-4 EEL =      6304.7407  VDWAALS    =      5295.4789
 EELEC  =    -62838.3363  EHBOND  =         0.0000  RESTRAINT  =        91.8425
 EAMBER (non-restraint)  =    -48065.2135
 ------------------------------------------------------------------------------

wrapping first mol.:       20.88048       29.52946       51.14652
wrapping first mol.:       20.88048       29.52946       51.14652

 NSTEP =     5500   TIME(PS) =     951.000  TEMP(K) =   302.25  PRESS =     0.0
 Etot   =    -38039.6206  EKtot   =     10098.5156  EPtot      =    -48138.1362
 BOND   =       320.2744  ANGLE   =      1078.3459  DIHED      =      1346.3918
 1-4 NB =       451.6813  1-4 EEL =      6297.5228  VDWAALS    =      5356.6703
 EELEC  =    -63084.7561  EHBOND  =         0.0000  RESTRAINT  =        95.7333
 EAMBER (non-restraint)  =    -48233.8695
 ------------------------------------------------------------------------------

wrapping first mol.:       20.88048       29.52946       51.14652
wrapping first mol.:       20.88048       29.52946       51.14652

 NSTEP =     6000   TIME(PS) =     952.000  TEMP(K) =   302.84  PRESS =     0.0
 Etot   =    -38121.6324  EKtot   =     10118.2070  EPtot      =    -48239.8394
 BOND   =       361.7511  ANGLE   =      1044.3320  DIHED      =      1361.7903
 1-4 NB =       434.6498  1-4 EEL =      6273.5843  VDWAALS    =      5337.0803
 EELEC  =    -63160.1060  EHBOND  =         0.0000  RESTRAINT  =       107.0785
 EAMBER (non-restraint)  =    -48346.9180
 ------------------------------------------------------------------------------

wrapping first mol.:       20.88048       29.52946       51.14652
wrapping first mol.:       20.88048       29.52946       51.14652

 NSTEP =     6500   TIME(PS) =     953.000  TEMP(K) =   299.54  PRESS =     0.0
 Etot   =    -38484.9984  EKtot   =     10007.6787  EPtot      =    -48492.6772
 BOND   =       340.1767  ANGLE   =      1022.3007  DIHED      =      1355.4256
 1-4 NB =       458.3359  1-4 EEL =      6330.6589  VDWAALS    =      5559.0323
 EELEC  =    -63653.3765  EHBOND  =         0.0000  RESTRAINT  =        94.7692
 EAMBER (non-restraint)  =    -48587.4464
 ------------------------------------------------------------------------------

wrapping first mol.:       20.88048       29.52946       51.14652
wrapping first mol.:       20.88048       29.52946       51.14652

 NSTEP =     7000   TIME(PS) =     954.000  TEMP(K) =   297.91  PRESS =     0.0
 Etot   =    -38212.8621  EKtot   =      9953.3047  EPtot      =    -48166.1667
 BOND   =       352.7415  ANGLE   =      1020.8987  DIHED      =      1369.0121
 1-4 NB =       443.2110  1-4 EEL =      6300.8298  VDWAALS    =      5379.3606
 EELEC  =    -63124.3888  EHBOND  =         0.0000  RESTRAINT  =        92.1683
 EAMBER (non-restraint)  =    -48258.3350
 ------------------------------------------------------------------------------

wrapping first mol.:       20.88048       29.52946       51.14652
wrapping first mol.:       20.88048       29.52946       51.14652

 NSTEP =     7500   TIME(PS) =     955.000  TEMP(K) =   299.45  PRESS =     0.0
 Etot   =    -38156.2354  EKtot   =     10004.9404  EPtot      =    -48161.1759
 BOND   =       360.8469  ANGLE   =      1058.0042  DIHED      =      1364.1584
 1-4 NB =       443.5357  1-4 EEL =      6282.5230  VDWAALS    =      5453.7333
 EELEC  =    -63220.2771  EHBOND  =         0.0000  RESTRAINT  =        96.2998
 EAMBER (non-restraint)  =    -48257.4757
 ------------------------------------------------------------------------------

wrapping first mol.:       20.88048       29.52946       51.14652
wrapping first mol.:       20.88048       29.52946       51.14652

 NSTEP =     8000   TIME(PS) =     956.000  TEMP(K) =   300.59  PRESS =     0.0
 Etot   =    -38015.0354  EKtot   =     10042.9316  EPtot      =    -48057.9671
 BOND   =       356.6615  ANGLE   =      1067.3341  DIHED      =      1346.0218
 1-4 NB =       454.2552  1-4 EEL =      6300.9412  VDWAALS    =      5331.9083
 EELEC  =    -63011.5670  EHBOND  =         0.0000  RESTRAINT  =        96.4779
 EAMBER (non-restraint)  =    -48154.4450
 ------------------------------------------------------------------------------

wrapping first mol.:       20.88048       29.52946       51.14652
wrapping first mol.:       20.88048       29.52946       51.14652

 NSTEP =     8500   TIME(PS) =     957.000  TEMP(K) =   301.23  PRESS =     0.0
 Etot   =    -37945.5348  EKtot   =     10064.1562  EPtot      =    -48009.6910
 BOND   =       359.5271  ANGLE   =      1096.2939  DIHED      =      1356.1596
 1-4 NB =       449.8365  1-4 EEL =      6327.5884  VDWAALS    =      5380.2270
 EELEC  =    -63077.0527  EHBOND  =         0.0000  RESTRAINT  =        97.7293
 EAMBER (non-restraint)  =    -48107.4203
 ------------------------------------------------------------------------------

wrapping first mol.:       20.88048       29.52946       51.14652
wrapping first mol.:       20.88048       29.52946       51.14652

 NSTEP =     9000   TIME(PS) =     958.000  TEMP(K) =   299.62  PRESS =     0.0
 Etot   =    -37952.4628  EKtot   =     10010.5449  EPtot      =    -47963.0078
 BOND   =       344.4700  ANGLE   =      1038.8931  DIHED      =      1353.9672
 1-4 NB =       450.7626  1-4 EEL =      6317.5979  VDWAALS    =      5349.2042
 EELEC  =    -62919.1377  EHBOND  =         0.0000  RESTRAINT  =       101.2351
 EAMBER (non-restraint)  =    -48064.2429
 ------------------------------------------------------------------------------

wrapping first mol.:       20.88048       29.52946       51.14652
wrapping first mol.:       20.88048       29.52946       51.14652

 NSTEP =     9500   TIME(PS) =     959.000  TEMP(K) =   300.77  PRESS =     0.0
 Etot   =    -38027.8933  EKtot   =     10049.0703  EPtot      =    -48076.9637
 BOND   =       356.8001  ANGLE   =      1051.2320  DIHED      =      1356.7159
 1-4 NB =       436.7978  1-4 EEL =      6304.8532  VDWAALS    =      5238.2513
 EELEC  =    -62918.9132  EHBOND  =         0.0000  RESTRAINT  =        97.2993
 EAMBER (non-restraint)  =    -48174.2629
 ------------------------------------------------------------------------------

wrapping first mol.:       20.88048       29.52946       51.14652
wrapping first mol.:       20.88048       29.52946       51.14652

 NSTEP =    10000   TIME(PS) =     960.000  TEMP(K) =   301.01  PRESS =     0.0
 Etot   =    -38000.6082  EKtot   =     10056.9053  EPtot      =    -48057.5135
 BOND   =       337.2556  ANGLE   =       996.8979  DIHED      =      1354.8871
 1-4 NB =       454.9017  1-4 EEL =      6324.9448  VDWAALS    =      5600.5725
 EELEC  =    -63222.1975  EHBOND  =         0.0000  RESTRAINT  =        95.2244
 EAMBER (non-restraint)  =    -48152.7379
 ------------------------------------------------------------------------------

wrapping first mol.:       20.88048       29.52946       51.14652
wrapping first mol.:       20.88048       29.52946       51.14652

 NSTEP =    10500   TIME(PS) =     961.000  TEMP(K) =   302.23  PRESS =     0.0
 Etot   =    -37872.9460  EKtot   =     10097.6094  EPtot      =    -47970.5553
 BOND   =       347.2745  ANGLE   =      1043.3746  DIHED      =      1356.2874
 1-4 NB =       455.1578  1-4 EEL =      6325.7332  VDWAALS    =      5354.5382
 EELEC  =    -62963.5756  EHBOND  =         0.0000  RESTRAINT  =       110.6546
 EAMBER (non-restraint)  =    -48081.2099
 ------------------------------------------------------------------------------

wrapping first mol.:       20.88048       29.52946       51.14652
wrapping first mol.:       20.88048       29.52946       51.14652

 NSTEP =    11000   TIME(PS) =     962.000  TEMP(K) =   302.06  PRESS =     0.0
 Etot   =    -37921.8972  EKtot   =     10092.0088  EPtot      =    -48013.9060
 BOND   =       368.2930  ANGLE   =      1045.8133  DIHED      =      1355.3530
 1-4 NB =       453.4040  1-4 EEL =      6349.5831  VDWAALS    =      5496.6028
 EELEC  =    -63188.1679  EHBOND  =         0.0000  RESTRAINT  =       105.2127
 EAMBER (non-restraint)  =    -48119.1187
 ------------------------------------------------------------------------------

wrapping first mol.:       20.88048       29.52946       51.14652
wrapping first mol.:       20.88048       29.52946       51.14652

 NSTEP =    11500   TIME(PS) =     963.000  TEMP(K) =   301.31  PRESS =     0.0
 Etot   =    -37840.8137  EKtot   =     10066.8574  EPtot      =    -47907.6711
 BOND   =       348.8017  ANGLE   =      1002.1998  DIHED      =      1351.7065
 1-4 NB =       446.3220  1-4 EEL =      6276.2617  VDWAALS    =      5327.2048
 EELEC  =    -62767.2487  EHBOND  =         0.0000  RESTRAINT  =       107.0812
 EAMBER (non-restraint)  =    -48014.7523
 ------------------------------------------------------------------------------

wrapping first mol.:       20.88048       29.52946       51.14652
wrapping first mol.:       20.88048       29.52946       51.14652

 NSTEP =    12000   TIME(PS) =     964.000  TEMP(K) =   301.14  PRESS =     0.0
 Etot   =    -38019.7051  EKtot   =     10061.2012  EPtot      =    -48080.9062
 BOND   =       328.1202  ANGLE   =      1059.0025  DIHED      =      1370.1296
 1-4 NB =       446.5076  1-4 EEL =      6291.6174  VDWAALS    =      5508.0439
 EELEC  =    -63189.9851  EHBOND  =         0.0000  RESTRAINT  =       105.6578
 EAMBER (non-restraint)  =    -48186.5641
 ------------------------------------------------------------------------------

wrapping first mol.:       20.88048       29.52946       51.14652
wrapping first mol.:       20.88048       29.52946       51.14652

 NSTEP =    12500   TIME(PS) =     965.000  TEMP(K) =   302.13  PRESS =     0.0
 Etot   =    -37918.4838  EKtot   =     10094.2910  EPtot      =    -48012.7748
 BOND   =       366.8621  ANGLE   =      1053.1384  DIHED      =      1351.1842
 1-4 NB =       450.6990  1-4 EEL =      6294.4534  VDWAALS    =      5286.8683
 EELEC  =    -62926.4648  EHBOND  =         0.0000  RESTRAINT  =       110.4846
 EAMBER (non-restraint)  =    -48123.2595
 ------------------------------------------------------------------------------

wrapping first mol.:       20.88048       29.52946       51.14652
wrapping first mol.:       20.88048       29.52946       51.14652

 NSTEP =    13000   TIME(PS) =     966.000  TEMP(K) =   295.90  PRESS =     0.0
 Etot   =    -38123.3321  EKtot   =      9886.1758  EPtot      =    -48009.5079
 BOND   =       350.3458  ANGLE   =      1045.9337  DIHED      =      1361.5864
 1-4 NB =       439.3002  1-4 EEL =      6270.2882  VDWAALS    =      5452.1635
 EELEC  =    -63025.9266  EHBOND  =         0.0000  RESTRAINT  =        96.8008
 EAMBER (non-restraint)  =    -48106.3087
 ------------------------------------------------------------------------------

wrapping first mol.:       20.88048       29.52946       51.14652
wrapping first mol.:       20.88048       29.52946       51.14652

 NSTEP =    13500   TIME(PS) =     967.000  TEMP(K) =   302.67  PRESS =     0.0
 Etot   =    -37983.1183  EKtot   =     10112.3691  EPtot      =    -48095.4874
 BOND   =       349.2495  ANGLE   =      1091.9528  DIHED      =      1362.4315
 1-4 NB =       432.3736  1-4 EEL =      6298.2974  VDWAALS    =      5367.2355
 EELEC  =    -63094.9081  EHBOND  =         0.0000  RESTRAINT  =        97.8804
 EAMBER (non-restraint)  =    -48193.3678
 ------------------------------------------------------------------------------

wrapping first mol.:       20.88048       29.52946       51.14652
wrapping first mol.:       20.88048       29.52946       51.14652

 NSTEP =    14000   TIME(PS) =     968.000  TEMP(K) =   300.28  PRESS =     0.0
 Etot   =    -37829.3563  EKtot   =     10032.5049  EPtot      =    -47861.8612
 BOND   =       344.2535  ANGLE   =      1108.6710  DIHED      =      1362.7654
 1-4 NB =       432.4007  1-4 EEL =      6266.3861  VDWAALS    =      5407.0670
 EELEC  =    -62888.0378  EHBOND  =         0.0000  RESTRAINT  =       104.6329
 EAMBER (non-restraint)  =    -47966.4941
 ------------------------------------------------------------------------------

wrapping first mol.:       20.88048       29.52946       51.14652
wrapping first mol.:       20.88048       29.52946       51.14652

 NSTEP =    14500   TIME(PS) =     969.000  TEMP(K) =   300.34  PRESS =     0.0
 Etot   =    -37921.9875  EKtot   =     10034.6289  EPtot      =    -47956.6164
 BOND   =       353.7408  ANGLE   =      1072.1623  DIHED      =      1368.1882
 1-4 NB =       437.3635  1-4 EEL =      6264.8028  VDWAALS    =      5173.1792
 EELEC  =    -62732.3713  EHBOND  =         0.0000  RESTRAINT  =       106.3181
 EAMBER (non-restraint)  =    -48062.9346
 ------------------------------------------------------------------------------

wrapping first mol.:       20.88048       29.52946       51.14652
wrapping first mol.:       20.88048       29.52946       51.14652

 NSTEP =    15000   TIME(PS) =     970.000  TEMP(K) =   300.50  PRESS =     0.0
 Etot   =    -38149.3687  EKtot   =     10039.8213  EPtot      =    -48189.1900
 BOND   =       331.4843  ANGLE   =      1104.8139  DIHED      =      1345.1024
 1-4 NB =       454.1324  1-4 EEL =      6300.9807  VDWAALS    =      5543.8280
 EELEC  =    -63365.4466  EHBOND  =         0.0000  RESTRAINT  =        95.9151
 EAMBER (non-restraint)  =    -48285.1051
 ------------------------------------------------------------------------------

wrapping first mol.:       20.88048       29.52946       51.14652
wrapping first mol.:       20.88048       29.52946       51.14652

 NSTEP =    15500   TIME(PS) =     971.000  TEMP(K) =   302.01  PRESS =     0.0
 Etot   =    -37987.0502  EKtot   =     10090.2002  EPtot      =    -48077.2504
 BOND   =       335.6238  ANGLE   =      1098.6791  DIHED      =      1355.7163
 1-4 NB =       463.7547  1-4 EEL =      6266.9211  VDWAALS    =      5269.9892
 EELEC  =    -62973.1987  EHBOND  =         0.0000  RESTRAINT  =       105.2640
 EAMBER (non-restraint)  =    -48182.5144
 ------------------------------------------------------------------------------

wrapping first mol.:       20.88048       29.52946       51.14652
wrapping first mol.:       20.88048       29.52946       51.14652

 NSTEP =    16000   TIME(PS) =     972.000  TEMP(K) =   300.44  PRESS =     0.0
 Etot   =    -37904.0476  EKtot   =     10037.8330  EPtot      =    -47941.8806
 BOND   =       348.8662  ANGLE   =      1047.4205  DIHED      =      1354.8369
 1-4 NB =       453.7371  1-4 EEL =      6301.6647  VDWAALS    =      5285.3775
 EELEC  =    -62843.0623  EHBOND  =         0.0000  RESTRAINT  =       109.2788
 EAMBER (non-restraint)  =    -48051.1594
 ------------------------------------------------------------------------------

wrapping first mol.:       20.88048       29.52946       51.14652
wrapping first mol.:       20.88048       29.52946       51.14652

 NSTEP =    16500   TIME(PS) =     973.000  TEMP(K) =   298.21  PRESS =     0.0
 Etot   =    -37992.5333  EKtot   =      9963.2578  EPtot      =    -47955.7911
 BOND   =       373.9890  ANGLE   =      1039.3705  DIHED      =      1364.3735
 1-4 NB =       441.2928  1-4 EEL =      6289.5097  VDWAALS    =      5356.1938
 EELEC  =    -62928.5949  EHBOND  =         0.0000  RESTRAINT  =       108.0744
 EAMBER (non-restraint)  =    -48063.8655
 ------------------------------------------------------------------------------

wrapping first mol.:       20.88048       29.52946       51.14652
wrapping first mol.:       20.88048       29.52946       51.14652

 NSTEP =    17000   TIME(PS) =     974.000  TEMP(K) =   298.43  PRESS =     0.0
 Etot   =    -38006.3773  EKtot   =      9970.7070  EPtot      =    -47977.0844
 BOND   =       368.3348  ANGLE   =      1045.0403  DIHED      =      1346.7379
 1-4 NB =       457.1392  1-4 EEL =      6326.6358  VDWAALS    =      5447.0191
 EELEC  =    -63087.1251  EHBOND  =         0.0000  RESTRAINT  =       119.1337
 EAMBER (non-restraint)  =    -48096.2181
 ------------------------------------------------------------------------------

wrapping first mol.:       20.88048       29.52946       51.14652
wrapping first mol.:       20.88048       29.52946       51.14652

 NSTEP =    17500   TIME(PS) =     975.000  TEMP(K) =   301.28  PRESS =     0.0
 Etot   =    -37913.2344  EKtot   =     10065.8145  EPtot      =    -47979.0489
 BOND   =       350.1350  ANGLE   =      1034.3868  DIHED      =      1362.4372
 1-4 NB =       444.6235  1-4 EEL =      6314.5680  VDWAALS    =      5387.5363
 EELEC  =    -62979.0947  EHBOND  =         0.0000  RESTRAINT  =       106.3591
 EAMBER (non-restraint)  =    -48085.4080
 ------------------------------------------------------------------------------

wrapping first mol.:       20.88048       29.52946       51.14652
wrapping first mol.:       20.88048       29.52946       51.14652

 NSTEP =    18000   TIME(PS) =     976.000  TEMP(K) =   301.40  PRESS =     0.0
 Etot   =    -37935.1811  EKtot   =     10070.0605  EPtot      =    -48005.2417
 BOND   =       345.5821  ANGLE   =      1081.0419  DIHED      =      1341.3937
 1-4 NB =       431.6970  1-4 EEL =      6298.5899  VDWAALS    =      5333.5637
 EELEC  =    -62939.4521  EHBOND  =         0.0000  RESTRAINT  =       102.3421
 EAMBER (non-restraint)  =    -48107.5838
 ------------------------------------------------------------------------------

wrapping first mol.:       20.88048       29.52946       51.14652
wrapping first mol.:       20.88048       29.52946       51.14652

 NSTEP =    18500   TIME(PS) =     977.000  TEMP(K) =   297.88  PRESS =     0.0
 Etot   =    -38119.7634  EKtot   =      9952.3223  EPtot      =    -48072.0856
 BOND   =       351.9205  ANGLE   =      1054.4568  DIHED      =      1355.8646
 1-4 NB =       459.7505  1-4 EEL =      6283.4257  VDWAALS    =      5420.9678
 EELEC  =    -63105.7378  EHBOND  =         0.0000  RESTRAINT  =       107.2664
 EAMBER (non-restraint)  =    -48179.3520
 ------------------------------------------------------------------------------

wrapping first mol.:       20.88048       29.52946       51.14652
wrapping first mol.:       20.88048       29.52946       51.14652

 NSTEP =    19000   TIME(PS) =     978.000  TEMP(K) =   298.60  PRESS =     0.0
 Etot   =    -38068.7408  EKtot   =      9976.4365  EPtot      =    -48045.1774
 BOND   =       336.3040  ANGLE   =      1059.6517  DIHED      =      1366.2315
 1-4 NB =       447.9280  1-4 EEL =      6299.5528  VDWAALS    =      5479.8372
 EELEC  =    -63145.0278  EHBOND  =         0.0000  RESTRAINT  =       110.3452
 EAMBER (non-restraint)  =    -48155.5225
 ------------------------------------------------------------------------------

wrapping first mol.:       20.88048       29.52946       51.14652
wrapping first mol.:       20.88048       29.52946       51.14652

 NSTEP =    19500   TIME(PS) =     979.000  TEMP(K) =   299.85  PRESS =     0.0
 Etot   =    -38079.8255  EKtot   =     10018.1318  EPtot      =    -48097.9573
 BOND   =       351.5050  ANGLE   =      1031.9146  DIHED      =      1368.0139
 1-4 NB =       447.6528  1-4 EEL =      6309.6610  VDWAALS    =      5401.7803
 EELEC  =    -63109.2099  EHBOND  =         0.0000  RESTRAINT  =       100.7251
 EAMBER (non-restraint)  =    -48198.6824
 ------------------------------------------------------------------------------

wrapping first mol.:       20.88048       29.52946       51.14652
wrapping first mol.:       20.88048       29.52946       51.14652

 NSTEP =    20000   TIME(PS) =     980.000  TEMP(K) =   297.01  PRESS =     0.0
 Etot   =    -38058.1726  EKtot   =      9923.3574  EPtot      =    -47981.5300
 BOND   =       343.2084  ANGLE   =      1090.3799  DIHED      =      1357.2291
 1-4 NB =       450.0789  1-4 EEL =      6275.2676  VDWAALS    =      5283.8323
 EELEC  =    -62891.2267  EHBOND  =         0.0000  RESTRAINT  =       109.7006
 EAMBER (non-restraint)  =    -48091.2306
 ------------------------------------------------------------------------------

wrapping first mol.:       20.88048       29.52946       51.14652
wrapping first mol.:       20.88048       29.52946       51.14652

 NSTEP =    20500   TIME(PS) =     981.000  TEMP(K) =   295.03  PRESS =     0.0
 Etot   =    -38177.0224  EKtot   =      9857.0391  EPtot      =    -48034.0615
 BOND   =       343.2103  ANGLE   =      1022.4049  DIHED      =      1355.0754
 1-4 NB =       441.1294  1-4 EEL =      6287.1017  VDWAALS    =      5239.1762
 EELEC  =    -62819.2653  EHBOND  =         0.0000  RESTRAINT  =        97.1059
 EAMBER (non-restraint)  =    -48131.1674
 ------------------------------------------------------------------------------

wrapping first mol.:       20.88048       29.52946       51.14652
wrapping first mol.:       20.88048       29.52946       51.14652

 NSTEP =    21000   TIME(PS) =     982.000  TEMP(K) =   299.43  PRESS =     0.0
 Etot   =    -38039.9654  EKtot   =     10004.2871  EPtot      =    -48044.2525
 BOND   =       359.0569  ANGLE   =      1033.4826  DIHED      =      1353.2707
 1-4 NB =       452.8265  1-4 EEL =      6304.1098  VDWAALS    =      5424.3520
 EELEC  =    -63086.0307  EHBOND  =         0.0000  RESTRAINT  =       114.6797
 EAMBER (non-restraint)  =    -48158.9322
 ------------------------------------------------------------------------------

wrapping first mol.:       20.88048       29.52946       51.14652
wrapping first mol.:       20.88048       29.52946       51.14652

 NSTEP =    21500   TIME(PS) =     983.000  TEMP(K) =   300.38  PRESS =     0.0
 Etot   =    -37920.7279  EKtot   =     10035.7988  EPtot      =    -47956.5267
 BOND   =       375.6836  ANGLE   =      1092.4734  DIHED      =      1352.9632
 1-4 NB =       437.1645  1-4 EEL =      6313.0776  VDWAALS    =      5398.3546
 EELEC  =    -63037.2089  EHBOND  =         0.0000  RESTRAINT  =       110.9654
 EAMBER (non-restraint)  =    -48067.4921
 ------------------------------------------------------------------------------

wrapping first mol.:       20.88048       29.52946       51.14652
wrapping first mol.:       20.88048       29.52946       51.14652

 NSTEP =    22000   TIME(PS) =     984.000  TEMP(K) =   299.66  PRESS =     0.0
 Etot   =    -37988.9973  EKtot   =     10011.8242  EPtot      =    -48000.8216
 BOND   =       367.2907  ANGLE   =      1046.9497  DIHED      =      1362.6484
 1-4 NB =       425.6367  1-4 EEL =      6296.4069  VDWAALS    =      5303.6553
 EELEC  =    -62909.5583  EHBOND  =         0.0000  RESTRAINT  =       106.1492
 EAMBER (non-restraint)  =    -48106.9707
 ------------------------------------------------------------------------------

wrapping first mol.:       20.88048       29.52946       51.14652
wrapping first mol.:       20.88048       29.52946       51.14652

 NSTEP =    22500   TIME(PS) =     985.000  TEMP(K) =   298.07  PRESS =     0.0
 Etot   =    -38285.3421  EKtot   =      9958.6221  EPtot      =    -48243.9642
 BOND   =       329.7794  ANGLE   =      1034.8509  DIHED      =      1366.3512
 1-4 NB =       444.9986  1-4 EEL =      6319.4398  VDWAALS    =      5462.9657
 EELEC  =    -63303.6800  EHBOND  =         0.0000  RESTRAINT  =       101.3303
 EAMBER (non-restraint)  =    -48345.2945
 ------------------------------------------------------------------------------

wrapping first mol.:       20.88048       29.52946       51.14652
wrapping first mol.:       20.88048       29.52946       51.14652

 NSTEP =    23000   TIME(PS) =     986.000  TEMP(K) =   302.00  PRESS =     0.0
 Etot   =    -38173.0436  EKtot   =     10090.0039  EPtot      =    -48263.0475
 BOND   =       324.3482  ANGLE   =      1062.0042  DIHED      =      1365.0630
 1-4 NB =       451.5457  1-4 EEL =      6321.5053  VDWAALS    =      5363.6938
 EELEC  =    -63257.8052  EHBOND  =         0.0000  RESTRAINT  =       106.5974
 EAMBER (non-restraint)  =    -48369.6449
 ------------------------------------------------------------------------------

wrapping first mol.:       20.88048       29.52946       51.14652
wrapping first mol.:       20.88048       29.52946       51.14652

 NSTEP =    23500   TIME(PS) =     987.000  TEMP(K) =   301.10  PRESS =     0.0
 Etot   =    -37919.6237  EKtot   =     10060.0195  EPtot      =    -47979.6432
 BOND   =       344.9527  ANGLE   =      1033.8487  DIHED      =      1356.8768
 1-4 NB =       452.2099  1-4 EEL =      6314.1954  VDWAALS    =      5270.8160
 EELEC  =    -62864.3425  EHBOND  =         0.0000  RESTRAINT  =       111.7997
 EAMBER (non-restraint)  =    -48091.4429
 ------------------------------------------------------------------------------

wrapping first mol.:       20.88048       29.52946       51.14652
wrapping first mol.:       20.88048       29.52946       51.14652

 NSTEP =    24000   TIME(PS) =     988.000  TEMP(K) =   301.67  PRESS =     0.0
 Etot   =    -38035.4015  EKtot   =     10078.9512  EPtot      =    -48114.3527
 BOND   =       361.0157  ANGLE   =      1036.7711  DIHED      =      1343.6091
 1-4 NB =       441.4312  1-4 EEL =      6357.8423  VDWAALS    =      5304.4291
 EELEC  =    -63064.1528  EHBOND  =         0.0000  RESTRAINT  =       104.7018
 EAMBER (non-restraint)  =    -48219.0545
 ------------------------------------------------------------------------------

wrapping first mol.:       20.88048       29.52946       51.14652
wrapping first mol.:       20.88048       29.52946       51.14652

 NSTEP =    24500   TIME(PS) =     989.000  TEMP(K) =   296.13  PRESS =     0.0
 Etot   =    -38225.5735  EKtot   =      9893.9590  EPtot      =    -48119.5325
 BOND   =       345.0206  ANGLE   =      1059.6427  DIHED      =      1394.9232
 1-4 NB =       455.1872  1-4 EEL =      6293.0231  VDWAALS    =      5255.4047
 EELEC  =    -63020.6441  EHBOND  =         0.0000  RESTRAINT  =        97.9102
 EAMBER (non-restraint)  =    -48217.4427
 ------------------------------------------------------------------------------

wrapping first mol.:       20.88048       29.52946       51.14652
wrapping first mol.:       20.88048       29.52946       51.14652

 NSTEP =    25000   TIME(PS) =     990.000  TEMP(K) =   301.90  PRESS =     0.0
 Etot   =    -37970.8401  EKtot   =     10086.5596  EPtot      =    -48057.3997
 BOND   =       351.6076  ANGLE   =      1054.6536  DIHED      =      1350.2027
 1-4 NB =       455.1045  1-4 EEL =      6303.2889  VDWAALS    =      5438.7675
 EELEC  =    -63117.9634  EHBOND  =         0.0000  RESTRAINT  =       106.9388
 EAMBER (non-restraint)  =    -48164.3385
 ------------------------------------------------------------------------------

wrapping first mol.:       20.88048       29.52946       51.14652
wrapping first mol.:       20.88048       29.52946       51.14652

 NSTEP =    25500   TIME(PS) =     991.000  TEMP(K) =   299.99  PRESS =     0.0
 Etot   =    -38019.4886  EKtot   =     10022.9678  EPtot      =    -48042.4564
 BOND   =       346.1000  ANGLE   =      1082.8470  DIHED      =      1335.8822
 1-4 NB =       441.5410  1-4 EEL =      6299.9334  VDWAALS    =      5299.9329
 EELEC  =    -62947.5475  EHBOND  =         0.0000  RESTRAINT  =        98.8546
 EAMBER (non-restraint)  =    -48141.3110
 ------------------------------------------------------------------------------

wrapping first mol.:       20.88048       29.52946       51.14652
wrapping first mol.:       20.88048       29.52946       51.14652

 NSTEP =    26000   TIME(PS) =     992.000  TEMP(K) =   298.78  PRESS =     0.0
 Etot   =    -37970.6556  EKtot   =      9982.5918  EPtot      =    -47953.2474
 BOND   =       367.8365  ANGLE   =      1046.6875  DIHED      =      1341.2580
 1-4 NB =       461.4042  1-4 EEL =      6341.9712  VDWAALS    =      5432.3297
 EELEC  =    -63047.4144  EHBOND  =         0.0000  RESTRAINT  =       102.6799
 EAMBER (non-restraint)  =    -48055.9273
 ------------------------------------------------------------------------------

wrapping first mol.:       20.88048       29.52946       51.14652
wrapping first mol.:       20.88048       29.52946       51.14652

 NSTEP =    26500   TIME(PS) =     993.000  TEMP(K) =   300.44  PRESS =     0.0
 Etot   =    -38166.7237  EKtot   =     10037.8271  EPtot      =    -48204.5509
 BOND   =       348.3380  ANGLE   =      1048.0617  DIHED      =      1347.2391
 1-4 NB =       437.6478  1-4 EEL =      6281.6027  VDWAALS    =      5327.0799
 EELEC  =    -63086.4085  EHBOND  =         0.0000  RESTRAINT  =        91.8884
 EAMBER (non-restraint)  =    -48296.4393
 ------------------------------------------------------------------------------

wrapping first mol.:       20.88048       29.52946       51.14652
wrapping first mol.:       20.88048       29.52946       51.14652

 NSTEP =    27000   TIME(PS) =     994.000  TEMP(K) =   299.76  PRESS =     0.0
 Etot   =    -38182.1753  EKtot   =     10015.2256  EPtot      =    -48197.4009
 BOND   =       344.6595  ANGLE   =      1065.2308  DIHED      =      1360.8645
 1-4 NB =       448.2463  1-4 EEL =      6265.2607  VDWAALS    =      5339.3426
 EELEC  =    -63125.6678  EHBOND  =         0.0000  RESTRAINT  =       104.6625
 EAMBER (non-restraint)  =    -48302.0634
 ------------------------------------------------------------------------------

wrapping first mol.:       20.88048       29.52946       51.14652
wrapping first mol.:       20.88048       29.52946       51.14652

 NSTEP =    27500   TIME(PS) =     995.000  TEMP(K) =   301.68  PRESS =     0.0
 Etot   =    -37985.9106  EKtot   =     10079.3545  EPtot      =    -48065.2651
 BOND   =       342.8973  ANGLE   =      1049.0821  DIHED      =      1355.4680
 1-4 NB =       447.7621  1-4 EEL =      6358.9842  VDWAALS    =      5514.5376
 EELEC  =    -63238.6504  EHBOND  =         0.0000  RESTRAINT  =       104.6541
 EAMBER (non-restraint)  =    -48169.9191
 ------------------------------------------------------------------------------

wrapping first mol.:       20.88048       29.52946       51.14652
wrapping first mol.:       20.88048       29.52946       51.14652

 NSTEP =    28000   TIME(PS) =     996.000  TEMP(K) =   300.77  PRESS =     0.0
 Etot   =    -38168.0419  EKtot   =     10048.9482  EPtot      =    -48216.9902
 BOND   =       363.6531  ANGLE   =      1021.5453  DIHED      =      1362.6435
 1-4 NB =       435.5089  1-4 EEL =      6294.1946  VDWAALS    =      5366.3819
 EELEC  =    -63168.7318  EHBOND  =         0.0000  RESTRAINT  =       107.8144
 EAMBER (non-restraint)  =    -48324.8046
 ------------------------------------------------------------------------------

wrapping first mol.:       20.88048       29.52946       51.14652
wrapping first mol.:       20.88048       29.52946       51.14652

 NSTEP =    28500   TIME(PS) =     997.000  TEMP(K) =   303.52  PRESS =     0.0
 Etot   =    -37853.3444  EKtot   =     10140.6641  EPtot      =    -47994.0085
 BOND   =       349.7595  ANGLE   =      1035.1448  DIHED      =      1350.5762
 1-4 NB =       442.6371  1-4 EEL =      6307.5451  VDWAALS    =      5412.2477
 EELEC  =    -63003.7929  EHBOND  =         0.0000  RESTRAINT  =       111.8741
 EAMBER (non-restraint)  =    -48105.8826
 ------------------------------------------------------------------------------

wrapping first mol.:       20.88048       29.52946       51.14652
wrapping first mol.:       20.88048       29.52946       51.14652

 NSTEP =    29000   TIME(PS) =     998.000  TEMP(K) =   298.82  PRESS =     0.0
 Etot   =    -38303.4140  EKtot   =      9983.8389  EPtot      =    -48287.2528
 BOND   =       362.0114  ANGLE   =      1012.4304  DIHED      =      1367.6375
 1-4 NB =       454.5236  1-4 EEL =      6282.7716  VDWAALS    =      5394.7639
 EELEC  =    -63265.0723  EHBOND  =         0.0000  RESTRAINT  =       103.6811
 EAMBER (non-restraint)  =    -48390.9339
 ------------------------------------------------------------------------------

wrapping first mol.:       20.88048       29.52946       51.14652
wrapping first mol.:       20.88048       29.52946       51.14652

 NSTEP =    29500   TIME(PS) =     999.000  TEMP(K) =   303.54  PRESS =     0.0
 Etot   =    -37986.6292  EKtot   =     10141.3174  EPtot      =    -48127.9465
 BOND   =       344.6145  ANGLE   =      1067.9901  DIHED      =      1344.4861
 1-4 NB =       452.9068  1-4 EEL =      6291.6552  VDWAALS    =      5416.5266
 EELEC  =    -63147.8819  EHBOND  =         0.0000  RESTRAINT  =       101.7559
 EAMBER (non-restraint)  =    -48229.7025
 ------------------------------------------------------------------------------

wrapping first mol.:       20.88048       29.52946       51.14652
wrapping first mol.:       20.88048       29.52946       51.14652

 NSTEP =    30000   TIME(PS) =    1000.000  TEMP(K) =   303.32  PRESS =     0.0
 Etot   =    -37709.7844  EKtot   =     10134.2031  EPtot      =    -47843.9876
 BOND   =       363.7082  ANGLE   =      1026.1032  DIHED      =      1363.6974
 1-4 NB =       440.4071  1-4 EEL =      6263.1090  VDWAALS    =      5485.1954
 EELEC  =    -62886.6483  EHBOND  =         0.0000  RESTRAINT  =       100.4403
 EAMBER (non-restraint)  =    -47944.4278
 ------------------------------------------------------------------------------

wrapping first mol.:       20.88048       29.52946       51.14652
wrapping first mol.:       20.88048       29.52946       51.14652

 NSTEP =    30500   TIME(PS) =    1001.000  TEMP(K) =   298.09  PRESS =     0.0
 Etot   =    -38040.0010  EKtot   =      9959.2656  EPtot      =    -47999.2666
 BOND   =       336.6381  ANGLE   =      1072.3869  DIHED      =      1382.0491
 1-4 NB =       441.0651  1-4 EEL =      6293.5393  VDWAALS    =      5372.0632
 EELEC  =    -63007.2484  EHBOND  =         0.0000  RESTRAINT  =       110.2401
 EAMBER (non-restraint)  =    -48109.5067
 ------------------------------------------------------------------------------

wrapping first mol.:       20.88048       29.52946       51.14652
wrapping first mol.:       20.88048       29.52946       51.14652

 NSTEP =    31000   TIME(PS) =    1002.000  TEMP(K) =   303.56  PRESS =     0.0
 Etot   =    -38065.8809  EKtot   =     10142.1318  EPtot      =    -48208.0128
 BOND   =       367.7862  ANGLE   =      1035.0646  DIHED      =      1359.0593
 1-4 NB =       422.4922  1-4 EEL =      6262.8849  VDWAALS    =      5260.2315
 EELEC  =    -63016.6669  EHBOND  =         0.0000  RESTRAINT  =       101.1355
 EAMBER (non-restraint)  =    -48309.1482
 ------------------------------------------------------------------------------

wrapping first mol.:       20.88048       29.52946       51.14652
wrapping first mol.:       20.88048       29.52946       51.14652

 NSTEP =    31500   TIME(PS) =    1003.000  TEMP(K) =   299.23  PRESS =     0.0
 Etot   =    -38147.3673  EKtot   =      9997.6182  EPtot      =    -48144.9855
 BOND   =       342.4937  ANGLE   =      1010.1456  DIHED      =      1356.3323
 1-4 NB =       442.2946  1-4 EEL =      6298.1856  VDWAALS    =      5485.7981
 EELEC  =    -63195.1201  EHBOND  =         0.0000  RESTRAINT  =       114.8846
 EAMBER (non-restraint)  =    -48259.8701
 ------------------------------------------------------------------------------

wrapping first mol.:       20.88048       29.52946       51.14652
wrapping first mol.:       20.88048       29.52946       51.14652

 NSTEP =    32000   TIME(PS) =    1004.000  TEMP(K) =   292.95  PRESS =     0.0
 Etot   =    -38275.5861  EKtot   =      9787.5947  EPtot      =    -48063.1809
 BOND   =       365.2908  ANGLE   =      1086.3797  DIHED      =      1371.6459
 1-4 NB =       434.7231  1-4 EEL =      6285.7293  VDWAALS    =      5459.0805
 EELEC  =    -63160.9156  EHBOND  =         0.0000  RESTRAINT  =        94.8855
 EAMBER (non-restraint)  =    -48158.0664
 ------------------------------------------------------------------------------

wrapping first mol.:       20.88048       29.52946       51.14652
wrapping first mol.:       20.88048       29.52946       51.14652

 NSTEP =    32500   TIME(PS) =    1005.000  TEMP(K) =   294.63  PRESS =     0.0
 Etot   =    -38228.0790  EKtot   =      9843.8867  EPtot      =    -48071.9657
 BOND   =       355.4702  ANGLE   =      1030.7061  DIHED      =      1327.1342
 1-4 NB =       458.2886  1-4 EEL =      6309.7710  VDWAALS    =      5161.4187
 EELEC  =    -62817.6882  EHBOND  =         0.0000  RESTRAINT  =       102.9337
 EAMBER (non-restraint)  =    -48174.8994
 ------------------------------------------------------------------------------

wrapping first mol.:       20.88048       29.52946       51.14652
wrapping first mol.:       20.88048       29.52946       51.14652

 NSTEP =    33000   TIME(PS) =    1006.000  TEMP(K) =   300.46  PRESS =     0.0
 Etot   =    -38049.2655  EKtot   =     10038.4600  EPtot      =    -48087.7255
 BOND   =       347.6715  ANGLE   =      1065.5349  DIHED      =      1357.1202
 1-4 NB =       446.3340  1-4 EEL =      6269.4135  VDWAALS    =      5346.8943
 EELEC  =    -63031.5903  EHBOND  =         0.0000  RESTRAINT  =       110.8964
 EAMBER (non-restraint)  =    -48198.6218
 ------------------------------------------------------------------------------

wrapping first mol.:       20.88048       29.52946       51.14652
wrapping first mol.:       20.88048       29.52946       51.14652

 NSTEP =    33500   TIME(PS) =    1007.000  TEMP(K) =   300.12  PRESS =     0.0
 Etot   =    -38026.4429  EKtot   =     10027.2256  EPtot      =    -48053.6685
 BOND   =       352.4867  ANGLE   =      1087.2391  DIHED      =      1345.1939
 1-4 NB =       438.2089  1-4 EEL =      6294.3203  VDWAALS    =      5392.6702
 EELEC  =    -63061.7590  EHBOND  =         0.0000  RESTRAINT  =        97.9715
 EAMBER (non-restraint)  =    -48151.6399
 ------------------------------------------------------------------------------

wrapping first mol.:       20.88048       29.52946       51.14652
wrapping first mol.:       20.88048       29.52946       51.14652

 NSTEP =    34000   TIME(PS) =    1008.000  TEMP(K) =   302.85  PRESS =     0.0
 Etot   =    -38009.6004  EKtot   =     10118.4346  EPtot      =    -48128.0350
 BOND   =       319.6461  ANGLE   =      1077.3151  DIHED      =      1344.3657
 1-4 NB =       462.9127  1-4 EEL =      6310.5126  VDWAALS    =      5303.6339
 EELEC  =    -63053.9935  EHBOND  =         0.0000  RESTRAINT  =       107.5724
 EAMBER (non-restraint)  =    -48235.6074
 ------------------------------------------------------------------------------

wrapping first mol.:       20.88048       29.52946       51.14652
wrapping first mol.:       20.88048       29.52946       51.14652

 NSTEP =    34500   TIME(PS) =    1009.000  TEMP(K) =   302.09  PRESS =     0.0
 Etot   =    -37953.0633  EKtot   =     10092.9961  EPtot      =    -48046.0594
 BOND   =       355.0887  ANGLE   =      1041.5769  DIHED      =      1336.9342
 1-4 NB =       442.3903  1-4 EEL =      6287.2741  VDWAALS    =      5517.3747
 EELEC  =    -63130.3913  EHBOND  =         0.0000  RESTRAINT  =       103.6930
 EAMBER (non-restraint)  =    -48149.7523
 ------------------------------------------------------------------------------

wrapping first mol.:       20.88048       29.52946       51.14652
wrapping first mol.:       20.88048       29.52946       51.14652

 NSTEP =    35000   TIME(PS) =    1010.000  TEMP(K) =   297.09  PRESS =     0.0
 Etot   =    -38164.8827  EKtot   =      9925.8838  EPtot      =    -48090.7664
 BOND   =       343.2642  ANGLE   =      1009.7750  DIHED      =      1375.4258
 1-4 NB =       457.8730  1-4 EEL =      6284.8910  VDWAALS    =      5359.9299
 EELEC  =    -63021.7358  EHBOND  =         0.0000  RESTRAINT  =        99.8104
 EAMBER (non-restraint)  =    -48190.5768
 ------------------------------------------------------------------------------

wrapping first mol.:       20.88048       29.52946       51.14652
wrapping first mol.:       20.88048       29.52946       51.14652

 NSTEP =    35500   TIME(PS) =    1011.000  TEMP(K) =   297.59  PRESS =     0.0
 Etot   =    -37969.9169  EKtot   =      9942.6836  EPtot      =    -47912.6005
 BOND   =       362.7163  ANGLE   =      1077.4767  DIHED      =      1362.6238
 1-4 NB =       439.1403  1-4 EEL =      6314.5373  VDWAALS    =      5247.8893
 EELEC  =    -62815.1587  EHBOND  =         0.0000  RESTRAINT  =        98.1744
 EAMBER (non-restraint)  =    -48010.7749
 ------------------------------------------------------------------------------

wrapping first mol.:       20.88048       29.52946       51.14652
wrapping first mol.:       20.88048       29.52946       51.14652

 NSTEP =    36000   TIME(PS) =    1012.000  TEMP(K) =   296.96  PRESS =     0.0
 Etot   =    -38239.9485  EKtot   =      9921.6621  EPtot      =    -48161.6106
 BOND   =       319.6336  ANGLE   =      1024.8859  DIHED      =      1346.2175
 1-4 NB =       438.1502  1-4 EEL =      6304.4212  VDWAALS    =      5268.2615
 EELEC  =    -62969.5513  EHBOND  =         0.0000  RESTRAINT  =       106.3708
 EAMBER (non-restraint)  =    -48267.9814
 ------------------------------------------------------------------------------

wrapping first mol.:       20.88048       29.52946       51.14652
wrapping first mol.:       20.88048       29.52946       51.14652

 NSTEP =    36500   TIME(PS) =    1013.000  TEMP(K) =   299.51  PRESS =     0.0
 Etot   =    -37988.8114  EKtot   =     10006.9121  EPtot      =    -47995.7235
 BOND   =       393.6334  ANGLE   =      1049.2041  DIHED      =      1354.0825
 1-4 NB =       437.7012  1-4 EEL =      6309.5142  VDWAALS    =      5289.9299
 EELEC  =    -62929.8495  EHBOND  =         0.0000  RESTRAINT  =       100.0606
 EAMBER (non-restraint)  =    -48095.7842
 ------------------------------------------------------------------------------

wrapping first mol.:       20.88048       29.52946       51.14652
wrapping first mol.:       20.88048       29.52946       51.14652

 NSTEP =    37000   TIME(PS) =    1014.000  TEMP(K) =   299.67  PRESS =     0.0
 Etot   =    -38137.5394  EKtot   =     10012.0654  EPtot      =    -48149.6049
 BOND   =       371.9933  ANGLE   =      1065.2023  DIHED      =      1353.9028
 1-4 NB =       440.8047  1-4 EEL =      6282.2878  VDWAALS    =      5239.0118
 EELEC  =    -63010.6955  EHBOND  =         0.0000  RESTRAINT  =       107.8879
 EAMBER (non-restraint)  =    -48257.4927
 ------------------------------------------------------------------------------

wrapping first mol.:       20.88048       29.52946       51.14652
wrapping first mol.:       20.88048       29.52946       51.14652

 NSTEP =    37500   TIME(PS) =    1015.000  TEMP(K) =   298.25  PRESS =     0.0
 Etot   =    -37939.0796  EKtot   =      9964.6875  EPtot      =    -47903.7671
 BOND   =       384.6370  ANGLE   =      1075.4532  DIHED      =      1368.0515
 1-4 NB =       439.4773  1-4 EEL =      6289.5464  VDWAALS    =      5686.2036
 EELEC  =    -63244.5668  EHBOND  =         0.0000  RESTRAINT  =        97.4307
 EAMBER (non-restraint)  =    -48001.1978
 ------------------------------------------------------------------------------

wrapping first mol.:       20.88048       29.52946       51.14652
wrapping first mol.:       20.88048       29.52946       51.14652

 NSTEP =    38000   TIME(PS) =    1016.000  TEMP(K) =   297.54  PRESS =     0.0
 Etot   =    -37802.8448  EKtot   =      9941.0234  EPtot      =    -47743.8682
 BOND   =       378.0463  ANGLE   =      1053.7917  DIHED      =      1340.2830
 1-4 NB =       441.5301  1-4 EEL =      6315.0223  VDWAALS    =      5306.4589
 EELEC  =    -62688.7077  EHBOND  =         0.0000  RESTRAINT  =       109.7072
 EAMBER (non-restraint)  =    -47853.5754
 ------------------------------------------------------------------------------

wrapping first mol.:       20.88048       29.52946       51.14652
wrapping first mol.:       20.88048       29.52946       51.14652

 NSTEP =    38500   TIME(PS) =    1017.000  TEMP(K) =   299.90  PRESS =     0.0
 Etot   =    -37858.6406  EKtot   =     10019.7656  EPtot      =    -47878.4062
 BOND   =       342.4290  ANGLE   =      1053.9874  DIHED      =      1358.0129
 1-4 NB =       436.5339  1-4 EEL =      6310.4550  VDWAALS    =      5421.3101
 EELEC  =    -62903.5751  EHBOND  =         0.0000  RESTRAINT  =       102.4406
 EAMBER (non-restraint)  =    -47980.8468
 ------------------------------------------------------------------------------

wrapping first mol.:       20.88048       29.52946       51.14652
wrapping first mol.:       20.88048       29.52946       51.14652

 NSTEP =    39000   TIME(PS) =    1018.000  TEMP(K) =   295.38  PRESS =     0.0
 Etot   =    -38238.1999  EKtot   =      9868.9785  EPtot      =    -48107.1784
 BOND   =       330.7228  ANGLE   =      1057.1520  DIHED      =      1348.3578
 1-4 NB =       458.5089  1-4 EEL =      6293.3207  VDWAALS    =      5495.5300
 EELEC  =    -63188.7660  EHBOND  =         0.0000  RESTRAINT  =        97.9954
 EAMBER (non-restraint)  =    -48205.1738
 ------------------------------------------------------------------------------

wrapping first mol.:       20.88048       29.52946       51.14652
wrapping first mol.:       20.88048       29.52946       51.14652

 NSTEP =    39500   TIME(PS) =    1019.000  TEMP(K) =   297.84  PRESS =     0.0
 Etot   =    -38239.2051  EKtot   =      9951.0605  EPtot      =    -48190.2657
 BOND   =       353.9890  ANGLE   =      1067.6118  DIHED      =      1358.7143
 1-4 NB =       453.7043  1-4 EEL =      6308.5147  VDWAALS    =      5175.8252
 EELEC  =    -63005.0247  EHBOND  =         0.0000  RESTRAINT  =        96.3996
 EAMBER (non-restraint)  =    -48286.6652
 ------------------------------------------------------------------------------

wrapping first mol.:       20.88048       29.52946       51.14652
wrapping first mol.:       20.88048       29.52946       51.14652

 NSTEP =    40000   TIME(PS) =    1020.000  TEMP(K) =   303.36  PRESS =     0.0
 Etot   =    -37929.4640  EKtot   =     10135.4834  EPtot      =    -48064.9474
 BOND   =       350.3146  ANGLE   =      1081.2899  DIHED      =      1360.7778
 1-4 NB =       444.7261  1-4 EEL =      6336.3714  VDWAALS    =      5458.0649
 EELEC  =    -63197.3035  EHBOND  =         0.0000  RESTRAINT  =       100.8114
 EAMBER (non-restraint)  =    -48165.7589
 ------------------------------------------------------------------------------

wrapping first mol.:       20.88048       29.52946       51.14652
wrapping first mol.:       20.88048       29.52946       51.14652

 NSTEP =    40500   TIME(PS) =    1021.000  TEMP(K) =   299.92  PRESS =     0.0
 Etot   =    -38054.5364  EKtot   =     10020.6670  EPtot      =    -48075.2034
 BOND   =       352.0344  ANGLE   =      1064.1542  DIHED      =      1361.0419
 1-4 NB =       436.7670  1-4 EEL =      6261.3618  VDWAALS    =      5269.6846
 EELEC  =    -62911.6831  EHBOND  =         0.0000  RESTRAINT  =        91.4357
 EAMBER (non-restraint)  =    -48166.6392
 ------------------------------------------------------------------------------

wrapping first mol.:       20.88048       29.52946       51.14652
wrapping first mol.:       20.88048       29.52946       51.14652

 NSTEP =    41000   TIME(PS) =    1022.000  TEMP(K) =   300.08  PRESS =     0.0
 Etot   =    -38283.0596  EKtot   =     10025.8359  EPtot      =    -48308.8955
 BOND   =       324.3963  ANGLE   =      1028.2633  DIHED      =      1379.5012
 1-4 NB =       459.0417  1-4 EEL =      6316.2189  VDWAALS    =      5412.0092
 EELEC  =    -63328.4215  EHBOND  =         0.0000  RESTRAINT  =       100.0952
 EAMBER (non-restraint)  =    -48408.9908
 ------------------------------------------------------------------------------

wrapping first mol.:       20.88048       29.52946       51.14652
wrapping first mol.:       20.88048       29.52946       51.14652

 NSTEP =    41500   TIME(PS) =    1023.000  TEMP(K) =   299.92  PRESS =     0.0
 Etot   =    -38091.6999  EKtot   =     10020.5215  EPtot      =    -48112.2214
 BOND   =       348.9543  ANGLE   =      1049.3527  DIHED      =      1348.0737
 1-4 NB =       433.2873  1-4 EEL =      6283.2428  VDWAALS    =      5534.6113
 EELEC  =    -63220.4250  EHBOND  =         0.0000  RESTRAINT  =       110.6815
 EAMBER (non-restraint)  =    -48222.9029
 ------------------------------------------------------------------------------

wrapping first mol.:       20.88048       29.52946       51.14652
wrapping first mol.:       20.88048       29.52946       51.14652

 NSTEP =    42000   TIME(PS) =    1024.000  TEMP(K) =   298.03  PRESS =     0.0
 Etot   =    -38050.2189  EKtot   =      9957.3066  EPtot      =    -48007.5255
 BOND   =       364.4494  ANGLE   =      1038.9285  DIHED      =      1365.6333
 1-4 NB =       441.5113  1-4 EEL =      6313.2070  VDWAALS    =      5402.5039
 EELEC  =    -63045.4775  EHBOND  =         0.0000  RESTRAINT  =       111.7186
 EAMBER (non-restraint)  =    -48119.2441
 ------------------------------------------------------------------------------

wrapping first mol.:       20.88048       29.52946       51.14652
wrapping first mol.:       20.88048       29.52946       51.14652

 NSTEP =    42500   TIME(PS) =    1025.000  TEMP(K) =   298.80  PRESS =     0.0
 Etot   =    -37781.5003  EKtot   =      9983.1211  EPtot      =    -47764.6214
 BOND   =       352.3789  ANGLE   =      1074.6673  DIHED      =      1367.8476
 1-4 NB =       439.0243  1-4 EEL =      6323.8857  VDWAALS    =      5257.9303
 EELEC  =    -62690.1677  EHBOND  =         0.0000  RESTRAINT  =       109.8122
 EAMBER (non-restraint)  =    -47874.4335
 ------------------------------------------------------------------------------

wrapping first mol.:       20.88048       29.52946       51.14652
wrapping first mol.:       20.88048       29.52946       51.14652

 NSTEP =    43000   TIME(PS) =    1026.000  TEMP(K) =   300.11  PRESS =     0.0
 Etot   =    -37971.7847  EKtot   =     10027.0361  EPtot      =    -47998.8208
 BOND   =       331.9576  ANGLE   =      1069.1426  DIHED      =      1354.8735
 1-4 NB =       439.2068  1-4 EEL =      6308.1115  VDWAALS    =      5232.1491
 EELEC  =    -62836.0082  EHBOND  =         0.0000  RESTRAINT  =       101.7462
 EAMBER (non-restraint)  =    -48100.5671
 ------------------------------------------------------------------------------

wrapping first mol.:       20.88048       29.52946       51.14652
wrapping first mol.:       20.88048       29.52946       51.14652

 NSTEP =    43500   TIME(PS) =    1027.000  TEMP(K) =   298.68  PRESS =     0.0
 Etot   =    -38002.3835  EKtot   =      9979.0723  EPtot      =    -47981.4558
 BOND   =       368.8648  ANGLE   =      1080.1942  DIHED      =      1316.1922
 1-4 NB =       457.0391  1-4 EEL =      6320.1018  VDWAALS    =      5420.7031
 EELEC  =    -63039.4902  EHBOND  =         0.0000  RESTRAINT  =        94.9393
 EAMBER (non-restraint)  =    -48076.3951
 ------------------------------------------------------------------------------

wrapping first mol.:       20.88048       29.52946       51.14652
wrapping first mol.:       20.88048       29.52946       51.14652

 NSTEP =    44000   TIME(PS) =    1028.000  TEMP(K) =   299.79  PRESS =     0.0
 Etot   =    -38091.3871  EKtot   =     10016.0400  EPtot      =    -48107.4272
 BOND   =       350.4668  ANGLE   =      1045.2863  DIHED      =      1349.2461
 1-4 NB =       450.8293  1-4 EEL =      6308.2046  VDWAALS    =      5437.4658
 EELEC  =    -63147.5196  EHBOND  =         0.0000  RESTRAINT  =        98.5936
 EAMBER (non-restraint)  =    -48206.0207
 ------------------------------------------------------------------------------

wrapping first mol.:       20.88048       29.52946       51.14652
wrapping first mol.:       20.88048       29.52946       51.14652

 NSTEP =    44500   TIME(PS) =    1029.000  TEMP(K) =   298.60  PRESS =     0.0
 Etot   =    -38181.1808  EKtot   =      9976.4629  EPtot      =    -48157.6437
 BOND   =       368.1915  ANGLE   =      1060.6254  DIHED      =      1339.4575
 1-4 NB =       438.9085  1-4 EEL =      6258.9211  VDWAALS    =      5489.3031
 EELEC  =    -63228.4859  EHBOND  =         0.0000  RESTRAINT  =       115.4353
 EAMBER (non-restraint)  =    -48273.0790
 ------------------------------------------------------------------------------

wrapping first mol.:       20.88048       29.52946       51.14652
wrapping first mol.:       20.88048       29.52946       51.14652

 NSTEP =    45000   TIME(PS) =    1030.000  TEMP(K) =   296.80  PRESS =     0.0
 Etot   =    -38197.8373  EKtot   =      9916.1221  EPtot      =    -48113.9594
 BOND   =       324.5227  ANGLE   =      1022.8731  DIHED      =      1332.9017
 1-4 NB =       456.3670  1-4 EEL =      6339.4570  VDWAALS    =      5295.7752
 EELEC  =    -62986.2872  EHBOND  =         0.0000  RESTRAINT  =       100.4310
 EAMBER (non-restraint)  =    -48214.3904
 ------------------------------------------------------------------------------

wrapping first mol.:       20.88048       29.52946       51.14652
wrapping first mol.:       20.88048       29.52946       51.14652

 NSTEP =    45500   TIME(PS) =    1031.000  TEMP(K) =   302.04  PRESS =     0.0
 Etot   =    -37906.2081  EKtot   =     10091.2129  EPtot      =    -47997.4210
 BOND   =       386.8854  ANGLE   =      1048.3356  DIHED      =      1350.9524
 1-4 NB =       452.5596  1-4 EEL =      6328.8609  VDWAALS    =      5437.9825
 EELEC  =    -63109.6432  EHBOND  =         0.0000  RESTRAINT  =       106.6457
 EAMBER (non-restraint)  =    -48104.0667
 ------------------------------------------------------------------------------

wrapping first mol.:       20.88048       29.52946       51.14652
wrapping first mol.:       20.88048       29.52946       51.14652

 NSTEP =    46000   TIME(PS) =    1032.000  TEMP(K) =   303.42  PRESS =     0.0
 Etot   =    -37725.1090  EKtot   =     10137.5820  EPtot      =    -47862.6910
 BOND   =       363.2305  ANGLE   =      1080.1573  DIHED      =      1367.9711
 1-4 NB =       429.2186  1-4 EEL =      6277.6398  VDWAALS    =      5427.8493
 EELEC  =    -62922.7629  EHBOND  =         0.0000  RESTRAINT  =       114.0053
 EAMBER (non-restraint)  =    -47976.6963
 ------------------------------------------------------------------------------

wrapping first mol.:       20.88048       29.52946       51.14652
wrapping first mol.:       20.88048       29.52946       51.14652

 NSTEP =    46500   TIME(PS) =    1033.000  TEMP(K) =   299.72  PRESS =     0.0
 Etot   =    -38088.5789  EKtot   =     10013.8711  EPtot      =    -48102.4500
 BOND   =       359.7777  ANGLE   =      1065.5555  DIHED      =      1357.3289
 1-4 NB =       434.7705  1-4 EEL =      6314.5967  VDWAALS    =      5398.3734
 EELEC  =    -63134.5918  EHBOND  =         0.0000  RESTRAINT  =       101.7392
 EAMBER (non-restraint)  =    -48204.1891
 ------------------------------------------------------------------------------

wrapping first mol.:       20.88048       29.52946       51.14652
wrapping first mol.:       20.88048       29.52946       51.14652

 NSTEP =    47000   TIME(PS) =    1034.000  TEMP(K) =   298.27  PRESS =     0.0
 Etot   =    -37914.5988  EKtot   =      9965.3242  EPtot      =    -47879.9230
 BOND   =       375.3588  ANGLE   =      1085.3709  DIHED      =      1357.9231
 1-4 NB =       447.7735  1-4 EEL =      6267.9351  VDWAALS    =      5363.5091
 EELEC  =    -62886.5214  EHBOND  =         0.0000  RESTRAINT  =       108.7277
 EAMBER (non-restraint)  =    -47988.6508
 ------------------------------------------------------------------------------

wrapping first mol.:       20.88048       29.52946       51.14652
wrapping first mol.:       20.88048       29.52946       51.14652

 NSTEP =    47500   TIME(PS) =    1035.000  TEMP(K) =   303.54  PRESS =     0.0
 Etot   =    -38095.6982  EKtot   =     10141.5781  EPtot      =    -48237.2764
 BOND   =       364.9874  ANGLE   =      1065.3101  DIHED      =      1361.3462
 1-4 NB =       445.5036  1-4 EEL =      6295.3990  VDWAALS    =      5453.6790
 EELEC  =    -63322.0589  EHBOND  =         0.0000  RESTRAINT  =        98.5573
 EAMBER (non-restraint)  =    -48335.8337
 ------------------------------------------------------------------------------

wrapping first mol.:       20.88048       29.52946       51.14652
wrapping first mol.:       20.88048       29.52946       51.14652

 NSTEP =    48000   TIME(PS) =    1036.000  TEMP(K) =   299.98  PRESS =     0.0
 Etot   =    -38055.8561  EKtot   =     10022.4990  EPtot      =    -48078.3551
 BOND   =       358.8353  ANGLE   =      1084.6767  DIHED      =      1348.3115
 1-4 NB =       445.5418  1-4 EEL =      6294.9158  VDWAALS    =      5290.2637
 EELEC  =    -62999.3989  EHBOND  =         0.0000  RESTRAINT  =        98.4990
 EAMBER (non-restraint)  =    -48176.8542
 ------------------------------------------------------------------------------

wrapping first mol.:       20.88048       29.52946       51.14652
wrapping first mol.:       20.88048       29.52946       51.14652

 NSTEP =    48500   TIME(PS) =    1037.000  TEMP(K) =   296.41  PRESS =     0.0
 Etot   =    -38063.0138  EKtot   =      9903.1816  EPtot      =    -47966.1954
 BOND   =       351.9723  ANGLE   =      1077.5927  DIHED      =      1341.5047
 1-4 NB =       451.1417  1-4 EEL =      6292.9564  VDWAALS    =      5375.5723
 EELEC  =    -62964.6644  EHBOND  =         0.0000  RESTRAINT  =       107.7288
 EAMBER (non-restraint)  =    -48073.9242
 ------------------------------------------------------------------------------

wrapping first mol.:       20.88048       29.52946       51.14652
wrapping first mol.:       20.88048       29.52946       51.14652

 NSTEP =    49000   TIME(PS) =    1038.000  TEMP(K) =   300.00  PRESS =     0.0
 Etot   =    -38056.0305  EKtot   =     10023.1045  EPtot      =    -48079.1350
 BOND   =       361.2469  ANGLE   =      1037.3361  DIHED      =      1356.8569
 1-4 NB =       452.1865  1-4 EEL =      6308.2147  VDWAALS    =      5208.4094
 EELEC  =    -62899.5826  EHBOND  =         0.0000  RESTRAINT  =        96.1971
 EAMBER (non-restraint)  =    -48175.3321
 ------------------------------------------------------------------------------

wrapping first mol.:       20.88048       29.52946       51.14652
wrapping first mol.:       20.88048       29.52946       51.14652

 NSTEP =    49500   TIME(PS) =    1039.000  TEMP(K) =   300.65  PRESS =     0.0
 Etot   =    -37972.2347  EKtot   =     10044.9893  EPtot      =    -48017.2240
 BOND   =       337.3867  ANGLE   =      1067.5576  DIHED      =      1357.5575
 1-4 NB =       453.8871  1-4 EEL =      6313.2299  VDWAALS    =      5472.5516
 EELEC  =    -63126.1811  EHBOND  =         0.0000  RESTRAINT  =       106.7866
 EAMBER (non-restraint)  =    -48124.0106
 ------------------------------------------------------------------------------

wrapping first mol.:       20.88048       29.52946       51.14652
wrapping first mol.:       20.88048       29.52946       51.14652

 NSTEP =    50000   TIME(PS) =    1040.000  TEMP(K) =   298.67  PRESS =     0.0
 Etot   =    -38127.6862  EKtot   =      9978.7178  EPtot      =    -48106.4040
 BOND   =       351.2728  ANGLE   =      1043.2069  DIHED      =      1370.4543
 1-4 NB =       440.0449  1-4 EEL =      6305.3614  VDWAALS    =      5287.1870
 EELEC  =    -63008.6698  EHBOND  =         0.0000  RESTRAINT  =       104.7385
 EAMBER (non-restraint)  =    -48211.1425
 ------------------------------------------------------------------------------


      A V E R A G E S   O V E R     100 S T E P S


 NSTEP =    50000   TIME(PS) =    1040.000  TEMP(K) =   299.96  PRESS =     0.0
 Etot   =    -38041.3599  EKtot   =     10021.8198  EPtot      =    -48063.1797
 BOND   =       351.9679  ANGLE   =      1055.0353  DIHED      =      1356.0873
 1-4 NB =       445.8038  1-4 EEL =      6301.0629  VDWAALS    =      5374.6880
 EELEC  =    -63051.2625  EHBOND  =         0.0000  RESTRAINT  =       103.4377
 EAMBER (non-restraint)  =    -48166.6174
 ------------------------------------------------------------------------------


      R M S  F L U C T U A T I O N S


 NSTEP =    50000   TIME(PS) =    1040.000  TEMP(K) =     2.23  PRESS =     0.0
 Etot   =       131.2483  EKtot   =        74.4169  EPtot      =       115.8493
 BOND   =        14.6463  ANGLE   =        24.0274  DIHED      =        11.4222
 1-4 NB =         8.8134  1-4 EEL =        21.4055  VDWAALS    =        97.9272
 EELEC  =       156.5457  EHBOND  =         0.0000  RESTRAINT  =         6.1104
 EAMBER (non-restraint)  =       109.7389
 ------------------------------------------------------------------------------

--------------------------------------------------------------------------------
   5.  TIMINGS
--------------------------------------------------------------------------------

|  NonSetup CPU Time in Major Routines:
|
|     Routine           Sec        %
|     ------------------------------
|     Nonbond          22.29   41.84
|     Bond              0.00    0.00
|     Angle             0.00    0.00
|     Dihedral          0.00    0.00
|     Shake             1.22    2.28
|     RunMD            29.62   55.61
|     Other             0.14    0.26
|     ------------------------------
|     Total            53.27

|  PME Nonbond Pairlist CPU Time:
|
|     Routine              Sec        %
|     ---------------------------------
|     Set Up Cit           0.00    0.00
|     Build List           0.00    0.00
|     ---------------------------------
|     Total                0.00    0.00

|  PME Direct Force CPU Time:
|
|     Routine              Sec        %
|     ---------------------------------
|     NonBonded Calc       0.00    0.00
|     Exclude Masked       0.00    0.00
|     Other                0.05    0.09
|     ---------------------------------
|     Total                0.05    0.09

|  PME Reciprocal Force CPU Time:
|
|     Routine              Sec        %
|     ---------------------------------
|     1D bspline           0.00    0.00
|     Grid Charges         0.00    0.00
|     Scalar Sum           0.00    0.00
|     Gradient Sum         0.00    0.00
|     FFT                  0.00    0.00
|     ---------------------------------
|     Total                0.00    0.00

|  Final Performance Info:
|     -----------------------------------------------------
|     Average timings for last   13500 steps:
|     Elapsed(s) =      21.24 Per Step(ms) =       1.57
|         ns/day =     109.83   seconds/ns =     786.66
|
|     Average timings for all steps:
|     Elapsed(s) =      82.51 Per Step(ms) =       1.65
|         ns/day =     104.72   seconds/ns =     825.09
|     -----------------------------------------------------

|  Setup CPU time:            2.41 seconds
|  NonSetup CPU time:        53.27 seconds
|  Total CPU time:           55.68 seconds     0.02 hours

|  Setup wall time:           3    seconds
|  NonSetup wall time:       83    seconds
|  Total wall time:          86    seconds     0.02 hours
