
[4m    Welcome to [4;5;44m Mordor [0m[4m, a server from the Roitberg group[0m
     pbarletta 

    If you experience any problems please contact:
      Vinicius Cruzeiro (vwcruzeiro@ufl.edu)
      Justin Smith (jsmith48@ufl.edu)

    [4;5;43mFor system information type:[0m mordorinfo

    The jobs running on the PBS TORQUE are: 
     37625.mordor         pbarlett batch    lb_pdz            20193     1   0    --  1000: R 314:5   mordor/1
     39295.mordor         cdever01 batch    pdsub             18666     1   1    --  1200: R 97:41   mordor/3
     39296.mordor         cdever01 batch    pd2sub            18819     1   1    --  1200: R 97:38   mordor/4
     39297.mordor         cdever01 batch    pd3sub            18914     1   1    --  1200: R 97:38   mordor/5
     39298.mordor         cdever01 batch    pd4sub            19004     1   1    --  1200: R 97:38   mordor/7
     39299.mordor         cdever01 batch    pd5sub            19091     1   1    --  1200: R 97:38   mordor/8
     39320.mordor         kdrana   batch    PyCPR             30850     1   0    --  1000: R 46:20   mordor/0,2
     39328.mordor         pbarlett batch    ctv_equ           29632     1   0    --  1000: R   --    mordor/6
     39329.mordor         pbarlett batch    eol_equ           29698     1   0    --  1000: R   --    mordor/9

    Current users logged in (use 'write [user name]' to communicate):
     pbuteler pts/0        Nov 20 17:08 (10.30.173.135)
     kdrana   pts/1        Nov 17 11:19 (10.136.184.43)
     sunidhi  pts/3        Nov 20 17:36 (10.30.173.129)
     delaram  pts/9        Nov 15 15:49 (10.30.162.0)
     kdrana   pts/10       Nov 16 10:12 (10.136.184.43)
     kdrana   pts/15       Nov 20 11:43 (10.136.184.43)
     pbuteler pts/48       Nov 21 10:34 (10.30.173.135)
     gaoxiang pts/42       Nov 21 15:30 (tmux(26325).%1)
     pbarletta pts/44       Nov 25 12:38 (10.33.147.33)
     pbarletta pts/28       Nov 25 12:41 (10.33.147.33)


    As we benefit from the inventions of others, we should be glad to share our
    own ... freely and gladly."
    	-- Franklin
    
Step: 1
Note: The following floating-point exceptions are signalling: IEEE_INVALID_FLAG IEEE_OVERFLOW_FLAG IEEE_UNDERFLOW_FLAG IEEE_DENORMAL
Done step: 1
Step: 2
Note: The following floating-point exceptions are signalling: IEEE_UNDERFLOW_FLAG IEEE_DENORMAL
Done step: 2
Step: 3
Note: The following floating-point exceptions are signalling: IEEE_UNDERFLOW_FLAG IEEE_DENORMAL
Done step: 3
Step: 4
Note: The following floating-point exceptions are signalling: IEEE_UNDERFLOW_FLAG IEEE_DENORMAL
Done step: 4
Step: 5
Note: The following floating-point exceptions are signalling: IEEE_UNDERFLOW_FLAG IEEE_DENORMAL
Done step: 5
Step: 6
Note: The following floating-point exceptions are signalling: IEEE_UNDERFLOW_FLAG IEEE_DENORMAL
Done step: 6
Step: 7
Note: The following floating-point exceptions are signalling: IEEE_UNDERFLOW_FLAG IEEE_DENORMAL
Done step: 7
Step: 8
Note: The following floating-point exceptions are signalling: IEEE_UNDERFLOW_FLAG IEEE_DENORMAL
Done step: 8
Step: 9
Note: The following floating-point exceptions are signalling: IEEE_UNDERFLOW_FLAG IEEE_DENORMAL
Done step: 9
Step: 10
Note: The following floating-point exceptions are signalling: IEEE_UNDERFLOW_FLAG IEEE_DENORMAL
Done step: 10
Step: 11
Note: The following floating-point exceptions are signalling: IEEE_UNDERFLOW_FLAG IEEE_DENORMAL
Done step: 11
Step: 12
Note: The following floating-point exceptions are signalling: IEEE_UNDERFLOW_FLAG IEEE_DENORMAL
Done step: 12
Step: 13
Note: The following floating-point exceptions are signalling: IEEE_UNDERFLOW_FLAG IEEE_DENORMAL
Done step: 13
Step: 14
Note: The following floating-point exceptions are signalling: IEEE_UNDERFLOW_FLAG IEEE_DENORMAL
Done step: 14
Step: 15
Note: The following floating-point exceptions are signalling: IEEE_UNDERFLOW_FLAG IEEE_DENORMAL
Done step: 15
Step: 16
Note: The following floating-point exceptions are signalling: IEEE_UNDERFLOW_FLAG IEEE_DENORMAL
Done step: 16
Step: 17
Note: The following floating-point exceptions are signalling: IEEE_UNDERFLOW_FLAG IEEE_DENORMAL
Done step: 17
Step: 18
Note: The following floating-point exceptions are signalling: IEEE_UNDERFLOW_FLAG IEEE_DENORMAL
Done step: 18
Step: 19
Note: The following floating-point exceptions are signalling: IEEE_UNDERFLOW_FLAG IEEE_DENORMAL
Done step: 19
Step: 20
Note: The following floating-point exceptions are signalling: IEEE_UNDERFLOW_FLAG IEEE_DENORMAL
Done step: 20
Step: 21
Note: The following floating-point exceptions are signalling: IEEE_UNDERFLOW_FLAG IEEE_DENORMAL
Done step: 21
Step: 22
Note: The following floating-point exceptions are signalling: IEEE_UNDERFLOW_FLAG IEEE_DENORMAL
Done step: 22
Step: 23
Note: The following floating-point exceptions are signalling: IEEE_UNDERFLOW_FLAG IEEE_DENORMAL
Done step: 23
Step: 24
Note: The following floating-point exceptions are signalling: IEEE_UNDERFLOW_FLAG IEEE_DENORMAL
Done step: 24
Step: 25
Note: The following floating-point exceptions are signalling: IEEE_UNDERFLOW_FLAG IEEE_DENORMAL
Done step: 25
Step: 26
Note: The following floating-point exceptions are signalling: IEEE_UNDERFLOW_FLAG IEEE_DENORMAL
Done step: 26
Step: 27
Note: The following floating-point exceptions are signalling: IEEE_UNDERFLOW_FLAG IEEE_DENORMAL
Done step: 27
Step: 28
Note: The following floating-point exceptions are signalling: IEEE_UNDERFLOW_FLAG IEEE_DENORMAL
Done step: 28
Step: 29
Note: The following floating-point exceptions are signalling: IEEE_UNDERFLOW_FLAG IEEE_DENORMAL
Done step: 29
Step: 30
Note: The following floating-point exceptions are signalling: IEEE_UNDERFLOW_FLAG IEEE_DENORMAL
Done single step: 30
