
          -------------------------------------------------------
          Amber 16 PMEMD                              2016
          -------------------------------------------------------

| PMEMD implementation of SANDER, Release 16

| Run on 11/06/2017 at 12:36:03

|   Executable path: /apps/amber16/bin/pmemd.cuda
| Working directory: /home/pbarletta
|          Hostname: mordor

  [-O]verwriting output

File Assignments:
|   MDIN: /scratch/pbarletta/cph_obp/run/apo/mhe/e/10equ.in                     
|  MDOUT: /scratch/pbarletta/cph_obp/run/apo/mhe/e/10equ.out                    
| INPCRD: /scratch/pbarletta/cph_obp/run/apo/mhe/e/9eapo.rst7                   
|   PARM: /scratch/pbarletta/cph_obp/top_files/apo.prmtop                       
| RESTRT: /scratch/pbarletta/cph_obp/run/apo/mhe/e/10eapo.rst7                  
|   REFC: /scratch/pbarletta/cph_obp/run/apo/mhe/e/9eapo.rst7                   
|  MDVEL: mdvel                                                                 
|   MDEN: mden                                                                  
|  MDCRD: /scratch/pbarletta/cph_obp/run/apo/mhe/e/10eapo.nc                    
| MDINFO: mdinfo                                                                
|  MDFRC: mdfrc                                                                 


 Here is the input file:

Equilibration with solute restrictions                                         
&cntrl                                                                         
imin = 0,                           ! No Minimization                          
nmropt = 0,                         ! No NMR restraints read                   
                                                                               
! Nature and format of the input                                               
ntx = 5,                            ! Coordinates but no velocities will be rea
irest = 1,                          ! Do not run a new simulation              
                                                                               
! Nature and format of the output                                              
ntxo = 1,                           ! rstrt file in ASCII format               
ntpr = 500,                         ! inf in output every ntpr steps           
ntwr = 500,                         ! rstrt file every ntwr steps              
ntwx = 500,                         ! mdcrd file every ntwx steps              
ntwv = 0,                           ! mdvel without velocities                 
ntwe = 0,                           ! Energies and temperatures not written in 
idecomp = 0,                        ! No energy decomposition                  
iwrap = 1,                          ! Coordinates of the restart and mdcrd file
                                                                               
! Frozen or restrained atoms                                                   
ibelly = 0,                         ! No frozen atoms                          
ntr=1,                              ! Harmonic potential restraints            
restraint_wt = 7.0,                ! The weight for the positional restraints  
restraintmask = ':1-119@N,CA,C,O',  ! restrained residues                      
                                                                               
! Molecular dynamics                                                           
nstlim = 50000,                     ! Number of MD-steps                       
dt = 0.002,                         ! Time step                                
                                                                               
! Temperature regulation                                                       
ntt = 3,                            ! Langevin thermostat                      
gamma_ln = 5,                       ! Gamma constant for Langevin              
temp0 = 300.0,                      ! Reference T at which the system is to be 
tempi = 300.0,                      ! Initial T                                
ig = -1,                            ! Seed for the RNG                         
                                                                               
! P and V regulation                                                           
ntp = 0,                            ! No pressure control                      
ntb = 1,                            ! Periodic box for constant V              
                                                                               
! SHAKE variables                                                              
ntc = 2,                            ! Bonds involving H are constrained        
ntf = 2,                            ! Bond interaction involving H are ommited.
                                                                               
cut = 10.0,                         ! Nonbonded cutoff                         
                                                                               
/                                                                              
&end                                                                           


Note: ig = -1. Setting random seed to   235288 based on wallclock time in 
      microseconds.
| irandom = 1, using AMBER's internal random number generator (default).
 
|--------------------- INFORMATION ----------------------
| GPU (CUDA) Version of PMEMD in use: NVIDIA GPU IN USE.
|                    Version 16.0.0
| 
|                      02/25/2016
| 
| Implementation by:
|                    Ross C. Walker     (SDSC)
|                    Scott Le Grand     (nVIDIA)
| 
| Precision model in use:
|      [SPFP] - Single Precision Forces, 64-bit Fixed Point
|               Accumulation. (Default)
| 
|--------------------------------------------------------
 
|----------------- CITATION INFORMATION -----------------
|
|    When publishing work that utilized the CUDA version
|    of AMBER, please cite the following in addition to
|    the regular AMBER citations:
|
|  - Romelia Salomon-Ferrer; Andreas W. Goetz; Duncan
|    Poole; Scott Le Grand; Ross C. Walker "Routine
|    microsecond molecular dynamics simulations with
|    AMBER - Part II: Particle Mesh Ewald", J. Chem.
|    Theory Comput., 2013, 9 (9), pp3878-3888,
|    DOI: 10.1021/ct400314y.
|
|  - Andreas W. Goetz; Mark J. Williamson; Dong Xu;
|    Duncan Poole; Scott Le Grand; Ross C. Walker
|    "Routine microsecond molecular dynamics simulations
|    with AMBER - Part I: Generalized Born", J. Chem.
|    Theory Comput., 2012, 8 (5), pp1542-1555.
|
|  - Scott Le Grand; Andreas W. Goetz; Ross C. Walker
|    "SPFP: Speed without compromise - a mixed precision
|    model for GPU accelerated molecular dynamics
|    simulations.", Comp. Phys. Comm., 2013, 184
|    pp374-380, DOI: 10.1016/j.cpc.2012.09.022
|
|--------------------------------------------------------
 
|------------------- GPU DEVICE INFO --------------------
|
|            CUDA_VISIBLE_DEVICES: 3
|   CUDA Capable Devices Detected:      1
|           CUDA Device ID in use:      0
|                CUDA Device Name: GeForce GTX 1080 Ti
|     CUDA Device Global Mem Size:  11172 MB
| CUDA Device Num Multiprocessors:     28
|           CUDA Device Core Freq:   1.58 GHz
|
|--------------------------------------------------------
 
 
| Conditional Compilation Defines Used:
| PUBFFT
| BINTRAJ
| CUDA
| EMIL

| Largest sphere to fit in unit cell has radius =    24.825

| New format PARM file being parsed.
| Version =    1.000 Date = 11/06/17 Time = 09:43:47

| Note: 1-4 EEL scale factors are being read from the topology file.

| Note: 1-4 VDW scale factors are being read from the topology file.
| Duplicated    0 dihedrals

| Duplicated    0 dihedrals

--------------------------------------------------------------------------------
   1.  RESOURCE   USE: 
--------------------------------------------------------------------------------

 getting new box info from bottom of inpcrd
 NATOM  =   14797 NTYPES =      17 NBONH =   13853 MBONA  =     953
 NTHETH =    2337 MTHETA =    1282 NPHIH =    4475 MPHIA  =    3254
 NHPARM =       0 NPARM  =       0 NNB   =   28051 NRES   =    4390
 NBONA  =     953 NTHETA =    1282 NPHIA =    3254 NUMBND =      42
 NUMANG =      92 NPTRA  =      39 NATYP =      28 NPHB   =       1
 IFBOX  =       2 NMXRS  =      24 IFCAP =       0 NEXTRA =       0
 NCOPY  =       0

| Coordinate Index Table dimensions:     9    9    9
| Direct force subcell size =     6.7566    6.7566    6.7566

     BOX TYPE: TRUNCATED OCTAHEDRON

--------------------------------------------------------------------------------
   2.  CONTROL  DATA  FOR  THE  RUN
--------------------------------------------------------------------------------

default_name                                                                    

General flags:
     imin    =       0, nmropt  =       0

Nature and format of input:
     ntx     =       5, irest   =       1, ntrx    =       1

Nature and format of output:
     ntxo    =       1, ntpr    =     500, ntrx    =       1, ntwr    =     500
     iwrap   =       1, ntwx    =     500, ntwv    =       0, ntwe    =       0
     ioutfm  =       1, ntwprt  =       0, idecomp =       0, rbornstat=      0

Potential function:
     ntf     =       2, ntb     =       1, igb     =       0, nsnb    =      25
     ipol    =       0, gbsa    =       0, iesp    =       0
     dielc   =   1.00000, cut     =  10.00000, intdiel =   1.00000

Frozen or restrained atoms:
     ibelly  =       0, ntr     =       1
     restraint_wt =   7.00000

Molecular dynamics:
     nstlim  =     50000, nscm    =         0, nrespa  =         1
     t       =   0.00000, dt      =   0.00200, vlimit  =  -1.00000

Langevin dynamics temperature regulation:
     ig      =  235288
     temp0   = 300.00000, tempi   = 300.00000, gamma_ln=   5.00000

SHAKE:
     ntc     =       2, jfastw  =       0
     tol     =   0.00001

| Intermolecular bonds treatment:
|     no_intermolecular_bonds =       1

| Energy averages sample interval:
|     ene_avg_sampling =     500

Ewald parameters:
     verbose =       0, ew_type =       0, nbflag  =       1, use_pme =       1
     vdwmeth =       1, eedmeth =       1, netfrc  =       1
     Box X =   60.810   Box Y =   60.810   Box Z =   60.810
     Alpha =  109.471   Beta  =  109.471   Gamma =  109.471
     NFFT1 =   64       NFFT2 =   64       NFFT3 =   64
     Cutoff=   10.000   Tol   =0.100E-04
     Ewald Coefficient =  0.27511
     Interpolation order =    4

    LOADING THE CONSTRAINED ATOMS AS GROUPS


   5.  REFERENCE ATOM COORDINATES

  default_name                                                                    
     Mask :1-119@N,CA,C,O; matches   476 atoms

--------------------------------------------------------------------------------
   3.  ATOMIC COORDINATES AND VELOCITIES
--------------------------------------------------------------------------------

default_name                                                                    
 begin time read from input coords =  1040.000 ps

 
 Number of triangulated 3-point waters found:     4270

     Sum of charges from parm topology file =  -0.00000006
     Forcing neutrality...

| Dynamic Memory, Types Used:
| Reals              574581
| Integers           547196

| Nonbonded Pairs Initial Allocation:     4475722

| GPU memory information (estimate):
| KB of GPU memory in use:    140885
| KB of CPU memory in use:     29237

--------------------------------------------------------------------------------
   4.  RESULTS
--------------------------------------------------------------------------------

 ---------------------------------------------------
 APPROXIMATING switch and d/dx switch using CUBIC SPLINE INTERPOLATION
 using   5000.0 points per unit in tabled values
 TESTING RELATIVE ERROR over r ranging from 0.0 to cutoff
| CHECK switch(x): max rel err =   0.2738E-14   at   2.422500
| CHECK d/dx switch(x): max rel err =   0.8314E-11   at   2.736960
 ---------------------------------------------------
|---------------------------------------------------
| APPROXIMATING direct energy using CUBIC SPLINE INTERPOLATION
|  with   50.0 points per unit in tabled values
| Relative Error Limit not exceeded for r .gt.   2.33
| APPROXIMATING direct force using CUBIC SPLINE INTERPOLATION
|  with   50.0 points per unit in tabled values
| Relative Error Limit not exceeded for r .gt.   2.80
|---------------------------------------------------
wrapping first mol.:       20.26984       28.66588       49.65075
wrapping first mol.:       20.26984       28.66588       49.65075

 NSTEP =      500   TIME(PS) =    1041.000  TEMP(K) =   302.48  PRESS =     0.0
 Etot   =    -33996.9745  EKtot   =      9178.0615  EPtot      =    -43175.0360
 BOND   =       357.1558  ANGLE   =      1054.3109  DIHED      =      1335.6900
 1-4 NB =       437.3630  1-4 EEL =      6267.4143  VDWAALS    =      4458.8320
 EELEC  =    -57181.0898  EHBOND  =         0.0000  RESTRAINT  =        95.2879
 EAMBER (non-restraint)  =    -43270.3239
 ------------------------------------------------------------------------------

wrapping first mol.:       20.26984       28.66588       49.65075
wrapping first mol.:       20.26984       28.66588       49.65075

 NSTEP =     1000   TIME(PS) =    1042.000  TEMP(K) =   296.39  PRESS =     0.0
 Etot   =    -34421.2934  EKtot   =      8993.2578  EPtot      =    -43414.5512
 BOND   =       340.6181  ANGLE   =      1044.8844  DIHED      =      1360.2988
 1-4 NB =       444.4632  1-4 EEL =      6275.8209  VDWAALS    =      4909.1314
 EELEC  =    -57896.1301  EHBOND  =         0.0000  RESTRAINT  =       106.3621
 EAMBER (non-restraint)  =    -43520.9133
 ------------------------------------------------------------------------------

wrapping first mol.:       20.26984       28.66588       49.65075
wrapping first mol.:       20.26984       28.66588       49.65075

 NSTEP =     1500   TIME(PS) =    1043.000  TEMP(K) =   296.87  PRESS =     0.0
 Etot   =    -34492.2261  EKtot   =      9007.6191  EPtot      =    -43499.8452
 BOND   =       358.9331  ANGLE   =      1051.3785  DIHED      =      1336.2882
 1-4 NB =       435.5212  1-4 EEL =      6266.0003  VDWAALS    =      4748.2157
 EELEC  =    -57780.0496  EHBOND  =         0.0000  RESTRAINT  =        83.8674
 EAMBER (non-restraint)  =    -43583.7127
 ------------------------------------------------------------------------------

wrapping first mol.:       20.26984       28.66588       49.65075
wrapping first mol.:       20.26984       28.66588       49.65075

 NSTEP =     2000   TIME(PS) =    1044.000  TEMP(K) =   300.78  PRESS =     0.0
 Etot   =    -34146.9302  EKtot   =      9126.3105  EPtot      =    -43273.2407
 BOND   =       345.1871  ANGLE   =      1035.8350  DIHED      =      1337.1171
 1-4 NB =       449.7868  1-4 EEL =      6251.5219  VDWAALS    =      4775.3402
 EELEC  =    -57574.1271  EHBOND  =         0.0000  RESTRAINT  =       106.0984
 EAMBER (non-restraint)  =    -43379.3391
 ------------------------------------------------------------------------------

wrapping first mol.:       20.26984       28.66588       49.65075
wrapping first mol.:       20.26984       28.66588       49.65075

 NSTEP =     2500   TIME(PS) =    1045.000  TEMP(K) =   298.92  PRESS =     0.0
 Etot   =    -34054.6387  EKtot   =      9069.9785  EPtot      =    -43124.6172
 BOND   =       351.0230  ANGLE   =      1042.9746  DIHED      =      1329.1097
 1-4 NB =       436.2434  1-4 EEL =      6272.3467  VDWAALS    =      4538.5070
 EELEC  =    -57184.8841  EHBOND  =         0.0000  RESTRAINT  =        90.0624
 EAMBER (non-restraint)  =    -43214.6797
 ------------------------------------------------------------------------------

wrapping first mol.:       20.26984       28.66588       49.65075
wrapping first mol.:       20.26984       28.66588       49.65075

 NSTEP =     3000   TIME(PS) =    1046.000  TEMP(K) =   294.16  PRESS =     0.0
 Etot   =    -34351.3042  EKtot   =      8925.5312  EPtot      =    -43276.8354
 BOND   =       376.5387  ANGLE   =      1048.9388  DIHED      =      1344.4635
 1-4 NB =       446.0529  1-4 EEL =      6256.3308  VDWAALS    =      4865.7494
 EELEC  =    -57705.5387  EHBOND  =         0.0000  RESTRAINT  =        90.6291
 EAMBER (non-restraint)  =    -43367.4645
 ------------------------------------------------------------------------------

wrapping first mol.:       20.26984       28.66588       49.65075
wrapping first mol.:       20.26984       28.66588       49.65075

 NSTEP =     3500   TIME(PS) =    1047.000  TEMP(K) =   297.54  PRESS =     0.0
 Etot   =    -34225.0123  EKtot   =      9027.9990  EPtot      =    -43253.0113
 BOND   =       336.5111  ANGLE   =      1036.4721  DIHED      =      1363.0299
 1-4 NB =       446.0180  1-4 EEL =      6255.4900  VDWAALS    =      4728.7350
 EELEC  =    -57521.4592  EHBOND  =         0.0000  RESTRAINT  =       102.1917
 EAMBER (non-restraint)  =    -43355.2030
 ------------------------------------------------------------------------------

wrapping first mol.:       20.26984       28.66588       49.65075
wrapping first mol.:       20.26984       28.66588       49.65075

 NSTEP =     4000   TIME(PS) =    1048.000  TEMP(K) =   300.82  PRESS =     0.0
 Etot   =    -34187.6708  EKtot   =      9127.5107  EPtot      =    -43315.1815
 BOND   =       378.8092  ANGLE   =      1036.2287  DIHED      =      1335.1767
 1-4 NB =       440.6907  1-4 EEL =      6257.4158  VDWAALS    =      4706.5489
 EELEC  =    -57557.3734  EHBOND  =         0.0000  RESTRAINT  =        87.3218
 EAMBER (non-restraint)  =    -43402.5034
 ------------------------------------------------------------------------------

wrapping first mol.:       20.26984       28.66588       49.65075
wrapping first mol.:       20.26984       28.66588       49.65075

 NSTEP =     4500   TIME(PS) =    1049.000  TEMP(K) =   302.38  PRESS =     0.0
 Etot   =    -34063.6324  EKtot   =      9175.0137  EPtot      =    -43238.6461
 BOND   =       334.8198  ANGLE   =      1031.0019  DIHED      =      1312.7119
 1-4 NB =       449.0186  1-4 EEL =      6313.7496  VDWAALS    =      4694.5917
 EELEC  =    -57464.5509  EHBOND  =         0.0000  RESTRAINT  =        90.0113
 EAMBER (non-restraint)  =    -43328.6574
 ------------------------------------------------------------------------------

wrapping first mol.:       20.26984       28.66588       49.65075
wrapping first mol.:       20.26984       28.66588       49.65075

 NSTEP =     5000   TIME(PS) =    1050.000  TEMP(K) =   300.83  PRESS =     0.0
 Etot   =    -34129.8795  EKtot   =      9128.0527  EPtot      =    -43257.9323
 BOND   =       368.0314  ANGLE   =      1083.5911  DIHED      =      1339.5507
 1-4 NB =       432.4470  1-4 EEL =      6278.9415  VDWAALS    =      4707.5581
 EELEC  =    -57566.9852  EHBOND  =         0.0000  RESTRAINT  =        98.9332
 EAMBER (non-restraint)  =    -43356.8655
 ------------------------------------------------------------------------------

wrapping first mol.:       20.26984       28.66588       49.65075
wrapping first mol.:       20.26984       28.66588       49.65075

 NSTEP =     5500   TIME(PS) =    1051.000  TEMP(K) =   299.20  PRESS =     0.0
 Etot   =    -34067.1901  EKtot   =      9078.6055  EPtot      =    -43145.7956
 BOND   =       333.2035  ANGLE   =      1041.5722  DIHED      =      1339.9625
 1-4 NB =       444.2261  1-4 EEL =      6284.1360  VDWAALS    =      4748.2583
 EELEC  =    -57440.8637  EHBOND  =         0.0000  RESTRAINT  =       103.7096
 EAMBER (non-restraint)  =    -43249.5051
 ------------------------------------------------------------------------------

wrapping first mol.:       20.26984       28.66588       49.65075
wrapping first mol.:       20.26984       28.66588       49.65075

 NSTEP =     6000   TIME(PS) =    1052.000  TEMP(K) =   297.19  PRESS =     0.0
 Etot   =    -34173.9153  EKtot   =      9017.5215  EPtot      =    -43191.4368
 BOND   =       374.0287  ANGLE   =      1053.8007  DIHED      =      1346.3175
 1-4 NB =       430.8553  1-4 EEL =      6274.5425  VDWAALS    =      4640.1541
 EELEC  =    -57404.6735  EHBOND  =         0.0000  RESTRAINT  =        93.5380
 EAMBER (non-restraint)  =    -43284.9748
 ------------------------------------------------------------------------------

wrapping first mol.:       20.26984       28.66588       49.65075
wrapping first mol.:       20.26984       28.66588       49.65075

 NSTEP =     6500   TIME(PS) =    1053.000  TEMP(K) =   298.46  PRESS =     0.0
 Etot   =    -34116.2107  EKtot   =      9055.8564  EPtot      =    -43172.0671
 BOND   =       345.8263  ANGLE   =      1008.8016  DIHED      =      1366.2327
 1-4 NB =       436.0415  1-4 EEL =      6291.8906  VDWAALS    =      4758.7374
 EELEC  =    -57468.1365  EHBOND  =         0.0000  RESTRAINT  =        88.5393
 EAMBER (non-restraint)  =    -43260.6064
 ------------------------------------------------------------------------------

wrapping first mol.:       20.26984       28.66588       49.65075
wrapping first mol.:       20.26984       28.66588       49.65075

 NSTEP =     7000   TIME(PS) =    1054.000  TEMP(K) =   302.26  PRESS =     0.0
 Etot   =    -34003.1763  EKtot   =      9171.2373  EPtot      =    -43174.4136
 BOND   =       339.3047  ANGLE   =      1036.3750  DIHED      =      1350.3349
 1-4 NB =       442.5729  1-4 EEL =      6276.2260  VDWAALS    =      4722.4945
 EELEC  =    -57437.8523  EHBOND  =         0.0000  RESTRAINT  =        96.1306
 EAMBER (non-restraint)  =    -43270.5442
 ------------------------------------------------------------------------------

wrapping first mol.:       20.26984       28.66588       49.65075
wrapping first mol.:       20.26984       28.66588       49.65075

 NSTEP =     7500   TIME(PS) =    1055.000  TEMP(K) =   300.22  PRESS =     0.0
 Etot   =    -34029.8404  EKtot   =      9109.5371  EPtot      =    -43139.3775
 BOND   =       344.8268  ANGLE   =      1029.1998  DIHED      =      1341.8080
 1-4 NB =       438.3321  1-4 EEL =      6280.8695  VDWAALS    =      4613.5574
 EELEC  =    -57287.9750  EHBOND  =         0.0000  RESTRAINT  =       100.0039
 EAMBER (non-restraint)  =    -43239.3814
 ------------------------------------------------------------------------------

wrapping first mol.:       20.26984       28.66588       49.65075
wrapping first mol.:       20.26984       28.66588       49.65075

 NSTEP =     8000   TIME(PS) =    1056.000  TEMP(K) =   297.32  PRESS =     0.0
 Etot   =    -34167.9566  EKtot   =      9021.3066  EPtot      =    -43189.2633
 BOND   =       351.0140  ANGLE   =      1042.8545  DIHED      =      1330.6541
 1-4 NB =       449.5749  1-4 EEL =      6301.4323  VDWAALS    =      4761.2000
 EELEC  =    -57519.0901  EHBOND  =         0.0000  RESTRAINT  =        93.0971
 EAMBER (non-restraint)  =    -43282.3604
 ------------------------------------------------------------------------------

wrapping first mol.:       20.26984       28.66588       49.65075
wrapping first mol.:       20.26984       28.66588       49.65075

 NSTEP =     8500   TIME(PS) =    1057.000  TEMP(K) =   304.47  PRESS =     0.0
 Etot   =    -34077.0478  EKtot   =      9238.4111  EPtot      =    -43315.4589
 BOND   =       329.5147  ANGLE   =      1041.7097  DIHED      =      1338.9402
 1-4 NB =       449.2230  1-4 EEL =      6259.3363  VDWAALS    =      4630.2691
 EELEC  =    -57470.1742  EHBOND  =         0.0000  RESTRAINT  =       105.7223
 EAMBER (non-restraint)  =    -43421.1812
 ------------------------------------------------------------------------------

wrapping first mol.:       20.26984       28.66588       49.65075
wrapping first mol.:       20.26984       28.66588       49.65075

 NSTEP =     9000   TIME(PS) =    1058.000  TEMP(K) =   298.70  PRESS =     0.0
 Etot   =    -34203.6911  EKtot   =      9063.2266  EPtot      =    -43266.9177
 BOND   =       359.2324  ANGLE   =      1065.4692  DIHED      =      1337.5271
 1-4 NB =       437.8901  1-4 EEL =      6267.1249  VDWAALS    =      4895.1142
 EELEC  =    -57721.7419  EHBOND  =         0.0000  RESTRAINT  =        92.4663
 EAMBER (non-restraint)  =    -43359.3839
 ------------------------------------------------------------------------------

wrapping first mol.:       20.26984       28.66588       49.65075
wrapping first mol.:       20.26984       28.66588       49.65075

 NSTEP =     9500   TIME(PS) =    1059.000  TEMP(K) =   298.65  PRESS =     0.0
 Etot   =    -34240.5671  EKtot   =      9061.7119  EPtot      =    -43302.2790
 BOND   =       339.2385  ANGLE   =      1076.7818  DIHED      =      1344.1375
 1-4 NB =       452.4925  1-4 EEL =      6266.5455  VDWAALS    =      4695.7448
 EELEC  =    -57571.6750  EHBOND  =         0.0000  RESTRAINT  =        94.4556
 EAMBER (non-restraint)  =    -43396.7345
 ------------------------------------------------------------------------------

wrapping first mol.:       20.26984       28.66588       49.65075
wrapping first mol.:       20.26984       28.66588       49.65075

 NSTEP =    10000   TIME(PS) =    1060.000  TEMP(K) =   301.24  PRESS =     0.0
 Etot   =    -34263.5032  EKtot   =      9140.3662  EPtot      =    -43403.8694
 BOND   =       333.2596  ANGLE   =      1024.3109  DIHED      =      1353.8751
 1-4 NB =       432.0238  1-4 EEL =      6309.3746  VDWAALS    =      4512.0393
 EELEC  =    -57460.6316  EHBOND  =         0.0000  RESTRAINT  =        91.8789
 EAMBER (non-restraint)  =    -43495.7483
 ------------------------------------------------------------------------------

wrapping first mol.:       20.26984       28.66588       49.65075
wrapping first mol.:       20.26984       28.66588       49.65075

 NSTEP =    10500   TIME(PS) =    1061.000  TEMP(K) =   299.68  PRESS =     0.0
 Etot   =    -34219.4374  EKtot   =      9093.0840  EPtot      =    -43312.5214
 BOND   =       327.3738  ANGLE   =      1092.7852  DIHED      =      1350.2023
 1-4 NB =       449.8437  1-4 EEL =      6274.2265  VDWAALS    =      4707.8882
 EELEC  =    -57607.6585  EHBOND  =         0.0000  RESTRAINT  =        92.8174
 EAMBER (non-restraint)  =    -43405.3388
 ------------------------------------------------------------------------------

wrapping first mol.:       20.26984       28.66588       49.65075
wrapping first mol.:       20.26984       28.66588       49.65075

 NSTEP =    11000   TIME(PS) =    1062.000  TEMP(K) =   299.36  PRESS =     0.0
 Etot   =    -34029.6291  EKtot   =      9083.1895  EPtot      =    -43112.8185
 BOND   =       369.2893  ANGLE   =      1058.7294  DIHED      =      1355.0648
 1-4 NB =       440.4796  1-4 EEL =      6251.4063  VDWAALS    =      4549.4221
 EELEC  =    -57230.6263  EHBOND  =         0.0000  RESTRAINT  =        93.4164
 EAMBER (non-restraint)  =    -43206.2349
 ------------------------------------------------------------------------------

wrapping first mol.:       20.26984       28.66588       49.65075
wrapping first mol.:       20.26984       28.66588       49.65075

 NSTEP =    11500   TIME(PS) =    1063.000  TEMP(K) =   302.12  PRESS =     0.0
 Etot   =    -34052.9735  EKtot   =      9167.0332  EPtot      =    -43220.0067
 BOND   =       336.5178  ANGLE   =       988.7249  DIHED      =      1340.1190
 1-4 NB =       436.4383  1-4 EEL =      6294.4468  VDWAALS    =      4567.4624
 EELEC  =    -57278.6160  EHBOND  =         0.0000  RESTRAINT  =        94.9001
 EAMBER (non-restraint)  =    -43314.9068
 ------------------------------------------------------------------------------

wrapping first mol.:       20.26984       28.66588       49.65075
wrapping first mol.:       20.26984       28.66588       49.65075

 NSTEP =    12000   TIME(PS) =    1064.000  TEMP(K) =   299.17  PRESS =     0.0
 Etot   =    -34094.4593  EKtot   =      9077.6562  EPtot      =    -43172.1155
 BOND   =       343.6802  ANGLE   =      1055.2458  DIHED      =      1318.6464
 1-4 NB =       442.4441  1-4 EEL =      6266.4039  VDWAALS    =      4655.2167
 EELEC  =    -57350.9715  EHBOND  =         0.0000  RESTRAINT  =        97.2188
 EAMBER (non-restraint)  =    -43269.3343
 ------------------------------------------------------------------------------

wrapping first mol.:       20.26984       28.66588       49.65075
wrapping first mol.:       20.26984       28.66588       49.65075

 NSTEP =    12500   TIME(PS) =    1065.000  TEMP(K) =   298.39  PRESS =     0.0
 Etot   =    -34009.7531  EKtot   =      9053.8457  EPtot      =    -43063.5989
 BOND   =       356.7237  ANGLE   =      1024.8467  DIHED      =      1331.1497
 1-4 NB =       447.2216  1-4 EEL =      6279.6270  VDWAALS    =      4710.5930
 EELEC  =    -57314.3322  EHBOND  =         0.0000  RESTRAINT  =       100.5716
 EAMBER (non-restraint)  =    -43164.1705
 ------------------------------------------------------------------------------

wrapping first mol.:       20.26984       28.66588       49.65075
wrapping first mol.:       20.26984       28.66588       49.65075

 NSTEP =    13000   TIME(PS) =    1066.000  TEMP(K) =   297.84  PRESS =     0.0
 Etot   =    -34278.7654  EKtot   =      9037.1904  EPtot      =    -43315.9558
 BOND   =       360.9764  ANGLE   =      1051.4206  DIHED      =      1342.9097
 1-4 NB =       431.6877  1-4 EEL =      6264.9936  VDWAALS    =      5001.5326
 EELEC  =    -57865.1528  EHBOND  =         0.0000  RESTRAINT  =        95.6765
 EAMBER (non-restraint)  =    -43411.6323
 ------------------------------------------------------------------------------

wrapping first mol.:       20.26984       28.66588       49.65075
wrapping first mol.:       20.26984       28.66588       49.65075

 NSTEP =    13500   TIME(PS) =    1067.000  TEMP(K) =   300.49  PRESS =     0.0
 Etot   =    -34269.4016  EKtot   =      9117.6836  EPtot      =    -43387.0852
 BOND   =       375.6121  ANGLE   =      1056.1218  DIHED      =      1333.0243
 1-4 NB =       430.9911  1-4 EEL =      6256.3053  VDWAALS    =      4937.3272
 EELEC  =    -57873.1766  EHBOND  =         0.0000  RESTRAINT  =        96.7096
 EAMBER (non-restraint)  =    -43483.7947
 ------------------------------------------------------------------------------

wrapping first mol.:       20.26984       28.66588       49.65075
wrapping first mol.:       20.26984       28.66588       49.65075

 NSTEP =    14000   TIME(PS) =    1068.000  TEMP(K) =   301.27  PRESS =     0.0
 Etot   =    -34131.3246  EKtot   =      9141.2188  EPtot      =    -43272.5434
 BOND   =       355.7435  ANGLE   =      1079.3578  DIHED      =      1359.2064
 1-4 NB =       448.7768  1-4 EEL =      6253.3406  VDWAALS    =      4624.7435
 EELEC  =    -57490.3639  EHBOND  =         0.0000  RESTRAINT  =        96.6519
 EAMBER (non-restraint)  =    -43369.1952
 ------------------------------------------------------------------------------

wrapping first mol.:       20.26984       28.66588       49.65075
wrapping first mol.:       20.26984       28.66588       49.65075

 NSTEP =    14500   TIME(PS) =    1069.000  TEMP(K) =   302.41  PRESS =     0.0
 Etot   =    -34039.0901  EKtot   =      9175.7520  EPtot      =    -43214.8421
 BOND   =       341.0790  ANGLE   =      1071.6135  DIHED      =      1338.6141
 1-4 NB =       449.7837  1-4 EEL =      6259.8692  VDWAALS    =      4632.9114
 EELEC  =    -57405.4523  EHBOND  =         0.0000  RESTRAINT  =        96.7391
 EAMBER (non-restraint)  =    -43311.5812
 ------------------------------------------------------------------------------

wrapping first mol.:       20.26984       28.66588       49.65075
wrapping first mol.:       20.26984       28.66588       49.65075

 NSTEP =    15000   TIME(PS) =    1070.000  TEMP(K) =   301.22  PRESS =     0.0
 Etot   =    -34254.1794  EKtot   =      9139.8164  EPtot      =    -43393.9958
 BOND   =       324.3228  ANGLE   =      1047.0514  DIHED      =      1349.0055
 1-4 NB =       449.2313  1-4 EEL =      6267.1577  VDWAALS    =      4712.2552
 EELEC  =    -57639.7278  EHBOND  =         0.0000  RESTRAINT  =        96.7078
 EAMBER (non-restraint)  =    -43490.7036
 ------------------------------------------------------------------------------

wrapping first mol.:       20.26984       28.66588       49.65075
wrapping first mol.:       20.26984       28.66588       49.65075

 NSTEP =    15500   TIME(PS) =    1071.000  TEMP(K) =   298.96  PRESS =     0.0
 Etot   =    -34037.8904  EKtot   =      9071.1270  EPtot      =    -43109.0174
 BOND   =       327.8914  ANGLE   =      1083.4904  DIHED      =      1344.6073
 1-4 NB =       447.8481  1-4 EEL =      6248.9614  VDWAALS    =      4561.2887
 EELEC  =    -57214.8958  EHBOND  =         0.0000  RESTRAINT  =        91.7911
 EAMBER (non-restraint)  =    -43200.8085
 ------------------------------------------------------------------------------

wrapping first mol.:       20.26984       28.66588       49.65075
wrapping first mol.:       20.26984       28.66588       49.65075

 NSTEP =    16000   TIME(PS) =    1072.000  TEMP(K) =   299.20  PRESS =     0.0
 Etot   =    -33991.4896  EKtot   =      9078.4805  EPtot      =    -43069.9701
 BOND   =       362.2245  ANGLE   =      1080.4595  DIHED      =      1354.7556
 1-4 NB =       448.0912  1-4 EEL =      6238.2338  VDWAALS    =      4577.7481
 EELEC  =    -57238.3355  EHBOND  =         0.0000  RESTRAINT  =       106.8528
 EAMBER (non-restraint)  =    -43176.8229
 ------------------------------------------------------------------------------

wrapping first mol.:       20.26984       28.66588       49.65075
wrapping first mol.:       20.26984       28.66588       49.65075

 NSTEP =    16500   TIME(PS) =    1073.000  TEMP(K) =   300.21  PRESS =     0.0
 Etot   =    -34189.0898  EKtot   =      9109.0381  EPtot      =    -43298.1279
 BOND   =       321.4581  ANGLE   =      1038.0005  DIHED      =      1349.6804
 1-4 NB =       441.5953  1-4 EEL =      6256.4750  VDWAALS    =      4628.5755
 EELEC  =    -57439.9770  EHBOND  =         0.0000  RESTRAINT  =       106.0644
 EAMBER (non-restraint)  =    -43404.1923
 ------------------------------------------------------------------------------

wrapping first mol.:       20.26984       28.66588       49.65075
wrapping first mol.:       20.26984       28.66588       49.65075

 NSTEP =    17000   TIME(PS) =    1074.000  TEMP(K) =   301.30  PRESS =     0.0
 Etot   =    -33902.9379  EKtot   =      9142.2988  EPtot      =    -43045.2368
 BOND   =       373.1807  ANGLE   =      1094.9408  DIHED      =      1356.5668
 1-4 NB =       463.9951  1-4 EEL =      6246.6700  VDWAALS    =      4534.3329
 EELEC  =    -57213.8058  EHBOND  =         0.0000  RESTRAINT  =        98.8827
 EAMBER (non-restraint)  =    -43144.1195
 ------------------------------------------------------------------------------

wrapping first mol.:       20.26984       28.66588       49.65075
wrapping first mol.:       20.26984       28.66588       49.65075

 NSTEP =    17500   TIME(PS) =    1075.000  TEMP(K) =   297.28  PRESS =     0.0
 Etot   =    -34357.2362  EKtot   =      9020.0518  EPtot      =    -43377.2880
 BOND   =       316.5887  ANGLE   =      1020.8853  DIHED      =      1352.1432
 1-4 NB =       449.6717  1-4 EEL =      6248.4348  VDWAALS    =      4654.9559
 EELEC  =    -57510.3919  EHBOND  =         0.0000  RESTRAINT  =        90.4242
 EAMBER (non-restraint)  =    -43467.7122
 ------------------------------------------------------------------------------

wrapping first mol.:       20.26984       28.66588       49.65075
wrapping first mol.:       20.26984       28.66588       49.65075

 NSTEP =    18000   TIME(PS) =    1076.000  TEMP(K) =   296.53  PRESS =     0.0
 Etot   =    -34259.3570  EKtot   =      8997.3691  EPtot      =    -43256.7262
 BOND   =       370.9984  ANGLE   =      1035.4303  DIHED      =      1322.0792
 1-4 NB =       442.7363  1-4 EEL =      6289.3655  VDWAALS    =      4749.3165
 EELEC  =    -57573.1810  EHBOND  =         0.0000  RESTRAINT  =       106.5286
 EAMBER (non-restraint)  =    -43363.2547
 ------------------------------------------------------------------------------

wrapping first mol.:       20.26984       28.66588       49.65075
wrapping first mol.:       20.26984       28.66588       49.65075

 NSTEP =    18500   TIME(PS) =    1077.000  TEMP(K) =   302.02  PRESS =     0.0
 Etot   =    -34065.3471  EKtot   =      9164.0654  EPtot      =    -43229.4125
 BOND   =       362.1269  ANGLE   =      1059.3651  DIHED      =      1333.3089
 1-4 NB =       437.5937  1-4 EEL =      6247.3345  VDWAALS    =      4572.3787
 EELEC  =    -57349.4924  EHBOND  =         0.0000  RESTRAINT  =       107.9719
 EAMBER (non-restraint)  =    -43337.3844
 ------------------------------------------------------------------------------

wrapping first mol.:       20.26984       28.66588       49.65075
wrapping first mol.:       20.26984       28.66588       49.65075

 NSTEP =    19000   TIME(PS) =    1078.000  TEMP(K) =   303.23  PRESS =     0.0
 Etot   =    -34044.1685  EKtot   =      9200.8789  EPtot      =    -43245.0474
 BOND   =       348.7675  ANGLE   =      1055.4625  DIHED      =      1347.8435
 1-4 NB =       452.4980  1-4 EEL =      6281.2761  VDWAALS    =      4631.1156
 EELEC  =    -57461.6612  EHBOND  =         0.0000  RESTRAINT  =        99.6505
 EAMBER (non-restraint)  =    -43344.6979
 ------------------------------------------------------------------------------

wrapping first mol.:       20.26984       28.66588       49.65075
wrapping first mol.:       20.26984       28.66588       49.65075

 NSTEP =    19500   TIME(PS) =    1079.000  TEMP(K) =   298.55  PRESS =     0.0
 Etot   =    -34207.0387  EKtot   =      9058.7588  EPtot      =    -43265.7975
 BOND   =       367.6353  ANGLE   =      1007.7549  DIHED      =      1355.7989
 1-4 NB =       458.0523  1-4 EEL =      6264.0760  VDWAALS    =      4777.0888
 EELEC  =    -57589.0602  EHBOND  =         0.0000  RESTRAINT  =        92.8564
 EAMBER (non-restraint)  =    -43358.6540
 ------------------------------------------------------------------------------

wrapping first mol.:       20.26984       28.66588       49.65075
wrapping first mol.:       20.26984       28.66588       49.65075

 NSTEP =    20000   TIME(PS) =    1080.000  TEMP(K) =   294.92  PRESS =     0.0
 Etot   =    -34341.4605  EKtot   =      8948.5146  EPtot      =    -43289.9752
 BOND   =       367.3296  ANGLE   =      1045.9577  DIHED      =      1335.5288
 1-4 NB =       429.1769  1-4 EEL =      6255.9492  VDWAALS    =      4570.8355
 EELEC  =    -57381.4717  EHBOND  =         0.0000  RESTRAINT  =        86.7187
 EAMBER (non-restraint)  =    -43376.6939
 ------------------------------------------------------------------------------

wrapping first mol.:       20.26984       28.66588       49.65075
wrapping first mol.:       20.26984       28.66588       49.65075

 NSTEP =    20500   TIME(PS) =    1081.000  TEMP(K) =   302.44  PRESS =     0.0
 Etot   =    -34059.2942  EKtot   =      9176.8369  EPtot      =    -43236.1312
 BOND   =       361.9663  ANGLE   =      1058.1742  DIHED      =      1333.9587
 1-4 NB =       448.1163  1-4 EEL =      6277.2912  VDWAALS    =      4630.2692
 EELEC  =    -57447.9068  EHBOND  =         0.0000  RESTRAINT  =       101.9997
 EAMBER (non-restraint)  =    -43338.1309
 ------------------------------------------------------------------------------

wrapping first mol.:       20.26984       28.66588       49.65075
wrapping first mol.:       20.26984       28.66588       49.65075

 NSTEP =    21000   TIME(PS) =    1082.000  TEMP(K) =   295.09  PRESS =     0.0
 Etot   =    -34257.1412  EKtot   =      8953.8740  EPtot      =    -43211.0152
 BOND   =       343.6525  ANGLE   =      1072.6634  DIHED      =      1345.6730
 1-4 NB =       449.7301  1-4 EEL =      6241.0192  VDWAALS    =      4880.8558
 EELEC  =    -57640.9882  EHBOND  =         0.0000  RESTRAINT  =        96.3789
 EAMBER (non-restraint)  =    -43307.3941
 ------------------------------------------------------------------------------

wrapping first mol.:       20.26984       28.66588       49.65075
wrapping first mol.:       20.26984       28.66588       49.65075

 NSTEP =    21500   TIME(PS) =    1083.000  TEMP(K) =   297.27  PRESS =     0.0
 Etot   =    -34119.1857  EKtot   =      9019.8545  EPtot      =    -43139.0402
 BOND   =       358.8935  ANGLE   =      1092.1144  DIHED      =      1336.8049
 1-4 NB =       443.6363  1-4 EEL =      6269.1278  VDWAALS    =      4687.4738
 EELEC  =    -57434.7444  EHBOND  =         0.0000  RESTRAINT  =       107.6533
 EAMBER (non-restraint)  =    -43246.6936
 ------------------------------------------------------------------------------

wrapping first mol.:       20.26984       28.66588       49.65075
wrapping first mol.:       20.26984       28.66588       49.65075

 NSTEP =    22000   TIME(PS) =    1084.000  TEMP(K) =   300.00  PRESS =     0.0
 Etot   =    -33966.5957  EKtot   =      9102.6113  EPtot      =    -43069.2070
 BOND   =       345.5923  ANGLE   =      1071.1761  DIHED      =      1315.2212
 1-4 NB =       451.0968  1-4 EEL =      6275.5298  VDWAALS    =      4715.3502
 EELEC  =    -57345.5317  EHBOND  =         0.0000  RESTRAINT  =       102.3582
 EAMBER (non-restraint)  =    -43171.5653
 ------------------------------------------------------------------------------

wrapping first mol.:       20.26984       28.66588       49.65075
wrapping first mol.:       20.26984       28.66588       49.65075

 NSTEP =    22500   TIME(PS) =    1085.000  TEMP(K) =   297.19  PRESS =     0.0
 Etot   =    -34244.8465  EKtot   =      9017.4961  EPtot      =    -43262.3426
 BOND   =       368.5683  ANGLE   =      1040.3148  DIHED      =      1348.2190
 1-4 NB =       445.7583  1-4 EEL =      6257.3082  VDWAALS    =      4579.6943
 EELEC  =    -57400.3106  EHBOND  =         0.0000  RESTRAINT  =        98.1051
 EAMBER (non-restraint)  =    -43360.4477
 ------------------------------------------------------------------------------

wrapping first mol.:       20.26984       28.66588       49.65075
wrapping first mol.:       20.26984       28.66588       49.65075

 NSTEP =    23000   TIME(PS) =    1086.000  TEMP(K) =   302.02  PRESS =     0.0
 Etot   =    -34220.7446  EKtot   =      9164.0811  EPtot      =    -43384.8257
 BOND   =       352.0758  ANGLE   =      1064.4347  DIHED      =      1349.2719
 1-4 NB =       435.0756  1-4 EEL =      6264.2966  VDWAALS    =      4733.2117
 EELEC  =    -57690.6046  EHBOND  =         0.0000  RESTRAINT  =       107.4126
 EAMBER (non-restraint)  =    -43492.2383
 ------------------------------------------------------------------------------

wrapping first mol.:       20.26984       28.66588       49.65075
wrapping first mol.:       20.26984       28.66588       49.65075

 NSTEP =    23500   TIME(PS) =    1087.000  TEMP(K) =   303.35  PRESS =     0.0
 Etot   =    -34027.8363  EKtot   =      9204.2852  EPtot      =    -43232.1215
 BOND   =       339.1975  ANGLE   =      1091.7102  DIHED      =      1337.7347
 1-4 NB =       449.0523  1-4 EEL =      6277.8210  VDWAALS    =      4740.5935
 EELEC  =    -57562.4052  EHBOND  =         0.0000  RESTRAINT  =        94.1745
 EAMBER (non-restraint)  =    -43326.2960
 ------------------------------------------------------------------------------

wrapping first mol.:       20.26984       28.66588       49.65075
wrapping first mol.:       20.26984       28.66588       49.65075

 NSTEP =    24000   TIME(PS) =    1088.000  TEMP(K) =   301.25  PRESS =     0.0
 Etot   =    -34192.2382  EKtot   =      9140.7070  EPtot      =    -43332.9453
 BOND   =       335.4356  ANGLE   =      1045.0424  DIHED      =      1343.0610
 1-4 NB =       454.1686  1-4 EEL =      6325.4345  VDWAALS    =      4779.6078
 EELEC  =    -57703.7799  EHBOND  =         0.0000  RESTRAINT  =        88.0847
 EAMBER (non-restraint)  =    -43421.0300
 ------------------------------------------------------------------------------

wrapping first mol.:       20.26984       28.66588       49.65075
wrapping first mol.:       20.26984       28.66588       49.65075

 NSTEP =    24500   TIME(PS) =    1089.000  TEMP(K) =   295.34  PRESS =     0.0
 Etot   =    -34426.9613  EKtot   =      8961.1934  EPtot      =    -43388.1547
 BOND   =       338.0921  ANGLE   =      1005.4281  DIHED      =      1338.0848
 1-4 NB =       444.1755  1-4 EEL =      6307.9370  VDWAALS    =      4820.5733
 EELEC  =    -57727.7116  EHBOND  =         0.0000  RESTRAINT  =        85.2661
 EAMBER (non-restraint)  =    -43473.4208
 ------------------------------------------------------------------------------

wrapping first mol.:       20.26984       28.66588       49.65075
wrapping first mol.:       20.26984       28.66588       49.65075

 NSTEP =    25000   TIME(PS) =    1090.000  TEMP(K) =   295.30  PRESS =     0.0
 Etot   =    -34212.2166  EKtot   =      8960.0420  EPtot      =    -43172.2586
 BOND   =       363.8418  ANGLE   =      1061.9470  DIHED      =      1351.2815
 1-4 NB =       434.0947  1-4 EEL =      6273.6459  VDWAALS    =      4588.0821
 EELEC  =    -57347.2793  EHBOND  =         0.0000  RESTRAINT  =       102.1278
 EAMBER (non-restraint)  =    -43274.3864
 ------------------------------------------------------------------------------

wrapping first mol.:       20.26984       28.66588       49.65075
wrapping first mol.:       20.26984       28.66588       49.65075

 NSTEP =    25500   TIME(PS) =    1091.000  TEMP(K) =   297.93  PRESS =     0.0
 Etot   =    -34359.1587  EKtot   =      9039.9766  EPtot      =    -43399.1353
 BOND   =       343.5690  ANGLE   =      1025.4359  DIHED      =      1337.9739
 1-4 NB =       444.8828  1-4 EEL =      6263.7390  VDWAALS    =      4812.8924
 EELEC  =    -57720.9302  EHBOND  =         0.0000  RESTRAINT  =        93.3019
 EAMBER (non-restraint)  =    -43492.4372
 ------------------------------------------------------------------------------

wrapping first mol.:       20.26984       28.66588       49.65075
wrapping first mol.:       20.26984       28.66588       49.65075

 NSTEP =    26000   TIME(PS) =    1092.000  TEMP(K) =   300.18  PRESS =     0.0
 Etot   =    -34077.2178  EKtot   =      9108.1143  EPtot      =    -43185.3320
 BOND   =       342.9725  ANGLE   =      1065.2936  DIHED      =      1364.2991
 1-4 NB =       432.3280  1-4 EEL =      6236.9804  VDWAALS    =      4700.7190
 EELEC  =    -57424.0912  EHBOND  =         0.0000  RESTRAINT  =        96.1666
 EAMBER (non-restraint)  =    -43281.4986
 ------------------------------------------------------------------------------

wrapping first mol.:       20.26984       28.66588       49.65075
wrapping first mol.:       20.26984       28.66588       49.65075

 NSTEP =    26500   TIME(PS) =    1093.000  TEMP(K) =   295.99  PRESS =     0.0
 Etot   =    -34409.4787  EKtot   =      8981.1982  EPtot      =    -43390.6769
 BOND   =       342.4418  ANGLE   =      1074.9875  DIHED      =      1347.0567
 1-4 NB =       446.1169  1-4 EEL =      6258.8943  VDWAALS    =      4836.8455
 EELEC  =    -57791.2554  EHBOND  =         0.0000  RESTRAINT  =        94.2357
 EAMBER (non-restraint)  =    -43484.9126
 ------------------------------------------------------------------------------

wrapping first mol.:       20.26984       28.66588       49.65075
wrapping first mol.:       20.26984       28.66588       49.65075

 NSTEP =    27000   TIME(PS) =    1094.000  TEMP(K) =   299.50  PRESS =     0.0
 Etot   =    -34195.1024  EKtot   =      9087.5820  EPtot      =    -43282.6844
 BOND   =       353.7941  ANGLE   =      1068.8210  DIHED      =      1344.8621
 1-4 NB =       433.9829  1-4 EEL =      6247.9169  VDWAALS    =      4840.8979
 EELEC  =    -57667.8384  EHBOND  =         0.0000  RESTRAINT  =        94.8791
 EAMBER (non-restraint)  =    -43377.5635
 ------------------------------------------------------------------------------

wrapping first mol.:       20.26984       28.66588       49.65075
wrapping first mol.:       20.26984       28.66588       49.65075

 NSTEP =    27500   TIME(PS) =    1095.000  TEMP(K) =   299.47  PRESS =     0.0
 Etot   =    -34204.7005  EKtot   =      9086.5303  EPtot      =    -43291.2307
 BOND   =       343.1768  ANGLE   =      1049.4675  DIHED      =      1344.9228
 1-4 NB =       444.0519  1-4 EEL =      6273.9118  VDWAALS    =      4872.9517
 EELEC  =    -57712.8380  EHBOND  =         0.0000  RESTRAINT  =        93.1248
 EAMBER (non-restraint)  =    -43384.3555
 ------------------------------------------------------------------------------

wrapping first mol.:       20.26984       28.66588       49.65075
wrapping first mol.:       20.26984       28.66588       49.65075

 NSTEP =    28000   TIME(PS) =    1096.000  TEMP(K) =   303.91  PRESS =     0.0
 Etot   =    -33984.7279  EKtot   =      9221.3916  EPtot      =    -43206.1195
 BOND   =       351.7131  ANGLE   =      1042.1243  DIHED      =      1352.2778
 1-4 NB =       432.6354  1-4 EEL =      6264.7823  VDWAALS    =      4785.1082
 EELEC  =    -57541.9305  EHBOND  =         0.0000  RESTRAINT  =       107.1699
 EAMBER (non-restraint)  =    -43313.2894
 ------------------------------------------------------------------------------

wrapping first mol.:       20.26984       28.66588       49.65075
wrapping first mol.:       20.26984       28.66588       49.65075

 NSTEP =    28500   TIME(PS) =    1097.000  TEMP(K) =   303.63  PRESS =     0.0
 Etot   =    -34142.8749  EKtot   =      9212.9082  EPtot      =    -43355.7831
 BOND   =       322.1302  ANGLE   =      1048.3766  DIHED      =      1349.3783
 1-4 NB =       449.7332  1-4 EEL =      6308.0743  VDWAALS    =      4808.4997
 EELEC  =    -57737.4324  EHBOND  =         0.0000  RESTRAINT  =        95.4569
 EAMBER (non-restraint)  =    -43451.2400
 ------------------------------------------------------------------------------

wrapping first mol.:       20.26984       28.66588       49.65075
wrapping first mol.:       20.26984       28.66588       49.65075

 NSTEP =    29000   TIME(PS) =    1098.000  TEMP(K) =   298.50  PRESS =     0.0
 Etot   =    -34365.6135  EKtot   =      9057.1621  EPtot      =    -43422.7756
 BOND   =       356.4839  ANGLE   =      1054.8328  DIHED      =      1328.2878
 1-4 NB =       432.5240  1-4 EEL =      6252.4369  VDWAALS    =      4763.1271
 EELEC  =    -57708.7102  EHBOND  =         0.0000  RESTRAINT  =        98.2421
 EAMBER (non-restraint)  =    -43521.0177
 ------------------------------------------------------------------------------

wrapping first mol.:       20.26984       28.66588       49.65075
wrapping first mol.:       20.26984       28.66588       49.65075

 NSTEP =    29500   TIME(PS) =    1099.000  TEMP(K) =   299.19  PRESS =     0.0
 Etot   =    -34253.9072  EKtot   =      9078.2480  EPtot      =    -43332.1553
 BOND   =       346.9476  ANGLE   =      1023.2138  DIHED      =      1352.9633
 1-4 NB =       446.6414  1-4 EEL =      6267.9268  VDWAALS    =      4691.0573
 EELEC  =    -57557.9193  EHBOND  =         0.0000  RESTRAINT  =        97.0137
 EAMBER (non-restraint)  =    -43429.1690
 ------------------------------------------------------------------------------

wrapping first mol.:       20.26984       28.66588       49.65075
wrapping first mol.:       20.26984       28.66588       49.65075

 NSTEP =    30000   TIME(PS) =    1100.000  TEMP(K) =   296.43  PRESS =     0.0
 Etot   =    -34346.8049  EKtot   =      8994.3936  EPtot      =    -43341.1985
 BOND   =       350.0879  ANGLE   =      1092.0623  DIHED      =      1332.9496
 1-4 NB =       445.8808  1-4 EEL =      6267.3592  VDWAALS    =      4729.0421
 EELEC  =    -57659.3857  EHBOND  =         0.0000  RESTRAINT  =       100.8054
 EAMBER (non-restraint)  =    -43442.0039
 ------------------------------------------------------------------------------

wrapping first mol.:       20.26984       28.66588       49.65075
wrapping first mol.:       20.26984       28.66588       49.65075

 NSTEP =    30500   TIME(PS) =    1101.000  TEMP(K) =   302.87  PRESS =     0.0
 Etot   =    -34046.3944  EKtot   =      9189.8896  EPtot      =    -43236.2841
 BOND   =       346.2737  ANGLE   =      1043.0531  DIHED      =      1358.9839
 1-4 NB =       443.5273  1-4 EEL =      6277.4219  VDWAALS    =      4875.5938
 EELEC  =    -57677.1954  EHBOND  =         0.0000  RESTRAINT  =        96.0577
 EAMBER (non-restraint)  =    -43332.3418
 ------------------------------------------------------------------------------

wrapping first mol.:       20.26984       28.66588       49.65075
wrapping first mol.:       20.26984       28.66588       49.65075

 NSTEP =    31000   TIME(PS) =    1102.000  TEMP(K) =   302.36  PRESS =     0.0
 Etot   =    -34092.8769  EKtot   =      9174.2754  EPtot      =    -43267.1523
 BOND   =       367.8812  ANGLE   =      1024.2471  DIHED      =      1348.9270
 1-4 NB =       422.9376  1-4 EEL =      6297.0630  VDWAALS    =      4593.4932
 EELEC  =    -57423.8336  EHBOND  =         0.0000  RESTRAINT  =       102.1322
 EAMBER (non-restraint)  =    -43369.2845
 ------------------------------------------------------------------------------

wrapping first mol.:       20.26984       28.66588       49.65075
wrapping first mol.:       20.26984       28.66588       49.65075

 NSTEP =    31500   TIME(PS) =    1103.000  TEMP(K) =   299.22  PRESS =     0.0
 Etot   =    -34113.3623  EKtot   =      9078.9150  EPtot      =    -43192.2774
 BOND   =       375.4239  ANGLE   =      1035.6838  DIHED      =      1332.3551
 1-4 NB =       432.6365  1-4 EEL =      6254.7357  VDWAALS    =      4627.7899
 EELEC  =    -57351.8310  EHBOND  =         0.0000  RESTRAINT  =       100.9288
 EAMBER (non-restraint)  =    -43293.2062
 ------------------------------------------------------------------------------

wrapping first mol.:       20.26984       28.66588       49.65075
wrapping first mol.:       20.26984       28.66588       49.65075

 NSTEP =    32000   TIME(PS) =    1104.000  TEMP(K) =   298.66  PRESS =     0.0
 Etot   =    -34137.7481  EKtot   =      9062.0312  EPtot      =    -43199.7794
 BOND   =       327.8205  ANGLE   =      1079.0863  DIHED      =      1359.3718
 1-4 NB =       446.8656  1-4 EEL =      6257.2685  VDWAALS    =      4778.4688
 EELEC  =    -57550.8613  EHBOND  =         0.0000  RESTRAINT  =       102.2003
 EAMBER (non-restraint)  =    -43301.9797
 ------------------------------------------------------------------------------

wrapping first mol.:       20.26984       28.66588       49.65075
wrapping first mol.:       20.26984       28.66588       49.65075

 NSTEP =    32500   TIME(PS) =    1105.000  TEMP(K) =   302.42  PRESS =     0.0
 Etot   =    -34063.9068  EKtot   =      9176.2217  EPtot      =    -43240.1284
 BOND   =       349.5590  ANGLE   =      1070.7262  DIHED      =      1348.4942
 1-4 NB =       444.2554  1-4 EEL =      6273.3043  VDWAALS    =      4576.9854
 EELEC  =    -57407.3336  EHBOND  =         0.0000  RESTRAINT  =       103.8807
 EAMBER (non-restraint)  =    -43344.0091
 ------------------------------------------------------------------------------

wrapping first mol.:       20.26984       28.66588       49.65075
wrapping first mol.:       20.26984       28.66588       49.65075

 NSTEP =    33000   TIME(PS) =    1106.000  TEMP(K) =   298.73  PRESS =     0.0
 Etot   =    -34234.4689  EKtot   =      9064.1396  EPtot      =    -43298.6086
 BOND   =       348.7607  ANGLE   =      1046.0511  DIHED      =      1339.1774
 1-4 NB =       436.2513  1-4 EEL =      6257.5404  VDWAALS    =      4628.3068
 EELEC  =    -57452.1624  EHBOND  =         0.0000  RESTRAINT  =        97.4661
 EAMBER (non-restraint)  =    -43396.0746
 ------------------------------------------------------------------------------

wrapping first mol.:       20.26984       28.66588       49.65075
wrapping first mol.:       20.26984       28.66588       49.65075

 NSTEP =    33500   TIME(PS) =    1107.000  TEMP(K) =   300.69  PRESS =     0.0
 Etot   =    -34166.4095  EKtot   =      9123.5713  EPtot      =    -43289.9807
 BOND   =       339.7092  ANGLE   =      1033.2556  DIHED      =      1384.5065
 1-4 NB =       440.0249  1-4 EEL =      6259.3616  VDWAALS    =      4799.8965
 EELEC  =    -57651.1097  EHBOND  =         0.0000  RESTRAINT  =       104.3747
 EAMBER (non-restraint)  =    -43394.3555
 ------------------------------------------------------------------------------

wrapping first mol.:       20.26984       28.66588       49.65075
wrapping first mol.:       20.26984       28.66588       49.65075

 NSTEP =    34000   TIME(PS) =    1108.000  TEMP(K) =   297.81  PRESS =     0.0
 Etot   =    -34157.8672  EKtot   =      9036.3672  EPtot      =    -43194.2343
 BOND   =       338.3668  ANGLE   =      1048.2115  DIHED      =      1350.7837
 1-4 NB =       431.9605  1-4 EEL =      6281.3498  VDWAALS    =      4769.2853
 EELEC  =    -57515.1597  EHBOND  =         0.0000  RESTRAINT  =       100.9679
 EAMBER (non-restraint)  =    -43295.2022
 ------------------------------------------------------------------------------

wrapping first mol.:       20.26984       28.66588       49.65075
wrapping first mol.:       20.26984       28.66588       49.65075

 NSTEP =    34500   TIME(PS) =    1109.000  TEMP(K) =   300.28  PRESS =     0.0
 Etot   =    -34233.5938  EKtot   =      9111.2158  EPtot      =    -43344.8096
 BOND   =       355.3033  ANGLE   =      1032.9306  DIHED      =      1353.2765
 1-4 NB =       451.1912  1-4 EEL =      6268.9760  VDWAALS    =      4657.6781
 EELEC  =    -57560.7477  EHBOND  =         0.0000  RESTRAINT  =        96.5823
 EAMBER (non-restraint)  =    -43441.3919
 ------------------------------------------------------------------------------

wrapping first mol.:       20.26984       28.66588       49.65075
wrapping first mol.:       20.26984       28.66588       49.65075

 NSTEP =    35000   TIME(PS) =    1110.000  TEMP(K) =   301.52  PRESS =     0.0
 Etot   =    -34122.0284  EKtot   =      9148.8320  EPtot      =    -43270.8604
 BOND   =       341.3554  ANGLE   =       991.8952  DIHED      =      1331.4467
 1-4 NB =       446.8073  1-4 EEL =      6297.0759  VDWAALS    =      4765.3981
 EELEC  =    -57545.6310  EHBOND  =         0.0000  RESTRAINT  =       100.7920
 EAMBER (non-restraint)  =    -43371.6524
 ------------------------------------------------------------------------------

wrapping first mol.:       20.26984       28.66588       49.65075
wrapping first mol.:       20.26984       28.66588       49.65075

 NSTEP =    35500   TIME(PS) =    1111.000  TEMP(K) =   300.00  PRESS =     0.0
 Etot   =    -34222.0414  EKtot   =      9102.7471  EPtot      =    -43324.7885
 BOND   =       353.4695  ANGLE   =      1088.8571  DIHED      =      1354.8961
 1-4 NB =       456.4691  1-4 EEL =      6268.2221  VDWAALS    =      4711.8633
 EELEC  =    -57662.1482  EHBOND  =         0.0000  RESTRAINT  =       103.5825
 EAMBER (non-restraint)  =    -43428.3709
 ------------------------------------------------------------------------------

wrapping first mol.:       20.26984       28.66588       49.65075
wrapping first mol.:       20.26984       28.66588       49.65075

 NSTEP =    36000   TIME(PS) =    1112.000  TEMP(K) =   299.40  PRESS =     0.0
 Etot   =    -34323.9034  EKtot   =      9084.6328  EPtot      =    -43408.5362
 BOND   =       323.3717  ANGLE   =      1016.9883  DIHED      =      1353.9874
 1-4 NB =       449.1371  1-4 EEL =      6273.4170  VDWAALS    =      4521.2770
 EELEC  =    -57430.6544  EHBOND  =         0.0000  RESTRAINT  =        83.9396
 EAMBER (non-restraint)  =    -43492.4759
 ------------------------------------------------------------------------------

wrapping first mol.:       20.26984       28.66588       49.65075
wrapping first mol.:       20.26984       28.66588       49.65075

 NSTEP =    36500   TIME(PS) =    1113.000  TEMP(K) =   303.02  PRESS =     0.0
 Etot   =    -34280.7256  EKtot   =      9194.2158  EPtot      =    -43474.9414
 BOND   =       327.7628  ANGLE   =      1043.9439  DIHED      =      1347.4307
 1-4 NB =       446.8588  1-4 EEL =      6266.4863  VDWAALS    =      4729.7077
 EELEC  =    -57740.9950  EHBOND  =         0.0000  RESTRAINT  =       103.8633
 EAMBER (non-restraint)  =    -43578.8048
 ------------------------------------------------------------------------------

wrapping first mol.:       20.26984       28.66588       49.65075
wrapping first mol.:       20.26984       28.66588       49.65075

 NSTEP =    37000   TIME(PS) =    1114.000  TEMP(K) =   299.73  PRESS =     0.0
 Etot   =    -34138.8960  EKtot   =      9094.4023  EPtot      =    -43233.2983
 BOND   =       335.9628  ANGLE   =      1085.7150  DIHED      =      1323.9009
 1-4 NB =       435.7921  1-4 EEL =      6291.6844  VDWAALS    =      4631.1225
 EELEC  =    -57428.3045  EHBOND  =         0.0000  RESTRAINT  =        90.8285
 EAMBER (non-restraint)  =    -43324.1268
 ------------------------------------------------------------------------------

wrapping first mol.:       20.26984       28.66588       49.65075
wrapping first mol.:       20.26984       28.66588       49.65075

 NSTEP =    37500   TIME(PS) =    1115.000  TEMP(K) =   301.06  PRESS =     0.0
 Etot   =    -34264.0044  EKtot   =      9134.9775  EPtot      =    -43398.9819
 BOND   =       346.0800  ANGLE   =      1012.3948  DIHED      =      1341.5283
 1-4 NB =       447.1986  1-4 EEL =      6272.3200  VDWAALS    =      4881.4930
 EELEC  =    -57796.2108  EHBOND  =         0.0000  RESTRAINT  =        96.2142
 EAMBER (non-restraint)  =    -43495.1961
 ------------------------------------------------------------------------------

wrapping first mol.:       20.26984       28.66588       49.65075
wrapping first mol.:       20.26984       28.66588       49.65075

 NSTEP =    38000   TIME(PS) =    1116.000  TEMP(K) =   302.56  PRESS =     0.0
 Etot   =    -33975.7151  EKtot   =      9180.3330  EPtot      =    -43156.0481
 BOND   =       340.2610  ANGLE   =      1056.7250  DIHED      =      1333.2332
 1-4 NB =       456.0903  1-4 EEL =      6302.6506  VDWAALS    =      4503.7769
 EELEC  =    -57240.2881  EHBOND  =         0.0000  RESTRAINT  =        91.5030
 EAMBER (non-restraint)  =    -43247.5511
 ------------------------------------------------------------------------------

wrapping first mol.:       20.26984       28.66588       49.65075
wrapping first mol.:       20.26984       28.66588       49.65075

 NSTEP =    38500   TIME(PS) =    1117.000  TEMP(K) =   298.07  PRESS =     0.0
 Etot   =    -34179.6649  EKtot   =      9044.3105  EPtot      =    -43223.9754
 BOND   =       333.0449  ANGLE   =      1032.2190  DIHED      =      1356.0333
 1-4 NB =       442.6399  1-4 EEL =      6305.5552  VDWAALS    =      4786.8190
 EELEC  =    -57581.7779  EHBOND  =         0.0000  RESTRAINT  =       101.4911
 EAMBER (non-restraint)  =    -43325.4665
 ------------------------------------------------------------------------------

wrapping first mol.:       20.26984       28.66588       49.65075
wrapping first mol.:       20.26984       28.66588       49.65075

 NSTEP =    39000   TIME(PS) =    1118.000  TEMP(K) =   296.91  PRESS =     0.0
 Etot   =    -34406.7881  EKtot   =      9008.8516  EPtot      =    -43415.6396
 BOND   =       332.4167  ANGLE   =      1022.1452  DIHED      =      1350.8090
 1-4 NB =       430.9953  1-4 EEL =      6260.8873  VDWAALS    =      4729.9020
 EELEC  =    -57626.1599  EHBOND  =         0.0000  RESTRAINT  =        83.3647
 EAMBER (non-restraint)  =    -43499.0043
 ------------------------------------------------------------------------------

wrapping first mol.:       20.26984       28.66588       49.65075
wrapping first mol.:       20.26984       28.66588       49.65075

 NSTEP =    39500   TIME(PS) =    1119.000  TEMP(K) =   297.01  PRESS =     0.0
 Etot   =    -34480.5258  EKtot   =      9011.9326  EPtot      =    -43492.4585
 BOND   =       314.7715  ANGLE   =      1045.6971  DIHED      =      1339.3023
 1-4 NB =       448.4729  1-4 EEL =      6272.3987  VDWAALS    =      4877.9632
 EELEC  =    -57886.4193  EHBOND  =         0.0000  RESTRAINT  =        95.3551
 EAMBER (non-restraint)  =    -43587.8136
 ------------------------------------------------------------------------------

wrapping first mol.:       20.26984       28.66588       49.65075
wrapping first mol.:       20.26984       28.66588       49.65075

 NSTEP =    40000   TIME(PS) =    1120.000  TEMP(K) =   300.87  PRESS =     0.0
 Etot   =    -34304.5912  EKtot   =      9129.0879  EPtot      =    -43433.6791
 BOND   =       379.2462  ANGLE   =      1037.6877  DIHED      =      1350.4980
 1-4 NB =       444.7890  1-4 EEL =      6288.6879  VDWAALS    =      4710.6098
 EELEC  =    -57743.5171  EHBOND  =         0.0000  RESTRAINT  =        98.3194
 EAMBER (non-restraint)  =    -43531.9985
 ------------------------------------------------------------------------------

wrapping first mol.:       20.26984       28.66588       49.65075
wrapping first mol.:       20.26984       28.66588       49.65075

 NSTEP =    40500   TIME(PS) =    1121.000  TEMP(K) =   301.13  PRESS =     0.0
 Etot   =    -34313.0678  EKtot   =      9137.1416  EPtot      =    -43450.2094
 BOND   =       355.4592  ANGLE   =      1042.4372  DIHED      =      1340.0330
 1-4 NB =       435.1481  1-4 EEL =      6272.5015  VDWAALS    =      4702.3189
 EELEC  =    -57690.5035  EHBOND  =         0.0000  RESTRAINT  =        92.3961
 EAMBER (non-restraint)  =    -43542.6055
 ------------------------------------------------------------------------------

wrapping first mol.:       20.26984       28.66588       49.65075
wrapping first mol.:       20.26984       28.66588       49.65075

 NSTEP =    41000   TIME(PS) =    1122.000  TEMP(K) =   296.84  PRESS =     0.0
 Etot   =    -34405.9964  EKtot   =      9006.9590  EPtot      =    -43412.9553
 BOND   =       335.8490  ANGLE   =      1065.0291  DIHED      =      1351.0556
 1-4 NB =       442.5768  1-4 EEL =      6269.3958  VDWAALS    =      4655.1155
 EELEC  =    -57631.6600  EHBOND  =         0.0000  RESTRAINT  =        99.6827
 EAMBER (non-restraint)  =    -43512.6380
 ------------------------------------------------------------------------------

wrapping first mol.:       20.26984       28.66588       49.65075
wrapping first mol.:       20.26984       28.66588       49.65075

 NSTEP =    41500   TIME(PS) =    1123.000  TEMP(K) =   303.71  PRESS =     0.0
 Etot   =    -34107.9957  EKtot   =      9215.4453  EPtot      =    -43323.4410
 BOND   =       314.1316  ANGLE   =      1064.5576  DIHED      =      1336.8318
 1-4 NB =       450.6436  1-4 EEL =      6281.5206  VDWAALS    =      4765.6438
 EELEC  =    -57627.1393  EHBOND  =         0.0000  RESTRAINT  =        90.3692
 EAMBER (non-restraint)  =    -43413.8102
 ------------------------------------------------------------------------------

wrapping first mol.:       20.26984       28.66588       49.65075
wrapping first mol.:       20.26984       28.66588       49.65075

 NSTEP =    42000   TIME(PS) =    1124.000  TEMP(K) =   300.45  PRESS =     0.0
 Etot   =    -34126.7328  EKtot   =      9116.2539  EPtot      =    -43242.9867
 BOND   =       338.9147  ANGLE   =      1058.8160  DIHED      =      1351.7165
 1-4 NB =       456.2358  1-4 EEL =      6272.7680  VDWAALS    =      4753.1716
 EELEC  =    -57570.8795  EHBOND  =         0.0000  RESTRAINT  =        96.2701
 EAMBER (non-restraint)  =    -43339.2569
 ------------------------------------------------------------------------------

wrapping first mol.:       20.26984       28.66588       49.65075
wrapping first mol.:       20.26984       28.66588       49.65075

 NSTEP =    42500   TIME(PS) =    1125.000  TEMP(K) =   297.24  PRESS =     0.0
 Etot   =    -34383.8622  EKtot   =      9019.0879  EPtot      =    -43402.9501
 BOND   =       352.3733  ANGLE   =      1044.5477  DIHED      =      1343.5020
 1-4 NB =       451.7332  1-4 EEL =      6281.3370  VDWAALS    =      4642.7691
 EELEC  =    -57607.9042  EHBOND  =         0.0000  RESTRAINT  =        88.6919
 EAMBER (non-restraint)  =    -43491.6419
 ------------------------------------------------------------------------------

wrapping first mol.:       20.26984       28.66588       49.65075
wrapping first mol.:       20.26984       28.66588       49.65075

 NSTEP =    43000   TIME(PS) =    1126.000  TEMP(K) =   297.55  PRESS =     0.0
 Etot   =    -34444.3070  EKtot   =      9028.5176  EPtot      =    -43472.8246
 BOND   =       362.8586  ANGLE   =      1075.4229  DIHED      =      1354.2068
 1-4 NB =       454.7698  1-4 EEL =      6261.0985  VDWAALS    =      4749.7936
 EELEC  =    -57831.4537  EHBOND  =         0.0000  RESTRAINT  =       100.4790
 EAMBER (non-restraint)  =    -43573.3035
 ------------------------------------------------------------------------------

wrapping first mol.:       20.26984       28.66588       49.65075
wrapping first mol.:       20.26984       28.66588       49.65075

 NSTEP =    43500   TIME(PS) =    1127.000  TEMP(K) =   298.16  PRESS =     0.0
 Etot   =    -34302.1972  EKtot   =      9046.9248  EPtot      =    -43349.1220
 BOND   =       327.4543  ANGLE   =      1034.3119  DIHED      =      1335.1854
 1-4 NB =       454.4509  1-4 EEL =      6296.3458  VDWAALS    =      4824.7246
 EELEC  =    -57738.5683  EHBOND  =         0.0000  RESTRAINT  =       116.9734
 EAMBER (non-restraint)  =    -43466.0954
 ------------------------------------------------------------------------------

wrapping first mol.:       20.26984       28.66588       49.65075
wrapping first mol.:       20.26984       28.66588       49.65075

 NSTEP =    44000   TIME(PS) =    1128.000  TEMP(K) =   299.43  PRESS =     0.0
 Etot   =    -34259.0577  EKtot   =      9085.3848  EPtot      =    -43344.4424
 BOND   =       338.6559  ANGLE   =      1062.4358  DIHED      =      1349.3153
 1-4 NB =       439.6231  1-4 EEL =      6252.2422  VDWAALS    =      4863.0599
 EELEC  =    -57751.5453  EHBOND  =         0.0000  RESTRAINT  =       101.7707
 EAMBER (non-restraint)  =    -43446.2131
 ------------------------------------------------------------------------------

wrapping first mol.:       20.26984       28.66588       49.65075
wrapping first mol.:       20.26984       28.66588       49.65075

 NSTEP =    44500   TIME(PS) =    1129.000  TEMP(K) =   296.71  PRESS =     0.0
 Etot   =    -34390.0073  EKtot   =      9002.8164  EPtot      =    -43392.8238
 BOND   =       324.7301  ANGLE   =      1043.0129  DIHED      =      1353.8884
 1-4 NB =       445.4089  1-4 EEL =      6296.1258  VDWAALS    =      4709.7516
 EELEC  =    -57648.5970  EHBOND  =         0.0000  RESTRAINT  =        82.8557
 EAMBER (non-restraint)  =    -43475.6794
 ------------------------------------------------------------------------------

wrapping first mol.:       20.26984       28.66588       49.65075
wrapping first mol.:       20.26984       28.66588       49.65075

 NSTEP =    45000   TIME(PS) =    1130.000  TEMP(K) =   301.41  PRESS =     0.0
 Etot   =    -34068.8157  EKtot   =      9145.6533  EPtot      =    -43214.4690
 BOND   =       345.8075  ANGLE   =      1077.3214  DIHED      =      1355.7420
 1-4 NB =       428.0508  1-4 EEL =      6257.9816  VDWAALS    =      4598.0334
 EELEC  =    -57386.8994  EHBOND  =         0.0000  RESTRAINT  =       109.4937
 EAMBER (non-restraint)  =    -43323.9627
 ------------------------------------------------------------------------------

wrapping first mol.:       20.26984       28.66588       49.65075
wrapping first mol.:       20.26984       28.66588       49.65075

 NSTEP =    45500   TIME(PS) =    1131.000  TEMP(K) =   299.60  PRESS =     0.0
 Etot   =    -34218.6772  EKtot   =      9090.6260  EPtot      =    -43309.3031
 BOND   =       328.6710  ANGLE   =      1057.6511  DIHED      =      1331.0260
 1-4 NB =       453.6581  1-4 EEL =      6263.3668  VDWAALS    =      4916.2752
 EELEC  =    -57759.9558  EHBOND  =         0.0000  RESTRAINT  =       100.0043
 EAMBER (non-restraint)  =    -43409.3075
 ------------------------------------------------------------------------------

wrapping first mol.:       20.26984       28.66588       49.65075
wrapping first mol.:       20.26984       28.66588       49.65075

 NSTEP =    46000   TIME(PS) =    1132.000  TEMP(K) =   294.92  PRESS =     0.0
 Etot   =    -34367.3209  EKtot   =      8948.5518  EPtot      =    -43315.8727
 BOND   =       333.2908  ANGLE   =      1038.2780  DIHED      =      1347.8130
 1-4 NB =       429.3691  1-4 EEL =      6253.1506  VDWAALS    =      4774.2638
 EELEC  =    -57589.6398  EHBOND  =         0.0000  RESTRAINT  =        97.6019
 EAMBER (non-restraint)  =    -43413.4745
 ------------------------------------------------------------------------------

wrapping first mol.:       20.26984       28.66588       49.65075
wrapping first mol.:       20.26984       28.66588       49.65075

 NSTEP =    46500   TIME(PS) =    1133.000  TEMP(K) =   298.44  PRESS =     0.0
 Etot   =    -34208.4663  EKtot   =      9055.3535  EPtot      =    -43263.8198
 BOND   =       355.0161  ANGLE   =      1030.0561  DIHED      =      1347.1290
 1-4 NB =       447.2026  1-4 EEL =      6302.2503  VDWAALS    =      4718.6868
 EELEC  =    -57556.0477  EHBOND  =         0.0000  RESTRAINT  =        91.8871
 EAMBER (non-restraint)  =    -43355.7069
 ------------------------------------------------------------------------------

wrapping first mol.:       20.26984       28.66588       49.65075
wrapping first mol.:       20.26984       28.66588       49.65075

 NSTEP =    47000   TIME(PS) =    1134.000  TEMP(K) =   305.21  PRESS =     0.0
 Etot   =    -34114.6644  EKtot   =      9260.8994  EPtot      =    -43375.5638
 BOND   =       346.5863  ANGLE   =      1058.3279  DIHED      =      1341.0389
 1-4 NB =       447.0743  1-4 EEL =      6288.2990  VDWAALS    =      4857.8304
 EELEC  =    -57824.7309  EHBOND  =         0.0000  RESTRAINT  =       110.0103
 EAMBER (non-restraint)  =    -43485.5741
 ------------------------------------------------------------------------------

wrapping first mol.:       20.26984       28.66588       49.65075
wrapping first mol.:       20.26984       28.66588       49.65075

 NSTEP =    47500   TIME(PS) =    1135.000  TEMP(K) =   296.59  PRESS =     0.0
 Etot   =    -34255.5472  EKtot   =      8999.3984  EPtot      =    -43254.9456
 BOND   =       373.0176  ANGLE   =      1059.5320  DIHED      =      1340.4188
 1-4 NB =       448.7056  1-4 EEL =      6276.5420  VDWAALS    =      4756.9412
 EELEC  =    -57602.4625  EHBOND  =         0.0000  RESTRAINT  =        92.3597
 EAMBER (non-restraint)  =    -43347.3053
 ------------------------------------------------------------------------------

wrapping first mol.:       20.26984       28.66588       49.65075
wrapping first mol.:       20.26984       28.66588       49.65075

 NSTEP =    48000   TIME(PS) =    1136.000  TEMP(K) =   300.44  PRESS =     0.0
 Etot   =    -34165.8990  EKtot   =      9116.0361  EPtot      =    -43281.9352
 BOND   =       335.9200  ANGLE   =      1020.6048  DIHED      =      1344.1417
 1-4 NB =       451.5478  1-4 EEL =      6282.2092  VDWAALS    =      4852.8505
 EELEC  =    -57663.4745  EHBOND  =         0.0000  RESTRAINT  =        94.2653
 EAMBER (non-restraint)  =    -43376.2005
 ------------------------------------------------------------------------------

wrapping first mol.:       20.26984       28.66588       49.65075
wrapping first mol.:       20.26984       28.66588       49.65075

 NSTEP =    48500   TIME(PS) =    1137.000  TEMP(K) =   302.21  PRESS =     0.0
 Etot   =    -34146.9987  EKtot   =      9169.9062  EPtot      =    -43316.9050
 BOND   =       357.6759  ANGLE   =      1057.6552  DIHED      =      1363.7019
 1-4 NB =       437.2079  1-4 EEL =      6290.8012  VDWAALS    =      4673.1344
 EELEC  =    -57593.7725  EHBOND  =         0.0000  RESTRAINT  =        96.6910
 EAMBER (non-restraint)  =    -43413.5960
 ------------------------------------------------------------------------------

wrapping first mol.:       20.26984       28.66588       49.65075
wrapping first mol.:       20.26984       28.66588       49.65075

 NSTEP =    49000   TIME(PS) =    1138.000  TEMP(K) =   298.98  PRESS =     0.0
 Etot   =    -34060.8809  EKtot   =      9071.6523  EPtot      =    -43132.5332
 BOND   =       389.4935  ANGLE   =      1057.0401  DIHED      =      1330.9493
 1-4 NB =       442.6320  1-4 EEL =      6267.0278  VDWAALS    =      4828.6102
 EELEC  =    -57540.0909  EHBOND  =         0.0000  RESTRAINT  =        91.8047
 EAMBER (non-restraint)  =    -43224.3379
 ------------------------------------------------------------------------------

wrapping first mol.:       20.26984       28.66588       49.65075
wrapping first mol.:       20.26984       28.66588       49.65075

 NSTEP =    49500   TIME(PS) =    1139.000  TEMP(K) =   300.17  PRESS =     0.0
 Etot   =    -34248.0757  EKtot   =      9107.9121  EPtot      =    -43355.9878
 BOND   =       338.6780  ANGLE   =      1073.4781  DIHED      =      1345.8450
 1-4 NB =       437.1023  1-4 EEL =      6294.3259  VDWAALS    =      4791.5273
 EELEC  =    -57734.5144  EHBOND  =         0.0000  RESTRAINT  =        97.5700
 EAMBER (non-restraint)  =    -43453.5579
 ------------------------------------------------------------------------------

wrapping first mol.:       20.26984       28.66588       49.65075
wrapping first mol.:       20.26984       28.66588       49.65075

 NSTEP =    50000   TIME(PS) =    1140.000  TEMP(K) =   302.59  PRESS =     0.0
 Etot   =    -34285.3789  EKtot   =      9181.3623  EPtot      =    -43466.7412
 BOND   =       341.6566  ANGLE   =      1016.2912  DIHED      =      1337.8236
 1-4 NB =       438.9670  1-4 EEL =      6276.1897  VDWAALS    =      4804.5873
 EELEC  =    -57767.8785  EHBOND  =         0.0000  RESTRAINT  =        85.6221
 EAMBER (non-restraint)  =    -43552.3632
 ------------------------------------------------------------------------------


      A V E R A G E S   O V E R     100 S T E P S


 NSTEP =    50000   TIME(PS) =    1140.000  TEMP(K) =   299.62  PRESS =     0.0
 Etot   =    -34190.7380  EKtot   =      9091.1949  EPtot      =    -43281.9329
 BOND   =       347.4031  ANGLE   =      1049.6608  DIHED      =      1344.2807
 1-4 NB =       443.3968  1-4 EEL =      6272.2438  VDWAALS    =      4718.6114
 EELEC  =    -57554.5700  EHBOND  =         0.0000  RESTRAINT  =        97.0406
 EAMBER (non-restraint)  =    -43378.9734
 ------------------------------------------------------------------------------


      R M S  F L U C T U A T I O N S


 NSTEP =    50000   TIME(PS) =    1140.000  TEMP(K) =     2.40  PRESS =     0.0
 Etot   =       129.9821  EKtot   =        72.9158  EPtot      =       102.9635
 BOND   =        15.9854  ANGLE   =        22.6309  DIHED      =        11.3088
 1-4 NB =         7.8996  1-4 EEL =        17.7621  VDWAALS    =       109.0886
 EELEC  =       171.6450  EHBOND  =         0.0000  RESTRAINT  =         6.5509
 EAMBER (non-restraint)  =        96.4126
 ------------------------------------------------------------------------------

--------------------------------------------------------------------------------
   5.  TIMINGS
--------------------------------------------------------------------------------

|  NonSetup CPU Time in Major Routines:
|
|     Routine           Sec        %
|     ------------------------------
|     Nonbond          12.64   33.94
|     Bond              0.00    0.00
|     Angle             0.00    0.00
|     Dihedral          0.00    0.00
|     Shake             0.80    2.15
|     RunMD            23.72   63.70
|     Other             0.08    0.21
|     ------------------------------
|     Total            37.24

|  PME Nonbond Pairlist CPU Time:
|
|     Routine              Sec        %
|     ---------------------------------
|     Set Up Cit           0.00    0.00
|     Build List           0.00    0.00
|     ---------------------------------
|     Total                0.00    0.00

|  PME Direct Force CPU Time:
|
|     Routine              Sec        %
|     ---------------------------------
|     NonBonded Calc       0.00    0.00
|     Exclude Masked       0.00    0.00
|     Other                0.04    0.10
|     ---------------------------------
|     Total                0.04    0.10

|  PME Reciprocal Force CPU Time:
|
|     Routine              Sec        %
|     ---------------------------------
|     1D bspline           0.00    0.00
|     Grid Charges         0.00    0.00
|     Scalar Sum           0.00    0.00
|     Gradient Sum         0.00    0.00
|     FFT                  0.00    0.00
|     ---------------------------------
|     Total                0.00    0.00

|  Final Performance Info:
|     -----------------------------------------------------
|     Average timings for last   49500 steps:
|     Elapsed(s) =      36.83 Per Step(ms) =       0.74
|         ns/day =     232.27   seconds/ns =     371.98
|
|     Average timings for all steps:
|     Elapsed(s) =      37.24 Per Step(ms) =       0.74
|         ns/day =     231.99   seconds/ns =     372.42
|     -----------------------------------------------------

|  Setup CPU time:            1.60 seconds
|  NonSetup CPU time:        37.24 seconds
|  Total CPU time:           38.85 seconds     0.01 hours

|  Setup wall time:           2    seconds
|  NonSetup wall time:       37    seconds
|  Total wall time:          39    seconds     0.01 hours
