
          -------------------------------------------------------
          Amber 16 PMEMD                              2016
          -------------------------------------------------------

| PMEMD implementation of SANDER, Release 16

| Run on 11/06/2017 at 12:37:22

|   Executable path: /apps/amber16/bin/pmemd.cuda
| Working directory: /home/pbarletta
|          Hostname: mordor

  [-O]verwriting output

File Assignments:
|   MDIN: /scratch/pbarletta/cph_obp/run/apo/mhe/e/12equ.in                     
|  MDOUT: /scratch/pbarletta/cph_obp/run/apo/mhe/e/12equ.out                    
| INPCRD: /scratch/pbarletta/cph_obp/run/apo/mhe/e/11eapo.rst7                  
|   PARM: /scratch/pbarletta/cph_obp/top_files/apo.prmtop                       
| RESTRT: /scratch/pbarletta/cph_obp/run/apo/mhe/e/12eapo.rst7                  
|   REFC: /scratch/pbarletta/cph_obp/run/apo/mhe/e/11eapo.rst7                  
|  MDVEL: mdvel                                                                 
|   MDEN: mden                                                                  
|  MDCRD: /scratch/pbarletta/cph_obp/run/apo/mhe/e/12eapo.nc                    
| MDINFO: mdinfo                                                                
|  MDFRC: mdfrc                                                                 


 Here is the input file:

Equilibration with solute restrictions                                         
&cntrl                                                                         
imin = 0,                           ! No Minimization                          
nmropt = 0,                         ! No NMR restraints read                   
                                                                               
! Nature and format of the input                                               
ntx = 5,                            ! Coordinates but no velocities will be rea
irest = 1,                          ! Do not run a new simulation              
                                                                               
! Nature and format of the output                                              
ntxo = 1,                           ! rstrt file in ASCII format               
ntpr = 500,                         ! inf in output every ntpr steps           
ntwr = 500,                         ! rstrt file every ntwr steps              
ntwx = 500,                         ! mdcrd file every ntwx steps              
ntwv = 0,                           ! mdvel without velocities                 
ntwe = 0,                           ! Energies and temperatures not written in 
idecomp = 0,                        ! No energy decomposition                  
iwrap = 1,                          ! Coordinates of the restart and mdcrd file
                                                                               
! Frozen or restrained atoms                                                   
ibelly = 0,                         ! No frozen atoms                          
ntr=1,                              ! Harmonic potential restraints            
restraint_wt = 5.0,                ! The weight for the positional restraints  
restraintmask = ':1-119@N,CA,C,O',  ! restrained residues                      
                                                                               
! Molecular dynamics                                                           
nstlim = 50000,                     ! Number of MD-steps                       
dt = 0.002,                         ! Time step                                
                                                                               
! Temperature regulation                                                       
ntt = 3,                            ! Langevin thermostat                      
gamma_ln = 5,                       ! Gamma constant for Langevin              
temp0 = 300.0,                      ! Reference T at which the system is to be 
tempi = 300.0,                      ! Initial T                                
ig = -1,                            ! Seed for the RNG                         
                                                                               
! P and V regulation                                                           
ntp = 0,                            ! No pressure control                      
ntb = 1,                            ! Periodic box for constant V              
                                                                               
! SHAKE variables                                                              
ntc = 2,                            ! Bonds involving H are constrained        
ntf = 2,                            ! Bond interaction involving H are ommited.
                                                                               
cut = 10.0,                         ! Nonbonded cutoff                         
                                                                               
/                                                                              
&end                                                                           


Note: ig = -1. Setting random seed to   148077 based on wallclock time in 
      microseconds.
| irandom = 1, using AMBER's internal random number generator (default).
 
|--------------------- INFORMATION ----------------------
| GPU (CUDA) Version of PMEMD in use: NVIDIA GPU IN USE.
|                    Version 16.0.0
| 
|                      02/25/2016
| 
| Implementation by:
|                    Ross C. Walker     (SDSC)
|                    Scott Le Grand     (nVIDIA)
| 
| Precision model in use:
|      [SPFP] - Single Precision Forces, 64-bit Fixed Point
|               Accumulation. (Default)
| 
|--------------------------------------------------------
 
|----------------- CITATION INFORMATION -----------------
|
|    When publishing work that utilized the CUDA version
|    of AMBER, please cite the following in addition to
|    the regular AMBER citations:
|
|  - Romelia Salomon-Ferrer; Andreas W. Goetz; Duncan
|    Poole; Scott Le Grand; Ross C. Walker "Routine
|    microsecond molecular dynamics simulations with
|    AMBER - Part II: Particle Mesh Ewald", J. Chem.
|    Theory Comput., 2013, 9 (9), pp3878-3888,
|    DOI: 10.1021/ct400314y.
|
|  - Andreas W. Goetz; Mark J. Williamson; Dong Xu;
|    Duncan Poole; Scott Le Grand; Ross C. Walker
|    "Routine microsecond molecular dynamics simulations
|    with AMBER - Part I: Generalized Born", J. Chem.
|    Theory Comput., 2012, 8 (5), pp1542-1555.
|
|  - Scott Le Grand; Andreas W. Goetz; Ross C. Walker
|    "SPFP: Speed without compromise - a mixed precision
|    model for GPU accelerated molecular dynamics
|    simulations.", Comp. Phys. Comm., 2013, 184
|    pp374-380, DOI: 10.1016/j.cpc.2012.09.022
|
|--------------------------------------------------------
 
|------------------- GPU DEVICE INFO --------------------
|
|            CUDA_VISIBLE_DEVICES: 3
|   CUDA Capable Devices Detected:      1
|           CUDA Device ID in use:      0
|                CUDA Device Name: GeForce GTX 1080 Ti
|     CUDA Device Global Mem Size:  11172 MB
| CUDA Device Num Multiprocessors:     28
|           CUDA Device Core Freq:   1.58 GHz
|
|--------------------------------------------------------
 
 
| Conditional Compilation Defines Used:
| PUBFFT
| BINTRAJ
| CUDA
| EMIL

| Largest sphere to fit in unit cell has radius =    24.825

| New format PARM file being parsed.
| Version =    1.000 Date = 11/06/17 Time = 09:43:47

| Note: 1-4 EEL scale factors are being read from the topology file.

| Note: 1-4 VDW scale factors are being read from the topology file.
| Duplicated    0 dihedrals

| Duplicated    0 dihedrals

--------------------------------------------------------------------------------
   1.  RESOURCE   USE: 
--------------------------------------------------------------------------------

 getting new box info from bottom of inpcrd
 NATOM  =   14797 NTYPES =      17 NBONH =   13853 MBONA  =     953
 NTHETH =    2337 MTHETA =    1282 NPHIH =    4475 MPHIA  =    3254
 NHPARM =       0 NPARM  =       0 NNB   =   28051 NRES   =    4390
 NBONA  =     953 NTHETA =    1282 NPHIA =    3254 NUMBND =      42
 NUMANG =      92 NPTRA  =      39 NATYP =      28 NPHB   =       1
 IFBOX  =       2 NMXRS  =      24 IFCAP =       0 NEXTRA =       0
 NCOPY  =       0

| Coordinate Index Table dimensions:     9    9    9
| Direct force subcell size =     6.7566    6.7566    6.7566

     BOX TYPE: TRUNCATED OCTAHEDRON

--------------------------------------------------------------------------------
   2.  CONTROL  DATA  FOR  THE  RUN
--------------------------------------------------------------------------------

default_name                                                                    

General flags:
     imin    =       0, nmropt  =       0

Nature and format of input:
     ntx     =       5, irest   =       1, ntrx    =       1

Nature and format of output:
     ntxo    =       1, ntpr    =     500, ntrx    =       1, ntwr    =     500
     iwrap   =       1, ntwx    =     500, ntwv    =       0, ntwe    =       0
     ioutfm  =       1, ntwprt  =       0, idecomp =       0, rbornstat=      0

Potential function:
     ntf     =       2, ntb     =       1, igb     =       0, nsnb    =      25
     ipol    =       0, gbsa    =       0, iesp    =       0
     dielc   =   1.00000, cut     =  10.00000, intdiel =   1.00000

Frozen or restrained atoms:
     ibelly  =       0, ntr     =       1
     restraint_wt =   5.00000

Molecular dynamics:
     nstlim  =     50000, nscm    =         0, nrespa  =         1
     t       =   0.00000, dt      =   0.00200, vlimit  =  -1.00000

Langevin dynamics temperature regulation:
     ig      =  148077
     temp0   = 300.00000, tempi   = 300.00000, gamma_ln=   5.00000

SHAKE:
     ntc     =       2, jfastw  =       0
     tol     =   0.00001

| Intermolecular bonds treatment:
|     no_intermolecular_bonds =       1

| Energy averages sample interval:
|     ene_avg_sampling =     500

Ewald parameters:
     verbose =       0, ew_type =       0, nbflag  =       1, use_pme =       1
     vdwmeth =       1, eedmeth =       1, netfrc  =       1
     Box X =   60.810   Box Y =   60.810   Box Z =   60.810
     Alpha =  109.471   Beta  =  109.471   Gamma =  109.471
     NFFT1 =   64       NFFT2 =   64       NFFT3 =   64
     Cutoff=   10.000   Tol   =0.100E-04
     Ewald Coefficient =  0.27511
     Interpolation order =    4

    LOADING THE CONSTRAINED ATOMS AS GROUPS


   5.  REFERENCE ATOM COORDINATES

  default_name                                                                    
     Mask :1-119@N,CA,C,O; matches   476 atoms

--------------------------------------------------------------------------------
   3.  ATOMIC COORDINATES AND VELOCITIES
--------------------------------------------------------------------------------

default_name                                                                    
 begin time read from input coords =  1240.000 ps

 
 Number of triangulated 3-point waters found:     4270

     Sum of charges from parm topology file =  -0.00000006
     Forcing neutrality...

| Dynamic Memory, Types Used:
| Reals              574581
| Integers           547196

| Nonbonded Pairs Initial Allocation:     4475722

| GPU memory information (estimate):
| KB of GPU memory in use:    140885
| KB of CPU memory in use:     29237

--------------------------------------------------------------------------------
   4.  RESULTS
--------------------------------------------------------------------------------

 ---------------------------------------------------
 APPROXIMATING switch and d/dx switch using CUBIC SPLINE INTERPOLATION
 using   5000.0 points per unit in tabled values
 TESTING RELATIVE ERROR over r ranging from 0.0 to cutoff
| CHECK switch(x): max rel err =   0.2738E-14   at   2.422500
| CHECK d/dx switch(x): max rel err =   0.8314E-11   at   2.736960
 ---------------------------------------------------
|---------------------------------------------------
| APPROXIMATING direct energy using CUBIC SPLINE INTERPOLATION
|  with   50.0 points per unit in tabled values
| Relative Error Limit not exceeded for r .gt.   2.33
| APPROXIMATING direct force using CUBIC SPLINE INTERPOLATION
|  with   50.0 points per unit in tabled values
| Relative Error Limit not exceeded for r .gt.   2.80
|---------------------------------------------------
wrapping first mol.:       20.26984       28.66588       49.65075
wrapping first mol.:       20.26984       28.66588       49.65075

 NSTEP =      500   TIME(PS) =    1241.000  TEMP(K) =   301.07  PRESS =     0.0
 Etot   =    -34025.3266  EKtot   =      9135.0928  EPtot      =    -43160.4194
 BOND   =       347.7165  ANGLE   =      1024.1802  DIHED      =      1346.6243
 1-4 NB =       432.1978  1-4 EEL =      6282.8310  VDWAALS    =      4631.0814
 EELEC  =    -57305.9287  EHBOND  =         0.0000  RESTRAINT  =        80.8781
 EAMBER (non-restraint)  =    -43241.2975
 ------------------------------------------------------------------------------

wrapping first mol.:       20.26984       28.66588       49.65075
wrapping first mol.:       20.26984       28.66588       49.65075

 NSTEP =     1000   TIME(PS) =    1242.000  TEMP(K) =   306.17  PRESS =     0.0
 Etot   =    -33719.6414  EKtot   =      9289.9121  EPtot      =    -43009.5535
 BOND   =       348.8649  ANGLE   =      1065.2785  DIHED      =      1379.5121
 1-4 NB =       438.5172  1-4 EEL =      6270.4113  VDWAALS    =      4621.7371
 EELEC  =    -57213.8644  EHBOND  =         0.0000  RESTRAINT  =        79.9898
 EAMBER (non-restraint)  =    -43089.5433
 ------------------------------------------------------------------------------

wrapping first mol.:       20.26984       28.66588       49.65075
wrapping first mol.:       20.26984       28.66588       49.65075

 NSTEP =     1500   TIME(PS) =    1243.000  TEMP(K) =   303.25  PRESS =     0.0
 Etot   =    -34019.1622  EKtot   =      9201.3057  EPtot      =    -43220.4679
 BOND   =       350.9410  ANGLE   =      1114.9114  DIHED      =      1339.5572
 1-4 NB =       448.1339  1-4 EEL =      6250.7666  VDWAALS    =      4882.9463
 EELEC  =    -57697.9199  EHBOND  =         0.0000  RESTRAINT  =        90.1955
 EAMBER (non-restraint)  =    -43310.6634
 ------------------------------------------------------------------------------

wrapping first mol.:       20.26984       28.66588       49.65075
wrapping first mol.:       20.26984       28.66588       49.65075

 NSTEP =     2000   TIME(PS) =    1244.000  TEMP(K) =   301.74  PRESS =     0.0
 Etot   =    -34123.7819  EKtot   =      9155.3809  EPtot      =    -43279.1628
 BOND   =       347.6941  ANGLE   =      1060.7108  DIHED      =      1333.0383
 1-4 NB =       439.1875  1-4 EEL =      6299.5118  VDWAALS    =      4652.2417
 EELEC  =    -57489.7798  EHBOND  =         0.0000  RESTRAINT  =        78.2328
 EAMBER (non-restraint)  =    -43357.3955
 ------------------------------------------------------------------------------

wrapping first mol.:       20.26984       28.66588       49.65075
wrapping first mol.:       20.26984       28.66588       49.65075

 NSTEP =     2500   TIME(PS) =    1245.000  TEMP(K) =   300.73  PRESS =     0.0
 Etot   =    -34187.2522  EKtot   =      9124.7988  EPtot      =    -43312.0510
 BOND   =       371.9649  ANGLE   =      1062.0314  DIHED      =      1344.8700
 1-4 NB =       462.4555  1-4 EEL =      6280.3057  VDWAALS    =      4788.9743
 EELEC  =    -57712.2981  EHBOND  =         0.0000  RESTRAINT  =        89.6452
 EAMBER (non-restraint)  =    -43401.6962
 ------------------------------------------------------------------------------

wrapping first mol.:       20.26984       28.66588       49.65075
wrapping first mol.:       20.26984       28.66588       49.65075

 NSTEP =     3000   TIME(PS) =    1246.000  TEMP(K) =   300.25  PRESS =     0.0
 Etot   =    -34268.7247  EKtot   =      9110.2305  EPtot      =    -43378.9551
 BOND   =       345.0815  ANGLE   =      1030.1131  DIHED      =      1350.0981
 1-4 NB =       445.5546  1-4 EEL =      6285.5210  VDWAALS    =      4880.6576
 EELEC  =    -57804.9255  EHBOND  =         0.0000  RESTRAINT  =        88.9444
 EAMBER (non-restraint)  =    -43467.8996
 ------------------------------------------------------------------------------

wrapping first mol.:       20.26984       28.66588       49.65075
wrapping first mol.:       20.26984       28.66588       49.65075

 NSTEP =     3500   TIME(PS) =    1247.000  TEMP(K) =   298.33  PRESS =     0.0
 Etot   =    -34044.1796  EKtot   =      9051.9951  EPtot      =    -43096.1748
 BOND   =       336.9321  ANGLE   =      1109.5770  DIHED      =      1345.8333
 1-4 NB =       450.2419  1-4 EEL =      6258.2869  VDWAALS    =      4682.8845
 EELEC  =    -57359.9963  EHBOND  =         0.0000  RESTRAINT  =        80.0658
 EAMBER (non-restraint)  =    -43176.2405
 ------------------------------------------------------------------------------

wrapping first mol.:       20.26984       28.66588       49.65075
wrapping first mol.:       20.26984       28.66588       49.65075

 NSTEP =     4000   TIME(PS) =    1248.000  TEMP(K) =   302.88  PRESS =     0.0
 Etot   =    -34123.5781  EKtot   =      9190.0693  EPtot      =    -43313.6475
 BOND   =       343.2915  ANGLE   =      1035.4130  DIHED      =      1327.4828
 1-4 NB =       437.4980  1-4 EEL =      6270.6195  VDWAALS    =      4751.9435
 EELEC  =    -57575.7876  EHBOND  =         0.0000  RESTRAINT  =        95.8918
 EAMBER (non-restraint)  =    -43409.5392
 ------------------------------------------------------------------------------

wrapping first mol.:       20.26984       28.66588       49.65075
wrapping first mol.:       20.26984       28.66588       49.65075

 NSTEP =     4500   TIME(PS) =    1249.000  TEMP(K) =   301.47  PRESS =     0.0
 Etot   =    -34169.5523  EKtot   =      9147.3359  EPtot      =    -43316.8882
 BOND   =       353.9180  ANGLE   =      1081.6712  DIHED      =      1329.1551
 1-4 NB =       427.1183  1-4 EEL =      6251.5759  VDWAALS    =      4749.3012
 EELEC  =    -57600.8993  EHBOND  =         0.0000  RESTRAINT  =        91.2715
 EAMBER (non-restraint)  =    -43408.1597
 ------------------------------------------------------------------------------

wrapping first mol.:       20.26984       28.66588       49.65075
wrapping first mol.:       20.26984       28.66588       49.65075

 NSTEP =     5000   TIME(PS) =    1250.000  TEMP(K) =   297.43  PRESS =     0.0
 Etot   =    -34234.9541  EKtot   =      9024.6191  EPtot      =    -43259.5733
 BOND   =       346.2430  ANGLE   =      1052.8468  DIHED      =      1334.9824
 1-4 NB =       460.3745  1-4 EEL =      6302.4170  VDWAALS    =      4880.5420
 EELEC  =    -57725.6565  EHBOND  =         0.0000  RESTRAINT  =        88.6774
 EAMBER (non-restraint)  =    -43348.2507
 ------------------------------------------------------------------------------

wrapping first mol.:       20.26984       28.66588       49.65075
wrapping first mol.:       20.26984       28.66588       49.65075

 NSTEP =     5500   TIME(PS) =    1251.000  TEMP(K) =   300.19  PRESS =     0.0
 Etot   =    -34222.4367  EKtot   =      9108.4492  EPtot      =    -43330.8859
 BOND   =       353.6333  ANGLE   =      1039.1432  DIHED      =      1356.2055
 1-4 NB =       440.1484  1-4 EEL =      6262.1903  VDWAALS    =      4756.0745
 EELEC  =    -57621.9461  EHBOND  =         0.0000  RESTRAINT  =        83.6650
 EAMBER (non-restraint)  =    -43414.5509
 ------------------------------------------------------------------------------

wrapping first mol.:       20.26984       28.66588       49.65075
wrapping first mol.:       20.26984       28.66588       49.65075

 NSTEP =     6000   TIME(PS) =    1252.000  TEMP(K) =   300.92  PRESS =     0.0
 Etot   =    -34164.6637  EKtot   =      9130.6445  EPtot      =    -43295.3082
 BOND   =       367.5150  ANGLE   =      1055.8489  DIHED      =      1329.9179
 1-4 NB =       446.6418  1-4 EEL =      6268.6175  VDWAALS    =      4821.9496
 EELEC  =    -57668.8879  EHBOND  =         0.0000  RESTRAINT  =        83.0889
 EAMBER (non-restraint)  =    -43378.3971
 ------------------------------------------------------------------------------

wrapping first mol.:       20.26984       28.66588       49.65075
wrapping first mol.:       20.26984       28.66588       49.65075

 NSTEP =     6500   TIME(PS) =    1253.000  TEMP(K) =   301.63  PRESS =     0.0
 Etot   =    -34184.6078  EKtot   =      9152.0391  EPtot      =    -43336.6468
 BOND   =       364.4142  ANGLE   =      1012.0531  DIHED      =      1326.3162
 1-4 NB =       423.0463  1-4 EEL =      6285.2133  VDWAALS    =      4730.9003
 EELEC  =    -57558.4569  EHBOND  =         0.0000  RESTRAINT  =        79.8667
 EAMBER (non-restraint)  =    -43416.5135
 ------------------------------------------------------------------------------

wrapping first mol.:       20.26984       28.66588       49.65075
wrapping first mol.:       20.26984       28.66588       49.65075

 NSTEP =     7000   TIME(PS) =    1254.000  TEMP(K) =   298.13  PRESS =     0.0
 Etot   =    -34234.5640  EKtot   =      9045.9951  EPtot      =    -43280.5591
 BOND   =       326.8634  ANGLE   =      1042.9839  DIHED      =      1341.5275
 1-4 NB =       449.1641  1-4 EEL =      6290.5700  VDWAALS    =      4644.3962
 EELEC  =    -57459.5484  EHBOND  =         0.0000  RESTRAINT  =        83.4842
 EAMBER (non-restraint)  =    -43364.0434
 ------------------------------------------------------------------------------

wrapping first mol.:       20.26984       28.66588       49.65075
wrapping first mol.:       20.26984       28.66588       49.65075

 NSTEP =     7500   TIME(PS) =    1255.000  TEMP(K) =   302.96  PRESS =     0.0
 Etot   =    -34122.9944  EKtot   =      9192.5273  EPtot      =    -43315.5217
 BOND   =       353.9356  ANGLE   =      1047.8377  DIHED      =      1341.1099
 1-4 NB =       431.9891  1-4 EEL =      6278.2511  VDWAALS    =      4768.6551
 EELEC  =    -57627.4236  EHBOND  =         0.0000  RESTRAINT  =        90.1233
 EAMBER (non-restraint)  =    -43405.6450
 ------------------------------------------------------------------------------

wrapping first mol.:       20.26984       28.66588       49.65075
wrapping first mol.:       20.26984       28.66588       49.65075

 NSTEP =     8000   TIME(PS) =    1256.000  TEMP(K) =   299.31  PRESS =     0.0
 Etot   =    -34426.7982  EKtot   =      9081.6934  EPtot      =    -43508.4916
 BOND   =       340.5741  ANGLE   =      1067.1300  DIHED      =      1313.9009
 1-4 NB =       451.7866  1-4 EEL =      6292.8209  VDWAALS    =      4780.5342
 EELEC  =    -57849.2433  EHBOND  =         0.0000  RESTRAINT  =        94.0049
 EAMBER (non-restraint)  =    -43602.4965
 ------------------------------------------------------------------------------

wrapping first mol.:       20.26984       28.66588       49.65075
wrapping first mol.:       20.26984       28.66588       49.65075

 NSTEP =     8500   TIME(PS) =    1257.000  TEMP(K) =   299.38  PRESS =     0.0
 Etot   =    -34296.0323  EKtot   =      9083.7842  EPtot      =    -43379.8164
 BOND   =       318.8171  ANGLE   =      1058.6711  DIHED      =      1347.1741
 1-4 NB =       442.5188  1-4 EEL =      6288.8998  VDWAALS    =      4821.6436
 EELEC  =    -57750.8072  EHBOND  =         0.0000  RESTRAINT  =        93.2662
 EAMBER (non-restraint)  =    -43473.0827
 ------------------------------------------------------------------------------

wrapping first mol.:       20.26984       28.66588       49.65075
wrapping first mol.:       20.26984       28.66588       49.65075

 NSTEP =     9000   TIME(PS) =    1258.000  TEMP(K) =   298.48  PRESS =     0.0
 Etot   =    -34254.2132  EKtot   =      9056.7510  EPtot      =    -43310.9641
 BOND   =       364.7122  ANGLE   =      1041.5622  DIHED      =      1340.2961
 1-4 NB =       445.6558  1-4 EEL =      6299.1938  VDWAALS    =      4665.2816
 EELEC  =    -57559.3839  EHBOND  =         0.0000  RESTRAINT  =        91.7181
 EAMBER (non-restraint)  =    -43402.6823
 ------------------------------------------------------------------------------

wrapping first mol.:       20.26984       28.66588       49.65075
wrapping first mol.:       20.26984       28.66588       49.65075

 NSTEP =     9500   TIME(PS) =    1259.000  TEMP(K) =   302.24  PRESS =     0.0
 Etot   =    -34126.9449  EKtot   =      9170.5654  EPtot      =    -43297.5104
 BOND   =       360.4440  ANGLE   =      1072.9641  DIHED      =      1347.7317
 1-4 NB =       444.1940  1-4 EEL =      6282.4847  VDWAALS    =      4916.8897
 EELEC  =    -57806.6448  EHBOND  =         0.0000  RESTRAINT  =        84.4263
 EAMBER (non-restraint)  =    -43381.9366
 ------------------------------------------------------------------------------

wrapping first mol.:       20.26984       28.66588       49.65075
wrapping first mol.:       20.26984       28.66588       49.65075

 NSTEP =    10000   TIME(PS) =    1260.000  TEMP(K) =   297.25  PRESS =     0.0
 Etot   =    -34146.1441  EKtot   =      9019.4141  EPtot      =    -43165.5582
 BOND   =       371.4109  ANGLE   =      1044.7468  DIHED      =      1362.0110
 1-4 NB =       435.8682  1-4 EEL =      6256.2931  VDWAALS    =      4829.7548
 EELEC  =    -57556.5099  EHBOND  =         0.0000  RESTRAINT  =        90.8668
 EAMBER (non-restraint)  =    -43256.4249
 ------------------------------------------------------------------------------

wrapping first mol.:       20.26984       28.66588       49.65075
wrapping first mol.:       20.26984       28.66588       49.65075

 NSTEP =    10500   TIME(PS) =    1261.000  TEMP(K) =   296.90  PRESS =     0.0
 Etot   =    -34312.4867  EKtot   =      9008.7031  EPtot      =    -43321.1898
 BOND   =       347.0768  ANGLE   =      1066.5966  DIHED      =      1365.3819
 1-4 NB =       454.0705  1-4 EEL =      6296.7596  VDWAALS    =      4608.1036
 EELEC  =    -57549.3562  EHBOND  =         0.0000  RESTRAINT  =        90.1772
 EAMBER (non-restraint)  =    -43411.3671
 ------------------------------------------------------------------------------

wrapping first mol.:       20.26984       28.66588       49.65075
wrapping first mol.:       20.26984       28.66588       49.65075

 NSTEP =    11000   TIME(PS) =    1262.000  TEMP(K) =   304.53  PRESS =     0.0
 Etot   =    -33986.6576  EKtot   =      9240.2393  EPtot      =    -43226.8969
 BOND   =       354.4148  ANGLE   =      1071.8573  DIHED      =      1355.7828
 1-4 NB =       450.8011  1-4 EEL =      6274.5228  VDWAALS    =      4746.9445
 EELEC  =    -57563.2808  EHBOND  =         0.0000  RESTRAINT  =        82.0606
 EAMBER (non-restraint)  =    -43308.9575
 ------------------------------------------------------------------------------

wrapping first mol.:       20.26984       28.66588       49.65075
wrapping first mol.:       20.26984       28.66588       49.65075

 NSTEP =    11500   TIME(PS) =    1263.000  TEMP(K) =   298.40  PRESS =     0.0
 Etot   =    -34162.0402  EKtot   =      9054.3164  EPtot      =    -43216.3566
 BOND   =       352.2921  ANGLE   =      1066.0695  DIHED      =      1354.0113
 1-4 NB =       440.6833  1-4 EEL =      6284.1445  VDWAALS    =      4656.2469
 EELEC  =    -57457.9668  EHBOND  =         0.0000  RESTRAINT  =        88.1626
 EAMBER (non-restraint)  =    -43304.5192
 ------------------------------------------------------------------------------

wrapping first mol.:       20.26984       28.66588       49.65075
wrapping first mol.:       20.26984       28.66588       49.65075

 NSTEP =    12000   TIME(PS) =    1264.000  TEMP(K) =   300.79  PRESS =     0.0
 Etot   =    -34175.1986  EKtot   =      9126.8027  EPtot      =    -43302.0013
 BOND   =       340.6344  ANGLE   =      1052.4784  DIHED      =      1351.8219
 1-4 NB =       451.8191  1-4 EEL =      6259.5869  VDWAALS    =      4851.8401
 EELEC  =    -57715.0049  EHBOND  =         0.0000  RESTRAINT  =       104.8227
 EAMBER (non-restraint)  =    -43406.8240
 ------------------------------------------------------------------------------

wrapping first mol.:       20.26984       28.66588       49.65075
wrapping first mol.:       20.26984       28.66588       49.65075

 NSTEP =    12500   TIME(PS) =    1265.000  TEMP(K) =   297.27  PRESS =     0.0
 Etot   =    -34347.1673  EKtot   =      9019.7930  EPtot      =    -43366.9603
 BOND   =       324.2475  ANGLE   =      1057.6119  DIHED      =      1340.8876
 1-4 NB =       435.7805  1-4 EEL =      6285.9567  VDWAALS    =      4858.8989
 EELEC  =    -57752.2016  EHBOND  =         0.0000  RESTRAINT  =        81.8581
 EAMBER (non-restraint)  =    -43448.8183
 ------------------------------------------------------------------------------

wrapping first mol.:       20.26984       28.66588       49.65075
wrapping first mol.:       20.26984       28.66588       49.65075

 NSTEP =    13000   TIME(PS) =    1266.000  TEMP(K) =   304.18  PRESS =     0.0
 Etot   =    -33878.6838  EKtot   =      9229.4258  EPtot      =    -43108.1096
 BOND   =       354.8874  ANGLE   =      1075.9311  DIHED      =      1360.9271
 1-4 NB =       428.1081  1-4 EEL =      6289.3672  VDWAALS    =      4637.1598
 EELEC  =    -57348.5644  EHBOND  =         0.0000  RESTRAINT  =        94.0742
 EAMBER (non-restraint)  =    -43202.1838
 ------------------------------------------------------------------------------

wrapping first mol.:       20.26984       28.66588       49.65075
wrapping first mol.:       20.26984       28.66588       49.65075

 NSTEP =    13500   TIME(PS) =    1267.000  TEMP(K) =   299.90  PRESS =     0.0
 Etot   =    -34241.4197  EKtot   =      9099.5967  EPtot      =    -43341.0164
 BOND   =       339.2702  ANGLE   =      1073.1337  DIHED      =      1346.9256
 1-4 NB =       427.2112  1-4 EEL =      6291.5757  VDWAALS    =      4696.5195
 EELEC  =    -57601.6520  EHBOND  =         0.0000  RESTRAINT  =        85.9997
 EAMBER (non-restraint)  =    -43427.0160
 ------------------------------------------------------------------------------

wrapping first mol.:       20.26984       28.66588       49.65075
wrapping first mol.:       20.26984       28.66588       49.65075

 NSTEP =    14000   TIME(PS) =    1268.000  TEMP(K) =   293.91  PRESS =     0.0
 Etot   =    -34532.7650  EKtot   =      8918.0410  EPtot      =    -43450.8060
 BOND   =       354.9392  ANGLE   =      1056.2473  DIHED      =      1334.6343
 1-4 NB =       448.2177  1-4 EEL =      6282.2070  VDWAALS    =      4776.0920
 EELEC  =    -57795.2714  EHBOND  =         0.0000  RESTRAINT  =        92.1279
 EAMBER (non-restraint)  =    -43542.9339
 ------------------------------------------------------------------------------

wrapping first mol.:       20.26984       28.66588       49.65075
wrapping first mol.:       20.26984       28.66588       49.65075

 NSTEP =    14500   TIME(PS) =    1269.000  TEMP(K) =   302.34  PRESS =     0.0
 Etot   =    -34379.5345  EKtot   =      9173.7568  EPtot      =    -43553.2913
 BOND   =       341.6125  ANGLE   =      1036.2963  DIHED      =      1312.7207
 1-4 NB =       442.8785  1-4 EEL =      6276.4299  VDWAALS    =      4901.8668
 EELEC  =    -57952.7077  EHBOND  =         0.0000  RESTRAINT  =        87.6117
 EAMBER (non-restraint)  =    -43640.9029
 ------------------------------------------------------------------------------

wrapping first mol.:       20.26984       28.66588       49.65075
wrapping first mol.:       20.26984       28.66588       49.65075

 NSTEP =    15000   TIME(PS) =    1270.000  TEMP(K) =   303.02  PRESS =     0.0
 Etot   =    -33942.2808  EKtot   =      9194.3115  EPtot      =    -43136.5923
 BOND   =       329.2652  ANGLE   =      1041.1650  DIHED      =      1334.8879
 1-4 NB =       445.2751  1-4 EEL =      6286.5619  VDWAALS    =      4805.3722
 EELEC  =    -57465.2762  EHBOND  =         0.0000  RESTRAINT  =        86.1566
 EAMBER (non-restraint)  =    -43222.7488
 ------------------------------------------------------------------------------

wrapping first mol.:       20.26984       28.66588       49.65075
wrapping first mol.:       20.26984       28.66588       49.65075

 NSTEP =    15500   TIME(PS) =    1271.000  TEMP(K) =   300.93  PRESS =     0.0
 Etot   =    -34138.1544  EKtot   =      9131.0312  EPtot      =    -43269.1857
 BOND   =       372.2823  ANGLE   =      1066.1005  DIHED      =      1335.9033
 1-4 NB =       442.5389  1-4 EEL =      6250.1635  VDWAALS    =      4657.4349
 EELEC  =    -57481.3801  EHBOND  =         0.0000  RESTRAINT  =        87.7710
 EAMBER (non-restraint)  =    -43356.9567
 ------------------------------------------------------------------------------

wrapping first mol.:       20.26984       28.66588       49.65075
wrapping first mol.:       20.26984       28.66588       49.65075

 NSTEP =    16000   TIME(PS) =    1272.000  TEMP(K) =   300.38  PRESS =     0.0
 Etot   =    -34170.2807  EKtot   =      9114.3213  EPtot      =    -43284.6020
 BOND   =       336.5353  ANGLE   =      1053.4280  DIHED      =      1338.1723
 1-4 NB =       444.4651  1-4 EEL =      6252.8212  VDWAALS    =      4656.8427
 EELEC  =    -57470.1963  EHBOND  =         0.0000  RESTRAINT  =       103.3298
 EAMBER (non-restraint)  =    -43387.9317
 ------------------------------------------------------------------------------

wrapping first mol.:       20.26984       28.66588       49.65075
wrapping first mol.:       20.26984       28.66588       49.65075

 NSTEP =    16500   TIME(PS) =    1273.000  TEMP(K) =   296.40  PRESS =     0.0
 Etot   =    -34413.9602  EKtot   =      8993.5879  EPtot      =    -43407.5481
 BOND   =       363.1082  ANGLE   =      1039.1827  DIHED      =      1332.7131
 1-4 NB =       444.2152  1-4 EEL =      6257.2386  VDWAALS    =      4804.1479
 EELEC  =    -57732.2887  EHBOND  =         0.0000  RESTRAINT  =        84.1349
 EAMBER (non-restraint)  =    -43491.6830
 ------------------------------------------------------------------------------

wrapping first mol.:       20.26984       28.66588       49.65075
wrapping first mol.:       20.26984       28.66588       49.65075

 NSTEP =    17000   TIME(PS) =    1274.000  TEMP(K) =   301.89  PRESS =     0.0
 Etot   =    -34124.8632  EKtot   =      9160.1182  EPtot      =    -43284.9813
 BOND   =       353.5609  ANGLE   =      1045.3699  DIHED      =      1339.8600
 1-4 NB =       427.6889  1-4 EEL =      6267.9454  VDWAALS    =      4711.8568
 EELEC  =    -57529.9390  EHBOND  =         0.0000  RESTRAINT  =        98.6758
 EAMBER (non-restraint)  =    -43383.6571
 ------------------------------------------------------------------------------

wrapping first mol.:       20.26984       28.66588       49.65075
wrapping first mol.:       20.26984       28.66588       49.65075

 NSTEP =    17500   TIME(PS) =    1275.000  TEMP(K) =   302.18  PRESS =     0.0
 Etot   =    -34218.5770  EKtot   =      9168.8223  EPtot      =    -43387.3992
 BOND   =       352.9549  ANGLE   =      1029.5542  DIHED      =      1355.3287
 1-4 NB =       433.5172  1-4 EEL =      6263.0824  VDWAALS    =      4824.4067
 EELEC  =    -57730.4090  EHBOND  =         0.0000  RESTRAINT  =        84.1657
 EAMBER (non-restraint)  =    -43471.5649
 ------------------------------------------------------------------------------

wrapping first mol.:       20.26984       28.66588       49.65075
wrapping first mol.:       20.26984       28.66588       49.65075

 NSTEP =    18000   TIME(PS) =    1276.000  TEMP(K) =   297.29  PRESS =     0.0
 Etot   =    -34172.4453  EKtot   =      9020.4541  EPtot      =    -43192.8994
 BOND   =       368.7422  ANGLE   =      1042.4604  DIHED      =      1339.1998
 1-4 NB =       448.3804  1-4 EEL =      6252.0209  VDWAALS    =      4822.9955
 EELEC  =    -57572.0209  EHBOND  =         0.0000  RESTRAINT  =       105.3224
 EAMBER (non-restraint)  =    -43298.2218
 ------------------------------------------------------------------------------

wrapping first mol.:       20.26984       28.66588       49.65075
wrapping first mol.:       20.26984       28.66588       49.65075

 NSTEP =    18500   TIME(PS) =    1277.000  TEMP(K) =   299.03  PRESS =     0.0
 Etot   =    -34283.6823  EKtot   =      9073.1875  EPtot      =    -43356.8698
 BOND   =       346.2381  ANGLE   =      1042.3231  DIHED      =      1336.3392
 1-4 NB =       446.2431  1-4 EEL =      6291.6669  VDWAALS    =      4737.6827
 EELEC  =    -57655.1283  EHBOND  =         0.0000  RESTRAINT  =        97.7655
 EAMBER (non-restraint)  =    -43454.6352
 ------------------------------------------------------------------------------

wrapping first mol.:       20.26984       28.66588       49.65075
wrapping first mol.:       20.26984       28.66588       49.65075

 NSTEP =    19000   TIME(PS) =    1278.000  TEMP(K) =   301.04  PRESS =     0.0
 Etot   =    -34091.2737  EKtot   =      9134.3359  EPtot      =    -43225.6097
 BOND   =       347.3779  ANGLE   =      1096.8411  DIHED      =      1348.5969
 1-4 NB =       446.7135  1-4 EEL =      6250.8859  VDWAALS    =      4868.3976
 EELEC  =    -57674.3812  EHBOND  =         0.0000  RESTRAINT  =        89.9586
 EAMBER (non-restraint)  =    -43315.5683
 ------------------------------------------------------------------------------

wrapping first mol.:       20.26984       28.66588       49.65075
wrapping first mol.:       20.26984       28.66588       49.65075

 NSTEP =    19500   TIME(PS) =    1279.000  TEMP(K) =   305.80  PRESS =     0.0
 Etot   =    -34046.5676  EKtot   =      9278.7383  EPtot      =    -43325.3058
 BOND   =       347.2483  ANGLE   =      1068.7305  DIHED      =      1371.7686
 1-4 NB =       438.0052  1-4 EEL =      6247.4126  VDWAALS    =      4768.9019
 EELEC  =    -57665.8129  EHBOND  =         0.0000  RESTRAINT  =        98.4399
 EAMBER (non-restraint)  =    -43423.7458
 ------------------------------------------------------------------------------

wrapping first mol.:       20.26984       28.66588       49.65075
wrapping first mol.:       20.26984       28.66588       49.65075

 NSTEP =    20000   TIME(PS) =    1280.000  TEMP(K) =   298.98  PRESS =     0.0
 Etot   =    -34066.1425  EKtot   =      9071.9248  EPtot      =    -43138.0673
 BOND   =       338.3805  ANGLE   =      1075.5531  DIHED      =      1358.8349
 1-4 NB =       439.5614  1-4 EEL =      6270.0241  VDWAALS    =      4821.4751
 EELEC  =    -57532.3920  EHBOND  =         0.0000  RESTRAINT  =        90.4955
 EAMBER (non-restraint)  =    -43228.5628
 ------------------------------------------------------------------------------

wrapping first mol.:       20.26984       28.66588       49.65075
wrapping first mol.:       20.26984       28.66588       49.65075

 NSTEP =    20500   TIME(PS) =    1281.000  TEMP(K) =   300.17  PRESS =     0.0
 Etot   =    -34072.4170  EKtot   =      9107.9844  EPtot      =    -43180.4014
 BOND   =       355.4648  ANGLE   =      1022.2066  DIHED      =      1335.2050
 1-4 NB =       444.8833  1-4 EEL =      6237.5982  VDWAALS    =      4726.3553
 EELEC  =    -57392.5166  EHBOND  =         0.0000  RESTRAINT  =        90.4019
 EAMBER (non-restraint)  =    -43270.8033
 ------------------------------------------------------------------------------

wrapping first mol.:       20.26984       28.66588       49.65075
wrapping first mol.:       20.26984       28.66588       49.65075

 NSTEP =    21000   TIME(PS) =    1282.000  TEMP(K) =   300.33  PRESS =     0.0
 Etot   =    -34051.9376  EKtot   =      9112.7852  EPtot      =    -43164.7228
 BOND   =       350.6241  ANGLE   =      1052.2050  DIHED      =      1354.0501
 1-4 NB =       435.9768  1-4 EEL =      6241.2653  VDWAALS    =      4765.4758
 EELEC  =    -57452.6337  EHBOND  =         0.0000  RESTRAINT  =        88.3137
 EAMBER (non-restraint)  =    -43253.0365
 ------------------------------------------------------------------------------

wrapping first mol.:       20.26984       28.66588       49.65075
wrapping first mol.:       20.26984       28.66588       49.65075

 NSTEP =    21500   TIME(PS) =    1283.000  TEMP(K) =   300.91  PRESS =     0.0
 Etot   =    -34176.6789  EKtot   =      9130.2275  EPtot      =    -43306.9065
 BOND   =       338.0671  ANGLE   =      1006.9874  DIHED      =      1326.4703
 1-4 NB =       447.7708  1-4 EEL =      6280.1173  VDWAALS    =      4836.9703
 EELEC  =    -57628.3912  EHBOND  =         0.0000  RESTRAINT  =        85.1015
 EAMBER (non-restraint)  =    -43392.0080
 ------------------------------------------------------------------------------

wrapping first mol.:       20.26984       28.66588       49.65075
wrapping first mol.:       20.26984       28.66588       49.65075

 NSTEP =    22000   TIME(PS) =    1284.000  TEMP(K) =   301.68  PRESS =     0.0
 Etot   =    -34231.9528  EKtot   =      9153.6416  EPtot      =    -43385.5944
 BOND   =       354.3212  ANGLE   =      1056.0080  DIHED      =      1337.0793
 1-4 NB =       444.4778  1-4 EEL =      6258.3921  VDWAALS    =      4875.4122
 EELEC  =    -57811.9883  EHBOND  =         0.0000  RESTRAINT  =       100.7034
 EAMBER (non-restraint)  =    -43486.2977
 ------------------------------------------------------------------------------

wrapping first mol.:       20.26984       28.66588       49.65075
wrapping first mol.:       20.26984       28.66588       49.65075

 NSTEP =    22500   TIME(PS) =    1285.000  TEMP(K) =   299.17  PRESS =     0.0
 Etot   =    -34095.3504  EKtot   =      9077.5059  EPtot      =    -43172.8563
 BOND   =       387.3754  ANGLE   =      1026.9868  DIHED      =      1352.4191
 1-4 NB =       437.7556  1-4 EEL =      6258.8854  VDWAALS    =      4616.3410
 EELEC  =    -57344.9508  EHBOND  =         0.0000  RESTRAINT  =        92.3312
 EAMBER (non-restraint)  =    -43265.1875
 ------------------------------------------------------------------------------

wrapping first mol.:       20.26984       28.66588       49.65075
wrapping first mol.:       20.26984       28.66588       49.65075

 NSTEP =    23000   TIME(PS) =    1286.000  TEMP(K) =   299.77  PRESS =     0.0
 Etot   =    -34197.1551  EKtot   =      9095.6572  EPtot      =    -43292.8123
 BOND   =       327.7265  ANGLE   =      1055.4432  DIHED      =      1326.7789
 1-4 NB =       464.1629  1-4 EEL =      6271.3467  VDWAALS    =      4557.8480
 EELEC  =    -57378.4226  EHBOND  =         0.0000  RESTRAINT  =        82.3041
 EAMBER (non-restraint)  =    -43375.1164
 ------------------------------------------------------------------------------

wrapping first mol.:       20.26984       28.66588       49.65075
wrapping first mol.:       20.26984       28.66588       49.65075

 NSTEP =    23500   TIME(PS) =    1287.000  TEMP(K) =   299.40  PRESS =     0.0
 Etot   =    -34242.8010  EKtot   =      9084.5596  EPtot      =    -43327.3606
 BOND   =       361.1857  ANGLE   =      1057.1594  DIHED      =      1329.3110
 1-4 NB =       469.5958  1-4 EEL =      6273.4987  VDWAALS    =      4807.7672
 EELEC  =    -57715.2251  EHBOND  =         0.0000  RESTRAINT  =        89.3467
 EAMBER (non-restraint)  =    -43416.7073
 ------------------------------------------------------------------------------

wrapping first mol.:       20.26984       28.66588       49.65075
wrapping first mol.:       20.26984       28.66588       49.65075

 NSTEP =    24000   TIME(PS) =    1288.000  TEMP(K) =   298.15  PRESS =     0.0
 Etot   =    -34369.4843  EKtot   =      9046.6006  EPtot      =    -43416.0849
 BOND   =       334.7548  ANGLE   =      1045.6933  DIHED      =      1339.0994
 1-4 NB =       448.8500  1-4 EEL =      6274.8190  VDWAALS    =      4828.7385
 EELEC  =    -57781.2769  EHBOND  =         0.0000  RESTRAINT  =        93.2370
 EAMBER (non-restraint)  =    -43509.3219
 ------------------------------------------------------------------------------

wrapping first mol.:       20.26984       28.66588       49.65075
wrapping first mol.:       20.26984       28.66588       49.65075

 NSTEP =    24500   TIME(PS) =    1289.000  TEMP(K) =   298.78  PRESS =     0.0
 Etot   =    -34194.9745  EKtot   =      9065.6064  EPtot      =    -43260.5810
 BOND   =       332.4992  ANGLE   =      1060.8999  DIHED      =      1337.1751
 1-4 NB =       453.5372  1-4 EEL =      6274.2378  VDWAALS    =      4577.1511
 EELEC  =    -57392.1848  EHBOND  =         0.0000  RESTRAINT  =        96.1036
 EAMBER (non-restraint)  =    -43356.6845
 ------------------------------------------------------------------------------

wrapping first mol.:       20.26984       28.66588       49.65075
wrapping first mol.:       20.26984       28.66588       49.65075

 NSTEP =    25000   TIME(PS) =    1290.000  TEMP(K) =   301.76  PRESS =     0.0
 Etot   =    -33906.7094  EKtot   =      9156.1152  EPtot      =    -43062.8246
 BOND   =       333.3981  ANGLE   =      1047.1737  DIHED      =      1345.4941
 1-4 NB =       447.6039  1-4 EEL =      6260.7233  VDWAALS    =      4721.4287
 EELEC  =    -57308.4742  EHBOND  =         0.0000  RESTRAINT  =        89.8278
 EAMBER (non-restraint)  =    -43152.6524
 ------------------------------------------------------------------------------

wrapping first mol.:       20.26984       28.66588       49.65075
wrapping first mol.:       20.26984       28.66588       49.65075

 NSTEP =    25500   TIME(PS) =    1291.000  TEMP(K) =   301.60  PRESS =     0.0
 Etot   =    -34030.7883  EKtot   =      9151.3467  EPtot      =    -43182.1350
 BOND   =       318.5132  ANGLE   =      1013.2064  DIHED      =      1350.7470
 1-4 NB =       460.8191  1-4 EEL =      6280.0435  VDWAALS    =      4639.3175
 EELEC  =    -57326.1870  EHBOND  =         0.0000  RESTRAINT  =        81.4053
 EAMBER (non-restraint)  =    -43263.5403
 ------------------------------------------------------------------------------

wrapping first mol.:       20.26984       28.66588       49.65075
wrapping first mol.:       20.26984       28.66588       49.65075

 NSTEP =    26000   TIME(PS) =    1292.000  TEMP(K) =   299.02  PRESS =     0.0
 Etot   =    -34172.7805  EKtot   =      9072.9824  EPtot      =    -43245.7630
 BOND   =       351.0694  ANGLE   =      1014.0109  DIHED      =      1361.2022
 1-4 NB =       458.2546  1-4 EEL =      6317.3368  VDWAALS    =      4804.3546
 EELEC  =    -57637.6602  EHBOND  =         0.0000  RESTRAINT  =        85.6688
 EAMBER (non-restraint)  =    -43331.4317
 ------------------------------------------------------------------------------

wrapping first mol.:       20.26984       28.66588       49.65075
wrapping first mol.:       20.26984       28.66588       49.65075

 NSTEP =    26500   TIME(PS) =    1293.000  TEMP(K) =   299.43  PRESS =     0.0
 Etot   =    -34257.5290  EKtot   =      9085.4961  EPtot      =    -43343.0251
 BOND   =       332.7393  ANGLE   =      1025.1447  DIHED      =      1348.7631
 1-4 NB =       430.3334  1-4 EEL =      6280.4692  VDWAALS    =      4702.2706
 EELEC  =    -57557.4612  EHBOND  =         0.0000  RESTRAINT  =        94.7159
 EAMBER (non-restraint)  =    -43437.7410
 ------------------------------------------------------------------------------

wrapping first mol.:       20.26984       28.66588       49.65075
wrapping first mol.:       20.26984       28.66588       49.65075

 NSTEP =    27000   TIME(PS) =    1294.000  TEMP(K) =   299.81  PRESS =     0.0
 Etot   =    -34004.7873  EKtot   =      9097.0225  EPtot      =    -43101.8098
 BOND   =       348.6584  ANGLE   =      1019.1412  DIHED      =      1348.9548
 1-4 NB =       452.8197  1-4 EEL =      6281.3465  VDWAALS    =      4742.6874
 EELEC  =    -57395.5492  EHBOND  =         0.0000  RESTRAINT  =       100.1315
 EAMBER (non-restraint)  =    -43201.9412
 ------------------------------------------------------------------------------

wrapping first mol.:       20.26984       28.66588       49.65075
wrapping first mol.:       20.26984       28.66588       49.65075

 NSTEP =    27500   TIME(PS) =    1295.000  TEMP(K) =   297.29  PRESS =     0.0
 Etot   =    -34456.3987  EKtot   =      9020.4004  EPtot      =    -43476.7991
 BOND   =       333.6710  ANGLE   =      1026.8821  DIHED      =      1343.5170
 1-4 NB =       431.4822  1-4 EEL =      6268.1824  VDWAALS    =      4555.0287
 EELEC  =    -57539.6260  EHBOND  =         0.0000  RESTRAINT  =       104.0636
 EAMBER (non-restraint)  =    -43580.8627
 ------------------------------------------------------------------------------

wrapping first mol.:       20.26984       28.66588       49.65075
wrapping first mol.:       20.26984       28.66588       49.65075

 NSTEP =    28000   TIME(PS) =    1296.000  TEMP(K) =   304.77  PRESS =     0.0
 Etot   =    -34018.0368  EKtot   =      9247.3818  EPtot      =    -43265.4186
 BOND   =       366.0011  ANGLE   =      1057.8541  DIHED      =      1339.6464
 1-4 NB =       460.3725  1-4 EEL =      6253.6986  VDWAALS    =      4725.1391
 EELEC  =    -57560.7585  EHBOND  =         0.0000  RESTRAINT  =        92.6281
 EAMBER (non-restraint)  =    -43358.0468
 ------------------------------------------------------------------------------

wrapping first mol.:       20.26984       28.66588       49.65075
wrapping first mol.:       20.26984       28.66588       49.65075

 NSTEP =    28500   TIME(PS) =    1297.000  TEMP(K) =   302.70  PRESS =     0.0
 Etot   =    -34108.0446  EKtot   =      9184.7148  EPtot      =    -43292.7594
 BOND   =       366.3917  ANGLE   =      1066.0859  DIHED      =      1343.1361
 1-4 NB =       445.4348  1-4 EEL =      6244.2790  VDWAALS    =      4716.2734
 EELEC  =    -57556.8756  EHBOND  =         0.0000  RESTRAINT  =        82.5153
 EAMBER (non-restraint)  =    -43375.2747
 ------------------------------------------------------------------------------

wrapping first mol.:       20.26984       28.66588       49.65075
wrapping first mol.:       20.26984       28.66588       49.65075

 NSTEP =    29000   TIME(PS) =    1298.000  TEMP(K) =   298.35  PRESS =     0.0
 Etot   =    -34258.6513  EKtot   =      9052.6572  EPtot      =    -43311.3086
 BOND   =       327.4979  ANGLE   =      1030.3647  DIHED      =      1342.7376
 1-4 NB =       450.2935  1-4 EEL =      6294.7967  VDWAALS    =      4796.7051
 EELEC  =    -57638.8726  EHBOND  =         0.0000  RESTRAINT  =        85.1685
 EAMBER (non-restraint)  =    -43396.4771
 ------------------------------------------------------------------------------

wrapping first mol.:       20.26984       28.66588       49.65075
wrapping first mol.:       20.26984       28.66588       49.65075

 NSTEP =    29500   TIME(PS) =    1299.000  TEMP(K) =   297.51  PRESS =     0.0
 Etot   =    -34268.6342  EKtot   =      9027.0557  EPtot      =    -43295.6899
 BOND   =       363.6655  ANGLE   =      1043.6997  DIHED      =      1343.4135
 1-4 NB =       459.1692  1-4 EEL =      6287.2474  VDWAALS    =      4777.7434
 EELEC  =    -57653.9819  EHBOND  =         0.0000  RESTRAINT  =        83.3533
 EAMBER (non-restraint)  =    -43379.0431
 ------------------------------------------------------------------------------

wrapping first mol.:       20.26984       28.66588       49.65075
wrapping first mol.:       20.26984       28.66588       49.65075

 NSTEP =    30000   TIME(PS) =    1300.000  TEMP(K) =   298.12  PRESS =     0.0
 Etot   =    -34385.3383  EKtot   =      9045.5879  EPtot      =    -43430.9261
 BOND   =       341.6623  ANGLE   =      1022.5265  DIHED      =      1355.8724
 1-4 NB =       453.9016  1-4 EEL =      6275.3576  VDWAALS    =      4697.1569
 EELEC  =    -57660.2267  EHBOND  =         0.0000  RESTRAINT  =        82.8233
 EAMBER (non-restraint)  =    -43513.7494
 ------------------------------------------------------------------------------

wrapping first mol.:       20.26984       28.66588       49.65075
wrapping first mol.:       20.26984       28.66588       49.65075

 NSTEP =    30500   TIME(PS) =    1301.000  TEMP(K) =   298.49  PRESS =     0.0
 Etot   =    -34258.0938  EKtot   =      9056.8867  EPtot      =    -43314.9805
 BOND   =       371.3342  ANGLE   =      1018.7567  DIHED      =      1340.6001
 1-4 NB =       444.4367  1-4 EEL =      6256.7591  VDWAALS    =      4756.5709
 EELEC  =    -57594.9927  EHBOND  =         0.0000  RESTRAINT  =        91.5544
 EAMBER (non-restraint)  =    -43406.5350
 ------------------------------------------------------------------------------

wrapping first mol.:       20.26984       28.66588       49.65075
wrapping first mol.:       20.26984       28.66588       49.65075

 NSTEP =    31000   TIME(PS) =    1302.000  TEMP(K) =   298.96  PRESS =     0.0
 Etot   =    -34240.8124  EKtot   =      9071.2607  EPtot      =    -43312.0732
 BOND   =       349.6758  ANGLE   =      1088.3719  DIHED      =      1347.6217
 1-4 NB =       443.1232  1-4 EEL =      6265.3840  VDWAALS    =      4619.7827
 EELEC  =    -57517.0771  EHBOND  =         0.0000  RESTRAINT  =        91.0446
 EAMBER (non-restraint)  =    -43403.1178
 ------------------------------------------------------------------------------

wrapping first mol.:       20.26984       28.66588       49.65075
wrapping first mol.:       20.26984       28.66588       49.65075

 NSTEP =    31500   TIME(PS) =    1303.000  TEMP(K) =   303.54  PRESS =     0.0
 Etot   =    -34060.9598  EKtot   =      9210.0811  EPtot      =    -43271.0409
 BOND   =       398.1231  ANGLE   =      1036.7605  DIHED      =      1343.6459
 1-4 NB =       422.1807  1-4 EEL =      6199.8224  VDWAALS    =      4760.6338
 EELEC  =    -57524.2236  EHBOND  =         0.0000  RESTRAINT  =        92.0163
 EAMBER (non-restraint)  =    -43363.0572
 ------------------------------------------------------------------------------

wrapping first mol.:       20.26984       28.66588       49.65075
wrapping first mol.:       20.26984       28.66588       49.65075

 NSTEP =    32000   TIME(PS) =    1304.000  TEMP(K) =   299.13  PRESS =     0.0
 Etot   =    -34276.7330  EKtot   =      9076.3066  EPtot      =    -43353.0396
 BOND   =       366.1935  ANGLE   =      1098.8438  DIHED      =      1344.6188
 1-4 NB =       439.5776  1-4 EEL =      6229.6443  VDWAALS    =      4781.2430
 EELEC  =    -57698.8773  EHBOND  =         0.0000  RESTRAINT  =        85.7166
 EAMBER (non-restraint)  =    -43438.7562
 ------------------------------------------------------------------------------

wrapping first mol.:       20.26984       28.66588       49.65075
wrapping first mol.:       20.26984       28.66588       49.65075

 NSTEP =    32500   TIME(PS) =    1305.000  TEMP(K) =   300.35  PRESS =     0.0
 Etot   =    -34342.0141  EKtot   =      9113.3857  EPtot      =    -43455.3999
 BOND   =       343.3546  ANGLE   =      1021.2537  DIHED      =      1357.6160
 1-4 NB =       452.9615  1-4 EEL =      6280.6791  VDWAALS    =      4665.1192
 EELEC  =    -57663.8396  EHBOND  =         0.0000  RESTRAINT  =        87.4557
 EAMBER (non-restraint)  =    -43542.8555
 ------------------------------------------------------------------------------

wrapping first mol.:       20.26984       28.66588       49.65075
wrapping first mol.:       20.26984       28.66588       49.65075

 NSTEP =    33000   TIME(PS) =    1306.000  TEMP(K) =   302.62  PRESS =     0.0
 Etot   =    -33942.2841  EKtot   =      9182.1729  EPtot      =    -43124.4569
 BOND   =       350.5032  ANGLE   =      1063.1901  DIHED      =      1345.3534
 1-4 NB =       436.6564  1-4 EEL =      6280.4714  VDWAALS    =      4741.6340
 EELEC  =    -57429.3977  EHBOND  =         0.0000  RESTRAINT  =        87.1321
 EAMBER (non-restraint)  =    -43211.5891
 ------------------------------------------------------------------------------

wrapping first mol.:       20.26984       28.66588       49.65075
wrapping first mol.:       20.26984       28.66588       49.65075

 NSTEP =    33500   TIME(PS) =    1307.000  TEMP(K) =   299.68  PRESS =     0.0
 Etot   =    -34340.6139  EKtot   =      9093.0674  EPtot      =    -43433.6812
 BOND   =       322.3744  ANGLE   =       995.1470  DIHED      =      1328.2000
 1-4 NB =       446.5347  1-4 EEL =      6280.6697  VDWAALS    =      4822.7856
 EELEC  =    -57711.0083  EHBOND  =         0.0000  RESTRAINT  =        81.6156
 EAMBER (non-restraint)  =    -43515.2968
 ------------------------------------------------------------------------------

wrapping first mol.:       20.26984       28.66588       49.65075
wrapping first mol.:       20.26984       28.66588       49.65075

 NSTEP =    34000   TIME(PS) =    1308.000  TEMP(K) =   299.24  PRESS =     0.0
 Etot   =    -34297.1029  EKtot   =      9079.5283  EPtot      =    -43376.6312
 BOND   =       368.0725  ANGLE   =      1050.2771  DIHED      =      1381.0779
 1-4 NB =       435.0214  1-4 EEL =      6287.4737  VDWAALS    =      4628.1613
 EELEC  =    -57619.7208  EHBOND  =         0.0000  RESTRAINT  =        93.0056
 EAMBER (non-restraint)  =    -43469.6368
 ------------------------------------------------------------------------------

wrapping first mol.:       20.26984       28.66588       49.65075
wrapping first mol.:       20.26984       28.66588       49.65075

 NSTEP =    34500   TIME(PS) =    1309.000  TEMP(K) =   299.35  PRESS =     0.0
 Etot   =    -34250.2966  EKtot   =      9083.0400  EPtot      =    -43333.3366
 BOND   =       356.6075  ANGLE   =      1061.7163  DIHED      =      1329.8881
 1-4 NB =       451.9826  1-4 EEL =      6296.3739  VDWAALS    =      4641.1905
 EELEC  =    -57559.3222  EHBOND  =         0.0000  RESTRAINT  =        88.2268
 EAMBER (non-restraint)  =    -43421.5634
 ------------------------------------------------------------------------------

wrapping first mol.:       20.26984       28.66588       49.65075
wrapping first mol.:       20.26984       28.66588       49.65075

 NSTEP =    35000   TIME(PS) =    1310.000  TEMP(K) =   295.85  PRESS =     0.0
 Etot   =    -34202.2044  EKtot   =      8976.7373  EPtot      =    -43178.9417
 BOND   =       393.7630  ANGLE   =      1039.6859  DIHED      =      1326.5716
 1-4 NB =       441.5615  1-4 EEL =      6275.7351  VDWAALS    =      4869.6168
 EELEC  =    -57607.2617  EHBOND  =         0.0000  RESTRAINT  =        81.3860
 EAMBER (non-restraint)  =    -43260.3277
 ------------------------------------------------------------------------------

wrapping first mol.:       20.26984       28.66588       49.65075
wrapping first mol.:       20.26984       28.66588       49.65075

 NSTEP =    35500   TIME(PS) =    1311.000  TEMP(K) =   304.61  PRESS =     0.0
 Etot   =    -34082.4234  EKtot   =      9242.7412  EPtot      =    -43325.1646
 BOND   =       374.3359  ANGLE   =      1088.3789  DIHED      =      1340.6937
 1-4 NB =       431.1432  1-4 EEL =      6277.9622  VDWAALS    =      4861.3351
 EELEC  =    -57786.0697  EHBOND  =         0.0000  RESTRAINT  =        87.0562
 EAMBER (non-restraint)  =    -43412.2208
 ------------------------------------------------------------------------------

wrapping first mol.:       20.26984       28.66588       49.65075
wrapping first mol.:       20.26984       28.66588       49.65075

 NSTEP =    36000   TIME(PS) =    1312.000  TEMP(K) =   299.25  PRESS =     0.0
 Etot   =    -34292.4060  EKtot   =      9080.1123  EPtot      =    -43372.5183
 BOND   =       350.9601  ANGLE   =      1041.5438  DIHED      =      1300.1115
 1-4 NB =       450.5575  1-4 EEL =      6293.9436  VDWAALS    =      4974.0684
 EELEC  =    -57874.7027  EHBOND  =         0.0000  RESTRAINT  =        90.9995
 EAMBER (non-restraint)  =    -43463.5179
 ------------------------------------------------------------------------------

wrapping first mol.:       20.26984       28.66588       49.65075
wrapping first mol.:       20.26984       28.66588       49.65075

 NSTEP =    36500   TIME(PS) =    1313.000  TEMP(K) =   302.59  PRESS =     0.0
 Etot   =    -34173.5270  EKtot   =      9181.2236  EPtot      =    -43354.7507
 BOND   =       362.3365  ANGLE   =      1049.5378  DIHED      =      1334.8457
 1-4 NB =       427.7385  1-4 EEL =      6257.1158  VDWAALS    =      4661.2893
 EELEC  =    -57534.3624  EHBOND  =         0.0000  RESTRAINT  =        86.7482
 EAMBER (non-restraint)  =    -43441.4989
 ------------------------------------------------------------------------------

wrapping first mol.:       20.26984       28.66588       49.65075
wrapping first mol.:       20.26984       28.66588       49.65075

 NSTEP =    37000   TIME(PS) =    1314.000  TEMP(K) =   300.33  PRESS =     0.0
 Etot   =    -34269.9404  EKtot   =      9112.5918  EPtot      =    -43382.5322
 BOND   =       379.0782  ANGLE   =      1048.9969  DIHED      =      1344.6441
 1-4 NB =       426.1946  1-4 EEL =      6260.6414  VDWAALS    =      4767.3000
 EELEC  =    -57693.1371  EHBOND  =         0.0000  RESTRAINT  =        83.7497
 EAMBER (non-restraint)  =    -43466.2819
 ------------------------------------------------------------------------------

wrapping first mol.:       20.26984       28.66588       49.65075
wrapping first mol.:       20.26984       28.66588       49.65075

 NSTEP =    37500   TIME(PS) =    1315.000  TEMP(K) =   299.83  PRESS =     0.0
 Etot   =    -34088.4200  EKtot   =      9097.6914  EPtot      =    -43186.1114
 BOND   =       358.9526  ANGLE   =      1077.5730  DIHED      =      1328.3510
 1-4 NB =       452.4370  1-4 EEL =      6274.8822  VDWAALS    =      4695.9793
 EELEC  =    -57460.6021  EHBOND  =         0.0000  RESTRAINT  =        86.3157
 EAMBER (non-restraint)  =    -43272.4271
 ------------------------------------------------------------------------------

wrapping first mol.:       20.26984       28.66588       49.65075
wrapping first mol.:       20.26984       28.66588       49.65075

 NSTEP =    38000   TIME(PS) =    1316.000  TEMP(K) =   300.64  PRESS =     0.0
 Etot   =    -34102.4990  EKtot   =      9122.0127  EPtot      =    -43224.5117
 BOND   =       340.4719  ANGLE   =      1031.9313  DIHED      =      1324.3300
 1-4 NB =       456.5093  1-4 EEL =      6298.6135  VDWAALS    =      4758.1561
 EELEC  =    -57520.1463  EHBOND  =         0.0000  RESTRAINT  =        85.6225
 EAMBER (non-restraint)  =    -43310.1342
 ------------------------------------------------------------------------------

wrapping first mol.:       20.26984       28.66588       49.65075
wrapping first mol.:       20.26984       28.66588       49.65075

 NSTEP =    38500   TIME(PS) =    1317.000  TEMP(K) =   298.03  PRESS =     0.0
 Etot   =    -34172.8380  EKtot   =      9042.8613  EPtot      =    -43215.6993
 BOND   =       363.3594  ANGLE   =      1048.9159  DIHED      =      1330.4409
 1-4 NB =       441.6833  1-4 EEL =      6270.0778  VDWAALS    =      4797.5151
 EELEC  =    -57559.2229  EHBOND  =         0.0000  RESTRAINT  =        91.5311
 EAMBER (non-restraint)  =    -43307.2304
 ------------------------------------------------------------------------------

wrapping first mol.:       20.26984       28.66588       49.65075
wrapping first mol.:       20.26984       28.66588       49.65075

 NSTEP =    39000   TIME(PS) =    1318.000  TEMP(K) =   298.92  PRESS =     0.0
 Etot   =    -34342.4633  EKtot   =      9069.9805  EPtot      =    -43412.4438
 BOND   =       337.8973  ANGLE   =      1084.1210  DIHED      =      1362.9176
 1-4 NB =       455.4783  1-4 EEL =      6274.9021  VDWAALS    =      4790.5244
 EELEC  =    -57805.7519  EHBOND  =         0.0000  RESTRAINT  =        87.4676
 EAMBER (non-restraint)  =    -43499.9114
 ------------------------------------------------------------------------------

wrapping first mol.:       20.26984       28.66588       49.65075
wrapping first mol.:       20.26984       28.66588       49.65075

 NSTEP =    39500   TIME(PS) =    1319.000  TEMP(K) =   297.97  PRESS =     0.0
 Etot   =    -34215.9316  EKtot   =      9041.1729  EPtot      =    -43257.1045
 BOND   =       361.8987  ANGLE   =      1050.6952  DIHED      =      1345.1464
 1-4 NB =       433.0271  1-4 EEL =      6248.9656  VDWAALS    =      4788.1164
 EELEC  =    -57577.8455  EHBOND  =         0.0000  RESTRAINT  =        92.8916
 EAMBER (non-restraint)  =    -43349.9961
 ------------------------------------------------------------------------------

wrapping first mol.:       20.26984       28.66588       49.65075
wrapping first mol.:       20.26984       28.66588       49.65075

 NSTEP =    40000   TIME(PS) =    1320.000  TEMP(K) =   297.85  PRESS =     0.0
 Etot   =    -34187.0436  EKtot   =      9037.5957  EPtot      =    -43224.6393
 BOND   =       346.9252  ANGLE   =      1042.9502  DIHED      =      1354.2187
 1-4 NB =       441.2086  1-4 EEL =      6262.6521  VDWAALS    =      4745.5101
 EELEC  =    -57516.6541  EHBOND  =         0.0000  RESTRAINT  =        98.5499
 EAMBER (non-restraint)  =    -43323.1892
 ------------------------------------------------------------------------------

wrapping first mol.:       20.26984       28.66588       49.65075
wrapping first mol.:       20.26984       28.66588       49.65075

 NSTEP =    40500   TIME(PS) =    1321.000  TEMP(K) =   300.28  PRESS =     0.0
 Etot   =    -34161.8626  EKtot   =      9111.2305  EPtot      =    -43273.0931
 BOND   =       355.8617  ANGLE   =      1055.0961  DIHED      =      1341.6254
 1-4 NB =       449.7814  1-4 EEL =      6268.7865  VDWAALS    =      4771.5616
 EELEC  =    -57599.7106  EHBOND  =         0.0000  RESTRAINT  =        83.9048
 EAMBER (non-restraint)  =    -43356.9978
 ------------------------------------------------------------------------------

wrapping first mol.:       20.26984       28.66588       49.65075
wrapping first mol.:       20.26984       28.66588       49.65075

 NSTEP =    41000   TIME(PS) =    1322.000  TEMP(K) =   298.35  PRESS =     0.0
 Etot   =    -34352.2395  EKtot   =      9052.5566  EPtot      =    -43404.7961
 BOND   =       346.2262  ANGLE   =      1035.0715  DIHED      =      1349.1797
 1-4 NB =       440.0924  1-4 EEL =      6255.2445  VDWAALS    =      4869.2790
 EELEC  =    -57791.8136  EHBOND  =         0.0000  RESTRAINT  =        91.9242
 EAMBER (non-restraint)  =    -43496.7203
 ------------------------------------------------------------------------------

wrapping first mol.:       20.26984       28.66588       49.65075
wrapping first mol.:       20.26984       28.66588       49.65075

 NSTEP =    41500   TIME(PS) =    1323.000  TEMP(K) =   303.09  PRESS =     0.0
 Etot   =    -34027.2520  EKtot   =      9196.5029  EPtot      =    -43223.7549
 BOND   =       319.5311  ANGLE   =      1089.3903  DIHED      =      1322.5699
 1-4 NB =       466.4572  1-4 EEL =      6280.7353  VDWAALS    =      4807.7450
 EELEC  =    -57588.4771  EHBOND  =         0.0000  RESTRAINT  =        78.2934
 EAMBER (non-restraint)  =    -43302.0483
 ------------------------------------------------------------------------------

wrapping first mol.:       20.26984       28.66588       49.65075
wrapping first mol.:       20.26984       28.66588       49.65075

 NSTEP =    42000   TIME(PS) =    1324.000  TEMP(K) =   302.51  PRESS =     0.0
 Etot   =    -34131.4032  EKtot   =      9178.7607  EPtot      =    -43310.1639
 BOND   =       338.4623  ANGLE   =      1061.2583  DIHED      =      1329.3195
 1-4 NB =       445.4301  1-4 EEL =      6271.5420  VDWAALS    =      4847.8847
 EELEC  =    -57702.6462  EHBOND  =         0.0000  RESTRAINT  =        98.5854
 EAMBER (non-restraint)  =    -43408.7493
 ------------------------------------------------------------------------------

wrapping first mol.:       20.26984       28.66588       49.65075
wrapping first mol.:       20.26984       28.66588       49.65075

 NSTEP =    42500   TIME(PS) =    1325.000  TEMP(K) =   298.82  PRESS =     0.0
 Etot   =    -34268.3580  EKtot   =      9067.0283  EPtot      =    -43335.3863
 BOND   =       341.2056  ANGLE   =      1066.6585  DIHED      =      1343.4858
 1-4 NB =       451.1045  1-4 EEL =      6264.3324  VDWAALS    =      4741.3201
 EELEC  =    -57624.0514  EHBOND  =         0.0000  RESTRAINT  =        80.5582
 EAMBER (non-restraint)  =    -43415.9445
 ------------------------------------------------------------------------------

wrapping first mol.:       20.26984       28.66588       49.65075
wrapping first mol.:       20.26984       28.66588       49.65075

 NSTEP =    43000   TIME(PS) =    1326.000  TEMP(K) =   301.95  PRESS =     0.0
 Etot   =    -34176.6155  EKtot   =      9162.0352  EPtot      =    -43338.6507
 BOND   =       361.9713  ANGLE   =      1081.0674  DIHED      =      1339.4221
 1-4 NB =       446.1628  1-4 EEL =      6298.1906  VDWAALS    =      4779.4214
 EELEC  =    -57736.7251  EHBOND  =         0.0000  RESTRAINT  =        91.8388
 EAMBER (non-restraint)  =    -43430.4895
 ------------------------------------------------------------------------------

wrapping first mol.:       20.26984       28.66588       49.65075
wrapping first mol.:       20.26984       28.66588       49.65075

 NSTEP =    43500   TIME(PS) =    1327.000  TEMP(K) =   302.44  PRESS =     0.0
 Etot   =    -34296.8242  EKtot   =      9176.6309  EPtot      =    -43473.4550
 BOND   =       311.8231  ANGLE   =      1069.0423  DIHED      =      1339.0602
 1-4 NB =       437.0631  1-4 EEL =      6281.5421  VDWAALS    =      4740.1965
 EELEC  =    -57733.5860  EHBOND  =         0.0000  RESTRAINT  =        81.4036
 EAMBER (non-restraint)  =    -43554.8586
 ------------------------------------------------------------------------------

wrapping first mol.:       20.26984       28.66588       49.65075
wrapping first mol.:       20.26984       28.66588       49.65075

 NSTEP =    44000   TIME(PS) =    1328.000  TEMP(K) =   300.78  PRESS =     0.0
 Etot   =    -34159.8691  EKtot   =      9126.2900  EPtot      =    -43286.1592
 BOND   =       352.0764  ANGLE   =      1077.5096  DIHED      =      1355.6041
 1-4 NB =       440.2812  1-4 EEL =      6259.4071  VDWAALS    =      4822.5552
 EELEC  =    -57676.7445  EHBOND  =         0.0000  RESTRAINT  =        83.1516
 EAMBER (non-restraint)  =    -43369.3108
 ------------------------------------------------------------------------------

wrapping first mol.:       20.26984       28.66588       49.65075
wrapping first mol.:       20.26984       28.66588       49.65075

 NSTEP =    44500   TIME(PS) =    1329.000  TEMP(K) =   306.72  PRESS =     0.0
 Etot   =    -33843.9050  EKtot   =      9306.7422  EPtot      =    -43150.6472
 BOND   =       363.1035  ANGLE   =      1086.9090  DIHED      =      1357.6591
 1-4 NB =       439.9757  1-4 EEL =      6236.2609  VDWAALS    =      4747.5206
 EELEC  =    -57469.2161  EHBOND  =         0.0000  RESTRAINT  =        87.1401
 EAMBER (non-restraint)  =    -43237.7873
 ------------------------------------------------------------------------------

wrapping first mol.:       20.26984       28.66588       49.65075
wrapping first mol.:       20.26984       28.66588       49.65075

 NSTEP =    45000   TIME(PS) =    1330.000  TEMP(K) =   297.30  PRESS =     0.0
 Etot   =    -34126.4522  EKtot   =      9020.8789  EPtot      =    -43147.3311
 BOND   =       314.1669  ANGLE   =      1074.0072  DIHED      =      1342.5457
 1-4 NB =       448.1429  1-4 EEL =      6297.5411  VDWAALS    =      4752.6502
 EELEC  =    -57464.7376  EHBOND  =         0.0000  RESTRAINT  =        88.3525
 EAMBER (non-restraint)  =    -43235.6836
 ------------------------------------------------------------------------------

wrapping first mol.:       20.26984       28.66588       49.65075
wrapping first mol.:       20.26984       28.66588       49.65075

 NSTEP =    45500   TIME(PS) =    1331.000  TEMP(K) =   303.89  PRESS =     0.0
 Etot   =    -33902.9901  EKtot   =      9220.8574  EPtot      =    -43123.8475
 BOND   =       354.3959  ANGLE   =      1019.7239  DIHED      =      1335.3197
 1-4 NB =       452.3326  1-4 EEL =      6234.1014  VDWAALS    =      4587.7662
 EELEC  =    -57192.6677  EHBOND  =         0.0000  RESTRAINT  =        85.1804
 EAMBER (non-restraint)  =    -43209.0280
 ------------------------------------------------------------------------------

wrapping first mol.:       20.26984       28.66588       49.65075
wrapping first mol.:       20.26984       28.66588       49.65075

 NSTEP =    46000   TIME(PS) =    1332.000  TEMP(K) =   302.37  PRESS =     0.0
 Etot   =    -34336.5590  EKtot   =      9174.5459  EPtot      =    -43511.1049
 BOND   =       350.6126  ANGLE   =      1018.4991  DIHED      =      1317.6081
 1-4 NB =       455.5522  1-4 EEL =      6293.7079  VDWAALS    =      4701.0309
 EELEC  =    -57731.1663  EHBOND  =         0.0000  RESTRAINT  =        83.0506
 EAMBER (non-restraint)  =    -43594.1555
 ------------------------------------------------------------------------------

wrapping first mol.:       20.26984       28.66588       49.65075
wrapping first mol.:       20.26984       28.66588       49.65075

 NSTEP =    46500   TIME(PS) =    1333.000  TEMP(K) =   303.57  PRESS =     0.0
 Etot   =    -34061.4231  EKtot   =      9211.0459  EPtot      =    -43272.4689
 BOND   =       366.7836  ANGLE   =      1049.8689  DIHED      =      1326.1552
 1-4 NB =       432.1842  1-4 EEL =      6283.4760  VDWAALS    =      4894.6366
 EELEC  =    -57713.5864  EHBOND  =         0.0000  RESTRAINT  =        88.0131
 EAMBER (non-restraint)  =    -43360.4820
 ------------------------------------------------------------------------------

wrapping first mol.:       20.26984       28.66588       49.65075
wrapping first mol.:       20.26984       28.66588       49.65075

 NSTEP =    47000   TIME(PS) =    1334.000  TEMP(K) =   303.53  PRESS =     0.0
 Etot   =    -34148.0608  EKtot   =      9209.9287  EPtot      =    -43357.9895
 BOND   =       351.4070  ANGLE   =      1041.1885  DIHED      =      1366.1900
 1-4 NB =       450.3430  1-4 EEL =      6266.0985  VDWAALS    =      4745.4879
 EELEC  =    -57669.0874  EHBOND  =         0.0000  RESTRAINT  =        90.3830
 EAMBER (non-restraint)  =    -43448.3726
 ------------------------------------------------------------------------------

wrapping first mol.:       20.26984       28.66588       49.65075
wrapping first mol.:       20.26984       28.66588       49.65075

 NSTEP =    47500   TIME(PS) =    1335.000  TEMP(K) =   301.42  PRESS =     0.0
 Etot   =    -33921.4770  EKtot   =      9145.9492  EPtot      =    -43067.4262
 BOND   =       341.1604  ANGLE   =      1099.0906  DIHED      =      1351.2105
 1-4 NB =       439.0601  1-4 EEL =      6263.0121  VDWAALS    =      4649.6662
 EELEC  =    -57295.1557  EHBOND  =         0.0000  RESTRAINT  =        84.5295
 EAMBER (non-restraint)  =    -43151.9557
 ------------------------------------------------------------------------------

wrapping first mol.:       20.26984       28.66588       49.65075
wrapping first mol.:       20.26984       28.66588       49.65075

 NSTEP =    48000   TIME(PS) =    1336.000  TEMP(K) =   298.67  PRESS =     0.0
 Etot   =    -34273.0948  EKtot   =      9062.2744  EPtot      =    -43335.3692
 BOND   =       351.0556  ANGLE   =      1016.3353  DIHED      =      1365.9935
 1-4 NB =       435.2426  1-4 EEL =      6254.4271  VDWAALS    =      4977.0072
 EELEC  =    -57826.9293  EHBOND  =         0.0000  RESTRAINT  =        91.4988
 EAMBER (non-restraint)  =    -43426.8680
 ------------------------------------------------------------------------------

wrapping first mol.:       20.26984       28.66588       49.65075
wrapping first mol.:       20.26984       28.66588       49.65075

 NSTEP =    48500   TIME(PS) =    1337.000  TEMP(K) =   303.30  PRESS =     0.0
 Etot   =    -34148.3088  EKtot   =      9202.7314  EPtot      =    -43351.0402
 BOND   =       364.0920  ANGLE   =      1110.7268  DIHED      =      1363.1653
 1-4 NB =       449.0251  1-4 EEL =      6272.8646  VDWAALS    =      4953.6883
 EELEC  =    -57958.4900  EHBOND  =         0.0000  RESTRAINT  =        93.8876
 EAMBER (non-restraint)  =    -43444.9278
 ------------------------------------------------------------------------------

wrapping first mol.:       20.26984       28.66588       49.65075
wrapping first mol.:       20.26984       28.66588       49.65075

 NSTEP =    49000   TIME(PS) =    1338.000  TEMP(K) =   301.12  PRESS =     0.0
 Etot   =    -34317.8573  EKtot   =      9136.6797  EPtot      =    -43454.5370
 BOND   =       347.7612  ANGLE   =      1058.2552  DIHED      =      1335.7717
 1-4 NB =       429.7738  1-4 EEL =      6260.0181  VDWAALS    =      4684.6425
 EELEC  =    -57647.5300  EHBOND  =         0.0000  RESTRAINT  =        76.7707
 EAMBER (non-restraint)  =    -43531.3076
 ------------------------------------------------------------------------------

wrapping first mol.:       20.26984       28.66588       49.65075
wrapping first mol.:       20.26984       28.66588       49.65075

 NSTEP =    49500   TIME(PS) =    1339.000  TEMP(K) =   299.83  PRESS =     0.0
 Etot   =    -34130.1628  EKtot   =      9097.5264  EPtot      =    -43227.6892
 BOND   =       323.8069  ANGLE   =      1058.7958  DIHED      =      1338.8742
 1-4 NB =       471.1650  1-4 EEL =      6306.8216  VDWAALS    =      4704.8317
 EELEC  =    -57527.5470  EHBOND  =         0.0000  RESTRAINT  =        95.5627
 EAMBER (non-restraint)  =    -43323.2519
 ------------------------------------------------------------------------------

wrapping first mol.:       20.26984       28.66588       49.65075
wrapping first mol.:       20.26984       28.66588       49.65075

 NSTEP =    50000   TIME(PS) =    1340.000  TEMP(K) =   298.96  PRESS =     0.0
 Etot   =    -34304.6876  EKtot   =      9071.2520  EPtot      =    -43375.9395
 BOND   =       331.0061  ANGLE   =      1026.3158  DIHED      =      1372.9114
 1-4 NB =       445.9716  1-4 EEL =      6267.2248  VDWAALS    =      4784.4864
 EELEC  =    -57696.7920  EHBOND  =         0.0000  RESTRAINT  =        92.9364
 EAMBER (non-restraint)  =    -43468.8760
 ------------------------------------------------------------------------------


      A V E R A G E S   O V E R     100 S T E P S


 NSTEP =    50000   TIME(PS) =    1340.000  TEMP(K) =   300.44  PRESS =     0.0
 Etot   =    -34175.0819  EKtot   =      9116.0134  EPtot      =    -43291.0953
 BOND   =       349.8805  ANGLE   =      1052.5974  DIHED      =      1343.1768
 1-4 NB =       444.4112  1-4 EEL =      6271.8890  VDWAALS    =      4756.3165
 EELEC  =    -57598.2528  EHBOND  =         0.0000  RESTRAINT  =        88.8861
 EAMBER (non-restraint)  =    -43379.9814
 ------------------------------------------------------------------------------


      R M S  F L U C T U A T I O N S


 NSTEP =    50000   TIME(PS) =    1340.000  TEMP(K) =     2.36  PRESS =     0.0
 Etot   =       138.8913  EKtot   =        71.7461  EPtot      =       106.0991
 BOND   =        16.3206  ANGLE   =        24.1190  DIHED      =        13.9461
 1-4 NB =        10.1606  1-4 EEL =        18.7830  VDWAALS    =        91.1767
 EELEC  =       153.5577  EHBOND  =         0.0000  RESTRAINT  =         6.1464
 EAMBER (non-restraint)  =        99.9526
 ------------------------------------------------------------------------------

--------------------------------------------------------------------------------
   5.  TIMINGS
--------------------------------------------------------------------------------

|  NonSetup CPU Time in Major Routines:
|
|     Routine           Sec        %
|     ------------------------------
|     Nonbond          13.10   35.17
|     Bond              0.00    0.00
|     Angle             0.00    0.00
|     Dihedral          0.00    0.00
|     Shake             0.70    1.87
|     RunMD            23.37   62.72
|     Other             0.09    0.25
|     ------------------------------
|     Total            37.26

|  PME Nonbond Pairlist CPU Time:
|
|     Routine              Sec        %
|     ---------------------------------
|     Set Up Cit           0.00    0.00
|     Build List           0.00    0.00
|     ---------------------------------
|     Total                0.00    0.00

|  PME Direct Force CPU Time:
|
|     Routine              Sec        %
|     ---------------------------------
|     NonBonded Calc       0.00    0.00
|     Exclude Masked       0.00    0.00
|     Other                0.05    0.14
|     ---------------------------------
|     Total                0.05    0.14

|  PME Reciprocal Force CPU Time:
|
|     Routine              Sec        %
|     ---------------------------------
|     1D bspline           0.00    0.00
|     Grid Charges         0.00    0.00
|     Scalar Sum           0.00    0.00
|     Gradient Sum         0.00    0.00
|     FFT                  0.00    0.00
|     ---------------------------------
|     Total                0.00    0.00

|  Final Performance Info:
|     -----------------------------------------------------
|     Average timings for last   49500 steps:
|     Elapsed(s) =      36.87 Per Step(ms) =       0.74
|         ns/day =     231.98   seconds/ns =     372.45
|
|     Average timings for all steps:
|     Elapsed(s) =      37.28 Per Step(ms) =       0.75
|         ns/day =     231.76   seconds/ns =     372.81
|     -----------------------------------------------------

|  Setup CPU time:            1.60 seconds
|  NonSetup CPU time:        37.26 seconds
|  Total CPU time:           38.86 seconds     0.01 hours

|  Setup wall time:           2    seconds
|  NonSetup wall time:       37    seconds
|  Total wall time:          39    seconds     0.01 hours
