
          -------------------------------------------------------
          Amber 16 PMEMD                              2016
          -------------------------------------------------------

| PMEMD implementation of SANDER, Release 16

| Run on 11/06/2017 at 12:39:20

|   Executable path: /apps/amber16/bin/pmemd.cuda
| Working directory: /home/pbarletta
|          Hostname: mordor

  [-O]verwriting output

File Assignments:
|   MDIN: /scratch/pbarletta/cph_obp/run/apo/mhe/e/15equ.in                     
|  MDOUT: /scratch/pbarletta/cph_obp/run/apo/mhe/e/15equ.out                    
| INPCRD: /scratch/pbarletta/cph_obp/run/apo/mhe/e/14eapo.rst7                  
|   PARM: /scratch/pbarletta/cph_obp/top_files/apo.prmtop                       
| RESTRT: /scratch/pbarletta/cph_obp/run/apo/mhe/e/15eapo.rst7                  
|   REFC: /scratch/pbarletta/cph_obp/run/apo/mhe/e/14eapo.rst7                  
|  MDVEL: mdvel                                                                 
|   MDEN: mden                                                                  
|  MDCRD: /scratch/pbarletta/cph_obp/run/apo/mhe/e/15eapo.nc                    
| MDINFO: mdinfo                                                                
|  MDFRC: mdfrc                                                                 


 Here is the input file:

Equilibration with solute restrictions                                         
&cntrl                                                                         
imin = 0,                           ! No Minimization                          
nmropt = 0,                         ! No NMR restraints read                   
                                                                               
! Nature and format of the input                                               
ntx = 5,                            ! Coordinates but no velocities will be rea
irest = 1,                          ! Do not run a new simulation              
                                                                               
! Nature and format of the output                                              
ntxo = 1,                           ! rstrt file in ASCII format               
ntpr = 500,                         ! inf in output every ntpr steps           
ntwr = 500,                         ! rstrt file every ntwr steps              
ntwx = 500,                         ! mdcrd file every ntwx steps              
ntwv = 0,                           ! mdvel without velocities                 
ntwe = 0,                           ! Energies and temperatures not written in 
idecomp = 0,                        ! No energy decomposition                  
iwrap = 1,                          ! Coordinates of the restart and mdcrd file
                                                                               
! Frozen or restrained atoms                                                   
ibelly = 0,                         ! No frozen atoms                          
ntr=1,                              ! Harmonic potential restraints            
restraint_wt = 2.0,                ! The weight for the positional restraints  
restraintmask = ':1-119@N,CA,C,O',  ! restrained residues                      
                                                                               
! Molecular dynamics                                                           
nstlim = 50000,                     ! Number of MD-steps                       
dt = 0.002,                         ! Time step                                
                                                                               
! Temperature regulation                                                       
ntt = 3,                            ! Langevin thermostat                      
gamma_ln = 5,                       ! Gamma constant for Langevin              
temp0 = 300.0,                      ! Reference T at which the system is to be 
tempi = 300.0,                      ! Initial T                                
ig = -1,                            ! Seed for the RNG                         
                                                                               
! P and V regulation                                                           
ntp = 0,                            ! No pressure control                      
ntb = 1,                            ! Periodic box for constant V              
                                                                               
! SHAKE variables                                                              
ntc = 2,                            ! Bonds involving H are constrained        
ntf = 2,                            ! Bond interaction involving H are ommited.
                                                                               
cut = 10.0,                         ! Nonbonded cutoff                         
                                                                               
/                                                                              
&end                                                                           


Note: ig = -1. Setting random seed to   315440 based on wallclock time in 
      microseconds.
| irandom = 1, using AMBER's internal random number generator (default).
 
|--------------------- INFORMATION ----------------------
| GPU (CUDA) Version of PMEMD in use: NVIDIA GPU IN USE.
|                    Version 16.0.0
| 
|                      02/25/2016
| 
| Implementation by:
|                    Ross C. Walker     (SDSC)
|                    Scott Le Grand     (nVIDIA)
| 
| Precision model in use:
|      [SPFP] - Single Precision Forces, 64-bit Fixed Point
|               Accumulation. (Default)
| 
|--------------------------------------------------------
 
|----------------- CITATION INFORMATION -----------------
|
|    When publishing work that utilized the CUDA version
|    of AMBER, please cite the following in addition to
|    the regular AMBER citations:
|
|  - Romelia Salomon-Ferrer; Andreas W. Goetz; Duncan
|    Poole; Scott Le Grand; Ross C. Walker "Routine
|    microsecond molecular dynamics simulations with
|    AMBER - Part II: Particle Mesh Ewald", J. Chem.
|    Theory Comput., 2013, 9 (9), pp3878-3888,
|    DOI: 10.1021/ct400314y.
|
|  - Andreas W. Goetz; Mark J. Williamson; Dong Xu;
|    Duncan Poole; Scott Le Grand; Ross C. Walker
|    "Routine microsecond molecular dynamics simulations
|    with AMBER - Part I: Generalized Born", J. Chem.
|    Theory Comput., 2012, 8 (5), pp1542-1555.
|
|  - Scott Le Grand; Andreas W. Goetz; Ross C. Walker
|    "SPFP: Speed without compromise - a mixed precision
|    model for GPU accelerated molecular dynamics
|    simulations.", Comp. Phys. Comm., 2013, 184
|    pp374-380, DOI: 10.1016/j.cpc.2012.09.022
|
|--------------------------------------------------------
 
|------------------- GPU DEVICE INFO --------------------
|
|            CUDA_VISIBLE_DEVICES: 3
|   CUDA Capable Devices Detected:      1
|           CUDA Device ID in use:      0
|                CUDA Device Name: GeForce GTX 1080 Ti
|     CUDA Device Global Mem Size:  11172 MB
| CUDA Device Num Multiprocessors:     28
|           CUDA Device Core Freq:   1.58 GHz
|
|--------------------------------------------------------
 
 
| Conditional Compilation Defines Used:
| PUBFFT
| BINTRAJ
| CUDA
| EMIL

| Largest sphere to fit in unit cell has radius =    24.825

| New format PARM file being parsed.
| Version =    1.000 Date = 11/06/17 Time = 09:43:47

| Note: 1-4 EEL scale factors are being read from the topology file.

| Note: 1-4 VDW scale factors are being read from the topology file.
| Duplicated    0 dihedrals

| Duplicated    0 dihedrals

--------------------------------------------------------------------------------
   1.  RESOURCE   USE: 
--------------------------------------------------------------------------------

 getting new box info from bottom of inpcrd
 NATOM  =   14797 NTYPES =      17 NBONH =   13853 MBONA  =     953
 NTHETH =    2337 MTHETA =    1282 NPHIH =    4475 MPHIA  =    3254
 NHPARM =       0 NPARM  =       0 NNB   =   28051 NRES   =    4390
 NBONA  =     953 NTHETA =    1282 NPHIA =    3254 NUMBND =      42
 NUMANG =      92 NPTRA  =      39 NATYP =      28 NPHB   =       1
 IFBOX  =       2 NMXRS  =      24 IFCAP =       0 NEXTRA =       0
 NCOPY  =       0

| Coordinate Index Table dimensions:     9    9    9
| Direct force subcell size =     6.7566    6.7566    6.7566

     BOX TYPE: TRUNCATED OCTAHEDRON

--------------------------------------------------------------------------------
   2.  CONTROL  DATA  FOR  THE  RUN
--------------------------------------------------------------------------------

default_name                                                                    

General flags:
     imin    =       0, nmropt  =       0

Nature and format of input:
     ntx     =       5, irest   =       1, ntrx    =       1

Nature and format of output:
     ntxo    =       1, ntpr    =     500, ntrx    =       1, ntwr    =     500
     iwrap   =       1, ntwx    =     500, ntwv    =       0, ntwe    =       0
     ioutfm  =       1, ntwprt  =       0, idecomp =       0, rbornstat=      0

Potential function:
     ntf     =       2, ntb     =       1, igb     =       0, nsnb    =      25
     ipol    =       0, gbsa    =       0, iesp    =       0
     dielc   =   1.00000, cut     =  10.00000, intdiel =   1.00000

Frozen or restrained atoms:
     ibelly  =       0, ntr     =       1
     restraint_wt =   2.00000

Molecular dynamics:
     nstlim  =     50000, nscm    =         0, nrespa  =         1
     t       =   0.00000, dt      =   0.00200, vlimit  =  -1.00000

Langevin dynamics temperature regulation:
     ig      =  315440
     temp0   = 300.00000, tempi   = 300.00000, gamma_ln=   5.00000

SHAKE:
     ntc     =       2, jfastw  =       0
     tol     =   0.00001

| Intermolecular bonds treatment:
|     no_intermolecular_bonds =       1

| Energy averages sample interval:
|     ene_avg_sampling =     500

Ewald parameters:
     verbose =       0, ew_type =       0, nbflag  =       1, use_pme =       1
     vdwmeth =       1, eedmeth =       1, netfrc  =       1
     Box X =   60.810   Box Y =   60.810   Box Z =   60.810
     Alpha =  109.471   Beta  =  109.471   Gamma =  109.471
     NFFT1 =   64       NFFT2 =   64       NFFT3 =   64
     Cutoff=   10.000   Tol   =0.100E-04
     Ewald Coefficient =  0.27511
     Interpolation order =    4

    LOADING THE CONSTRAINED ATOMS AS GROUPS


   5.  REFERENCE ATOM COORDINATES

  default_name                                                                    
     Mask :1-119@N,CA,C,O; matches   476 atoms

--------------------------------------------------------------------------------
   3.  ATOMIC COORDINATES AND VELOCITIES
--------------------------------------------------------------------------------

default_name                                                                    
 begin time read from input coords =  1540.000 ps

 
 Number of triangulated 3-point waters found:     4270

     Sum of charges from parm topology file =  -0.00000006
     Forcing neutrality...

| Dynamic Memory, Types Used:
| Reals              574581
| Integers           547196

| Nonbonded Pairs Initial Allocation:     4475722

| GPU memory information (estimate):
| KB of GPU memory in use:    140885
| KB of CPU memory in use:     29237

--------------------------------------------------------------------------------
   4.  RESULTS
--------------------------------------------------------------------------------

 ---------------------------------------------------
 APPROXIMATING switch and d/dx switch using CUBIC SPLINE INTERPOLATION
 using   5000.0 points per unit in tabled values
 TESTING RELATIVE ERROR over r ranging from 0.0 to cutoff
| CHECK switch(x): max rel err =   0.2738E-14   at   2.422500
| CHECK d/dx switch(x): max rel err =   0.8314E-11   at   2.736960
 ---------------------------------------------------
|---------------------------------------------------
| APPROXIMATING direct energy using CUBIC SPLINE INTERPOLATION
|  with   50.0 points per unit in tabled values
| Relative Error Limit not exceeded for r .gt.   2.33
| APPROXIMATING direct force using CUBIC SPLINE INTERPOLATION
|  with   50.0 points per unit in tabled values
| Relative Error Limit not exceeded for r .gt.   2.80
|---------------------------------------------------
wrapping first mol.:       20.26984       28.66588       49.65075
wrapping first mol.:       20.26984       28.66588       49.65075

 NSTEP =      500   TIME(PS) =    1541.000  TEMP(K) =   298.93  PRESS =     0.0
 Etot   =    -34364.0313  EKtot   =      9070.2832  EPtot      =    -43434.3145
 BOND   =       338.4735  ANGLE   =      1076.3502  DIHED      =      1337.8998
 1-4 NB =       433.7347  1-4 EEL =      6275.5329  VDWAALS    =      4719.3471
 EELEC  =    -57670.4714  EHBOND  =         0.0000  RESTRAINT  =        54.8188
 EAMBER (non-restraint)  =    -43489.1333
 ------------------------------------------------------------------------------

wrapping first mol.:       20.26984       28.66588       49.65075
wrapping first mol.:       20.26984       28.66588       49.65075

 NSTEP =     1000   TIME(PS) =    1542.000  TEMP(K) =   298.29  PRESS =     0.0
 Etot   =    -34236.2671  EKtot   =      9050.7363  EPtot      =    -43287.0035
 BOND   =       364.9232  ANGLE   =      1027.0217  DIHED      =      1334.2696
 1-4 NB =       455.7999  1-4 EEL =      6292.0350  VDWAALS    =      4669.3485
 EELEC  =    -57489.7167  EHBOND  =         0.0000  RESTRAINT  =        59.3153
 EAMBER (non-restraint)  =    -43346.3188
 ------------------------------------------------------------------------------

wrapping first mol.:       20.26984       28.66588       49.65075
wrapping first mol.:       20.26984       28.66588       49.65075

 NSTEP =     1500   TIME(PS) =    1543.000  TEMP(K) =   300.56  PRESS =     0.0
 Etot   =    -34164.6114  EKtot   =      9119.6836  EPtot      =    -43284.2950
 BOND   =       350.5831  ANGLE   =      1032.5970  DIHED      =      1332.0410
 1-4 NB =       446.4216  1-4 EEL =      6305.6439  VDWAALS    =      4697.0506
 EELEC  =    -57516.9016  EHBOND  =         0.0000  RESTRAINT  =        68.2694
 EAMBER (non-restraint)  =    -43352.5644
 ------------------------------------------------------------------------------

wrapping first mol.:       20.26984       28.66588       49.65075
wrapping first mol.:       20.26984       28.66588       49.65075

 NSTEP =     2000   TIME(PS) =    1544.000  TEMP(K) =   298.32  PRESS =     0.0
 Etot   =    -34287.2715  EKtot   =      9051.7559  EPtot      =    -43339.0273
 BOND   =       325.3064  ANGLE   =      1037.6222  DIHED      =      1344.2787
 1-4 NB =       450.1413  1-4 EEL =      6305.1960  VDWAALS    =      4659.5845
 EELEC  =    -57520.1136  EHBOND  =         0.0000  RESTRAINT  =        58.9573
 EAMBER (non-restraint)  =    -43397.9846
 ------------------------------------------------------------------------------

wrapping first mol.:       20.26984       28.66588       49.65075
wrapping first mol.:       20.26984       28.66588       49.65075

 NSTEP =     2500   TIME(PS) =    1545.000  TEMP(K) =   297.90  PRESS =     0.0
 Etot   =    -34102.1374  EKtot   =      9039.0684  EPtot      =    -43141.2057
 BOND   =       336.2885  ANGLE   =      1052.3705  DIHED      =      1352.7880
 1-4 NB =       457.2450  1-4 EEL =      6305.6134  VDWAALS    =      4547.2685
 EELEC  =    -57262.8218  EHBOND  =         0.0000  RESTRAINT  =        70.0420
 EAMBER (non-restraint)  =    -43211.2477
 ------------------------------------------------------------------------------

wrapping first mol.:       20.26984       28.66588       49.65075
wrapping first mol.:       20.26984       28.66588       49.65075

 NSTEP =     3000   TIME(PS) =    1546.000  TEMP(K) =   298.95  PRESS =     0.0
 Etot   =    -34206.5199  EKtot   =      9070.8271  EPtot      =    -43277.3471
 BOND   =       357.2432  ANGLE   =      1036.6776  DIHED      =      1362.6763
 1-4 NB =       441.9585  1-4 EEL =      6288.5976  VDWAALS    =      4855.5331
 EELEC  =    -57674.8366  EHBOND  =         0.0000  RESTRAINT  =        54.8033
 EAMBER (non-restraint)  =    -43332.1504
 ------------------------------------------------------------------------------

wrapping first mol.:       20.26984       28.66588       49.65075
wrapping first mol.:       20.26984       28.66588       49.65075

 NSTEP =     3500   TIME(PS) =    1547.000  TEMP(K) =   298.09  PRESS =     0.0
 Etot   =    -34309.8895  EKtot   =      9044.7314  EPtot      =    -43354.6209
 BOND   =       337.0053  ANGLE   =      1041.1940  DIHED      =      1369.5052
 1-4 NB =       439.3603  1-4 EEL =      6288.9573  VDWAALS    =      4844.8298
 EELEC  =    -57731.7298  EHBOND  =         0.0000  RESTRAINT  =        56.2568
 EAMBER (non-restraint)  =    -43410.8778
 ------------------------------------------------------------------------------

wrapping first mol.:       20.26984       28.66588       49.65075
wrapping first mol.:       20.26984       28.66588       49.65075

 NSTEP =     4000   TIME(PS) =    1548.000  TEMP(K) =   300.57  PRESS =     0.0
 Etot   =    -34132.1367  EKtot   =      9120.1279  EPtot      =    -43252.2647
 BOND   =       344.8392  ANGLE   =      1088.9112  DIHED      =      1330.3053
 1-4 NB =       438.3097  1-4 EEL =      6292.1701  VDWAALS    =      4769.8074
 EELEC  =    -57574.0722  EHBOND  =         0.0000  RESTRAINT  =        57.4647
 EAMBER (non-restraint)  =    -43309.7294
 ------------------------------------------------------------------------------

wrapping first mol.:       20.26984       28.66588       49.65075
wrapping first mol.:       20.26984       28.66588       49.65075

 NSTEP =     4500   TIME(PS) =    1549.000  TEMP(K) =   301.70  PRESS =     0.0
 Etot   =    -33967.8391  EKtot   =      9154.2910  EPtot      =    -43122.1301
 BOND   =       373.5020  ANGLE   =      1062.8957  DIHED      =      1362.9451
 1-4 NB =       435.5997  1-4 EEL =      6263.1651  VDWAALS    =      4822.6958
 EELEC  =    -57504.0927  EHBOND  =         0.0000  RESTRAINT  =        61.1593
 EAMBER (non-restraint)  =    -43183.2894
 ------------------------------------------------------------------------------

wrapping first mol.:       20.26984       28.66588       49.65075
wrapping first mol.:       20.26984       28.66588       49.65075

 NSTEP =     5000   TIME(PS) =    1550.000  TEMP(K) =   301.42  PRESS =     0.0
 Etot   =    -34056.9389  EKtot   =      9145.7852  EPtot      =    -43202.7241
 BOND   =       362.5202  ANGLE   =      1052.6386  DIHED      =      1372.3265
 1-4 NB =       437.9957  1-4 EEL =      6252.0067  VDWAALS    =      4670.4526
 EELEC  =    -57408.0807  EHBOND  =         0.0000  RESTRAINT  =        57.4164
 EAMBER (non-restraint)  =    -43260.1404
 ------------------------------------------------------------------------------

wrapping first mol.:       20.26984       28.66588       49.65075
wrapping first mol.:       20.26984       28.66588       49.65075

 NSTEP =     5500   TIME(PS) =    1551.000  TEMP(K) =   300.84  PRESS =     0.0
 Etot   =    -34140.1324  EKtot   =      9128.3271  EPtot      =    -43268.4595
 BOND   =       330.5330  ANGLE   =      1031.7907  DIHED      =      1339.4186
 1-4 NB =       452.9675  1-4 EEL =      6281.9153  VDWAALS    =      4680.9790
 EELEC  =    -57452.0636  EHBOND  =         0.0000  RESTRAINT  =        66.0000
 EAMBER (non-restraint)  =    -43334.4595
 ------------------------------------------------------------------------------

wrapping first mol.:       20.26984       28.66588       49.65075
wrapping first mol.:       20.26984       28.66588       49.65075

 NSTEP =     6000   TIME(PS) =    1552.000  TEMP(K) =   299.26  PRESS =     0.0
 Etot   =    -34142.3261  EKtot   =      9080.1758  EPtot      =    -43222.5019
 BOND   =       368.1887  ANGLE   =      1057.1788  DIHED      =      1360.7493
 1-4 NB =       431.0145  1-4 EEL =      6238.9897  VDWAALS    =      4650.6715
 EELEC  =    -57384.5041  EHBOND  =         0.0000  RESTRAINT  =        55.2097
 EAMBER (non-restraint)  =    -43277.7117
 ------------------------------------------------------------------------------

wrapping first mol.:       20.26984       28.66588       49.65075
wrapping first mol.:       20.26984       28.66588       49.65075

 NSTEP =     6500   TIME(PS) =    1553.000  TEMP(K) =   300.62  PRESS =     0.0
 Etot   =    -34051.7373  EKtot   =      9121.4209  EPtot      =    -43173.1582
 BOND   =       346.4373  ANGLE   =      1080.9195  DIHED      =      1355.6119
 1-4 NB =       453.3689  1-4 EEL =      6295.0651  VDWAALS    =      4753.3136
 EELEC  =    -57519.7698  EHBOND  =         0.0000  RESTRAINT  =        61.8952
 EAMBER (non-restraint)  =    -43235.0534
 ------------------------------------------------------------------------------

wrapping first mol.:       20.26984       28.66588       49.65075
wrapping first mol.:       20.26984       28.66588       49.65075

 NSTEP =     7000   TIME(PS) =    1554.000  TEMP(K) =   299.01  PRESS =     0.0
 Etot   =    -34257.9628  EKtot   =      9072.5801  EPtot      =    -43330.5429
 BOND   =       338.5636  ANGLE   =      1081.8533  DIHED      =      1352.7675
 1-4 NB =       445.7767  1-4 EEL =      6301.7957  VDWAALS    =      4594.4912
 EELEC  =    -57500.5190  EHBOND  =         0.0000  RESTRAINT  =        54.7281
 EAMBER (non-restraint)  =    -43385.2710
 ------------------------------------------------------------------------------

wrapping first mol.:       20.26984       28.66588       49.65075
wrapping first mol.:       20.26984       28.66588       49.65075

 NSTEP =     7500   TIME(PS) =    1555.000  TEMP(K) =   301.68  PRESS =     0.0
 Etot   =    -34199.1368  EKtot   =      9153.6436  EPtot      =    -43352.7804
 BOND   =       323.1440  ANGLE   =      1049.8566  DIHED      =      1340.7997
 1-4 NB =       462.6591  1-4 EEL =      6316.0917  VDWAALS    =      4754.2350
 EELEC  =    -57664.5370  EHBOND  =         0.0000  RESTRAINT  =        64.9705
 EAMBER (non-restraint)  =    -43417.7509
 ------------------------------------------------------------------------------

wrapping first mol.:       20.26984       28.66588       49.65075
wrapping first mol.:       20.26984       28.66588       49.65075

 NSTEP =     8000   TIME(PS) =    1556.000  TEMP(K) =   295.66  PRESS =     0.0
 Etot   =    -34435.8392  EKtot   =      8971.0107  EPtot      =    -43406.8499
 BOND   =       330.6183  ANGLE   =      1081.9561  DIHED      =      1334.2489
 1-4 NB =       437.7663  1-4 EEL =      6302.3581  VDWAALS    =      4837.6156
 EELEC  =    -57792.5304  EHBOND  =         0.0000  RESTRAINT  =        61.1172
 EAMBER (non-restraint)  =    -43467.9671
 ------------------------------------------------------------------------------

wrapping first mol.:       20.26984       28.66588       49.65075
wrapping first mol.:       20.26984       28.66588       49.65075

 NSTEP =     8500   TIME(PS) =    1557.000  TEMP(K) =   298.15  PRESS =     0.0
 Etot   =    -34481.1325  EKtot   =      9046.5654  EPtot      =    -43527.6980
 BOND   =       346.9782  ANGLE   =      1022.4809  DIHED      =      1337.5064
 1-4 NB =       447.9751  1-4 EEL =      6275.7870  VDWAALS    =      4834.8442
 EELEC  =    -57849.9535  EHBOND  =         0.0000  RESTRAINT  =        56.6838
 EAMBER (non-restraint)  =    -43584.3818
 ------------------------------------------------------------------------------

wrapping first mol.:       20.26984       28.66588       49.65075
wrapping first mol.:       20.26984       28.66588       49.65075

 NSTEP =     9000   TIME(PS) =    1558.000  TEMP(K) =   301.14  PRESS =     0.0
 Etot   =    -34175.4676  EKtot   =      9137.1934  EPtot      =    -43312.6609
 BOND   =       359.9927  ANGLE   =      1072.6043  DIHED      =      1363.6079
 1-4 NB =       439.2888  1-4 EEL =      6266.0239  VDWAALS    =      4789.1289
 EELEC  =    -57667.8979  EHBOND  =         0.0000  RESTRAINT  =        64.5905
 EAMBER (non-restraint)  =    -43377.2514
 ------------------------------------------------------------------------------

wrapping first mol.:       20.26984       28.66588       49.65075
wrapping first mol.:       20.26984       28.66588       49.65075

 NSTEP =     9500   TIME(PS) =    1559.000  TEMP(K) =   296.37  PRESS =     0.0
 Etot   =    -34348.2485  EKtot   =      8992.6289  EPtot      =    -43340.8774
 BOND   =       320.9246  ANGLE   =      1059.9944  DIHED      =      1342.0793
 1-4 NB =       444.2515  1-4 EEL =      6282.7442  VDWAALS    =      4664.7485
 EELEC  =    -57511.9530  EHBOND  =         0.0000  RESTRAINT  =        56.3330
 EAMBER (non-restraint)  =    -43397.2104
 ------------------------------------------------------------------------------

wrapping first mol.:       20.26984       28.66588       49.65075
wrapping first mol.:       20.26984       28.66588       49.65075

 NSTEP =    10000   TIME(PS) =    1560.000  TEMP(K) =   294.06  PRESS =     0.0
 Etot   =    -34336.1826  EKtot   =      8922.3711  EPtot      =    -43258.5537
 BOND   =       345.4393  ANGLE   =      1040.5756  DIHED      =      1344.5467
 1-4 NB =       444.1703  1-4 EEL =      6281.7460  VDWAALS    =      4789.0642
 EELEC  =    -57558.0650  EHBOND  =         0.0000  RESTRAINT  =        53.9691
 EAMBER (non-restraint)  =    -43312.5228
 ------------------------------------------------------------------------------

wrapping first mol.:       20.26984       28.66588       49.65075
wrapping first mol.:       20.26984       28.66588       49.65075

 NSTEP =    10500   TIME(PS) =    1561.000  TEMP(K) =   301.90  PRESS =     0.0
 Etot   =    -34125.7624  EKtot   =      9160.5020  EPtot      =    -43286.2644
 BOND   =       335.4979  ANGLE   =      1080.2787  DIHED      =      1335.4380
 1-4 NB =       432.6224  1-4 EEL =      6294.1606  VDWAALS    =      4804.8743
 EELEC  =    -57628.5181  EHBOND  =         0.0000  RESTRAINT  =        59.3818
 EAMBER (non-restraint)  =    -43345.6462
 ------------------------------------------------------------------------------

wrapping first mol.:       20.26984       28.66588       49.65075
wrapping first mol.:       20.26984       28.66588       49.65075

 NSTEP =    11000   TIME(PS) =    1562.000  TEMP(K) =   300.89  PRESS =     0.0
 Etot   =    -34189.0286  EKtot   =      9129.7002  EPtot      =    -43318.7288
 BOND   =       350.6082  ANGLE   =      1003.2455  DIHED      =      1360.2859
 1-4 NB =       446.0594  1-4 EEL =      6284.4105  VDWAALS    =      4602.4365
 EELEC  =    -57424.6027  EHBOND  =         0.0000  RESTRAINT  =        58.8279
 EAMBER (non-restraint)  =    -43377.5567
 ------------------------------------------------------------------------------

wrapping first mol.:       20.26984       28.66588       49.65075
wrapping first mol.:       20.26984       28.66588       49.65075

 NSTEP =    11500   TIME(PS) =    1563.000  TEMP(K) =   299.90  PRESS =     0.0
 Etot   =    -34210.9755  EKtot   =      9099.7500  EPtot      =    -43310.7255
 BOND   =       343.2047  ANGLE   =      1052.1542  DIHED      =      1346.4270
 1-4 NB =       428.8644  1-4 EEL =      6248.2432  VDWAALS    =      4786.9489
 EELEC  =    -57577.8658  EHBOND  =         0.0000  RESTRAINT  =        61.2979
 EAMBER (non-restraint)  =    -43372.0234
 ------------------------------------------------------------------------------

wrapping first mol.:       20.26984       28.66588       49.65075
wrapping first mol.:       20.26984       28.66588       49.65075

 NSTEP =    12000   TIME(PS) =    1564.000  TEMP(K) =   300.33  PRESS =     0.0
 Etot   =    -34295.3480  EKtot   =      9112.6396  EPtot      =    -43407.9877
 BOND   =       362.2480  ANGLE   =      1082.8394  DIHED      =      1329.9211
 1-4 NB =       436.0206  1-4 EEL =      6267.9465  VDWAALS    =      4736.8080
 EELEC  =    -57681.9039  EHBOND  =         0.0000  RESTRAINT  =        58.1327
 EAMBER (non-restraint)  =    -43466.1204
 ------------------------------------------------------------------------------

wrapping first mol.:       20.26984       28.66588       49.65075
wrapping first mol.:       20.26984       28.66588       49.65075

 NSTEP =    12500   TIME(PS) =    1565.000  TEMP(K) =   298.21  PRESS =     0.0
 Etot   =    -34329.0478  EKtot   =      9048.5459  EPtot      =    -43377.5937
 BOND   =       333.4935  ANGLE   =      1090.2876  DIHED      =      1352.4247
 1-4 NB =       441.6107  1-4 EEL =      6268.2158  VDWAALS    =      4608.1888
 EELEC  =    -57527.3041  EHBOND  =         0.0000  RESTRAINT  =        55.4894
 EAMBER (non-restraint)  =    -43433.0830
 ------------------------------------------------------------------------------

wrapping first mol.:       20.26984       28.66588       49.65075
wrapping first mol.:       20.26984       28.66588       49.65075

 NSTEP =    13000   TIME(PS) =    1566.000  TEMP(K) =   300.32  PRESS =     0.0
 Etot   =    -34161.7974  EKtot   =      9112.3125  EPtot      =    -43274.1099
 BOND   =       368.3791  ANGLE   =      1055.1115  DIHED      =      1354.4055
 1-4 NB =       441.4744  1-4 EEL =      6266.2334  VDWAALS    =      4864.4502
 EELEC  =    -57687.0025  EHBOND  =         0.0000  RESTRAINT  =        62.8386
 EAMBER (non-restraint)  =    -43336.9485
 ------------------------------------------------------------------------------

wrapping first mol.:       20.26984       28.66588       49.65075
wrapping first mol.:       20.26984       28.66588       49.65075

 NSTEP =    13500   TIME(PS) =    1567.000  TEMP(K) =   298.82  PRESS =     0.0
 Etot   =    -34281.7157  EKtot   =      9067.0713  EPtot      =    -43348.7870
 BOND   =       333.6568  ANGLE   =      1058.9928  DIHED      =      1347.4744
 1-4 NB =       451.7994  1-4 EEL =      6282.0026  VDWAALS    =      4744.2281
 EELEC  =    -57625.9701  EHBOND  =         0.0000  RESTRAINT  =        59.0290
 EAMBER (non-restraint)  =    -43407.8160
 ------------------------------------------------------------------------------

wrapping first mol.:       20.26984       28.66588       49.65075
wrapping first mol.:       20.26984       28.66588       49.65075

 NSTEP =    14000   TIME(PS) =    1568.000  TEMP(K) =   299.78  PRESS =     0.0
 Etot   =    -34482.1877  EKtot   =      9095.9033  EPtot      =    -43578.0911
 BOND   =       349.6985  ANGLE   =      1029.5186  DIHED      =      1341.8888
 1-4 NB =       431.2039  1-4 EEL =      6252.0367  VDWAALS    =      4766.3217
 EELEC  =    -57806.3781  EHBOND  =         0.0000  RESTRAINT  =        57.6188
 EAMBER (non-restraint)  =    -43635.7099
 ------------------------------------------------------------------------------

wrapping first mol.:       20.26984       28.66588       49.65075
wrapping first mol.:       20.26984       28.66588       49.65075

 NSTEP =    14500   TIME(PS) =    1569.000  TEMP(K) =   299.21  PRESS =     0.0
 Etot   =    -34103.9708  EKtot   =      9078.8066  EPtot      =    -43182.7774
 BOND   =       354.1210  ANGLE   =      1076.7897  DIHED      =      1351.6535
 1-4 NB =       452.7130  1-4 EEL =      6280.9463  VDWAALS    =      4687.3965
 EELEC  =    -57443.1552  EHBOND  =         0.0000  RESTRAINT  =        56.7577
 EAMBER (non-restraint)  =    -43239.5351
 ------------------------------------------------------------------------------

wrapping first mol.:       20.26984       28.66588       49.65075
wrapping first mol.:       20.26984       28.66588       49.65075

 NSTEP =    15000   TIME(PS) =    1570.000  TEMP(K) =   303.26  PRESS =     0.0
 Etot   =    -34183.3317  EKtot   =      9201.7539  EPtot      =    -43385.0856
 BOND   =       320.4013  ANGLE   =      1056.1369  DIHED      =      1355.9204
 1-4 NB =       442.8405  1-4 EEL =      6272.6668  VDWAALS    =      4751.7729
 EELEC  =    -57638.9871  EHBOND  =         0.0000  RESTRAINT  =        54.1628
 EAMBER (non-restraint)  =    -43439.2484
 ------------------------------------------------------------------------------

wrapping first mol.:       20.26984       28.66588       49.65075
wrapping first mol.:       20.26984       28.66588       49.65075

 NSTEP =    15500   TIME(PS) =    1571.000  TEMP(K) =   296.46  PRESS =     0.0
 Etot   =    -34377.0176  EKtot   =      8995.2529  EPtot      =    -43372.2706
 BOND   =       347.4622  ANGLE   =      1069.2267  DIHED      =      1344.2122
 1-4 NB =       440.6723  1-4 EEL =      6273.1287  VDWAALS    =      4571.5515
 EELEC  =    -57475.4988  EHBOND  =         0.0000  RESTRAINT  =        56.9746
 EAMBER (non-restraint)  =    -43429.2452
 ------------------------------------------------------------------------------

wrapping first mol.:       20.26984       28.66588       49.65075
wrapping first mol.:       20.26984       28.66588       49.65075

 NSTEP =    16000   TIME(PS) =    1572.000  TEMP(K) =   295.60  PRESS =     0.0
 Etot   =    -34400.7585  EKtot   =      8969.1484  EPtot      =    -43369.9069
 BOND   =       371.1021  ANGLE   =      1071.6791  DIHED      =      1354.4908
 1-4 NB =       427.0563  1-4 EEL =      6264.6568  VDWAALS    =      4582.4982
 EELEC  =    -57510.3861  EHBOND  =         0.0000  RESTRAINT  =        68.9959
 EAMBER (non-restraint)  =    -43438.9028
 ------------------------------------------------------------------------------

wrapping first mol.:       20.26984       28.66588       49.65075
wrapping first mol.:       20.26984       28.66588       49.65075

 NSTEP =    16500   TIME(PS) =    1573.000  TEMP(K) =   299.22  PRESS =     0.0
 Etot   =    -34314.9777  EKtot   =      9078.9111  EPtot      =    -43393.8888
 BOND   =       345.9564  ANGLE   =      1028.1340  DIHED      =      1353.7910
 1-4 NB =       449.4621  1-4 EEL =      6294.6233  VDWAALS    =      4903.5935
 EELEC  =    -57831.7049  EHBOND  =         0.0000  RESTRAINT  =        62.2558
 EAMBER (non-restraint)  =    -43456.1447
 ------------------------------------------------------------------------------

wrapping first mol.:       20.26984       28.66588       49.65075
wrapping first mol.:       20.26984       28.66588       49.65075

 NSTEP =    17000   TIME(PS) =    1574.000  TEMP(K) =   299.42  PRESS =     0.0
 Etot   =    -34256.7026  EKtot   =      9085.2178  EPtot      =    -43341.9203
 BOND   =       376.2966  ANGLE   =      1020.5485  DIHED      =      1353.4944
 1-4 NB =       434.0353  1-4 EEL =      6284.2217  VDWAALS    =      4772.9767
 EELEC  =    -57635.0131  EHBOND  =         0.0000  RESTRAINT  =        51.5196
 EAMBER (non-restraint)  =    -43393.4399
 ------------------------------------------------------------------------------

wrapping first mol.:       20.26984       28.66588       49.65075
wrapping first mol.:       20.26984       28.66588       49.65075

 NSTEP =    17500   TIME(PS) =    1575.000  TEMP(K) =   300.77  PRESS =     0.0
 Etot   =    -34193.5254  EKtot   =      9126.2070  EPtot      =    -43319.7324
 BOND   =       320.7756  ANGLE   =      1078.0457  DIHED      =      1345.3419
 1-4 NB =       450.5045  1-4 EEL =      6284.9392  VDWAALS    =      4711.4848
 EELEC  =    -57569.7949  EHBOND  =         0.0000  RESTRAINT  =        58.9708
 EAMBER (non-restraint)  =    -43378.7033
 ------------------------------------------------------------------------------

wrapping first mol.:       20.26984       28.66588       49.65075
wrapping first mol.:       20.26984       28.66588       49.65075

 NSTEP =    18000   TIME(PS) =    1576.000  TEMP(K) =   299.13  PRESS =     0.0
 Etot   =    -34250.5923  EKtot   =      9076.4502  EPtot      =    -43327.0425
 BOND   =       341.1522  ANGLE   =      1108.8582  DIHED      =      1359.2051
 1-4 NB =       430.7704  1-4 EEL =      6297.0329  VDWAALS    =      4664.0133
 EELEC  =    -57592.6538  EHBOND  =         0.0000  RESTRAINT  =        64.5791
 EAMBER (non-restraint)  =    -43391.6216
 ------------------------------------------------------------------------------

wrapping first mol.:       20.26984       28.66588       49.65075
wrapping first mol.:       20.26984       28.66588       49.65075

 NSTEP =    18500   TIME(PS) =    1577.000  TEMP(K) =   303.90  PRESS =     0.0
 Etot   =    -34107.1341  EKtot   =      9221.1016  EPtot      =    -43328.2357
 BOND   =       335.2526  ANGLE   =      1041.2651  DIHED      =      1383.0232
 1-4 NB =       436.9707  1-4 EEL =      6278.2626  VDWAALS    =      4905.1967
 EELEC  =    -57763.2334  EHBOND  =         0.0000  RESTRAINT  =        55.0268
 EAMBER (non-restraint)  =    -43383.2625
 ------------------------------------------------------------------------------

wrapping first mol.:       20.26984       28.66588       49.65075
wrapping first mol.:       20.26984       28.66588       49.65075

 NSTEP =    19000   TIME(PS) =    1578.000  TEMP(K) =   296.97  PRESS =     0.0
 Etot   =    -34177.7551  EKtot   =      9010.8457  EPtot      =    -43188.6008
 BOND   =       335.1259  ANGLE   =      1033.0381  DIHED      =      1334.7694
 1-4 NB =       454.2949  1-4 EEL =      6295.8695  VDWAALS    =      4495.6010
 EELEC  =    -57205.8849  EHBOND  =         0.0000  RESTRAINT  =        68.5854
 EAMBER (non-restraint)  =    -43257.1862
 ------------------------------------------------------------------------------

wrapping first mol.:       20.26984       28.66588       49.65075
wrapping first mol.:       20.26984       28.66588       49.65075

 NSTEP =    19500   TIME(PS) =    1579.000  TEMP(K) =   299.93  PRESS =     0.0
 Etot   =    -34328.4175  EKtot   =      9100.7197  EPtot      =    -43429.1372
 BOND   =       364.5516  ANGLE   =      1037.7644  DIHED      =      1349.9900
 1-4 NB =       432.6550  1-4 EEL =      6282.6731  VDWAALS    =      4651.2489
 EELEC  =    -57605.0051  EHBOND  =         0.0000  RESTRAINT  =        56.9848
 EAMBER (non-restraint)  =    -43486.1221
 ------------------------------------------------------------------------------

wrapping first mol.:       20.26984       28.66588       49.65075
wrapping first mol.:       20.26984       28.66588       49.65075

 NSTEP =    20000   TIME(PS) =    1580.000  TEMP(K) =   297.56  PRESS =     0.0
 Etot   =    -34359.4394  EKtot   =      9028.7510  EPtot      =    -43388.1904
 BOND   =       361.4177  ANGLE   =      1057.6024  DIHED      =      1347.5956
 1-4 NB =       451.9064  1-4 EEL =      6307.5214  VDWAALS    =      4842.6516
 EELEC  =    -57821.5702  EHBOND  =         0.0000  RESTRAINT  =        64.6848
 EAMBER (non-restraint)  =    -43452.8752
 ------------------------------------------------------------------------------

wrapping first mol.:       20.26984       28.66588       49.65075
wrapping first mol.:       20.26984       28.66588       49.65075

 NSTEP =    20500   TIME(PS) =    1581.000  TEMP(K) =   297.21  PRESS =     0.0
 Etot   =    -34338.0265  EKtot   =      9018.1602  EPtot      =    -43356.1867
 BOND   =       361.5060  ANGLE   =      1027.6043  DIHED      =      1345.1239
 1-4 NB =       434.0190  1-4 EEL =      6260.4758  VDWAALS    =      4771.5603
 EELEC  =    -57622.4420  EHBOND  =         0.0000  RESTRAINT  =        65.9659
 EAMBER (non-restraint)  =    -43422.1526
 ------------------------------------------------------------------------------

wrapping first mol.:       20.26984       28.66588       49.65075
wrapping first mol.:       20.26984       28.66588       49.65075

 NSTEP =    21000   TIME(PS) =    1582.000  TEMP(K) =   298.13  PRESS =     0.0
 Etot   =    -34134.6086  EKtot   =      9046.0713  EPtot      =    -43180.6798
 BOND   =       344.4067  ANGLE   =      1064.9116  DIHED      =      1354.1326
 1-4 NB =       434.5643  1-4 EEL =      6301.2436  VDWAALS    =      4808.9680
 EELEC  =    -57545.7826  EHBOND  =         0.0000  RESTRAINT  =        56.8759
 EAMBER (non-restraint)  =    -43237.5557
 ------------------------------------------------------------------------------

wrapping first mol.:       20.26984       28.66588       49.65075
wrapping first mol.:       20.26984       28.66588       49.65075

 NSTEP =    21500   TIME(PS) =    1583.000  TEMP(K) =   301.48  PRESS =     0.0
 Etot   =    -34079.3965  EKtot   =      9147.6318  EPtot      =    -43227.0283
 BOND   =       328.5777  ANGLE   =      1055.7371  DIHED      =      1354.4817
 1-4 NB =       466.0043  1-4 EEL =      6317.7349  VDWAALS    =      4759.1974
 EELEC  =    -57573.1712  EHBOND  =         0.0000  RESTRAINT  =        64.4098
 EAMBER (non-restraint)  =    -43291.4381
 ------------------------------------------------------------------------------

wrapping first mol.:       20.26984       28.66588       49.65075
wrapping first mol.:       20.26984       28.66588       49.65075

 NSTEP =    22000   TIME(PS) =    1584.000  TEMP(K) =   304.72  PRESS =     0.0
 Etot   =    -34036.2430  EKtot   =      9245.8838  EPtot      =    -43282.1268
 BOND   =       346.2601  ANGLE   =      1049.8545  DIHED      =      1335.5188
 1-4 NB =       438.8633  1-4 EEL =      6276.7647  VDWAALS    =      4951.2892
 EELEC  =    -57745.8452  EHBOND  =         0.0000  RESTRAINT  =        65.1677
 EAMBER (non-restraint)  =    -43347.2945
 ------------------------------------------------------------------------------

wrapping first mol.:       20.26984       28.66588       49.65075
wrapping first mol.:       20.26984       28.66588       49.65075

 NSTEP =    22500   TIME(PS) =    1585.000  TEMP(K) =   300.88  PRESS =     0.0
 Etot   =    -34084.2133  EKtot   =      9129.5371  EPtot      =    -43213.7504
 BOND   =       345.4782  ANGLE   =      1060.9996  DIHED      =      1352.1243
 1-4 NB =       451.1875  1-4 EEL =      6291.4579  VDWAALS    =      4619.3115
 EELEC  =    -57390.1865  EHBOND  =         0.0000  RESTRAINT  =        55.8772
 EAMBER (non-restraint)  =    -43269.6276
 ------------------------------------------------------------------------------

wrapping first mol.:       20.26984       28.66588       49.65075
wrapping first mol.:       20.26984       28.66588       49.65075

 NSTEP =    23000   TIME(PS) =    1586.000  TEMP(K) =   300.40  PRESS =     0.0
 Etot   =    -34142.5177  EKtot   =      9114.7402  EPtot      =    -43257.2579
 BOND   =       360.0297  ANGLE   =      1046.1205  DIHED      =      1340.7357
 1-4 NB =       437.6542  1-4 EEL =      6270.9771  VDWAALS    =      4728.2022
 EELEC  =    -57495.5608  EHBOND  =         0.0000  RESTRAINT  =        54.5834
 EAMBER (non-restraint)  =    -43311.8413
 ------------------------------------------------------------------------------

wrapping first mol.:       20.26984       28.66588       49.65075
wrapping first mol.:       20.26984       28.66588       49.65075

 NSTEP =    23500   TIME(PS) =    1587.000  TEMP(K) =   300.61  PRESS =     0.0
 Etot   =    -34134.8875  EKtot   =      9121.2471  EPtot      =    -43256.1346
 BOND   =       340.7370  ANGLE   =      1055.3934  DIHED      =      1333.3363
 1-4 NB =       429.5845  1-4 EEL =      6293.8722  VDWAALS    =      4789.5199
 EELEC  =    -57553.1630  EHBOND  =         0.0000  RESTRAINT  =        54.5853
 EAMBER (non-restraint)  =    -43310.7198
 ------------------------------------------------------------------------------

wrapping first mol.:       20.26984       28.66588       49.65075
wrapping first mol.:       20.26984       28.66588       49.65075

 NSTEP =    24000   TIME(PS) =    1588.000  TEMP(K) =   300.94  PRESS =     0.0
 Etot   =    -34126.6371  EKtot   =      9131.1816  EPtot      =    -43257.8188
 BOND   =       325.7547  ANGLE   =      1057.7246  DIHED      =      1363.5846
 1-4 NB =       457.8496  1-4 EEL =      6304.8834  VDWAALS    =      4732.6443
 EELEC  =    -57555.8880  EHBOND  =         0.0000  RESTRAINT  =        55.6279
 EAMBER (non-restraint)  =    -43313.4467
 ------------------------------------------------------------------------------

wrapping first mol.:       20.26984       28.66588       49.65075
wrapping first mol.:       20.26984       28.66588       49.65075

 NSTEP =    24500   TIME(PS) =    1589.000  TEMP(K) =   301.45  PRESS =     0.0
 Etot   =    -34110.8824  EKtot   =      9146.6055  EPtot      =    -43257.4879
 BOND   =       350.8361  ANGLE   =      1064.7787  DIHED      =      1373.1024
 1-4 NB =       443.4245  1-4 EEL =      6285.1196  VDWAALS    =      4886.7093
 EELEC  =    -57717.4245  EHBOND  =         0.0000  RESTRAINT  =        55.9660
 EAMBER (non-restraint)  =    -43313.4539
 ------------------------------------------------------------------------------

wrapping first mol.:       20.26984       28.66588       49.65075
wrapping first mol.:       20.26984       28.66588       49.65075

 NSTEP =    25000   TIME(PS) =    1590.000  TEMP(K) =   304.17  PRESS =     0.0
 Etot   =    -34009.7285  EKtot   =      9229.3428  EPtot      =    -43239.0712
 BOND   =       384.7035  ANGLE   =      1043.9194  DIHED      =      1337.6642
 1-4 NB =       439.0253  1-4 EEL =      6298.7466  VDWAALS    =      4823.9664
 EELEC  =    -57626.7645  EHBOND  =         0.0000  RESTRAINT  =        59.6679
 EAMBER (non-restraint)  =    -43298.7392
 ------------------------------------------------------------------------------

wrapping first mol.:       20.26984       28.66588       49.65075
wrapping first mol.:       20.26984       28.66588       49.65075

 NSTEP =    25500   TIME(PS) =    1591.000  TEMP(K) =   299.41  PRESS =     0.0
 Etot   =    -34006.8609  EKtot   =      9084.7129  EPtot      =    -43091.5738
 BOND   =       354.8857  ANGLE   =      1043.2122  DIHED      =      1351.5396
 1-4 NB =       429.1337  1-4 EEL =      6265.7582  VDWAALS    =      4607.6271
 EELEC  =    -57205.2589  EHBOND  =         0.0000  RESTRAINT  =        61.5286
 EAMBER (non-restraint)  =    -43153.1024
 ------------------------------------------------------------------------------

wrapping first mol.:       20.26984       28.66588       49.65075
wrapping first mol.:       20.26984       28.66588       49.65075

 NSTEP =    26000   TIME(PS) =    1592.000  TEMP(K) =   300.04  PRESS =     0.0
 Etot   =    -34078.7013  EKtot   =      9103.9053  EPtot      =    -43182.6066
 BOND   =       336.3215  ANGLE   =      1081.7795  DIHED      =      1341.5103
 1-4 NB =       438.0968  1-4 EEL =      6252.9055  VDWAALS    =      4530.2920
 EELEC  =    -57220.7818  EHBOND  =         0.0000  RESTRAINT  =        57.2696
 EAMBER (non-restraint)  =    -43239.8762
 ------------------------------------------------------------------------------

wrapping first mol.:       20.26984       28.66588       49.65075
wrapping first mol.:       20.26984       28.66588       49.65075

 NSTEP =    26500   TIME(PS) =    1593.000  TEMP(K) =   297.63  PRESS =     0.0
 Etot   =    -34038.2619  EKtot   =      9030.8896  EPtot      =    -43069.1515
 BOND   =       363.2080  ANGLE   =      1049.2431  DIHED      =      1319.1457
 1-4 NB =       446.2805  1-4 EEL =      6277.4932  VDWAALS    =      4451.2907
 EELEC  =    -57036.8689  EHBOND  =         0.0000  RESTRAINT  =        61.0563
 EAMBER (non-restraint)  =    -43130.2078
 ------------------------------------------------------------------------------

wrapping first mol.:       20.26984       28.66588       49.65075
wrapping first mol.:       20.26984       28.66588       49.65075

 NSTEP =    27000   TIME(PS) =    1594.000  TEMP(K) =   300.71  PRESS =     0.0
 Etot   =    -34010.1519  EKtot   =      9124.2666  EPtot      =    -43134.4185
 BOND   =       331.7439  ANGLE   =      1076.5074  DIHED      =      1343.7689
 1-4 NB =       436.6289  1-4 EEL =      6288.5555  VDWAALS    =      4713.7157
 EELEC  =    -57386.3337  EHBOND  =         0.0000  RESTRAINT  =        60.9949
 EAMBER (non-restraint)  =    -43195.4134
 ------------------------------------------------------------------------------

wrapping first mol.:       20.26984       28.66588       49.65075
wrapping first mol.:       20.26984       28.66588       49.65075

 NSTEP =    27500   TIME(PS) =    1595.000  TEMP(K) =   297.09  PRESS =     0.0
 Etot   =    -34112.4003  EKtot   =      9014.5303  EPtot      =    -43126.9305
 BOND   =       367.3792  ANGLE   =      1052.6071  DIHED      =      1364.5714
 1-4 NB =       441.4773  1-4 EEL =      6253.5172  VDWAALS    =      4498.1429
 EELEC  =    -57171.6736  EHBOND  =         0.0000  RESTRAINT  =        67.0479
 EAMBER (non-restraint)  =    -43193.9784
 ------------------------------------------------------------------------------

wrapping first mol.:       20.26984       28.66588       49.65075
wrapping first mol.:       20.26984       28.66588       49.65075

 NSTEP =    28000   TIME(PS) =    1596.000  TEMP(K) =   299.67  PRESS =     0.0
 Etot   =    -34063.2450  EKtot   =      9092.5801  EPtot      =    -43155.8251
 BOND   =       363.6118  ANGLE   =      1103.8367  DIHED      =      1334.7941
 1-4 NB =       437.5296  1-4 EEL =      6229.8479  VDWAALS    =      4638.0880
 EELEC  =    -57320.0348  EHBOND  =         0.0000  RESTRAINT  =        56.5016
 EAMBER (non-restraint)  =    -43212.3267
 ------------------------------------------------------------------------------

wrapping first mol.:       20.26984       28.66588       49.65075
wrapping first mol.:       20.26984       28.66588       49.65075

 NSTEP =    28500   TIME(PS) =    1597.000  TEMP(K) =   302.74  PRESS =     0.0
 Etot   =    -34001.1584  EKtot   =      9186.0039  EPtot      =    -43187.1623
 BOND   =       369.8483  ANGLE   =      1038.2184  DIHED      =      1369.0184
 1-4 NB =       445.4047  1-4 EEL =      6277.8472  VDWAALS    =      4789.0387
 EELEC  =    -57538.3525  EHBOND  =         0.0000  RESTRAINT  =        61.8144
 EAMBER (non-restraint)  =    -43248.9767
 ------------------------------------------------------------------------------

wrapping first mol.:       20.26984       28.66588       49.65075
wrapping first mol.:       20.26984       28.66588       49.65075

 NSTEP =    29000   TIME(PS) =    1598.000  TEMP(K) =   301.53  PRESS =     0.0
 Etot   =    -33854.4321  EKtot   =      9149.1641  EPtot      =    -43003.5961
 BOND   =       315.9736  ANGLE   =      1080.3247  DIHED      =      1351.7667
 1-4 NB =       455.0452  1-4 EEL =      6310.1317  VDWAALS    =      4787.1132
 EELEC  =    -57362.4359  EHBOND  =         0.0000  RESTRAINT  =        58.4846
 EAMBER (non-restraint)  =    -43062.0808
 ------------------------------------------------------------------------------

wrapping first mol.:       20.26984       28.66588       49.65075
wrapping first mol.:       20.26984       28.66588       49.65075

 NSTEP =    29500   TIME(PS) =    1599.000  TEMP(K) =   301.77  PRESS =     0.0
 Etot   =    -34099.8590  EKtot   =      9156.4639  EPtot      =    -43256.3229
 BOND   =       366.3561  ANGLE   =      1031.0788  DIHED      =      1348.4861
 1-4 NB =       438.8750  1-4 EEL =      6279.7695  VDWAALS    =      5033.6177
 EELEC  =    -57814.8587  EHBOND  =         0.0000  RESTRAINT  =        60.3527
 EAMBER (non-restraint)  =    -43316.6755
 ------------------------------------------------------------------------------

wrapping first mol.:       20.26984       28.66588       49.65075
wrapping first mol.:       20.26984       28.66588       49.65075

 NSTEP =    30000   TIME(PS) =    1600.000  TEMP(K) =   296.10  PRESS =     0.0
 Etot   =    -34244.5140  EKtot   =      8984.2715  EPtot      =    -43228.7854
 BOND   =       373.3769  ANGLE   =      1042.9005  DIHED      =      1332.2854
 1-4 NB =       445.5661  1-4 EEL =      6249.0614  VDWAALS    =      4822.9759
 EELEC  =    -57556.6905  EHBOND  =         0.0000  RESTRAINT  =        61.7387
 EAMBER (non-restraint)  =    -43290.5241
 ------------------------------------------------------------------------------

wrapping first mol.:       20.26984       28.66588       49.65075
wrapping first mol.:       20.26984       28.66588       49.65075

 NSTEP =    30500   TIME(PS) =    1601.000  TEMP(K) =   302.20  PRESS =     0.0
 Etot   =    -34166.2741  EKtot   =      9169.4189  EPtot      =    -43335.6930
 BOND   =       357.4675  ANGLE   =      1040.9128  DIHED      =      1362.3270
 1-4 NB =       436.8461  1-4 EEL =      6267.1203  VDWAALS    =      4753.8267
 EELEC  =    -57609.1107  EHBOND  =         0.0000  RESTRAINT  =        54.9172
 EAMBER (non-restraint)  =    -43390.6102
 ------------------------------------------------------------------------------

wrapping first mol.:       20.26984       28.66588       49.65075
wrapping first mol.:       20.26984       28.66588       49.65075

 NSTEP =    31000   TIME(PS) =    1602.000  TEMP(K) =   301.04  PRESS =     0.0
 Etot   =    -34093.4767  EKtot   =      9134.1836  EPtot      =    -43227.6603
 BOND   =       336.0522  ANGLE   =      1084.5029  DIHED      =      1345.3141
 1-4 NB =       451.5001  1-4 EEL =      6264.1913  VDWAALS    =      4787.3570
 EELEC  =    -57562.6259  EHBOND  =         0.0000  RESTRAINT  =        66.0479
 EAMBER (non-restraint)  =    -43293.7082
 ------------------------------------------------------------------------------

wrapping first mol.:       20.26984       28.66588       49.65075
wrapping first mol.:       20.26984       28.66588       49.65075

 NSTEP =    31500   TIME(PS) =    1603.000  TEMP(K) =   302.61  PRESS =     0.0
 Etot   =    -33982.2605  EKtot   =      9181.9336  EPtot      =    -43164.1941
 BOND   =       364.6145  ANGLE   =      1064.8646  DIHED      =      1341.8911
 1-4 NB =       438.8937  1-4 EEL =      6243.9412  VDWAALS    =      4747.6215
 EELEC  =    -57423.3422  EHBOND  =         0.0000  RESTRAINT  =        57.3214
 EAMBER (non-restraint)  =    -43221.5155
 ------------------------------------------------------------------------------

wrapping first mol.:       20.26984       28.66588       49.65075
wrapping first mol.:       20.26984       28.66588       49.65075

 NSTEP =    32000   TIME(PS) =    1604.000  TEMP(K) =   298.33  PRESS =     0.0
 Etot   =    -34200.6115  EKtot   =      9051.9824  EPtot      =    -43252.5939
 BOND   =       362.1764  ANGLE   =      1032.6070  DIHED      =      1345.6875
 1-4 NB =       442.2909  1-4 EEL =      6237.9007  VDWAALS    =      4651.1653
 EELEC  =    -57382.4056  EHBOND  =         0.0000  RESTRAINT  =        57.9839
 EAMBER (non-restraint)  =    -43310.5778
 ------------------------------------------------------------------------------

wrapping first mol.:       20.26984       28.66588       49.65075
wrapping first mol.:       20.26984       28.66588       49.65075

 NSTEP =    32500   TIME(PS) =    1605.000  TEMP(K) =   301.69  PRESS =     0.0
 Etot   =    -34171.9387  EKtot   =      9153.8623  EPtot      =    -43325.8010
 BOND   =       332.6977  ANGLE   =      1043.4639  DIHED      =      1339.0821
 1-4 NB =       447.0383  1-4 EEL =      6288.4708  VDWAALS    =      4688.7617
 EELEC  =    -57532.8097  EHBOND  =         0.0000  RESTRAINT  =        67.4942
 EAMBER (non-restraint)  =    -43393.2953
 ------------------------------------------------------------------------------

wrapping first mol.:       20.26984       28.66588       49.65075
wrapping first mol.:       20.26984       28.66588       49.65075

 NSTEP =    33000   TIME(PS) =    1606.000  TEMP(K) =   302.48  PRESS =     0.0
 Etot   =    -34243.2529  EKtot   =      9178.0469  EPtot      =    -43421.2997
 BOND   =       357.0650  ANGLE   =      1070.4743  DIHED      =      1334.2954
 1-4 NB =       439.8408  1-4 EEL =      6255.5919  VDWAALS    =      4688.9207
 EELEC  =    -57624.8602  EHBOND  =         0.0000  RESTRAINT  =        57.3724
 EAMBER (non-restraint)  =    -43478.6721
 ------------------------------------------------------------------------------

wrapping first mol.:       20.26984       28.66588       49.65075
wrapping first mol.:       20.26984       28.66588       49.65075

 NSTEP =    33500   TIME(PS) =    1607.000  TEMP(K) =   297.58  PRESS =     0.0
 Etot   =    -34130.3809  EKtot   =      9029.3232  EPtot      =    -43159.7041
 BOND   =       363.7201  ANGLE   =      1076.6912  DIHED      =      1342.3835
 1-4 NB =       443.0623  1-4 EEL =      6262.1946  VDWAALS    =      4583.6744
 EELEC  =    -57293.3186  EHBOND  =         0.0000  RESTRAINT  =        61.8883
 EAMBER (non-restraint)  =    -43221.5925
 ------------------------------------------------------------------------------

wrapping first mol.:       20.26984       28.66588       49.65075
wrapping first mol.:       20.26984       28.66588       49.65075

 NSTEP =    34000   TIME(PS) =    1608.000  TEMP(K) =   299.20  PRESS =     0.0
 Etot   =    -34230.9831  EKtot   =      9078.3779  EPtot      =    -43309.3610
 BOND   =       344.9913  ANGLE   =      1034.7412  DIHED      =      1338.1221
 1-4 NB =       444.2207  1-4 EEL =      6288.7908  VDWAALS    =      4649.1522
 EELEC  =    -57475.3210  EHBOND  =         0.0000  RESTRAINT  =        65.9418
 EAMBER (non-restraint)  =    -43375.3028
 ------------------------------------------------------------------------------

wrapping first mol.:       20.26984       28.66588       49.65075
wrapping first mol.:       20.26984       28.66588       49.65075

 NSTEP =    34500   TIME(PS) =    1609.000  TEMP(K) =   297.77  PRESS =     0.0
 Etot   =    -34364.5013  EKtot   =      9035.0928  EPtot      =    -43399.5941
 BOND   =       362.0229  ANGLE   =      1047.9861  DIHED      =      1344.2093
 1-4 NB =       450.9398  1-4 EEL =      6234.5153  VDWAALS    =      4741.4189
 EELEC  =    -57645.8429  EHBOND  =         0.0000  RESTRAINT  =        65.1567
 EAMBER (non-restraint)  =    -43464.7507
 ------------------------------------------------------------------------------

wrapping first mol.:       20.26984       28.66588       49.65075
wrapping first mol.:       20.26984       28.66588       49.65075

 NSTEP =    35000   TIME(PS) =    1610.000  TEMP(K) =   295.10  PRESS =     0.0
 Etot   =    -34356.4338  EKtot   =      8954.1406  EPtot      =    -43310.5744
 BOND   =       351.1606  ANGLE   =      1059.2173  DIHED      =      1367.7731
 1-4 NB =       438.2886  1-4 EEL =      6265.3403  VDWAALS    =      4733.9424
 EELEC  =    -57584.3210  EHBOND  =         0.0000  RESTRAINT  =        58.0243
 EAMBER (non-restraint)  =    -43368.5987
 ------------------------------------------------------------------------------

wrapping first mol.:       20.26984       28.66588       49.65075
wrapping first mol.:       20.26984       28.66588       49.65075

 NSTEP =    35500   TIME(PS) =    1611.000  TEMP(K) =   292.83  PRESS =     0.0
 Etot   =    -34374.2774  EKtot   =      8885.1162  EPtot      =    -43259.3937
 BOND   =       316.6218  ANGLE   =      1048.1428  DIHED      =      1348.5696
 1-4 NB =       450.0733  1-4 EEL =      6310.7822  VDWAALS    =      4614.5410
 EELEC  =    -57410.8488  EHBOND  =         0.0000  RESTRAINT  =        62.7243
 EAMBER (non-restraint)  =    -43322.1180
 ------------------------------------------------------------------------------

wrapping first mol.:       20.26984       28.66588       49.65075
wrapping first mol.:       20.26984       28.66588       49.65075

 NSTEP =    36000   TIME(PS) =    1612.000  TEMP(K) =   297.53  PRESS =     0.0
 Etot   =    -34203.4353  EKtot   =      9027.7461  EPtot      =    -43231.1814
 BOND   =       384.4006  ANGLE   =      1040.2350  DIHED      =      1360.8944
 1-4 NB =       442.2442  1-4 EEL =      6253.1074  VDWAALS    =      4702.4382
 EELEC  =    -57482.7530  EHBOND  =         0.0000  RESTRAINT  =        68.2517
 EAMBER (non-restraint)  =    -43299.4332
 ------------------------------------------------------------------------------

wrapping first mol.:       20.26984       28.66588       49.65075
wrapping first mol.:       20.26984       28.66588       49.65075

 NSTEP =    36500   TIME(PS) =    1613.000  TEMP(K) =   301.20  PRESS =     0.0
 Etot   =    -34069.3030  EKtot   =      9139.0938  EPtot      =    -43208.3967
 BOND   =       334.2978  ANGLE   =      1045.4501  DIHED      =      1344.7139
 1-4 NB =       433.6123  1-4 EEL =      6295.4892  VDWAALS    =      4535.0056
 EELEC  =    -57251.2717  EHBOND  =         0.0000  RESTRAINT  =        54.3060
 EAMBER (non-restraint)  =    -43262.7027
 ------------------------------------------------------------------------------

wrapping first mol.:       20.26984       28.66588       49.65075
wrapping first mol.:       20.26984       28.66588       49.65075

 NSTEP =    37000   TIME(PS) =    1614.000  TEMP(K) =   299.90  PRESS =     0.0
 Etot   =    -34045.4849  EKtot   =      9099.5635  EPtot      =    -43145.0484
 BOND   =       356.6137  ANGLE   =      1042.5392  DIHED      =      1339.1203
 1-4 NB =       443.6530  1-4 EEL =      6258.8519  VDWAALS    =      4632.3676
 EELEC  =    -57276.6279  EHBOND  =         0.0000  RESTRAINT  =        58.4339
 EAMBER (non-restraint)  =    -43203.4824
 ------------------------------------------------------------------------------

wrapping first mol.:       20.26984       28.66588       49.65075
wrapping first mol.:       20.26984       28.66588       49.65075

 NSTEP =    37500   TIME(PS) =    1615.000  TEMP(K) =   297.80  PRESS =     0.0
 Etot   =    -34300.1008  EKtot   =      9036.1270  EPtot      =    -43336.2278
 BOND   =       361.5073  ANGLE   =      1094.4223  DIHED      =      1328.0239
 1-4 NB =       436.4134  1-4 EEL =      6237.2056  VDWAALS    =      4687.6480
 EELEC  =    -57534.2483  EHBOND  =         0.0000  RESTRAINT  =        52.8001
 EAMBER (non-restraint)  =    -43389.0279
 ------------------------------------------------------------------------------

wrapping first mol.:       20.26984       28.66588       49.65075
wrapping first mol.:       20.26984       28.66588       49.65075

 NSTEP =    38000   TIME(PS) =    1616.000  TEMP(K) =   295.53  PRESS =     0.0
 Etot   =    -34423.3026  EKtot   =      8967.1475  EPtot      =    -43390.4500
 BOND   =       358.3442  ANGLE   =      1071.2136  DIHED      =      1324.0840
 1-4 NB =       432.9808  1-4 EEL =      6266.2226  VDWAALS    =      4993.0571
 EELEC  =    -57895.4556  EHBOND  =         0.0000  RESTRAINT  =        59.1032
 EAMBER (non-restraint)  =    -43449.5532
 ------------------------------------------------------------------------------

wrapping first mol.:       20.26984       28.66588       49.65075
wrapping first mol.:       20.26984       28.66588       49.65075

 NSTEP =    38500   TIME(PS) =    1617.000  TEMP(K) =   297.85  PRESS =     0.0
 Etot   =    -34320.1246  EKtot   =      9037.4385  EPtot      =    -43357.5631
 BOND   =       343.7505  ANGLE   =      1013.1993  DIHED      =      1338.4821
 1-4 NB =       436.2283  1-4 EEL =      6290.1785  VDWAALS    =      4739.0095
 EELEC  =    -57574.9992  EHBOND  =         0.0000  RESTRAINT  =        56.5880
 EAMBER (non-restraint)  =    -43414.1511
 ------------------------------------------------------------------------------

wrapping first mol.:       20.26984       28.66588       49.65075
wrapping first mol.:       20.26984       28.66588       49.65075

 NSTEP =    39000   TIME(PS) =    1618.000  TEMP(K) =   295.87  PRESS =     0.0
 Etot   =    -34255.0452  EKtot   =      8977.5488  EPtot      =    -43232.5941
 BOND   =       348.6212  ANGLE   =      1074.1382  DIHED      =      1339.2773
 1-4 NB =       436.1639  1-4 EEL =      6284.5099  VDWAALS    =      4747.7877
 EELEC  =    -57518.3027  EHBOND  =         0.0000  RESTRAINT  =        55.2105
 EAMBER (non-restraint)  =    -43287.8045
 ------------------------------------------------------------------------------

wrapping first mol.:       20.26984       28.66588       49.65075
wrapping first mol.:       20.26984       28.66588       49.65075

 NSTEP =    39500   TIME(PS) =    1619.000  TEMP(K) =   297.72  PRESS =     0.0
 Etot   =    -34222.3869  EKtot   =      9033.5859  EPtot      =    -43255.9728
 BOND   =       371.4560  ANGLE   =      1043.1423  DIHED      =      1345.9259
 1-4 NB =       434.4018  1-4 EEL =      6287.7894  VDWAALS    =      4673.2750
 EELEC  =    -57468.7502  EHBOND  =         0.0000  RESTRAINT  =        56.7869
 EAMBER (non-restraint)  =    -43312.7598
 ------------------------------------------------------------------------------

wrapping first mol.:       20.26984       28.66588       49.65075
wrapping first mol.:       20.26984       28.66588       49.65075

 NSTEP =    40000   TIME(PS) =    1620.000  TEMP(K) =   298.47  PRESS =     0.0
 Etot   =    -34183.6127  EKtot   =      9056.3711  EPtot      =    -43239.9838
 BOND   =       350.2581  ANGLE   =      1082.8242  DIHED      =      1323.4202
 1-4 NB =       450.0334  1-4 EEL =      6276.7751  VDWAALS    =      4786.6915
 EELEC  =    -57568.1019  EHBOND  =         0.0000  RESTRAINT  =        58.1156
 EAMBER (non-restraint)  =    -43298.0994
 ------------------------------------------------------------------------------

wrapping first mol.:       20.26984       28.66588       49.65075
wrapping first mol.:       20.26984       28.66588       49.65075

 NSTEP =    40500   TIME(PS) =    1621.000  TEMP(K) =   298.94  PRESS =     0.0
 Etot   =    -34146.2143  EKtot   =      9070.4854  EPtot      =    -43216.6997
 BOND   =       337.4008  ANGLE   =      1036.9660  DIHED      =      1356.9375
 1-4 NB =       452.1859  1-4 EEL =      6291.7540  VDWAALS    =      4515.6107
 EELEC  =    -57269.2669  EHBOND  =         0.0000  RESTRAINT  =        61.7123
 EAMBER (non-restraint)  =    -43278.4120
 ------------------------------------------------------------------------------

wrapping first mol.:       20.26984       28.66588       49.65075
wrapping first mol.:       20.26984       28.66588       49.65075

 NSTEP =    41000   TIME(PS) =    1622.000  TEMP(K) =   298.25  PRESS =     0.0
 Etot   =    -34192.9493  EKtot   =      9049.7549  EPtot      =    -43242.7042
 BOND   =       346.7484  ANGLE   =      1005.9529  DIHED      =      1348.3246
 1-4 NB =       445.4550  1-4 EEL =      6281.4818  VDWAALS    =      4667.8964
 EELEC  =    -57403.8370  EHBOND  =         0.0000  RESTRAINT  =        65.2737
 EAMBER (non-restraint)  =    -43307.9780
 ------------------------------------------------------------------------------

wrapping first mol.:       20.26984       28.66588       49.65075
wrapping first mol.:       20.26984       28.66588       49.65075

 NSTEP =    41500   TIME(PS) =    1623.000  TEMP(K) =   298.32  PRESS =     0.0
 Etot   =    -34367.5156  EKtot   =      9051.6738  EPtot      =    -43419.1894
 BOND   =       333.5854  ANGLE   =       997.8037  DIHED      =      1345.3694
 1-4 NB =       464.6708  1-4 EEL =      6324.1362  VDWAALS    =      4684.4465
 EELEC  =    -57624.2129  EHBOND  =         0.0000  RESTRAINT  =        55.0115
 EAMBER (non-restraint)  =    -43474.2009
 ------------------------------------------------------------------------------

wrapping first mol.:       20.26984       28.66588       49.65075
wrapping first mol.:       20.26984       28.66588       49.65075

 NSTEP =    42000   TIME(PS) =    1624.000  TEMP(K) =   301.85  PRESS =     0.0
 Etot   =    -34146.9921  EKtot   =      9158.7520  EPtot      =    -43305.7440
 BOND   =       355.2354  ANGLE   =      1036.2006  DIHED      =      1357.2585
 1-4 NB =       437.7901  1-4 EEL =      6246.1326  VDWAALS    =      4726.3625
 EELEC  =    -57533.2168  EHBOND  =         0.0000  RESTRAINT  =        68.4931
 EAMBER (non-restraint)  =    -43374.2371
 ------------------------------------------------------------------------------

wrapping first mol.:       20.26984       28.66588       49.65075
wrapping first mol.:       20.26984       28.66588       49.65075

 NSTEP =    42500   TIME(PS) =    1625.000  TEMP(K) =   299.54  PRESS =     0.0
 Etot   =    -34147.5170  EKtot   =      9088.7217  EPtot      =    -43236.2387
 BOND   =       371.5541  ANGLE   =      1009.5214  DIHED      =      1345.1611
 1-4 NB =       432.9501  1-4 EEL =      6277.7273  VDWAALS    =      4720.1276
 EELEC  =    -57464.1179  EHBOND  =         0.0000  RESTRAINT  =        70.8377
 EAMBER (non-restraint)  =    -43307.0763
 ------------------------------------------------------------------------------

wrapping first mol.:       20.26984       28.66588       49.65075
wrapping first mol.:       20.26984       28.66588       49.65075

 NSTEP =    43000   TIME(PS) =    1626.000  TEMP(K) =   299.76  PRESS =     0.0
 Etot   =    -34053.7246  EKtot   =      9095.5166  EPtot      =    -43149.2412
 BOND   =       362.9521  ANGLE   =      1051.6819  DIHED      =      1337.7115
 1-4 NB =       439.4772  1-4 EEL =      6283.4750  VDWAALS    =      4718.4536
 EELEC  =    -57404.0162  EHBOND  =         0.0000  RESTRAINT  =        61.0236
 EAMBER (non-restraint)  =    -43210.2648
 ------------------------------------------------------------------------------

wrapping first mol.:       20.26984       28.66588       49.65075
wrapping first mol.:       20.26984       28.66588       49.65075

 NSTEP =    43500   TIME(PS) =    1627.000  TEMP(K) =   301.44  PRESS =     0.0
 Etot   =    -34066.0463  EKtot   =      9146.3398  EPtot      =    -43212.3862
 BOND   =       320.7510  ANGLE   =      1031.9789  DIHED      =      1350.2088
 1-4 NB =       439.8143  1-4 EEL =      6262.1243  VDWAALS    =      4695.6706
 EELEC  =    -57371.7414  EHBOND  =         0.0000  RESTRAINT  =        58.8072
 EAMBER (non-restraint)  =    -43271.1934
 ------------------------------------------------------------------------------

wrapping first mol.:       20.26984       28.66588       49.65075
wrapping first mol.:       20.26984       28.66588       49.65075

 NSTEP =    44000   TIME(PS) =    1628.000  TEMP(K) =   296.26  PRESS =     0.0
 Etot   =    -34338.8033  EKtot   =      8989.3252  EPtot      =    -43328.1284
 BOND   =       371.1472  ANGLE   =      1021.8189  DIHED      =      1345.0186
 1-4 NB =       448.5130  1-4 EEL =      6276.5464  VDWAALS    =      4771.7842
 EELEC  =    -57628.9568  EHBOND  =         0.0000  RESTRAINT  =        66.0000
 EAMBER (non-restraint)  =    -43394.1284
 ------------------------------------------------------------------------------

wrapping first mol.:       20.26984       28.66588       49.65075
wrapping first mol.:       20.26984       28.66588       49.65075

 NSTEP =    44500   TIME(PS) =    1629.000  TEMP(K) =   296.83  PRESS =     0.0
 Etot   =    -34081.4265  EKtot   =      9006.5264  EPtot      =    -43087.9529
 BOND   =       371.5109  ANGLE   =      1063.3279  DIHED      =      1341.6624
 1-4 NB =       431.0646  1-4 EEL =      6242.3385  VDWAALS    =      4644.4275
 EELEC  =    -57243.8091  EHBOND  =         0.0000  RESTRAINT  =        61.5243
 EAMBER (non-restraint)  =    -43149.4771
 ------------------------------------------------------------------------------

wrapping first mol.:       20.26984       28.66588       49.65075
wrapping first mol.:       20.26984       28.66588       49.65075

 NSTEP =    45000   TIME(PS) =    1630.000  TEMP(K) =   300.51  PRESS =     0.0
 Etot   =    -34165.1693  EKtot   =      9118.2637  EPtot      =    -43283.4330
 BOND   =       341.8603  ANGLE   =      1112.7220  DIHED      =      1350.3833
 1-4 NB =       440.2515  1-4 EEL =      6298.8631  VDWAALS    =      4644.4650
 EELEC  =    -57538.3205  EHBOND  =         0.0000  RESTRAINT  =        66.3423
 EAMBER (non-restraint)  =    -43349.7753
 ------------------------------------------------------------------------------

wrapping first mol.:       20.26984       28.66588       49.65075
wrapping first mol.:       20.26984       28.66588       49.65075

 NSTEP =    45500   TIME(PS) =    1631.000  TEMP(K) =   295.26  PRESS =     0.0
 Etot   =    -34378.4209  EKtot   =      8958.7744  EPtot      =    -43337.1953
 BOND   =       333.1388  ANGLE   =      1059.4982  DIHED      =      1350.4428
 1-4 NB =       448.4192  1-4 EEL =      6289.5849  VDWAALS    =      4841.3961
 EELEC  =    -57722.8661  EHBOND  =         0.0000  RESTRAINT  =        63.1908
 EAMBER (non-restraint)  =    -43400.3861
 ------------------------------------------------------------------------------

wrapping first mol.:       20.26984       28.66588       49.65075
wrapping first mol.:       20.26984       28.66588       49.65075

 NSTEP =    46000   TIME(PS) =    1632.000  TEMP(K) =   301.00  PRESS =     0.0
 Etot   =    -34116.6353  EKtot   =      9133.0225  EPtot      =    -43249.6578
 BOND   =       340.8246  ANGLE   =      1031.1445  DIHED      =      1341.3293
 1-4 NB =       449.3427  1-4 EEL =      6314.9053  VDWAALS    =      4828.8882
 EELEC  =    -57624.9828  EHBOND  =         0.0000  RESTRAINT  =        68.8904
 EAMBER (non-restraint)  =    -43318.5482
 ------------------------------------------------------------------------------

wrapping first mol.:       20.26984       28.66588       49.65075
wrapping first mol.:       20.26984       28.66588       49.65075

 NSTEP =    46500   TIME(PS) =    1633.000  TEMP(K) =   296.76  PRESS =     0.0
 Etot   =    -34220.0930  EKtot   =      9004.3799  EPtot      =    -43224.4729
 BOND   =       338.2612  ANGLE   =      1051.6548  DIHED      =      1357.0219
 1-4 NB =       453.2582  1-4 EEL =      6307.0355  VDWAALS    =      4584.8884
 EELEC  =    -57381.1174  EHBOND  =         0.0000  RESTRAINT  =        64.5245
 EAMBER (non-restraint)  =    -43288.9974
 ------------------------------------------------------------------------------

wrapping first mol.:       20.26984       28.66588       49.65075
wrapping first mol.:       20.26984       28.66588       49.65075

 NSTEP =    47000   TIME(PS) =    1634.000  TEMP(K) =   298.21  PRESS =     0.0
 Etot   =    -34300.7157  EKtot   =      9048.4980  EPtot      =    -43349.2137
 BOND   =       359.5033  ANGLE   =      1075.7938  DIHED      =      1348.0579
 1-4 NB =       432.3388  1-4 EEL =      6262.1830  VDWAALS    =      4928.8243
 EELEC  =    -57819.7671  EHBOND  =         0.0000  RESTRAINT  =        63.8522
 EAMBER (non-restraint)  =    -43413.0659
 ------------------------------------------------------------------------------

wrapping first mol.:       20.26984       28.66588       49.65075
wrapping first mol.:       20.26984       28.66588       49.65075

 NSTEP =    47500   TIME(PS) =    1635.000  TEMP(K) =   297.55  PRESS =     0.0
 Etot   =    -34227.0301  EKtot   =      9028.4990  EPtot      =    -43255.5291
 BOND   =       348.9354  ANGLE   =      1029.9805  DIHED      =      1359.7528
 1-4 NB =       446.8224  1-4 EEL =      6311.6419  VDWAALS    =      4795.6246
 EELEC  =    -57619.9420  EHBOND  =         0.0000  RESTRAINT  =        71.6554
 EAMBER (non-restraint)  =    -43327.1845
 ------------------------------------------------------------------------------

wrapping first mol.:       20.26984       28.66588       49.65075
wrapping first mol.:       20.26984       28.66588       49.65075

 NSTEP =    48000   TIME(PS) =    1636.000  TEMP(K) =   298.81  PRESS =     0.0
 Etot   =    -34128.3457  EKtot   =      9066.7520  EPtot      =    -43195.0977
 BOND   =       345.6182  ANGLE   =      1047.2747  DIHED      =      1340.3704
 1-4 NB =       438.6128  1-4 EEL =      6301.4894  VDWAALS    =      4877.8696
 EELEC  =    -57601.8409  EHBOND  =         0.0000  RESTRAINT  =        55.5082
 EAMBER (non-restraint)  =    -43250.6058
 ------------------------------------------------------------------------------

wrapping first mol.:       20.26984       28.66588       49.65075
wrapping first mol.:       20.26984       28.66588       49.65075

 NSTEP =    48500   TIME(PS) =    1637.000  TEMP(K) =   302.04  PRESS =     0.0
 Etot   =    -34121.9712  EKtot   =      9164.7207  EPtot      =    -43286.6919
 BOND   =       355.5434  ANGLE   =      1086.8565  DIHED      =      1337.4551
 1-4 NB =       440.9069  1-4 EEL =      6276.4810  VDWAALS    =      4680.6095
 EELEC  =    -57530.8700  EHBOND  =         0.0000  RESTRAINT  =        66.3257
 EAMBER (non-restraint)  =    -43353.0176
 ------------------------------------------------------------------------------

wrapping first mol.:       20.26984       28.66588       49.65075
wrapping first mol.:       20.26984       28.66588       49.65075

 NSTEP =    49000   TIME(PS) =    1638.000  TEMP(K) =   297.61  PRESS =     0.0
 Etot   =    -34352.5993  EKtot   =      9030.1152  EPtot      =    -43382.7145
 BOND   =       345.3592  ANGLE   =      1045.7852  DIHED      =      1340.3910
 1-4 NB =       444.8208  1-4 EEL =      6251.0543  VDWAALS    =      4625.0913
 EELEC  =    -57497.5369  EHBOND  =         0.0000  RESTRAINT  =        62.3206
 EAMBER (non-restraint)  =    -43445.0351
 ------------------------------------------------------------------------------

wrapping first mol.:       20.26984       28.66588       49.65075
wrapping first mol.:       20.26984       28.66588       49.65075

 NSTEP =    49500   TIME(PS) =    1639.000  TEMP(K) =   296.39  PRESS =     0.0
 Etot   =    -34295.6549  EKtot   =      8993.2637  EPtot      =    -43288.9185
 BOND   =       373.7575  ANGLE   =      1058.1426  DIHED      =      1344.8287
 1-4 NB =       442.2253  1-4 EEL =      6256.3276  VDWAALS    =      4702.3956
 EELEC  =    -57522.5344  EHBOND  =         0.0000  RESTRAINT  =        55.9386
 EAMBER (non-restraint)  =    -43344.8571
 ------------------------------------------------------------------------------

wrapping first mol.:       20.26984       28.66588       49.65075
wrapping first mol.:       20.26984       28.66588       49.65075

 NSTEP =    50000   TIME(PS) =    1640.000  TEMP(K) =   297.14  PRESS =     0.0
 Etot   =    -34316.6218  EKtot   =      9016.0342  EPtot      =    -43332.6560
 BOND   =       325.6251  ANGLE   =      1043.3336  DIHED      =      1328.8271
 1-4 NB =       458.9485  1-4 EEL =      6279.3966  VDWAALS    =      4840.8291
 EELEC  =    -57674.4232  EHBOND  =         0.0000  RESTRAINT  =        64.8073
 EAMBER (non-restraint)  =    -43397.4633
 ------------------------------------------------------------------------------


      A V E R A G E S   O V E R     100 S T E P S


 NSTEP =    50000   TIME(PS) =    1640.000  TEMP(K) =   299.25  PRESS =     0.0
 Etot   =    -34197.3365  EKtot   =      9079.9551  EPtot      =    -43277.2916
 BOND   =       349.2005  ANGLE   =      1053.5396  DIHED      =      1346.9893
 1-4 NB =       442.7215  1-4 EEL =      6278.8104  VDWAALS    =      4724.3585
 EELEC  =    -57533.3927  EHBOND  =         0.0000  RESTRAINT  =        60.4814
 EAMBER (non-restraint)  =    -43337.7730
 ------------------------------------------------------------------------------


      R M S  F L U C T U A T I O N S


 NSTEP =    50000   TIME(PS) =    1640.000  TEMP(K) =     2.27  PRESS =     0.0
 Etot   =       124.4745  EKtot   =        68.8024  EPtot      =        96.0888
 BOND   =        16.0001  ANGLE   =        22.9195  DIHED      =        11.6454
 1-4 NB =         8.3403  1-4 EEL =        20.9562  VDWAALS    =       109.1199
 EELEC  =       163.0388  EHBOND  =         0.0000  RESTRAINT  =         4.7199
 EAMBER (non-restraint)  =        91.3688
 ------------------------------------------------------------------------------

--------------------------------------------------------------------------------
   5.  TIMINGS
--------------------------------------------------------------------------------

|  NonSetup CPU Time in Major Routines:
|
|     Routine           Sec        %
|     ------------------------------
|     Nonbond          12.13   32.81
|     Bond              0.00    0.00
|     Angle             0.00    0.00
|     Dihedral          0.00    0.00
|     Shake             0.79    2.13
|     RunMD            23.96   64.82
|     Other             0.09    0.24
|     ------------------------------
|     Total            36.96

|  PME Nonbond Pairlist CPU Time:
|
|     Routine              Sec        %
|     ---------------------------------
|     Set Up Cit           0.00    0.00
|     Build List           0.00    0.00
|     ---------------------------------
|     Total                0.00    0.00

|  PME Direct Force CPU Time:
|
|     Routine              Sec        %
|     ---------------------------------
|     NonBonded Calc       0.00    0.00
|     Exclude Masked       0.00    0.00
|     Other                0.03    0.09
|     ---------------------------------
|     Total                0.03    0.09

|  PME Reciprocal Force CPU Time:
|
|     Routine              Sec        %
|     ---------------------------------
|     1D bspline           0.00    0.00
|     Grid Charges         0.00    0.00
|     Scalar Sum           0.00    0.00
|     Gradient Sum         0.00    0.00
|     FFT                  0.00    0.00
|     ---------------------------------
|     Total                0.00    0.00

|  Final Performance Info:
|     -----------------------------------------------------
|     Average timings for last   49500 steps:
|     Elapsed(s) =      36.63 Per Step(ms) =       0.74
|         ns/day =     233.54   seconds/ns =     369.95
|
|     Average timings for all steps:
|     Elapsed(s) =      37.04 Per Step(ms) =       0.74
|         ns/day =     233.24   seconds/ns =     370.43
|     -----------------------------------------------------

|  Setup CPU time:            1.60 seconds
|  NonSetup CPU time:        36.96 seconds
|  Total CPU time:           38.56 seconds     0.01 hours

|  Setup wall time:           2    seconds
|  NonSetup wall time:       37    seconds
|  Total wall time:          39    seconds     0.01 hours
