
          -------------------------------------------------------
          Amber 16 PMEMD                              2016
          -------------------------------------------------------

| PMEMD implementation of SANDER, Release 16

| Run on 11/06/2017 at 12:42:37

|   Executable path: /apps/amber16/bin/pmemd.cuda
| Working directory: /home/pbarletta
|          Hostname: mordor

  [-O]verwriting output

File Assignments:
|   MDIN: /scratch/pbarletta/cph_obp/run/apo/mhe/e/20equ.in                     
|  MDOUT: /scratch/pbarletta/cph_obp/run/apo/mhe/e/20equ.out                    
| INPCRD: /scratch/pbarletta/cph_obp/run/apo/mhe/e/19eapo.rst7                  
|   PARM: /scratch/pbarletta/cph_obp/top_files/apo.prmtop                       
| RESTRT: /scratch/pbarletta/cph_obp/run/apo/mhe/e/20eapo.rst7                  
|   REFC: /scratch/pbarletta/cph_obp/run/apo/mhe/e/19eapo.rst7                  
|  MDVEL: mdvel                                                                 
|   MDEN: mden                                                                  
|  MDCRD: /scratch/pbarletta/cph_obp/run/apo/mhe/e/20eapo.nc                    
| MDINFO: mdinfo                                                                
|  MDFRC: mdfrc                                                                 


 Here is the input file:

Equilibration with solute restrictions                                         
&cntrl                                                                         
imin = 0,                           ! No Minimization                          
nmropt = 0,                         ! No NMR restraints read                   
                                                                               
! Nature and format of the input                                               
ntx = 5,                            ! Coordinates but no velocities will be rea
irest = 1,                          ! Do not run a new simulation              
                                                                               
! Nature and format of the output                                              
ntxo = 1,                           ! rstrt file in ASCII format               
ntpr = 500,                         ! inf in output every ntpr steps           
ntwr = 500,                         ! rstrt file every ntwr steps              
ntwx = 500,                         ! mdcrd file every ntwx steps              
ntwv = 0,                           ! mdvel without velocities                 
ntwe = 0,                           ! Energies and temperatures not written in 
idecomp = 0,                        ! No energy decomposition                  
iwrap = 1,                          ! Coordinates of the restart and mdcrd file
                                                                               
! Frozen or restrained atoms                                                   
ibelly = 0,                         ! No frozen atoms                          
ntr=1,                              ! Harmonic potential restraints            
restraint_wt = 0.4,                ! The weight for the positional restraints  
restraintmask = ':1-119@N,CA,C,O',  ! restrained residues                      
                                                                               
! Molecular dynamics                                                           
nstlim = 50000,                     ! Number of MD-steps                       
dt = 0.002,                         ! Time step                                
                                                                               
! Temperature regulation                                                       
ntt = 3,                            ! Langevin thermostat                      
gamma_ln = 5,                       ! Gamma constant for Langevin              
temp0 = 300.0,                      ! Reference T at which the system is to be 
tempi = 300.0,                      ! Initial T                                
ig = -1,                            ! Seed for the RNG                         
                                                                               
! P and V regulation                                                           
ntp = 0,                            ! No pressure control                      
ntb = 1,                            ! Periodic box for constant V              
                                                                               
! SHAKE variables                                                              
ntc = 2,                            ! Bonds involving H are constrained        
ntf = 2,                            ! Bond interaction involving H are ommited.
                                                                               
cut = 10.0,                         ! Nonbonded cutoff                         
                                                                               
/                                                                              
&end                                                                           


Note: ig = -1. Setting random seed to   606931 based on wallclock time in 
      microseconds.
| irandom = 1, using AMBER's internal random number generator (default).
 
|--------------------- INFORMATION ----------------------
| GPU (CUDA) Version of PMEMD in use: NVIDIA GPU IN USE.
|                    Version 16.0.0
| 
|                      02/25/2016
| 
| Implementation by:
|                    Ross C. Walker     (SDSC)
|                    Scott Le Grand     (nVIDIA)
| 
| Precision model in use:
|      [SPFP] - Single Precision Forces, 64-bit Fixed Point
|               Accumulation. (Default)
| 
|--------------------------------------------------------
 
|----------------- CITATION INFORMATION -----------------
|
|    When publishing work that utilized the CUDA version
|    of AMBER, please cite the following in addition to
|    the regular AMBER citations:
|
|  - Romelia Salomon-Ferrer; Andreas W. Goetz; Duncan
|    Poole; Scott Le Grand; Ross C. Walker "Routine
|    microsecond molecular dynamics simulations with
|    AMBER - Part II: Particle Mesh Ewald", J. Chem.
|    Theory Comput., 2013, 9 (9), pp3878-3888,
|    DOI: 10.1021/ct400314y.
|
|  - Andreas W. Goetz; Mark J. Williamson; Dong Xu;
|    Duncan Poole; Scott Le Grand; Ross C. Walker
|    "Routine microsecond molecular dynamics simulations
|    with AMBER - Part I: Generalized Born", J. Chem.
|    Theory Comput., 2012, 8 (5), pp1542-1555.
|
|  - Scott Le Grand; Andreas W. Goetz; Ross C. Walker
|    "SPFP: Speed without compromise - a mixed precision
|    model for GPU accelerated molecular dynamics
|    simulations.", Comp. Phys. Comm., 2013, 184
|    pp374-380, DOI: 10.1016/j.cpc.2012.09.022
|
|--------------------------------------------------------
 
|------------------- GPU DEVICE INFO --------------------
|
|            CUDA_VISIBLE_DEVICES: 3
|   CUDA Capable Devices Detected:      1
|           CUDA Device ID in use:      0
|                CUDA Device Name: GeForce GTX 1080 Ti
|     CUDA Device Global Mem Size:  11172 MB
| CUDA Device Num Multiprocessors:     28
|           CUDA Device Core Freq:   1.58 GHz
|
|--------------------------------------------------------
 
 
| Conditional Compilation Defines Used:
| PUBFFT
| BINTRAJ
| CUDA
| EMIL

| Largest sphere to fit in unit cell has radius =    24.825

| New format PARM file being parsed.
| Version =    1.000 Date = 11/06/17 Time = 09:43:47

| Note: 1-4 EEL scale factors are being read from the topology file.

| Note: 1-4 VDW scale factors are being read from the topology file.
| Duplicated    0 dihedrals

| Duplicated    0 dihedrals

--------------------------------------------------------------------------------
   1.  RESOURCE   USE: 
--------------------------------------------------------------------------------

 getting new box info from bottom of inpcrd
 NATOM  =   14797 NTYPES =      17 NBONH =   13853 MBONA  =     953
 NTHETH =    2337 MTHETA =    1282 NPHIH =    4475 MPHIA  =    3254
 NHPARM =       0 NPARM  =       0 NNB   =   28051 NRES   =    4390
 NBONA  =     953 NTHETA =    1282 NPHIA =    3254 NUMBND =      42
 NUMANG =      92 NPTRA  =      39 NATYP =      28 NPHB   =       1
 IFBOX  =       2 NMXRS  =      24 IFCAP =       0 NEXTRA =       0
 NCOPY  =       0

| Coordinate Index Table dimensions:     9    9    9
| Direct force subcell size =     6.7566    6.7566    6.7566

     BOX TYPE: TRUNCATED OCTAHEDRON

--------------------------------------------------------------------------------
   2.  CONTROL  DATA  FOR  THE  RUN
--------------------------------------------------------------------------------

default_name                                                                    

General flags:
     imin    =       0, nmropt  =       0

Nature and format of input:
     ntx     =       5, irest   =       1, ntrx    =       1

Nature and format of output:
     ntxo    =       1, ntpr    =     500, ntrx    =       1, ntwr    =     500
     iwrap   =       1, ntwx    =     500, ntwv    =       0, ntwe    =       0
     ioutfm  =       1, ntwprt  =       0, idecomp =       0, rbornstat=      0

Potential function:
     ntf     =       2, ntb     =       1, igb     =       0, nsnb    =      25
     ipol    =       0, gbsa    =       0, iesp    =       0
     dielc   =   1.00000, cut     =  10.00000, intdiel =   1.00000

Frozen or restrained atoms:
     ibelly  =       0, ntr     =       1
     restraint_wt =   0.40000

Molecular dynamics:
     nstlim  =     50000, nscm    =         0, nrespa  =         1
     t       =   0.00000, dt      =   0.00200, vlimit  =  -1.00000

Langevin dynamics temperature regulation:
     ig      =  606931
     temp0   = 300.00000, tempi   = 300.00000, gamma_ln=   5.00000

SHAKE:
     ntc     =       2, jfastw  =       0
     tol     =   0.00001

| Intermolecular bonds treatment:
|     no_intermolecular_bonds =       1

| Energy averages sample interval:
|     ene_avg_sampling =     500

Ewald parameters:
     verbose =       0, ew_type =       0, nbflag  =       1, use_pme =       1
     vdwmeth =       1, eedmeth =       1, netfrc  =       1
     Box X =   60.810   Box Y =   60.810   Box Z =   60.810
     Alpha =  109.471   Beta  =  109.471   Gamma =  109.471
     NFFT1 =   64       NFFT2 =   64       NFFT3 =   64
     Cutoff=   10.000   Tol   =0.100E-04
     Ewald Coefficient =  0.27511
     Interpolation order =    4

    LOADING THE CONSTRAINED ATOMS AS GROUPS


   5.  REFERENCE ATOM COORDINATES

  default_name                                                                    
     Mask :1-119@N,CA,C,O; matches   476 atoms

--------------------------------------------------------------------------------
   3.  ATOMIC COORDINATES AND VELOCITIES
--------------------------------------------------------------------------------

default_name                                                                    
 begin time read from input coords =  2040.000 ps

 
 Number of triangulated 3-point waters found:     4270

     Sum of charges from parm topology file =  -0.00000006
     Forcing neutrality...

| Dynamic Memory, Types Used:
| Reals              574581
| Integers           547196

| Nonbonded Pairs Initial Allocation:     4475722

| GPU memory information (estimate):
| KB of GPU memory in use:    140885
| KB of CPU memory in use:     29237

--------------------------------------------------------------------------------
   4.  RESULTS
--------------------------------------------------------------------------------

 ---------------------------------------------------
 APPROXIMATING switch and d/dx switch using CUBIC SPLINE INTERPOLATION
 using   5000.0 points per unit in tabled values
 TESTING RELATIVE ERROR over r ranging from 0.0 to cutoff
| CHECK switch(x): max rel err =   0.2738E-14   at   2.422500
| CHECK d/dx switch(x): max rel err =   0.8314E-11   at   2.736960
 ---------------------------------------------------
|---------------------------------------------------
| APPROXIMATING direct energy using CUBIC SPLINE INTERPOLATION
|  with   50.0 points per unit in tabled values
| Relative Error Limit not exceeded for r .gt.   2.33
| APPROXIMATING direct force using CUBIC SPLINE INTERPOLATION
|  with   50.0 points per unit in tabled values
| Relative Error Limit not exceeded for r .gt.   2.80
|---------------------------------------------------
wrapping first mol.:       20.26984       28.66588       49.65075
wrapping first mol.:       20.26984       28.66588       49.65075

 NSTEP =      500   TIME(PS) =    2041.000  TEMP(K) =   299.02  PRESS =     0.0
 Etot   =    -34392.9097  EKtot   =      9072.9502  EPtot      =    -43465.8599
 BOND   =       355.4250  ANGLE   =      1072.5784  DIHED      =      1344.0477
 1-4 NB =       426.6434  1-4 EEL =      6265.6724  VDWAALS    =      4788.8776
 EELEC  =    -57741.5123  EHBOND  =         0.0000  RESTRAINT  =        22.4079
 EAMBER (non-restraint)  =    -43488.2678
 ------------------------------------------------------------------------------

wrapping first mol.:       20.26984       28.66588       49.65075
wrapping first mol.:       20.26984       28.66588       49.65075

 NSTEP =     1000   TIME(PS) =    2042.000  TEMP(K) =   300.18  PRESS =     0.0
 Etot   =    -34084.1429  EKtot   =      9108.2773  EPtot      =    -43192.4203
 BOND   =       373.1837  ANGLE   =      1044.7207  DIHED      =      1323.3337
 1-4 NB =       446.5608  1-4 EEL =      6289.4874  VDWAALS    =      4847.6740
 EELEC  =    -57542.8114  EHBOND  =         0.0000  RESTRAINT  =        25.4309
 EAMBER (non-restraint)  =    -43217.8512
 ------------------------------------------------------------------------------

wrapping first mol.:       20.26984       28.66588       49.65075
wrapping first mol.:       20.26984       28.66588       49.65075

 NSTEP =     1500   TIME(PS) =    2043.000  TEMP(K) =   300.30  PRESS =     0.0
 Etot   =    -34138.8711  EKtot   =      9111.8652  EPtot      =    -43250.7363
 BOND   =       359.7374  ANGLE   =      1051.1761  DIHED      =      1343.2361
 1-4 NB =       459.3931  1-4 EEL =      6289.9270  VDWAALS    =      4739.1485
 EELEC  =    -57520.0703  EHBOND  =         0.0000  RESTRAINT  =        26.7159
 EAMBER (non-restraint)  =    -43277.4522
 ------------------------------------------------------------------------------

wrapping first mol.:       20.26984       28.66588       49.65075
wrapping first mol.:       20.26984       28.66588       49.65075

 NSTEP =     2000   TIME(PS) =    2044.000  TEMP(K) =   301.46  PRESS =     0.0
 Etot   =    -34258.3220  EKtot   =      9146.9258  EPtot      =    -43405.2478
 BOND   =       380.4142  ANGLE   =      1045.6027  DIHED      =      1342.2470
 1-4 NB =       424.5857  1-4 EEL =      6260.5922  VDWAALS    =      4698.0244
 EELEC  =    -57579.4261  EHBOND  =         0.0000  RESTRAINT  =        22.7122
 EAMBER (non-restraint)  =    -43427.9600
 ------------------------------------------------------------------------------

wrapping first mol.:       20.26984       28.66588       49.65075
wrapping first mol.:       20.26984       28.66588       49.65075

 NSTEP =     2500   TIME(PS) =    2045.000  TEMP(K) =   296.09  PRESS =     0.0
 Etot   =    -34433.5884  EKtot   =      8984.1377  EPtot      =    -43417.7261
 BOND   =       351.4778  ANGLE   =      1083.5833  DIHED      =      1339.5541
 1-4 NB =       446.3018  1-4 EEL =      6248.9066  VDWAALS    =      4810.0177
 EELEC  =    -57725.0056  EHBOND  =         0.0000  RESTRAINT  =        27.4381
 EAMBER (non-restraint)  =    -43445.1642
 ------------------------------------------------------------------------------

wrapping first mol.:       20.26984       28.66588       49.65075
wrapping first mol.:       20.26984       28.66588       49.65075

 NSTEP =     3000   TIME(PS) =    2046.000  TEMP(K) =   298.16  PRESS =     0.0
 Etot   =    -34489.4982  EKtot   =      9046.9648  EPtot      =    -43536.4630
 BOND   =       349.8934  ANGLE   =      1057.6742  DIHED      =      1345.5496
 1-4 NB =       445.4397  1-4 EEL =      6285.8913  VDWAALS    =      4872.7784
 EELEC  =    -57922.8021  EHBOND  =         0.0000  RESTRAINT  =        29.1125
 EAMBER (non-restraint)  =    -43565.5755
 ------------------------------------------------------------------------------

wrapping first mol.:       20.26984       28.66588       49.65075
wrapping first mol.:       20.26984       28.66588       49.65075

 NSTEP =     3500   TIME(PS) =    2047.000  TEMP(K) =   294.42  PRESS =     0.0
 Etot   =    -34337.8088  EKtot   =      8933.4873  EPtot      =    -43271.2961
 BOND   =       350.4569  ANGLE   =      1038.8564  DIHED      =      1350.6249
 1-4 NB =       438.6739  1-4 EEL =      6291.7246  VDWAALS    =      4723.7064
 EELEC  =    -57491.5693  EHBOND  =         0.0000  RESTRAINT  =        26.2301
 EAMBER (non-restraint)  =    -43297.5262
 ------------------------------------------------------------------------------

wrapping first mol.:       20.26984       28.66588       49.65075
wrapping first mol.:       20.26984       28.66588       49.65075

 NSTEP =     4000   TIME(PS) =    2048.000  TEMP(K) =   300.47  PRESS =     0.0
 Etot   =    -34324.6765  EKtot   =      9117.0557  EPtot      =    -43441.7322
 BOND   =       362.3873  ANGLE   =      1089.2738  DIHED      =      1341.7408
 1-4 NB =       441.6267  1-4 EEL =      6234.6629  VDWAALS    =      4639.7189
 EELEC  =    -57575.9250  EHBOND  =         0.0000  RESTRAINT  =        24.7824
 EAMBER (non-restraint)  =    -43466.5146
 ------------------------------------------------------------------------------

wrapping first mol.:       20.26984       28.66588       49.65075
wrapping first mol.:       20.26984       28.66588       49.65075

 NSTEP =     4500   TIME(PS) =    2049.000  TEMP(K) =   301.87  PRESS =     0.0
 Etot   =    -34165.2669  EKtot   =      9159.6055  EPtot      =    -43324.8724
 BOND   =       356.3351  ANGLE   =      1081.6604  DIHED      =      1349.0881
 1-4 NB =       432.7737  1-4 EEL =      6262.9281  VDWAALS    =      4839.3724
 EELEC  =    -57670.0695  EHBOND  =         0.0000  RESTRAINT  =        23.0393
 EAMBER (non-restraint)  =    -43347.9117
 ------------------------------------------------------------------------------

wrapping first mol.:       20.26984       28.66588       49.65075
wrapping first mol.:       20.26984       28.66588       49.65075

 NSTEP =     5000   TIME(PS) =    2050.000  TEMP(K) =   300.24  PRESS =     0.0
 Etot   =    -34114.1872  EKtot   =      9109.8779  EPtot      =    -43224.0651
 BOND   =       344.5068  ANGLE   =      1030.2700  DIHED      =      1328.5882
 1-4 NB =       461.6076  1-4 EEL =      6288.0753  VDWAALS    =      4705.9766
 EELEC  =    -57411.0811  EHBOND  =         0.0000  RESTRAINT  =        27.9916
 EAMBER (non-restraint)  =    -43252.0567
 ------------------------------------------------------------------------------

wrapping first mol.:       20.26984       28.66588       49.65075
wrapping first mol.:       20.26984       28.66588       49.65075

 NSTEP =     5500   TIME(PS) =    2051.000  TEMP(K) =   303.17  PRESS =     0.0
 Etot   =    -34216.6472  EKtot   =      9199.0430  EPtot      =    -43415.6901
 BOND   =       344.9296  ANGLE   =      1028.3035  DIHED      =      1333.1468
 1-4 NB =       440.1810  1-4 EEL =      6294.5379  VDWAALS    =      4864.3057
 EELEC  =    -57745.3861  EHBOND  =         0.0000  RESTRAINT  =        24.2915
 EAMBER (non-restraint)  =    -43439.9816
 ------------------------------------------------------------------------------

wrapping first mol.:       20.26984       28.66588       49.65075
wrapping first mol.:       20.26984       28.66588       49.65075

 NSTEP =     6000   TIME(PS) =    2052.000  TEMP(K) =   299.87  PRESS =     0.0
 Etot   =    -34105.8135  EKtot   =      9098.9316  EPtot      =    -43204.7451
 BOND   =       354.3278  ANGLE   =      1107.4151  DIHED      =      1337.2129
 1-4 NB =       450.5846  1-4 EEL =      6288.5769  VDWAALS    =      4809.1421
 EELEC  =    -57582.6652  EHBOND  =         0.0000  RESTRAINT  =        30.6607
 EAMBER (non-restraint)  =    -43235.4058
 ------------------------------------------------------------------------------

wrapping first mol.:       20.26984       28.66588       49.65075
wrapping first mol.:       20.26984       28.66588       49.65075

 NSTEP =     6500   TIME(PS) =    2053.000  TEMP(K) =   302.16  PRESS =     0.0
 Etot   =    -34132.0259  EKtot   =      9168.3271  EPtot      =    -43300.3530
 BOND   =       335.5780  ANGLE   =      1028.0411  DIHED      =      1341.5008
 1-4 NB =       436.1740  1-4 EEL =      6258.8714  VDWAALS    =      4712.7579
 EELEC  =    -57442.8314  EHBOND  =         0.0000  RESTRAINT  =        29.5552
 EAMBER (non-restraint)  =    -43329.9082
 ------------------------------------------------------------------------------

wrapping first mol.:       20.26984       28.66588       49.65075
wrapping first mol.:       20.26984       28.66588       49.65075

 NSTEP =     7000   TIME(PS) =    2054.000  TEMP(K) =   302.70  PRESS =     0.0
 Etot   =    -34145.2951  EKtot   =      9184.6836  EPtot      =    -43329.9786
 BOND   =       368.4143  ANGLE   =      1041.1157  DIHED      =      1343.7425
 1-4 NB =       436.8946  1-4 EEL =      6277.8614  VDWAALS    =      4495.9999
 EELEC  =    -57324.3426  EHBOND  =         0.0000  RESTRAINT  =        30.3354
 EAMBER (non-restraint)  =    -43360.3141
 ------------------------------------------------------------------------------

wrapping first mol.:       20.26984       28.66588       49.65075
wrapping first mol.:       20.26984       28.66588       49.65075

 NSTEP =     7500   TIME(PS) =    2055.000  TEMP(K) =   302.73  PRESS =     0.0
 Etot   =    -33946.5305  EKtot   =      9185.4268  EPtot      =    -43131.9572
 BOND   =       350.3791  ANGLE   =      1124.3025  DIHED      =      1359.5850
 1-4 NB =       436.9022  1-4 EEL =      6270.5618  VDWAALS    =      4779.4091
 EELEC  =    -57482.4344  EHBOND  =         0.0000  RESTRAINT  =        29.3374
 EAMBER (non-restraint)  =    -43161.2946
 ------------------------------------------------------------------------------

wrapping first mol.:       20.26984       28.66588       49.65075
wrapping first mol.:       20.26984       28.66588       49.65075

 NSTEP =     8000   TIME(PS) =    2056.000  TEMP(K) =   300.19  PRESS =     0.0
 Etot   =    -34204.8562  EKtot   =      9108.5605  EPtot      =    -43313.4168
 BOND   =       349.7278  ANGLE   =      1068.0302  DIHED      =      1321.1506
 1-4 NB =       449.3538  1-4 EEL =      6288.7643  VDWAALS    =      4805.5951
 EELEC  =    -57631.7453  EHBOND  =         0.0000  RESTRAINT  =        35.7068
 EAMBER (non-restraint)  =    -43349.1236
 ------------------------------------------------------------------------------

wrapping first mol.:       20.26984       28.66588       49.65075
wrapping first mol.:       20.26984       28.66588       49.65075

 NSTEP =     8500   TIME(PS) =    2057.000  TEMP(K) =   298.77  PRESS =     0.0
 Etot   =    -34258.1505  EKtot   =      9065.4512  EPtot      =    -43323.6017
 BOND   =       339.7667  ANGLE   =      1053.4427  DIHED      =      1332.3429
 1-4 NB =       449.6168  1-4 EEL =      6302.0376  VDWAALS    =      4867.1633
 EELEC  =    -57698.0962  EHBOND  =         0.0000  RESTRAINT  =        30.1245
 EAMBER (non-restraint)  =    -43353.7262
 ------------------------------------------------------------------------------

wrapping first mol.:       20.26984       28.66588       49.65075
wrapping first mol.:       20.26984       28.66588       49.65075

 NSTEP =     9000   TIME(PS) =    2058.000  TEMP(K) =   294.45  PRESS =     0.0
 Etot   =    -34243.3146  EKtot   =      8934.2070  EPtot      =    -43177.5216
 BOND   =       337.3383  ANGLE   =      1029.1250  DIHED      =      1333.7714
 1-4 NB =       453.8494  1-4 EEL =      6304.5737  VDWAALS    =      4677.1711
 EELEC  =    -57342.7117  EHBOND  =         0.0000  RESTRAINT  =        29.3611
 EAMBER (non-restraint)  =    -43206.8827
 ------------------------------------------------------------------------------

wrapping first mol.:       20.26984       28.66588       49.65075
wrapping first mol.:       20.26984       28.66588       49.65075

 NSTEP =     9500   TIME(PS) =    2059.000  TEMP(K) =   299.53  PRESS =     0.0
 Etot   =    -34174.5747  EKtot   =      9088.3955  EPtot      =    -43262.9703
 BOND   =       362.0762  ANGLE   =      1045.7390  DIHED      =      1341.5981
 1-4 NB =       464.8397  1-4 EEL =      6271.9239  VDWAALS    =      4785.4052
 EELEC  =    -57561.5622  EHBOND  =         0.0000  RESTRAINT  =        27.0099
 EAMBER (non-restraint)  =    -43289.9802
 ------------------------------------------------------------------------------

wrapping first mol.:       20.26984       28.66588       49.65075
wrapping first mol.:       20.26984       28.66588       49.65075

 NSTEP =    10000   TIME(PS) =    2060.000  TEMP(K) =   305.28  PRESS =     0.0
 Etot   =    -34148.6988  EKtot   =      9263.0801  EPtot      =    -43411.7788
 BOND   =       349.7947  ANGLE   =      1088.8231  DIHED      =      1343.5799
 1-4 NB =       435.9937  1-4 EEL =      6283.1508  VDWAALS    =      4709.1876
 EELEC  =    -57654.3843  EHBOND  =         0.0000  RESTRAINT  =        32.0757
 EAMBER (non-restraint)  =    -43443.8545
 ------------------------------------------------------------------------------

wrapping first mol.:       20.26984       28.66588       49.65075
wrapping first mol.:       20.26984       28.66588       49.65075

 NSTEP =    10500   TIME(PS) =    2061.000  TEMP(K) =   300.78  PRESS =     0.0
 Etot   =    -34116.8988  EKtot   =      9126.4844  EPtot      =    -43243.3832
 BOND   =       342.0725  ANGLE   =      1080.6739  DIHED      =      1326.1675
 1-4 NB =       456.6213  1-4 EEL =      6284.3357  VDWAALS    =      4646.8278
 EELEC  =    -57409.1401  EHBOND  =         0.0000  RESTRAINT  =        29.0581
 EAMBER (non-restraint)  =    -43272.4413
 ------------------------------------------------------------------------------

wrapping first mol.:       20.26984       28.66588       49.65075
wrapping first mol.:       20.26984       28.66588       49.65075

 NSTEP =    11000   TIME(PS) =    2062.000  TEMP(K) =   298.29  PRESS =     0.0
 Etot   =    -34291.0553  EKtot   =      9050.8936  EPtot      =    -43341.9489
 BOND   =       344.4228  ANGLE   =      1034.1555  DIHED      =      1326.2071
 1-4 NB =       441.7678  1-4 EEL =      6307.9276  VDWAALS    =      4820.7742
 EELEC  =    -57643.6661  EHBOND  =         0.0000  RESTRAINT  =        26.4622
 EAMBER (non-restraint)  =    -43368.4110
 ------------------------------------------------------------------------------

wrapping first mol.:       20.26984       28.66588       49.65075
wrapping first mol.:       20.26984       28.66588       49.65075

 NSTEP =    11500   TIME(PS) =    2063.000  TEMP(K) =   296.49  PRESS =     0.0
 Etot   =    -34256.1769  EKtot   =      8996.1982  EPtot      =    -43252.3751
 BOND   =       372.4103  ANGLE   =      1078.1617  DIHED      =      1344.1171
 1-4 NB =       434.3194  1-4 EEL =      6289.2128  VDWAALS    =      4825.8445
 EELEC  =    -57623.7297  EHBOND  =         0.0000  RESTRAINT  =        27.2887
 EAMBER (non-restraint)  =    -43279.6639
 ------------------------------------------------------------------------------

wrapping first mol.:       20.26984       28.66588       49.65075
wrapping first mol.:       20.26984       28.66588       49.65075

 NSTEP =    12000   TIME(PS) =    2064.000  TEMP(K) =   302.24  PRESS =     0.0
 Etot   =    -34115.7257  EKtot   =      9170.8164  EPtot      =    -43286.5421
 BOND   =       363.3916  ANGLE   =      1061.3160  DIHED      =      1330.0256
 1-4 NB =       439.5437  1-4 EEL =      6260.0458  VDWAALS    =      4846.4462
 EELEC  =    -57614.3059  EHBOND  =         0.0000  RESTRAINT  =        26.9948
 EAMBER (non-restraint)  =    -43313.5369
 ------------------------------------------------------------------------------

wrapping first mol.:       20.26984       28.66588       49.65075
wrapping first mol.:       20.26984       28.66588       49.65075

 NSTEP =    12500   TIME(PS) =    2065.000  TEMP(K) =   298.58  PRESS =     0.0
 Etot   =    -34129.3521  EKtot   =      9059.7520  EPtot      =    -43189.1041
 BOND   =       334.6794  ANGLE   =      1111.7654  DIHED      =      1360.5105
 1-4 NB =       441.7049  1-4 EEL =      6290.1586  VDWAALS    =      4821.0839
 EELEC  =    -57577.8238  EHBOND  =         0.0000  RESTRAINT  =        28.8170
 EAMBER (non-restraint)  =    -43217.9210
 ------------------------------------------------------------------------------

wrapping first mol.:       20.26984       28.66588       49.65075
wrapping first mol.:       20.26984       28.66588       49.65075

 NSTEP =    13000   TIME(PS) =    2066.000  TEMP(K) =   304.83  PRESS =     0.0
 Etot   =    -34167.6812  EKtot   =      9249.1865  EPtot      =    -43416.8677
 BOND   =       358.1433  ANGLE   =      1078.9099  DIHED      =      1320.9484
 1-4 NB =       437.8191  1-4 EEL =      6291.6885  VDWAALS    =      4862.4601
 EELEC  =    -57794.1221  EHBOND  =         0.0000  RESTRAINT  =        27.2850
 EAMBER (non-restraint)  =    -43444.1527
 ------------------------------------------------------------------------------

wrapping first mol.:       20.26984       28.66588       49.65075
wrapping first mol.:       20.26984       28.66588       49.65075

 NSTEP =    13500   TIME(PS) =    2067.000  TEMP(K) =   301.14  PRESS =     0.0
 Etot   =    -34051.6076  EKtot   =      9137.2354  EPtot      =    -43188.8429
 BOND   =       317.4724  ANGLE   =      1051.1364  DIHED      =      1356.4894
 1-4 NB =       445.1801  1-4 EEL =      6326.8325  VDWAALS    =      4612.7591
 EELEC  =    -57327.3799  EHBOND  =         0.0000  RESTRAINT  =        28.6671
 EAMBER (non-restraint)  =    -43217.5101
 ------------------------------------------------------------------------------

wrapping first mol.:       20.26984       28.66588       49.65075
wrapping first mol.:       20.26984       28.66588       49.65075

 NSTEP =    14000   TIME(PS) =    2068.000  TEMP(K) =   301.26  PRESS =     0.0
 Etot   =    -33965.3507  EKtot   =      9140.8291  EPtot      =    -43106.1798
 BOND   =       363.8990  ANGLE   =      1048.0076  DIHED      =      1347.2899
 1-4 NB =       446.0036  1-4 EEL =      6288.9464  VDWAALS    =      4690.6761
 EELEC  =    -57321.7252  EHBOND  =         0.0000  RESTRAINT  =        30.7228
 EAMBER (non-restraint)  =    -43136.9026
 ------------------------------------------------------------------------------

wrapping first mol.:       20.26984       28.66588       49.65075
wrapping first mol.:       20.26984       28.66588       49.65075

 NSTEP =    14500   TIME(PS) =    2069.000  TEMP(K) =   300.53  PRESS =     0.0
 Etot   =    -34105.6065  EKtot   =      9118.9512  EPtot      =    -43224.5577
 BOND   =       353.4737  ANGLE   =      1018.2615  DIHED      =      1348.9989
 1-4 NB =       451.9651  1-4 EEL =      6268.7411  VDWAALS    =      4733.0289
 EELEC  =    -57426.4991  EHBOND  =         0.0000  RESTRAINT  =        27.4722
 EAMBER (non-restraint)  =    -43252.0299
 ------------------------------------------------------------------------------

wrapping first mol.:       20.26984       28.66588       49.65075
wrapping first mol.:       20.26984       28.66588       49.65075

 NSTEP =    15000   TIME(PS) =    2070.000  TEMP(K) =   302.68  PRESS =     0.0
 Etot   =    -34204.8569  EKtot   =      9183.9404  EPtot      =    -43388.7974
 BOND   =       382.3985  ANGLE   =      1077.4827  DIHED      =      1342.6050
 1-4 NB =       443.4094  1-4 EEL =      6256.6140  VDWAALS    =      4776.8870
 EELEC  =    -57693.8722  EHBOND  =         0.0000  RESTRAINT  =        25.6783
 EAMBER (non-restraint)  =    -43414.4757
 ------------------------------------------------------------------------------

wrapping first mol.:       20.26984       28.66588       49.65075
wrapping first mol.:       20.26984       28.66588       49.65075

 NSTEP =    15500   TIME(PS) =    2071.000  TEMP(K) =   298.57  PRESS =     0.0
 Etot   =    -34263.9983  EKtot   =      9059.4824  EPtot      =    -43323.4807
 BOND   =       351.1663  ANGLE   =      1058.9943  DIHED      =      1319.0846
 1-4 NB =       457.2290  1-4 EEL =      6330.6869  VDWAALS    =      4820.2884
 EELEC  =    -57690.6481  EHBOND  =         0.0000  RESTRAINT  =        29.7178
 EAMBER (non-restraint)  =    -43353.1985
 ------------------------------------------------------------------------------

wrapping first mol.:       20.26984       28.66588       49.65075
wrapping first mol.:       20.26984       28.66588       49.65075

 NSTEP =    16000   TIME(PS) =    2072.000  TEMP(K) =   302.25  PRESS =     0.0
 Etot   =    -34056.7269  EKtot   =      9171.1309  EPtot      =    -43227.8578
 BOND   =       383.4513  ANGLE   =      1045.0264  DIHED      =      1350.2834
 1-4 NB =       432.8292  1-4 EEL =      6272.9739  VDWAALS    =      4924.7753
 EELEC  =    -57670.9789  EHBOND  =         0.0000  RESTRAINT  =        33.7815
 EAMBER (non-restraint)  =    -43261.6393
 ------------------------------------------------------------------------------

wrapping first mol.:       20.26984       28.66588       49.65075
wrapping first mol.:       20.26984       28.66588       49.65075

 NSTEP =    16500   TIME(PS) =    2073.000  TEMP(K) =   299.71  PRESS =     0.0
 Etot   =    -34164.4990  EKtot   =      9093.9238  EPtot      =    -43258.4229
 BOND   =       326.2613  ANGLE   =      1066.0115  DIHED      =      1337.4431
 1-4 NB =       449.8212  1-4 EEL =      6288.5461  VDWAALS    =      4649.5472
 EELEC  =    -57406.0690  EHBOND  =         0.0000  RESTRAINT  =        30.0159
 EAMBER (non-restraint)  =    -43288.4387
 ------------------------------------------------------------------------------

wrapping first mol.:       20.26984       28.66588       49.65075
wrapping first mol.:       20.26984       28.66588       49.65075

 NSTEP =    17000   TIME(PS) =    2074.000  TEMP(K) =   301.48  PRESS =     0.0
 Etot   =    -34145.8025  EKtot   =      9147.5537  EPtot      =    -43293.3562
 BOND   =       332.7986  ANGLE   =      1089.5379  DIHED      =      1342.0557
 1-4 NB =       449.9221  1-4 EEL =      6284.7046  VDWAALS    =      4570.8555
 EELEC  =    -57392.1424  EHBOND  =         0.0000  RESTRAINT  =        28.9116
 EAMBER (non-restraint)  =    -43322.2678
 ------------------------------------------------------------------------------

wrapping first mol.:       20.26984       28.66588       49.65075
wrapping first mol.:       20.26984       28.66588       49.65075

 NSTEP =    17500   TIME(PS) =    2075.000  TEMP(K) =   300.38  PRESS =     0.0
 Etot   =    -34334.0170  EKtot   =      9114.2129  EPtot      =    -43448.2299
 BOND   =       332.2190  ANGLE   =      1061.1504  DIHED      =      1325.7275
 1-4 NB =       458.7258  1-4 EEL =      6308.6806  VDWAALS    =      4590.1867
 EELEC  =    -57551.1115  EHBOND  =         0.0000  RESTRAINT  =        26.1917
 EAMBER (non-restraint)  =    -43474.4216
 ------------------------------------------------------------------------------

wrapping first mol.:       20.26984       28.66588       49.65075
wrapping first mol.:       20.26984       28.66588       49.65075

 NSTEP =    18000   TIME(PS) =    2076.000  TEMP(K) =   297.97  PRESS =     0.0
 Etot   =    -34318.4820  EKtot   =      9041.2402  EPtot      =    -43359.7222
 BOND   =       358.5965  ANGLE   =      1040.1409  DIHED      =      1349.9169
 1-4 NB =       437.0214  1-4 EEL =      6287.8997  VDWAALS    =      4807.6041
 EELEC  =    -57672.3045  EHBOND  =         0.0000  RESTRAINT  =        31.4026
 EAMBER (non-restraint)  =    -43391.1248
 ------------------------------------------------------------------------------

wrapping first mol.:       20.26984       28.66588       49.65075
wrapping first mol.:       20.26984       28.66588       49.65075

 NSTEP =    18500   TIME(PS) =    2077.000  TEMP(K) =   294.37  PRESS =     0.0
 Etot   =    -34387.1062  EKtot   =      8932.0342  EPtot      =    -43319.1403
 BOND   =       341.6021  ANGLE   =      1050.2249  DIHED      =      1349.8709
 1-4 NB =       443.7846  1-4 EEL =      6312.3422  VDWAALS    =      4668.7583
 EELEC  =    -57514.7748  EHBOND  =         0.0000  RESTRAINT  =        29.0513
 EAMBER (non-restraint)  =    -43348.1917
 ------------------------------------------------------------------------------

wrapping first mol.:       20.26984       28.66588       49.65075
wrapping first mol.:       20.26984       28.66588       49.65075

 NSTEP =    19000   TIME(PS) =    2078.000  TEMP(K) =   300.47  PRESS =     0.0
 Etot   =    -34077.4238  EKtot   =      9117.1348  EPtot      =    -43194.5585
 BOND   =       361.1515  ANGLE   =      1041.3636  DIHED      =      1329.5167
 1-4 NB =       442.4790  1-4 EEL =      6307.8778  VDWAALS    =      4610.8365
 EELEC  =    -57319.8156  EHBOND  =         0.0000  RESTRAINT  =        32.0319
 EAMBER (non-restraint)  =    -43226.5904
 ------------------------------------------------------------------------------

wrapping first mol.:       20.26984       28.66588       49.65075
wrapping first mol.:       20.26984       28.66588       49.65075

 NSTEP =    19500   TIME(PS) =    2079.000  TEMP(K) =   302.99  PRESS =     0.0
 Etot   =    -34259.9130  EKtot   =      9193.5400  EPtot      =    -43453.4531
 BOND   =       357.3123  ANGLE   =      1022.2590  DIHED      =      1338.7624
 1-4 NB =       439.0868  1-4 EEL =      6242.0713  VDWAALS    =      4854.7122
 EELEC  =    -57738.2930  EHBOND  =         0.0000  RESTRAINT  =        30.6360
 EAMBER (non-restraint)  =    -43484.0891
 ------------------------------------------------------------------------------

wrapping first mol.:       20.26984       28.66588       49.65075
wrapping first mol.:       20.26984       28.66588       49.65075

 NSTEP =    20000   TIME(PS) =    2080.000  TEMP(K) =   298.52  PRESS =     0.0
 Etot   =    -34404.8691  EKtot   =      9057.8652  EPtot      =    -43462.7344
 BOND   =       331.0872  ANGLE   =      1051.0922  DIHED      =      1330.1632
 1-4 NB =       439.6421  1-4 EEL =      6305.0498  VDWAALS    =      4858.3518
 EELEC  =    -57813.0464  EHBOND  =         0.0000  RESTRAINT  =        34.9258
 EAMBER (non-restraint)  =    -43497.6602
 ------------------------------------------------------------------------------

wrapping first mol.:       20.26984       28.66588       49.65075
wrapping first mol.:       20.26984       28.66588       49.65075

 NSTEP =    20500   TIME(PS) =    2081.000  TEMP(K) =   298.27  PRESS =     0.0
 Etot   =    -34153.1617  EKtot   =      9050.2891  EPtot      =    -43203.4508
 BOND   =       359.3577  ANGLE   =      1060.7315  DIHED      =      1337.7505
 1-4 NB =       433.0642  1-4 EEL =      6316.3071  VDWAALS    =      4749.9201
 EELEC  =    -57488.9273  EHBOND  =         0.0000  RESTRAINT  =        28.3453
 EAMBER (non-restraint)  =    -43231.7961
 ------------------------------------------------------------------------------

wrapping first mol.:       20.26984       28.66588       49.65075
wrapping first mol.:       20.26984       28.66588       49.65075

 NSTEP =    21000   TIME(PS) =    2082.000  TEMP(K) =   296.27  PRESS =     0.0
 Etot   =    -34471.9486  EKtot   =      8989.6699  EPtot      =    -43461.6185
 BOND   =       330.2368  ANGLE   =      1040.2276  DIHED      =      1347.0448
 1-4 NB =       438.2343  1-4 EEL =      6276.5270  VDWAALS    =      4739.4276
 EELEC  =    -57658.8926  EHBOND  =         0.0000  RESTRAINT  =        25.5760
 EAMBER (non-restraint)  =    -43487.1945
 ------------------------------------------------------------------------------

wrapping first mol.:       20.26984       28.66588       49.65075
wrapping first mol.:       20.26984       28.66588       49.65075

 NSTEP =    21500   TIME(PS) =    2083.000  TEMP(K) =   300.79  PRESS =     0.0
 Etot   =    -34389.6400  EKtot   =      9126.6562  EPtot      =    -43516.2962
 BOND   =       340.2483  ANGLE   =      1095.4092  DIHED      =      1336.2922
 1-4 NB =       450.7721  1-4 EEL =      6299.9029  VDWAALS    =      4751.0071
 EELEC  =    -57820.7435  EHBOND  =         0.0000  RESTRAINT  =        30.8156
 EAMBER (non-restraint)  =    -43547.1118
 ------------------------------------------------------------------------------

wrapping first mol.:       20.26984       28.66588       49.65075
wrapping first mol.:       20.26984       28.66588       49.65075

 NSTEP =    22000   TIME(PS) =    2084.000  TEMP(K) =   300.20  PRESS =     0.0
 Etot   =    -34228.2196  EKtot   =      9108.6914  EPtot      =    -43336.9110
 BOND   =       330.7963  ANGLE   =      1022.0513  DIHED      =      1334.0496
 1-4 NB =       438.8988  1-4 EEL =      6273.5676  VDWAALS    =      4782.1449
 EELEC  =    -57548.0633  EHBOND  =         0.0000  RESTRAINT  =        29.6438
 EAMBER (non-restraint)  =    -43366.5548
 ------------------------------------------------------------------------------

wrapping first mol.:       20.26984       28.66588       49.65075
wrapping first mol.:       20.26984       28.66588       49.65075

 NSTEP =    22500   TIME(PS) =    2085.000  TEMP(K) =   295.36  PRESS =     0.0
 Etot   =    -34265.8975  EKtot   =      8961.9014  EPtot      =    -43227.7988
 BOND   =       358.0152  ANGLE   =      1109.7318  DIHED      =      1349.1818
 1-4 NB =       445.7836  1-4 EEL =      6270.1811  VDWAALS    =      4857.9807
 EELEC  =    -57644.9698  EHBOND  =         0.0000  RESTRAINT  =        26.2968
 EAMBER (non-restraint)  =    -43254.0956
 ------------------------------------------------------------------------------

wrapping first mol.:       20.26984       28.66588       49.65075
wrapping first mol.:       20.26984       28.66588       49.65075

 NSTEP =    23000   TIME(PS) =    2086.000  TEMP(K) =   296.24  PRESS =     0.0
 Etot   =    -34235.6124  EKtot   =      8988.7266  EPtot      =    -43224.3389
 BOND   =       341.5598  ANGLE   =      1108.5468  DIHED      =      1360.6981
 1-4 NB =       450.0818  1-4 EEL =      6284.1171  VDWAALS    =      4787.9197
 EELEC  =    -57586.0941  EHBOND  =         0.0000  RESTRAINT  =        28.8318
 EAMBER (non-restraint)  =    -43253.1708
 ------------------------------------------------------------------------------

wrapping first mol.:       20.26984       28.66588       49.65075
wrapping first mol.:       20.26984       28.66588       49.65075

 NSTEP =    23500   TIME(PS) =    2087.000  TEMP(K) =   301.74  PRESS =     0.0
 Etot   =    -34042.1248  EKtot   =      9155.3857  EPtot      =    -43197.5106
 BOND   =       340.8499  ANGLE   =      1055.4599  DIHED      =      1327.2658
 1-4 NB =       447.8336  1-4 EEL =      6319.3648  VDWAALS    =      4638.0960
 EELEC  =    -57354.4473  EHBOND  =         0.0000  RESTRAINT  =        28.0668
 EAMBER (non-restraint)  =    -43225.5773
 ------------------------------------------------------------------------------

wrapping first mol.:       20.26984       28.66588       49.65075
wrapping first mol.:       20.26984       28.66588       49.65075

 NSTEP =    24000   TIME(PS) =    2088.000  TEMP(K) =   300.48  PRESS =     0.0
 Etot   =    -34098.5013  EKtot   =      9117.3057  EPtot      =    -43215.8069
 BOND   =       361.5474  ANGLE   =      1061.0691  DIHED      =      1350.2904
 1-4 NB =       447.7379  1-4 EEL =      6265.1595  VDWAALS    =      4629.8734
 EELEC  =    -57358.5690  EHBOND  =         0.0000  RESTRAINT  =        27.0843
 EAMBER (non-restraint)  =    -43242.8913
 ------------------------------------------------------------------------------

wrapping first mol.:       20.26984       28.66588       49.65075
wrapping first mol.:       20.26984       28.66588       49.65075

 NSTEP =    24500   TIME(PS) =    2089.000  TEMP(K) =   300.15  PRESS =     0.0
 Etot   =    -34287.7526  EKtot   =      9107.3994  EPtot      =    -43395.1520
 BOND   =       372.5934  ANGLE   =      1063.8930  DIHED      =      1341.9750
 1-4 NB =       467.1381  1-4 EEL =      6301.2464  VDWAALS    =      4779.1288
 EELEC  =    -57743.7720  EHBOND  =         0.0000  RESTRAINT  =        22.6453
 EAMBER (non-restraint)  =    -43417.7973
 ------------------------------------------------------------------------------

wrapping first mol.:       20.26984       28.66588       49.65075
wrapping first mol.:       20.26984       28.66588       49.65075

 NSTEP =    25000   TIME(PS) =    2090.000  TEMP(K) =   298.57  PRESS =     0.0
 Etot   =    -34340.6694  EKtot   =      9059.3027  EPtot      =    -43399.9721
 BOND   =       366.3057  ANGLE   =      1108.6412  DIHED      =      1353.3948
 1-4 NB =       445.2692  1-4 EEL =      6284.0950  VDWAALS    =      4849.3633
 EELEC  =    -57836.0823  EHBOND  =         0.0000  RESTRAINT  =        29.0409
 EAMBER (non-restraint)  =    -43429.0131
 ------------------------------------------------------------------------------

wrapping first mol.:       20.26984       28.66588       49.65075
wrapping first mol.:       20.26984       28.66588       49.65075

 NSTEP =    25500   TIME(PS) =    2091.000  TEMP(K) =   300.38  PRESS =     0.0
 Etot   =    -34275.9111  EKtot   =      9114.3203  EPtot      =    -43390.2314
 BOND   =       333.3930  ANGLE   =       997.4620  DIHED      =      1374.6802
 1-4 NB =       429.9580  1-4 EEL =      6285.2139  VDWAALS    =      4804.3737
 EELEC  =    -57645.3580  EHBOND  =         0.0000  RESTRAINT  =        30.0457
 EAMBER (non-restraint)  =    -43420.2772
 ------------------------------------------------------------------------------

wrapping first mol.:       20.26984       28.66588       49.65075
wrapping first mol.:       20.26984       28.66588       49.65075

 NSTEP =    26000   TIME(PS) =    2092.000  TEMP(K) =   299.59  PRESS =     0.0
 Etot   =    -34348.4706  EKtot   =      9090.3857  EPtot      =    -43438.8563
 BOND   =       365.0143  ANGLE   =      1030.3044  DIHED      =      1340.3694
 1-4 NB =       437.8478  1-4 EEL =      6302.1379  VDWAALS    =      4870.5107
 EELEC  =    -57813.4551  EHBOND  =         0.0000  RESTRAINT  =        28.4143
 EAMBER (non-restraint)  =    -43467.2706
 ------------------------------------------------------------------------------

wrapping first mol.:       20.26984       28.66588       49.65075
wrapping first mol.:       20.26984       28.66588       49.65075

 NSTEP =    26500   TIME(PS) =    2093.000  TEMP(K) =   300.24  PRESS =     0.0
 Etot   =    -34204.2158  EKtot   =      9109.9990  EPtot      =    -43314.2148
 BOND   =       359.3480  ANGLE   =      1051.5804  DIHED      =      1342.8516
 1-4 NB =       447.4454  1-4 EEL =      6268.3341  VDWAALS    =      4750.4402
 EELEC  =    -57561.7151  EHBOND  =         0.0000  RESTRAINT  =        27.5006
 EAMBER (non-restraint)  =    -43341.7154
 ------------------------------------------------------------------------------

wrapping first mol.:       20.26984       28.66588       49.65075
wrapping first mol.:       20.26984       28.66588       49.65075

 NSTEP =    27000   TIME(PS) =    2094.000  TEMP(K) =   299.13  PRESS =     0.0
 Etot   =    -34357.9158  EKtot   =      9076.3613  EPtot      =    -43434.2771
 BOND   =       326.9954  ANGLE   =      1057.9749  DIHED      =      1347.6455
 1-4 NB =       449.5566  1-4 EEL =      6303.2005  VDWAALS    =      4700.1609
 EELEC  =    -57645.4394  EHBOND  =         0.0000  RESTRAINT  =        25.6285
 EAMBER (non-restraint)  =    -43459.9056
 ------------------------------------------------------------------------------

wrapping first mol.:       20.26984       28.66588       49.65075
wrapping first mol.:       20.26984       28.66588       49.65075

 NSTEP =    27500   TIME(PS) =    2095.000  TEMP(K) =   299.10  PRESS =     0.0
 Etot   =    -34179.6425  EKtot   =      9075.5527  EPtot      =    -43255.1953
 BOND   =       347.2652  ANGLE   =      1042.5857  DIHED      =      1331.4549
 1-4 NB =       440.5692  1-4 EEL =      6300.1998  VDWAALS    =      4672.7992
 EELEC  =    -57420.6225  EHBOND  =         0.0000  RESTRAINT  =        30.5532
 EAMBER (non-restraint)  =    -43285.7485
 ------------------------------------------------------------------------------

wrapping first mol.:       20.26984       28.66588       49.65075
wrapping first mol.:       20.26984       28.66588       49.65075

 NSTEP =    28000   TIME(PS) =    2096.000  TEMP(K) =   299.45  PRESS =     0.0
 Etot   =    -34202.9560  EKtot   =      9086.0010  EPtot      =    -43288.9570
 BOND   =       357.0988  ANGLE   =      1090.0217  DIHED      =      1351.5657
 1-4 NB =       440.8102  1-4 EEL =      6259.4441  VDWAALS    =      4848.2537
 EELEC  =    -57666.7958  EHBOND  =         0.0000  RESTRAINT  =        30.6445
 EAMBER (non-restraint)  =    -43319.6015
 ------------------------------------------------------------------------------

wrapping first mol.:       20.26984       28.66588       49.65075
wrapping first mol.:       20.26984       28.66588       49.65075

 NSTEP =    28500   TIME(PS) =    2097.000  TEMP(K) =   300.32  PRESS =     0.0
 Etot   =    -34072.3432  EKtot   =      9112.4951  EPtot      =    -43184.8383
 BOND   =       339.6891  ANGLE   =      1069.0764  DIHED      =      1329.7556
 1-4 NB =       461.5262  1-4 EEL =      6334.2481  VDWAALS    =      4744.7238
 EELEC  =    -57498.0409  EHBOND  =         0.0000  RESTRAINT  =        34.1832
 EAMBER (non-restraint)  =    -43219.0215
 ------------------------------------------------------------------------------

wrapping first mol.:       20.26984       28.66588       49.65075
wrapping first mol.:       20.26984       28.66588       49.65075

 NSTEP =    29000   TIME(PS) =    2098.000  TEMP(K) =   302.99  PRESS =     0.0
 Etot   =    -34146.7704  EKtot   =      9193.4424  EPtot      =    -43340.2128
 BOND   =       352.2624  ANGLE   =      1073.6028  DIHED      =      1354.3639
 1-4 NB =       432.3980  1-4 EEL =      6270.1802  VDWAALS    =      4742.1286
 EELEC  =    -57599.7584  EHBOND  =         0.0000  RESTRAINT  =        34.6097
 EAMBER (non-restraint)  =    -43374.8225
 ------------------------------------------------------------------------------

wrapping first mol.:       20.26984       28.66588       49.65075
wrapping first mol.:       20.26984       28.66588       49.65075

 NSTEP =    29500   TIME(PS) =    2099.000  TEMP(K) =   294.30  PRESS =     0.0
 Etot   =    -34439.8519  EKtot   =      8929.7754  EPtot      =    -43369.6273
 BOND   =       350.6174  ANGLE   =      1070.5467  DIHED      =      1359.7380
 1-4 NB =       441.4360  1-4 EEL =      6274.1976  VDWAALS    =      4648.6410
 EELEC  =    -57541.0230  EHBOND  =         0.0000  RESTRAINT  =        26.2188
 EAMBER (non-restraint)  =    -43395.8461
 ------------------------------------------------------------------------------

wrapping first mol.:       20.26984       28.66588       49.65075
wrapping first mol.:       20.26984       28.66588       49.65075

 NSTEP =    30000   TIME(PS) =    2100.000  TEMP(K) =   300.14  PRESS =     0.0
 Etot   =    -34142.3425  EKtot   =      9106.9326  EPtot      =    -43249.2751
 BOND   =       344.0945  ANGLE   =      1052.7453  DIHED      =      1347.1671
 1-4 NB =       461.4469  1-4 EEL =      6281.1747  VDWAALS    =      4740.6513
 EELEC  =    -57507.1474  EHBOND  =         0.0000  RESTRAINT  =        30.5924
 EAMBER (non-restraint)  =    -43279.8675
 ------------------------------------------------------------------------------

wrapping first mol.:       20.26984       28.66588       49.65075
wrapping first mol.:       20.26984       28.66588       49.65075

 NSTEP =    30500   TIME(PS) =    2101.000  TEMP(K) =   301.12  PRESS =     0.0
 Etot   =    -34427.0007  EKtot   =      9136.7246  EPtot      =    -43563.7253
 BOND   =       358.2782  ANGLE   =      1090.1147  DIHED      =      1351.6760
 1-4 NB =       439.7441  1-4 EEL =      6268.2126  VDWAALS    =      5002.6059
 EELEC  =    -58106.0607  EHBOND  =         0.0000  RESTRAINT  =        31.7040
 EAMBER (non-restraint)  =    -43595.4293
 ------------------------------------------------------------------------------

wrapping first mol.:       20.26984       28.66588       49.65075
wrapping first mol.:       20.26984       28.66588       49.65075

 NSTEP =    31000   TIME(PS) =    2102.000  TEMP(K) =   301.50  PRESS =     0.0
 Etot   =    -34376.2482  EKtot   =      9148.1592  EPtot      =    -43524.4074
 BOND   =       372.6289  ANGLE   =      1066.4253  DIHED      =      1353.3481
 1-4 NB =       431.4792  1-4 EEL =      6285.9353  VDWAALS    =      4788.9258
 EELEC  =    -57854.6135  EHBOND  =         0.0000  RESTRAINT  =        31.4633
 EAMBER (non-restraint)  =    -43555.8707
 ------------------------------------------------------------------------------

wrapping first mol.:       20.26984       28.66588       49.65075
wrapping first mol.:       20.26984       28.66588       49.65075

 NSTEP =    31500   TIME(PS) =    2103.000  TEMP(K) =   302.46  PRESS =     0.0
 Etot   =    -34367.0894  EKtot   =      9177.3604  EPtot      =    -43544.4497
 BOND   =       310.8932  ANGLE   =      1073.2414  DIHED      =      1347.6172
 1-4 NB =       428.8888  1-4 EEL =      6271.1281  VDWAALS    =      4834.7240
 EELEC  =    -57842.7951  EHBOND  =         0.0000  RESTRAINT  =        31.8528
 EAMBER (non-restraint)  =    -43576.3025
 ------------------------------------------------------------------------------

wrapping first mol.:       20.26984       28.66588       49.65075
wrapping first mol.:       20.26984       28.66588       49.65075

 NSTEP =    32000   TIME(PS) =    2104.000  TEMP(K) =   298.41  PRESS =     0.0
 Etot   =    -34272.4391  EKtot   =      9054.4541  EPtot      =    -43326.8932
 BOND   =       338.1467  ANGLE   =      1068.1760  DIHED      =      1344.8872
 1-4 NB =       467.5520  1-4 EEL =      6298.5619  VDWAALS    =      4697.2083
 EELEC  =    -57568.3050  EHBOND  =         0.0000  RESTRAINT  =        26.8796
 EAMBER (non-restraint)  =    -43353.7727
 ------------------------------------------------------------------------------

wrapping first mol.:       20.26984       28.66588       49.65075
wrapping first mol.:       20.26984       28.66588       49.65075

 NSTEP =    32500   TIME(PS) =    2105.000  TEMP(K) =   303.94  PRESS =     0.0
 Etot   =    -34203.7524  EKtot   =      9222.3135  EPtot      =    -43426.0658
 BOND   =       309.3488  ANGLE   =      1084.5673  DIHED      =      1346.2901
 1-4 NB =       436.9201  1-4 EEL =      6233.6488  VDWAALS    =      4767.0608
 EELEC  =    -57629.7912  EHBOND  =         0.0000  RESTRAINT  =        25.8895
 EAMBER (non-restraint)  =    -43451.9553
 ------------------------------------------------------------------------------

wrapping first mol.:       20.26984       28.66588       49.65075
wrapping first mol.:       20.26984       28.66588       49.65075

 NSTEP =    33000   TIME(PS) =    2106.000  TEMP(K) =   297.75  PRESS =     0.0
 Etot   =    -34387.1527  EKtot   =      9034.4082  EPtot      =    -43421.5609
 BOND   =       365.5425  ANGLE   =      1057.9678  DIHED      =      1356.1863
 1-4 NB =       435.1806  1-4 EEL =      6328.1285  VDWAALS    =      4737.8945
 EELEC  =    -57727.4668  EHBOND  =         0.0000  RESTRAINT  =        25.0055
 EAMBER (non-restraint)  =    -43446.5665
 ------------------------------------------------------------------------------

wrapping first mol.:       20.26984       28.66588       49.65075
wrapping first mol.:       20.26984       28.66588       49.65075

 NSTEP =    33500   TIME(PS) =    2107.000  TEMP(K) =   298.02  PRESS =     0.0
 Etot   =    -34410.6850  EKtot   =      9042.5771  EPtot      =    -43453.2622
 BOND   =       343.5170  ANGLE   =      1067.2981  DIHED      =      1331.9752
 1-4 NB =       459.0741  1-4 EEL =      6287.2418  VDWAALS    =      4900.2025
 EELEC  =    -57870.7142  EHBOND  =         0.0000  RESTRAINT  =        28.1433
 EAMBER (non-restraint)  =    -43481.4055
 ------------------------------------------------------------------------------

wrapping first mol.:       20.26984       28.66588       49.65075
wrapping first mol.:       20.26984       28.66588       49.65075

 NSTEP =    34000   TIME(PS) =    2108.000  TEMP(K) =   302.97  PRESS =     0.0
 Etot   =    -34241.3977  EKtot   =      9192.9170  EPtot      =    -43434.3147
 BOND   =       320.2009  ANGLE   =      1031.3112  DIHED      =      1353.7640
 1-4 NB =       438.1932  1-4 EEL =      6289.5859  VDWAALS    =      4918.6485
 EELEC  =    -57812.1256  EHBOND  =         0.0000  RESTRAINT  =        26.1072
 EAMBER (non-restraint)  =    -43460.4219
 ------------------------------------------------------------------------------

wrapping first mol.:       20.26984       28.66588       49.65075
wrapping first mol.:       20.26984       28.66588       49.65075

 NSTEP =    34500   TIME(PS) =    2109.000  TEMP(K) =   298.72  PRESS =     0.0
 Etot   =    -34343.8096  EKtot   =      9063.9189  EPtot      =    -43407.7285
 BOND   =       347.6502  ANGLE   =      1018.4524  DIHED      =      1350.8413
 1-4 NB =       435.1553  1-4 EEL =      6273.3932  VDWAALS    =      4765.5011
 EELEC  =    -57630.1876  EHBOND  =         0.0000  RESTRAINT  =        31.4657
 EAMBER (non-restraint)  =    -43439.1942
 ------------------------------------------------------------------------------

wrapping first mol.:       20.26984       28.66588       49.65075
wrapping first mol.:       20.26984       28.66588       49.65075

 NSTEP =    35000   TIME(PS) =    2110.000  TEMP(K) =   300.26  PRESS =     0.0
 Etot   =    -34387.4190  EKtot   =      9110.6445  EPtot      =    -43498.0635
 BOND   =       315.4245  ANGLE   =      1092.0633  DIHED      =      1362.3093
 1-4 NB =       441.9003  1-4 EEL =      6241.2545  VDWAALS    =      4814.7662
 EELEC  =    -57791.3515  EHBOND  =         0.0000  RESTRAINT  =        25.5698
 EAMBER (non-restraint)  =    -43523.6333
 ------------------------------------------------------------------------------

wrapping first mol.:       20.26984       28.66588       49.65075
wrapping first mol.:       20.26984       28.66588       49.65075

 NSTEP =    35500   TIME(PS) =    2111.000  TEMP(K) =   301.33  PRESS =     0.0
 Etot   =    -34332.8804  EKtot   =      9143.1113  EPtot      =    -43475.9917
 BOND   =       332.4287  ANGLE   =      1084.1172  DIHED      =      1352.8406
 1-4 NB =       429.7652  1-4 EEL =      6227.5945  VDWAALS    =      4640.7879
 EELEC  =    -57570.9228  EHBOND  =         0.0000  RESTRAINT  =        27.3969
 EAMBER (non-restraint)  =    -43503.3886
 ------------------------------------------------------------------------------

wrapping first mol.:       20.26984       28.66588       49.65075
wrapping first mol.:       20.26984       28.66588       49.65075

 NSTEP =    36000   TIME(PS) =    2112.000  TEMP(K) =   299.26  PRESS =     0.0
 Etot   =    -34238.2388  EKtot   =      9080.3604  EPtot      =    -43318.5992
 BOND   =       371.4297  ANGLE   =      1059.7514  DIHED      =      1332.3136
 1-4 NB =       431.8918  1-4 EEL =      6278.5547  VDWAALS    =      4602.9206
 EELEC  =    -57420.9255  EHBOND  =         0.0000  RESTRAINT  =        25.4646
 EAMBER (non-restraint)  =    -43344.0638
 ------------------------------------------------------------------------------

wrapping first mol.:       20.26984       28.66588       49.65075
wrapping first mol.:       20.26984       28.66588       49.65075

 NSTEP =    36500   TIME(PS) =    2113.000  TEMP(K) =   296.54  PRESS =     0.0
 Etot   =    -34306.0082  EKtot   =      8997.7227  EPtot      =    -43303.7308
 BOND   =       350.4009  ANGLE   =      1041.5445  DIHED      =      1369.5821
 1-4 NB =       439.4976  1-4 EEL =      6300.0626  VDWAALS    =      4614.3278
 EELEC  =    -57448.3934  EHBOND  =         0.0000  RESTRAINT  =        29.2470
 EAMBER (non-restraint)  =    -43332.9778
 ------------------------------------------------------------------------------

wrapping first mol.:       20.26984       28.66588       49.65075
wrapping first mol.:       20.26984       28.66588       49.65075

 NSTEP =    37000   TIME(PS) =    2114.000  TEMP(K) =   296.95  PRESS =     0.0
 Etot   =    -34407.9073  EKtot   =      9010.2666  EPtot      =    -43418.1739
 BOND   =       350.6251  ANGLE   =      1064.3910  DIHED      =      1359.1300
 1-4 NB =       444.8077  1-4 EEL =      6269.4989  VDWAALS    =      4679.6049
 EELEC  =    -57616.8966  EHBOND  =         0.0000  RESTRAINT  =        30.6650
 EAMBER (non-restraint)  =    -43448.8390
 ------------------------------------------------------------------------------

wrapping first mol.:       20.26984       28.66588       49.65075
wrapping first mol.:       20.26984       28.66588       49.65075

 NSTEP =    37500   TIME(PS) =    2115.000  TEMP(K) =   297.71  PRESS =     0.0
 Etot   =    -34301.1885  EKtot   =      9033.2070  EPtot      =    -43334.3955
 BOND   =       344.4522  ANGLE   =      1071.7334  DIHED      =      1335.3060
 1-4 NB =       450.0107  1-4 EEL =      6297.9598  VDWAALS    =      4701.2179
 EELEC  =    -57562.3844  EHBOND  =         0.0000  RESTRAINT  =        27.3088
 EAMBER (non-restraint)  =    -43361.7043
 ------------------------------------------------------------------------------

wrapping first mol.:       20.26984       28.66588       49.65075
wrapping first mol.:       20.26984       28.66588       49.65075

 NSTEP =    38000   TIME(PS) =    2116.000  TEMP(K) =   302.30  PRESS =     0.0
 Etot   =    -34280.8209  EKtot   =      9172.4521  EPtot      =    -43453.2730
 BOND   =       345.3286  ANGLE   =      1017.6808  DIHED      =      1345.6190
 1-4 NB =       442.8576  1-4 EEL =      6282.6468  VDWAALS    =      4688.8991
 EELEC  =    -57602.9598  EHBOND  =         0.0000  RESTRAINT  =        26.6549
 EAMBER (non-restraint)  =    -43479.9279
 ------------------------------------------------------------------------------

wrapping first mol.:       20.26984       28.66588       49.65075
wrapping first mol.:       20.26984       28.66588       49.65075

 NSTEP =    38500   TIME(PS) =    2117.000  TEMP(K) =   299.24  PRESS =     0.0
 Etot   =    -34208.2936  EKtot   =      9079.7852  EPtot      =    -43288.0788
 BOND   =       351.5781  ANGLE   =      1044.7744  DIHED      =      1350.1591
 1-4 NB =       441.0855  1-4 EEL =      6302.9429  VDWAALS    =      4907.1358
 EELEC  =    -57717.2871  EHBOND  =         0.0000  RESTRAINT  =        31.5325
 EAMBER (non-restraint)  =    -43319.6112
 ------------------------------------------------------------------------------

wrapping first mol.:       20.26984       28.66588       49.65075
wrapping first mol.:       20.26984       28.66588       49.65075

 NSTEP =    39000   TIME(PS) =    2118.000  TEMP(K) =   300.57  PRESS =     0.0
 Etot   =    -34006.3489  EKtot   =      9120.0732  EPtot      =    -43126.4222
 BOND   =       337.9021  ANGLE   =      1048.9697  DIHED      =      1337.1322
 1-4 NB =       449.3710  1-4 EEL =      6293.0675  VDWAALS    =      4799.4371
 EELEC  =    -57418.1449  EHBOND  =         0.0000  RESTRAINT  =        25.8431
 EAMBER (non-restraint)  =    -43152.2653
 ------------------------------------------------------------------------------

wrapping first mol.:       20.26984       28.66588       49.65075
wrapping first mol.:       20.26984       28.66588       49.65075

 NSTEP =    39500   TIME(PS) =    2119.000  TEMP(K) =   300.46  PRESS =     0.0
 Etot   =    -34346.2152  EKtot   =      9116.7285  EPtot      =    -43462.9437
 BOND   =       362.7355  ANGLE   =      1017.3404  DIHED      =      1354.8145
 1-4 NB =       447.7240  1-4 EEL =      6242.2402  VDWAALS    =      4539.4743
 EELEC  =    -57455.2617  EHBOND  =         0.0000  RESTRAINT  =        27.9891
 EAMBER (non-restraint)  =    -43490.9328
 ------------------------------------------------------------------------------

wrapping first mol.:       20.26984       28.66588       49.65075
wrapping first mol.:       20.26984       28.66588       49.65075

 NSTEP =    40000   TIME(PS) =    2120.000  TEMP(K) =   304.63  PRESS =     0.0
 Etot   =    -33980.5932  EKtot   =      9243.1289  EPtot      =    -43223.7221
 BOND   =       360.2560  ANGLE   =      1030.3287  DIHED      =      1348.5205
 1-4 NB =       453.5360  1-4 EEL =      6292.5414  VDWAALS    =      4702.3569
 EELEC  =    -57438.1481  EHBOND  =         0.0000  RESTRAINT  =        26.8865
 EAMBER (non-restraint)  =    -43250.6086
 ------------------------------------------------------------------------------

wrapping first mol.:       20.26984       28.66588       49.65075
wrapping first mol.:       20.26984       28.66588       49.65075

 NSTEP =    40500   TIME(PS) =    2121.000  TEMP(K) =   297.23  PRESS =     0.0
 Etot   =    -34275.7602  EKtot   =      9018.6934  EPtot      =    -43294.4535
 BOND   =       363.0988  ANGLE   =      1075.6968  DIHED      =      1354.8677
 1-4 NB =       439.9508  1-4 EEL =      6246.3708  VDWAALS    =      4803.5026
 EELEC  =    -57605.4275  EHBOND  =         0.0000  RESTRAINT  =        27.4864
 EAMBER (non-restraint)  =    -43321.9400
 ------------------------------------------------------------------------------

wrapping first mol.:       20.26984       28.66588       49.65075
wrapping first mol.:       20.26984       28.66588       49.65075

 NSTEP =    41000   TIME(PS) =    2122.000  TEMP(K) =   302.21  PRESS =     0.0
 Etot   =    -34302.5203  EKtot   =      9169.7412  EPtot      =    -43472.2615
 BOND   =       341.7370  ANGLE   =      1057.5629  DIHED      =      1359.6449
 1-4 NB =       437.0307  1-4 EEL =      6301.8142  VDWAALS    =      4860.8445
 EELEC  =    -57862.8888  EHBOND  =         0.0000  RESTRAINT  =        31.9932
 EAMBER (non-restraint)  =    -43504.2547
 ------------------------------------------------------------------------------

wrapping first mol.:       20.26984       28.66588       49.65075
wrapping first mol.:       20.26984       28.66588       49.65075

 NSTEP =    41500   TIME(PS) =    2123.000  TEMP(K) =   300.63  PRESS =     0.0
 Etot   =    -34418.6396  EKtot   =      9121.7812  EPtot      =    -43540.4209
 BOND   =       345.9801  ANGLE   =      1030.9398  DIHED      =      1356.9331
 1-4 NB =       446.3597  1-4 EEL =      6291.7985  VDWAALS    =      4692.1845
 EELEC  =    -57732.0630  EHBOND  =         0.0000  RESTRAINT  =        27.4464
 EAMBER (non-restraint)  =    -43567.8673
 ------------------------------------------------------------------------------

wrapping first mol.:       20.26984       28.66588       49.65075
wrapping first mol.:       20.26984       28.66588       49.65075

 NSTEP =    42000   TIME(PS) =    2124.000  TEMP(K) =   297.28  PRESS =     0.0
 Etot   =    -34323.6663  EKtot   =      9020.3438  EPtot      =    -43344.0101
 BOND   =       337.7284  ANGLE   =      1065.4595  DIHED      =      1340.4322
 1-4 NB =       436.0659  1-4 EEL =      6255.4284  VDWAALS    =      4780.7499
 EELEC  =    -57584.3317  EHBOND  =         0.0000  RESTRAINT  =        24.4574
 EAMBER (non-restraint)  =    -43368.4675
 ------------------------------------------------------------------------------

wrapping first mol.:       20.26984       28.66588       49.65075
wrapping first mol.:       20.26984       28.66588       49.65075

 NSTEP =    42500   TIME(PS) =    2125.000  TEMP(K) =   299.60  PRESS =     0.0
 Etot   =    -34124.1346  EKtot   =      9090.6191  EPtot      =    -43214.7538
 BOND   =       354.4703  ANGLE   =      1049.5743  DIHED      =      1363.1913
 1-4 NB =       434.2626  1-4 EEL =      6298.5378  VDWAALS    =      4778.3721
 EELEC  =    -57519.5002  EHBOND  =         0.0000  RESTRAINT  =        26.3380
 EAMBER (non-restraint)  =    -43241.0918
 ------------------------------------------------------------------------------

wrapping first mol.:       20.26984       28.66588       49.65075
wrapping first mol.:       20.26984       28.66588       49.65075

 NSTEP =    43000   TIME(PS) =    2126.000  TEMP(K) =   298.52  PRESS =     0.0
 Etot   =    -34045.4234  EKtot   =      9057.9434  EPtot      =    -43103.3668
 BOND   =       375.4224  ANGLE   =      1093.7371  DIHED      =      1359.1504
 1-4 NB =       428.1697  1-4 EEL =      6278.5917  VDWAALS    =      4737.7180
 EELEC  =    -57400.6383  EHBOND  =         0.0000  RESTRAINT  =        24.4823
 EAMBER (non-restraint)  =    -43127.8491
 ------------------------------------------------------------------------------

wrapping first mol.:       20.26984       28.66588       49.65075
wrapping first mol.:       20.26984       28.66588       49.65075

 NSTEP =    43500   TIME(PS) =    2127.000  TEMP(K) =   300.19  PRESS =     0.0
 Etot   =    -34347.9313  EKtot   =      9108.6055  EPtot      =    -43456.5368
 BOND   =       353.4189  ANGLE   =      1054.2941  DIHED      =      1338.6002
 1-4 NB =       451.4684  1-4 EEL =      6304.3141  VDWAALS    =      4918.8792
 EELEC  =    -57905.2993  EHBOND  =         0.0000  RESTRAINT  =        27.7876
 EAMBER (non-restraint)  =    -43484.3244
 ------------------------------------------------------------------------------

wrapping first mol.:       20.26984       28.66588       49.65075
wrapping first mol.:       20.26984       28.66588       49.65075

 NSTEP =    44000   TIME(PS) =    2128.000  TEMP(K) =   304.20  PRESS =     0.0
 Etot   =    -34159.5447  EKtot   =      9230.1611  EPtot      =    -43389.7058
 BOND   =       337.5917  ANGLE   =      1061.3945  DIHED      =      1353.0731
 1-4 NB =       454.4351  1-4 EEL =      6292.6038  VDWAALS    =      4637.1968
 EELEC  =    -57554.5416  EHBOND  =         0.0000  RESTRAINT  =        28.5409
 EAMBER (non-restraint)  =    -43418.2467
 ------------------------------------------------------------------------------

wrapping first mol.:       20.26984       28.66588       49.65075
wrapping first mol.:       20.26984       28.66588       49.65075

 NSTEP =    44500   TIME(PS) =    2129.000  TEMP(K) =   296.04  PRESS =     0.0
 Etot   =    -34359.5896  EKtot   =      8982.6338  EPtot      =    -43342.2234
 BOND   =       336.0161  ANGLE   =      1065.8972  DIHED      =      1342.2167
 1-4 NB =       457.8637  1-4 EEL =      6302.2875  VDWAALS    =      4879.5740
 EELEC  =    -57752.8381  EHBOND  =         0.0000  RESTRAINT  =        26.7594
 EAMBER (non-restraint)  =    -43368.9828
 ------------------------------------------------------------------------------

wrapping first mol.:       20.26984       28.66588       49.65075
wrapping first mol.:       20.26984       28.66588       49.65075

 NSTEP =    45000   TIME(PS) =    2130.000  TEMP(K) =   299.27  PRESS =     0.0
 Etot   =    -34232.6376  EKtot   =      9080.6318  EPtot      =    -43313.2694
 BOND   =       348.1974  ANGLE   =      1061.7621  DIHED      =      1338.7940
 1-4 NB =       444.0708  1-4 EEL =      6333.1557  VDWAALS    =      4694.0252
 EELEC  =    -57562.1187  EHBOND  =         0.0000  RESTRAINT  =        28.8441
 EAMBER (non-restraint)  =    -43342.1135
 ------------------------------------------------------------------------------

wrapping first mol.:       20.26984       28.66588       49.65075
wrapping first mol.:       20.26984       28.66588       49.65075

 NSTEP =    45500   TIME(PS) =    2131.000  TEMP(K) =   296.68  PRESS =     0.0
 Etot   =    -34393.4003  EKtot   =      9001.9727  EPtot      =    -43395.3730
 BOND   =       327.9387  ANGLE   =      1068.3719  DIHED      =      1344.3457
 1-4 NB =       428.8538  1-4 EEL =      6293.2618  VDWAALS    =      4779.3348
 EELEC  =    -57666.8754  EHBOND  =         0.0000  RESTRAINT  =        29.3957
 EAMBER (non-restraint)  =    -43424.7687
 ------------------------------------------------------------------------------

wrapping first mol.:       20.26984       28.66588       49.65075
wrapping first mol.:       20.26984       28.66588       49.65075

 NSTEP =    46000   TIME(PS) =    2132.000  TEMP(K) =   297.16  PRESS =     0.0
 Etot   =    -34440.8959  EKtot   =      9016.6113  EPtot      =    -43457.5072
 BOND   =       354.3758  ANGLE   =      1033.9234  DIHED      =      1357.6189
 1-4 NB =       441.9698  1-4 EEL =      6320.4429  VDWAALS    =      4910.2893
 EELEC  =    -57907.9271  EHBOND  =         0.0000  RESTRAINT  =        31.7998
 EAMBER (non-restraint)  =    -43489.3070
 ------------------------------------------------------------------------------

wrapping first mol.:       20.26984       28.66588       49.65075
wrapping first mol.:       20.26984       28.66588       49.65075

 NSTEP =    46500   TIME(PS) =    2133.000  TEMP(K) =   299.33  PRESS =     0.0
 Etot   =    -34202.4879  EKtot   =      9082.5205  EPtot      =    -43285.0084
 BOND   =       358.5028  ANGLE   =      1070.5324  DIHED      =      1321.3474
 1-4 NB =       446.0033  1-4 EEL =      6274.8955  VDWAALS    =      4724.8430
 EELEC  =    -57506.7493  EHBOND  =         0.0000  RESTRAINT  =        25.6165
 EAMBER (non-restraint)  =    -43310.6249
 ------------------------------------------------------------------------------

wrapping first mol.:       20.26984       28.66588       49.65075
wrapping first mol.:       20.26984       28.66588       49.65075

 NSTEP =    47000   TIME(PS) =    2134.000  TEMP(K) =   302.77  PRESS =     0.0
 Etot   =    -34081.6539  EKtot   =      9186.6963  EPtot      =    -43268.3502
 BOND   =       370.2386  ANGLE   =      1078.7813  DIHED      =      1355.2680
 1-4 NB =       437.7426  1-4 EEL =      6309.0811  VDWAALS    =      4822.5167
 EELEC  =    -57666.9577  EHBOND  =         0.0000  RESTRAINT  =        24.9793
 EAMBER (non-restraint)  =    -43293.3294
 ------------------------------------------------------------------------------

wrapping first mol.:       20.26984       28.66588       49.65075
wrapping first mol.:       20.26984       28.66588       49.65075

 NSTEP =    47500   TIME(PS) =    2135.000  TEMP(K) =   299.34  PRESS =     0.0
 Etot   =    -34233.4775  EKtot   =      9082.6416  EPtot      =    -43316.1191
 BOND   =       334.4689  ANGLE   =      1041.3235  DIHED      =      1344.4957
 1-4 NB =       450.3652  1-4 EEL =      6292.5694  VDWAALS    =      4760.7439
 EELEC  =    -57570.4261  EHBOND  =         0.0000  RESTRAINT  =        30.3405
 EAMBER (non-restraint)  =    -43346.4596
 ------------------------------------------------------------------------------

wrapping first mol.:       20.26984       28.66588       49.65075
wrapping first mol.:       20.26984       28.66588       49.65075

 NSTEP =    48000   TIME(PS) =    2136.000  TEMP(K) =   295.54  PRESS =     0.0
 Etot   =    -33965.0822  EKtot   =      8967.3369  EPtot      =    -42932.4191
 BOND   =       352.5294  ANGLE   =      1093.4161  DIHED      =      1373.3377
 1-4 NB =       437.3659  1-4 EEL =      6281.7765  VDWAALS    =      4640.3213
 EELEC  =    -57139.6297  EHBOND  =         0.0000  RESTRAINT  =        28.4636
 EAMBER (non-restraint)  =    -42960.8827
 ------------------------------------------------------------------------------

wrapping first mol.:       20.26984       28.66588       49.65075
wrapping first mol.:       20.26984       28.66588       49.65075

 NSTEP =    48500   TIME(PS) =    2137.000  TEMP(K) =   299.56  PRESS =     0.0
 Etot   =    -34040.4222  EKtot   =      9089.2754  EPtot      =    -43129.6976
 BOND   =       347.3634  ANGLE   =      1110.2086  DIHED      =      1327.0274
 1-4 NB =       454.3143  1-4 EEL =      6258.2265  VDWAALS    =      4619.8824
 EELEC  =    -57273.8119  EHBOND  =         0.0000  RESTRAINT  =        27.0916
 EAMBER (non-restraint)  =    -43156.7893
 ------------------------------------------------------------------------------

wrapping first mol.:       20.26984       28.66588       49.65075
wrapping first mol.:       20.26984       28.66588       49.65075

 NSTEP =    49000   TIME(PS) =    2138.000  TEMP(K) =   300.73  PRESS =     0.0
 Etot   =    -34048.7379  EKtot   =      9125.0264  EPtot      =    -43173.7642
 BOND   =       347.3953  ANGLE   =      1097.2861  DIHED      =      1341.8552
 1-4 NB =       445.7647  1-4 EEL =      6247.2393  VDWAALS    =      4654.3396
 EELEC  =    -57336.7434  EHBOND  =         0.0000  RESTRAINT  =        29.0990
 EAMBER (non-restraint)  =    -43202.8633
 ------------------------------------------------------------------------------

wrapping first mol.:       20.26984       28.66588       49.65075
wrapping first mol.:       20.26984       28.66588       49.65075

 NSTEP =    49500   TIME(PS) =    2139.000  TEMP(K) =   301.67  PRESS =     0.0
 Etot   =    -34064.2217  EKtot   =      9153.3105  EPtot      =    -43217.5322
 BOND   =       353.5396  ANGLE   =      1102.8624  DIHED      =      1357.4022
 1-4 NB =       444.4195  1-4 EEL =      6297.6160  VDWAALS    =      4748.6428
 EELEC  =    -57550.6592  EHBOND  =         0.0000  RESTRAINT  =        28.6446
 EAMBER (non-restraint)  =    -43246.1768
 ------------------------------------------------------------------------------

wrapping first mol.:       20.26984       28.66588       49.65075
wrapping first mol.:       20.26984       28.66588       49.65075

 NSTEP =    50000   TIME(PS) =    2140.000  TEMP(K) =   300.28  PRESS =     0.0
 Etot   =    -34223.0638  EKtot   =      9111.0986  EPtot      =    -43334.1625
 BOND   =       340.1728  ANGLE   =      1080.3454  DIHED      =      1341.5997
 1-4 NB =       447.2913  1-4 EEL =      6284.3270  VDWAALS    =      4786.5370
 EELEC  =    -57646.2112  EHBOND  =         0.0000  RESTRAINT  =        31.7755
 EAMBER (non-restraint)  =    -43365.9379
 ------------------------------------------------------------------------------


      A V E R A G E S   O V E R     100 S T E P S


 NSTEP =    50000   TIME(PS) =    2140.000  TEMP(K) =   299.81  PRESS =     0.0
 Etot   =    -34231.2506  EKtot   =      9096.8821  EPtot      =    -43328.1327
 BOND   =       349.3040  ANGLE   =      1061.6069  DIHED      =      1344.4487
 1-4 NB =       443.8308  1-4 EEL =      6284.6140  VDWAALS    =      4755.8588
 EELEC  =    -57596.1817  EHBOND  =         0.0000  RESTRAINT  =        28.3858
 EAMBER (non-restraint)  =    -43356.5185
 ------------------------------------------------------------------------------


      R M S  F L U C T U A T I O N S


 NSTEP =    50000   TIME(PS) =    2140.000  TEMP(K) =     2.39  PRESS =     0.0
 Etot   =       128.9089  EKtot   =        72.4392  EPtot      =       117.2071
 BOND   =        15.1110  ANGLE   =        25.3318  DIHED      =        11.7266
 1-4 NB =         9.2314  1-4 EEL =        22.2581  VDWAALS    =        95.2199
 EELEC  =       166.6538  EHBOND  =         0.0000  RESTRAINT  =         2.7089
 EAMBER (non-restraint)  =       114.4982
 ------------------------------------------------------------------------------

--------------------------------------------------------------------------------
   5.  TIMINGS
--------------------------------------------------------------------------------

|  NonSetup CPU Time in Major Routines:
|
|     Routine           Sec        %
|     ------------------------------
|     Nonbond          12.32   33.11
|     Bond              0.00    0.00
|     Angle             0.00    0.00
|     Dihedral          0.00    0.00
|     Shake             0.72    1.93
|     RunMD            24.08   64.68
|     Other             0.10    0.28
|     ------------------------------
|     Total            37.22

|  PME Nonbond Pairlist CPU Time:
|
|     Routine              Sec        %
|     ---------------------------------
|     Set Up Cit           0.00    0.00
|     Build List           0.00    0.00
|     ---------------------------------
|     Total                0.00    0.00

|  PME Direct Force CPU Time:
|
|     Routine              Sec        %
|     ---------------------------------
|     NonBonded Calc       0.00    0.00
|     Exclude Masked       0.00    0.00
|     Other                0.05    0.13
|     ---------------------------------
|     Total                0.05    0.13

|  PME Reciprocal Force CPU Time:
|
|     Routine              Sec        %
|     ---------------------------------
|     1D bspline           0.00    0.00
|     Grid Charges         0.00    0.00
|     Scalar Sum           0.00    0.00
|     Gradient Sum         0.00    0.00
|     FFT                  0.00    0.00
|     ---------------------------------
|     Total                0.00    0.00

|  Final Performance Info:
|     -----------------------------------------------------
|     Average timings for last   49500 steps:
|     Elapsed(s) =      36.85 Per Step(ms) =       0.74
|         ns/day =     232.09   seconds/ns =     372.27
|
|     Average timings for all steps:
|     Elapsed(s) =      37.25 Per Step(ms) =       0.75
|         ns/day =     231.93   seconds/ns =     372.53
|     -----------------------------------------------------

|  Setup CPU time:            1.60 seconds
|  NonSetup CPU time:        37.22 seconds
|  Total CPU time:           38.82 seconds     0.01 hours

|  Setup wall time:           1    seconds
|  NonSetup wall time:       38    seconds
|  Total wall time:          39    seconds     0.01 hours
