
          -------------------------------------------------------
          Amber 16 PMEMD                              2016
          -------------------------------------------------------

| PMEMD implementation of SANDER, Release 16

| Run on 11/06/2017 at 12:48:31

|   Executable path: /apps/amber16/bin/pmemd.cuda
| Working directory: /home/pbarletta
|          Hostname: mordor

  [-O]verwriting output

File Assignments:
|   MDIN: /scratch/pbarletta/cph_obp/run/apo/mhe/e/29equ.in                     
|  MDOUT: /scratch/pbarletta/cph_obp/run/apo/mhe/e/29equ.out                    
| INPCRD: /scratch/pbarletta/cph_obp/run/apo/mhe/e/28eapo.rst7                  
|   PARM: /scratch/pbarletta/cph_obp/top_files/apo.prmtop                       
| RESTRT: /scratch/pbarletta/cph_obp/run/apo/mhe/e/29eapo.rst7                  
|   REFC: /scratch/pbarletta/cph_obp/run/apo/mhe/e/28eapo.rst7                  
|  MDVEL: mdvel                                                                 
|   MDEN: mden                                                                  
|  MDCRD: /scratch/pbarletta/cph_obp/run/apo/mhe/e/29eapo.nc                    
| MDINFO: mdinfo                                                                
|  MDFRC: mdfrc                                                                 


 Here is the input file:

Equilibration with solute restrictions                                         
&cntrl                                                                         
imin = 0,                           ! No Minimization                          
nmropt = 0,                         ! No NMR restraints read                   
                                                                               
! Nature and format of the input                                               
ntx = 5,                            ! Coordinates but no velocities will be rea
irest = 1,                          ! Do not run a new simulation              
                                                                               
! Nature and format of the output                                              
ntxo = 1,                           ! rstrt file in ASCII format               
ntpr = 500,                         ! inf in output every ntpr steps           
ntwr = 500,                         ! rstrt file every ntwr steps              
ntwx = 500,                         ! mdcrd file every ntwx steps              
ntwv = 0,                           ! mdvel without velocities                 
ntwe = 0,                           ! Energies and temperatures not written in 
idecomp = 0,                        ! No energy decomposition                  
iwrap = 1,                          ! Coordinates of the restart and mdcrd file
                                                                               
! Frozen or restrained atoms                                                   
ibelly = 0,                         ! No frozen atoms                          
ntr=1,                              ! Harmonic potential restraints            
restraint_wt = 0.0,                ! The weight for the positional restraints  
restraintmask = ':1-119@N,CA,C,O',  ! restrained residues                      
                                                                               
! Molecular dynamics                                                           
nstlim = 50000,                     ! Number of MD-steps                       
dt = 0.002,                         ! Time step                                
                                                                               
! Temperature regulation                                                       
ntt = 3,                            ! Langevin thermostat                      
gamma_ln = 5,                       ! Gamma constant for Langevin              
temp0 = 300.0,                      ! Reference T at which the system is to be 
tempi = 300.0,                      ! Initial T                                
ig = -1,                            ! Seed for the RNG                         
                                                                               
! P and V regulation                                                           
ntp = 0,                            ! No pressure control                      
ntb = 1,                            ! Periodic box for constant V              
                                                                               
! SHAKE variables                                                              
ntc = 2,                            ! Bonds involving H are constrained        
ntf = 2,                            ! Bond interaction involving H are ommited.
                                                                               
cut = 10.0,                         ! Nonbonded cutoff                         
                                                                               
/                                                                              
&end                                                                           


Note: ig = -1. Setting random seed to   740238 based on wallclock time in 
      microseconds.
| irandom = 1, using AMBER's internal random number generator (default).
 
|--------------------- INFORMATION ----------------------
| GPU (CUDA) Version of PMEMD in use: NVIDIA GPU IN USE.
|                    Version 16.0.0
| 
|                      02/25/2016
| 
| Implementation by:
|                    Ross C. Walker     (SDSC)
|                    Scott Le Grand     (nVIDIA)
| 
| Precision model in use:
|      [SPFP] - Single Precision Forces, 64-bit Fixed Point
|               Accumulation. (Default)
| 
|--------------------------------------------------------
 
|----------------- CITATION INFORMATION -----------------
|
|    When publishing work that utilized the CUDA version
|    of AMBER, please cite the following in addition to
|    the regular AMBER citations:
|
|  - Romelia Salomon-Ferrer; Andreas W. Goetz; Duncan
|    Poole; Scott Le Grand; Ross C. Walker "Routine
|    microsecond molecular dynamics simulations with
|    AMBER - Part II: Particle Mesh Ewald", J. Chem.
|    Theory Comput., 2013, 9 (9), pp3878-3888,
|    DOI: 10.1021/ct400314y.
|
|  - Andreas W. Goetz; Mark J. Williamson; Dong Xu;
|    Duncan Poole; Scott Le Grand; Ross C. Walker
|    "Routine microsecond molecular dynamics simulations
|    with AMBER - Part I: Generalized Born", J. Chem.
|    Theory Comput., 2012, 8 (5), pp1542-1555.
|
|  - Scott Le Grand; Andreas W. Goetz; Ross C. Walker
|    "SPFP: Speed without compromise - a mixed precision
|    model for GPU accelerated molecular dynamics
|    simulations.", Comp. Phys. Comm., 2013, 184
|    pp374-380, DOI: 10.1016/j.cpc.2012.09.022
|
|--------------------------------------------------------
 
|------------------- GPU DEVICE INFO --------------------
|
|            CUDA_VISIBLE_DEVICES: 3
|   CUDA Capable Devices Detected:      1
|           CUDA Device ID in use:      0
|                CUDA Device Name: GeForce GTX 1080 Ti
|     CUDA Device Global Mem Size:  11172 MB
| CUDA Device Num Multiprocessors:     28
|           CUDA Device Core Freq:   1.58 GHz
|
|--------------------------------------------------------
 
 
| Conditional Compilation Defines Used:
| PUBFFT
| BINTRAJ
| CUDA
| EMIL

| Largest sphere to fit in unit cell has radius =    24.825

| New format PARM file being parsed.
| Version =    1.000 Date = 11/06/17 Time = 09:43:47

| Note: 1-4 EEL scale factors are being read from the topology file.

| Note: 1-4 VDW scale factors are being read from the topology file.
| Duplicated    0 dihedrals

| Duplicated    0 dihedrals

--------------------------------------------------------------------------------
   1.  RESOURCE   USE: 
--------------------------------------------------------------------------------

 getting new box info from bottom of inpcrd
 NATOM  =   14797 NTYPES =      17 NBONH =   13853 MBONA  =     953
 NTHETH =    2337 MTHETA =    1282 NPHIH =    4475 MPHIA  =    3254
 NHPARM =       0 NPARM  =       0 NNB   =   28051 NRES   =    4390
 NBONA  =     953 NTHETA =    1282 NPHIA =    3254 NUMBND =      42
 NUMANG =      92 NPTRA  =      39 NATYP =      28 NPHB   =       1
 IFBOX  =       2 NMXRS  =      24 IFCAP =       0 NEXTRA =       0
 NCOPY  =       0

| Coordinate Index Table dimensions:     9    9    9
| Direct force subcell size =     6.7566    6.7566    6.7566

     BOX TYPE: TRUNCATED OCTAHEDRON

--------------------------------------------------------------------------------
   2.  CONTROL  DATA  FOR  THE  RUN
--------------------------------------------------------------------------------

default_name                                                                    

General flags:
     imin    =       0, nmropt  =       0

Nature and format of input:
     ntx     =       5, irest   =       1, ntrx    =       1

Nature and format of output:
     ntxo    =       1, ntpr    =     500, ntrx    =       1, ntwr    =     500
     iwrap   =       1, ntwx    =     500, ntwv    =       0, ntwe    =       0
     ioutfm  =       1, ntwprt  =       0, idecomp =       0, rbornstat=      0

Potential function:
     ntf     =       2, ntb     =       1, igb     =       0, nsnb    =      25
     ipol    =       0, gbsa    =       0, iesp    =       0
     dielc   =   1.00000, cut     =  10.00000, intdiel =   1.00000

Frozen or restrained atoms:
     ibelly  =       0, ntr     =       1
     restraint_wt =   0.00000

Molecular dynamics:
     nstlim  =     50000, nscm    =         0, nrespa  =         1
     t       =   0.00000, dt      =   0.00200, vlimit  =  -1.00000

Langevin dynamics temperature regulation:
     ig      =  740238
     temp0   = 300.00000, tempi   = 300.00000, gamma_ln=   5.00000

SHAKE:
     ntc     =       2, jfastw  =       0
     tol     =   0.00001

| Intermolecular bonds treatment:
|     no_intermolecular_bonds =       1

| Energy averages sample interval:
|     ene_avg_sampling =     500

Ewald parameters:
     verbose =       0, ew_type =       0, nbflag  =       1, use_pme =       1
     vdwmeth =       1, eedmeth =       1, netfrc  =       1
     Box X =   60.810   Box Y =   60.810   Box Z =   60.810
     Alpha =  109.471   Beta  =  109.471   Gamma =  109.471
     NFFT1 =   64       NFFT2 =   64       NFFT3 =   64
     Cutoff=   10.000   Tol   =0.100E-04
     Ewald Coefficient =  0.27511
     Interpolation order =    4

    LOADING THE CONSTRAINED ATOMS AS GROUPS


   5.  REFERENCE ATOM COORDINATES

  default_name                                                                    
     Mask :1-119@N,CA,C,O; matches   476 atoms

--------------------------------------------------------------------------------
   3.  ATOMIC COORDINATES AND VELOCITIES
--------------------------------------------------------------------------------

default_name                                                                    
 begin time read from input coords =  2940.000 ps

 
 Number of triangulated 3-point waters found:     4270

     Sum of charges from parm topology file =  -0.00000006
     Forcing neutrality...

| Dynamic Memory, Types Used:
| Reals              574581
| Integers           547196

| Nonbonded Pairs Initial Allocation:     4475722

| GPU memory information (estimate):
| KB of GPU memory in use:    140885
| KB of CPU memory in use:     29237

--------------------------------------------------------------------------------
   4.  RESULTS
--------------------------------------------------------------------------------

 ---------------------------------------------------
 APPROXIMATING switch and d/dx switch using CUBIC SPLINE INTERPOLATION
 using   5000.0 points per unit in tabled values
 TESTING RELATIVE ERROR over r ranging from 0.0 to cutoff
| CHECK switch(x): max rel err =   0.2738E-14   at   2.422500
| CHECK d/dx switch(x): max rel err =   0.8314E-11   at   2.736960
 ---------------------------------------------------
|---------------------------------------------------
| APPROXIMATING direct energy using CUBIC SPLINE INTERPOLATION
|  with   50.0 points per unit in tabled values
| Relative Error Limit not exceeded for r .gt.   2.33
| APPROXIMATING direct force using CUBIC SPLINE INTERPOLATION
|  with   50.0 points per unit in tabled values
| Relative Error Limit not exceeded for r .gt.   2.80
|---------------------------------------------------
wrapping first mol.:       20.26984       28.66588       49.65075
wrapping first mol.:       20.26984       28.66588       49.65075

 NSTEP =      500   TIME(PS) =    2941.000  TEMP(K) =   298.12  PRESS =     0.0
 Etot   =    -34149.7293  EKtot   =      9045.5996  EPtot      =    -43195.3289
 BOND   =       377.2290  ANGLE   =      1081.6762  DIHED      =      1354.1037
 1-4 NB =       436.5963  1-4 EEL =      6280.8842  VDWAALS    =      4925.2420
 EELEC  =    -57651.0602  EHBOND  =         0.0000  RESTRAINT  =         0.0000
 ------------------------------------------------------------------------------

wrapping first mol.:       20.26984       28.66588       49.65075
wrapping first mol.:       20.26984       28.66588       49.65075

 NSTEP =     1000   TIME(PS) =    2942.000  TEMP(K) =   303.96  PRESS =     0.0
 Etot   =    -34120.6762  EKtot   =      9222.8887  EPtot      =    -43343.5649
 BOND   =       380.3947  ANGLE   =      1050.1839  DIHED      =      1350.7843
 1-4 NB =       439.6005  1-4 EEL =      6338.2781  VDWAALS    =      4757.6020
 EELEC  =    -57660.4084  EHBOND  =         0.0000  RESTRAINT  =         0.0000
 ------------------------------------------------------------------------------

wrapping first mol.:       20.26984       28.66588       49.65075
wrapping first mol.:       20.26984       28.66588       49.65075

 NSTEP =     1500   TIME(PS) =    2943.000  TEMP(K) =   297.51  PRESS =     0.0
 Etot   =    -34460.1690  EKtot   =      9027.1973  EPtot      =    -43487.3663
 BOND   =       318.7063  ANGLE   =      1048.2977  DIHED      =      1356.2215
 1-4 NB =       426.2890  1-4 EEL =      6281.5079  VDWAALS    =      4942.9009
 EELEC  =    -57861.2896  EHBOND  =         0.0000  RESTRAINT  =         0.0000
 ------------------------------------------------------------------------------

wrapping first mol.:       20.26984       28.66588       49.65075
wrapping first mol.:       20.26984       28.66588       49.65075

 NSTEP =     2000   TIME(PS) =    2944.000  TEMP(K) =   297.69  PRESS =     0.0
 Etot   =    -34461.0540  EKtot   =      9032.7412  EPtot      =    -43493.7952
 BOND   =       356.6873  ANGLE   =      1037.3457  DIHED      =      1363.9401
 1-4 NB =       446.4450  1-4 EEL =      6316.3756  VDWAALS    =      4941.3081
 EELEC  =    -57955.8970  EHBOND  =         0.0000  RESTRAINT  =         0.0000
 ------------------------------------------------------------------------------

wrapping first mol.:       20.26984       28.66588       49.65075
wrapping first mol.:       20.26984       28.66588       49.65075

 NSTEP =     2500   TIME(PS) =    2945.000  TEMP(K) =   299.61  PRESS =     0.0
 Etot   =    -34419.7205  EKtot   =      9090.8115  EPtot      =    -43510.5320
 BOND   =       360.3670  ANGLE   =      1031.6620  DIHED      =      1340.1985
 1-4 NB =       444.7788  1-4 EEL =      6321.5584  VDWAALS    =      4868.7915
 EELEC  =    -57877.8882  EHBOND  =         0.0000  RESTRAINT  =         0.0000
 ------------------------------------------------------------------------------

wrapping first mol.:       20.26984       28.66588       49.65075
wrapping first mol.:       20.26984       28.66588       49.65075

 NSTEP =     3000   TIME(PS) =    2946.000  TEMP(K) =   301.29  PRESS =     0.0
 Etot   =    -34155.7956  EKtot   =      9141.9121  EPtot      =    -43297.7077
 BOND   =       358.4875  ANGLE   =      1050.6432  DIHED      =      1324.4775
 1-4 NB =       442.9270  1-4 EEL =      6336.3148  VDWAALS    =      4634.9441
 EELEC  =    -57445.5018  EHBOND  =         0.0000  RESTRAINT  =         0.0000
 ------------------------------------------------------------------------------

wrapping first mol.:       20.26984       28.66588       49.65075
wrapping first mol.:       20.26984       28.66588       49.65075

 NSTEP =     3500   TIME(PS) =    2947.000  TEMP(K) =   301.40  PRESS =     0.0
 Etot   =    -34174.5337  EKtot   =      9145.1289  EPtot      =    -43319.6626
 BOND   =       342.5569  ANGLE   =      1062.3971  DIHED      =      1338.3215
 1-4 NB =       446.2576  1-4 EEL =      6279.9679  VDWAALS    =      4749.7136
 EELEC  =    -57538.8773  EHBOND  =         0.0000  RESTRAINT  =         0.0000
 ------------------------------------------------------------------------------

wrapping first mol.:       20.26984       28.66588       49.65075
wrapping first mol.:       20.26984       28.66588       49.65075

 NSTEP =     4000   TIME(PS) =    2948.000  TEMP(K) =   303.01  PRESS =     0.0
 Etot   =    -34141.8320  EKtot   =      9194.0254  EPtot      =    -43335.8574
 BOND   =       336.1554  ANGLE   =      1061.3580  DIHED      =      1345.3043
 1-4 NB =       442.5715  1-4 EEL =      6305.2481  VDWAALS    =      4771.1036
 EELEC  =    -57597.5982  EHBOND  =         0.0000  RESTRAINT  =         0.0000
 ------------------------------------------------------------------------------

wrapping first mol.:       20.26984       28.66588       49.65075
wrapping first mol.:       20.26984       28.66588       49.65075

 NSTEP =     4500   TIME(PS) =    2949.000  TEMP(K) =   303.16  PRESS =     0.0
 Etot   =    -34195.0056  EKtot   =      9198.6162  EPtot      =    -43393.6218
 BOND   =       342.8465  ANGLE   =      1062.6251  DIHED      =      1336.3969
 1-4 NB =       444.5812  1-4 EEL =      6321.1342  VDWAALS    =      4465.4515
 EELEC  =    -57366.6572  EHBOND  =         0.0000  RESTRAINT  =         0.0000
 ------------------------------------------------------------------------------

wrapping first mol.:       20.26984       28.66588       49.65075
wrapping first mol.:       20.26984       28.66588       49.65075

 NSTEP =     5000   TIME(PS) =    2950.000  TEMP(K) =   302.79  PRESS =     0.0
 Etot   =    -33973.8966  EKtot   =      9187.2705  EPtot      =    -43161.1671
 BOND   =       353.6561  ANGLE   =      1060.6209  DIHED      =      1350.9389
 1-4 NB =       441.0876  1-4 EEL =      6305.2014  VDWAALS    =      4638.2663
 EELEC  =    -57310.9383  EHBOND  =         0.0000  RESTRAINT  =         0.0000
 ------------------------------------------------------------------------------

wrapping first mol.:       20.26984       28.66588       49.65075
wrapping first mol.:       20.26984       28.66588       49.65075

 NSTEP =     5500   TIME(PS) =    2951.000  TEMP(K) =   300.01  PRESS =     0.0
 Etot   =    -34222.4939  EKtot   =      9103.1689  EPtot      =    -43325.6629
 BOND   =       344.4178  ANGLE   =      1065.5955  DIHED      =      1368.7689
 1-4 NB =       451.4331  1-4 EEL =      6331.4123  VDWAALS    =      4688.1880
 EELEC  =    -57575.4784  EHBOND  =         0.0000  RESTRAINT  =         0.0000
 ------------------------------------------------------------------------------

wrapping first mol.:       20.26984       28.66588       49.65075
wrapping first mol.:       20.26984       28.66588       49.65075

 NSTEP =     6000   TIME(PS) =    2952.000  TEMP(K) =   294.24  PRESS =     0.0
 Etot   =    -34301.4273  EKtot   =      8927.9463  EPtot      =    -43229.3736
 BOND   =       361.9017  ANGLE   =      1051.0519  DIHED      =      1355.7477
 1-4 NB =       454.4056  1-4 EEL =      6319.7831  VDWAALS    =      4590.2069
 EELEC  =    -57362.4705  EHBOND  =         0.0000  RESTRAINT  =         0.0000
 ------------------------------------------------------------------------------

wrapping first mol.:       20.26984       28.66588       49.65075
wrapping first mol.:       20.26984       28.66588       49.65075

 NSTEP =     6500   TIME(PS) =    2953.000  TEMP(K) =   297.84  PRESS =     0.0
 Etot   =    -34229.6443  EKtot   =      9037.1748  EPtot      =    -43266.8191
 BOND   =       330.2762  ANGLE   =      1066.2135  DIHED      =      1352.2764
 1-4 NB =       449.7021  1-4 EEL =      6334.2971  VDWAALS    =      4671.6389
 EELEC  =    -57471.2233  EHBOND  =         0.0000  RESTRAINT  =         0.0000
 ------------------------------------------------------------------------------

wrapping first mol.:       20.26984       28.66588       49.65075
wrapping first mol.:       20.26984       28.66588       49.65075

 NSTEP =     7000   TIME(PS) =    2954.000  TEMP(K) =   301.57  PRESS =     0.0
 Etot   =    -34132.3316  EKtot   =      9150.2734  EPtot      =    -43282.6051
 BOND   =       363.9759  ANGLE   =      1054.9672  DIHED      =      1349.5115
 1-4 NB =       429.4025  1-4 EEL =      6307.5319  VDWAALS    =      4754.2326
 EELEC  =    -57542.2266  EHBOND  =         0.0000  RESTRAINT  =         0.0000
 ------------------------------------------------------------------------------

wrapping first mol.:       20.26984       28.66588       49.65075
wrapping first mol.:       20.26984       28.66588       49.65075

 NSTEP =     7500   TIME(PS) =    2955.000  TEMP(K) =   294.74  PRESS =     0.0
 Etot   =    -34368.5040  EKtot   =      8943.1914  EPtot      =    -43311.6954
 BOND   =       359.4868  ANGLE   =      1100.8798  DIHED      =      1331.3506
 1-4 NB =       445.8063  1-4 EEL =      6280.5876  VDWAALS    =      4786.6982
 EELEC  =    -57616.5047  EHBOND  =         0.0000  RESTRAINT  =         0.0000
 ------------------------------------------------------------------------------

wrapping first mol.:       20.26984       28.66588       49.65075
wrapping first mol.:       20.26984       28.66588       49.65075

 NSTEP =     8000   TIME(PS) =    2956.000  TEMP(K) =   297.39  PRESS =     0.0
 Etot   =    -34224.4358  EKtot   =      9023.4414  EPtot      =    -43247.8772
 BOND   =       336.2628  ANGLE   =      1046.7824  DIHED      =      1338.7242
 1-4 NB =       449.1711  1-4 EEL =      6312.0228  VDWAALS    =      4680.0700
 EELEC  =    -57410.9105  EHBOND  =         0.0000  RESTRAINT  =         0.0000
 ------------------------------------------------------------------------------

wrapping first mol.:       20.26984       28.66588       49.65075
wrapping first mol.:       20.26984       28.66588       49.65075

 NSTEP =     8500   TIME(PS) =    2957.000  TEMP(K) =   297.42  PRESS =     0.0
 Etot   =    -34238.8800  EKtot   =      9024.3486  EPtot      =    -43263.2286
 BOND   =       351.2917  ANGLE   =      1023.2530  DIHED      =      1338.2114
 1-4 NB =       438.7778  1-4 EEL =      6340.2453  VDWAALS    =      4693.7627
 EELEC  =    -57448.7705  EHBOND  =         0.0000  RESTRAINT  =         0.0000
 ------------------------------------------------------------------------------

wrapping first mol.:       20.26984       28.66588       49.65075
wrapping first mol.:       20.26984       28.66588       49.65075

 NSTEP =     9000   TIME(PS) =    2958.000  TEMP(K) =   299.02  PRESS =     0.0
 Etot   =    -34159.8256  EKtot   =      9073.0293  EPtot      =    -43232.8548
 BOND   =       386.2544  ANGLE   =      1094.3350  DIHED      =      1351.7801
 1-4 NB =       450.3676  1-4 EEL =      6308.8936  VDWAALS    =      4667.4427
 EELEC  =    -57491.9281  EHBOND  =         0.0000  RESTRAINT  =         0.0000
 ------------------------------------------------------------------------------

wrapping first mol.:       20.26984       28.66588       49.65075
wrapping first mol.:       20.26984       28.66588       49.65075

 NSTEP =     9500   TIME(PS) =    2959.000  TEMP(K) =   296.80  PRESS =     0.0
 Etot   =    -34264.4639  EKtot   =      9005.5000  EPtot      =    -43269.9639
 BOND   =       365.3876  ANGLE   =      1073.3295  DIHED      =      1327.9471
 1-4 NB =       434.5242  1-4 EEL =      6320.1583  VDWAALS    =      4619.2464
 EELEC  =    -57410.5570  EHBOND  =         0.0000  RESTRAINT  =         0.0000
 ------------------------------------------------------------------------------

wrapping first mol.:       20.26984       28.66588       49.65075
wrapping first mol.:       20.26984       28.66588       49.65075

 NSTEP =    10000   TIME(PS) =    2960.000  TEMP(K) =   303.60  PRESS =     0.0
 Etot   =    -34095.4151  EKtot   =      9212.0664  EPtot      =    -43307.4815
 BOND   =       368.9561  ANGLE   =      1071.1164  DIHED      =      1348.2779
 1-4 NB =       447.2345  1-4 EEL =      6299.6582  VDWAALS    =      4761.2992
 EELEC  =    -57604.0239  EHBOND  =         0.0000  RESTRAINT  =         0.0000
 ------------------------------------------------------------------------------

wrapping first mol.:       20.26984       28.66588       49.65075
wrapping first mol.:       20.26984       28.66588       49.65075

 NSTEP =    10500   TIME(PS) =    2961.000  TEMP(K) =   301.97  PRESS =     0.0
 Etot   =    -34137.7802  EKtot   =      9162.4033  EPtot      =    -43300.1835
 BOND   =       359.6262  ANGLE   =      1058.1980  DIHED      =      1328.2181
 1-4 NB =       438.7854  1-4 EEL =      6325.4209  VDWAALS    =      4593.4289
 EELEC  =    -57403.8610  EHBOND  =         0.0000  RESTRAINT  =         0.0000
 ------------------------------------------------------------------------------

wrapping first mol.:       20.26984       28.66588       49.65075
wrapping first mol.:       20.26984       28.66588       49.65075

 NSTEP =    11000   TIME(PS) =    2962.000  TEMP(K) =   300.41  PRESS =     0.0
 Etot   =    -34102.1017  EKtot   =      9115.1162  EPtot      =    -43217.2179
 BOND   =       333.8441  ANGLE   =      1093.8984  DIHED      =      1357.3846
 1-4 NB =       446.5115  1-4 EEL =      6317.2321  VDWAALS    =      4569.2767
 EELEC  =    -57335.3654  EHBOND  =         0.0000  RESTRAINT  =         0.0000
 ------------------------------------------------------------------------------

wrapping first mol.:       20.26984       28.66588       49.65075
wrapping first mol.:       20.26984       28.66588       49.65075

 NSTEP =    11500   TIME(PS) =    2963.000  TEMP(K) =   296.16  PRESS =     0.0
 Etot   =    -34412.8015  EKtot   =      8986.2305  EPtot      =    -43399.0320
 BOND   =       317.7596  ANGLE   =      1050.5729  DIHED      =      1336.1065
 1-4 NB =       439.1116  1-4 EEL =      6302.7123  VDWAALS    =      4725.5820
 EELEC  =    -57570.8768  EHBOND  =         0.0000  RESTRAINT  =         0.0000
 ------------------------------------------------------------------------------

wrapping first mol.:       20.26984       28.66588       49.65075
wrapping first mol.:       20.26984       28.66588       49.65075

 NSTEP =    12000   TIME(PS) =    2964.000  TEMP(K) =   302.74  PRESS =     0.0
 Etot   =    -34062.5765  EKtot   =      9185.9551  EPtot      =    -43248.5315
 BOND   =       361.5558  ANGLE   =      1072.9646  DIHED      =      1355.9752
 1-4 NB =       433.2955  1-4 EEL =      6323.2209  VDWAALS    =      4724.0265
 EELEC  =    -57519.5699  EHBOND  =         0.0000  RESTRAINT  =         0.0000
 ------------------------------------------------------------------------------

wrapping first mol.:       20.26984       28.66588       49.65075
wrapping first mol.:       20.26984       28.66588       49.65075

 NSTEP =    12500   TIME(PS) =    2965.000  TEMP(K) =   297.41  PRESS =     0.0
 Etot   =    -34064.4329  EKtot   =      9024.0840  EPtot      =    -43088.5169
 BOND   =       343.8904  ANGLE   =      1045.2074  DIHED      =      1342.8041
 1-4 NB =       454.1743  1-4 EEL =      6362.0170  VDWAALS    =      4564.2366
 EELEC  =    -57200.8466  EHBOND  =         0.0000  RESTRAINT  =         0.0000
 ------------------------------------------------------------------------------

wrapping first mol.:       20.26984       28.66588       49.65075
wrapping first mol.:       20.26984       28.66588       49.65075

 NSTEP =    13000   TIME(PS) =    2966.000  TEMP(K) =   302.16  PRESS =     0.0
 Etot   =    -34124.7931  EKtot   =      9168.1660  EPtot      =    -43292.9591
 BOND   =       365.2655  ANGLE   =      1013.4079  DIHED      =      1347.7546
 1-4 NB =       444.1890  1-4 EEL =      6277.5083  VDWAALS    =      4832.2797
 EELEC  =    -57573.3641  EHBOND  =         0.0000  RESTRAINT  =         0.0000
 ------------------------------------------------------------------------------

wrapping first mol.:       20.26984       28.66588       49.65075
wrapping first mol.:       20.26984       28.66588       49.65075

 NSTEP =    13500   TIME(PS) =    2967.000  TEMP(K) =   297.44  PRESS =     0.0
 Etot   =    -34199.7754  EKtot   =      9024.9873  EPtot      =    -43224.7627
 BOND   =       392.2193  ANGLE   =      1114.9123  DIHED      =      1340.5700
 1-4 NB =       420.1095  1-4 EEL =      6291.1032  VDWAALS    =      4706.6687
 EELEC  =    -57490.3457  EHBOND  =         0.0000  RESTRAINT  =         0.0000
 ------------------------------------------------------------------------------

wrapping first mol.:       20.26984       28.66588       49.65075
wrapping first mol.:       20.26984       28.66588       49.65075

 NSTEP =    14000   TIME(PS) =    2968.000  TEMP(K) =   299.66  PRESS =     0.0
 Etot   =    -34283.6333  EKtot   =      9092.4346  EPtot      =    -43376.0679
 BOND   =       362.8558  ANGLE   =      1018.9213  DIHED      =      1344.8568
 1-4 NB =       448.1977  1-4 EEL =      6300.6024  VDWAALS    =      4628.8909
 EELEC  =    -57480.3928  EHBOND  =         0.0000  RESTRAINT  =         0.0000
 ------------------------------------------------------------------------------

wrapping first mol.:       20.26984       28.66588       49.65075
wrapping first mol.:       20.26984       28.66588       49.65075

 NSTEP =    14500   TIME(PS) =    2969.000  TEMP(K) =   301.59  PRESS =     0.0
 Etot   =    -34163.7597  EKtot   =      9151.0791  EPtot      =    -43314.8388
 BOND   =       360.1853  ANGLE   =      1048.5257  DIHED      =      1370.0783
 1-4 NB =       456.9244  1-4 EEL =      6339.0444  VDWAALS    =      4654.1477
 EELEC  =    -57543.7446  EHBOND  =         0.0000  RESTRAINT  =         0.0000
 ------------------------------------------------------------------------------

wrapping first mol.:       20.26984       28.66588       49.65075
wrapping first mol.:       20.26984       28.66588       49.65075

 NSTEP =    15000   TIME(PS) =    2970.000  TEMP(K) =   301.05  PRESS =     0.0
 Etot   =    -34406.6570  EKtot   =      9134.4941  EPtot      =    -43541.1512
 BOND   =       354.3497  ANGLE   =      1025.2975  DIHED      =      1348.0601
 1-4 NB =       434.6890  1-4 EEL =      6299.4961  VDWAALS    =      4737.6123
 EELEC  =    -57740.6559  EHBOND  =         0.0000  RESTRAINT  =         0.0000
 ------------------------------------------------------------------------------

wrapping first mol.:       20.26984       28.66588       49.65075
wrapping first mol.:       20.26984       28.66588       49.65075

 NSTEP =    15500   TIME(PS) =    2971.000  TEMP(K) =   300.47  PRESS =     0.0
 Etot   =    -34257.0061  EKtot   =      9117.0088  EPtot      =    -43374.0149
 BOND   =       348.1316  ANGLE   =      1095.9236  DIHED      =      1361.7336
 1-4 NB =       446.0340  1-4 EEL =      6274.0245  VDWAALS    =      4866.7592
 EELEC  =    -57766.6214  EHBOND  =         0.0000  RESTRAINT  =         0.0000
 ------------------------------------------------------------------------------

wrapping first mol.:       20.26984       28.66588       49.65075
wrapping first mol.:       20.26984       28.66588       49.65075

 NSTEP =    16000   TIME(PS) =    2972.000  TEMP(K) =   301.10  PRESS =     0.0
 Etot   =    -34131.3855  EKtot   =      9136.1426  EPtot      =    -43267.5281
 BOND   =       360.7732  ANGLE   =      1104.2582  DIHED      =      1355.1301
 1-4 NB =       450.4888  1-4 EEL =      6304.0165  VDWAALS    =      4727.0609
 EELEC  =    -57569.2558  EHBOND  =         0.0000  RESTRAINT  =         0.0000
 ------------------------------------------------------------------------------

wrapping first mol.:       20.26984       28.66588       49.65075
wrapping first mol.:       20.26984       28.66588       49.65075

 NSTEP =    16500   TIME(PS) =    2973.000  TEMP(K) =   299.72  PRESS =     0.0
 Etot   =    -34246.3424  EKtot   =      9094.2988  EPtot      =    -43340.6412
 BOND   =       347.2333  ANGLE   =      1038.6769  DIHED      =      1356.7184
 1-4 NB =       448.9341  1-4 EEL =      6328.0075  VDWAALS    =      4716.0775
 EELEC  =    -57576.2889  EHBOND  =         0.0000  RESTRAINT  =         0.0000
 ------------------------------------------------------------------------------

wrapping first mol.:       20.26984       28.66588       49.65075
wrapping first mol.:       20.26984       28.66588       49.65075

 NSTEP =    17000   TIME(PS) =    2974.000  TEMP(K) =   295.46  PRESS =     0.0
 Etot   =    -34420.6661  EKtot   =      8965.0938  EPtot      =    -43385.7598
 BOND   =       325.7510  ANGLE   =      1058.0028  DIHED      =      1338.8842
 1-4 NB =       455.1742  1-4 EEL =      6321.7638  VDWAALS    =      4888.1466
 EELEC  =    -57773.4824  EHBOND  =         0.0000  RESTRAINT  =         0.0000
 ------------------------------------------------------------------------------

wrapping first mol.:       20.26984       28.66588       49.65075
wrapping first mol.:       20.26984       28.66588       49.65075

 NSTEP =    17500   TIME(PS) =    2975.000  TEMP(K) =   301.80  PRESS =     0.0
 Etot   =    -34266.3408  EKtot   =      9157.3398  EPtot      =    -43423.6806
 BOND   =       361.8706  ANGLE   =      1114.4918  DIHED      =      1327.5054
 1-4 NB =       437.6191  1-4 EEL =      6318.8451  VDWAALS    =      4756.9374
 EELEC  =    -57740.9501  EHBOND  =         0.0000  RESTRAINT  =         0.0000
 ------------------------------------------------------------------------------

wrapping first mol.:       20.26984       28.66588       49.65075
wrapping first mol.:       20.26984       28.66588       49.65075

 NSTEP =    18000   TIME(PS) =    2976.000  TEMP(K) =   298.41  PRESS =     0.0
 Etot   =    -34411.9511  EKtot   =      9054.3750  EPtot      =    -43466.3261
 BOND   =       331.1418  ANGLE   =      1067.7424  DIHED      =      1346.6203
 1-4 NB =       444.8754  1-4 EEL =      6300.9249  VDWAALS    =      4917.2154
 EELEC  =    -57874.8463  EHBOND  =         0.0000  RESTRAINT  =         0.0000
 ------------------------------------------------------------------------------

wrapping first mol.:       20.26984       28.66588       49.65075
wrapping first mol.:       20.26984       28.66588       49.65075

 NSTEP =    18500   TIME(PS) =    2977.000  TEMP(K) =   301.09  PRESS =     0.0
 Etot   =    -34222.6966  EKtot   =      9135.9199  EPtot      =    -43358.6165
 BOND   =       357.5436  ANGLE   =      1096.6165  DIHED      =      1345.9100
 1-4 NB =       434.4869  1-4 EEL =      6311.4613  VDWAALS    =      4826.2569
 EELEC  =    -57730.8918  EHBOND  =         0.0000  RESTRAINT  =         0.0000
 ------------------------------------------------------------------------------

wrapping first mol.:       20.26984       28.66588       49.65075
wrapping first mol.:       20.26984       28.66588       49.65075

 NSTEP =    19000   TIME(PS) =    2978.000  TEMP(K) =   298.41  PRESS =     0.0
 Etot   =    -34377.9624  EKtot   =      9054.3613  EPtot      =    -43432.3237
 BOND   =       351.4586  ANGLE   =      1041.0134  DIHED      =      1346.6715
 1-4 NB =       434.2623  1-4 EEL =      6299.2586  VDWAALS    =      4752.8889
 EELEC  =    -57657.8770  EHBOND  =         0.0000  RESTRAINT  =         0.0000
 ------------------------------------------------------------------------------

wrapping first mol.:       20.26984       28.66588       49.65075
wrapping first mol.:       20.26984       28.66588       49.65075

 NSTEP =    19500   TIME(PS) =    2979.000  TEMP(K) =   303.87  PRESS =     0.0
 Etot   =    -34150.0206  EKtot   =      9220.1748  EPtot      =    -43370.1954
 BOND   =       346.0126  ANGLE   =      1010.0426  DIHED      =      1358.0143
 1-4 NB =       426.6011  1-4 EEL =      6338.3639  VDWAALS    =      4623.0020
 EELEC  =    -57472.2319  EHBOND  =         0.0000  RESTRAINT  =         0.0000
 ------------------------------------------------------------------------------

wrapping first mol.:       20.26984       28.66588       49.65075
wrapping first mol.:       20.26984       28.66588       49.65075

 NSTEP =    20000   TIME(PS) =    2980.000  TEMP(K) =   300.90  PRESS =     0.0
 Etot   =    -34011.9698  EKtot   =      9130.1201  EPtot      =    -43142.0899
 BOND   =       346.6506  ANGLE   =      1050.3680  DIHED      =      1361.1549
 1-4 NB =       431.3560  1-4 EEL =      6304.0233  VDWAALS    =      4700.3923
 EELEC  =    -57336.0348  EHBOND  =         0.0000  RESTRAINT  =         0.0000
 ------------------------------------------------------------------------------

wrapping first mol.:       20.26984       28.66588       49.65075
wrapping first mol.:       20.26984       28.66588       49.65075

 NSTEP =    20500   TIME(PS) =    2981.000  TEMP(K) =   298.94  PRESS =     0.0
 Etot   =    -34257.5397  EKtot   =      9070.6914  EPtot      =    -43328.2311
 BOND   =       353.8163  ANGLE   =      1030.3856  DIHED      =      1342.4920
 1-4 NB =       443.4545  1-4 EEL =      6305.9326  VDWAALS    =      4856.9306
 EELEC  =    -57661.2426  EHBOND  =         0.0000  RESTRAINT  =         0.0000
 ------------------------------------------------------------------------------

wrapping first mol.:       20.26984       28.66588       49.65075
wrapping first mol.:       20.26984       28.66588       49.65075

 NSTEP =    21000   TIME(PS) =    2982.000  TEMP(K) =   304.27  PRESS =     0.0
 Etot   =    -34129.7003  EKtot   =      9232.2207  EPtot      =    -43361.9210
 BOND   =       333.8341  ANGLE   =      1046.1680  DIHED      =      1356.4327
 1-4 NB =       448.1070  1-4 EEL =      6339.6076  VDWAALS    =      4750.8661
 EELEC  =    -57636.9365  EHBOND  =         0.0000  RESTRAINT  =         0.0000
 ------------------------------------------------------------------------------

wrapping first mol.:       20.26984       28.66588       49.65075
wrapping first mol.:       20.26984       28.66588       49.65075

 NSTEP =    21500   TIME(PS) =    2983.000  TEMP(K) =   298.48  PRESS =     0.0
 Etot   =    -34178.0058  EKtot   =      9056.5332  EPtot      =    -43234.5390
 BOND   =       400.6084  ANGLE   =      1033.8579  DIHED      =      1346.5488
 1-4 NB =       436.2723  1-4 EEL =      6292.1812  VDWAALS    =      4782.6322
 EELEC  =    -57526.6398  EHBOND  =         0.0000  RESTRAINT  =         0.0000
 ------------------------------------------------------------------------------

wrapping first mol.:       20.26984       28.66588       49.65075
wrapping first mol.:       20.26984       28.66588       49.65075

 NSTEP =    22000   TIME(PS) =    2984.000  TEMP(K) =   302.32  PRESS =     0.0
 Etot   =    -34040.8335  EKtot   =      9173.0400  EPtot      =    -43213.8735
 BOND   =       365.7796  ANGLE   =      1085.4752  DIHED      =      1369.8292
 1-4 NB =       441.0897  1-4 EEL =      6268.6434  VDWAALS    =      4669.1075
 EELEC  =    -57413.7982  EHBOND  =         0.0000  RESTRAINT  =         0.0000
 ------------------------------------------------------------------------------

wrapping first mol.:       20.26984       28.66588       49.65075
wrapping first mol.:       20.26984       28.66588       49.65075

 NSTEP =    22500   TIME(PS) =    2985.000  TEMP(K) =   298.28  PRESS =     0.0
 Etot   =    -34434.8648  EKtot   =      9050.4756  EPtot      =    -43485.3403
 BOND   =       315.9425  ANGLE   =      1098.7358  DIHED      =      1339.1766
 1-4 NB =       444.4320  1-4 EEL =      6287.3213  VDWAALS    =      4838.9944
 EELEC  =    -57809.9429  EHBOND  =         0.0000  RESTRAINT  =         0.0000
 ------------------------------------------------------------------------------

wrapping first mol.:       20.26984       28.66588       49.65075
wrapping first mol.:       20.26984       28.66588       49.65075

 NSTEP =    23000   TIME(PS) =    2986.000  TEMP(K) =   303.99  PRESS =     0.0
 Etot   =    -34007.3846  EKtot   =      9223.6797  EPtot      =    -43231.0643
 BOND   =       360.7700  ANGLE   =      1089.2517  DIHED      =      1368.1760
 1-4 NB =       429.8396  1-4 EEL =      6284.8700  VDWAALS    =      4782.2736
 EELEC  =    -57546.2452  EHBOND  =         0.0000  RESTRAINT  =         0.0000
 ------------------------------------------------------------------------------

wrapping first mol.:       20.26984       28.66588       49.65075
wrapping first mol.:       20.26984       28.66588       49.65075

 NSTEP =    23500   TIME(PS) =    2987.000  TEMP(K) =   301.48  PRESS =     0.0
 Etot   =    -34264.1989  EKtot   =      9147.6543  EPtot      =    -43411.8532
 BOND   =       339.7462  ANGLE   =      1070.9912  DIHED      =      1364.4369
 1-4 NB =       444.3798  1-4 EEL =      6310.7851  VDWAALS    =      4809.7152
 EELEC  =    -57751.9077  EHBOND  =         0.0000  RESTRAINT  =         0.0000
 ------------------------------------------------------------------------------

wrapping first mol.:       20.26984       28.66588       49.65075
wrapping first mol.:       20.26984       28.66588       49.65075

 NSTEP =    24000   TIME(PS) =    2988.000  TEMP(K) =   301.98  PRESS =     0.0
 Etot   =    -34348.6369  EKtot   =      9162.7139  EPtot      =    -43511.3508
 BOND   =       361.9129  ANGLE   =      1082.1993  DIHED      =      1351.0668
 1-4 NB =       437.7397  1-4 EEL =      6293.8887  VDWAALS    =      4761.8383
 EELEC  =    -57799.9965  EHBOND  =         0.0000  RESTRAINT  =         0.0000
 ------------------------------------------------------------------------------

wrapping first mol.:       20.26984       28.66588       49.65075
wrapping first mol.:       20.26984       28.66588       49.65075

 NSTEP =    24500   TIME(PS) =    2989.000  TEMP(K) =   294.20  PRESS =     0.0
 Etot   =    -34446.1023  EKtot   =      8926.7529  EPtot      =    -43372.8552
 BOND   =       349.6668  ANGLE   =      1074.4531  DIHED      =      1379.1078
 1-4 NB =       453.8756  1-4 EEL =      6303.0722  VDWAALS    =      4797.1768
 EELEC  =    -57730.2075  EHBOND  =         0.0000  RESTRAINT  =         0.0000
 ------------------------------------------------------------------------------

wrapping first mol.:       20.26984       28.66588       49.65075
wrapping first mol.:       20.26984       28.66588       49.65075

 NSTEP =    25000   TIME(PS) =    2990.000  TEMP(K) =   299.26  PRESS =     0.0
 Etot   =    -34348.7917  EKtot   =      9080.1309  EPtot      =    -43428.9225
 BOND   =       375.4512  ANGLE   =      1035.2206  DIHED      =      1316.6969
 1-4 NB =       437.3965  1-4 EEL =      6292.5402  VDWAALS    =      4720.1384
 EELEC  =    -57606.3664  EHBOND  =         0.0000  RESTRAINT  =         0.0000
 ------------------------------------------------------------------------------

wrapping first mol.:       20.26984       28.66588       49.65075
wrapping first mol.:       20.26984       28.66588       49.65075

 NSTEP =    25500   TIME(PS) =    2991.000  TEMP(K) =   296.99  PRESS =     0.0
 Etot   =    -34387.6014  EKtot   =      9011.2734  EPtot      =    -43398.8749
 BOND   =       352.6037  ANGLE   =      1066.4530  DIHED      =      1373.5836
 1-4 NB =       439.7887  1-4 EEL =      6307.2902  VDWAALS    =      4812.3481
 EELEC  =    -57750.9423  EHBOND  =         0.0000  RESTRAINT  =         0.0000
 ------------------------------------------------------------------------------

wrapping first mol.:       20.26984       28.66588       49.65075
wrapping first mol.:       20.26984       28.66588       49.65075

 NSTEP =    26000   TIME(PS) =    2992.000  TEMP(K) =   297.82  PRESS =     0.0
 Etot   =    -34169.7887  EKtot   =      9036.6689  EPtot      =    -43206.4576
 BOND   =       347.8767  ANGLE   =      1080.9020  DIHED      =      1346.5664
 1-4 NB =       441.7934  1-4 EEL =      6266.7487  VDWAALS    =      4699.7632
 EELEC  =    -57390.1081  EHBOND  =         0.0000  RESTRAINT  =         0.0000
 ------------------------------------------------------------------------------

wrapping first mol.:       20.26984       28.66588       49.65075
wrapping first mol.:       20.26984       28.66588       49.65075

 NSTEP =    26500   TIME(PS) =    2993.000  TEMP(K) =   298.94  PRESS =     0.0
 Etot   =    -34433.4315  EKtot   =      9070.5205  EPtot      =    -43503.9520
 BOND   =       355.2887  ANGLE   =      1101.0666  DIHED      =      1327.3473
 1-4 NB =       453.6719  1-4 EEL =      6306.6332  VDWAALS    =      4836.7747
 EELEC  =    -57884.7345  EHBOND  =         0.0000  RESTRAINT  =         0.0000
 ------------------------------------------------------------------------------

wrapping first mol.:       20.26984       28.66588       49.65075
wrapping first mol.:       20.26984       28.66588       49.65075

 NSTEP =    27000   TIME(PS) =    2994.000  TEMP(K) =   292.66  PRESS =     0.0
 Etot   =    -34519.1485  EKtot   =      8880.1514  EPtot      =    -43399.2998
 BOND   =       334.1274  ANGLE   =      1074.4056  DIHED      =      1335.2582
 1-4 NB =       452.7234  1-4 EEL =      6326.3885  VDWAALS    =      4839.9529
 EELEC  =    -57762.1559  EHBOND  =         0.0000  RESTRAINT  =         0.0000
 ------------------------------------------------------------------------------

wrapping first mol.:       20.26984       28.66588       49.65075
wrapping first mol.:       20.26984       28.66588       49.65075

 NSTEP =    27500   TIME(PS) =    2995.000  TEMP(K) =   300.91  PRESS =     0.0
 Etot   =    -34513.6620  EKtot   =      9130.3584  EPtot      =    -43644.0204
 BOND   =       343.0480  ANGLE   =      1085.6002  DIHED      =      1336.7497
 1-4 NB =       433.7078  1-4 EEL =      6308.4399  VDWAALS    =      4608.1639
 EELEC  =    -57759.7299  EHBOND  =         0.0000  RESTRAINT  =         0.0000
 ------------------------------------------------------------------------------

wrapping first mol.:       20.26984       28.66588       49.65075
wrapping first mol.:       20.26984       28.66588       49.65075

 NSTEP =    28000   TIME(PS) =    2996.000  TEMP(K) =   298.51  PRESS =     0.0
 Etot   =    -34253.5197  EKtot   =      9057.5215  EPtot      =    -43311.0411
 BOND   =       335.0625  ANGLE   =      1086.3504  DIHED      =      1336.1138
 1-4 NB =       449.9912  1-4 EEL =      6326.1178  VDWAALS    =      4580.7954
 EELEC  =    -57425.4723  EHBOND  =         0.0000  RESTRAINT  =         0.0000
 ------------------------------------------------------------------------------

wrapping first mol.:       20.26984       28.66588       49.65075
wrapping first mol.:       20.26984       28.66588       49.65075

 NSTEP =    28500   TIME(PS) =    2997.000  TEMP(K) =   299.94  PRESS =     0.0
 Etot   =    -34321.5618  EKtot   =      9100.9570  EPtot      =    -43422.5189
 BOND   =       345.9265  ANGLE   =      1069.8034  DIHED      =      1350.2224
 1-4 NB =       437.7236  1-4 EEL =      6304.0997  VDWAALS    =      4813.5040
 EELEC  =    -57743.7985  EHBOND  =         0.0000  RESTRAINT  =         0.0000
 ------------------------------------------------------------------------------

wrapping first mol.:       20.26984       28.66588       49.65075
wrapping first mol.:       20.26984       28.66588       49.65075

 NSTEP =    29000   TIME(PS) =    2998.000  TEMP(K) =   297.18  PRESS =     0.0
 Etot   =    -34288.5946  EKtot   =      9017.1436  EPtot      =    -43305.7382
 BOND   =       373.4339  ANGLE   =      1070.3045  DIHED      =      1328.6386
 1-4 NB =       433.2007  1-4 EEL =      6279.7883  VDWAALS    =      4614.2748
 EELEC  =    -57405.3790  EHBOND  =         0.0000  RESTRAINT  =         0.0000
 ------------------------------------------------------------------------------

wrapping first mol.:       20.26984       28.66588       49.65075
wrapping first mol.:       20.26984       28.66588       49.65075

 NSTEP =    29500   TIME(PS) =    2999.000  TEMP(K) =   298.56  PRESS =     0.0
 Etot   =    -34401.2215  EKtot   =      9058.8916  EPtot      =    -43460.1131
 BOND   =       365.7473  ANGLE   =      1051.7421  DIHED      =      1361.4103
 1-4 NB =       430.4151  1-4 EEL =      6282.5385  VDWAALS    =      4784.2768
 EELEC  =    -57736.2431  EHBOND  =         0.0000  RESTRAINT  =         0.0000
 ------------------------------------------------------------------------------

wrapping first mol.:       20.26984       28.66588       49.65075
wrapping first mol.:       20.26984       28.66588       49.65075

 NSTEP =    30000   TIME(PS) =    3000.000  TEMP(K) =   298.51  PRESS =     0.0
 Etot   =    -34401.8928  EKtot   =      9057.5205  EPtot      =    -43459.4133
 BOND   =       338.6664  ANGLE   =      1050.3656  DIHED      =      1359.6304
 1-4 NB =       444.9153  1-4 EEL =      6370.7173  VDWAALS    =      4929.1754
 EELEC  =    -57952.8836  EHBOND  =         0.0000  RESTRAINT  =         0.0000
 ------------------------------------------------------------------------------

wrapping first mol.:       20.26984       28.66588       49.65075
wrapping first mol.:       20.26984       28.66588       49.65075

 NSTEP =    30500   TIME(PS) =    3001.000  TEMP(K) =   300.31  PRESS =     0.0
 Etot   =    -34232.0374  EKtot   =      9112.1084  EPtot      =    -43344.1458
 BOND   =       371.3967  ANGLE   =      1107.7150  DIHED      =      1359.9100
 1-4 NB =       438.8588  1-4 EEL =      6315.0641  VDWAALS    =      4756.6664
 EELEC  =    -57693.7567  EHBOND  =         0.0000  RESTRAINT  =         0.0000
 ------------------------------------------------------------------------------

wrapping first mol.:       20.26984       28.66588       49.65075
wrapping first mol.:       20.26984       28.66588       49.65075

 NSTEP =    31000   TIME(PS) =    3002.000  TEMP(K) =   298.44  PRESS =     0.0
 Etot   =    -34294.6936  EKtot   =      9055.3379  EPtot      =    -43350.0315
 BOND   =       339.8754  ANGLE   =      1111.6784  DIHED      =      1346.1045
 1-4 NB =       440.3028  1-4 EEL =      6335.4885  VDWAALS    =      4473.9779
 EELEC  =    -57397.4590  EHBOND  =         0.0000  RESTRAINT  =         0.0000
 ------------------------------------------------------------------------------

wrapping first mol.:       20.26984       28.66588       49.65075
wrapping first mol.:       20.26984       28.66588       49.65075

 NSTEP =    31500   TIME(PS) =    3003.000  TEMP(K) =   297.37  PRESS =     0.0
 Etot   =    -34315.9353  EKtot   =      9022.8662  EPtot      =    -43338.8015
 BOND   =       325.2134  ANGLE   =      1052.1002  DIHED      =      1350.9088
 1-4 NB =       445.4387  1-4 EEL =      6349.5584  VDWAALS    =      4928.2839
 EELEC  =    -57790.3049  EHBOND  =         0.0000  RESTRAINT  =         0.0000
 ------------------------------------------------------------------------------

wrapping first mol.:       20.26984       28.66588       49.65075
wrapping first mol.:       20.26984       28.66588       49.65075

 NSTEP =    32000   TIME(PS) =    3004.000  TEMP(K) =   297.51  PRESS =     0.0
 Etot   =    -34330.5299  EKtot   =      9027.1338  EPtot      =    -43357.6637
 BOND   =       343.7100  ANGLE   =      1067.3828  DIHED      =      1345.2354
 1-4 NB =       445.8829  1-4 EEL =      6302.7520  VDWAALS    =      4779.5923
 EELEC  =    -57642.2191  EHBOND  =         0.0000  RESTRAINT  =         0.0000
 ------------------------------------------------------------------------------

wrapping first mol.:       20.26984       28.66588       49.65075
wrapping first mol.:       20.26984       28.66588       49.65075

 NSTEP =    32500   TIME(PS) =    3005.000  TEMP(K) =   301.15  PRESS =     0.0
 Etot   =    -34323.6650  EKtot   =      9137.6914  EPtot      =    -43461.3564
 BOND   =       361.8261  ANGLE   =      1056.2959  DIHED      =      1355.6838
 1-4 NB =       434.4104  1-4 EEL =      6327.1460  VDWAALS    =      4764.5456
 EELEC  =    -57761.2643  EHBOND  =         0.0000  RESTRAINT  =         0.0000
 ------------------------------------------------------------------------------

wrapping first mol.:       20.26984       28.66588       49.65075
wrapping first mol.:       20.26984       28.66588       49.65075

 NSTEP =    33000   TIME(PS) =    3006.000  TEMP(K) =   297.54  PRESS =     0.0
 Etot   =    -34451.4650  EKtot   =      9028.1436  EPtot      =    -43479.6085
 BOND   =       363.8772  ANGLE   =      1066.0316  DIHED      =      1341.5746
 1-4 NB =       439.9756  1-4 EEL =      6265.7220  VDWAALS    =      4704.1718
 EELEC  =    -57660.9614  EHBOND  =         0.0000  RESTRAINT  =         0.0000
 ------------------------------------------------------------------------------

wrapping first mol.:       20.26984       28.66588       49.65075
wrapping first mol.:       20.26984       28.66588       49.65075

 NSTEP =    33500   TIME(PS) =    3007.000  TEMP(K) =   299.18  PRESS =     0.0
 Etot   =    -34261.2811  EKtot   =      9077.7734  EPtot      =    -43339.0546
 BOND   =       333.7150  ANGLE   =      1087.2952  DIHED      =      1344.5433
 1-4 NB =       438.5352  1-4 EEL =      6310.0722  VDWAALS    =      4904.3606
 EELEC  =    -57757.5762  EHBOND  =         0.0000  RESTRAINT  =         0.0000
 ------------------------------------------------------------------------------

wrapping first mol.:       20.26984       28.66588       49.65075
wrapping first mol.:       20.26984       28.66588       49.65075

 NSTEP =    34000   TIME(PS) =    3008.000  TEMP(K) =   302.90  PRESS =     0.0
 Etot   =    -34328.1486  EKtot   =      9190.5811  EPtot      =    -43518.7297
 BOND   =       377.5936  ANGLE   =      1108.0814  DIHED      =      1343.3116
 1-4 NB =       442.4225  1-4 EEL =      6319.0946  VDWAALS    =      4865.0707
 EELEC  =    -57974.3040  EHBOND  =         0.0000  RESTRAINT  =         0.0000
 ------------------------------------------------------------------------------

wrapping first mol.:       20.26984       28.66588       49.65075
wrapping first mol.:       20.26984       28.66588       49.65075

 NSTEP =    34500   TIME(PS) =    3009.000  TEMP(K) =   296.92  PRESS =     0.0
 Etot   =    -34354.6554  EKtot   =      9009.2939  EPtot      =    -43363.9493
 BOND   =       345.7709  ANGLE   =      1033.1576  DIHED      =      1331.0013
 1-4 NB =       444.0653  1-4 EEL =      6358.9928  VDWAALS    =      4705.7842
 EELEC  =    -57582.7214  EHBOND  =         0.0000  RESTRAINT  =         0.0000
 ------------------------------------------------------------------------------

wrapping first mol.:       20.26984       28.66588       49.65075
wrapping first mol.:       20.26984       28.66588       49.65075

 NSTEP =    35000   TIME(PS) =    3010.000  TEMP(K) =   301.96  PRESS =     0.0
 Etot   =    -34338.3648  EKtot   =      9162.2988  EPtot      =    -43500.6636
 BOND   =       372.9474  ANGLE   =      1046.9826  DIHED      =      1350.9369
 1-4 NB =       454.7711  1-4 EEL =      6347.7790  VDWAALS    =      4718.8066
 EELEC  =    -57792.8873  EHBOND  =         0.0000  RESTRAINT  =         0.0000
 ------------------------------------------------------------------------------

wrapping first mol.:       20.26984       28.66588       49.65075
wrapping first mol.:       20.26984       28.66588       49.65075

 NSTEP =    35500   TIME(PS) =    3011.000  TEMP(K) =   297.76  PRESS =     0.0
 Etot   =    -34370.2953  EKtot   =      9034.8730  EPtot      =    -43405.1683
 BOND   =       351.5803  ANGLE   =       986.5856  DIHED      =      1354.8640
 1-4 NB =       439.1016  1-4 EEL =      6325.8036  VDWAALS    =      4689.7308
 EELEC  =    -57552.8343  EHBOND  =         0.0000  RESTRAINT  =         0.0000
 ------------------------------------------------------------------------------

wrapping first mol.:       20.26984       28.66588       49.65075
wrapping first mol.:       20.26984       28.66588       49.65075

 NSTEP =    36000   TIME(PS) =    3012.000  TEMP(K) =   302.61  PRESS =     0.0
 Etot   =    -34247.6526  EKtot   =      9181.8604  EPtot      =    -43429.5129
 BOND   =       342.5328  ANGLE   =      1012.5302  DIHED      =      1360.1048
 1-4 NB =       445.7256  1-4 EEL =      6293.9185  VDWAALS    =      4694.7724
 EELEC  =    -57579.0973  EHBOND  =         0.0000  RESTRAINT  =         0.0000
 ------------------------------------------------------------------------------

wrapping first mol.:       20.26984       28.66588       49.65075
wrapping first mol.:       20.26984       28.66588       49.65075

 NSTEP =    36500   TIME(PS) =    3013.000  TEMP(K) =   300.43  PRESS =     0.0
 Etot   =    -34287.6628  EKtot   =      9115.9170  EPtot      =    -43403.5798
 BOND   =       351.3291  ANGLE   =      1044.7652  DIHED      =      1388.3653
 1-4 NB =       446.0607  1-4 EEL =      6314.8497  VDWAALS    =      4792.2521
 EELEC  =    -57741.2020  EHBOND  =         0.0000  RESTRAINT  =         0.0000
 ------------------------------------------------------------------------------

wrapping first mol.:       20.26984       28.66588       49.65075
wrapping first mol.:       20.26984       28.66588       49.65075

 NSTEP =    37000   TIME(PS) =    3014.000  TEMP(K) =   298.23  PRESS =     0.0
 Etot   =    -34539.1699  EKtot   =      9048.9473  EPtot      =    -43588.1172
 BOND   =       334.2596  ANGLE   =      1091.2097  DIHED      =      1350.0647
 1-4 NB =       453.8687  1-4 EEL =      6311.6431  VDWAALS    =      4880.3885
 EELEC  =    -58009.5516  EHBOND  =         0.0000  RESTRAINT  =         0.0000
 ------------------------------------------------------------------------------

wrapping first mol.:       20.26984       28.66588       49.65075
wrapping first mol.:       20.26984       28.66588       49.65075

 NSTEP =    37500   TIME(PS) =    3015.000  TEMP(K) =   303.53  PRESS =     0.0
 Etot   =    -34165.3417  EKtot   =      9209.7666  EPtot      =    -43375.1083
 BOND   =       327.3159  ANGLE   =      1039.4810  DIHED      =      1363.7871
 1-4 NB =       448.2140  1-4 EEL =      6338.4361  VDWAALS    =      4736.6946
 EELEC  =    -57629.0370  EHBOND  =         0.0000  RESTRAINT  =         0.0000
 ------------------------------------------------------------------------------

wrapping first mol.:       20.26984       28.66588       49.65075
wrapping first mol.:       20.26984       28.66588       49.65075

 NSTEP =    38000   TIME(PS) =    3016.000  TEMP(K) =   301.28  PRESS =     0.0
 Etot   =    -34230.1633  EKtot   =      9141.6758  EPtot      =    -43371.8391
 BOND   =       346.5365  ANGLE   =      1062.6930  DIHED      =      1365.1115
 1-4 NB =       442.7726  1-4 EEL =      6323.9672  VDWAALS    =      4768.6828
 EELEC  =    -57681.6027  EHBOND  =         0.0000  RESTRAINT  =         0.0000
 ------------------------------------------------------------------------------

wrapping first mol.:       20.26984       28.66588       49.65075
wrapping first mol.:       20.26984       28.66588       49.65075

 NSTEP =    38500   TIME(PS) =    3017.000  TEMP(K) =   303.49  PRESS =     0.0
 Etot   =    -34097.1707  EKtot   =      9208.5029  EPtot      =    -43305.6736
 BOND   =       358.3200  ANGLE   =      1042.3788  DIHED      =      1348.9839
 1-4 NB =       433.4286  1-4 EEL =      6313.6465  VDWAALS    =      4671.6540
 EELEC  =    -57474.0854  EHBOND  =         0.0000  RESTRAINT  =         0.0000
 ------------------------------------------------------------------------------

wrapping first mol.:       20.26984       28.66588       49.65075
wrapping first mol.:       20.26984       28.66588       49.65075

 NSTEP =    39000   TIME(PS) =    3018.000  TEMP(K) =   302.18  PRESS =     0.0
 Etot   =    -34188.4443  EKtot   =      9168.9600  EPtot      =    -43357.4043
 BOND   =       361.1981  ANGLE   =      1078.9496  DIHED      =      1332.8312
 1-4 NB =       443.4610  1-4 EEL =      6320.7621  VDWAALS    =      4737.8001
 EELEC  =    -57632.4064  EHBOND  =         0.0000  RESTRAINT  =         0.0000
 ------------------------------------------------------------------------------

wrapping first mol.:       20.26984       28.66588       49.65075
wrapping first mol.:       20.26984       28.66588       49.65075

 NSTEP =    39500   TIME(PS) =    3019.000  TEMP(K) =   298.85  PRESS =     0.0
 Etot   =    -34364.0530  EKtot   =      9067.7881  EPtot      =    -43431.8411
 BOND   =       345.4100  ANGLE   =      1095.8646  DIHED      =      1336.7837
 1-4 NB =       449.6175  1-4 EEL =      6344.7350  VDWAALS    =      4840.4140
 EELEC  =    -57844.6660  EHBOND  =         0.0000  RESTRAINT  =         0.0000
 ------------------------------------------------------------------------------

wrapping first mol.:       20.26984       28.66588       49.65075
wrapping first mol.:       20.26984       28.66588       49.65075

 NSTEP =    40000   TIME(PS) =    3020.000  TEMP(K) =   296.83  PRESS =     0.0
 Etot   =    -34438.3444  EKtot   =      9006.5410  EPtot      =    -43444.8854
 BOND   =       364.9146  ANGLE   =      1037.5138  DIHED      =      1363.0714
 1-4 NB =       437.4249  1-4 EEL =      6328.0644  VDWAALS    =      4806.7230
 EELEC  =    -57782.5976  EHBOND  =         0.0000  RESTRAINT  =         0.0000
 ------------------------------------------------------------------------------

wrapping first mol.:       20.26984       28.66588       49.65075
wrapping first mol.:       20.26984       28.66588       49.65075

 NSTEP =    40500   TIME(PS) =    3021.000  TEMP(K) =   302.77  PRESS =     0.0
 Etot   =    -34208.3987  EKtot   =      9186.6602  EPtot      =    -43395.0589
 BOND   =       327.6592  ANGLE   =      1086.4597  DIHED      =      1344.7230
 1-4 NB =       447.9787  1-4 EEL =      6328.4762  VDWAALS    =      4790.6287
 EELEC  =    -57720.9845  EHBOND  =         0.0000  RESTRAINT  =         0.0000
 ------------------------------------------------------------------------------

wrapping first mol.:       20.26984       28.66588       49.65075
wrapping first mol.:       20.26984       28.66588       49.65075

 NSTEP =    41000   TIME(PS) =    3022.000  TEMP(K) =   301.49  PRESS =     0.0
 Etot   =    -34149.8438  EKtot   =      9147.7959  EPtot      =    -43297.6397
 BOND   =       343.6188  ANGLE   =      1063.3545  DIHED      =      1339.3943
 1-4 NB =       431.0121  1-4 EEL =      6298.8220  VDWAALS    =      4762.0859
 EELEC  =    -57535.9273  EHBOND  =         0.0000  RESTRAINT  =         0.0000
 ------------------------------------------------------------------------------

wrapping first mol.:       20.26984       28.66588       49.65075
wrapping first mol.:       20.26984       28.66588       49.65075

 NSTEP =    41500   TIME(PS) =    3023.000  TEMP(K) =   302.50  PRESS =     0.0
 Etot   =    -34305.3913  EKtot   =      9178.7285  EPtot      =    -43484.1198
 BOND   =       356.6083  ANGLE   =      1088.3241  DIHED      =      1366.6301
 1-4 NB =       454.6848  1-4 EEL =      6289.4140  VDWAALS    =      4685.0244
 EELEC  =    -57724.8055  EHBOND  =         0.0000  RESTRAINT  =         0.0000
 ------------------------------------------------------------------------------

wrapping first mol.:       20.26984       28.66588       49.65075
wrapping first mol.:       20.26984       28.66588       49.65075

 NSTEP =    42000   TIME(PS) =    3024.000  TEMP(K) =   303.42  PRESS =     0.0
 Etot   =    -34281.1998  EKtot   =      9206.3887  EPtot      =    -43487.5885
 BOND   =       340.6028  ANGLE   =      1043.7793  DIHED      =      1324.3312
 1-4 NB =       440.4357  1-4 EEL =      6322.4032  VDWAALS    =      4718.3482
 EELEC  =    -57677.4888  EHBOND  =         0.0000  RESTRAINT  =         0.0000
 ------------------------------------------------------------------------------

wrapping first mol.:       20.26984       28.66588       49.65075
wrapping first mol.:       20.26984       28.66588       49.65075

 NSTEP =    42500   TIME(PS) =    3025.000  TEMP(K) =   302.09  PRESS =     0.0
 Etot   =    -34366.1523  EKtot   =      9166.0498  EPtot      =    -43532.2021
 BOND   =       376.5727  ANGLE   =      1110.1229  DIHED      =      1348.1020
 1-4 NB =       442.2172  1-4 EEL =      6306.7848  VDWAALS    =      4738.7671
 EELEC  =    -57854.7688  EHBOND  =         0.0000  RESTRAINT  =         0.0000
 ------------------------------------------------------------------------------

wrapping first mol.:       20.26984       28.66588       49.65075
wrapping first mol.:       20.26984       28.66588       49.65075

 NSTEP =    43000   TIME(PS) =    3026.000  TEMP(K) =   297.93  PRESS =     0.0
 Etot   =    -34229.5300  EKtot   =      9040.0254  EPtot      =    -43269.5554
 BOND   =       349.3854  ANGLE   =      1037.2673  DIHED      =      1370.3425
 1-4 NB =       449.7340  1-4 EEL =      6339.5833  VDWAALS    =      4841.8144
 EELEC  =    -57657.6822  EHBOND  =         0.0000  RESTRAINT  =         0.0000
 ------------------------------------------------------------------------------

wrapping first mol.:       20.26984       28.66588       49.65075
wrapping first mol.:       20.26984       28.66588       49.65075

 NSTEP =    43500   TIME(PS) =    3027.000  TEMP(K) =   300.21  PRESS =     0.0
 Etot   =    -34327.3053  EKtot   =      9108.9561  EPtot      =    -43436.2613
 BOND   =       345.6555  ANGLE   =      1039.2690  DIHED      =      1321.2386
 1-4 NB =       443.8899  1-4 EEL =      6333.2530  VDWAALS    =      4603.9851
 EELEC  =    -57523.5524  EHBOND  =         0.0000  RESTRAINT  =         0.0000
 ------------------------------------------------------------------------------

wrapping first mol.:       20.26984       28.66588       49.65075
wrapping first mol.:       20.26984       28.66588       49.65075

 NSTEP =    44000   TIME(PS) =    3028.000  TEMP(K) =   301.06  PRESS =     0.0
 Etot   =    -34257.4687  EKtot   =      9134.8896  EPtot      =    -43392.3584
 BOND   =       311.0081  ANGLE   =      1058.8729  DIHED      =      1352.9927
 1-4 NB =       435.5552  1-4 EEL =      6298.8894  VDWAALS    =      4626.7949
 EELEC  =    -57476.4717  EHBOND  =         0.0000  RESTRAINT  =         0.0000
 ------------------------------------------------------------------------------

wrapping first mol.:       20.26984       28.66588       49.65075
wrapping first mol.:       20.26984       28.66588       49.65075

 NSTEP =    44500   TIME(PS) =    3029.000  TEMP(K) =   299.63  PRESS =     0.0
 Etot   =    -34362.5713  EKtot   =      9091.5889  EPtot      =    -43454.1602
 BOND   =       356.1015  ANGLE   =      1044.1419  DIHED      =      1372.1511
 1-4 NB =       444.9744  1-4 EEL =      6290.8295  VDWAALS    =      4724.2791
 EELEC  =    -57686.6376  EHBOND  =         0.0000  RESTRAINT  =         0.0000
 ------------------------------------------------------------------------------

wrapping first mol.:       20.26984       28.66588       49.65075
wrapping first mol.:       20.26984       28.66588       49.65075

 NSTEP =    45000   TIME(PS) =    3030.000  TEMP(K) =   303.17  PRESS =     0.0
 Etot   =    -34225.4808  EKtot   =      9198.7949  EPtot      =    -43424.2757
 BOND   =       349.6392  ANGLE   =      1073.3381  DIHED      =      1334.2483
 1-4 NB =       434.1008  1-4 EEL =      6315.2187  VDWAALS    =      4811.1089
 EELEC  =    -57741.9296  EHBOND  =         0.0000  RESTRAINT  =         0.0000
 ------------------------------------------------------------------------------

wrapping first mol.:       20.26984       28.66588       49.65075
wrapping first mol.:       20.26984       28.66588       49.65075

 NSTEP =    45500   TIME(PS) =    3031.000  TEMP(K) =   297.06  PRESS =     0.0
 Etot   =    -34538.6895  EKtot   =      9013.4131  EPtot      =    -43552.1026
 BOND   =       373.5153  ANGLE   =      1063.9531  DIHED      =      1340.4405
 1-4 NB =       433.3147  1-4 EEL =      6297.1335  VDWAALS    =      4704.3053
 EELEC  =    -57764.7650  EHBOND  =         0.0000  RESTRAINT  =         0.0000
 ------------------------------------------------------------------------------

wrapping first mol.:       20.26984       28.66588       49.65075
wrapping first mol.:       20.26984       28.66588       49.65075

 NSTEP =    46000   TIME(PS) =    3032.000  TEMP(K) =   298.08  PRESS =     0.0
 Etot   =    -34430.9698  EKtot   =      9044.3730  EPtot      =    -43475.3428
 BOND   =       379.9722  ANGLE   =      1067.1052  DIHED      =      1323.1049
 1-4 NB =       444.6180  1-4 EEL =      6277.2925  VDWAALS    =      4741.4320
 EELEC  =    -57708.8677  EHBOND  =         0.0000  RESTRAINT  =         0.0000
 ------------------------------------------------------------------------------

wrapping first mol.:       20.26984       28.66588       49.65075
wrapping first mol.:       20.26984       28.66588       49.65075

 NSTEP =    46500   TIME(PS) =    3033.000  TEMP(K) =   302.54  PRESS =     0.0
 Etot   =    -34371.9931  EKtot   =      9179.8604  EPtot      =    -43551.8534
 BOND   =       322.9463  ANGLE   =      1075.8605  DIHED      =      1347.1776
 1-4 NB =       434.8108  1-4 EEL =      6321.9306  VDWAALS    =      4731.2424
 EELEC  =    -57785.8215  EHBOND  =         0.0000  RESTRAINT  =         0.0000
 ------------------------------------------------------------------------------

wrapping first mol.:       20.26984       28.66588       49.65075
wrapping first mol.:       20.26984       28.66588       49.65075

 NSTEP =    47000   TIME(PS) =    3034.000  TEMP(K) =   299.36  PRESS =     0.0
 Etot   =    -34359.7817  EKtot   =      9083.3965  EPtot      =    -43443.1782
 BOND   =       373.2705  ANGLE   =      1077.9525  DIHED      =      1383.5959
 1-4 NB =       448.2494  1-4 EEL =      6301.0031  VDWAALS    =      4918.3512
 EELEC  =    -57945.6008  EHBOND  =         0.0000  RESTRAINT  =         0.0000
 ------------------------------------------------------------------------------

wrapping first mol.:       20.26984       28.66588       49.65075
wrapping first mol.:       20.26984       28.66588       49.65075

 NSTEP =    47500   TIME(PS) =    3035.000  TEMP(K) =   300.65  PRESS =     0.0
 Etot   =    -34412.9637  EKtot   =      9122.5977  EPtot      =    -43535.5614
 BOND   =       330.9761  ANGLE   =      1088.1507  DIHED      =      1373.3404
 1-4 NB =       448.0672  1-4 EEL =      6296.7901  VDWAALS    =      4914.5229
 EELEC  =    -57987.4089  EHBOND  =         0.0000  RESTRAINT  =         0.0000
 ------------------------------------------------------------------------------

wrapping first mol.:       20.26984       28.66588       49.65075
wrapping first mol.:       20.26984       28.66588       49.65075

 NSTEP =    48000   TIME(PS) =    3036.000  TEMP(K) =   298.47  PRESS =     0.0
 Etot   =    -34489.3207  EKtot   =      9056.4092  EPtot      =    -43545.7298
 BOND   =       367.0989  ANGLE   =      1090.7421  DIHED      =      1366.6599
 1-4 NB =       428.3318  1-4 EEL =      6289.1018  VDWAALS    =      4751.0232
 EELEC  =    -57838.6875  EHBOND  =         0.0000  RESTRAINT  =         0.0000
 ------------------------------------------------------------------------------

wrapping first mol.:       20.26984       28.66588       49.65075
wrapping first mol.:       20.26984       28.66588       49.65075

 NSTEP =    48500   TIME(PS) =    3037.000  TEMP(K) =   301.13  PRESS =     0.0
 Etot   =    -34554.4164  EKtot   =      9137.0996  EPtot      =    -43691.5160
 BOND   =       315.5746  ANGLE   =      1030.4132  DIHED      =      1352.3013
 1-4 NB =       454.0862  1-4 EEL =      6309.5549  VDWAALS    =      4939.7775
 EELEC  =    -58093.2238  EHBOND  =         0.0000  RESTRAINT  =         0.0000
 ------------------------------------------------------------------------------

wrapping first mol.:       20.26984       28.66588       49.65075
wrapping first mol.:       20.26984       28.66588       49.65075

 NSTEP =    49000   TIME(PS) =    3038.000  TEMP(K) =   294.58  PRESS =     0.0
 Etot   =    -34561.5894  EKtot   =      8938.1943  EPtot      =    -43499.7838
 BOND   =       363.4590  ANGLE   =      1080.5750  DIHED      =      1345.2717
 1-4 NB =       436.9987  1-4 EEL =      6303.9847  VDWAALS    =      4831.4633
 EELEC  =    -57861.5363  EHBOND  =         0.0000  RESTRAINT  =         0.0000
 ------------------------------------------------------------------------------

wrapping first mol.:       20.26984       28.66588       49.65075
wrapping first mol.:       20.26984       28.66588       49.65075

 NSTEP =    49500   TIME(PS) =    3039.000  TEMP(K) =   303.26  PRESS =     0.0
 Etot   =    -34324.6243  EKtot   =      9201.5020  EPtot      =    -43526.1263
 BOND   =       370.7436  ANGLE   =      1054.1960  DIHED      =      1347.0594
 1-4 NB =       449.8577  1-4 EEL =      6331.4779  VDWAALS    =      4858.6377
 EELEC  =    -57938.0985  EHBOND  =         0.0000  RESTRAINT  =         0.0000
 ------------------------------------------------------------------------------

wrapping first mol.:       20.26984       28.66588       49.65075
wrapping first mol.:       20.26984       28.66588       49.65075

 NSTEP =    50000   TIME(PS) =    3040.000  TEMP(K) =   296.45  PRESS =     0.0
 Etot   =    -34560.7760  EKtot   =      8995.1465  EPtot      =    -43555.9224
 BOND   =       337.6603  ANGLE   =      1061.9375  DIHED      =      1359.1289
 1-4 NB =       431.8988  1-4 EEL =      6265.2843  VDWAALS    =      4784.3137
 EELEC  =    -57796.1460  EHBOND  =         0.0000  RESTRAINT  =         0.0000
 ------------------------------------------------------------------------------


      A V E R A G E S   O V E R     100 S T E P S


 NSTEP =    50000   TIME(PS) =    3040.000  TEMP(K) =   299.80  PRESS =     0.0
 Etot   =    -34285.6851  EKtot   =      9096.8095  EPtot      =    -43382.4946
 BOND   =       351.8412  ANGLE   =      1063.6162  DIHED      =      1349.2833
 1-4 NB =       442.2145  1-4 EEL =      6311.0244  VDWAALS    =      4751.0598
 EELEC  =    -57651.5338  EHBOND  =         0.0000  RESTRAINT  =         0.0000
 ------------------------------------------------------------------------------


      R M S  F L U C T U A T I O N S


 NSTEP =    50000   TIME(PS) =    3040.000  TEMP(K) =     2.56  PRESS =     0.0
 Etot   =       135.1076  EKtot   =        77.6763  EPtot      =       112.5454
 BOND   =        17.4326  ANGLE   =        25.8823  DIHED      =        14.1242
 1-4 NB =         7.6221  1-4 EEL =        21.8471  VDWAALS    =       101.6531
 EELEC  =       178.9414  EHBOND  =         0.0000  RESTRAINT  =         0.0000
 ------------------------------------------------------------------------------

--------------------------------------------------------------------------------
   5.  TIMINGS
--------------------------------------------------------------------------------

|  NonSetup CPU Time in Major Routines:
|
|     Routine           Sec        %
|     ------------------------------
|     Nonbond          11.95   32.40
|     Bond              0.00    0.00
|     Angle             0.00    0.00
|     Dihedral          0.00    0.00
|     Shake             0.81    2.20
|     RunMD            24.06   65.22
|     Other             0.06    0.17
|     ------------------------------
|     Total            36.89

|  PME Nonbond Pairlist CPU Time:
|
|     Routine              Sec        %
|     ---------------------------------
|     Set Up Cit           0.00    0.00
|     Build List           0.00    0.00
|     ---------------------------------
|     Total                0.00    0.00

|  PME Direct Force CPU Time:
|
|     Routine              Sec        %
|     ---------------------------------
|     NonBonded Calc       0.00    0.00
|     Exclude Masked       0.00    0.00
|     Other                0.04    0.10
|     ---------------------------------
|     Total                0.04    0.10

|  PME Reciprocal Force CPU Time:
|
|     Routine              Sec        %
|     ---------------------------------
|     1D bspline           0.00    0.00
|     Grid Charges         0.00    0.00
|     Scalar Sum           0.00    0.00
|     Gradient Sum         0.00    0.00
|     FFT                  0.00    0.00
|     ---------------------------------
|     Total                0.00    0.00

|  Final Performance Info:
|     -----------------------------------------------------
|     Average timings for last   49500 steps:
|     Elapsed(s) =      36.51 Per Step(ms) =       0.74
|         ns/day =     234.31   seconds/ns =     368.74
|
|     Average timings for all steps:
|     Elapsed(s) =      36.91 Per Step(ms) =       0.74
|         ns/day =     234.10   seconds/ns =     369.07
|     -----------------------------------------------------

|  Setup CPU time:            1.58 seconds
|  NonSetup CPU time:        36.89 seconds
|  Total CPU time:           38.47 seconds     0.01 hours

|  Setup wall time:           1    seconds
|  NonSetup wall time:       37    seconds
|  Total wall time:          38    seconds     0.01 hours
