
          -------------------------------------------------------
          Amber 16 PMEMD                              2016
          -------------------------------------------------------

| PMEMD implementation of SANDER, Release 16

| Run on 11/06/2017 at 12:32:07

|   Executable path: /apps/amber16/bin/pmemd.cuda
| Working directory: /home/pbarletta
|          Hostname: mordor

  [-O]verwriting output

File Assignments:
|   MDIN: /scratch/pbarletta/cph_obp/run/apo/mhe/e/4equ.in                      
|  MDOUT: /scratch/pbarletta/cph_obp/run/apo/mhe/e/4equ.out                     
| INPCRD: /scratch/pbarletta/cph_obp/run/apo/mhe/e/3eapo.rst7                   
|   PARM: /scratch/pbarletta/cph_obp/top_files/apo.prmtop                       
| RESTRT: /scratch/pbarletta/cph_obp/run/apo/mhe/e/4eapo.rst7                   
|   REFC: /scratch/pbarletta/cph_obp/run/apo/mhe/e/3eapo.rst7                   
|  MDVEL: mdvel                                                                 
|   MDEN: mden                                                                  
|  MDCRD: /scratch/pbarletta/cph_obp/run/apo/mhe/e/4eapo.nc                     
| MDINFO: mdinfo                                                                
|  MDFRC: mdfrc                                                                 


 Here is the input file:

Equilibration with solute restrictions                                         
&cntrl                                                                         
imin = 0,                           ! No Minimization                          
nmropt = 0,                         ! No NMR restraints read                   
                                                                               
! Nature and format of the input                                               
ntx = 5,                            ! Coordinates but no velocities will be rea
irest = 1,                          ! Do not run a new simulation              
                                                                               
! Nature and format of the output                                              
ntxo = 1,                           ! rstrt file in ASCII format               
ntpr = 500,                         ! inf in output every ntpr steps           
ntwr = 500,                         ! rstrt file every ntwr steps              
ntwx = 500,                         ! mdcrd file every ntwx steps              
ntwv = 0,                           ! mdvel without velocities                 
ntwe = 0,                           ! Energies and temperatures not written in 
idecomp = 0,                        ! No energy decomposition                  
iwrap = 1,                          ! Coordinates of the restart and mdcrd file
                                                                               
! Frozen or restrained atoms                                                   
ibelly = 0,                         ! No frozen atoms                          
ntr=1,                              ! Harmonic potential restraints            
restraint_wt = 30.0,                ! The weight for the positional restraints 
restraintmask = ':1-119@N,CA,C,O',  ! restrained residues                      
                                                                               
! Molecular dynamics                                                           
nstlim = 50000,                     ! Number of MD-steps                       
dt = 0.002,                         ! Time step                                
                                                                               
! Temperature regulation                                                       
ntt = 3,                            ! Langevin thermostat                      
gamma_ln = 5,                       ! Gamma constant for Langevin              
temp0 = 300.0,                      ! Reference T at which the system is to be 
tempi = 300.0,                      ! Initial T                                
ig = -1,                            ! Seed for the RNG                         
                                                                               
! P and V regulation                                                           
ntp = 0,                            ! No pressure control                      
ntb = 1,                            ! Periodic box for constant V              
                                                                               
! SHAKE variables                                                              
ntc = 2,                            ! Bonds involving H are constrained        
ntf = 2,                            ! Bond interaction involving H are ommited.
                                                                               
cut = 10.0,                         ! Nonbonded cutoff                         
                                                                               
/                                                                              
&end                                                                           


Note: ig = -1. Setting random seed to   478845 based on wallclock time in 
      microseconds.
| irandom = 1, using AMBER's internal random number generator (default).
 
|--------------------- INFORMATION ----------------------
| GPU (CUDA) Version of PMEMD in use: NVIDIA GPU IN USE.
|                    Version 16.0.0
| 
|                      02/25/2016
| 
| Implementation by:
|                    Ross C. Walker     (SDSC)
|                    Scott Le Grand     (nVIDIA)
| 
| Precision model in use:
|      [SPFP] - Single Precision Forces, 64-bit Fixed Point
|               Accumulation. (Default)
| 
|--------------------------------------------------------
 
|----------------- CITATION INFORMATION -----------------
|
|    When publishing work that utilized the CUDA version
|    of AMBER, please cite the following in addition to
|    the regular AMBER citations:
|
|  - Romelia Salomon-Ferrer; Andreas W. Goetz; Duncan
|    Poole; Scott Le Grand; Ross C. Walker "Routine
|    microsecond molecular dynamics simulations with
|    AMBER - Part II: Particle Mesh Ewald", J. Chem.
|    Theory Comput., 2013, 9 (9), pp3878-3888,
|    DOI: 10.1021/ct400314y.
|
|  - Andreas W. Goetz; Mark J. Williamson; Dong Xu;
|    Duncan Poole; Scott Le Grand; Ross C. Walker
|    "Routine microsecond molecular dynamics simulations
|    with AMBER - Part I: Generalized Born", J. Chem.
|    Theory Comput., 2012, 8 (5), pp1542-1555.
|
|  - Scott Le Grand; Andreas W. Goetz; Ross C. Walker
|    "SPFP: Speed without compromise - a mixed precision
|    model for GPU accelerated molecular dynamics
|    simulations.", Comp. Phys. Comm., 2013, 184
|    pp374-380, DOI: 10.1016/j.cpc.2012.09.022
|
|--------------------------------------------------------
 
|------------------- GPU DEVICE INFO --------------------
|
|            CUDA_VISIBLE_DEVICES: 3
|   CUDA Capable Devices Detected:      1
|           CUDA Device ID in use:      0
|                CUDA Device Name: GeForce GTX 1080 Ti
|     CUDA Device Global Mem Size:  11172 MB
| CUDA Device Num Multiprocessors:     28
|           CUDA Device Core Freq:   1.58 GHz
|
|--------------------------------------------------------
 
 
| Conditional Compilation Defines Used:
| PUBFFT
| BINTRAJ
| CUDA
| EMIL

| Largest sphere to fit in unit cell has radius =    24.825

| New format PARM file being parsed.
| Version =    1.000 Date = 11/06/17 Time = 09:43:47

| Note: 1-4 EEL scale factors are being read from the topology file.

| Note: 1-4 VDW scale factors are being read from the topology file.
| Duplicated    0 dihedrals

| Duplicated    0 dihedrals

--------------------------------------------------------------------------------
   1.  RESOURCE   USE: 
--------------------------------------------------------------------------------

 getting new box info from bottom of inpcrd
 NATOM  =   14797 NTYPES =      17 NBONH =   13853 MBONA  =     953
 NTHETH =    2337 MTHETA =    1282 NPHIH =    4475 MPHIA  =    3254
 NHPARM =       0 NPARM  =       0 NNB   =   28051 NRES   =    4390
 NBONA  =     953 NTHETA =    1282 NPHIA =    3254 NUMBND =      42
 NUMANG =      92 NPTRA  =      39 NATYP =      28 NPHB   =       1
 IFBOX  =       2 NMXRS  =      24 IFCAP =       0 NEXTRA =       0
 NCOPY  =       0

| Coordinate Index Table dimensions:     9    9    9
| Direct force subcell size =     6.7566    6.7566    6.7566

     BOX TYPE: TRUNCATED OCTAHEDRON

--------------------------------------------------------------------------------
   2.  CONTROL  DATA  FOR  THE  RUN
--------------------------------------------------------------------------------

default_name                                                                    

General flags:
     imin    =       0, nmropt  =       0

Nature and format of input:
     ntx     =       5, irest   =       1, ntrx    =       1

Nature and format of output:
     ntxo    =       1, ntpr    =     500, ntrx    =       1, ntwr    =     500
     iwrap   =       1, ntwx    =     500, ntwv    =       0, ntwe    =       0
     ioutfm  =       1, ntwprt  =       0, idecomp =       0, rbornstat=      0

Potential function:
     ntf     =       2, ntb     =       1, igb     =       0, nsnb    =      25
     ipol    =       0, gbsa    =       0, iesp    =       0
     dielc   =   1.00000, cut     =  10.00000, intdiel =   1.00000

Frozen or restrained atoms:
     ibelly  =       0, ntr     =       1
     restraint_wt =  30.00000

Molecular dynamics:
     nstlim  =     50000, nscm    =         0, nrespa  =         1
     t       =   0.00000, dt      =   0.00200, vlimit  =  -1.00000

Langevin dynamics temperature regulation:
     ig      =  478845
     temp0   = 300.00000, tempi   = 300.00000, gamma_ln=   5.00000

SHAKE:
     ntc     =       2, jfastw  =       0
     tol     =   0.00001

| Intermolecular bonds treatment:
|     no_intermolecular_bonds =       1

| Energy averages sample interval:
|     ene_avg_sampling =     500

Ewald parameters:
     verbose =       0, ew_type =       0, nbflag  =       1, use_pme =       1
     vdwmeth =       1, eedmeth =       1, netfrc  =       1
     Box X =   60.810   Box Y =   60.810   Box Z =   60.810
     Alpha =  109.471   Beta  =  109.471   Gamma =  109.471
     NFFT1 =   64       NFFT2 =   64       NFFT3 =   64
     Cutoff=   10.000   Tol   =0.100E-04
     Ewald Coefficient =  0.27511
     Interpolation order =    4

    LOADING THE CONSTRAINED ATOMS AS GROUPS


   5.  REFERENCE ATOM COORDINATES

  default_name                                                                    
     Mask :1-119@N,CA,C,O; matches   476 atoms

--------------------------------------------------------------------------------
   3.  ATOMIC COORDINATES AND VELOCITIES
--------------------------------------------------------------------------------

default_name                                                                    
 begin time read from input coords =   440.000 ps

 
 Number of triangulated 3-point waters found:     4270

     Sum of charges from parm topology file =  -0.00000006
     Forcing neutrality...

| Dynamic Memory, Types Used:
| Reals              574581
| Integers           547196

| Nonbonded Pairs Initial Allocation:     4475722

| GPU memory information (estimate):
| KB of GPU memory in use:    140885
| KB of CPU memory in use:     29237

--------------------------------------------------------------------------------
   4.  RESULTS
--------------------------------------------------------------------------------

 ---------------------------------------------------
 APPROXIMATING switch and d/dx switch using CUBIC SPLINE INTERPOLATION
 using   5000.0 points per unit in tabled values
 TESTING RELATIVE ERROR over r ranging from 0.0 to cutoff
| CHECK switch(x): max rel err =   0.2738E-14   at   2.422500
| CHECK d/dx switch(x): max rel err =   0.8314E-11   at   2.736960
 ---------------------------------------------------
|---------------------------------------------------
| APPROXIMATING direct energy using CUBIC SPLINE INTERPOLATION
|  with   50.0 points per unit in tabled values
| Relative Error Limit not exceeded for r .gt.   2.33
| APPROXIMATING direct force using CUBIC SPLINE INTERPOLATION
|  with   50.0 points per unit in tabled values
| Relative Error Limit not exceeded for r .gt.   2.80
|---------------------------------------------------
wrapping first mol.:       20.26984       28.66588       49.65075
wrapping first mol.:       20.26984       28.66588       49.65075

 NSTEP =      500   TIME(PS) =     441.000  TEMP(K) =   300.88  PRESS =     0.0
 Etot   =    -34285.7005  EKtot   =      9129.5205  EPtot      =    -43415.2210
 BOND   =       325.5620  ANGLE   =      1035.2127  DIHED      =      1362.9320
 1-4 NB =       440.1425  1-4 EEL =      6276.8621  VDWAALS    =      4781.4897
 EELEC  =    -57805.4208  EHBOND  =         0.0000  RESTRAINT  =       167.9988
 EAMBER (non-restraint)  =    -43583.2198
 ------------------------------------------------------------------------------

wrapping first mol.:       20.26984       28.66588       49.65075
wrapping first mol.:       20.26984       28.66588       49.65075

 NSTEP =     1000   TIME(PS) =     442.000  TEMP(K) =   299.00  PRESS =     0.0
 Etot   =    -34362.2979  EKtot   =      9072.3594  EPtot      =    -43434.6572
 BOND   =       319.9836  ANGLE   =      1037.6440  DIHED      =      1376.2999
 1-4 NB =       468.2316  1-4 EEL =      6309.5496  VDWAALS    =      4722.3651
 EELEC  =    -57831.3226  EHBOND  =         0.0000  RESTRAINT  =       162.5916
 EAMBER (non-restraint)  =    -43597.2489
 ------------------------------------------------------------------------------

wrapping first mol.:       20.26984       28.66588       49.65075
wrapping first mol.:       20.26984       28.66588       49.65075

 NSTEP =     1500   TIME(PS) =     443.000  TEMP(K) =   302.74  PRESS =     0.0
 Etot   =    -34108.0812  EKtot   =      9185.7930  EPtot      =    -43293.8742
 BOND   =       361.6833  ANGLE   =      1041.6974  DIHED      =      1351.0820
 1-4 NB =       434.0938  1-4 EEL =      6316.8864  VDWAALS    =      4671.2213
 EELEC  =    -57644.3801  EHBOND  =         0.0000  RESTRAINT  =       173.8416
 EAMBER (non-restraint)  =    -43467.7158
 ------------------------------------------------------------------------------

wrapping first mol.:       20.26984       28.66588       49.65075
wrapping first mol.:       20.26984       28.66588       49.65075

 NSTEP =     2000   TIME(PS) =     444.000  TEMP(K) =   299.42  PRESS =     0.0
 Etot   =    -34167.5464  EKtot   =      9085.1338  EPtot      =    -43252.6802
 BOND   =       343.0195  ANGLE   =      1037.5899  DIHED      =      1349.2745
 1-4 NB =       454.1688  1-4 EEL =      6314.6735  VDWAALS    =      4792.9073
 EELEC  =    -57702.3298  EHBOND  =         0.0000  RESTRAINT  =       158.0160
 EAMBER (non-restraint)  =    -43410.6962
 ------------------------------------------------------------------------------

wrapping first mol.:       20.26984       28.66588       49.65075
wrapping first mol.:       20.26984       28.66588       49.65075

 NSTEP =     2500   TIME(PS) =     445.000  TEMP(K) =   297.58  PRESS =     0.0
 Etot   =    -34059.6742  EKtot   =      9029.3955  EPtot      =    -43089.0697
 BOND   =       332.3501  ANGLE   =      1059.9005  DIHED      =      1376.8197
 1-4 NB =       443.5352  1-4 EEL =      6323.8322  VDWAALS    =      4553.8185
 EELEC  =    -57354.5672  EHBOND  =         0.0000  RESTRAINT  =       175.2413
 EAMBER (non-restraint)  =    -43264.3109
 ------------------------------------------------------------------------------

wrapping first mol.:       20.26984       28.66588       49.65075
wrapping first mol.:       20.26984       28.66588       49.65075

 NSTEP =     3000   TIME(PS) =     446.000  TEMP(K) =   302.36  PRESS =     0.0
 Etot   =    -34005.2740  EKtot   =      9174.3633  EPtot      =    -43179.6373
 BOND   =       337.5679  ANGLE   =      1013.8682  DIHED      =      1358.9131
 1-4 NB =       454.3812  1-4 EEL =      6304.1737  VDWAALS    =      4701.7573
 EELEC  =    -57508.7675  EHBOND  =         0.0000  RESTRAINT  =       158.4689
 EAMBER (non-restraint)  =    -43338.1062
 ------------------------------------------------------------------------------

wrapping first mol.:       20.26984       28.66588       49.65075
wrapping first mol.:       20.26984       28.66588       49.65075

 NSTEP =     3500   TIME(PS) =     447.000  TEMP(K) =   298.42  PRESS =     0.0
 Etot   =    -34206.0865  EKtot   =      9054.7109  EPtot      =    -43260.7975
 BOND   =       326.6246  ANGLE   =      1040.0869  DIHED      =      1344.9104
 1-4 NB =       448.0789  1-4 EEL =      6336.2519  VDWAALS    =      4765.9724
 EELEC  =    -57692.3169  EHBOND  =         0.0000  RESTRAINT  =       169.5945
 EAMBER (non-restraint)  =    -43430.3919
 ------------------------------------------------------------------------------

wrapping first mol.:       20.26984       28.66588       49.65075
wrapping first mol.:       20.26984       28.66588       49.65075

 NSTEP =     4000   TIME(PS) =     448.000  TEMP(K) =   298.50  PRESS =     0.0
 Etot   =    -34110.9679  EKtot   =      9057.1113  EPtot      =    -43168.0792
 BOND   =       316.1545  ANGLE   =      1023.6594  DIHED      =      1345.0416
 1-4 NB =       450.7448  1-4 EEL =      6308.1955  VDWAALS    =      4628.2445
 EELEC  =    -57398.6828  EHBOND  =         0.0000  RESTRAINT  =       158.5633
 EAMBER (non-restraint)  =    -43326.6424
 ------------------------------------------------------------------------------

wrapping first mol.:       20.26984       28.66588       49.65075
wrapping first mol.:       20.26984       28.66588       49.65075

 NSTEP =     4500   TIME(PS) =     449.000  TEMP(K) =   294.67  PRESS =     0.0
 Etot   =    -34360.2096  EKtot   =      8940.9736  EPtot      =    -43301.1832
 BOND   =       312.8946  ANGLE   =      1039.3461  DIHED      =      1351.0180
 1-4 NB =       445.7387  1-4 EEL =      6300.8049  VDWAALS    =      4724.9930
 EELEC  =    -57645.5662  EHBOND  =         0.0000  RESTRAINT  =       169.5877
 EAMBER (non-restraint)  =    -43470.7709
 ------------------------------------------------------------------------------

wrapping first mol.:       20.26984       28.66588       49.65075
wrapping first mol.:       20.26984       28.66588       49.65075

 NSTEP =     5000   TIME(PS) =     450.000  TEMP(K) =   297.80  PRESS =     0.0
 Etot   =    -34327.4281  EKtot   =      9035.8525  EPtot      =    -43363.2807
 BOND   =       316.7048  ANGLE   =      1045.3047  DIHED      =      1365.6761
 1-4 NB =       439.2154  1-4 EEL =      6317.7341  VDWAALS    =      4581.3019
 EELEC  =    -57602.9726  EHBOND  =         0.0000  RESTRAINT  =       173.7549
 EAMBER (non-restraint)  =    -43537.0356
 ------------------------------------------------------------------------------

wrapping first mol.:       20.26984       28.66588       49.65075
wrapping first mol.:       20.26984       28.66588       49.65075

 NSTEP =     5500   TIME(PS) =     451.000  TEMP(K) =   301.74  PRESS =     0.0
 Etot   =    -34148.2826  EKtot   =      9155.4043  EPtot      =    -43303.6869
 BOND   =       332.5229  ANGLE   =       996.6496  DIHED      =      1357.6879
 1-4 NB =       446.5097  1-4 EEL =      6286.5628  VDWAALS    =      4703.9365
 EELEC  =    -57584.3109  EHBOND  =         0.0000  RESTRAINT  =       156.7547
 EAMBER (non-restraint)  =    -43460.4416
 ------------------------------------------------------------------------------

wrapping first mol.:       20.26984       28.66588       49.65075
wrapping first mol.:       20.26984       28.66588       49.65075

 NSTEP =     6000   TIME(PS) =     452.000  TEMP(K) =   298.06  PRESS =     0.0
 Etot   =    -34338.0090  EKtot   =      9043.8076  EPtot      =    -43381.8166
 BOND   =       322.3713  ANGLE   =      1050.3130  DIHED      =      1362.6437
 1-4 NB =       457.9677  1-4 EEL =      6323.2724  VDWAALS    =      4642.9320
 EELEC  =    -57710.9265  EHBOND  =         0.0000  RESTRAINT  =       169.6098
 EAMBER (non-restraint)  =    -43551.4264
 ------------------------------------------------------------------------------

wrapping first mol.:       20.26984       28.66588       49.65075
wrapping first mol.:       20.26984       28.66588       49.65075

 NSTEP =     6500   TIME(PS) =     453.000  TEMP(K) =   302.02  PRESS =     0.0
 Etot   =    -34219.0566  EKtot   =      9164.1553  EPtot      =    -43383.2119
 BOND   =       340.7805  ANGLE   =      1022.8887  DIHED      =      1317.6744
 1-4 NB =       440.2564  1-4 EEL =      6312.3408  VDWAALS    =      4827.5801
 EELEC  =    -57806.2143  EHBOND  =         0.0000  RESTRAINT  =       161.4817
 EAMBER (non-restraint)  =    -43544.6935
 ------------------------------------------------------------------------------

wrapping first mol.:       20.26984       28.66588       49.65075
wrapping first mol.:       20.26984       28.66588       49.65075

 NSTEP =     7000   TIME(PS) =     454.000  TEMP(K) =   299.84  PRESS =     0.0
 Etot   =    -34233.9257  EKtot   =      9097.7549  EPtot      =    -43331.6806
 BOND   =       328.4103  ANGLE   =      1031.4403  DIHED      =      1352.3618
 1-4 NB =       449.9460  1-4 EEL =      6290.5208  VDWAALS    =      4693.1275
 EELEC  =    -57645.0798  EHBOND  =         0.0000  RESTRAINT  =       167.5924
 EAMBER (non-restraint)  =    -43499.2730
 ------------------------------------------------------------------------------

wrapping first mol.:       20.26984       28.66588       49.65075
wrapping first mol.:       20.26984       28.66588       49.65075

 NSTEP =     7500   TIME(PS) =     455.000  TEMP(K) =   298.89  PRESS =     0.0
 Etot   =    -34275.5198  EKtot   =      9069.0586  EPtot      =    -43344.5784
 BOND   =       320.8294  ANGLE   =      1013.3189  DIHED      =      1364.5423
 1-4 NB =       434.0973  1-4 EEL =      6307.2602  VDWAALS    =      4719.0219
 EELEC  =    -57661.7631  EHBOND  =         0.0000  RESTRAINT  =       158.1146
 EAMBER (non-restraint)  =    -43502.6930
 ------------------------------------------------------------------------------

wrapping first mol.:       20.26984       28.66588       49.65075
wrapping first mol.:       20.26984       28.66588       49.65075

 NSTEP =     8000   TIME(PS) =     456.000  TEMP(K) =   304.30  PRESS =     0.0
 Etot   =    -33909.0986  EKtot   =      9233.0859  EPtot      =    -43142.1845
 BOND   =       328.3495  ANGLE   =      1011.4933  DIHED      =      1361.2433
 1-4 NB =       451.1574  1-4 EEL =      6316.3791  VDWAALS    =      4614.1210
 EELEC  =    -57383.2373  EHBOND  =         0.0000  RESTRAINT  =       158.3091
 EAMBER (non-restraint)  =    -43300.4936
 ------------------------------------------------------------------------------

wrapping first mol.:       20.26984       28.66588       49.65075
wrapping first mol.:       20.26984       28.66588       49.65075

 NSTEP =     8500   TIME(PS) =     457.000  TEMP(K) =   302.10  PRESS =     0.0
 Etot   =    -34016.0066  EKtot   =      9166.5127  EPtot      =    -43182.5193
 BOND   =       359.8445  ANGLE   =      1011.0323  DIHED      =      1353.6691
 1-4 NB =       451.9499  1-4 EEL =      6313.6621  VDWAALS    =      4731.8835
 EELEC  =    -57566.8242  EHBOND  =         0.0000  RESTRAINT  =       162.2636
 EAMBER (non-restraint)  =    -43344.7828
 ------------------------------------------------------------------------------

wrapping first mol.:       20.26984       28.66588       49.65075
wrapping first mol.:       20.26984       28.66588       49.65075

 NSTEP =     9000   TIME(PS) =     458.000  TEMP(K) =   302.19  PRESS =     0.0
 Etot   =    -34121.5663  EKtot   =      9169.2676  EPtot      =    -43290.8338
 BOND   =       366.6132  ANGLE   =       998.8742  DIHED      =      1348.2163
 1-4 NB =       433.1784  1-4 EEL =      6308.3767  VDWAALS    =      4563.8219
 EELEC  =    -57475.5076  EHBOND  =         0.0000  RESTRAINT  =       165.5932
 EAMBER (non-restraint)  =    -43456.4270
 ------------------------------------------------------------------------------

wrapping first mol.:       20.26984       28.66588       49.65075
wrapping first mol.:       20.26984       28.66588       49.65075

 NSTEP =     9500   TIME(PS) =     459.000  TEMP(K) =   301.53  PRESS =     0.0
 Etot   =    -34054.1584  EKtot   =      9149.3008  EPtot      =    -43203.4592
 BOND   =       328.2795  ANGLE   =      1058.7312  DIHED      =      1365.8143
 1-4 NB =       435.2225  1-4 EEL =      6298.6292  VDWAALS    =      4758.7990
 EELEC  =    -57612.9381  EHBOND  =         0.0000  RESTRAINT  =       164.0032
 EAMBER (non-restraint)  =    -43367.4624
 ------------------------------------------------------------------------------

wrapping first mol.:       20.26984       28.66588       49.65075
wrapping first mol.:       20.26984       28.66588       49.65075

 NSTEP =    10000   TIME(PS) =     460.000  TEMP(K) =   302.78  PRESS =     0.0
 Etot   =    -34061.5656  EKtot   =      9186.9395  EPtot      =    -43248.5051
 BOND   =       361.8241  ANGLE   =      1083.0586  DIHED      =      1341.4107
 1-4 NB =       436.0865  1-4 EEL =      6294.0001  VDWAALS    =      4745.3052
 EELEC  =    -57656.9236  EHBOND  =         0.0000  RESTRAINT  =       146.7334
 EAMBER (non-restraint)  =    -43395.2385
 ------------------------------------------------------------------------------

wrapping first mol.:       20.26984       28.66588       49.65075
wrapping first mol.:       20.26984       28.66588       49.65075

 NSTEP =    10500   TIME(PS) =     461.000  TEMP(K) =   300.24  PRESS =     0.0
 Etot   =    -34204.5406  EKtot   =      9110.1035  EPtot      =    -43314.6441
 BOND   =       354.8303  ANGLE   =       993.2415  DIHED      =      1365.7989
 1-4 NB =       456.1001  1-4 EEL =      6288.7303  VDWAALS    =      4784.4065
 EELEC  =    -57724.5405  EHBOND  =         0.0000  RESTRAINT  =       166.7887
 EAMBER (non-restraint)  =    -43481.4328
 ------------------------------------------------------------------------------

wrapping first mol.:       20.26984       28.66588       49.65075
wrapping first mol.:       20.26984       28.66588       49.65075

 NSTEP =    11000   TIME(PS) =     462.000  TEMP(K) =   298.20  PRESS =     0.0
 Etot   =    -34007.9043  EKtot   =      9048.0889  EPtot      =    -43055.9932
 BOND   =       335.8580  ANGLE   =      1030.9514  DIHED      =      1355.3991
 1-4 NB =       446.8929  1-4 EEL =      6324.3950  VDWAALS    =      4742.3614
 EELEC  =    -57451.1242  EHBOND  =         0.0000  RESTRAINT  =       159.2733
 EAMBER (non-restraint)  =    -43215.2665
 ------------------------------------------------------------------------------

wrapping first mol.:       20.26984       28.66588       49.65075
wrapping first mol.:       20.26984       28.66588       49.65075

 NSTEP =    11500   TIME(PS) =     463.000  TEMP(K) =   299.31  PRESS =     0.0
 Etot   =    -34347.3159  EKtot   =      9081.9170  EPtot      =    -43429.2329
 BOND   =       342.9112  ANGLE   =      1022.0256  DIHED      =      1372.8890
 1-4 NB =       451.5410  1-4 EEL =      6304.6953  VDWAALS    =      4935.1884
 EELEC  =    -58029.5039  EHBOND  =         0.0000  RESTRAINT  =       171.0205
 EAMBER (non-restraint)  =    -43600.2534
 ------------------------------------------------------------------------------

wrapping first mol.:       20.26984       28.66588       49.65075
wrapping first mol.:       20.26984       28.66588       49.65075

 NSTEP =    12000   TIME(PS) =     464.000  TEMP(K) =   296.20  PRESS =     0.0
 Etot   =    -34339.6808  EKtot   =      8987.4092  EPtot      =    -43327.0900
 BOND   =       310.7134  ANGLE   =      1043.1202  DIHED      =      1347.6060
 1-4 NB =       446.5119  1-4 EEL =      6310.3192  VDWAALS    =      4899.9715
 EELEC  =    -57858.4670  EHBOND  =         0.0000  RESTRAINT  =       173.1347
 EAMBER (non-restraint)  =    -43500.2248
 ------------------------------------------------------------------------------

wrapping first mol.:       20.26984       28.66588       49.65075
wrapping first mol.:       20.26984       28.66588       49.65075

 NSTEP =    12500   TIME(PS) =     465.000  TEMP(K) =   300.86  PRESS =     0.0
 Etot   =    -34055.8109  EKtot   =      9128.9688  EPtot      =    -43184.7797
 BOND   =       330.7995  ANGLE   =      1006.0142  DIHED      =      1366.1274
 1-4 NB =       451.1506  1-4 EEL =      6332.6682  VDWAALS    =      4795.7153
 EELEC  =    -57620.8520  EHBOND  =         0.0000  RESTRAINT  =       153.5972
 EAMBER (non-restraint)  =    -43338.3769
 ------------------------------------------------------------------------------

wrapping first mol.:       20.26984       28.66588       49.65075
wrapping first mol.:       20.26984       28.66588       49.65075

 NSTEP =    13000   TIME(PS) =     466.000  TEMP(K) =   303.50  PRESS =     0.0
 Etot   =    -34052.5024  EKtot   =      9208.9609  EPtot      =    -43261.4633
 BOND   =       319.9901  ANGLE   =       995.8966  DIHED      =      1330.9340
 1-4 NB =       451.3797  1-4 EEL =      6310.7847  VDWAALS    =      4689.5433
 EELEC  =    -57528.3785  EHBOND  =         0.0000  RESTRAINT  =       168.3868
 EAMBER (non-restraint)  =    -43429.8501
 ------------------------------------------------------------------------------

wrapping first mol.:       20.26984       28.66588       49.65075
wrapping first mol.:       20.26984       28.66588       49.65075

 NSTEP =    13500   TIME(PS) =     467.000  TEMP(K) =   301.51  PRESS =     0.0
 Etot   =    -34237.7517  EKtot   =      9148.6387  EPtot      =    -43386.3904
 BOND   =       339.6257  ANGLE   =      1053.9564  DIHED      =      1352.3055
 1-4 NB =       445.7033  1-4 EEL =      6297.8729  VDWAALS    =      4751.0049
 EELEC  =    -57794.8594  EHBOND  =         0.0000  RESTRAINT  =       168.0003
 EAMBER (non-restraint)  =    -43554.3907
 ------------------------------------------------------------------------------

wrapping first mol.:       20.26984       28.66588       49.65075
wrapping first mol.:       20.26984       28.66588       49.65075

 NSTEP =    14000   TIME(PS) =     468.000  TEMP(K) =   300.32  PRESS =     0.0
 Etot   =    -34091.4146  EKtot   =      9112.5654  EPtot      =    -43203.9801
 BOND   =       347.6456  ANGLE   =      1037.9305  DIHED      =      1361.5008
 1-4 NB =       444.1772  1-4 EEL =      6303.6665  VDWAALS    =      4694.9690
 EELEC  =    -57560.1299  EHBOND  =         0.0000  RESTRAINT  =       166.2603
 EAMBER (non-restraint)  =    -43370.2404
 ------------------------------------------------------------------------------

wrapping first mol.:       20.26984       28.66588       49.65075
wrapping first mol.:       20.26984       28.66588       49.65075

 NSTEP =    14500   TIME(PS) =     469.000  TEMP(K) =   302.94  PRESS =     0.0
 Etot   =    -34075.6665  EKtot   =      9191.9727  EPtot      =    -43267.6392
 BOND   =       340.0581  ANGLE   =      1063.8705  DIHED      =      1366.7801
 1-4 NB =       449.4230  1-4 EEL =      6282.3720  VDWAALS    =      4735.8821
 EELEC  =    -57680.7643  EHBOND  =         0.0000  RESTRAINT  =       174.7394
 EAMBER (non-restraint)  =    -43442.3786
 ------------------------------------------------------------------------------

wrapping first mol.:       20.26984       28.66588       49.65075
wrapping first mol.:       20.26984       28.66588       49.65075

 NSTEP =    15000   TIME(PS) =     470.000  TEMP(K) =   299.72  PRESS =     0.0
 Etot   =    -34123.6556  EKtot   =      9094.2266  EPtot      =    -43217.8822
 BOND   =       342.4790  ANGLE   =       996.5612  DIHED      =      1355.0750
 1-4 NB =       450.7528  1-4 EEL =      6289.1509  VDWAALS    =      4644.1899
 EELEC  =    -57444.3806  EHBOND  =         0.0000  RESTRAINT  =       148.2896
 EAMBER (non-restraint)  =    -43366.1718
 ------------------------------------------------------------------------------

wrapping first mol.:       20.26984       28.66588       49.65075
wrapping first mol.:       20.26984       28.66588       49.65075

 NSTEP =    15500   TIME(PS) =     471.000  TEMP(K) =   298.08  PRESS =     0.0
 Etot   =    -34300.1356  EKtot   =      9044.6006  EPtot      =    -43344.7361
 BOND   =       337.3991  ANGLE   =      1017.8932  DIHED      =      1330.6188
 1-4 NB =       456.1696  1-4 EEL =      6295.0811  VDWAALS    =      4635.3911
 EELEC  =    -57585.1766  EHBOND  =         0.0000  RESTRAINT  =       167.8876
 EAMBER (non-restraint)  =    -43512.6237
 ------------------------------------------------------------------------------

wrapping first mol.:       20.26984       28.66588       49.65075
wrapping first mol.:       20.26984       28.66588       49.65075

 NSTEP =    16000   TIME(PS) =     472.000  TEMP(K) =   298.68  PRESS =     0.0
 Etot   =    -34249.5881  EKtot   =      9062.6885  EPtot      =    -43312.2766
 BOND   =       332.6971  ANGLE   =      1065.7151  DIHED      =      1355.7115
 1-4 NB =       428.9569  1-4 EEL =      6293.9578  VDWAALS    =      4727.9613
 EELEC  =    -57690.2464  EHBOND  =         0.0000  RESTRAINT  =       172.9701
 EAMBER (non-restraint)  =    -43485.2467
 ------------------------------------------------------------------------------

wrapping first mol.:       20.26984       28.66588       49.65075
wrapping first mol.:       20.26984       28.66588       49.65075

 NSTEP =    16500   TIME(PS) =     473.000  TEMP(K) =   298.52  PRESS =     0.0
 Etot   =    -34121.8976  EKtot   =      9057.8105  EPtot      =    -43179.7081
 BOND   =       336.2158  ANGLE   =      1054.2714  DIHED      =      1366.8586
 1-4 NB =       453.2379  1-4 EEL =      6304.5702  VDWAALS    =      4661.0796
 EELEC  =    -57526.2182  EHBOND  =         0.0000  RESTRAINT  =       170.2767
 EAMBER (non-restraint)  =    -43349.9849
 ------------------------------------------------------------------------------

wrapping first mol.:       20.26984       28.66588       49.65075
wrapping first mol.:       20.26984       28.66588       49.65075

 NSTEP =    17000   TIME(PS) =     474.000  TEMP(K) =   302.67  PRESS =     0.0
 Etot   =    -34156.7621  EKtot   =      9183.8193  EPtot      =    -43340.5814
 BOND   =       368.6183  ANGLE   =      1021.2816  DIHED      =      1353.9937
 1-4 NB =       444.1362  1-4 EEL =      6325.6467  VDWAALS    =      4906.6114
 EELEC  =    -57948.8652  EHBOND  =         0.0000  RESTRAINT  =       187.9959
 EAMBER (non-restraint)  =    -43528.5773
 ------------------------------------------------------------------------------

wrapping first mol.:       20.26984       28.66588       49.65075
wrapping first mol.:       20.26984       28.66588       49.65075

 NSTEP =    17500   TIME(PS) =     475.000  TEMP(K) =   298.48  PRESS =     0.0
 Etot   =    -34211.0719  EKtot   =      9056.7100  EPtot      =    -43267.7819
 BOND   =       348.5492  ANGLE   =      1049.4356  DIHED      =      1341.3505
 1-4 NB =       441.8041  1-4 EEL =      6300.0375  VDWAALS    =      4694.4114
 EELEC  =    -57601.4549  EHBOND  =         0.0000  RESTRAINT  =       158.0847
 EAMBER (non-restraint)  =    -43425.8666
 ------------------------------------------------------------------------------

wrapping first mol.:       20.26984       28.66588       49.65075
wrapping first mol.:       20.26984       28.66588       49.65075

 NSTEP =    18000   TIME(PS) =     476.000  TEMP(K) =   299.55  PRESS =     0.0
 Etot   =    -34314.4353  EKtot   =      9089.0859  EPtot      =    -43403.5213
 BOND   =       307.1232  ANGLE   =      1044.7398  DIHED      =      1342.9771
 1-4 NB =       441.8157  1-4 EEL =      6321.9847  VDWAALS    =      4727.8136
 EELEC  =    -57746.4238  EHBOND  =         0.0000  RESTRAINT  =       156.4484
 EAMBER (non-restraint)  =    -43559.9696
 ------------------------------------------------------------------------------

wrapping first mol.:       20.26984       28.66588       49.65075
wrapping first mol.:       20.26984       28.66588       49.65075

 NSTEP =    18500   TIME(PS) =     477.000  TEMP(K) =   298.80  PRESS =     0.0
 Etot   =    -34286.8161  EKtot   =      9066.3242  EPtot      =    -43353.1403
 BOND   =       333.9900  ANGLE   =       988.8154  DIHED      =      1365.2590
 1-4 NB =       450.4315  1-4 EEL =      6302.5036  VDWAALS    =      4794.8040
 EELEC  =    -57757.1240  EHBOND  =         0.0000  RESTRAINT  =       168.1800
 EAMBER (non-restraint)  =    -43521.3203
 ------------------------------------------------------------------------------

wrapping first mol.:       20.26984       28.66588       49.65075
wrapping first mol.:       20.26984       28.66588       49.65075

 NSTEP =    19000   TIME(PS) =     478.000  TEMP(K) =   298.77  PRESS =     0.0
 Etot   =    -34187.7083  EKtot   =      9065.2988  EPtot      =    -43253.0071
 BOND   =       347.1284  ANGLE   =      1034.3907  DIHED      =      1339.5186
 1-4 NB =       444.9823  1-4 EEL =      6332.4871  VDWAALS    =      4706.5341
 EELEC  =    -57629.0630  EHBOND  =         0.0000  RESTRAINT  =       171.0147
 EAMBER (non-restraint)  =    -43424.0219
 ------------------------------------------------------------------------------

wrapping first mol.:       20.26984       28.66588       49.65075
wrapping first mol.:       20.26984       28.66588       49.65075

 NSTEP =    19500   TIME(PS) =     479.000  TEMP(K) =   294.99  PRESS =     0.0
 Etot   =    -34250.8426  EKtot   =      8950.8184  EPtot      =    -43201.6610
 BOND   =       336.4046  ANGLE   =      1029.2353  DIHED      =      1349.2501
 1-4 NB =       447.1885  1-4 EEL =      6295.0488  VDWAALS    =      4758.7818
 EELEC  =    -57574.1521  EHBOND  =         0.0000  RESTRAINT  =       156.5821
 EAMBER (non-restraint)  =    -43358.2431
 ------------------------------------------------------------------------------

wrapping first mol.:       20.26984       28.66588       49.65075
wrapping first mol.:       20.26984       28.66588       49.65075

 NSTEP =    20000   TIME(PS) =     480.000  TEMP(K) =   298.59  PRESS =     0.0
 Etot   =    -34184.0503  EKtot   =      9059.9678  EPtot      =    -43244.0181
 BOND   =       323.5619  ANGLE   =      1023.3136  DIHED      =      1348.1808
 1-4 NB =       444.7595  1-4 EEL =      6289.2037  VDWAALS    =      4725.4045
 EELEC  =    -57565.0705  EHBOND  =         0.0000  RESTRAINT  =       166.6284
 EAMBER (non-restraint)  =    -43410.6465
 ------------------------------------------------------------------------------

wrapping first mol.:       20.26984       28.66588       49.65075
wrapping first mol.:       20.26984       28.66588       49.65075

 NSTEP =    20500   TIME(PS) =     481.000  TEMP(K) =   300.46  PRESS =     0.0
 Etot   =    -34077.5301  EKtot   =      9116.6045  EPtot      =    -43194.1346
 BOND   =       320.1496  ANGLE   =      1033.7856  DIHED      =      1348.0674
 1-4 NB =       454.5074  1-4 EEL =      6291.8518  VDWAALS    =      4838.1928
 EELEC  =    -57652.9955  EHBOND  =         0.0000  RESTRAINT  =       172.3062
 EAMBER (non-restraint)  =    -43366.4409
 ------------------------------------------------------------------------------

wrapping first mol.:       20.26984       28.66588       49.65075
wrapping first mol.:       20.26984       28.66588       49.65075

 NSTEP =    21000   TIME(PS) =     482.000  TEMP(K) =   300.61  PRESS =     0.0
 Etot   =    -33942.8255  EKtot   =      9121.3252  EPtot      =    -43064.1507
 BOND   =       341.5673  ANGLE   =      1046.5956  DIHED      =      1372.6010
 1-4 NB =       458.3079  1-4 EEL =      6282.1812  VDWAALS    =      4552.5457
 EELEC  =    -57272.7053  EHBOND  =         0.0000  RESTRAINT  =       154.7560
 EAMBER (non-restraint)  =    -43218.9067
 ------------------------------------------------------------------------------

wrapping first mol.:       20.26984       28.66588       49.65075
wrapping first mol.:       20.26984       28.66588       49.65075

 NSTEP =    21500   TIME(PS) =     483.000  TEMP(K) =   305.25  PRESS =     0.0
 Etot   =    -34018.8347  EKtot   =      9261.8818  EPtot      =    -43280.7165
 BOND   =       325.0783  ANGLE   =      1050.5846  DIHED      =      1351.2703
 1-4 NB =       454.4514  1-4 EEL =      6285.9755  VDWAALS    =      4906.6616
 EELEC  =    -57811.7766  EHBOND  =         0.0000  RESTRAINT  =       157.0384
 EAMBER (non-restraint)  =    -43437.7549
 ------------------------------------------------------------------------------

wrapping first mol.:       20.26984       28.66588       49.65075
wrapping first mol.:       20.26984       28.66588       49.65075

 NSTEP =    22000   TIME(PS) =     484.000  TEMP(K) =   300.17  PRESS =     0.0
 Etot   =    -34172.5831  EKtot   =      9107.7959  EPtot      =    -43280.3790
 BOND   =       329.1671  ANGLE   =      1027.5241  DIHED      =      1346.8701
 1-4 NB =       449.6022  1-4 EEL =      6290.9388  VDWAALS    =      4860.0451
 EELEC  =    -57747.3898  EHBOND  =         0.0000  RESTRAINT  =       162.8634
 EAMBER (non-restraint)  =    -43443.2424
 ------------------------------------------------------------------------------

wrapping first mol.:       20.26984       28.66588       49.65075
wrapping first mol.:       20.26984       28.66588       49.65075

 NSTEP =    22500   TIME(PS) =     485.000  TEMP(K) =   303.46  PRESS =     0.0
 Etot   =    -34154.2239  EKtot   =      9207.8477  EPtot      =    -43362.0715
 BOND   =       327.3974  ANGLE   =      1061.8335  DIHED      =      1354.8887
 1-4 NB =       449.3910  1-4 EEL =      6300.5282  VDWAALS    =      4818.6278
 EELEC  =    -57841.6899  EHBOND  =         0.0000  RESTRAINT  =       166.9516
 EAMBER (non-restraint)  =    -43529.0231
 ------------------------------------------------------------------------------

wrapping first mol.:       20.26984       28.66588       49.65075
wrapping first mol.:       20.26984       28.66588       49.65075

 NSTEP =    23000   TIME(PS) =     486.000  TEMP(K) =   300.18  PRESS =     0.0
 Etot   =    -34227.5558  EKtot   =      9108.1348  EPtot      =    -43335.6906
 BOND   =       358.2202  ANGLE   =       985.4481  DIHED      =      1335.4645
 1-4 NB =       463.3481  1-4 EEL =      6301.0672  VDWAALS    =      4785.2761
 EELEC  =    -57711.9215  EHBOND  =         0.0000  RESTRAINT  =       147.4067
 EAMBER (non-restraint)  =    -43483.0973
 ------------------------------------------------------------------------------

wrapping first mol.:       20.26984       28.66588       49.65075
wrapping first mol.:       20.26984       28.66588       49.65075

 NSTEP =    23500   TIME(PS) =     487.000  TEMP(K) =   301.67  PRESS =     0.0
 Etot   =    -34062.0303  EKtot   =      9153.2598  EPtot      =    -43215.2900
 BOND   =       334.9548  ANGLE   =      1019.6803  DIHED      =      1356.8014
 1-4 NB =       444.1008  1-4 EEL =      6295.9967  VDWAALS    =      4744.7856
 EELEC  =    -57574.3660  EHBOND  =         0.0000  RESTRAINT  =       162.7564
 EAMBER (non-restraint)  =    -43378.0465
 ------------------------------------------------------------------------------

wrapping first mol.:       20.26984       28.66588       49.65075
wrapping first mol.:       20.26984       28.66588       49.65075

 NSTEP =    24000   TIME(PS) =     488.000  TEMP(K) =   301.67  PRESS =     0.0
 Etot   =    -34168.5819  EKtot   =      9153.2793  EPtot      =    -43321.8611
 BOND   =       333.0824  ANGLE   =      1059.1723  DIHED      =      1354.6039
 1-4 NB =       453.8313  1-4 EEL =      6294.1651  VDWAALS    =      4659.2652
 EELEC  =    -57640.8721  EHBOND  =         0.0000  RESTRAINT  =       164.8909
 EAMBER (non-restraint)  =    -43486.7520
 ------------------------------------------------------------------------------

wrapping first mol.:       20.26984       28.66588       49.65075
wrapping first mol.:       20.26984       28.66588       49.65075

 NSTEP =    24500   TIME(PS) =     489.000  TEMP(K) =   298.68  PRESS =     0.0
 Etot   =    -34241.6459  EKtot   =      9062.7090  EPtot      =    -43304.3549
 BOND   =       329.5151  ANGLE   =      1042.8476  DIHED      =      1353.4544
 1-4 NB =       454.3918  1-4 EEL =      6281.1647  VDWAALS    =      4635.1208
 EELEC  =    -57573.7862  EHBOND  =         0.0000  RESTRAINT  =       172.9370
 EAMBER (non-restraint)  =    -43477.2919
 ------------------------------------------------------------------------------

wrapping first mol.:       20.26984       28.66588       49.65075
wrapping first mol.:       20.26984       28.66588       49.65075

 NSTEP =    25000   TIME(PS) =     490.000  TEMP(K) =   301.10  PRESS =     0.0
 Etot   =    -34293.6651  EKtot   =      9136.1963  EPtot      =    -43429.8613
 BOND   =       325.6926  ANGLE   =      1040.6603  DIHED      =      1322.9715
 1-4 NB =       441.2439  1-4 EEL =      6280.7623  VDWAALS    =      4852.4380
 EELEC  =    -57853.7838  EHBOND  =         0.0000  RESTRAINT  =       160.1539
 EAMBER (non-restraint)  =    -43590.0152
 ------------------------------------------------------------------------------

wrapping first mol.:       20.26984       28.66588       49.65075
wrapping first mol.:       20.26984       28.66588       49.65075

 NSTEP =    25500   TIME(PS) =     491.000  TEMP(K) =   299.06  PRESS =     0.0
 Etot   =    -34089.5874  EKtot   =      9074.1699  EPtot      =    -43163.7574
 BOND   =       346.9057  ANGLE   =      1019.3614  DIHED      =      1348.8362
 1-4 NB =       464.9820  1-4 EEL =      6295.7820  VDWAALS    =      4633.7099
 EELEC  =    -57471.4600  EHBOND  =         0.0000  RESTRAINT  =       198.1253
 EAMBER (non-restraint)  =    -43361.8827
 ------------------------------------------------------------------------------

wrapping first mol.:       20.26984       28.66588       49.65075
wrapping first mol.:       20.26984       28.66588       49.65075

 NSTEP =    26000   TIME(PS) =     492.000  TEMP(K) =   298.71  PRESS =     0.0
 Etot   =    -34270.0834  EKtot   =      9063.5576  EPtot      =    -43333.6410
 BOND   =       361.8014  ANGLE   =      1018.4996  DIHED      =      1335.7327
 1-4 NB =       448.7533  1-4 EEL =      6329.6725  VDWAALS    =      4836.7447
 EELEC  =    -57843.0362  EHBOND  =         0.0000  RESTRAINT  =       178.1911
 EAMBER (non-restraint)  =    -43511.8321
 ------------------------------------------------------------------------------

wrapping first mol.:       20.26984       28.66588       49.65075
wrapping first mol.:       20.26984       28.66588       49.65075

 NSTEP =    26500   TIME(PS) =     493.000  TEMP(K) =   297.55  PRESS =     0.0
 Etot   =    -34204.2575  EKtot   =      9028.4375  EPtot      =    -43232.6950
 BOND   =       330.2672  ANGLE   =      1026.2001  DIHED      =      1345.5543
 1-4 NB =       447.2687  1-4 EEL =      6311.2020  VDWAALS    =      4759.3951
 EELEC  =    -57612.7905  EHBOND  =         0.0000  RESTRAINT  =       160.2081
 EAMBER (non-restraint)  =    -43392.9031
 ------------------------------------------------------------------------------

wrapping first mol.:       20.26984       28.66588       49.65075
wrapping first mol.:       20.26984       28.66588       49.65075

 NSTEP =    27000   TIME(PS) =     494.000  TEMP(K) =   302.00  PRESS =     0.0
 Etot   =    -33924.0895  EKtot   =      9163.3037  EPtot      =    -43087.3932
 BOND   =       345.0921  ANGLE   =      1047.6695  DIHED      =      1356.0647
 1-4 NB =       450.8300  1-4 EEL =      6334.2996  VDWAALS    =      4503.3937
 EELEC  =    -57290.4166  EHBOND  =         0.0000  RESTRAINT  =       165.6739
 EAMBER (non-restraint)  =    -43253.0670
 ------------------------------------------------------------------------------

wrapping first mol.:       20.26984       28.66588       49.65075
wrapping first mol.:       20.26984       28.66588       49.65075

 NSTEP =    27500   TIME(PS) =     495.000  TEMP(K) =   300.48  PRESS =     0.0
 Etot   =    -33962.8818  EKtot   =      9117.2158  EPtot      =    -43080.0976
 BOND   =       358.7852  ANGLE   =      1044.2254  DIHED      =      1353.0539
 1-4 NB =       449.1173  1-4 EEL =      6327.7783  VDWAALS    =      4565.0167
 EELEC  =    -57335.2922  EHBOND  =         0.0000  RESTRAINT  =       157.2179
 EAMBER (non-restraint)  =    -43237.3155
 ------------------------------------------------------------------------------

wrapping first mol.:       20.26984       28.66588       49.65075
wrapping first mol.:       20.26984       28.66588       49.65075

 NSTEP =    28000   TIME(PS) =     496.000  TEMP(K) =   301.25  PRESS =     0.0
 Etot   =    -34019.8037  EKtot   =      9140.6865  EPtot      =    -43160.4903
 BOND   =       336.3706  ANGLE   =      1013.0837  DIHED      =      1356.8185
 1-4 NB =       439.9938  1-4 EEL =      6302.7617  VDWAALS    =      4596.2185
 EELEC  =    -57368.6319  EHBOND  =         0.0000  RESTRAINT  =       162.8948
 EAMBER (non-restraint)  =    -43323.3851
 ------------------------------------------------------------------------------

wrapping first mol.:       20.26984       28.66588       49.65075
wrapping first mol.:       20.26984       28.66588       49.65075

 NSTEP =    28500   TIME(PS) =     497.000  TEMP(K) =   300.33  PRESS =     0.0
 Etot   =    -34237.6892  EKtot   =      9112.7588  EPtot      =    -43350.4480
 BOND   =       352.3342  ANGLE   =      1011.9022  DIHED      =      1351.0080
 1-4 NB =       449.5766  1-4 EEL =      6297.6423  VDWAALS    =      4847.7924
 EELEC  =    -57818.5899  EHBOND  =         0.0000  RESTRAINT  =       157.8862
 EAMBER (non-restraint)  =    -43508.3342
 ------------------------------------------------------------------------------

wrapping first mol.:       20.26984       28.66588       49.65075
wrapping first mol.:       20.26984       28.66588       49.65075

 NSTEP =    29000   TIME(PS) =     498.000  TEMP(K) =   302.74  PRESS =     0.0
 Etot   =    -34136.7528  EKtot   =      9186.0098  EPtot      =    -43322.7625
 BOND   =       317.5555  ANGLE   =      1046.2192  DIHED      =      1349.2068
 1-4 NB =       458.4410  1-4 EEL =      6301.1857  VDWAALS    =      4715.1604
 EELEC  =    -57666.2930  EHBOND  =         0.0000  RESTRAINT  =       155.7620
 EAMBER (non-restraint)  =    -43478.5245
 ------------------------------------------------------------------------------

wrapping first mol.:       20.26984       28.66588       49.65075
wrapping first mol.:       20.26984       28.66588       49.65075

 NSTEP =    29500   TIME(PS) =     499.000  TEMP(K) =   303.49  PRESS =     0.0
 Etot   =    -33978.9420  EKtot   =      9208.5967  EPtot      =    -43187.5386
 BOND   =       359.1126  ANGLE   =       982.7817  DIHED      =      1360.7038
 1-4 NB =       446.4625  1-4 EEL =      6282.6307  VDWAALS    =      4753.1886
 EELEC  =    -57538.8307  EHBOND  =         0.0000  RESTRAINT  =       166.4122
 EAMBER (non-restraint)  =    -43353.9508
 ------------------------------------------------------------------------------

wrapping first mol.:       20.26984       28.66588       49.65075
wrapping first mol.:       20.26984       28.66588       49.65075

 NSTEP =    30000   TIME(PS) =     500.000  TEMP(K) =   299.51  PRESS =     0.0
 Etot   =    -34243.7000  EKtot   =      9087.8115  EPtot      =    -43331.5115
 BOND   =       356.9671  ANGLE   =      1041.1444  DIHED      =      1358.4348
 1-4 NB =       438.6714  1-4 EEL =      6290.0538  VDWAALS    =      4549.8881
 EELEC  =    -57533.7714  EHBOND  =         0.0000  RESTRAINT  =       167.1001
 EAMBER (non-restraint)  =    -43498.6116
 ------------------------------------------------------------------------------

wrapping first mol.:       20.26984       28.66588       49.65075
wrapping first mol.:       20.26984       28.66588       49.65075

 NSTEP =    30500   TIME(PS) =     501.000  TEMP(K) =   296.83  PRESS =     0.0
 Etot   =    -34118.3768  EKtot   =      9006.4268  EPtot      =    -43124.8036
 BOND   =       331.0934  ANGLE   =      1028.9513  DIHED      =      1365.9195
 1-4 NB =       450.8707  1-4 EEL =      6308.8592  VDWAALS    =      4713.4628
 EELEC  =    -57483.8306  EHBOND  =         0.0000  RESTRAINT  =       159.8700
 EAMBER (non-restraint)  =    -43284.6736
 ------------------------------------------------------------------------------

wrapping first mol.:       20.26984       28.66588       49.65075
wrapping first mol.:       20.26984       28.66588       49.65075

 NSTEP =    31000   TIME(PS) =     502.000  TEMP(K) =   301.64  PRESS =     0.0
 Etot   =    -34324.9513  EKtot   =      9152.4170  EPtot      =    -43477.3683
 BOND   =       323.4338  ANGLE   =      1063.9487  DIHED      =      1339.7644
 1-4 NB =       450.4234  1-4 EEL =      6331.3980  VDWAALS    =      4818.9398
 EELEC  =    -57968.7945  EHBOND  =         0.0000  RESTRAINT  =       163.5182
 EAMBER (non-restraint)  =    -43640.8865
 ------------------------------------------------------------------------------

wrapping first mol.:       20.26984       28.66588       49.65075
wrapping first mol.:       20.26984       28.66588       49.65075

 NSTEP =    31500   TIME(PS) =     503.000  TEMP(K) =   300.95  PRESS =     0.0
 Etot   =    -34018.0826  EKtot   =      9131.6133  EPtot      =    -43149.6959
 BOND   =       341.5747  ANGLE   =      1052.5304  DIHED      =      1354.0615
 1-4 NB =       442.3590  1-4 EEL =      6295.4737  VDWAALS    =      4621.4234
 EELEC  =    -57424.3075  EHBOND  =         0.0000  RESTRAINT  =       167.1891
 EAMBER (non-restraint)  =    -43316.8849
 ------------------------------------------------------------------------------

wrapping first mol.:       20.26984       28.66588       49.65075
wrapping first mol.:       20.26984       28.66588       49.65075

 NSTEP =    32000   TIME(PS) =     504.000  TEMP(K) =   299.58  PRESS =     0.0
 Etot   =    -34273.4568  EKtot   =      9090.0439  EPtot      =    -43363.5008
 BOND   =       313.1374  ANGLE   =      1008.7131  DIHED      =      1349.7492
 1-4 NB =       457.7491  1-4 EEL =      6317.6163  VDWAALS    =      4804.5067
 EELEC  =    -57779.3248  EHBOND  =         0.0000  RESTRAINT  =       164.3524
 EAMBER (non-restraint)  =    -43527.8531
 ------------------------------------------------------------------------------

wrapping first mol.:       20.26984       28.66588       49.65075
wrapping first mol.:       20.26984       28.66588       49.65075

 NSTEP =    32500   TIME(PS) =     505.000  TEMP(K) =   299.79  PRESS =     0.0
 Etot   =    -34078.3647  EKtot   =      9096.2441  EPtot      =    -43174.6088
 BOND   =       353.0076  ANGLE   =       985.0077  DIHED      =      1342.3075
 1-4 NB =       451.2363  1-4 EEL =      6314.4248  VDWAALS    =      4684.1348
 EELEC  =    -57467.8043  EHBOND  =         0.0000  RESTRAINT  =       163.0766
 EAMBER (non-restraint)  =    -43337.6855
 ------------------------------------------------------------------------------

wrapping first mol.:       20.26984       28.66588       49.65075
wrapping first mol.:       20.26984       28.66588       49.65075

 NSTEP =    33000   TIME(PS) =     506.000  TEMP(K) =   304.23  PRESS =     0.0
 Etot   =    -34219.2099  EKtot   =      9231.2061  EPtot      =    -43450.4160
 BOND   =       335.7621  ANGLE   =      1002.1178  DIHED      =      1371.9486
 1-4 NB =       450.4076  1-4 EEL =      6302.8019  VDWAALS    =      4719.3843
 EELEC  =    -57791.9575  EHBOND  =         0.0000  RESTRAINT  =       159.1192
 EAMBER (non-restraint)  =    -43609.5352
 ------------------------------------------------------------------------------

wrapping first mol.:       20.26984       28.66588       49.65075
wrapping first mol.:       20.26984       28.66588       49.65075

 NSTEP =    33500   TIME(PS) =     507.000  TEMP(K) =   296.83  PRESS =     0.0
 Etot   =    -34345.5785  EKtot   =      9006.6260  EPtot      =    -43352.2045
 BOND   =       336.8790  ANGLE   =      1031.9635  DIHED      =      1365.7575
 1-4 NB =       443.0474  1-4 EEL =      6295.2039  VDWAALS    =      4769.7537
 EELEC  =    -57743.5865  EHBOND  =         0.0000  RESTRAINT  =       148.7769
 EAMBER (non-restraint)  =    -43500.9814
 ------------------------------------------------------------------------------

wrapping first mol.:       20.26984       28.66588       49.65075
wrapping first mol.:       20.26984       28.66588       49.65075

 NSTEP =    34000   TIME(PS) =     508.000  TEMP(K) =   302.40  PRESS =     0.0
 Etot   =    -34235.9370  EKtot   =      9175.4395  EPtot      =    -43411.3764
 BOND   =       334.3937  ANGLE   =      1018.4062  DIHED      =      1337.3520
 1-4 NB =       443.5481  1-4 EEL =      6292.7996  VDWAALS    =      4877.7735
 EELEC  =    -57893.5095  EHBOND  =         0.0000  RESTRAINT  =       177.8600
 EAMBER (non-restraint)  =    -43589.2364
 ------------------------------------------------------------------------------

wrapping first mol.:       20.26984       28.66588       49.65075
wrapping first mol.:       20.26984       28.66588       49.65075

 NSTEP =    34500   TIME(PS) =     509.000  TEMP(K) =   297.50  PRESS =     0.0
 Etot   =    -34153.4219  EKtot   =      9026.7969  EPtot      =    -43180.2188
 BOND   =       347.5318  ANGLE   =      1047.3601  DIHED      =      1357.5636
 1-4 NB =       438.8949  1-4 EEL =      6321.5989  VDWAALS    =      4809.7028
 EELEC  =    -57659.2390  EHBOND  =         0.0000  RESTRAINT  =       156.3681
 EAMBER (non-restraint)  =    -43336.5869
 ------------------------------------------------------------------------------

wrapping first mol.:       20.26984       28.66588       49.65075
wrapping first mol.:       20.26984       28.66588       49.65075

 NSTEP =    35000   TIME(PS) =     510.000  TEMP(K) =   303.30  PRESS =     0.0
 Etot   =    -34003.8510  EKtot   =      9202.9248  EPtot      =    -43206.7758
 BOND   =       354.4367  ANGLE   =       994.6860  DIHED      =      1345.0023
 1-4 NB =       456.6469  1-4 EEL =      6309.3405  VDWAALS    =      4527.4068
 EELEC  =    -57384.0776  EHBOND  =         0.0000  RESTRAINT  =       189.7825
 EAMBER (non-restraint)  =    -43396.5583
 ------------------------------------------------------------------------------

wrapping first mol.:       20.26984       28.66588       49.65075
wrapping first mol.:       20.26984       28.66588       49.65075

 NSTEP =    35500   TIME(PS) =     511.000  TEMP(K) =   300.60  PRESS =     0.0
 Etot   =    -34105.7435  EKtot   =      9121.0303  EPtot      =    -43226.7737
 BOND   =       324.6124  ANGLE   =      1002.2809  DIHED      =      1366.5434
 1-4 NB =       434.6365  1-4 EEL =      6308.6489  VDWAALS    =      4676.9279
 EELEC  =    -57497.4649  EHBOND  =         0.0000  RESTRAINT  =       157.0411
 EAMBER (non-restraint)  =    -43383.8149
 ------------------------------------------------------------------------------

wrapping first mol.:       20.26984       28.66588       49.65075
wrapping first mol.:       20.26984       28.66588       49.65075

 NSTEP =    36000   TIME(PS) =     512.000  TEMP(K) =   298.29  PRESS =     0.0
 Etot   =    -34094.6550  EKtot   =      9050.8555  EPtot      =    -43145.5105
 BOND   =       346.4549  ANGLE   =      1054.7034  DIHED      =      1332.7929
 1-4 NB =       449.5560  1-4 EEL =      6281.4421  VDWAALS    =      4593.1098
 EELEC  =    -57346.8703  EHBOND  =         0.0000  RESTRAINT  =       143.3006
 EAMBER (non-restraint)  =    -43288.8112
 ------------------------------------------------------------------------------

wrapping first mol.:       20.26984       28.66588       49.65075
wrapping first mol.:       20.26984       28.66588       49.65075

 NSTEP =    36500   TIME(PS) =     513.000  TEMP(K) =   303.53  PRESS =     0.0
 Etot   =    -34037.5612  EKtot   =      9209.7510  EPtot      =    -43247.3122
 BOND   =       340.8211  ANGLE   =      1026.6864  DIHED      =      1341.7663
 1-4 NB =       438.1679  1-4 EEL =      6315.8275  VDWAALS    =      4663.2983
 EELEC  =    -57536.5946  EHBOND  =         0.0000  RESTRAINT  =       162.7150
 EAMBER (non-restraint)  =    -43410.0272
 ------------------------------------------------------------------------------

wrapping first mol.:       20.26984       28.66588       49.65075
wrapping first mol.:       20.26984       28.66588       49.65075

 NSTEP =    37000   TIME(PS) =     514.000  TEMP(K) =   300.75  PRESS =     0.0
 Etot   =    -34220.7149  EKtot   =      9125.5957  EPtot      =    -43346.3106
 BOND   =       336.0903  ANGLE   =      1025.1080  DIHED      =      1358.7804
 1-4 NB =       428.3013  1-4 EEL =      6298.9518  VDWAALS    =      4604.2297
 EELEC  =    -57553.1603  EHBOND  =         0.0000  RESTRAINT  =       155.3882
 EAMBER (non-restraint)  =    -43501.6988
 ------------------------------------------------------------------------------

wrapping first mol.:       20.26984       28.66588       49.65075
wrapping first mol.:       20.26984       28.66588       49.65075

 NSTEP =    37500   TIME(PS) =     515.000  TEMP(K) =   297.26  PRESS =     0.0
 Etot   =    -34157.7369  EKtot   =      9019.7021  EPtot      =    -43177.4390
 BOND   =       332.3834  ANGLE   =      1071.5682  DIHED      =      1356.6163
 1-4 NB =       443.2721  1-4 EEL =      6307.8198  VDWAALS    =      4714.8338
 EELEC  =    -57563.5881  EHBOND  =         0.0000  RESTRAINT  =       159.6555
 EAMBER (non-restraint)  =    -43337.0945
 ------------------------------------------------------------------------------

wrapping first mol.:       20.26984       28.66588       49.65075
wrapping first mol.:       20.26984       28.66588       49.65075

 NSTEP =    38000   TIME(PS) =     516.000  TEMP(K) =   300.82  PRESS =     0.0
 Etot   =    -34104.4949  EKtot   =      9127.7422  EPtot      =    -43232.2371
 BOND   =       341.2949  ANGLE   =      1044.1046  DIHED      =      1335.4275
 1-4 NB =       442.0656  1-4 EEL =      6295.9502  VDWAALS    =      4803.5456
 EELEC  =    -57647.9979  EHBOND  =         0.0000  RESTRAINT  =       153.3724
 EAMBER (non-restraint)  =    -43385.6095
 ------------------------------------------------------------------------------

wrapping first mol.:       20.26984       28.66588       49.65075
wrapping first mol.:       20.26984       28.66588       49.65075

 NSTEP =    38500   TIME(PS) =     517.000  TEMP(K) =   299.12  PRESS =     0.0
 Etot   =    -34276.9618  EKtot   =      9075.8887  EPtot      =    -43352.8505
 BOND   =       332.3039  ANGLE   =      1026.5872  DIHED      =      1335.8922
 1-4 NB =       440.3704  1-4 EEL =      6297.6441  VDWAALS    =      4631.8181
 EELEC  =    -57580.9586  EHBOND  =         0.0000  RESTRAINT  =       163.4923
 EAMBER (non-restraint)  =    -43516.3427
 ------------------------------------------------------------------------------

wrapping first mol.:       20.26984       28.66588       49.65075
wrapping first mol.:       20.26984       28.66588       49.65075

 NSTEP =    39000   TIME(PS) =     518.000  TEMP(K) =   300.92  PRESS =     0.0
 Etot   =    -34311.4076  EKtot   =      9130.7686  EPtot      =    -43442.1762
 BOND   =       337.1746  ANGLE   =      1046.1958  DIHED      =      1334.6044
 1-4 NB =       447.4910  1-4 EEL =      6280.7197  VDWAALS    =      4798.8848
 EELEC  =    -57844.4370  EHBOND  =         0.0000  RESTRAINT  =       157.1905
 EAMBER (non-restraint)  =    -43599.3667
 ------------------------------------------------------------------------------

wrapping first mol.:       20.26984       28.66588       49.65075
wrapping first mol.:       20.26984       28.66588       49.65075

 NSTEP =    39500   TIME(PS) =     519.000  TEMP(K) =   300.28  PRESS =     0.0
 Etot   =    -34190.3416  EKtot   =      9111.1357  EPtot      =    -43301.4773
 BOND   =       318.9894  ANGLE   =      1045.4070  DIHED      =      1367.0962
 1-4 NB =       445.6851  1-4 EEL =      6305.2239  VDWAALS    =      4643.3146
 EELEC  =    -57589.9498  EHBOND  =         0.0000  RESTRAINT  =       162.7563
 EAMBER (non-restraint)  =    -43464.2337
 ------------------------------------------------------------------------------

wrapping first mol.:       20.26984       28.66588       49.65075
wrapping first mol.:       20.26984       28.66588       49.65075

 NSTEP =    40000   TIME(PS) =     520.000  TEMP(K) =   301.55  PRESS =     0.0
 Etot   =    -34165.4496  EKtot   =      9149.8916  EPtot      =    -43315.3412
 BOND   =       361.5128  ANGLE   =      1043.8427  DIHED      =      1351.4399
 1-4 NB =       430.2641  1-4 EEL =      6289.0494  VDWAALS    =      4684.1158
 EELEC  =    -57627.1337  EHBOND  =         0.0000  RESTRAINT  =       151.5678
 EAMBER (non-restraint)  =    -43466.9090
 ------------------------------------------------------------------------------

wrapping first mol.:       20.26984       28.66588       49.65075
wrapping first mol.:       20.26984       28.66588       49.65075

 NSTEP =    40500   TIME(PS) =     521.000  TEMP(K) =   300.70  PRESS =     0.0
 Etot   =    -34151.8932  EKtot   =      9123.8594  EPtot      =    -43275.7525
 BOND   =       337.8485  ANGLE   =      1038.1715  DIHED      =      1351.6598
 1-4 NB =       446.2238  1-4 EEL =      6306.3651  VDWAALS    =      4841.6458
 EELEC  =    -57759.9160  EHBOND  =         0.0000  RESTRAINT  =       162.2490
 EAMBER (non-restraint)  =    -43438.0015
 ------------------------------------------------------------------------------

wrapping first mol.:       20.26984       28.66588       49.65075
wrapping first mol.:       20.26984       28.66588       49.65075

 NSTEP =    41000   TIME(PS) =     522.000  TEMP(K) =   299.24  PRESS =     0.0
 Etot   =    -34266.2868  EKtot   =      9079.6904  EPtot      =    -43345.9772
 BOND   =       348.1354  ANGLE   =      1066.6915  DIHED      =      1354.5170
 1-4 NB =       456.2833  1-4 EEL =      6292.7120  VDWAALS    =      4611.5258
 EELEC  =    -57637.6503  EHBOND  =         0.0000  RESTRAINT  =       161.8081
 EAMBER (non-restraint)  =    -43507.7853
 ------------------------------------------------------------------------------

wrapping first mol.:       20.26984       28.66588       49.65075
wrapping first mol.:       20.26984       28.66588       49.65075

 NSTEP =    41500   TIME(PS) =     523.000  TEMP(K) =   299.57  PRESS =     0.0
 Etot   =    -34127.3691  EKtot   =      9089.5352  EPtot      =    -43216.9042
 BOND   =       335.3582  ANGLE   =      1071.0133  DIHED      =      1349.1131
 1-4 NB =       449.5598  1-4 EEL =      6306.1659  VDWAALS    =      4622.1040
 EELEC  =    -57499.2018  EHBOND  =         0.0000  RESTRAINT  =       148.9833
 EAMBER (non-restraint)  =    -43365.8875
 ------------------------------------------------------------------------------

wrapping first mol.:       20.26984       28.66588       49.65075
wrapping first mol.:       20.26984       28.66588       49.65075

 NSTEP =    42000   TIME(PS) =     524.000  TEMP(K) =   299.48  PRESS =     0.0
 Etot   =    -34127.0113  EKtot   =      9086.9346  EPtot      =    -43213.9459
 BOND   =       351.5328  ANGLE   =      1024.8637  DIHED      =      1370.2144
 1-4 NB =       448.7835  1-4 EEL =      6290.3597  VDWAALS    =      4944.7982
 EELEC  =    -57821.7297  EHBOND  =         0.0000  RESTRAINT  =       177.2317
 EAMBER (non-restraint)  =    -43391.1775
 ------------------------------------------------------------------------------

wrapping first mol.:       20.26984       28.66588       49.65075
wrapping first mol.:       20.26984       28.66588       49.65075

 NSTEP =    42500   TIME(PS) =     525.000  TEMP(K) =   300.36  PRESS =     0.0
 Etot   =    -34347.9057  EKtot   =      9113.7686  EPtot      =    -43461.6743
 BOND   =       325.8623  ANGLE   =      1019.9936  DIHED      =      1345.3714
 1-4 NB =       435.5457  1-4 EEL =      6306.7043  VDWAALS    =      4717.6272
 EELEC  =    -57782.1784  EHBOND  =         0.0000  RESTRAINT  =       169.3996
 EAMBER (non-restraint)  =    -43631.0739
 ------------------------------------------------------------------------------

wrapping first mol.:       20.26984       28.66588       49.65075
wrapping first mol.:       20.26984       28.66588       49.65075

 NSTEP =    43000   TIME(PS) =     526.000  TEMP(K) =   295.86  PRESS =     0.0
 Etot   =    -34621.5685  EKtot   =      8977.1172  EPtot      =    -43598.6857
 BOND   =       328.9107  ANGLE   =      1041.1021  DIHED      =      1327.0745
 1-4 NB =       446.0839  1-4 EEL =      6314.0435  VDWAALS    =      4754.3023
 EELEC  =    -57972.1535  EHBOND  =         0.0000  RESTRAINT  =       161.9507
 EAMBER (non-restraint)  =    -43760.6365
 ------------------------------------------------------------------------------

wrapping first mol.:       20.26984       28.66588       49.65075
wrapping first mol.:       20.26984       28.66588       49.65075

 NSTEP =    43500   TIME(PS) =     527.000  TEMP(K) =   300.34  PRESS =     0.0
 Etot   =    -34314.7063  EKtot   =      9113.1494  EPtot      =    -43427.8557
 BOND   =       352.7132  ANGLE   =      1052.2526  DIHED      =      1342.4883
 1-4 NB =       458.4849  1-4 EEL =      6311.0787  VDWAALS    =      4903.3064
 EELEC  =    -58008.1551  EHBOND  =         0.0000  RESTRAINT  =       159.9752
 EAMBER (non-restraint)  =    -43587.8310
 ------------------------------------------------------------------------------

wrapping first mol.:       20.26984       28.66588       49.65075
wrapping first mol.:       20.26984       28.66588       49.65075

 NSTEP =    44000   TIME(PS) =     528.000  TEMP(K) =   298.26  PRESS =     0.0
 Etot   =    -34375.1212  EKtot   =      9049.9453  EPtot      =    -43425.0665
 BOND   =       360.7436  ANGLE   =       996.4719  DIHED      =      1362.1186
 1-4 NB =       441.8991  1-4 EEL =      6294.3936  VDWAALS    =      4541.6208
 EELEC  =    -57585.4186  EHBOND  =         0.0000  RESTRAINT  =       163.1046
 EAMBER (non-restraint)  =    -43588.1711
 ------------------------------------------------------------------------------

wrapping first mol.:       20.26984       28.66588       49.65075
wrapping first mol.:       20.26984       28.66588       49.65075

 NSTEP =    44500   TIME(PS) =     529.000  TEMP(K) =   298.02  PRESS =     0.0
 Etot   =    -34255.5843  EKtot   =      9042.5312  EPtot      =    -43298.1156
 BOND   =       349.3319  ANGLE   =      1042.6358  DIHED      =      1366.8002
 1-4 NB =       464.6145  1-4 EEL =      6311.2664  VDWAALS    =      4863.9295
 EELEC  =    -57853.8559  EHBOND  =         0.0000  RESTRAINT  =       157.1621
 EAMBER (non-restraint)  =    -43455.2777
 ------------------------------------------------------------------------------

wrapping first mol.:       20.26984       28.66588       49.65075
wrapping first mol.:       20.26984       28.66588       49.65075

 NSTEP =    45000   TIME(PS) =     530.000  TEMP(K) =   301.95  PRESS =     0.0
 Etot   =    -34093.6318  EKtot   =      9162.0127  EPtot      =    -43255.6445
 BOND   =       318.1994  ANGLE   =      1076.3420  DIHED      =      1352.5314
 1-4 NB =       434.8974  1-4 EEL =      6299.7757  VDWAALS    =      4662.2530
 EELEC  =    -57567.9617  EHBOND  =         0.0000  RESTRAINT  =       168.3184
 EAMBER (non-restraint)  =    -43423.9629
 ------------------------------------------------------------------------------

wrapping first mol.:       20.26984       28.66588       49.65075
wrapping first mol.:       20.26984       28.66588       49.65075

 NSTEP =    45500   TIME(PS) =     531.000  TEMP(K) =   302.27  PRESS =     0.0
 Etot   =    -34154.0213  EKtot   =      9171.7256  EPtot      =    -43325.7469
 BOND   =       341.2656  ANGLE   =      1058.3694  DIHED      =      1362.4558
 1-4 NB =       446.8793  1-4 EEL =      6281.6277  VDWAALS    =      4839.7479
 EELEC  =    -57814.8569  EHBOND  =         0.0000  RESTRAINT  =       158.7642
 EAMBER (non-restraint)  =    -43484.5111
 ------------------------------------------------------------------------------

wrapping first mol.:       20.26984       28.66588       49.65075
wrapping first mol.:       20.26984       28.66588       49.65075

 NSTEP =    46000   TIME(PS) =     532.000  TEMP(K) =   299.87  PRESS =     0.0
 Etot   =    -34273.5835  EKtot   =      9098.8818  EPtot      =    -43372.4654
 BOND   =       340.9000  ANGLE   =      1014.4445  DIHED      =      1322.9790
 1-4 NB =       449.7983  1-4 EEL =      6322.6474  VDWAALS    =      4649.7132
 EELEC  =    -57643.0004  EHBOND  =         0.0000  RESTRAINT  =       170.0526
 EAMBER (non-restraint)  =    -43542.5180
 ------------------------------------------------------------------------------

wrapping first mol.:       20.26984       28.66588       49.65075
wrapping first mol.:       20.26984       28.66588       49.65075

 NSTEP =    46500   TIME(PS) =     533.000  TEMP(K) =   300.21  PRESS =     0.0
 Etot   =    -34354.9032  EKtot   =      9108.9863  EPtot      =    -43463.8895
 BOND   =       324.7037  ANGLE   =      1073.9006  DIHED      =      1337.7956
 1-4 NB =       445.3005  1-4 EEL =      6285.1033  VDWAALS    =      4712.6945
 EELEC  =    -57805.6237  EHBOND  =         0.0000  RESTRAINT  =       162.2361
 EAMBER (non-restraint)  =    -43626.1256
 ------------------------------------------------------------------------------

wrapping first mol.:       20.26984       28.66588       49.65075
wrapping first mol.:       20.26984       28.66588       49.65075

 NSTEP =    47000   TIME(PS) =     534.000  TEMP(K) =   299.61  PRESS =     0.0
 Etot   =    -34190.4264  EKtot   =      9090.8242  EPtot      =    -43281.2507
 BOND   =       314.3243  ANGLE   =      1011.2074  DIHED      =      1362.9444
 1-4 NB =       438.8320  1-4 EEL =      6314.5163  VDWAALS    =      4684.8627
 EELEC  =    -57573.3944  EHBOND  =         0.0000  RESTRAINT  =       165.4567
 EAMBER (non-restraint)  =    -43446.7074
 ------------------------------------------------------------------------------

wrapping first mol.:       20.26984       28.66588       49.65075
wrapping first mol.:       20.26984       28.66588       49.65075

 NSTEP =    47500   TIME(PS) =     535.000  TEMP(K) =   296.26  PRESS =     0.0
 Etot   =    -34246.0563  EKtot   =      8989.3672  EPtot      =    -43235.4235
 BOND   =       320.0813  ANGLE   =      1033.5519  DIHED      =      1336.8962
 1-4 NB =       447.9801  1-4 EEL =      6304.1037  VDWAALS    =      4779.9618
 EELEC  =    -57627.2181  EHBOND  =         0.0000  RESTRAINT  =       169.2196
 EAMBER (non-restraint)  =    -43404.6430
 ------------------------------------------------------------------------------

wrapping first mol.:       20.26984       28.66588       49.65075
wrapping first mol.:       20.26984       28.66588       49.65075

 NSTEP =    48000   TIME(PS) =     536.000  TEMP(K) =   299.46  PRESS =     0.0
 Etot   =    -34000.6611  EKtot   =      9086.2559  EPtot      =    -43086.9170
 BOND   =       325.1591  ANGLE   =      1055.5199  DIHED      =      1343.9957
 1-4 NB =       442.7085  1-4 EEL =      6294.0664  VDWAALS    =      4847.7297
 EELEC  =    -57568.0168  EHBOND  =         0.0000  RESTRAINT  =       171.9206
 EAMBER (non-restraint)  =    -43258.8376
 ------------------------------------------------------------------------------

wrapping first mol.:       20.26984       28.66588       49.65075
wrapping first mol.:       20.26984       28.66588       49.65075

 NSTEP =    48500   TIME(PS) =     537.000  TEMP(K) =   299.77  PRESS =     0.0
 Etot   =    -33974.3851  EKtot   =      9095.7188  EPtot      =    -43070.1039
 BOND   =       362.8403  ANGLE   =      1027.5641  DIHED      =      1366.9434
 1-4 NB =       427.1340  1-4 EEL =      6341.0170  VDWAALS    =      4726.8350
 EELEC  =    -57475.8173  EHBOND  =         0.0000  RESTRAINT  =       153.3796
 EAMBER (non-restraint)  =    -43223.4834
 ------------------------------------------------------------------------------

wrapping first mol.:       20.26984       28.66588       49.65075
wrapping first mol.:       20.26984       28.66588       49.65075

 NSTEP =    49000   TIME(PS) =     538.000  TEMP(K) =   300.57  PRESS =     0.0
 Etot   =    -33963.7655  EKtot   =      9120.1055  EPtot      =    -43083.8709
 BOND   =       351.4074  ANGLE   =      1050.8354  DIHED      =      1344.0980
 1-4 NB =       444.7692  1-4 EEL =      6318.8276  VDWAALS    =      4783.5610
 EELEC  =    -57544.8008  EHBOND  =         0.0000  RESTRAINT  =       167.4313
 EAMBER (non-restraint)  =    -43251.3022
 ------------------------------------------------------------------------------

wrapping first mol.:       20.26984       28.66588       49.65075
wrapping first mol.:       20.26984       28.66588       49.65075

 NSTEP =    49500   TIME(PS) =     539.000  TEMP(K) =   299.13  PRESS =     0.0
 Etot   =    -34195.3415  EKtot   =      9076.1982  EPtot      =    -43271.5398
 BOND   =       349.0359  ANGLE   =      1022.1863  DIHED      =      1342.9001
 1-4 NB =       451.6052  1-4 EEL =      6306.4720  VDWAALS    =      4578.2772
 EELEC  =    -57487.5088  EHBOND  =         0.0000  RESTRAINT  =       165.4924
 EAMBER (non-restraint)  =    -43437.0322
 ------------------------------------------------------------------------------

wrapping first mol.:       20.26984       28.66588       49.65075
wrapping first mol.:       20.26984       28.66588       49.65075

 NSTEP =    50000   TIME(PS) =     540.000  TEMP(K) =   305.07  PRESS =     0.0
 Etot   =    -33915.1352  EKtot   =      9256.4912  EPtot      =    -43171.6265
 BOND   =       339.5975  ANGLE   =      1022.6568  DIHED      =      1361.8471
 1-4 NB =       438.5602  1-4 EEL =      6287.3923  VDWAALS    =      4574.8087
 EELEC  =    -57356.7553  EHBOND  =         0.0000  RESTRAINT  =       160.2663
 EAMBER (non-restraint)  =    -43331.8927
 ------------------------------------------------------------------------------


      A V E R A G E S   O V E R     100 S T E P S


 NSTEP =    50000   TIME(PS) =     540.000  TEMP(K) =   300.15  PRESS =     0.0
 Etot   =    -34169.8293  EKtot   =      9107.3726  EPtot      =    -43277.2018
 BOND   =       337.2982  ANGLE   =      1032.6393  DIHED      =      1352.0290
 1-4 NB =       446.8003  1-4 EEL =      6304.0222  VDWAALS    =      4721.5196
 EELEC  =    -57635.3705  EHBOND  =         0.0000  RESTRAINT  =       163.8600
 EAMBER (non-restraint)  =    -43441.0618
 ------------------------------------------------------------------------------


      R M S  F L U C T U A T I O N S


 NSTEP =    50000   TIME(PS) =     540.000  TEMP(K) =     2.12  PRESS =     0.0
 Etot   =       126.1797  EKtot   =        64.2773  EPtot      =       107.4562
 BOND   =        14.1487  ANGLE   =        22.4639  DIHED      =        12.2986
 1-4 NB =         8.0100  1-4 EEL =        14.4694  VDWAALS    =        99.8796
 EELEC  =       164.0937  EHBOND  =         0.0000  RESTRAINT  =         8.7284
 EAMBER (non-restraint)  =        98.7277
 ------------------------------------------------------------------------------

--------------------------------------------------------------------------------
   5.  TIMINGS
--------------------------------------------------------------------------------

|  NonSetup CPU Time in Major Routines:
|
|     Routine           Sec        %
|     ------------------------------
|     Nonbond          12.55   33.98
|     Bond              0.00    0.00
|     Angle             0.00    0.00
|     Dihedral          0.00    0.00
|     Shake             0.76    2.05
|     RunMD            23.55   63.77
|     Other             0.08    0.21
|     ------------------------------
|     Total            36.93

|  PME Nonbond Pairlist CPU Time:
|
|     Routine              Sec        %
|     ---------------------------------
|     Set Up Cit           0.00    0.00
|     Build List           0.00    0.00
|     ---------------------------------
|     Total                0.00    0.00

|  PME Direct Force CPU Time:
|
|     Routine              Sec        %
|     ---------------------------------
|     NonBonded Calc       0.00    0.00
|     Exclude Masked       0.00    0.00
|     Other                0.04    0.10
|     ---------------------------------
|     Total                0.04    0.10

|  PME Reciprocal Force CPU Time:
|
|     Routine              Sec        %
|     ---------------------------------
|     1D bspline           0.00    0.00
|     Grid Charges         0.00    0.00
|     Scalar Sum           0.00    0.00
|     Gradient Sum         0.00    0.00
|     FFT                  0.00    0.00
|     ---------------------------------
|     Total                0.00    0.00

|  Final Performance Info:
|     -----------------------------------------------------
|     Average timings for last   49500 steps:
|     Elapsed(s) =      36.92 Per Step(ms) =       0.75
|         ns/day =     231.70   seconds/ns =     372.89
|
|     Average timings for all steps:
|     Elapsed(s) =      37.33 Per Step(ms) =       0.75
|         ns/day =     231.45   seconds/ns =     373.30
|     -----------------------------------------------------

|  Setup CPU time:            1.59 seconds
|  NonSetup CPU time:        36.93 seconds
|  Total CPU time:           38.52 seconds     0.01 hours

|  Setup wall time:           2    seconds
|  NonSetup wall time:       38    seconds
|  Total wall time:          40    seconds     0.01 hours
