
          -------------------------------------------------------
          Amber 16 PMEMD                              2016
          -------------------------------------------------------

| PMEMD implementation of SANDER, Release 16

| Run on 11/06/2017 at 12:32:46

|   Executable path: /apps/amber16/bin/pmemd.cuda
| Working directory: /home/pbarletta
|          Hostname: mordor

  [-O]verwriting output

File Assignments:
|   MDIN: /scratch/pbarletta/cph_obp/run/apo/mhe/e/5equ.in                      
|  MDOUT: /scratch/pbarletta/cph_obp/run/apo/mhe/e/5equ.out                     
| INPCRD: /scratch/pbarletta/cph_obp/run/apo/mhe/e/4eapo.rst7                   
|   PARM: /scratch/pbarletta/cph_obp/top_files/apo.prmtop                       
| RESTRT: /scratch/pbarletta/cph_obp/run/apo/mhe/e/5eapo.rst7                   
|   REFC: /scratch/pbarletta/cph_obp/run/apo/mhe/e/4eapo.rst7                   
|  MDVEL: mdvel                                                                 
|   MDEN: mden                                                                  
|  MDCRD: /scratch/pbarletta/cph_obp/run/apo/mhe/e/5eapo.nc                     
| MDINFO: mdinfo                                                                
|  MDFRC: mdfrc                                                                 


 Here is the input file:

Equilibration with solute restrictions                                         
&cntrl                                                                         
imin = 0,                           ! No Minimization                          
nmropt = 0,                         ! No NMR restraints read                   
                                                                               
! Nature and format of the input                                               
ntx = 5,                            ! Coordinates but no velocities will be rea
irest = 1,                          ! Do not run a new simulation              
                                                                               
! Nature and format of the output                                              
ntxo = 1,                           ! rstrt file in ASCII format               
ntpr = 500,                         ! inf in output every ntpr steps           
ntwr = 500,                         ! rstrt file every ntwr steps              
ntwx = 500,                         ! mdcrd file every ntwx steps              
ntwv = 0,                           ! mdvel without velocities                 
ntwe = 0,                           ! Energies and temperatures not written in 
idecomp = 0,                        ! No energy decomposition                  
iwrap = 1,                          ! Coordinates of the restart and mdcrd file
                                                                               
! Frozen or restrained atoms                                                   
ibelly = 0,                         ! No frozen atoms                          
ntr=1,                              ! Harmonic potential restraints            
restraint_wt = 20.0,                ! The weight for the positional restraints 
restraintmask = ':1-119@N,CA,C,O',  ! restrained residues                      
                                                                               
! Molecular dynamics                                                           
nstlim = 50000,                     ! Number of MD-steps                       
dt = 0.002,                         ! Time step                                
                                                                               
! Temperature regulation                                                       
ntt = 3,                            ! Langevin thermostat                      
gamma_ln = 5,                       ! Gamma constant for Langevin              
temp0 = 300.0,                      ! Reference T at which the system is to be 
tempi = 300.0,                      ! Initial T                                
ig = -1,                            ! Seed for the RNG                         
                                                                               
! P and V regulation                                                           
ntp = 0,                            ! No pressure control                      
ntb = 1,                            ! Periodic box for constant V              
                                                                               
! SHAKE variables                                                              
ntc = 2,                            ! Bonds involving H are constrained        
ntf = 2,                            ! Bond interaction involving H are ommited.
                                                                               
cut = 10.0,                         ! Nonbonded cutoff                         
                                                                               
/                                                                              
&end                                                                           


Note: ig = -1. Setting random seed to   983608 based on wallclock time in 
      microseconds.
| irandom = 1, using AMBER's internal random number generator (default).
 
|--------------------- INFORMATION ----------------------
| GPU (CUDA) Version of PMEMD in use: NVIDIA GPU IN USE.
|                    Version 16.0.0
| 
|                      02/25/2016
| 
| Implementation by:
|                    Ross C. Walker     (SDSC)
|                    Scott Le Grand     (nVIDIA)
| 
| Precision model in use:
|      [SPFP] - Single Precision Forces, 64-bit Fixed Point
|               Accumulation. (Default)
| 
|--------------------------------------------------------
 
|----------------- CITATION INFORMATION -----------------
|
|    When publishing work that utilized the CUDA version
|    of AMBER, please cite the following in addition to
|    the regular AMBER citations:
|
|  - Romelia Salomon-Ferrer; Andreas W. Goetz; Duncan
|    Poole; Scott Le Grand; Ross C. Walker "Routine
|    microsecond molecular dynamics simulations with
|    AMBER - Part II: Particle Mesh Ewald", J. Chem.
|    Theory Comput., 2013, 9 (9), pp3878-3888,
|    DOI: 10.1021/ct400314y.
|
|  - Andreas W. Goetz; Mark J. Williamson; Dong Xu;
|    Duncan Poole; Scott Le Grand; Ross C. Walker
|    "Routine microsecond molecular dynamics simulations
|    with AMBER - Part I: Generalized Born", J. Chem.
|    Theory Comput., 2012, 8 (5), pp1542-1555.
|
|  - Scott Le Grand; Andreas W. Goetz; Ross C. Walker
|    "SPFP: Speed without compromise - a mixed precision
|    model for GPU accelerated molecular dynamics
|    simulations.", Comp. Phys. Comm., 2013, 184
|    pp374-380, DOI: 10.1016/j.cpc.2012.09.022
|
|--------------------------------------------------------
 
|------------------- GPU DEVICE INFO --------------------
|
|            CUDA_VISIBLE_DEVICES: 3
|   CUDA Capable Devices Detected:      1
|           CUDA Device ID in use:      0
|                CUDA Device Name: GeForce GTX 1080 Ti
|     CUDA Device Global Mem Size:  11172 MB
| CUDA Device Num Multiprocessors:     28
|           CUDA Device Core Freq:   1.58 GHz
|
|--------------------------------------------------------
 
 
| Conditional Compilation Defines Used:
| PUBFFT
| BINTRAJ
| CUDA
| EMIL

| Largest sphere to fit in unit cell has radius =    24.825

| New format PARM file being parsed.
| Version =    1.000 Date = 11/06/17 Time = 09:43:47

| Note: 1-4 EEL scale factors are being read from the topology file.

| Note: 1-4 VDW scale factors are being read from the topology file.
| Duplicated    0 dihedrals

| Duplicated    0 dihedrals

--------------------------------------------------------------------------------
   1.  RESOURCE   USE: 
--------------------------------------------------------------------------------

 getting new box info from bottom of inpcrd
 NATOM  =   14797 NTYPES =      17 NBONH =   13853 MBONA  =     953
 NTHETH =    2337 MTHETA =    1282 NPHIH =    4475 MPHIA  =    3254
 NHPARM =       0 NPARM  =       0 NNB   =   28051 NRES   =    4390
 NBONA  =     953 NTHETA =    1282 NPHIA =    3254 NUMBND =      42
 NUMANG =      92 NPTRA  =      39 NATYP =      28 NPHB   =       1
 IFBOX  =       2 NMXRS  =      24 IFCAP =       0 NEXTRA =       0
 NCOPY  =       0

| Coordinate Index Table dimensions:     9    9    9
| Direct force subcell size =     6.7566    6.7566    6.7566

     BOX TYPE: TRUNCATED OCTAHEDRON

--------------------------------------------------------------------------------
   2.  CONTROL  DATA  FOR  THE  RUN
--------------------------------------------------------------------------------

default_name                                                                    

General flags:
     imin    =       0, nmropt  =       0

Nature and format of input:
     ntx     =       5, irest   =       1, ntrx    =       1

Nature and format of output:
     ntxo    =       1, ntpr    =     500, ntrx    =       1, ntwr    =     500
     iwrap   =       1, ntwx    =     500, ntwv    =       0, ntwe    =       0
     ioutfm  =       1, ntwprt  =       0, idecomp =       0, rbornstat=      0

Potential function:
     ntf     =       2, ntb     =       1, igb     =       0, nsnb    =      25
     ipol    =       0, gbsa    =       0, iesp    =       0
     dielc   =   1.00000, cut     =  10.00000, intdiel =   1.00000

Frozen or restrained atoms:
     ibelly  =       0, ntr     =       1
     restraint_wt =  20.00000

Molecular dynamics:
     nstlim  =     50000, nscm    =         0, nrespa  =         1
     t       =   0.00000, dt      =   0.00200, vlimit  =  -1.00000

Langevin dynamics temperature regulation:
     ig      =  983608
     temp0   = 300.00000, tempi   = 300.00000, gamma_ln=   5.00000

SHAKE:
     ntc     =       2, jfastw  =       0
     tol     =   0.00001

| Intermolecular bonds treatment:
|     no_intermolecular_bonds =       1

| Energy averages sample interval:
|     ene_avg_sampling =     500

Ewald parameters:
     verbose =       0, ew_type =       0, nbflag  =       1, use_pme =       1
     vdwmeth =       1, eedmeth =       1, netfrc  =       1
     Box X =   60.810   Box Y =   60.810   Box Z =   60.810
     Alpha =  109.471   Beta  =  109.471   Gamma =  109.471
     NFFT1 =   64       NFFT2 =   64       NFFT3 =   64
     Cutoff=   10.000   Tol   =0.100E-04
     Ewald Coefficient =  0.27511
     Interpolation order =    4

    LOADING THE CONSTRAINED ATOMS AS GROUPS


   5.  REFERENCE ATOM COORDINATES

  default_name                                                                    
     Mask :1-119@N,CA,C,O; matches   476 atoms

--------------------------------------------------------------------------------
   3.  ATOMIC COORDINATES AND VELOCITIES
--------------------------------------------------------------------------------

default_name                                                                    
 begin time read from input coords =   540.000 ps

 
 Number of triangulated 3-point waters found:     4270

     Sum of charges from parm topology file =  -0.00000006
     Forcing neutrality...

| Dynamic Memory, Types Used:
| Reals              574581
| Integers           547196

| Nonbonded Pairs Initial Allocation:     4475722

| GPU memory information (estimate):
| KB of GPU memory in use:    140885
| KB of CPU memory in use:     29237

--------------------------------------------------------------------------------
   4.  RESULTS
--------------------------------------------------------------------------------

 ---------------------------------------------------
 APPROXIMATING switch and d/dx switch using CUBIC SPLINE INTERPOLATION
 using   5000.0 points per unit in tabled values
 TESTING RELATIVE ERROR over r ranging from 0.0 to cutoff
| CHECK switch(x): max rel err =   0.2738E-14   at   2.422500
| CHECK d/dx switch(x): max rel err =   0.8314E-11   at   2.736960
 ---------------------------------------------------
|---------------------------------------------------
| APPROXIMATING direct energy using CUBIC SPLINE INTERPOLATION
|  with   50.0 points per unit in tabled values
| Relative Error Limit not exceeded for r .gt.   2.33
| APPROXIMATING direct force using CUBIC SPLINE INTERPOLATION
|  with   50.0 points per unit in tabled values
| Relative Error Limit not exceeded for r .gt.   2.80
|---------------------------------------------------
wrapping first mol.:       20.26984       28.66588       49.65075
wrapping first mol.:       20.26984       28.66588       49.65075

 NSTEP =      500   TIME(PS) =     541.000  TEMP(K) =   301.04  PRESS =     0.0
 Etot   =    -34141.8386  EKtot   =      9134.4033  EPtot      =    -43276.2419
 BOND   =       326.0783  ANGLE   =      1025.2719  DIHED      =      1342.2849
 1-4 NB =       441.5595  1-4 EEL =      6307.6025  VDWAALS    =      4596.4539
 EELEC  =    -57451.5198  EHBOND  =         0.0000  RESTRAINT  =       136.0270
 EAMBER (non-restraint)  =    -43412.2689
 ------------------------------------------------------------------------------

wrapping first mol.:       20.26984       28.66588       49.65075
wrapping first mol.:       20.26984       28.66588       49.65075

 NSTEP =     1000   TIME(PS) =     542.000  TEMP(K) =   302.09  PRESS =     0.0
 Etot   =    -34267.6487  EKtot   =      9166.2061  EPtot      =    -43433.8548
 BOND   =       356.6196  ANGLE   =      1059.1797  DIHED      =      1346.5228
 1-4 NB =       445.1309  1-4 EEL =      6318.9383  VDWAALS    =      4856.8792
 EELEC  =    -57959.9063  EHBOND  =         0.0000  RESTRAINT  =       142.7809
 EAMBER (non-restraint)  =    -43576.6357
 ------------------------------------------------------------------------------

wrapping first mol.:       20.26984       28.66588       49.65075
wrapping first mol.:       20.26984       28.66588       49.65075

 NSTEP =     1500   TIME(PS) =     543.000  TEMP(K) =   302.75  PRESS =     0.0
 Etot   =    -34067.3861  EKtot   =      9186.1689  EPtot      =    -43253.5550
 BOND   =       327.9608  ANGLE   =      1046.7046  DIHED      =      1350.2864
 1-4 NB =       444.3693  1-4 EEL =      6345.3993  VDWAALS    =      4859.5018
 EELEC  =    -57768.6723  EHBOND  =         0.0000  RESTRAINT  =       140.8951
 EAMBER (non-restraint)  =    -43394.4501
 ------------------------------------------------------------------------------

wrapping first mol.:       20.26984       28.66588       49.65075
wrapping first mol.:       20.26984       28.66588       49.65075

 NSTEP =     2000   TIME(PS) =     544.000  TEMP(K) =   298.46  PRESS =     0.0
 Etot   =    -34206.5311  EKtot   =      9056.1436  EPtot      =    -43262.6747
 BOND   =       382.4047  ANGLE   =      1013.3654  DIHED      =      1344.1177
 1-4 NB =       434.5106  1-4 EEL =      6269.4249  VDWAALS    =      4649.6669
 EELEC  =    -57489.6503  EHBOND  =         0.0000  RESTRAINT  =       133.4854
 EAMBER (non-restraint)  =    -43396.1601
 ------------------------------------------------------------------------------

wrapping first mol.:       20.26984       28.66588       49.65075
wrapping first mol.:       20.26984       28.66588       49.65075

 NSTEP =     2500   TIME(PS) =     545.000  TEMP(K) =   301.55  PRESS =     0.0
 Etot   =    -34248.4727  EKtot   =      9149.8389  EPtot      =    -43398.3116
 BOND   =       324.7883  ANGLE   =      1044.5211  DIHED      =      1355.3793
 1-4 NB =       466.1646  1-4 EEL =      6298.3147  VDWAALS    =      4860.2557
 EELEC  =    -57898.7616  EHBOND  =         0.0000  RESTRAINT  =       151.0264
 EAMBER (non-restraint)  =    -43549.3380
 ------------------------------------------------------------------------------

wrapping first mol.:       20.26984       28.66588       49.65075
wrapping first mol.:       20.26984       28.66588       49.65075

 NSTEP =     3000   TIME(PS) =     546.000  TEMP(K) =   298.46  PRESS =     0.0
 Etot   =    -34293.7620  EKtot   =      9055.9541  EPtot      =    -43349.7161
 BOND   =       353.1977  ANGLE   =      1069.1027  DIHED      =      1358.2770
 1-4 NB =       456.8877  1-4 EEL =      6294.9629  VDWAALS    =      4744.0577
 EELEC  =    -57766.4015  EHBOND  =         0.0000  RESTRAINT  =       140.1998
 EAMBER (non-restraint)  =    -43489.9158
 ------------------------------------------------------------------------------

wrapping first mol.:       20.26984       28.66588       49.65075
wrapping first mol.:       20.26984       28.66588       49.65075

 NSTEP =     3500   TIME(PS) =     547.000  TEMP(K) =   303.29  PRESS =     0.0
 Etot   =    -34156.1172  EKtot   =      9202.4414  EPtot      =    -43358.5586
 BOND   =       369.0171  ANGLE   =      1043.5902  DIHED      =      1343.7285
 1-4 NB =       439.9463  1-4 EEL =      6307.0462  VDWAALS    =      4547.0422
 EELEC  =    -57549.2172  EHBOND  =         0.0000  RESTRAINT  =       140.2881
 EAMBER (non-restraint)  =    -43498.8467
 ------------------------------------------------------------------------------

wrapping first mol.:       20.26984       28.66588       49.65075
wrapping first mol.:       20.26984       28.66588       49.65075

 NSTEP =     4000   TIME(PS) =     548.000  TEMP(K) =   299.10  PRESS =     0.0
 Etot   =    -34225.3054  EKtot   =      9075.4785  EPtot      =    -43300.7839
 BOND   =       336.4523  ANGLE   =      1011.9162  DIHED      =      1333.5485
 1-4 NB =       455.6082  1-4 EEL =      6284.7832  VDWAALS    =      4691.4074
 EELEC  =    -57542.5528  EHBOND  =         0.0000  RESTRAINT  =       128.0530
 EAMBER (non-restraint)  =    -43428.8369
 ------------------------------------------------------------------------------

wrapping first mol.:       20.26984       28.66588       49.65075
wrapping first mol.:       20.26984       28.66588       49.65075

 NSTEP =     4500   TIME(PS) =     549.000  TEMP(K) =   302.17  PRESS =     0.0
 Etot   =    -34001.9601  EKtot   =      9168.4824  EPtot      =    -43170.4426
 BOND   =       358.3793  ANGLE   =      1020.6389  DIHED      =      1351.5792
 1-4 NB =       437.2241  1-4 EEL =      6296.4480  VDWAALS    =      4799.4772
 EELEC  =    -57589.4489  EHBOND  =         0.0000  RESTRAINT  =       155.2595
 EAMBER (non-restraint)  =    -43325.7021
 ------------------------------------------------------------------------------

wrapping first mol.:       20.26984       28.66588       49.65075
wrapping first mol.:       20.26984       28.66588       49.65075

 NSTEP =     5000   TIME(PS) =     550.000  TEMP(K) =   298.46  PRESS =     0.0
 Etot   =    -34031.2079  EKtot   =      9056.1396  EPtot      =    -43087.3475
 BOND   =       326.4986  ANGLE   =      1012.2866  DIHED      =      1367.4277
 1-4 NB =       442.2116  1-4 EEL =      6311.7560  VDWAALS    =      4715.6468
 EELEC  =    -57405.1288  EHBOND  =         0.0000  RESTRAINT  =       141.9539
 EAMBER (non-restraint)  =    -43229.3015
 ------------------------------------------------------------------------------

wrapping first mol.:       20.26984       28.66588       49.65075
wrapping first mol.:       20.26984       28.66588       49.65075

 NSTEP =     5500   TIME(PS) =     551.000  TEMP(K) =   300.29  PRESS =     0.0
 Etot   =    -34100.5351  EKtot   =      9111.4570  EPtot      =    -43211.9921
 BOND   =       346.2330  ANGLE   =      1029.5920  DIHED      =      1330.3441
 1-4 NB =       447.9208  1-4 EEL =      6300.9221  VDWAALS    =      4518.9331
 EELEC  =    -57326.4770  EHBOND  =         0.0000  RESTRAINT  =       140.5398
 EAMBER (non-restraint)  =    -43352.5319
 ------------------------------------------------------------------------------

wrapping first mol.:       20.26984       28.66588       49.65075
wrapping first mol.:       20.26984       28.66588       49.65075

 NSTEP =     6000   TIME(PS) =     552.000  TEMP(K) =   297.75  PRESS =     0.0
 Etot   =    -34230.7815  EKtot   =      9034.4551  EPtot      =    -43265.2366
 BOND   =       358.8509  ANGLE   =      1017.4610  DIHED      =      1350.9230
 1-4 NB =       440.5322  1-4 EEL =      6273.1547  VDWAALS    =      4729.0299
 EELEC  =    -57579.2127  EHBOND  =         0.0000  RESTRAINT  =       144.0245
 EAMBER (non-restraint)  =    -43409.2611
 ------------------------------------------------------------------------------

wrapping first mol.:       20.26984       28.66588       49.65075
wrapping first mol.:       20.26984       28.66588       49.65075

 NSTEP =     6500   TIME(PS) =     553.000  TEMP(K) =   303.38  PRESS =     0.0
 Etot   =    -33935.1178  EKtot   =      9205.3340  EPtot      =    -43140.4518
 BOND   =       324.6956  ANGLE   =      1082.2716  DIHED      =      1356.1517
 1-4 NB =       437.0388  1-4 EEL =      6240.2096  VDWAALS    =      4551.5979
 EELEC  =    -57276.1219  EHBOND  =         0.0000  RESTRAINT  =       143.7049
 EAMBER (non-restraint)  =    -43284.1568
 ------------------------------------------------------------------------------

wrapping first mol.:       20.26984       28.66588       49.65075
wrapping first mol.:       20.26984       28.66588       49.65075

 NSTEP =     7000   TIME(PS) =     554.000  TEMP(K) =   304.78  PRESS =     0.0
 Etot   =    -33881.1314  EKtot   =      9247.7900  EPtot      =    -43128.9214
 BOND   =       371.3502  ANGLE   =      1028.7717  DIHED      =      1350.2037
 1-4 NB =       438.3777  1-4 EEL =      6265.9052  VDWAALS    =      4543.0436
 EELEC  =    -57263.4016  EHBOND  =         0.0000  RESTRAINT  =       136.8283
 EAMBER (non-restraint)  =    -43265.7497
 ------------------------------------------------------------------------------

wrapping first mol.:       20.26984       28.66588       49.65075
wrapping first mol.:       20.26984       28.66588       49.65075

 NSTEP =     7500   TIME(PS) =     555.000  TEMP(K) =   300.08  PRESS =     0.0
 Etot   =    -34144.9576  EKtot   =      9105.0479  EPtot      =    -43250.0055
 BOND   =       334.1170  ANGLE   =       992.3448  DIHED      =      1337.2693
 1-4 NB =       452.3909  1-4 EEL =      6285.9817  VDWAALS    =      4537.0110
 EELEC  =    -57324.7989  EHBOND  =         0.0000  RESTRAINT  =       135.6788
 EAMBER (non-restraint)  =    -43385.6843
 ------------------------------------------------------------------------------

wrapping first mol.:       20.26984       28.66588       49.65075
wrapping first mol.:       20.26984       28.66588       49.65075

 NSTEP =     8000   TIME(PS) =     556.000  TEMP(K) =   301.51  PRESS =     0.0
 Etot   =    -34164.1946  EKtot   =      9148.5625  EPtot      =    -43312.7571
 BOND   =       350.2122  ANGLE   =      1014.3469  DIHED      =      1340.0729
 1-4 NB =       447.1680  1-4 EEL =      6283.4971  VDWAALS    =      4758.0874
 EELEC  =    -57656.2875  EHBOND  =         0.0000  RESTRAINT  =       150.1459
 EAMBER (non-restraint)  =    -43462.9031
 ------------------------------------------------------------------------------

wrapping first mol.:       20.26984       28.66588       49.65075
wrapping first mol.:       20.26984       28.66588       49.65075

 NSTEP =     8500   TIME(PS) =     557.000  TEMP(K) =   296.66  PRESS =     0.0
 Etot   =    -34236.2106  EKtot   =      9001.3789  EPtot      =    -43237.5895
 BOND   =       311.5806  ANGLE   =      1051.7093  DIHED      =      1365.2167
 1-4 NB =       440.1257  1-4 EEL =      6277.0913  VDWAALS    =      4698.3112
 EELEC  =    -57532.4740  EHBOND  =         0.0000  RESTRAINT  =       150.8496
 EAMBER (non-restraint)  =    -43388.4391
 ------------------------------------------------------------------------------

wrapping first mol.:       20.26984       28.66588       49.65075
wrapping first mol.:       20.26984       28.66588       49.65075

 NSTEP =     9000   TIME(PS) =     558.000  TEMP(K) =   302.11  PRESS =     0.0
 Etot   =    -34077.5313  EKtot   =      9166.6143  EPtot      =    -43244.1456
 BOND   =       340.9121  ANGLE   =      1057.3060  DIHED      =      1344.9296
 1-4 NB =       451.1066  1-4 EEL =      6264.4163  VDWAALS    =      4720.1547
 EELEC  =    -57572.3286  EHBOND  =         0.0000  RESTRAINT  =       149.3577
 EAMBER (non-restraint)  =    -43393.5033
 ------------------------------------------------------------------------------

wrapping first mol.:       20.26984       28.66588       49.65075
wrapping first mol.:       20.26984       28.66588       49.65075

 NSTEP =     9500   TIME(PS) =     559.000  TEMP(K) =   295.44  PRESS =     0.0
 Etot   =    -34310.9031  EKtot   =      8964.5137  EPtot      =    -43275.4168
 BOND   =       345.6645  ANGLE   =      1007.2170  DIHED      =      1347.0128
 1-4 NB =       436.8356  1-4 EEL =      6278.5038  VDWAALS    =      4855.6931
 EELEC  =    -57682.6506  EHBOND  =         0.0000  RESTRAINT  =       136.3069
 EAMBER (non-restraint)  =    -43411.7237
 ------------------------------------------------------------------------------

wrapping first mol.:       20.26984       28.66588       49.65075
wrapping first mol.:       20.26984       28.66588       49.65075

 NSTEP =    10000   TIME(PS) =     560.000  TEMP(K) =   302.29  PRESS =     0.0
 Etot   =    -34069.5720  EKtot   =      9172.1406  EPtot      =    -43241.7127
 BOND   =       324.4809  ANGLE   =      1023.3736  DIHED      =      1367.7617
 1-4 NB =       449.5728  1-4 EEL =      6287.5391  VDWAALS    =      4831.9302
 EELEC  =    -57668.9546  EHBOND  =         0.0000  RESTRAINT  =       142.5835
 EAMBER (non-restraint)  =    -43384.2962
 ------------------------------------------------------------------------------

wrapping first mol.:       20.26984       28.66588       49.65075
wrapping first mol.:       20.26984       28.66588       49.65075

 NSTEP =    10500   TIME(PS) =     561.000  TEMP(K) =   300.55  PRESS =     0.0
 Etot   =    -34052.7615  EKtot   =      9119.4287  EPtot      =    -43172.1902
 BOND   =       353.3965  ANGLE   =      1046.6133  DIHED      =      1328.3196
 1-4 NB =       454.4108  1-4 EEL =      6311.9211  VDWAALS    =      4538.3238
 EELEC  =    -57340.4734  EHBOND  =         0.0000  RESTRAINT  =       135.2980
 EAMBER (non-restraint)  =    -43307.4882
 ------------------------------------------------------------------------------

wrapping first mol.:       20.26984       28.66588       49.65075
wrapping first mol.:       20.26984       28.66588       49.65075

 NSTEP =    11000   TIME(PS) =     562.000  TEMP(K) =   302.37  PRESS =     0.0
 Etot   =    -34127.1767  EKtot   =      9174.5498  EPtot      =    -43301.7265
 BOND   =       365.9985  ANGLE   =       982.3598  DIHED      =      1332.9276
 1-4 NB =       441.7833  1-4 EEL =      6327.6916  VDWAALS    =      4546.5675
 EELEC  =    -57443.4825  EHBOND  =         0.0000  RESTRAINT  =       144.4277
 EAMBER (non-restraint)  =    -43446.1542
 ------------------------------------------------------------------------------

wrapping first mol.:       20.26984       28.66588       49.65075
wrapping first mol.:       20.26984       28.66588       49.65075

 NSTEP =    11500   TIME(PS) =     563.000  TEMP(K) =   300.76  PRESS =     0.0
 Etot   =    -34259.6750  EKtot   =      9125.7744  EPtot      =    -43385.4494
 BOND   =       314.3216  ANGLE   =      1040.2044  DIHED      =      1327.7817
 1-4 NB =       452.1304  1-4 EEL =      6298.7750  VDWAALS    =      4829.9233
 EELEC  =    -57802.9595  EHBOND  =         0.0000  RESTRAINT  =       154.3736
 EAMBER (non-restraint)  =    -43539.8231
 ------------------------------------------------------------------------------

wrapping first mol.:       20.26984       28.66588       49.65075
wrapping first mol.:       20.26984       28.66588       49.65075

 NSTEP =    12000   TIME(PS) =     564.000  TEMP(K) =   300.58  PRESS =     0.0
 Etot   =    -34254.5191  EKtot   =      9120.3887  EPtot      =    -43374.9078
 BOND   =       354.2098  ANGLE   =      1000.3208  DIHED      =      1351.1438
 1-4 NB =       443.3166  1-4 EEL =      6306.3612  VDWAALS    =      4750.4498
 EELEC  =    -57711.5058  EHBOND  =         0.0000  RESTRAINT  =       130.7961
 EAMBER (non-restraint)  =    -43505.7039
 ------------------------------------------------------------------------------

wrapping first mol.:       20.26984       28.66588       49.65075
wrapping first mol.:       20.26984       28.66588       49.65075

 NSTEP =    12500   TIME(PS) =     565.000  TEMP(K) =   300.25  PRESS =     0.0
 Etot   =    -34151.0397  EKtot   =      9110.4268  EPtot      =    -43261.4665
 BOND   =       344.3453  ANGLE   =      1048.4995  DIHED      =      1349.8364
 1-4 NB =       440.8433  1-4 EEL =      6279.4657  VDWAALS    =      4775.3214
 EELEC  =    -57657.9335  EHBOND  =         0.0000  RESTRAINT  =       158.1554
 EAMBER (non-restraint)  =    -43419.6219
 ------------------------------------------------------------------------------

wrapping first mol.:       20.26984       28.66588       49.65075
wrapping first mol.:       20.26984       28.66588       49.65075

 NSTEP =    13000   TIME(PS) =     566.000  TEMP(K) =   298.21  PRESS =     0.0
 Etot   =    -34257.6520  EKtot   =      9048.3125  EPtot      =    -43305.9645
 BOND   =       326.8438  ANGLE   =      1017.8441  DIHED      =      1355.4102
 1-4 NB =       449.0396  1-4 EEL =      6270.0916  VDWAALS    =      4890.6886
 EELEC  =    -57759.0301  EHBOND  =         0.0000  RESTRAINT  =       143.1477
 EAMBER (non-restraint)  =    -43449.1122
 ------------------------------------------------------------------------------

wrapping first mol.:       20.26984       28.66588       49.65075
wrapping first mol.:       20.26984       28.66588       49.65075

 NSTEP =    13500   TIME(PS) =     567.000  TEMP(K) =   296.19  PRESS =     0.0
 Etot   =    -34232.8756  EKtot   =      8987.1924  EPtot      =    -43220.0680
 BOND   =       362.9448  ANGLE   =      1004.4574  DIHED      =      1353.5829
 1-4 NB =       437.6475  1-4 EEL =      6301.5560  VDWAALS    =      4678.3535
 EELEC  =    -57504.2126  EHBOND  =         0.0000  RESTRAINT  =       145.6024
 EAMBER (non-restraint)  =    -43365.6704
 ------------------------------------------------------------------------------

wrapping first mol.:       20.26984       28.66588       49.65075
wrapping first mol.:       20.26984       28.66588       49.65075

 NSTEP =    14000   TIME(PS) =     568.000  TEMP(K) =   300.92  PRESS =     0.0
 Etot   =    -34210.7621  EKtot   =      9130.5020  EPtot      =    -43341.2640
 BOND   =       338.1691  ANGLE   =      1016.2732  DIHED      =      1364.3848
 1-4 NB =       450.2419  1-4 EEL =      6309.0874  VDWAALS    =      4793.9895
 EELEC  =    -57758.6948  EHBOND  =         0.0000  RESTRAINT  =       145.2848
 EAMBER (non-restraint)  =    -43486.5488
 ------------------------------------------------------------------------------

wrapping first mol.:       20.26984       28.66588       49.65075
wrapping first mol.:       20.26984       28.66588       49.65075

 NSTEP =    14500   TIME(PS) =     569.000  TEMP(K) =   296.37  PRESS =     0.0
 Etot   =    -34230.5280  EKtot   =      8992.5762  EPtot      =    -43223.1042
 BOND   =       358.1007  ANGLE   =      1009.0789  DIHED      =      1348.7802
 1-4 NB =       448.0454  1-4 EEL =      6297.5277  VDWAALS    =      4711.5927
 EELEC  =    -57536.9209  EHBOND  =         0.0000  RESTRAINT  =       140.6912
 EAMBER (non-restraint)  =    -43363.7954
 ------------------------------------------------------------------------------

wrapping first mol.:       20.26984       28.66588       49.65075
wrapping first mol.:       20.26984       28.66588       49.65075

 NSTEP =    15000   TIME(PS) =     570.000  TEMP(K) =   300.93  PRESS =     0.0
 Etot   =    -34434.2605  EKtot   =      9130.8076  EPtot      =    -43565.0682
 BOND   =       363.4075  ANGLE   =      1027.4043  DIHED      =      1340.6524
 1-4 NB =       440.4838  1-4 EEL =      6302.4428  VDWAALS    =      4656.5665
 EELEC  =    -57842.9029  EHBOND  =         0.0000  RESTRAINT  =       146.8773
 EAMBER (non-restraint)  =    -43711.9455
 ------------------------------------------------------------------------------

wrapping first mol.:       20.26984       28.66588       49.65075
wrapping first mol.:       20.26984       28.66588       49.65075

 NSTEP =    15500   TIME(PS) =     571.000  TEMP(K) =   301.55  PRESS =     0.0
 Etot   =    -34130.2440  EKtot   =      9149.6758  EPtot      =    -43279.9198
 BOND   =       330.9434  ANGLE   =      1087.7098  DIHED      =      1366.5405
 1-4 NB =       451.6889  1-4 EEL =      6287.4400  VDWAALS    =      4563.8991
 EELEC  =    -57495.0754  EHBOND  =         0.0000  RESTRAINT  =       126.9340
 EAMBER (non-restraint)  =    -43406.8538
 ------------------------------------------------------------------------------

wrapping first mol.:       20.26984       28.66588       49.65075
wrapping first mol.:       20.26984       28.66588       49.65075

 NSTEP =    16000   TIME(PS) =     572.000  TEMP(K) =   300.08  PRESS =     0.0
 Etot   =    -34209.0079  EKtot   =      9105.0840  EPtot      =    -43314.0918
 BOND   =       306.8686  ANGLE   =      1027.2483  DIHED      =      1346.9209
 1-4 NB =       430.4664  1-4 EEL =      6331.6916  VDWAALS    =      4662.0809
 EELEC  =    -57565.3858  EHBOND  =         0.0000  RESTRAINT  =       146.0173
 EAMBER (non-restraint)  =    -43460.1091
 ------------------------------------------------------------------------------

wrapping first mol.:       20.26984       28.66588       49.65075
wrapping first mol.:       20.26984       28.66588       49.65075

 NSTEP =    16500   TIME(PS) =     573.000  TEMP(K) =   298.01  PRESS =     0.0
 Etot   =    -34262.0653  EKtot   =      9042.2510  EPtot      =    -43304.3163
 BOND   =       332.7105  ANGLE   =      1030.5323  DIHED      =      1321.6397
 1-4 NB =       454.0864  1-4 EEL =      6290.8534  VDWAALS    =      4639.5264
 EELEC  =    -57517.8545  EHBOND  =         0.0000  RESTRAINT  =       144.1896
 EAMBER (non-restraint)  =    -43448.5059
 ------------------------------------------------------------------------------

wrapping first mol.:       20.26984       28.66588       49.65075
wrapping first mol.:       20.26984       28.66588       49.65075

 NSTEP =    17000   TIME(PS) =     574.000  TEMP(K) =   302.67  PRESS =     0.0
 Etot   =    -34028.7531  EKtot   =      9183.6465  EPtot      =    -43212.3996
 BOND   =       354.2557  ANGLE   =      1017.3917  DIHED      =      1334.0574
 1-4 NB =       470.9829  1-4 EEL =      6344.7830  VDWAALS    =      4694.3030
 EELEC  =    -57572.2227  EHBOND  =         0.0000  RESTRAINT  =       144.0493
 EAMBER (non-restraint)  =    -43356.4489
 ------------------------------------------------------------------------------

wrapping first mol.:       20.26984       28.66588       49.65075
wrapping first mol.:       20.26984       28.66588       49.65075

 NSTEP =    17500   TIME(PS) =     575.000  TEMP(K) =   299.47  PRESS =     0.0
 Etot   =    -34222.2314  EKtot   =      9086.6611  EPtot      =    -43308.8926
 BOND   =       326.6928  ANGLE   =      1050.0128  DIHED      =      1358.0618
 1-4 NB =       453.5901  1-4 EEL =      6307.0364  VDWAALS    =      4770.3430
 EELEC  =    -57716.8284  EHBOND  =         0.0000  RESTRAINT  =       142.1989
 EAMBER (non-restraint)  =    -43451.0915
 ------------------------------------------------------------------------------

wrapping first mol.:       20.26984       28.66588       49.65075
wrapping first mol.:       20.26984       28.66588       49.65075

 NSTEP =    18000   TIME(PS) =     576.000  TEMP(K) =   301.58  PRESS =     0.0
 Etot   =    -34118.9306  EKtot   =      9150.5371  EPtot      =    -43269.4677
 BOND   =       353.6929  ANGLE   =      1004.3365  DIHED      =      1355.9339
 1-4 NB =       447.1385  1-4 EEL =      6323.1501  VDWAALS    =      4504.6288
 EELEC  =    -57396.2229  EHBOND  =         0.0000  RESTRAINT  =       137.8746
 EAMBER (non-restraint)  =    -43407.3423
 ------------------------------------------------------------------------------

wrapping first mol.:       20.26984       28.66588       49.65075
wrapping first mol.:       20.26984       28.66588       49.65075

 NSTEP =    18500   TIME(PS) =     577.000  TEMP(K) =   301.72  PRESS =     0.0
 Etot   =    -34151.2891  EKtot   =      9154.8994  EPtot      =    -43306.1885
 BOND   =       335.2326  ANGLE   =      1030.5290  DIHED      =      1356.7570
 1-4 NB =       452.0649  1-4 EEL =      6324.4207  VDWAALS    =      4703.5987
 EELEC  =    -57661.7051  EHBOND  =         0.0000  RESTRAINT  =       152.9137
 EAMBER (non-restraint)  =    -43459.1022
 ------------------------------------------------------------------------------

wrapping first mol.:       20.26984       28.66588       49.65075
wrapping first mol.:       20.26984       28.66588       49.65075

 NSTEP =    19000   TIME(PS) =     578.000  TEMP(K) =   301.13  PRESS =     0.0
 Etot   =    -34103.9666  EKtot   =      9137.1328  EPtot      =    -43241.0994
 BOND   =       375.2471  ANGLE   =      1039.1862  DIHED      =      1343.7237
 1-4 NB =       443.8076  1-4 EEL =      6261.6192  VDWAALS    =      4717.6612
 EELEC  =    -57564.2962  EHBOND  =         0.0000  RESTRAINT  =       141.9517
 EAMBER (non-restraint)  =    -43383.0511
 ------------------------------------------------------------------------------

wrapping first mol.:       20.26984       28.66588       49.65075
wrapping first mol.:       20.26984       28.66588       49.65075

 NSTEP =    19500   TIME(PS) =     579.000  TEMP(K) =   301.42  PRESS =     0.0
 Etot   =    -34174.3922  EKtot   =      9145.7178  EPtot      =    -43320.1099
 BOND   =       342.9524  ANGLE   =      1046.1103  DIHED      =      1346.2119
 1-4 NB =       447.2429  1-4 EEL =      6325.9510  VDWAALS    =      4594.3201
 EELEC  =    -57559.9165  EHBOND  =         0.0000  RESTRAINT  =       137.0179
 EAMBER (non-restraint)  =    -43457.1279
 ------------------------------------------------------------------------------

wrapping first mol.:       20.26984       28.66588       49.65075
wrapping first mol.:       20.26984       28.66588       49.65075

 NSTEP =    20000   TIME(PS) =     580.000  TEMP(K) =   301.97  PRESS =     0.0
 Etot   =    -34164.6101  EKtot   =      9162.3994  EPtot      =    -43327.0095
 BOND   =       354.1251  ANGLE   =      1005.3654  DIHED      =      1372.6565
 1-4 NB =       446.1633  1-4 EEL =      6332.2693  VDWAALS    =      4663.5851
 EELEC  =    -57631.9164  EHBOND  =         0.0000  RESTRAINT  =       130.7421
 EAMBER (non-restraint)  =    -43457.7516
 ------------------------------------------------------------------------------

wrapping first mol.:       20.26984       28.66588       49.65075
wrapping first mol.:       20.26984       28.66588       49.65075

 NSTEP =    20500   TIME(PS) =     581.000  TEMP(K) =   300.32  PRESS =     0.0
 Etot   =    -34058.0738  EKtot   =      9112.5000  EPtot      =    -43170.5738
 BOND   =       336.8060  ANGLE   =      1048.2411  DIHED      =      1354.0038
 1-4 NB =       444.2769  1-4 EEL =      6293.4521  VDWAALS    =      4792.5196
 EELEC  =    -57585.3786  EHBOND  =         0.0000  RESTRAINT  =       145.5053
 EAMBER (non-restraint)  =    -43316.0791
 ------------------------------------------------------------------------------

wrapping first mol.:       20.26984       28.66588       49.65075
wrapping first mol.:       20.26984       28.66588       49.65075

 NSTEP =    21000   TIME(PS) =     582.000  TEMP(K) =   296.70  PRESS =     0.0
 Etot   =    -34228.1009  EKtot   =      9002.5225  EPtot      =    -43230.6234
 BOND   =       345.4849  ANGLE   =      1013.7215  DIHED      =      1364.5539
 1-4 NB =       454.2666  1-4 EEL =      6296.4580  VDWAALS    =      4837.3083
 EELEC  =    -57680.9529  EHBOND  =         0.0000  RESTRAINT  =       138.5364
 EAMBER (non-restraint)  =    -43369.1598
 ------------------------------------------------------------------------------

wrapping first mol.:       20.26984       28.66588       49.65075
wrapping first mol.:       20.26984       28.66588       49.65075

 NSTEP =    21500   TIME(PS) =     583.000  TEMP(K) =   299.23  PRESS =     0.0
 Etot   =    -34065.7879  EKtot   =      9079.3418  EPtot      =    -43145.1297
 BOND   =       357.3865  ANGLE   =      1058.2511  DIHED      =      1344.4533
 1-4 NB =       437.8573  1-4 EEL =      6304.7091  VDWAALS    =      4718.1153
 EELEC  =    -57499.3786  EHBOND  =         0.0000  RESTRAINT  =       133.4763
 EAMBER (non-restraint)  =    -43278.6061
 ------------------------------------------------------------------------------

wrapping first mol.:       20.26984       28.66588       49.65075
wrapping first mol.:       20.26984       28.66588       49.65075

 NSTEP =    22000   TIME(PS) =     584.000  TEMP(K) =   300.74  PRESS =     0.0
 Etot   =    -34014.3034  EKtot   =      9125.2354  EPtot      =    -43139.5388
 BOND   =       341.6345  ANGLE   =      1086.7928  DIHED      =      1367.2626
 1-4 NB =       456.4737  1-4 EEL =      6282.1369  VDWAALS    =      4496.0469
 EELEC  =    -57328.4804  EHBOND  =         0.0000  RESTRAINT  =       158.5943
 EAMBER (non-restraint)  =    -43298.1331
 ------------------------------------------------------------------------------

wrapping first mol.:       20.26984       28.66588       49.65075
wrapping first mol.:       20.26984       28.66588       49.65075

 NSTEP =    22500   TIME(PS) =     585.000  TEMP(K) =   296.23  PRESS =     0.0
 Etot   =    -34202.9510  EKtot   =      8988.1934  EPtot      =    -43191.1444
 BOND   =       346.4895  ANGLE   =       989.1213  DIHED      =      1377.0328
 1-4 NB =       439.4929  1-4 EEL =      6321.7123  VDWAALS    =      4773.8325
 EELEC  =    -57584.6347  EHBOND  =         0.0000  RESTRAINT  =       145.8090
 EAMBER (non-restraint)  =    -43336.9533
 ------------------------------------------------------------------------------

wrapping first mol.:       20.26984       28.66588       49.65075
wrapping first mol.:       20.26984       28.66588       49.65075

 NSTEP =    23000   TIME(PS) =     586.000  TEMP(K) =   293.46  PRESS =     0.0
 Etot   =    -34405.0871  EKtot   =      8904.4316  EPtot      =    -43309.5188
 BOND   =       343.3088  ANGLE   =      1005.8430  DIHED      =      1357.3243
 1-4 NB =       448.0259  1-4 EEL =      6308.2467  VDWAALS    =      4971.7670
 EELEC  =    -57873.6118  EHBOND  =         0.0000  RESTRAINT  =       129.5774
 EAMBER (non-restraint)  =    -43439.0961
 ------------------------------------------------------------------------------

wrapping first mol.:       20.26984       28.66588       49.65075
wrapping first mol.:       20.26984       28.66588       49.65075

 NSTEP =    23500   TIME(PS) =     587.000  TEMP(K) =   296.04  PRESS =     0.0
 Etot   =    -34330.8656  EKtot   =      8982.6777  EPtot      =    -43313.5433
 BOND   =       341.6363  ANGLE   =      1037.5882  DIHED      =      1347.0753
 1-4 NB =       449.9599  1-4 EEL =      6285.4143  VDWAALS    =      4776.2935
 EELEC  =    -57696.9352  EHBOND  =         0.0000  RESTRAINT  =       145.4244
 EAMBER (non-restraint)  =    -43458.9677
 ------------------------------------------------------------------------------

wrapping first mol.:       20.26984       28.66588       49.65075
wrapping first mol.:       20.26984       28.66588       49.65075

 NSTEP =    24000   TIME(PS) =     588.000  TEMP(K) =   299.25  PRESS =     0.0
 Etot   =    -34235.4782  EKtot   =      9079.8711  EPtot      =    -43315.3493
 BOND   =       330.5752  ANGLE   =      1024.3965  DIHED      =      1327.4682
 1-4 NB =       445.2719  1-4 EEL =      6289.7201  VDWAALS    =      4779.0993
 EELEC  =    -57651.1964  EHBOND  =         0.0000  RESTRAINT  =       139.3158
 EAMBER (non-restraint)  =    -43454.6652
 ------------------------------------------------------------------------------

wrapping first mol.:       20.26984       28.66588       49.65075
wrapping first mol.:       20.26984       28.66588       49.65075

 NSTEP =    24500   TIME(PS) =     589.000  TEMP(K) =   305.14  PRESS =     0.0
 Etot   =    -34063.4582  EKtot   =      9258.8115  EPtot      =    -43322.2697
 BOND   =       361.6956  ANGLE   =      1052.2227  DIHED      =      1345.6017
 1-4 NB =       439.6417  1-4 EEL =      6284.7679  VDWAALS    =      4743.6771
 EELEC  =    -57686.6808  EHBOND  =         0.0000  RESTRAINT  =       136.8043
 EAMBER (non-restraint)  =    -43459.0740
 ------------------------------------------------------------------------------

wrapping first mol.:       20.26984       28.66588       49.65075
wrapping first mol.:       20.26984       28.66588       49.65075

 NSTEP =    25000   TIME(PS) =     590.000  TEMP(K) =   299.23  PRESS =     0.0
 Etot   =    -34320.9757  EKtot   =      9079.2930  EPtot      =    -43400.2687
 BOND   =       335.7618  ANGLE   =      1031.0035  DIHED      =      1352.3575
 1-4 NB =       466.7268  1-4 EEL =      6288.2850  VDWAALS    =      4697.6614
 EELEC  =    -57713.1444  EHBOND  =         0.0000  RESTRAINT  =       141.0799
 EAMBER (non-restraint)  =    -43541.3485
 ------------------------------------------------------------------------------

wrapping first mol.:       20.26984       28.66588       49.65075
wrapping first mol.:       20.26984       28.66588       49.65075

 NSTEP =    25500   TIME(PS) =     591.000  TEMP(K) =   296.70  PRESS =     0.0
 Etot   =    -34342.9811  EKtot   =      9002.6602  EPtot      =    -43345.6413
 BOND   =       318.8348  ANGLE   =      1026.4571  DIHED      =      1332.3820
 1-4 NB =       424.7562  1-4 EEL =      6297.4100  VDWAALS    =      4709.4643
 EELEC  =    -57602.2444  EHBOND  =         0.0000  RESTRAINT  =       147.2988
 EAMBER (non-restraint)  =    -43492.9401
 ------------------------------------------------------------------------------

wrapping first mol.:       20.26984       28.66588       49.65075
wrapping first mol.:       20.26984       28.66588       49.65075

 NSTEP =    26000   TIME(PS) =     592.000  TEMP(K) =   296.44  PRESS =     0.0
 Etot   =    -34273.7575  EKtot   =      8994.6533  EPtot      =    -43268.4108
 BOND   =       308.5993  ANGLE   =      1059.9791  DIHED      =      1361.5228
 1-4 NB =       453.8216  1-4 EEL =      6301.8754  VDWAALS    =      4606.6292
 EELEC  =    -57492.3790  EHBOND  =         0.0000  RESTRAINT  =       131.5409
 EAMBER (non-restraint)  =    -43399.9517
 ------------------------------------------------------------------------------

wrapping first mol.:       20.26984       28.66588       49.65075
wrapping first mol.:       20.26984       28.66588       49.65075

 NSTEP =    26500   TIME(PS) =     593.000  TEMP(K) =   295.88  PRESS =     0.0
 Etot   =    -34252.4636  EKtot   =      8977.7021  EPtot      =    -43230.1657
 BOND   =       338.7530  ANGLE   =      1029.7455  DIHED      =      1334.0320
 1-4 NB =       442.3742  1-4 EEL =      6280.2572  VDWAALS    =      4681.5601
 EELEC  =    -57483.1986  EHBOND  =         0.0000  RESTRAINT  =       146.3109
 EAMBER (non-restraint)  =    -43376.4766
 ------------------------------------------------------------------------------

wrapping first mol.:       20.26984       28.66588       49.65075
wrapping first mol.:       20.26984       28.66588       49.65075

 NSTEP =    27000   TIME(PS) =     594.000  TEMP(K) =   300.96  PRESS =     0.0
 Etot   =    -34064.7809  EKtot   =      9131.8369  EPtot      =    -43196.6178
 BOND   =       367.9141  ANGLE   =      1016.2500  DIHED      =      1349.9787
 1-4 NB =       442.2685  1-4 EEL =      6265.3255  VDWAALS    =      4725.8441
 EELEC  =    -57504.7771  EHBOND  =         0.0000  RESTRAINT  =       140.5784
 EAMBER (non-restraint)  =    -43337.1961
 ------------------------------------------------------------------------------

wrapping first mol.:       20.26984       28.66588       49.65075
wrapping first mol.:       20.26984       28.66588       49.65075

 NSTEP =    27500   TIME(PS) =     595.000  TEMP(K) =   300.91  PRESS =     0.0
 Etot   =    -34202.4729  EKtot   =      9130.2773  EPtot      =    -43332.7503
 BOND   =       363.5661  ANGLE   =      1030.6682  DIHED      =      1349.8563
 1-4 NB =       442.9407  1-4 EEL =      6295.7616  VDWAALS    =      4754.0897
 EELEC  =    -57726.5778  EHBOND  =         0.0000  RESTRAINT  =       156.9450
 EAMBER (non-restraint)  =    -43489.6953
 ------------------------------------------------------------------------------

wrapping first mol.:       20.26984       28.66588       49.65075
wrapping first mol.:       20.26984       28.66588       49.65075

 NSTEP =    28000   TIME(PS) =     596.000  TEMP(K) =   299.23  PRESS =     0.0
 Etot   =    -34373.0241  EKtot   =      9079.2900  EPtot      =    -43452.3142
 BOND   =       349.8403  ANGLE   =      1032.8763  DIHED      =      1356.0515
 1-4 NB =       449.6419  1-4 EEL =      6284.1843  VDWAALS    =      4745.9667
 EELEC  =    -57810.8448  EHBOND  =         0.0000  RESTRAINT  =       139.9696
 EAMBER (non-restraint)  =    -43592.2838
 ------------------------------------------------------------------------------

wrapping first mol.:       20.26984       28.66588       49.65075
wrapping first mol.:       20.26984       28.66588       49.65075

 NSTEP =    28500   TIME(PS) =     597.000  TEMP(K) =   301.91  PRESS =     0.0
 Etot   =    -34159.8789  EKtot   =      9160.6436  EPtot      =    -43320.5225
 BOND   =       341.7993  ANGLE   =      1034.9968  DIHED      =      1347.7491
 1-4 NB =       431.8938  1-4 EEL =      6289.8292  VDWAALS    =      4788.0176
 EELEC  =    -57697.1262  EHBOND  =         0.0000  RESTRAINT  =       142.3178
 EAMBER (non-restraint)  =    -43462.8402
 ------------------------------------------------------------------------------

wrapping first mol.:       20.26984       28.66588       49.65075
wrapping first mol.:       20.26984       28.66588       49.65075

 NSTEP =    29000   TIME(PS) =     598.000  TEMP(K) =   298.36  PRESS =     0.0
 Etot   =    -34366.7987  EKtot   =      9053.0195  EPtot      =    -43419.8183
 BOND   =       352.6903  ANGLE   =      1005.7738  DIHED      =      1350.9919
 1-4 NB =       436.3828  1-4 EEL =      6294.5673  VDWAALS    =      4607.6382
 EELEC  =    -57614.9282  EHBOND  =         0.0000  RESTRAINT  =       147.0657
 EAMBER (non-restraint)  =    -43566.8839
 ------------------------------------------------------------------------------

wrapping first mol.:       20.26984       28.66588       49.65075
wrapping first mol.:       20.26984       28.66588       49.65075

 NSTEP =    29500   TIME(PS) =     599.000  TEMP(K) =   301.77  PRESS =     0.0
 Etot   =    -34026.0819  EKtot   =      9156.3057  EPtot      =    -43182.3876
 BOND   =       316.4215  ANGLE   =      1040.2921  DIHED      =      1345.4223
 1-4 NB =       450.8479  1-4 EEL =      6310.3225  VDWAALS    =      4728.5532
 EELEC  =    -57511.5651  EHBOND  =         0.0000  RESTRAINT  =       137.3179
 EAMBER (non-restraint)  =    -43319.7055
 ------------------------------------------------------------------------------

wrapping first mol.:       20.26984       28.66588       49.65075
wrapping first mol.:       20.26984       28.66588       49.65075

 NSTEP =    30000   TIME(PS) =     600.000  TEMP(K) =   300.85  PRESS =     0.0
 Etot   =    -34331.5677  EKtot   =      9128.4619  EPtot      =    -43460.0296
 BOND   =       313.8885  ANGLE   =      1034.9645  DIHED      =      1348.6843
 1-4 NB =       462.2713  1-4 EEL =      6282.0763  VDWAALS    =      4575.4761
 EELEC  =    -57617.1809  EHBOND  =         0.0000  RESTRAINT  =       139.7903
 EAMBER (non-restraint)  =    -43599.8199
 ------------------------------------------------------------------------------

wrapping first mol.:       20.26984       28.66588       49.65075
wrapping first mol.:       20.26984       28.66588       49.65075

 NSTEP =    30500   TIME(PS) =     601.000  TEMP(K) =   296.64  PRESS =     0.0
 Etot   =    -34312.9126  EKtot   =      9000.7725  EPtot      =    -43313.6850
 BOND   =       378.0902  ANGLE   =       996.7756  DIHED      =      1354.8679
 1-4 NB =       434.0827  1-4 EEL =      6273.8718  VDWAALS    =      4718.4915
 EELEC  =    -57618.6254  EHBOND  =         0.0000  RESTRAINT  =       148.7608
 EAMBER (non-restraint)  =    -43462.4458
 ------------------------------------------------------------------------------

wrapping first mol.:       20.26984       28.66588       49.65075
wrapping first mol.:       20.26984       28.66588       49.65075

 NSTEP =    31000   TIME(PS) =     602.000  TEMP(K) =   301.83  PRESS =     0.0
 Etot   =    -34085.5819  EKtot   =      9158.2324  EPtot      =    -43243.8143
 BOND   =       354.9550  ANGLE   =      1005.2195  DIHED      =      1346.3591
 1-4 NB =       448.7181  1-4 EEL =      6332.5273  VDWAALS    =      4634.3637
 EELEC  =    -57502.8853  EHBOND  =         0.0000  RESTRAINT  =       136.9282
 EAMBER (non-restraint)  =    -43380.7425
 ------------------------------------------------------------------------------

wrapping first mol.:       20.26984       28.66588       49.65075
wrapping first mol.:       20.26984       28.66588       49.65075

 NSTEP =    31500   TIME(PS) =     603.000  TEMP(K) =   302.99  PRESS =     0.0
 Etot   =    -34000.2285  EKtot   =      9193.3525  EPtot      =    -43193.5811
 BOND   =       343.0146  ANGLE   =      1024.0247  DIHED      =      1351.4365
 1-4 NB =       435.4893  1-4 EEL =      6321.1635  VDWAALS    =      4678.7329
 EELEC  =    -57494.9335  EHBOND  =         0.0000  RESTRAINT  =       147.4910
 EAMBER (non-restraint)  =    -43341.0721
 ------------------------------------------------------------------------------

wrapping first mol.:       20.26984       28.66588       49.65075
wrapping first mol.:       20.26984       28.66588       49.65075

 NSTEP =    32000   TIME(PS) =     604.000  TEMP(K) =   300.85  PRESS =     0.0
 Etot   =    -34239.7993  EKtot   =      9128.6055  EPtot      =    -43368.4047
 BOND   =       340.3898  ANGLE   =       980.0107  DIHED      =      1367.7686
 1-4 NB =       455.8602  1-4 EEL =      6296.8026  VDWAALS    =      4688.2227
 EELEC  =    -57627.5676  EHBOND  =         0.0000  RESTRAINT  =       130.1082
 EAMBER (non-restraint)  =    -43498.5130
 ------------------------------------------------------------------------------

wrapping first mol.:       20.26984       28.66588       49.65075
wrapping first mol.:       20.26984       28.66588       49.65075

 NSTEP =    32500   TIME(PS) =     605.000  TEMP(K) =   300.76  PRESS =     0.0
 Etot   =    -34208.1699  EKtot   =      9125.6943  EPtot      =    -43333.8642
 BOND   =       329.8923  ANGLE   =       995.7329  DIHED      =      1330.3841
 1-4 NB =       456.8738  1-4 EEL =      6334.9063  VDWAALS    =      4809.3865
 EELEC  =    -57730.7508  EHBOND  =         0.0000  RESTRAINT  =       139.7107
 EAMBER (non-restraint)  =    -43473.5749
 ------------------------------------------------------------------------------

wrapping first mol.:       20.26984       28.66588       49.65075
wrapping first mol.:       20.26984       28.66588       49.65075

 NSTEP =    33000   TIME(PS) =     606.000  TEMP(K) =   299.80  PRESS =     0.0
 Etot   =    -34287.4676  EKtot   =      9096.6777  EPtot      =    -43384.1453
 BOND   =       326.7968  ANGLE   =      1004.9427  DIHED      =      1355.6602
 1-4 NB =       456.4362  1-4 EEL =      6281.3782  VDWAALS    =      4697.1378
 EELEC  =    -57639.4512  EHBOND  =         0.0000  RESTRAINT  =       132.9540
 EAMBER (non-restraint)  =    -43517.0993
 ------------------------------------------------------------------------------

wrapping first mol.:       20.26984       28.66588       49.65075
wrapping first mol.:       20.26984       28.66588       49.65075

 NSTEP =    33500   TIME(PS) =     607.000  TEMP(K) =   299.21  PRESS =     0.0
 Etot   =    -34135.7266  EKtot   =      9078.7471  EPtot      =    -43214.4737
 BOND   =       354.6336  ANGLE   =      1059.0621  DIHED      =      1354.4706
 1-4 NB =       448.0827  1-4 EEL =      6299.2948  VDWAALS    =      4661.5614
 EELEC  =    -57545.9213  EHBOND  =         0.0000  RESTRAINT  =       154.3425
 EAMBER (non-restraint)  =    -43368.8162
 ------------------------------------------------------------------------------

wrapping first mol.:       20.26984       28.66588       49.65075
wrapping first mol.:       20.26984       28.66588       49.65075

 NSTEP =    34000   TIME(PS) =     608.000  TEMP(K) =   299.44  PRESS =     0.0
 Etot   =    -34131.9059  EKtot   =      9085.8340  EPtot      =    -43217.7399
 BOND   =       310.1687  ANGLE   =      1048.4270  DIHED      =      1356.5808
 1-4 NB =       459.5239  1-4 EEL =      6250.2899  VDWAALS    =      4801.2864
 EELEC  =    -57581.3516  EHBOND  =         0.0000  RESTRAINT  =       137.3351
 EAMBER (non-restraint)  =    -43355.0750
 ------------------------------------------------------------------------------

wrapping first mol.:       20.26984       28.66588       49.65075
wrapping first mol.:       20.26984       28.66588       49.65075

 NSTEP =    34500   TIME(PS) =     609.000  TEMP(K) =   300.52  PRESS =     0.0
 Etot   =    -34278.7486  EKtot   =      9118.4863  EPtot      =    -43397.2349
 BOND   =       329.7512  ANGLE   =      1067.5926  DIHED      =      1355.9529
 1-4 NB =       442.2096  1-4 EEL =      6285.7752  VDWAALS    =      4728.5218
 EELEC  =    -57747.6379  EHBOND  =         0.0000  RESTRAINT  =       140.5997
 EAMBER (non-restraint)  =    -43537.8346
 ------------------------------------------------------------------------------

wrapping first mol.:       20.26984       28.66588       49.65075
wrapping first mol.:       20.26984       28.66588       49.65075

 NSTEP =    35000   TIME(PS) =     610.000  TEMP(K) =   307.72  PRESS =     0.0
 Etot   =    -34137.9672  EKtot   =      9336.9365  EPtot      =    -43474.9037
 BOND   =       328.5002  ANGLE   =       994.4775  DIHED      =      1351.9285
 1-4 NB =       456.1614  1-4 EEL =      6305.1957  VDWAALS    =      4699.7162
 EELEC  =    -57749.3434  EHBOND  =         0.0000  RESTRAINT  =       138.4602
 EAMBER (non-restraint)  =    -43613.3640
 ------------------------------------------------------------------------------

wrapping first mol.:       20.26984       28.66588       49.65075
wrapping first mol.:       20.26984       28.66588       49.65075

 NSTEP =    35500   TIME(PS) =     611.000  TEMP(K) =   298.43  PRESS =     0.0
 Etot   =    -34196.9353  EKtot   =      9055.0908  EPtot      =    -43252.0262
 BOND   =       305.1954  ANGLE   =      1023.1827  DIHED      =      1364.8025
 1-4 NB =       438.2080  1-4 EEL =      6303.0201  VDWAALS    =      4877.3530
 EELEC  =    -57714.5805  EHBOND  =         0.0000  RESTRAINT  =       150.7926
 EAMBER (non-restraint)  =    -43402.8188
 ------------------------------------------------------------------------------

wrapping first mol.:       20.26984       28.66588       49.65075
wrapping first mol.:       20.26984       28.66588       49.65075

 NSTEP =    36000   TIME(PS) =     612.000  TEMP(K) =   299.91  PRESS =     0.0
 Etot   =    -34271.4939  EKtot   =      9099.8672  EPtot      =    -43371.3611
 BOND   =       309.0707  ANGLE   =      1058.4638  DIHED      =      1338.8202
 1-4 NB =       441.8904  1-4 EEL =      6298.0621  VDWAALS    =      4797.5403
 EELEC  =    -57747.2777  EHBOND  =         0.0000  RESTRAINT  =       132.0692
 EAMBER (non-restraint)  =    -43503.4303
 ------------------------------------------------------------------------------

wrapping first mol.:       20.26984       28.66588       49.65075
wrapping first mol.:       20.26984       28.66588       49.65075

 NSTEP =    36500   TIME(PS) =     613.000  TEMP(K) =   298.06  PRESS =     0.0
 Etot   =    -34347.1610  EKtot   =      9043.9902  EPtot      =    -43391.1513
 BOND   =       357.1609  ANGLE   =      1028.0449  DIHED      =      1345.8263
 1-4 NB =       450.7833  1-4 EEL =      6303.1187  VDWAALS    =      4784.7272
 EELEC  =    -57798.9203  EHBOND  =         0.0000  RESTRAINT  =       138.1076
 EAMBER (non-restraint)  =    -43529.2589
 ------------------------------------------------------------------------------

wrapping first mol.:       20.26984       28.66588       49.65075
wrapping first mol.:       20.26984       28.66588       49.65075

 NSTEP =    37000   TIME(PS) =     614.000  TEMP(K) =   296.53  PRESS =     0.0
 Etot   =    -34414.7609  EKtot   =      8997.3125  EPtot      =    -43412.0734
 BOND   =       326.5805  ANGLE   =      1028.6373  DIHED      =      1357.7963
 1-4 NB =       439.7751  1-4 EEL =      6290.2810  VDWAALS    =      4952.7483
 EELEC  =    -57944.4797  EHBOND  =         0.0000  RESTRAINT  =       136.5878
 EAMBER (non-restraint)  =    -43548.6612
 ------------------------------------------------------------------------------

wrapping first mol.:       20.26984       28.66588       49.65075
wrapping first mol.:       20.26984       28.66588       49.65075

 NSTEP =    37500   TIME(PS) =     615.000  TEMP(K) =   301.32  PRESS =     0.0
 Etot   =    -34156.4492  EKtot   =      9142.7246  EPtot      =    -43299.1738
 BOND   =       350.3206  ANGLE   =      1003.5437  DIHED      =      1353.2534
 1-4 NB =       433.8202  1-4 EEL =      6240.5010  VDWAALS    =      4809.2910
 EELEC  =    -57633.8948  EHBOND  =         0.0000  RESTRAINT  =       143.9910
 EAMBER (non-restraint)  =    -43443.1648
 ------------------------------------------------------------------------------

wrapping first mol.:       20.26984       28.66588       49.65075
wrapping first mol.:       20.26984       28.66588       49.65075

 NSTEP =    38000   TIME(PS) =     616.000  TEMP(K) =   302.51  PRESS =     0.0
 Etot   =    -34286.4006  EKtot   =      9179.0371  EPtot      =    -43465.4378
 BOND   =       335.9638  ANGLE   =      1063.8647  DIHED      =      1354.2152
 1-4 NB =       450.2651  1-4 EEL =      6291.2797  VDWAALS    =      4778.2843
 EELEC  =    -57870.0194  EHBOND  =         0.0000  RESTRAINT  =       130.7090
 EAMBER (non-restraint)  =    -43596.1468
 ------------------------------------------------------------------------------

wrapping first mol.:       20.26984       28.66588       49.65075
wrapping first mol.:       20.26984       28.66588       49.65075

 NSTEP =    38500   TIME(PS) =     617.000  TEMP(K) =   298.46  PRESS =     0.0
 Etot   =    -34283.6825  EKtot   =      9056.0605  EPtot      =    -43339.7430
 BOND   =       374.2578  ANGLE   =      1055.0795  DIHED      =      1353.1639
 1-4 NB =       438.6320  1-4 EEL =      6304.9079  VDWAALS    =      4688.9721
 EELEC  =    -57703.4419  EHBOND  =         0.0000  RESTRAINT  =       148.6856
 EAMBER (non-restraint)  =    -43488.4287
 ------------------------------------------------------------------------------

wrapping first mol.:       20.26984       28.66588       49.65075
wrapping first mol.:       20.26984       28.66588       49.65075

 NSTEP =    39000   TIME(PS) =     618.000  TEMP(K) =   295.62  PRESS =     0.0
 Etot   =    -34297.1761  EKtot   =      8969.8398  EPtot      =    -43267.0159
 BOND   =       342.5057  ANGLE   =      1040.9554  DIHED      =      1323.8569
 1-4 NB =       463.2166  1-4 EEL =      6310.4706  VDWAALS    =      4623.9509
 EELEC  =    -57523.5533  EHBOND  =         0.0000  RESTRAINT  =       151.5813
 EAMBER (non-restraint)  =    -43418.5972
 ------------------------------------------------------------------------------

wrapping first mol.:       20.26984       28.66588       49.65075
wrapping first mol.:       20.26984       28.66588       49.65075

 NSTEP =    39500   TIME(PS) =     619.000  TEMP(K) =   296.59  PRESS =     0.0
 Etot   =    -34260.4308  EKtot   =      8999.3369  EPtot      =    -43259.7677
 BOND   =       360.4118  ANGLE   =       993.3904  DIHED      =      1358.7823
 1-4 NB =       444.0956  1-4 EEL =      6292.4130  VDWAALS    =      4745.5579
 EELEC  =    -57605.6597  EHBOND  =         0.0000  RESTRAINT  =       151.2409
 EAMBER (non-restraint)  =    -43411.0086
 ------------------------------------------------------------------------------

wrapping first mol.:       20.26984       28.66588       49.65075
wrapping first mol.:       20.26984       28.66588       49.65075

 NSTEP =    40000   TIME(PS) =     620.000  TEMP(K) =   299.01  PRESS =     0.0
 Etot   =    -34164.3550  EKtot   =      9072.7920  EPtot      =    -43237.1470
 BOND   =       331.0908  ANGLE   =      1050.7331  DIHED      =      1333.8526
 1-4 NB =       451.1341  1-4 EEL =      6306.7521  VDWAALS    =      4829.7964
 EELEC  =    -57689.6224  EHBOND  =         0.0000  RESTRAINT  =       149.1163
 EAMBER (non-restraint)  =    -43386.2633
 ------------------------------------------------------------------------------

wrapping first mol.:       20.26984       28.66588       49.65075
wrapping first mol.:       20.26984       28.66588       49.65075

 NSTEP =    40500   TIME(PS) =     621.000  TEMP(K) =   301.54  PRESS =     0.0
 Etot   =    -34191.5256  EKtot   =      9149.4893  EPtot      =    -43341.0149
 BOND   =       360.2737  ANGLE   =      1042.6202  DIHED      =      1346.5242
 1-4 NB =       449.5659  1-4 EEL =      6293.7685  VDWAALS    =      4669.7454
 EELEC  =    -57652.0281  EHBOND  =         0.0000  RESTRAINT  =       148.5153
 EAMBER (non-restraint)  =    -43489.5302
 ------------------------------------------------------------------------------

wrapping first mol.:       20.26984       28.66588       49.65075
wrapping first mol.:       20.26984       28.66588       49.65075

 NSTEP =    41000   TIME(PS) =     622.000  TEMP(K) =   300.78  PRESS =     0.0
 Etot   =    -34226.6437  EKtot   =      9126.3320  EPtot      =    -43352.9758
 BOND   =       345.8794  ANGLE   =      1053.3831  DIHED      =      1346.7201
 1-4 NB =       458.1704  1-4 EEL =      6278.0974  VDWAALS    =      4669.8345
 EELEC  =    -57641.8547  EHBOND  =         0.0000  RESTRAINT  =       136.7942
 EAMBER (non-restraint)  =    -43489.7700
 ------------------------------------------------------------------------------

wrapping first mol.:       20.26984       28.66588       49.65075
wrapping first mol.:       20.26984       28.66588       49.65075

 NSTEP =    41500   TIME(PS) =     623.000  TEMP(K) =   296.22  PRESS =     0.0
 Etot   =    -34448.1813  EKtot   =      8987.9297  EPtot      =    -43436.1110
 BOND   =       357.1075  ANGLE   =      1040.1281  DIHED      =      1344.9029
 1-4 NB =       447.5657  1-4 EEL =      6300.5671  VDWAALS    =      4692.2454
 EELEC  =    -57756.2325  EHBOND  =         0.0000  RESTRAINT  =       137.6047
 EAMBER (non-restraint)  =    -43573.7158
 ------------------------------------------------------------------------------

wrapping first mol.:       20.26984       28.66588       49.65075
wrapping first mol.:       20.26984       28.66588       49.65075

 NSTEP =    42000   TIME(PS) =     624.000  TEMP(K) =   300.60  PRESS =     0.0
 Etot   =    -34128.6914  EKtot   =      9120.8828  EPtot      =    -43249.5742
 BOND   =       346.8283  ANGLE   =      1051.7779  DIHED      =      1342.7108
 1-4 NB =       439.0413  1-4 EEL =      6263.9749  VDWAALS    =      4836.4214
 EELEC  =    -57676.2423  EHBOND  =         0.0000  RESTRAINT  =       145.9135
 EAMBER (non-restraint)  =    -43395.4877
 ------------------------------------------------------------------------------

wrapping first mol.:       20.26984       28.66588       49.65075
wrapping first mol.:       20.26984       28.66588       49.65075

 NSTEP =    42500   TIME(PS) =     625.000  TEMP(K) =   301.68  PRESS =     0.0
 Etot   =    -34241.9818  EKtot   =      9153.7344  EPtot      =    -43395.7162
 BOND   =       322.0335  ANGLE   =       990.9894  DIHED      =      1361.8041
 1-4 NB =       457.4585  1-4 EEL =      6303.9500  VDWAALS    =      4776.4210
 EELEC  =    -57760.2872  EHBOND  =         0.0000  RESTRAINT  =       151.9146
 EAMBER (non-restraint)  =    -43547.6308
 ------------------------------------------------------------------------------

wrapping first mol.:       20.26984       28.66588       49.65075
wrapping first mol.:       20.26984       28.66588       49.65075

 NSTEP =    43000   TIME(PS) =     626.000  TEMP(K) =   302.02  PRESS =     0.0
 Etot   =    -34009.9648  EKtot   =      9164.0430  EPtot      =    -43174.0078
 BOND   =       344.3764  ANGLE   =      1026.2910  DIHED      =      1370.7361
 1-4 NB =       445.3481  1-4 EEL =      6281.5255  VDWAALS    =      4686.4909
 EELEC  =    -57477.7723  EHBOND  =         0.0000  RESTRAINT  =       148.9966
 EAMBER (non-restraint)  =    -43323.0044
 ------------------------------------------------------------------------------

wrapping first mol.:       20.26984       28.66588       49.65075
wrapping first mol.:       20.26984       28.66588       49.65075

 NSTEP =    43500   TIME(PS) =     627.000  TEMP(K) =   302.73  PRESS =     0.0
 Etot   =    -34107.4524  EKtot   =      9185.6465  EPtot      =    -43293.0989
 BOND   =       326.4100  ANGLE   =      1038.4705  DIHED      =      1353.3172
 1-4 NB =       454.6790  1-4 EEL =      6288.5040  VDWAALS    =      4875.0122
 EELEC  =    -57771.3954  EHBOND  =         0.0000  RESTRAINT  =       141.9036
 EAMBER (non-restraint)  =    -43435.0025
 ------------------------------------------------------------------------------

wrapping first mol.:       20.26984       28.66588       49.65075
wrapping first mol.:       20.26984       28.66588       49.65075

 NSTEP =    44000   TIME(PS) =     628.000  TEMP(K) =   303.48  PRESS =     0.0
 Etot   =    -34074.0419  EKtot   =      9208.3164  EPtot      =    -43282.3583
 BOND   =       348.3560  ANGLE   =      1070.2472  DIHED      =      1367.2421
 1-4 NB =       446.8658  1-4 EEL =      6277.5844  VDWAALS    =      4896.8978
 EELEC  =    -57826.9107  EHBOND  =         0.0000  RESTRAINT  =       137.3592
 EAMBER (non-restraint)  =    -43419.7175
 ------------------------------------------------------------------------------

wrapping first mol.:       20.26984       28.66588       49.65075
wrapping first mol.:       20.26984       28.66588       49.65075

 NSTEP =    44500   TIME(PS) =     629.000  TEMP(K) =   298.88  PRESS =     0.0
 Etot   =    -34433.6986  EKtot   =      9068.7266  EPtot      =    -43502.4251
 BOND   =       334.8504  ANGLE   =      1005.6804  DIHED      =      1346.9828
 1-4 NB =       452.5303  1-4 EEL =      6281.3870  VDWAALS    =      5070.2561
 EELEC  =    -58134.2011  EHBOND  =         0.0000  RESTRAINT  =       140.0890
 EAMBER (non-restraint)  =    -43642.5141
 ------------------------------------------------------------------------------

wrapping first mol.:       20.26984       28.66588       49.65075
wrapping first mol.:       20.26984       28.66588       49.65075

 NSTEP =    45000   TIME(PS) =     630.000  TEMP(K) =   300.12  PRESS =     0.0
 Etot   =    -34180.8177  EKtot   =      9106.4395  EPtot      =    -43287.2572
 BOND   =       340.4966  ANGLE   =      1062.6905  DIHED      =      1341.0293
 1-4 NB =       456.2632  1-4 EEL =      6293.3699  VDWAALS    =      4794.1896
 EELEC  =    -57729.3417  EHBOND  =         0.0000  RESTRAINT  =       154.0454
 EAMBER (non-restraint)  =    -43441.3025
 ------------------------------------------------------------------------------

wrapping first mol.:       20.26984       28.66588       49.65075
wrapping first mol.:       20.26984       28.66588       49.65075

 NSTEP =    45500   TIME(PS) =     631.000  TEMP(K) =   295.49  PRESS =     0.0
 Etot   =    -34153.4747  EKtot   =      8965.8525  EPtot      =    -43119.3272
 BOND   =       322.9636  ANGLE   =      1012.8305  DIHED      =      1343.2874
 1-4 NB =       455.7563  1-4 EEL =      6337.6555  VDWAALS    =      4799.7426
 EELEC  =    -57532.6311  EHBOND  =         0.0000  RESTRAINT  =       141.0680
 EAMBER (non-restraint)  =    -43260.3953
 ------------------------------------------------------------------------------

wrapping first mol.:       20.26984       28.66588       49.65075
wrapping first mol.:       20.26984       28.66588       49.65075

 NSTEP =    46000   TIME(PS) =     632.000  TEMP(K) =   298.69  PRESS =     0.0
 Etot   =    -34183.3500  EKtot   =      9063.0928  EPtot      =    -43246.4428
 BOND   =       329.9861  ANGLE   =      1051.3909  DIHED      =      1351.2300
 1-4 NB =       458.3347  1-4 EEL =      6311.6190  VDWAALS    =      4612.2855
 EELEC  =    -57508.6193  EHBOND  =         0.0000  RESTRAINT  =       147.3303
 EAMBER (non-restraint)  =    -43393.7731
 ------------------------------------------------------------------------------

wrapping first mol.:       20.26984       28.66588       49.65075
wrapping first mol.:       20.26984       28.66588       49.65075

 NSTEP =    46500   TIME(PS) =     633.000  TEMP(K) =   301.67  PRESS =     0.0
 Etot   =    -33964.3614  EKtot   =      9153.4170  EPtot      =    -43117.7784
 BOND   =       340.9464  ANGLE   =      1060.7884  DIHED      =      1350.9375
 1-4 NB =       449.9465  1-4 EEL =      6316.1909  VDWAALS    =      4770.2310
 EELEC  =    -57553.8082  EHBOND  =         0.0000  RESTRAINT  =       146.9891
 EAMBER (non-restraint)  =    -43264.7675
 ------------------------------------------------------------------------------

wrapping first mol.:       20.26984       28.66588       49.65075
wrapping first mol.:       20.26984       28.66588       49.65075

 NSTEP =    47000   TIME(PS) =     634.000  TEMP(K) =   303.55  PRESS =     0.0
 Etot   =    -33834.2278  EKtot   =      9210.4043  EPtot      =    -43044.6321
 BOND   =       323.3557  ANGLE   =      1058.0794  DIHED      =      1351.8344
 1-4 NB =       438.3384  1-4 EEL =      6282.0259  VDWAALS    =      4497.3650
 EELEC  =    -57139.4987  EHBOND  =         0.0000  RESTRAINT  =       143.8678
 EAMBER (non-restraint)  =    -43188.4999
 ------------------------------------------------------------------------------

wrapping first mol.:       20.26984       28.66588       49.65075
wrapping first mol.:       20.26984       28.66588       49.65075

 NSTEP =    47500   TIME(PS) =     635.000  TEMP(K) =   305.94  PRESS =     0.0
 Etot   =    -33943.6996  EKtot   =      9282.9189  EPtot      =    -43226.6186
 BOND   =       337.2472  ANGLE   =      1001.5302  DIHED      =      1364.0671
 1-4 NB =       453.7524  1-4 EEL =      6290.5133  VDWAALS    =      4733.7875
 EELEC  =    -57540.2103  EHBOND  =         0.0000  RESTRAINT  =       132.6939
 EAMBER (non-restraint)  =    -43359.3125
 ------------------------------------------------------------------------------

wrapping first mol.:       20.26984       28.66588       49.65075
wrapping first mol.:       20.26984       28.66588       49.65075

 NSTEP =    48000   TIME(PS) =     636.000  TEMP(K) =   302.67  PRESS =     0.0
 Etot   =    -34186.3790  EKtot   =      9183.5938  EPtot      =    -43369.9727
 BOND   =       321.8586  ANGLE   =      1007.3449  DIHED      =      1336.6783
 1-4 NB =       447.5815  1-4 EEL =      6302.1799  VDWAALS    =      4621.1378
 EELEC  =    -57537.3946  EHBOND  =         0.0000  RESTRAINT  =       130.6409
 EAMBER (non-restraint)  =    -43500.6136
 ------------------------------------------------------------------------------

wrapping first mol.:       20.26984       28.66588       49.65075
wrapping first mol.:       20.26984       28.66588       49.65075

 NSTEP =    48500   TIME(PS) =     637.000  TEMP(K) =   300.09  PRESS =     0.0
 Etot   =    -34075.3896  EKtot   =      9105.4600  EPtot      =    -43180.8495
 BOND   =       332.9707  ANGLE   =      1047.6385  DIHED      =      1339.4220
 1-4 NB =       435.4369  1-4 EEL =      6304.3643  VDWAALS    =      4712.5844
 EELEC  =    -57490.8063  EHBOND  =         0.0000  RESTRAINT  =       137.5399
 EAMBER (non-restraint)  =    -43318.3895
 ------------------------------------------------------------------------------

wrapping first mol.:       20.26984       28.66588       49.65075
wrapping first mol.:       20.26984       28.66588       49.65075

 NSTEP =    49000   TIME(PS) =     638.000  TEMP(K) =   303.21  PRESS =     0.0
 Etot   =    -34105.3309  EKtot   =      9200.0078  EPtot      =    -43305.3387
 BOND   =       351.7837  ANGLE   =      1027.5629  DIHED      =      1351.0221
 1-4 NB =       459.5887  1-4 EEL =      6286.5647  VDWAALS    =      4566.4099
 EELEC  =    -57496.4831  EHBOND  =         0.0000  RESTRAINT  =       148.2122
 EAMBER (non-restraint)  =    -43453.5509
 ------------------------------------------------------------------------------

wrapping first mol.:       20.26984       28.66588       49.65075
wrapping first mol.:       20.26984       28.66588       49.65075

 NSTEP =    49500   TIME(PS) =     639.000  TEMP(K) =   294.92  PRESS =     0.0
 Etot   =    -34295.5643  EKtot   =      8948.7285  EPtot      =    -43244.2928
 BOND   =       358.5408  ANGLE   =      1025.5015  DIHED      =      1350.6316
 1-4 NB =       444.9131  1-4 EEL =      6256.3049  VDWAALS    =      4749.4097
 EELEC  =    -57577.0725  EHBOND  =         0.0000  RESTRAINT  =       147.4781
 EAMBER (non-restraint)  =    -43391.7709
 ------------------------------------------------------------------------------

wrapping first mol.:       20.26984       28.66588       49.65075
wrapping first mol.:       20.26984       28.66588       49.65075

 NSTEP =    50000   TIME(PS) =     640.000  TEMP(K) =   299.10  PRESS =     0.0
 Etot   =    -34331.3331  EKtot   =      9075.3066  EPtot      =    -43406.6397
 BOND   =       304.6539  ANGLE   =      1019.9853  DIHED      =      1328.2951
 1-4 NB =       462.0543  1-4 EEL =      6270.7277  VDWAALS    =      4581.7546
 EELEC  =    -57521.5758  EHBOND  =         0.0000  RESTRAINT  =       147.4652
 EAMBER (non-restraint)  =    -43554.1049
 ------------------------------------------------------------------------------


      A V E R A G E S   O V E R     100 S T E P S


 NSTEP =    50000   TIME(PS) =     640.000  TEMP(K) =   300.07  PRESS =     0.0
 Etot   =    -34185.0026  EKtot   =      9104.9396  EPtot      =    -43289.9421
 BOND   =       341.1671  ANGLE   =      1030.5873  DIHED      =      1349.5132
 1-4 NB =       447.3750  1-4 EEL =      6295.2543  VDWAALS    =      4718.7733
 EELEC  =    -57614.9901  EHBOND  =         0.0000  RESTRAINT  =       142.3778
 EAMBER (non-restraint)  =    -43432.3200
 ------------------------------------------------------------------------------


      R M S  F L U C T U A T I O N S


 NSTEP =    50000   TIME(PS) =     640.000  TEMP(K) =     2.57  PRESS =     0.0
 Etot   =       121.8125  EKtot   =        78.0177  EPtot      =        94.7495
 BOND   =        17.5105  ANGLE   =        23.6789  DIHED      =        11.3110
 1-4 NB =         8.6280  1-4 EEL =        20.6952  VDWAALS    =       108.8907
 EELEC  =       157.6727  EHBOND  =         0.0000  RESTRAINT  =         7.0883
 EAMBER (non-restraint)  =        87.6612
 ------------------------------------------------------------------------------

--------------------------------------------------------------------------------
   5.  TIMINGS
--------------------------------------------------------------------------------

|  NonSetup CPU Time in Major Routines:
|
|     Routine           Sec        %
|     ------------------------------
|     Nonbond          12.62   33.92
|     Bond              0.00    0.00
|     Angle             0.00    0.00
|     Dihedral          0.00    0.00
|     Shake             0.77    2.06
|     RunMD            23.71   63.74
|     Other             0.10    0.27
|     ------------------------------
|     Total            37.20

|  PME Nonbond Pairlist CPU Time:
|
|     Routine              Sec        %
|     ---------------------------------
|     Set Up Cit           0.00    0.00
|     Build List           0.00    0.00
|     ---------------------------------
|     Total                0.00    0.00

|  PME Direct Force CPU Time:
|
|     Routine              Sec        %
|     ---------------------------------
|     NonBonded Calc       0.00    0.00
|     Exclude Masked       0.00    0.00
|     Other                0.06    0.16
|     ---------------------------------
|     Total                0.06    0.16

|  PME Reciprocal Force CPU Time:
|
|     Routine              Sec        %
|     ---------------------------------
|     1D bspline           0.00    0.00
|     Grid Charges         0.00    0.00
|     Scalar Sum           0.00    0.00
|     Gradient Sum         0.00    0.00
|     FFT                  0.00    0.00
|     ---------------------------------
|     Total                0.00    0.00

|  Final Performance Info:
|     -----------------------------------------------------
|     Average timings for last   49500 steps:
|     Elapsed(s) =      36.99 Per Step(ms) =       0.75
|         ns/day =     231.21   seconds/ns =     373.69
|
|     Average timings for all steps:
|     Elapsed(s) =      37.39 Per Step(ms) =       0.75
|         ns/day =     231.08   seconds/ns =     373.89
|     -----------------------------------------------------

|  Setup CPU time:            1.60 seconds
|  NonSetup CPU time:        37.20 seconds
|  Total CPU time:           38.80 seconds     0.01 hours

|  Setup wall time:           2    seconds
|  NonSetup wall time:       37    seconds
|  Total wall time:          39    seconds     0.01 hours
