
          -------------------------------------------------------
          Amber 16 PMEMD                              2016
          -------------------------------------------------------

| PMEMD implementation of SANDER, Release 16

| Run on 11/06/2017 at 12:35:24

|   Executable path: /apps/amber16/bin/pmemd.cuda
| Working directory: /home/pbarletta
|          Hostname: mordor

  [-O]verwriting output

File Assignments:
|   MDIN: /scratch/pbarletta/cph_obp/run/apo/mhe/e/9equ.in                      
|  MDOUT: /scratch/pbarletta/cph_obp/run/apo/mhe/e/9equ.out                     
| INPCRD: /scratch/pbarletta/cph_obp/run/apo/mhe/e/8eapo.rst7                   
|   PARM: /scratch/pbarletta/cph_obp/top_files/apo.prmtop                       
| RESTRT: /scratch/pbarletta/cph_obp/run/apo/mhe/e/9eapo.rst7                   
|   REFC: /scratch/pbarletta/cph_obp/run/apo/mhe/e/8eapo.rst7                   
|  MDVEL: mdvel                                                                 
|   MDEN: mden                                                                  
|  MDCRD: /scratch/pbarletta/cph_obp/run/apo/mhe/e/9eapo.nc                     
| MDINFO: mdinfo                                                                
|  MDFRC: mdfrc                                                                 


 Here is the input file:

Equilibration with solute restrictions                                         
&cntrl                                                                         
imin = 0,                           ! No Minimization                          
nmropt = 0,                         ! No NMR restraints read                   
                                                                               
! Nature and format of the input                                               
ntx = 5,                            ! Coordinates but no velocities will be rea
irest = 1,                          ! Do not run a new simulation              
                                                                               
! Nature and format of the output                                              
ntxo = 1,                           ! rstrt file in ASCII format               
ntpr = 500,                         ! inf in output every ntpr steps           
ntwr = 500,                         ! rstrt file every ntwr steps              
ntwx = 500,                         ! mdcrd file every ntwx steps              
ntwv = 0,                           ! mdvel without velocities                 
ntwe = 0,                           ! Energies and temperatures not written in 
idecomp = 0,                        ! No energy decomposition                  
iwrap = 1,                          ! Coordinates of the restart and mdcrd file
                                                                               
! Frozen or restrained atoms                                                   
ibelly = 0,                         ! No frozen atoms                          
ntr=1,                              ! Harmonic potential restraints            
restraint_wt = 8.0,                ! The weight for the positional restraints  
restraintmask = ':1-119@N,CA,C,O',  ! restrained residues                      
                                                                               
! Molecular dynamics                                                           
nstlim = 50000,                     ! Number of MD-steps                       
dt = 0.002,                         ! Time step                                
                                                                               
! Temperature regulation                                                       
ntt = 3,                            ! Langevin thermostat                      
gamma_ln = 5,                       ! Gamma constant for Langevin              
temp0 = 300.0,                      ! Reference T at which the system is to be 
tempi = 300.0,                      ! Initial T                                
ig = -1,                            ! Seed for the RNG                         
                                                                               
! P and V regulation                                                           
ntp = 0,                            ! No pressure control                      
ntb = 1,                            ! Periodic box for constant V              
                                                                               
! SHAKE variables                                                              
ntc = 2,                            ! Bonds involving H are constrained        
ntf = 2,                            ! Bond interaction involving H are ommited.
                                                                               
cut = 10.0,                         ! Nonbonded cutoff                         
                                                                               
/                                                                              
&end                                                                           


Note: ig = -1. Setting random seed to   208383 based on wallclock time in 
      microseconds.
| irandom = 1, using AMBER's internal random number generator (default).
 
|--------------------- INFORMATION ----------------------
| GPU (CUDA) Version of PMEMD in use: NVIDIA GPU IN USE.
|                    Version 16.0.0
| 
|                      02/25/2016
| 
| Implementation by:
|                    Ross C. Walker     (SDSC)
|                    Scott Le Grand     (nVIDIA)
| 
| Precision model in use:
|      [SPFP] - Single Precision Forces, 64-bit Fixed Point
|               Accumulation. (Default)
| 
|--------------------------------------------------------
 
|----------------- CITATION INFORMATION -----------------
|
|    When publishing work that utilized the CUDA version
|    of AMBER, please cite the following in addition to
|    the regular AMBER citations:
|
|  - Romelia Salomon-Ferrer; Andreas W. Goetz; Duncan
|    Poole; Scott Le Grand; Ross C. Walker "Routine
|    microsecond molecular dynamics simulations with
|    AMBER - Part II: Particle Mesh Ewald", J. Chem.
|    Theory Comput., 2013, 9 (9), pp3878-3888,
|    DOI: 10.1021/ct400314y.
|
|  - Andreas W. Goetz; Mark J. Williamson; Dong Xu;
|    Duncan Poole; Scott Le Grand; Ross C. Walker
|    "Routine microsecond molecular dynamics simulations
|    with AMBER - Part I: Generalized Born", J. Chem.
|    Theory Comput., 2012, 8 (5), pp1542-1555.
|
|  - Scott Le Grand; Andreas W. Goetz; Ross C. Walker
|    "SPFP: Speed without compromise - a mixed precision
|    model for GPU accelerated molecular dynamics
|    simulations.", Comp. Phys. Comm., 2013, 184
|    pp374-380, DOI: 10.1016/j.cpc.2012.09.022
|
|--------------------------------------------------------
 
|------------------- GPU DEVICE INFO --------------------
|
|            CUDA_VISIBLE_DEVICES: 3
|   CUDA Capable Devices Detected:      1
|           CUDA Device ID in use:      0
|                CUDA Device Name: GeForce GTX 1080 Ti
|     CUDA Device Global Mem Size:  11172 MB
| CUDA Device Num Multiprocessors:     28
|           CUDA Device Core Freq:   1.58 GHz
|
|--------------------------------------------------------
 
 
| Conditional Compilation Defines Used:
| PUBFFT
| BINTRAJ
| CUDA
| EMIL

| Largest sphere to fit in unit cell has radius =    24.825

| New format PARM file being parsed.
| Version =    1.000 Date = 11/06/17 Time = 09:43:47

| Note: 1-4 EEL scale factors are being read from the topology file.

| Note: 1-4 VDW scale factors are being read from the topology file.
| Duplicated    0 dihedrals

| Duplicated    0 dihedrals

--------------------------------------------------------------------------------
   1.  RESOURCE   USE: 
--------------------------------------------------------------------------------

 getting new box info from bottom of inpcrd
 NATOM  =   14797 NTYPES =      17 NBONH =   13853 MBONA  =     953
 NTHETH =    2337 MTHETA =    1282 NPHIH =    4475 MPHIA  =    3254
 NHPARM =       0 NPARM  =       0 NNB   =   28051 NRES   =    4390
 NBONA  =     953 NTHETA =    1282 NPHIA =    3254 NUMBND =      42
 NUMANG =      92 NPTRA  =      39 NATYP =      28 NPHB   =       1
 IFBOX  =       2 NMXRS  =      24 IFCAP =       0 NEXTRA =       0
 NCOPY  =       0

| Coordinate Index Table dimensions:     9    9    9
| Direct force subcell size =     6.7566    6.7566    6.7566

     BOX TYPE: TRUNCATED OCTAHEDRON

--------------------------------------------------------------------------------
   2.  CONTROL  DATA  FOR  THE  RUN
--------------------------------------------------------------------------------

default_name                                                                    

General flags:
     imin    =       0, nmropt  =       0

Nature and format of input:
     ntx     =       5, irest   =       1, ntrx    =       1

Nature and format of output:
     ntxo    =       1, ntpr    =     500, ntrx    =       1, ntwr    =     500
     iwrap   =       1, ntwx    =     500, ntwv    =       0, ntwe    =       0
     ioutfm  =       1, ntwprt  =       0, idecomp =       0, rbornstat=      0

Potential function:
     ntf     =       2, ntb     =       1, igb     =       0, nsnb    =      25
     ipol    =       0, gbsa    =       0, iesp    =       0
     dielc   =   1.00000, cut     =  10.00000, intdiel =   1.00000

Frozen or restrained atoms:
     ibelly  =       0, ntr     =       1
     restraint_wt =   8.00000

Molecular dynamics:
     nstlim  =     50000, nscm    =         0, nrespa  =         1
     t       =   0.00000, dt      =   0.00200, vlimit  =  -1.00000

Langevin dynamics temperature regulation:
     ig      =  208383
     temp0   = 300.00000, tempi   = 300.00000, gamma_ln=   5.00000

SHAKE:
     ntc     =       2, jfastw  =       0
     tol     =   0.00001

| Intermolecular bonds treatment:
|     no_intermolecular_bonds =       1

| Energy averages sample interval:
|     ene_avg_sampling =     500

Ewald parameters:
     verbose =       0, ew_type =       0, nbflag  =       1, use_pme =       1
     vdwmeth =       1, eedmeth =       1, netfrc  =       1
     Box X =   60.810   Box Y =   60.810   Box Z =   60.810
     Alpha =  109.471   Beta  =  109.471   Gamma =  109.471
     NFFT1 =   64       NFFT2 =   64       NFFT3 =   64
     Cutoff=   10.000   Tol   =0.100E-04
     Ewald Coefficient =  0.27511
     Interpolation order =    4

    LOADING THE CONSTRAINED ATOMS AS GROUPS


   5.  REFERENCE ATOM COORDINATES

  default_name                                                                    
     Mask :1-119@N,CA,C,O; matches   476 atoms

--------------------------------------------------------------------------------
   3.  ATOMIC COORDINATES AND VELOCITIES
--------------------------------------------------------------------------------

default_name                                                                    
 begin time read from input coords =   940.000 ps

 
 Number of triangulated 3-point waters found:     4270

     Sum of charges from parm topology file =  -0.00000006
     Forcing neutrality...

| Dynamic Memory, Types Used:
| Reals              574581
| Integers           547196

| Nonbonded Pairs Initial Allocation:     4475722

| GPU memory information (estimate):
| KB of GPU memory in use:    140885
| KB of CPU memory in use:     29237

--------------------------------------------------------------------------------
   4.  RESULTS
--------------------------------------------------------------------------------

 ---------------------------------------------------
 APPROXIMATING switch and d/dx switch using CUBIC SPLINE INTERPOLATION
 using   5000.0 points per unit in tabled values
 TESTING RELATIVE ERROR over r ranging from 0.0 to cutoff
| CHECK switch(x): max rel err =   0.2738E-14   at   2.422500
| CHECK d/dx switch(x): max rel err =   0.8314E-11   at   2.736960
 ---------------------------------------------------
|---------------------------------------------------
| APPROXIMATING direct energy using CUBIC SPLINE INTERPOLATION
|  with   50.0 points per unit in tabled values
| Relative Error Limit not exceeded for r .gt.   2.33
| APPROXIMATING direct force using CUBIC SPLINE INTERPOLATION
|  with   50.0 points per unit in tabled values
| Relative Error Limit not exceeded for r .gt.   2.80
|---------------------------------------------------
wrapping first mol.:       20.26984       28.66588       49.65075
wrapping first mol.:       20.26984       28.66588       49.65075

 NSTEP =      500   TIME(PS) =     941.000  TEMP(K) =   299.53  PRESS =     0.0
 Etot   =    -34184.2759  EKtot   =      9088.4961  EPtot      =    -43272.7720
 BOND   =       342.2231  ANGLE   =      1032.3406  DIHED      =      1349.1519
 1-4 NB =       437.5784  1-4 EEL =      6279.9192  VDWAALS    =      4826.1751
 EELEC  =    -57633.2418  EHBOND  =         0.0000  RESTRAINT  =        93.0815
 EAMBER (non-restraint)  =    -43365.8535
 ------------------------------------------------------------------------------

wrapping first mol.:       20.26984       28.66588       49.65075
wrapping first mol.:       20.26984       28.66588       49.65075

 NSTEP =     1000   TIME(PS) =     942.000  TEMP(K) =   300.97  PRESS =     0.0
 Etot   =    -34233.4431  EKtot   =      9132.1309  EPtot      =    -43365.5739
 BOND   =       308.8126  ANGLE   =      1018.2643  DIHED      =      1346.3816
 1-4 NB =       440.2044  1-4 EEL =      6292.0025  VDWAALS    =      4639.2818
 EELEC  =    -57524.2422  EHBOND  =         0.0000  RESTRAINT  =       113.7211
 EAMBER (non-restraint)  =    -43479.2950
 ------------------------------------------------------------------------------

wrapping first mol.:       20.26984       28.66588       49.65075
wrapping first mol.:       20.26984       28.66588       49.65075

 NSTEP =     1500   TIME(PS) =     943.000  TEMP(K) =   300.01  PRESS =     0.0
 Etot   =    -34326.1327  EKtot   =      9103.0645  EPtot      =    -43429.1971
 BOND   =       327.9302  ANGLE   =      1092.5787  DIHED      =      1345.7156
 1-4 NB =       444.7817  1-4 EEL =      6260.2576  VDWAALS    =      4696.1819
 EELEC  =    -57695.1688  EHBOND  =         0.0000  RESTRAINT  =        98.5260
 EAMBER (non-restraint)  =    -43527.7231
 ------------------------------------------------------------------------------

wrapping first mol.:       20.26984       28.66588       49.65075
wrapping first mol.:       20.26984       28.66588       49.65075

 NSTEP =     2000   TIME(PS) =     944.000  TEMP(K) =   303.21  PRESS =     0.0
 Etot   =    -34352.5510  EKtot   =      9200.1650  EPtot      =    -43552.7160
 BOND   =       369.3910  ANGLE   =      1096.0769  DIHED      =      1366.9902
 1-4 NB =       433.9357  1-4 EEL =      6236.1269  VDWAALS    =      4780.0707
 EELEC  =    -57947.5004  EHBOND  =         0.0000  RESTRAINT  =       112.1929
 EAMBER (non-restraint)  =    -43664.9089
 ------------------------------------------------------------------------------

wrapping first mol.:       20.26984       28.66588       49.65075
wrapping first mol.:       20.26984       28.66588       49.65075

 NSTEP =     2500   TIME(PS) =     945.000  TEMP(K) =   299.22  PRESS =     0.0
 Etot   =    -34302.5471  EKtot   =      9079.1348  EPtot      =    -43381.6819
 BOND   =       346.2255  ANGLE   =      1073.4121  DIHED      =      1331.6405
 1-4 NB =       441.5669  1-4 EEL =      6236.4442  VDWAALS    =      4639.8972
 EELEC  =    -57542.3096  EHBOND  =         0.0000  RESTRAINT  =        91.4413
 EAMBER (non-restraint)  =    -43473.1232
 ------------------------------------------------------------------------------

wrapping first mol.:       20.26984       28.66588       49.65075
wrapping first mol.:       20.26984       28.66588       49.65075

 NSTEP =     3000   TIME(PS) =     946.000  TEMP(K) =   303.22  PRESS =     0.0
 Etot   =    -34159.3363  EKtot   =      9200.4805  EPtot      =    -43359.8168
 BOND   =       353.0211  ANGLE   =      1057.8720  DIHED      =      1336.9254
 1-4 NB =       443.1974  1-4 EEL =      6260.4880  VDWAALS    =      4820.7637
 EELEC  =    -57738.5020  EHBOND  =         0.0000  RESTRAINT  =       106.4177
 EAMBER (non-restraint)  =    -43466.2344
 ------------------------------------------------------------------------------

wrapping first mol.:       20.26984       28.66588       49.65075
wrapping first mol.:       20.26984       28.66588       49.65075

 NSTEP =     3500   TIME(PS) =     947.000  TEMP(K) =   303.13  PRESS =     0.0
 Etot   =    -33957.7088  EKtot   =      9197.7197  EPtot      =    -43155.4285
 BOND   =       333.5691  ANGLE   =      1056.9113  DIHED      =      1354.7341
 1-4 NB =       440.6569  1-4 EEL =      6273.8559  VDWAALS    =      4760.8577
 EELEC  =    -57480.8413  EHBOND  =         0.0000  RESTRAINT  =       104.8277
 EAMBER (non-restraint)  =    -43260.2562
 ------------------------------------------------------------------------------

wrapping first mol.:       20.26984       28.66588       49.65075
wrapping first mol.:       20.26984       28.66588       49.65075

 NSTEP =     4000   TIME(PS) =     948.000  TEMP(K) =   297.14  PRESS =     0.0
 Etot   =    -34162.7260  EKtot   =      9015.9385  EPtot      =    -43178.6645
 BOND   =       351.4228  ANGLE   =      1022.4129  DIHED      =      1322.4160
 1-4 NB =       461.4523  1-4 EEL =      6268.6068  VDWAALS    =      4574.0394
 EELEC  =    -57277.9826  EHBOND  =         0.0000  RESTRAINT  =        98.9679
 EAMBER (non-restraint)  =    -43277.6324
 ------------------------------------------------------------------------------

wrapping first mol.:       20.26984       28.66588       49.65075
wrapping first mol.:       20.26984       28.66588       49.65075

 NSTEP =     4500   TIME(PS) =     949.000  TEMP(K) =   303.67  PRESS =     0.0
 Etot   =    -34102.9459  EKtot   =      9214.0078  EPtot      =    -43316.9537
 BOND   =       351.1925  ANGLE   =      1030.9233  DIHED      =      1345.8587
 1-4 NB =       443.1134  1-4 EEL =      6269.8013  VDWAALS    =      4713.1143
 EELEC  =    -57581.5280  EHBOND  =         0.0000  RESTRAINT  =       110.5708
 EAMBER (non-restraint)  =    -43427.5246
 ------------------------------------------------------------------------------

wrapping first mol.:       20.26984       28.66588       49.65075
wrapping first mol.:       20.26984       28.66588       49.65075

 NSTEP =     5000   TIME(PS) =     950.000  TEMP(K) =   300.58  PRESS =     0.0
 Etot   =    -34133.9161  EKtot   =      9120.3867  EPtot      =    -43254.3029
 BOND   =       327.5422  ANGLE   =      1087.7764  DIHED      =      1366.9982
 1-4 NB =       435.2914  1-4 EEL =      6222.3134  VDWAALS    =      4660.1243
 EELEC  =    -57450.1802  EHBOND  =         0.0000  RESTRAINT  =        95.8314
 EAMBER (non-restraint)  =    -43350.1343
 ------------------------------------------------------------------------------

wrapping first mol.:       20.26984       28.66588       49.65075
wrapping first mol.:       20.26984       28.66588       49.65075

 NSTEP =     5500   TIME(PS) =     951.000  TEMP(K) =   297.09  PRESS =     0.0
 Etot   =    -34173.7814  EKtot   =      9014.3086  EPtot      =    -43188.0900
 BOND   =       340.7838  ANGLE   =      1026.8841  DIHED      =      1347.1646
 1-4 NB =       434.6760  1-4 EEL =      6280.9283  VDWAALS    =      4823.8431
 EELEC  =    -57545.2655  EHBOND  =         0.0000  RESTRAINT  =       102.8955
 EAMBER (non-restraint)  =    -43290.9855
 ------------------------------------------------------------------------------

wrapping first mol.:       20.26984       28.66588       49.65075
wrapping first mol.:       20.26984       28.66588       49.65075

 NSTEP =     6000   TIME(PS) =     952.000  TEMP(K) =   295.76  PRESS =     0.0
 Etot   =    -34244.0068  EKtot   =      8973.9287  EPtot      =    -43217.9355
 BOND   =       328.0773  ANGLE   =      1035.9655  DIHED      =      1338.1284
 1-4 NB =       462.0658  1-4 EEL =      6290.6761  VDWAALS    =      4782.8272
 EELEC  =    -57569.9867  EHBOND  =         0.0000  RESTRAINT  =       114.3109
 EAMBER (non-restraint)  =    -43332.2465
 ------------------------------------------------------------------------------

wrapping first mol.:       20.26984       28.66588       49.65075
wrapping first mol.:       20.26984       28.66588       49.65075

 NSTEP =     6500   TIME(PS) =     953.000  TEMP(K) =   300.57  PRESS =     0.0
 Etot   =    -34261.0798  EKtot   =      9120.1230  EPtot      =    -43381.2029
 BOND   =       349.2010  ANGLE   =      1044.0097  DIHED      =      1364.4044
 1-4 NB =       444.4965  1-4 EEL =      6288.4314  VDWAALS    =      4571.2513
 EELEC  =    -57542.8419  EHBOND  =         0.0000  RESTRAINT  =        99.8448
 EAMBER (non-restraint)  =    -43481.0477
 ------------------------------------------------------------------------------

wrapping first mol.:       20.26984       28.66588       49.65075
wrapping first mol.:       20.26984       28.66588       49.65075

 NSTEP =     7000   TIME(PS) =     954.000  TEMP(K) =   303.75  PRESS =     0.0
 Etot   =    -33988.2862  EKtot   =      9216.5508  EPtot      =    -43204.8370
 BOND   =       359.9761  ANGLE   =      1076.2075  DIHED      =      1336.7724
 1-4 NB =       436.5458  1-4 EEL =      6259.8722  VDWAALS    =      4724.4102
 EELEC  =    -57488.7012  EHBOND  =         0.0000  RESTRAINT  =        90.0801
 EAMBER (non-restraint)  =    -43294.9171
 ------------------------------------------------------------------------------

wrapping first mol.:       20.26984       28.66588       49.65075
wrapping first mol.:       20.26984       28.66588       49.65075

 NSTEP =     7500   TIME(PS) =     955.000  TEMP(K) =   297.20  PRESS =     0.0
 Etot   =    -34236.5908  EKtot   =      9017.8125  EPtot      =    -43254.4033
 BOND   =       341.8378  ANGLE   =      1079.2286  DIHED      =      1358.7719
 1-4 NB =       448.0939  1-4 EEL =      6247.5412  VDWAALS    =      4543.6680
 EELEC  =    -57367.0102  EHBOND  =         0.0000  RESTRAINT  =        93.4656
 EAMBER (non-restraint)  =    -43347.8688
 ------------------------------------------------------------------------------

wrapping first mol.:       20.26984       28.66588       49.65075
wrapping first mol.:       20.26984       28.66588       49.65075

 NSTEP =     8000   TIME(PS) =     956.000  TEMP(K) =   299.69  PRESS =     0.0
 Etot   =    -34178.4647  EKtot   =      9093.2246  EPtot      =    -43271.6893
 BOND   =       358.2516  ANGLE   =      1022.2159  DIHED      =      1334.2889
 1-4 NB =       453.9329  1-4 EEL =      6246.3506  VDWAALS    =      4655.5133
 EELEC  =    -57448.8487  EHBOND  =         0.0000  RESTRAINT  =       106.6061
 EAMBER (non-restraint)  =    -43378.2954
 ------------------------------------------------------------------------------

wrapping first mol.:       20.26984       28.66588       49.65075
wrapping first mol.:       20.26984       28.66588       49.65075

 NSTEP =     8500   TIME(PS) =     957.000  TEMP(K) =   301.23  PRESS =     0.0
 Etot   =    -34218.0297  EKtot   =      9140.0781  EPtot      =    -43358.1078
 BOND   =       344.1644  ANGLE   =      1015.4325  DIHED      =      1350.4958
 1-4 NB =       428.9836  1-4 EEL =      6267.4016  VDWAALS    =      4469.0978
 EELEC  =    -57333.1972  EHBOND  =         0.0000  RESTRAINT  =        99.5137
 EAMBER (non-restraint)  =    -43457.6215
 ------------------------------------------------------------------------------

wrapping first mol.:       20.26984       28.66588       49.65075
wrapping first mol.:       20.26984       28.66588       49.65075

 NSTEP =     9000   TIME(PS) =     958.000  TEMP(K) =   298.86  PRESS =     0.0
 Etot   =    -34154.3254  EKtot   =      9068.0752  EPtot      =    -43222.4006
 BOND   =       363.5076  ANGLE   =      1098.7367  DIHED      =      1318.5489
 1-4 NB =       432.8595  1-4 EEL =      6262.5189  VDWAALS    =      4719.8201
 EELEC  =    -57515.0202  EHBOND  =         0.0000  RESTRAINT  =        96.6278
 EAMBER (non-restraint)  =    -43319.0284
 ------------------------------------------------------------------------------

wrapping first mol.:       20.26984       28.66588       49.65075
wrapping first mol.:       20.26984       28.66588       49.65075

 NSTEP =     9500   TIME(PS) =     959.000  TEMP(K) =   300.68  PRESS =     0.0
 Etot   =    -34111.3982  EKtot   =      9123.4912  EPtot      =    -43234.8894
 BOND   =       329.7740  ANGLE   =      1013.3823  DIHED      =      1329.8472
 1-4 NB =       443.0796  1-4 EEL =      6254.6656  VDWAALS    =      4661.2049
 EELEC  =    -57369.6121  EHBOND  =         0.0000  RESTRAINT  =       102.7691
 EAMBER (non-restraint)  =    -43337.6585
 ------------------------------------------------------------------------------

wrapping first mol.:       20.26984       28.66588       49.65075
wrapping first mol.:       20.26984       28.66588       49.65075

 NSTEP =    10000   TIME(PS) =     960.000  TEMP(K) =   297.84  PRESS =     0.0
 Etot   =    -34234.9025  EKtot   =      9037.0498  EPtot      =    -43271.9523
 BOND   =       356.8396  ANGLE   =      1036.8123  DIHED      =      1356.0743
 1-4 NB =       459.8336  1-4 EEL =      6273.7921  VDWAALS    =      4773.9799
 EELEC  =    -57625.5903  EHBOND  =         0.0000  RESTRAINT  =        96.3062
 EAMBER (non-restraint)  =    -43368.2585
 ------------------------------------------------------------------------------

wrapping first mol.:       20.26984       28.66588       49.65075
wrapping first mol.:       20.26984       28.66588       49.65075

 NSTEP =    10500   TIME(PS) =     961.000  TEMP(K) =   295.45  PRESS =     0.0
 Etot   =    -34446.9009  EKtot   =      8964.7168  EPtot      =    -43411.6177
 BOND   =       336.3269  ANGLE   =      1066.6916  DIHED      =      1334.4091
 1-4 NB =       427.4016  1-4 EEL =      6245.7411  VDWAALS    =      4716.1468
 EELEC  =    -57643.7737  EHBOND  =         0.0000  RESTRAINT  =       105.4389
 EAMBER (non-restraint)  =    -43517.0566
 ------------------------------------------------------------------------------

wrapping first mol.:       20.26984       28.66588       49.65075
wrapping first mol.:       20.26984       28.66588       49.65075

 NSTEP =    11000   TIME(PS) =     962.000  TEMP(K) =   300.07  PRESS =     0.0
 Etot   =    -34284.6273  EKtot   =      9104.8877  EPtot      =    -43389.5150
 BOND   =       329.7004  ANGLE   =      1103.0549  DIHED      =      1318.1043
 1-4 NB =       448.5428  1-4 EEL =      6292.6942  VDWAALS    =      4774.6534
 EELEC  =    -57764.9490  EHBOND  =         0.0000  RESTRAINT  =       108.6839
 EAMBER (non-restraint)  =    -43498.1989
 ------------------------------------------------------------------------------

wrapping first mol.:       20.26984       28.66588       49.65075
wrapping first mol.:       20.26984       28.66588       49.65075

 NSTEP =    11500   TIME(PS) =     963.000  TEMP(K) =   295.31  PRESS =     0.0
 Etot   =    -34387.2172  EKtot   =      8960.5176  EPtot      =    -43347.7348
 BOND   =       344.5036  ANGLE   =      1037.0560  DIHED      =      1326.3941
 1-4 NB =       438.1169  1-4 EEL =      6258.7774  VDWAALS    =      4776.9104
 EELEC  =    -57629.6040  EHBOND  =         0.0000  RESTRAINT  =       100.1108
 EAMBER (non-restraint)  =    -43447.8456
 ------------------------------------------------------------------------------

wrapping first mol.:       20.26984       28.66588       49.65075
wrapping first mol.:       20.26984       28.66588       49.65075

 NSTEP =    12000   TIME(PS) =     964.000  TEMP(K) =   300.48  PRESS =     0.0
 Etot   =    -34092.5420  EKtot   =      9117.4062  EPtot      =    -43209.9483
 BOND   =       339.2548  ANGLE   =      1017.0284  DIHED      =      1368.4110
 1-4 NB =       450.4664  1-4 EEL =      6303.9703  VDWAALS    =      4719.7766
 EELEC  =    -57508.9727  EHBOND  =         0.0000  RESTRAINT  =       100.1169
 EAMBER (non-restraint)  =    -43310.0652
 ------------------------------------------------------------------------------

wrapping first mol.:       20.26984       28.66588       49.65075
wrapping first mol.:       20.26984       28.66588       49.65075

 NSTEP =    12500   TIME(PS) =     965.000  TEMP(K) =   300.83  PRESS =     0.0
 Etot   =    -34039.6457  EKtot   =      9127.8447  EPtot      =    -43167.4905
 BOND   =       336.2633  ANGLE   =      1077.2807  DIHED      =      1350.7675
 1-4 NB =       451.8225  1-4 EEL =      6277.6076  VDWAALS    =      4518.9630
 EELEC  =    -57295.5055  EHBOND  =         0.0000  RESTRAINT  =       115.3105
 EAMBER (non-restraint)  =    -43282.8009
 ------------------------------------------------------------------------------

wrapping first mol.:       20.26984       28.66588       49.65075
wrapping first mol.:       20.26984       28.66588       49.65075

 NSTEP =    13000   TIME(PS) =     966.000  TEMP(K) =   303.43  PRESS =     0.0
 Etot   =    -33848.0001  EKtot   =      9206.9512  EPtot      =    -43054.9513
 BOND   =       368.0879  ANGLE   =      1049.2578  DIHED      =      1345.4783
 1-4 NB =       441.3509  1-4 EEL =      6265.8439  VDWAALS    =      4604.4557
 EELEC  =    -57222.2125  EHBOND  =         0.0000  RESTRAINT  =        92.7867
 EAMBER (non-restraint)  =    -43147.7380
 ------------------------------------------------------------------------------

wrapping first mol.:       20.26984       28.66588       49.65075
wrapping first mol.:       20.26984       28.66588       49.65075

 NSTEP =    13500   TIME(PS) =     967.000  TEMP(K) =   297.26  PRESS =     0.0
 Etot   =    -34357.2628  EKtot   =      9019.5928  EPtot      =    -43376.8555
 BOND   =       343.2193  ANGLE   =      1036.1456  DIHED      =      1312.9231
 1-4 NB =       460.4114  1-4 EEL =      6287.8657  VDWAALS    =      4557.8591
 EELEC  =    -57483.6385  EHBOND  =         0.0000  RESTRAINT  =       108.3587
 EAMBER (non-restraint)  =    -43485.2142
 ------------------------------------------------------------------------------

wrapping first mol.:       20.26984       28.66588       49.65075
wrapping first mol.:       20.26984       28.66588       49.65075

 NSTEP =    14000   TIME(PS) =     968.000  TEMP(K) =   300.71  PRESS =     0.0
 Etot   =    -34190.4635  EKtot   =      9124.2344  EPtot      =    -43314.6978
 BOND   =       358.2082  ANGLE   =      1059.0119  DIHED      =      1349.1998
 1-4 NB =       455.3424  1-4 EEL =      6274.4118  VDWAALS    =      4879.5131
 EELEC  =    -57778.3724  EHBOND  =         0.0000  RESTRAINT  =        87.9874
 EAMBER (non-restraint)  =    -43402.6852
 ------------------------------------------------------------------------------

wrapping first mol.:       20.26984       28.66588       49.65075
wrapping first mol.:       20.26984       28.66588       49.65075

 NSTEP =    14500   TIME(PS) =     969.000  TEMP(K) =   295.23  PRESS =     0.0
 Etot   =    -34141.3753  EKtot   =      8957.9053  EPtot      =    -43099.2806
 BOND   =       325.1522  ANGLE   =      1068.8673  DIHED      =      1352.6117
 1-4 NB =       455.2482  1-4 EEL =      6291.9915  VDWAALS    =      4719.4104
 EELEC  =    -57420.6456  EHBOND  =         0.0000  RESTRAINT  =       108.0836
 EAMBER (non-restraint)  =    -43207.3642
 ------------------------------------------------------------------------------

wrapping first mol.:       20.26984       28.66588       49.65075
wrapping first mol.:       20.26984       28.66588       49.65075

 NSTEP =    15000   TIME(PS) =     970.000  TEMP(K) =   298.73  PRESS =     0.0
 Etot   =    -34151.0273  EKtot   =      9064.2158  EPtot      =    -43215.2431
 BOND   =       344.2197  ANGLE   =      1009.8990  DIHED      =      1327.3151
 1-4 NB =       442.7469  1-4 EEL =      6265.6694  VDWAALS    =      4814.6974
 EELEC  =    -57527.8702  EHBOND  =         0.0000  RESTRAINT  =       108.0796
 EAMBER (non-restraint)  =    -43323.3227
 ------------------------------------------------------------------------------

wrapping first mol.:       20.26984       28.66588       49.65075
wrapping first mol.:       20.26984       28.66588       49.65075

 NSTEP =    15500   TIME(PS) =     971.000  TEMP(K) =   299.65  PRESS =     0.0
 Etot   =    -34307.9522  EKtot   =      9092.0576  EPtot      =    -43400.0098
 BOND   =       342.4504  ANGLE   =      1033.4466  DIHED      =      1340.1817
 1-4 NB =       435.0344  1-4 EEL =      6250.1175  VDWAALS    =      4750.3260
 EELEC  =    -57652.1142  EHBOND  =         0.0000  RESTRAINT  =       100.5479
 EAMBER (non-restraint)  =    -43500.5577
 ------------------------------------------------------------------------------

wrapping first mol.:       20.26984       28.66588       49.65075
wrapping first mol.:       20.26984       28.66588       49.65075

 NSTEP =    16000   TIME(PS) =     972.000  TEMP(K) =   296.77  PRESS =     0.0
 Etot   =    -34186.5177  EKtot   =      9004.6006  EPtot      =    -43191.1183
 BOND   =       349.7395  ANGLE   =      1039.3304  DIHED      =      1358.1250
 1-4 NB =       437.1341  1-4 EEL =      6285.4875  VDWAALS    =      4688.5954
 EELEC  =    -57459.7547  EHBOND  =         0.0000  RESTRAINT  =       110.2245
 EAMBER (non-restraint)  =    -43301.3428
 ------------------------------------------------------------------------------

wrapping first mol.:       20.26984       28.66588       49.65075
wrapping first mol.:       20.26984       28.66588       49.65075

 NSTEP =    16500   TIME(PS) =     973.000  TEMP(K) =   300.65  PRESS =     0.0
 Etot   =    -34298.5197  EKtot   =      9122.5703  EPtot      =    -43421.0900
 BOND   =       338.6637  ANGLE   =      1025.8151  DIHED      =      1336.1752
 1-4 NB =       458.6047  1-4 EEL =      6262.3932  VDWAALS    =      4767.6883
 EELEC  =    -57729.0156  EHBOND  =         0.0000  RESTRAINT  =       118.5853
 EAMBER (non-restraint)  =    -43539.6753
 ------------------------------------------------------------------------------

wrapping first mol.:       20.26984       28.66588       49.65075
wrapping first mol.:       20.26984       28.66588       49.65075

 NSTEP =    17000   TIME(PS) =     974.000  TEMP(K) =   304.46  PRESS =     0.0
 Etot   =    -34020.4784  EKtot   =      9238.1260  EPtot      =    -43258.6043
 BOND   =       371.8744  ANGLE   =      1010.9485  DIHED      =      1347.8501
 1-4 NB =       448.7416  1-4 EEL =      6277.8621  VDWAALS    =      4676.9443
 EELEC  =    -57493.0610  EHBOND  =         0.0000  RESTRAINT  =       100.2356
 EAMBER (non-restraint)  =    -43358.8400
 ------------------------------------------------------------------------------

wrapping first mol.:       20.26984       28.66588       49.65075
wrapping first mol.:       20.26984       28.66588       49.65075

 NSTEP =    17500   TIME(PS) =     975.000  TEMP(K) =   296.95  PRESS =     0.0
 Etot   =    -34187.7930  EKtot   =      9010.3184  EPtot      =    -43198.1114
 BOND   =       361.4533  ANGLE   =      1042.9172  DIHED      =      1353.7918
 1-4 NB =       442.5507  1-4 EEL =      6250.7353  VDWAALS    =      4672.6953
 EELEC  =    -57421.5058  EHBOND  =         0.0000  RESTRAINT  =        99.2508
 EAMBER (non-restraint)  =    -43297.3622
 ------------------------------------------------------------------------------

wrapping first mol.:       20.26984       28.66588       49.65075
wrapping first mol.:       20.26984       28.66588       49.65075

 NSTEP =    18000   TIME(PS) =     976.000  TEMP(K) =   300.97  PRESS =     0.0
 Etot   =    -33973.5334  EKtot   =      9132.2588  EPtot      =    -43105.7922
 BOND   =       345.7808  ANGLE   =      1074.5799  DIHED      =      1342.1312
 1-4 NB =       435.1262  1-4 EEL =      6251.4727  VDWAALS    =      4708.0684
 EELEC  =    -57369.7342  EHBOND  =         0.0000  RESTRAINT  =       106.7827
 EAMBER (non-restraint)  =    -43212.5748
 ------------------------------------------------------------------------------

wrapping first mol.:       20.26984       28.66588       49.65075
wrapping first mol.:       20.26984       28.66588       49.65075

 NSTEP =    18500   TIME(PS) =     977.000  TEMP(K) =   304.66  PRESS =     0.0
 Etot   =    -34084.6263  EKtot   =      9244.0918  EPtot      =    -43328.7181
 BOND   =       341.8339  ANGLE   =      1067.5352  DIHED      =      1346.4060
 1-4 NB =       435.0440  1-4 EEL =      6273.9505  VDWAALS    =      4666.2815
 EELEC  =    -57576.4222  EHBOND  =         0.0000  RESTRAINT  =       116.6529
 EAMBER (non-restraint)  =    -43445.3710
 ------------------------------------------------------------------------------

wrapping first mol.:       20.26984       28.66588       49.65075
wrapping first mol.:       20.26984       28.66588       49.65075

 NSTEP =    19000   TIME(PS) =     978.000  TEMP(K) =   299.88  PRESS =     0.0
 Etot   =    -34183.0085  EKtot   =      9099.0381  EPtot      =    -43282.0466
 BOND   =       358.1649  ANGLE   =      1070.4696  DIHED      =      1354.6340
 1-4 NB =       454.5541  1-4 EEL =      6243.1671  VDWAALS    =      4596.2994
 EELEC  =    -57458.5823  EHBOND  =         0.0000  RESTRAINT  =        99.2467
 EAMBER (non-restraint)  =    -43381.2933
 ------------------------------------------------------------------------------

wrapping first mol.:       20.26984       28.66588       49.65075
wrapping first mol.:       20.26984       28.66588       49.65075

 NSTEP =    19500   TIME(PS) =     979.000  TEMP(K) =   296.78  PRESS =     0.0
 Etot   =    -34307.9876  EKtot   =      9005.0439  EPtot      =    -43313.0315
 BOND   =       337.4020  ANGLE   =      1028.6058  DIHED      =      1348.4500
 1-4 NB =       445.8173  1-4 EEL =      6288.0608  VDWAALS    =      4744.1318
 EELEC  =    -57618.6905  EHBOND  =         0.0000  RESTRAINT  =       113.1912
 EAMBER (non-restraint)  =    -43426.2228
 ------------------------------------------------------------------------------

wrapping first mol.:       20.26984       28.66588       49.65075
wrapping first mol.:       20.26984       28.66588       49.65075

 NSTEP =    20000   TIME(PS) =     980.000  TEMP(K) =   302.51  PRESS =     0.0
 Etot   =    -34199.4521  EKtot   =      9178.7744  EPtot      =    -43378.2265
 BOND   =       343.5826  ANGLE   =      1045.2276  DIHED      =      1329.4270
 1-4 NB =       437.3914  1-4 EEL =      6270.2043  VDWAALS    =      4741.9344
 EELEC  =    -57650.2537  EHBOND  =         0.0000  RESTRAINT  =       104.2599
 EAMBER (non-restraint)  =    -43482.4864
 ------------------------------------------------------------------------------

wrapping first mol.:       20.26984       28.66588       49.65075
wrapping first mol.:       20.26984       28.66588       49.65075

 NSTEP =    20500   TIME(PS) =     981.000  TEMP(K) =   298.10  PRESS =     0.0
 Etot   =    -34305.7138  EKtot   =      9045.0449  EPtot      =    -43350.7588
 BOND   =       342.4027  ANGLE   =      1038.4255  DIHED      =      1322.1152
 1-4 NB =       466.2734  1-4 EEL =      6291.8772  VDWAALS    =      4928.5555
 EELEC  =    -57851.3775  EHBOND  =         0.0000  RESTRAINT  =       110.9692
 EAMBER (non-restraint)  =    -43461.7280
 ------------------------------------------------------------------------------

wrapping first mol.:       20.26984       28.66588       49.65075
wrapping first mol.:       20.26984       28.66588       49.65075

 NSTEP =    21000   TIME(PS) =     982.000  TEMP(K) =   297.58  PRESS =     0.0
 Etot   =    -34329.7766  EKtot   =      9029.3125  EPtot      =    -43359.0891
 BOND   =       354.4633  ANGLE   =      1052.8719  DIHED      =      1327.7316
 1-4 NB =       446.3574  1-4 EEL =      6270.7315  VDWAALS    =      4723.8504
 EELEC  =    -57634.6164  EHBOND  =         0.0000  RESTRAINT  =        99.5212
 EAMBER (non-restraint)  =    -43458.6103
 ------------------------------------------------------------------------------

wrapping first mol.:       20.26984       28.66588       49.65075
wrapping first mol.:       20.26984       28.66588       49.65075

 NSTEP =    21500   TIME(PS) =     983.000  TEMP(K) =   296.92  PRESS =     0.0
 Etot   =    -34285.8918  EKtot   =      9009.1729  EPtot      =    -43295.0647
 BOND   =       339.1615  ANGLE   =      1034.3753  DIHED      =      1343.9354
 1-4 NB =       453.9033  1-4 EEL =      6284.0074  VDWAALS    =      4924.5087
 EELEC  =    -57773.6018  EHBOND  =         0.0000  RESTRAINT  =        98.6455
 EAMBER (non-restraint)  =    -43393.7102
 ------------------------------------------------------------------------------

wrapping first mol.:       20.26984       28.66588       49.65075
wrapping first mol.:       20.26984       28.66588       49.65075

 NSTEP =    22000   TIME(PS) =     984.000  TEMP(K) =   297.36  PRESS =     0.0
 Etot   =    -34132.4987  EKtot   =      9022.7217  EPtot      =    -43155.2204
 BOND   =       354.3590  ANGLE   =      1049.6861  DIHED      =      1348.2416
 1-4 NB =       444.4693  1-4 EEL =      6252.2271  VDWAALS    =      4771.0889
 EELEC  =    -57486.6130  EHBOND  =         0.0000  RESTRAINT  =       111.3206
 EAMBER (non-restraint)  =    -43266.5410
 ------------------------------------------------------------------------------

wrapping first mol.:       20.26984       28.66588       49.65075
wrapping first mol.:       20.26984       28.66588       49.65075

 NSTEP =    22500   TIME(PS) =     985.000  TEMP(K) =   297.84  PRESS =     0.0
 Etot   =    -34146.8520  EKtot   =      9037.2754  EPtot      =    -43184.1274
 BOND   =       368.6665  ANGLE   =      1035.0022  DIHED      =      1333.3591
 1-4 NB =       443.8900  1-4 EEL =      6287.1909  VDWAALS    =      4643.3813
 EELEC  =    -57399.0994  EHBOND  =         0.0000  RESTRAINT  =       103.4820
 EAMBER (non-restraint)  =    -43287.6093
 ------------------------------------------------------------------------------

wrapping first mol.:       20.26984       28.66588       49.65075
wrapping first mol.:       20.26984       28.66588       49.65075

 NSTEP =    23000   TIME(PS) =     986.000  TEMP(K) =   296.67  PRESS =     0.0
 Etot   =    -34173.8809  EKtot   =      9001.7783  EPtot      =    -43175.6592
 BOND   =       344.1065  ANGLE   =      1077.7456  DIHED      =      1334.9114
 1-4 NB =       452.2242  1-4 EEL =      6282.3990  VDWAALS    =      4736.7305
 EELEC  =    -57497.2183  EHBOND  =         0.0000  RESTRAINT  =        93.4419
 EAMBER (non-restraint)  =    -43269.1011
 ------------------------------------------------------------------------------

wrapping first mol.:       20.26984       28.66588       49.65075
wrapping first mol.:       20.26984       28.66588       49.65075

 NSTEP =    23500   TIME(PS) =     987.000  TEMP(K) =   302.01  PRESS =     0.0
 Etot   =    -34092.6174  EKtot   =      9163.5713  EPtot      =    -43256.1887
 BOND   =       341.8439  ANGLE   =      1033.5897  DIHED      =      1354.2394
 1-4 NB =       466.2129  1-4 EEL =      6248.9716  VDWAALS    =      4799.2595
 EELEC  =    -57613.7158  EHBOND  =         0.0000  RESTRAINT  =       113.4102
 EAMBER (non-restraint)  =    -43369.5988
 ------------------------------------------------------------------------------

wrapping first mol.:       20.26984       28.66588       49.65075
wrapping first mol.:       20.26984       28.66588       49.65075

 NSTEP =    24000   TIME(PS) =     988.000  TEMP(K) =   301.24  PRESS =     0.0
 Etot   =    -34180.7632  EKtot   =      9140.3135  EPtot      =    -43321.0767
 BOND   =       346.2087  ANGLE   =      1056.2861  DIHED      =      1349.4344
 1-4 NB =       439.9841  1-4 EEL =      6271.9866  VDWAALS    =      4596.5075
 EELEC  =    -57480.6219  EHBOND  =         0.0000  RESTRAINT  =        99.1379
 EAMBER (non-restraint)  =    -43420.2146
 ------------------------------------------------------------------------------

wrapping first mol.:       20.26984       28.66588       49.65075
wrapping first mol.:       20.26984       28.66588       49.65075

 NSTEP =    24500   TIME(PS) =     989.000  TEMP(K) =   299.38  PRESS =     0.0
 Etot   =    -34267.7449  EKtot   =      9083.9355  EPtot      =    -43351.6805
 BOND   =       342.4984  ANGLE   =      1045.4787  DIHED      =      1344.3384
 1-4 NB =       427.3527  1-4 EEL =      6265.4217  VDWAALS    =      4815.0379
 EELEC  =    -57702.9527  EHBOND  =         0.0000  RESTRAINT  =       111.1444
 EAMBER (non-restraint)  =    -43462.8249
 ------------------------------------------------------------------------------

wrapping first mol.:       20.26984       28.66588       49.65075
wrapping first mol.:       20.26984       28.66588       49.65075

 NSTEP =    25000   TIME(PS) =     990.000  TEMP(K) =   300.32  PRESS =     0.0
 Etot   =    -34136.2791  EKtot   =      9112.4746  EPtot      =    -43248.7537
 BOND   =       356.9846  ANGLE   =      1049.9753  DIHED      =      1340.8762
 1-4 NB =       433.4123  1-4 EEL =      6269.3265  VDWAALS    =      4870.3195
 EELEC  =    -57681.4077  EHBOND  =         0.0000  RESTRAINT  =       111.7596
 EAMBER (non-restraint)  =    -43360.5133
 ------------------------------------------------------------------------------

wrapping first mol.:       20.26984       28.66588       49.65075
wrapping first mol.:       20.26984       28.66588       49.65075

 NSTEP =    25500   TIME(PS) =     991.000  TEMP(K) =   297.09  PRESS =     0.0
 Etot   =    -34289.7829  EKtot   =      9014.5449  EPtot      =    -43304.3278
 BOND   =       318.1334  ANGLE   =      1036.5270  DIHED      =      1326.9008
 1-4 NB =       453.1246  1-4 EEL =      6259.0016  VDWAALS    =      4806.5692
 EELEC  =    -57605.1276  EHBOND  =         0.0000  RESTRAINT  =       100.5432
 EAMBER (non-restraint)  =    -43404.8710
 ------------------------------------------------------------------------------

wrapping first mol.:       20.26984       28.66588       49.65075
wrapping first mol.:       20.26984       28.66588       49.65075

 NSTEP =    26000   TIME(PS) =     992.000  TEMP(K) =   300.89  PRESS =     0.0
 Etot   =    -34157.9590  EKtot   =      9129.8818  EPtot      =    -43287.8408
 BOND   =       336.4771  ANGLE   =      1051.0943  DIHED      =      1333.8430
 1-4 NB =       438.1439  1-4 EEL =      6241.5592  VDWAALS    =      4766.1664
 EELEC  =    -57558.3146  EHBOND  =         0.0000  RESTRAINT  =       103.1899
 EAMBER (non-restraint)  =    -43391.0307
 ------------------------------------------------------------------------------

wrapping first mol.:       20.26984       28.66588       49.65075
wrapping first mol.:       20.26984       28.66588       49.65075

 NSTEP =    26500   TIME(PS) =     993.000  TEMP(K) =   294.52  PRESS =     0.0
 Etot   =    -34221.3230  EKtot   =      8936.5479  EPtot      =    -43157.8709
 BOND   =       337.1655  ANGLE   =      1010.5690  DIHED      =      1333.1637
 1-4 NB =       446.9994  1-4 EEL =      6275.8935  VDWAALS    =      4756.4245
 EELEC  =    -57424.1884  EHBOND  =         0.0000  RESTRAINT  =       106.1019
 EAMBER (non-restraint)  =    -43263.9728
 ------------------------------------------------------------------------------

wrapping first mol.:       20.26984       28.66588       49.65075
wrapping first mol.:       20.26984       28.66588       49.65075

 NSTEP =    27000   TIME(PS) =     994.000  TEMP(K) =   296.02  PRESS =     0.0
 Etot   =    -34160.3142  EKtot   =      8982.0225  EPtot      =    -43142.3366
 BOND   =       345.6632  ANGLE   =      1083.2684  DIHED      =      1346.1934
 1-4 NB =       444.2353  1-4 EEL =      6275.4143  VDWAALS    =      4466.1163
 EELEC  =    -57225.1616  EHBOND  =         0.0000  RESTRAINT  =       121.9340
 EAMBER (non-restraint)  =    -43264.2706
 ------------------------------------------------------------------------------

wrapping first mol.:       20.26984       28.66588       49.65075
wrapping first mol.:       20.26984       28.66588       49.65075

 NSTEP =    27500   TIME(PS) =     995.000  TEMP(K) =   297.93  PRESS =     0.0
 Etot   =    -34314.8600  EKtot   =      9039.8994  EPtot      =    -43354.7594
 BOND   =       342.3736  ANGLE   =      1003.9498  DIHED      =      1342.8467
 1-4 NB =       453.2064  1-4 EEL =      6253.3655  VDWAALS    =      4784.4393
 EELEC  =    -57629.8316  EHBOND  =         0.0000  RESTRAINT  =        94.8910
 EAMBER (non-restraint)  =    -43449.6504
 ------------------------------------------------------------------------------

wrapping first mol.:       20.26984       28.66588       49.65075
wrapping first mol.:       20.26984       28.66588       49.65075

 NSTEP =    28000   TIME(PS) =     996.000  TEMP(K) =   302.89  PRESS =     0.0
 Etot   =    -34008.4971  EKtot   =      9190.4072  EPtot      =    -43198.9044
 BOND   =       350.9347  ANGLE   =      1039.6453  DIHED      =      1322.8162
 1-4 NB =       441.4427  1-4 EEL =      6277.3250  VDWAALS    =      4780.9251
 EELEC  =    -57515.4153  EHBOND  =         0.0000  RESTRAINT  =       103.4220
 EAMBER (non-restraint)  =    -43302.3264
 ------------------------------------------------------------------------------

wrapping first mol.:       20.26984       28.66588       49.65075
wrapping first mol.:       20.26984       28.66588       49.65075

 NSTEP =    28500   TIME(PS) =     997.000  TEMP(K) =   296.46  PRESS =     0.0
 Etot   =    -34132.6664  EKtot   =      8995.3711  EPtot      =    -43128.0375
 BOND   =       368.0312  ANGLE   =      1051.6236  DIHED      =      1349.4371
 1-4 NB =       450.1372  1-4 EEL =      6304.2253  VDWAALS    =      4655.8201
 EELEC  =    -57416.9646  EHBOND  =         0.0000  RESTRAINT  =       109.6526
 EAMBER (non-restraint)  =    -43237.6901
 ------------------------------------------------------------------------------

wrapping first mol.:       20.26984       28.66588       49.65075
wrapping first mol.:       20.26984       28.66588       49.65075

 NSTEP =    29000   TIME(PS) =     998.000  TEMP(K) =   299.92  PRESS =     0.0
 Etot   =    -34165.6222  EKtot   =      9100.4346  EPtot      =    -43266.0567
 BOND   =       340.4427  ANGLE   =      1130.6123  DIHED      =      1358.7849
 1-4 NB =       433.8541  1-4 EEL =      6277.9453  VDWAALS    =      4754.6108
 EELEC  =    -57666.0445  EHBOND  =         0.0000  RESTRAINT  =       103.7376
 EAMBER (non-restraint)  =    -43369.7943
 ------------------------------------------------------------------------------

wrapping first mol.:       20.26984       28.66588       49.65075
wrapping first mol.:       20.26984       28.66588       49.65075

 NSTEP =    29500   TIME(PS) =     999.000  TEMP(K) =   302.24  PRESS =     0.0
 Etot   =    -34130.8445  EKtot   =      9170.7148  EPtot      =    -43301.5594
 BOND   =       333.9475  ANGLE   =      1051.7380  DIHED      =      1343.4344
 1-4 NB =       455.0095  1-4 EEL =      6281.6021  VDWAALS    =      4774.2342
 EELEC  =    -57638.7813  EHBOND  =         0.0000  RESTRAINT  =        97.2561
 EAMBER (non-restraint)  =    -43398.8155
 ------------------------------------------------------------------------------

wrapping first mol.:       20.26984       28.66588       49.65075
wrapping first mol.:       20.26984       28.66588       49.65075

 NSTEP =    30000   TIME(PS) =    1000.000  TEMP(K) =   301.79  PRESS =     0.0
 Etot   =    -33910.7472  EKtot   =      9157.0654  EPtot      =    -43067.8127
 BOND   =       342.0843  ANGLE   =      1024.5549  DIHED      =      1328.1619
 1-4 NB =       446.3529  1-4 EEL =      6302.5991  VDWAALS    =      4854.8551
 EELEC  =    -57461.5468  EHBOND  =         0.0000  RESTRAINT  =        95.1259
 EAMBER (non-restraint)  =    -43162.9386
 ------------------------------------------------------------------------------

wrapping first mol.:       20.26984       28.66588       49.65075
wrapping first mol.:       20.26984       28.66588       49.65075

 NSTEP =    30500   TIME(PS) =    1001.000  TEMP(K) =   304.01  PRESS =     0.0
 Etot   =    -33926.1429  EKtot   =      9224.3232  EPtot      =    -43150.4661
 BOND   =       348.3325  ANGLE   =      1066.2116  DIHED      =      1357.5041
 1-4 NB =       455.4740  1-4 EEL =      6258.9759  VDWAALS    =      4576.2814
 EELEC  =    -57322.7905  EHBOND  =         0.0000  RESTRAINT  =       109.5449
 EAMBER (non-restraint)  =    -43260.0111
 ------------------------------------------------------------------------------

wrapping first mol.:       20.26984       28.66588       49.65075
wrapping first mol.:       20.26984       28.66588       49.65075

 NSTEP =    31000   TIME(PS) =    1002.000  TEMP(K) =   300.05  PRESS =     0.0
 Etot   =    -33980.9382  EKtot   =      9104.3809  EPtot      =    -43085.3191
 BOND   =       360.7610  ANGLE   =      1029.7147  DIHED      =      1353.8647
 1-4 NB =       440.2629  1-4 EEL =      6286.5120  VDWAALS    =      4664.1515
 EELEC  =    -57322.2965  EHBOND  =         0.0000  RESTRAINT  =       101.7106
 EAMBER (non-restraint)  =    -43187.0297
 ------------------------------------------------------------------------------

wrapping first mol.:       20.26984       28.66588       49.65075
wrapping first mol.:       20.26984       28.66588       49.65075

 NSTEP =    31500   TIME(PS) =    1003.000  TEMP(K) =   296.96  PRESS =     0.0
 Etot   =    -34149.9243  EKtot   =      9010.5742  EPtot      =    -43160.4986
 BOND   =       330.7432  ANGLE   =      1068.6139  DIHED      =      1357.6116
 1-4 NB =       450.7344  1-4 EEL =      6287.0580  VDWAALS    =      4649.0754
 EELEC  =    -57397.7251  EHBOND  =         0.0000  RESTRAINT  =        93.3900
 EAMBER (non-restraint)  =    -43253.8885
 ------------------------------------------------------------------------------

wrapping first mol.:       20.26984       28.66588       49.65075
wrapping first mol.:       20.26984       28.66588       49.65075

 NSTEP =    32000   TIME(PS) =    1004.000  TEMP(K) =   303.20  PRESS =     0.0
 Etot   =    -34263.5853  EKtot   =      9199.7598  EPtot      =    -43463.3451
 BOND   =       337.3422  ANGLE   =      1081.4783  DIHED      =      1348.3637
 1-4 NB =       445.0239  1-4 EEL =      6294.2859  VDWAALS    =      4889.7775
 EELEC  =    -57973.6937  EHBOND  =         0.0000  RESTRAINT  =       114.0771
 EAMBER (non-restraint)  =    -43577.4222
 ------------------------------------------------------------------------------

wrapping first mol.:       20.26984       28.66588       49.65075
wrapping first mol.:       20.26984       28.66588       49.65075

 NSTEP =    32500   TIME(PS) =    1005.000  TEMP(K) =   299.37  PRESS =     0.0
 Etot   =    -34189.7035  EKtot   =      9083.5283  EPtot      =    -43273.2318
 BOND   =       337.8004  ANGLE   =      1038.7106  DIHED      =      1347.3210
 1-4 NB =       450.3194  1-4 EEL =      6298.1095  VDWAALS    =      4710.5622
 EELEC  =    -57561.9854  EHBOND  =         0.0000  RESTRAINT  =       105.9306
 EAMBER (non-restraint)  =    -43379.1624
 ------------------------------------------------------------------------------

wrapping first mol.:       20.26984       28.66588       49.65075
wrapping first mol.:       20.26984       28.66588       49.65075

 NSTEP =    33000   TIME(PS) =    1006.000  TEMP(K) =   303.14  PRESS =     0.0
 Etot   =    -34206.6439  EKtot   =      9197.8535  EPtot      =    -43404.4974
 BOND   =       348.2728  ANGLE   =      1001.0200  DIHED      =      1344.2195
 1-4 NB =       456.7564  1-4 EEL =      6347.6449  VDWAALS    =      4771.6307
 EELEC  =    -57783.1815  EHBOND  =         0.0000  RESTRAINT  =       109.1399
 EAMBER (non-restraint)  =    -43513.6373
 ------------------------------------------------------------------------------

wrapping first mol.:       20.26984       28.66588       49.65075
wrapping first mol.:       20.26984       28.66588       49.65075

 NSTEP =    33500   TIME(PS) =    1007.000  TEMP(K) =   299.57  PRESS =     0.0
 Etot   =    -34285.0785  EKtot   =      9089.6270  EPtot      =    -43374.7055
 BOND   =       370.2798  ANGLE   =      1043.9223  DIHED      =      1342.8374
 1-4 NB =       442.9264  1-4 EEL =      6270.7189  VDWAALS    =      4768.0109
 EELEC  =    -57715.4784  EHBOND  =         0.0000  RESTRAINT  =       102.0772
 EAMBER (non-restraint)  =    -43476.7827
 ------------------------------------------------------------------------------

wrapping first mol.:       20.26984       28.66588       49.65075
wrapping first mol.:       20.26984       28.66588       49.65075

 NSTEP =    34000   TIME(PS) =    1008.000  TEMP(K) =   304.78  PRESS =     0.0
 Etot   =    -33980.4571  EKtot   =      9247.7441  EPtot      =    -43228.2013
 BOND   =       338.5349  ANGLE   =      1078.6157  DIHED      =      1332.5669
 1-4 NB =       457.1460  1-4 EEL =      6300.3672  VDWAALS    =      4643.1343
 EELEC  =    -57482.7303  EHBOND  =         0.0000  RESTRAINT  =       104.1640
 EAMBER (non-restraint)  =    -43332.3653
 ------------------------------------------------------------------------------

wrapping first mol.:       20.26984       28.66588       49.65075
wrapping first mol.:       20.26984       28.66588       49.65075

 NSTEP =    34500   TIME(PS) =    1009.000  TEMP(K) =   299.34  PRESS =     0.0
 Etot   =    -34252.4646  EKtot   =      9082.8018  EPtot      =    -43335.2664
 BOND   =       336.1688  ANGLE   =      1046.8743  DIHED      =      1314.1641
 1-4 NB =       449.5307  1-4 EEL =      6278.7177  VDWAALS    =      4687.9057
 EELEC  =    -57561.5750  EHBOND  =         0.0000  RESTRAINT  =       112.9473
 EAMBER (non-restraint)  =    -43448.2137
 ------------------------------------------------------------------------------

wrapping first mol.:       20.26984       28.66588       49.65075
wrapping first mol.:       20.26984       28.66588       49.65075

 NSTEP =    35000   TIME(PS) =    1010.000  TEMP(K) =   303.80  PRESS =     0.0
 Etot   =    -34224.1464  EKtot   =      9218.0410  EPtot      =    -43442.1875
 BOND   =       379.0499  ANGLE   =      1052.9252  DIHED      =      1336.1499
 1-4 NB =       444.0902  1-4 EEL =      6267.6681  VDWAALS    =      4745.9484
 EELEC  =    -57769.3059  EHBOND  =         0.0000  RESTRAINT  =       101.2867
 EAMBER (non-restraint)  =    -43543.4742
 ------------------------------------------------------------------------------

wrapping first mol.:       20.26984       28.66588       49.65075
wrapping first mol.:       20.26984       28.66588       49.65075

 NSTEP =    35500   TIME(PS) =    1011.000  TEMP(K) =   300.48  PRESS =     0.0
 Etot   =    -34157.0974  EKtot   =      9117.3027  EPtot      =    -43274.4002
 BOND   =       366.9405  ANGLE   =      1046.3855  DIHED      =      1335.0941
 1-4 NB =       454.7599  1-4 EEL =      6291.8974  VDWAALS    =      4710.3426
 EELEC  =    -57585.6744  EHBOND  =         0.0000  RESTRAINT  =       105.8542
 EAMBER (non-restraint)  =    -43380.2544
 ------------------------------------------------------------------------------

wrapping first mol.:       20.26984       28.66588       49.65075
wrapping first mol.:       20.26984       28.66588       49.65075

 NSTEP =    36000   TIME(PS) =    1012.000  TEMP(K) =   297.24  PRESS =     0.0
 Etot   =    -34180.8494  EKtot   =      9019.0586  EPtot      =    -43199.9080
 BOND   =       354.7518  ANGLE   =      1030.8389  DIHED      =      1341.2374
 1-4 NB =       452.8063  1-4 EEL =      6292.9845  VDWAALS    =      4724.9986
 EELEC  =    -57507.5950  EHBOND  =         0.0000  RESTRAINT  =       110.0695
 EAMBER (non-restraint)  =    -43309.9774
 ------------------------------------------------------------------------------

wrapping first mol.:       20.26984       28.66588       49.65075
wrapping first mol.:       20.26984       28.66588       49.65075

 NSTEP =    36500   TIME(PS) =    1013.000  TEMP(K) =   301.50  PRESS =     0.0
 Etot   =    -34162.4155  EKtot   =      9148.1797  EPtot      =    -43310.5952
 BOND   =       344.6843  ANGLE   =      1093.9955  DIHED      =      1343.2954
 1-4 NB =       452.3291  1-4 EEL =      6264.7008  VDWAALS    =      4833.4868
 EELEC  =    -57756.9823  EHBOND  =         0.0000  RESTRAINT  =       113.8950
 EAMBER (non-restraint)  =    -43424.4902
 ------------------------------------------------------------------------------

wrapping first mol.:       20.26984       28.66588       49.65075
wrapping first mol.:       20.26984       28.66588       49.65075

 NSTEP =    37000   TIME(PS) =    1014.000  TEMP(K) =   301.43  PRESS =     0.0
 Etot   =    -34060.9344  EKtot   =      9146.2051  EPtot      =    -43207.1395
 BOND   =       355.8157  ANGLE   =      1098.1175  DIHED      =      1350.2955
 1-4 NB =       441.9217  1-4 EEL =      6274.8383  VDWAALS    =      4739.9916
 EELEC  =    -57571.6249  EHBOND  =         0.0000  RESTRAINT  =       103.5052
 EAMBER (non-restraint)  =    -43310.6446
 ------------------------------------------------------------------------------

wrapping first mol.:       20.26984       28.66588       49.65075
wrapping first mol.:       20.26984       28.66588       49.65075

 NSTEP =    37500   TIME(PS) =    1015.000  TEMP(K) =   303.43  PRESS =     0.0
 Etot   =    -33891.5318  EKtot   =      9206.6807  EPtot      =    -43098.2125
 BOND   =       338.6354  ANGLE   =      1058.3424  DIHED      =      1365.0217
 1-4 NB =       460.5696  1-4 EEL =      6308.5812  VDWAALS    =      4682.6995
 EELEC  =    -57422.9020  EHBOND  =         0.0000  RESTRAINT  =       110.8397
 EAMBER (non-restraint)  =    -43209.0522
 ------------------------------------------------------------------------------

wrapping first mol.:       20.26984       28.66588       49.65075
wrapping first mol.:       20.26984       28.66588       49.65075

 NSTEP =    38000   TIME(PS) =    1016.000  TEMP(K) =   300.41  PRESS =     0.0
 Etot   =    -34294.0292  EKtot   =      9115.1641  EPtot      =    -43409.1933
 BOND   =       353.0574  ANGLE   =      1034.2910  DIHED      =      1339.7970
 1-4 NB =       448.3508  1-4 EEL =      6284.6654  VDWAALS    =      4765.7557
 EELEC  =    -57744.3370  EHBOND  =         0.0000  RESTRAINT  =       109.2264
 EAMBER (non-restraint)  =    -43518.4197
 ------------------------------------------------------------------------------

wrapping first mol.:       20.26984       28.66588       49.65075
wrapping first mol.:       20.26984       28.66588       49.65075

 NSTEP =    38500   TIME(PS) =    1017.000  TEMP(K) =   302.82  PRESS =     0.0
 Etot   =    -34158.6058  EKtot   =      9188.2578  EPtot      =    -43346.8636
 BOND   =       335.0837  ANGLE   =      1026.0077  DIHED      =      1353.1506
 1-4 NB =       448.7604  1-4 EEL =      6251.8864  VDWAALS    =      4795.5466
 EELEC  =    -57670.0024  EHBOND  =         0.0000  RESTRAINT  =       112.7033
 EAMBER (non-restraint)  =    -43459.5669
 ------------------------------------------------------------------------------

wrapping first mol.:       20.26984       28.66588       49.65075
wrapping first mol.:       20.26984       28.66588       49.65075

 NSTEP =    39000   TIME(PS) =    1018.000  TEMP(K) =   298.98  PRESS =     0.0
 Etot   =    -34440.5681  EKtot   =      9071.8096  EPtot      =    -43512.3777
 BOND   =       317.5491  ANGLE   =      1026.1905  DIHED      =      1318.5432
 1-4 NB =       435.1801  1-4 EEL =      6254.2178  VDWAALS    =      4559.1601
 EELEC  =    -57525.5576  EHBOND  =         0.0000  RESTRAINT  =       102.3390
 EAMBER (non-restraint)  =    -43614.7167
 ------------------------------------------------------------------------------

wrapping first mol.:       20.26984       28.66588       49.65075
wrapping first mol.:       20.26984       28.66588       49.65075

 NSTEP =    39500   TIME(PS) =    1019.000  TEMP(K) =   299.96  PRESS =     0.0
 Etot   =    -34314.9849  EKtot   =      9101.5869  EPtot      =    -43416.5718
 BOND   =       377.2546  ANGLE   =      1018.2508  DIHED      =      1387.2220
 1-4 NB =       428.1630  1-4 EEL =      6266.1917  VDWAALS    =      4805.9507
 EELEC  =    -57803.1586  EHBOND  =         0.0000  RESTRAINT  =       103.5540
 EAMBER (non-restraint)  =    -43520.1258
 ------------------------------------------------------------------------------

wrapping first mol.:       20.26984       28.66588       49.65075
wrapping first mol.:       20.26984       28.66588       49.65075

 NSTEP =    40000   TIME(PS) =    1020.000  TEMP(K) =   301.74  PRESS =     0.0
 Etot   =    -34213.8552  EKtot   =      9155.6553  EPtot      =    -43369.5105
 BOND   =       346.1720  ANGLE   =      1035.1907  DIHED      =      1343.9167
 1-4 NB =       453.6764  1-4 EEL =      6278.7928  VDWAALS    =      4644.6901
 EELEC  =    -57581.2422  EHBOND  =         0.0000  RESTRAINT  =       109.2929
 EAMBER (non-restraint)  =    -43478.8034
 ------------------------------------------------------------------------------

wrapping first mol.:       20.26984       28.66588       49.65075
wrapping first mol.:       20.26984       28.66588       49.65075

 NSTEP =    40500   TIME(PS) =    1021.000  TEMP(K) =   299.16  PRESS =     0.0
 Etot   =    -34255.8189  EKtot   =      9077.3027  EPtot      =    -43333.1217
 BOND   =       310.3375  ANGLE   =      1057.3535  DIHED      =      1326.9840
 1-4 NB =       444.2190  1-4 EEL =      6240.5478  VDWAALS    =      4755.2856
 EELEC  =    -57567.6867  EHBOND  =         0.0000  RESTRAINT  =        99.8377
 EAMBER (non-restraint)  =    -43432.9594
 ------------------------------------------------------------------------------

wrapping first mol.:       20.26984       28.66588       49.65075
wrapping first mol.:       20.26984       28.66588       49.65075

 NSTEP =    41000   TIME(PS) =    1022.000  TEMP(K) =   301.33  PRESS =     0.0
 Etot   =    -34212.6645  EKtot   =      9143.0508  EPtot      =    -43355.7153
 BOND   =       353.9746  ANGLE   =      1009.4831  DIHED      =      1357.0843
 1-4 NB =       447.3210  1-4 EEL =      6277.7736  VDWAALS    =      4808.6787
 EELEC  =    -57711.4889  EHBOND  =         0.0000  RESTRAINT  =       101.4584
 EAMBER (non-restraint)  =    -43457.1736
 ------------------------------------------------------------------------------

wrapping first mol.:       20.26984       28.66588       49.65075
wrapping first mol.:       20.26984       28.66588       49.65075

 NSTEP =    41500   TIME(PS) =    1023.000  TEMP(K) =   300.71  PRESS =     0.0
 Etot   =    -34191.0530  EKtot   =      9124.2861  EPtot      =    -43315.3392
 BOND   =       352.9077  ANGLE   =      1048.2380  DIHED      =      1326.0549
 1-4 NB =       443.9560  1-4 EEL =      6264.7981  VDWAALS    =      4871.9069
 EELEC  =    -57727.2779  EHBOND  =         0.0000  RESTRAINT  =       104.0772
 EAMBER (non-restraint)  =    -43419.4163
 ------------------------------------------------------------------------------

wrapping first mol.:       20.26984       28.66588       49.65075
wrapping first mol.:       20.26984       28.66588       49.65075

 NSTEP =    42000   TIME(PS) =    1024.000  TEMP(K) =   297.47  PRESS =     0.0
 Etot   =    -34260.6799  EKtot   =      9025.9414  EPtot      =    -43286.6213
 BOND   =       344.3126  ANGLE   =      1036.1543  DIHED      =      1333.5140
 1-4 NB =       438.1483  1-4 EEL =      6302.2988  VDWAALS    =      4773.5891
 EELEC  =    -57615.8370  EHBOND  =         0.0000  RESTRAINT  =       101.1986
 EAMBER (non-restraint)  =    -43387.8199
 ------------------------------------------------------------------------------

wrapping first mol.:       20.26984       28.66588       49.65075
wrapping first mol.:       20.26984       28.66588       49.65075

 NSTEP =    42500   TIME(PS) =    1025.000  TEMP(K) =   298.65  PRESS =     0.0
 Etot   =    -34249.5328  EKtot   =      9061.6416  EPtot      =    -43311.1744
 BOND   =       330.1343  ANGLE   =      1030.2439  DIHED      =      1343.0182
 1-4 NB =       457.3422  1-4 EEL =      6313.2863  VDWAALS    =      4789.4864
 EELEC  =    -57679.1828  EHBOND  =         0.0000  RESTRAINT  =       104.4971
 EAMBER (non-restraint)  =    -43415.6715
 ------------------------------------------------------------------------------

wrapping first mol.:       20.26984       28.66588       49.65075
wrapping first mol.:       20.26984       28.66588       49.65075

 NSTEP =    43000   TIME(PS) =    1026.000  TEMP(K) =   301.07  PRESS =     0.0
 Etot   =    -34062.6984  EKtot   =      9135.3252  EPtot      =    -43198.0236
 BOND   =       359.5714  ANGLE   =      1056.7432  DIHED      =      1338.2735
 1-4 NB =       438.3420  1-4 EEL =      6265.6170  VDWAALS    =      4481.4656
 EELEC  =    -57240.3211  EHBOND  =         0.0000  RESTRAINT  =       102.2849
 EAMBER (non-restraint)  =    -43300.3084
 ------------------------------------------------------------------------------

wrapping first mol.:       20.26984       28.66588       49.65075
wrapping first mol.:       20.26984       28.66588       49.65075

 NSTEP =    43500   TIME(PS) =    1027.000  TEMP(K) =   298.80  PRESS =     0.0
 Etot   =    -34120.5271  EKtot   =      9066.2549  EPtot      =    -43186.7820
 BOND   =       366.0376  ANGLE   =      1074.4192  DIHED      =      1338.5460
 1-4 NB =       440.0383  1-4 EEL =      6263.4837  VDWAALS    =      4675.5962
 EELEC  =    -57454.7660  EHBOND  =         0.0000  RESTRAINT  =       109.8630
 EAMBER (non-restraint)  =    -43296.6450
 ------------------------------------------------------------------------------

wrapping first mol.:       20.26984       28.66588       49.65075
wrapping first mol.:       20.26984       28.66588       49.65075

 NSTEP =    44000   TIME(PS) =    1028.000  TEMP(K) =   304.47  PRESS =     0.0
 Etot   =    -33918.3234  EKtot   =      9238.3926  EPtot      =    -43156.7160
 BOND   =       348.4616  ANGLE   =       994.7083  DIHED      =      1351.0832
 1-4 NB =       440.3529  1-4 EEL =      6307.7996  VDWAALS    =      4731.5076
 EELEC  =    -57438.5887  EHBOND  =         0.0000  RESTRAINT  =       107.9595
 EAMBER (non-restraint)  =    -43264.6755
 ------------------------------------------------------------------------------

wrapping first mol.:       20.26984       28.66588       49.65075
wrapping first mol.:       20.26984       28.66588       49.65075

 NSTEP =    44500   TIME(PS) =    1029.000  TEMP(K) =   302.91  PRESS =     0.0
 Etot   =    -33943.9080  EKtot   =      9191.0029  EPtot      =    -43134.9109
 BOND   =       325.4049  ANGLE   =      1108.4169  DIHED      =      1339.2952
 1-4 NB =       452.3542  1-4 EEL =      6257.4000  VDWAALS    =      4648.6572
 EELEC  =    -57380.1119  EHBOND  =         0.0000  RESTRAINT  =       113.6726
 EAMBER (non-restraint)  =    -43248.5836
 ------------------------------------------------------------------------------

wrapping first mol.:       20.26984       28.66588       49.65075
wrapping first mol.:       20.26984       28.66588       49.65075

 NSTEP =    45000   TIME(PS) =    1030.000  TEMP(K) =   305.61  PRESS =     0.0
 Etot   =    -34168.7777  EKtot   =      9272.9863  EPtot      =    -43441.7640
 BOND   =       351.4680  ANGLE   =      1066.1126  DIHED      =      1343.1008
 1-4 NB =       445.3946  1-4 EEL =      6266.6236  VDWAALS    =      4941.6052
 EELEC  =    -57963.4113  EHBOND  =         0.0000  RESTRAINT  =       107.3425
 EAMBER (non-restraint)  =    -43549.1065
 ------------------------------------------------------------------------------

wrapping first mol.:       20.26984       28.66588       49.65075
wrapping first mol.:       20.26984       28.66588       49.65075

 NSTEP =    45500   TIME(PS) =    1031.000  TEMP(K) =   300.69  PRESS =     0.0
 Etot   =    -34055.0582  EKtot   =      9123.5273  EPtot      =    -43178.5856
 BOND   =       355.6276  ANGLE   =      1018.8053  DIHED      =      1344.3239
 1-4 NB =       455.8662  1-4 EEL =      6276.2562  VDWAALS    =      4697.3646
 EELEC  =    -57431.1532  EHBOND  =         0.0000  RESTRAINT  =       104.3239
 EAMBER (non-restraint)  =    -43282.9094
 ------------------------------------------------------------------------------

wrapping first mol.:       20.26984       28.66588       49.65075
wrapping first mol.:       20.26984       28.66588       49.65075

 NSTEP =    46000   TIME(PS) =    1032.000  TEMP(K) =   303.65  PRESS =     0.0
 Etot   =    -34201.3108  EKtot   =      9213.4014  EPtot      =    -43414.7122
 BOND   =       348.5139  ANGLE   =      1021.7923  DIHED      =      1356.5166
 1-4 NB =       444.4160  1-4 EEL =      6303.9883  VDWAALS    =      4781.8196
 EELEC  =    -57783.6408  EHBOND  =         0.0000  RESTRAINT  =       111.8818
 EAMBER (non-restraint)  =    -43526.5940
 ------------------------------------------------------------------------------

wrapping first mol.:       20.26984       28.66588       49.65075
wrapping first mol.:       20.26984       28.66588       49.65075

 NSTEP =    46500   TIME(PS) =    1033.000  TEMP(K) =   301.67  PRESS =     0.0
 Etot   =    -34076.7039  EKtot   =      9153.5469  EPtot      =    -43230.2508
 BOND   =       316.9970  ANGLE   =       960.0487  DIHED      =      1350.1478
 1-4 NB =       447.5231  1-4 EEL =      6282.5981  VDWAALS    =      4579.5144
 EELEC  =    -57270.5982  EHBOND  =         0.0000  RESTRAINT  =       103.5182
 EAMBER (non-restraint)  =    -43333.7690
 ------------------------------------------------------------------------------

wrapping first mol.:       20.26984       28.66588       49.65075
wrapping first mol.:       20.26984       28.66588       49.65075

 NSTEP =    47000   TIME(PS) =    1034.000  TEMP(K) =   302.43  PRESS =     0.0
 Etot   =    -33975.7031  EKtot   =      9176.3418  EPtot      =    -43152.0449
 BOND   =       337.5989  ANGLE   =      1084.7915  DIHED      =      1347.4385
 1-4 NB =       433.0679  1-4 EEL =      6255.8693  VDWAALS    =      4691.5542
 EELEC  =    -57402.1814  EHBOND  =         0.0000  RESTRAINT  =        99.8162
 EAMBER (non-restraint)  =    -43251.8611
 ------------------------------------------------------------------------------

wrapping first mol.:       20.26984       28.66588       49.65075
wrapping first mol.:       20.26984       28.66588       49.65075

 NSTEP =    47500   TIME(PS) =    1035.000  TEMP(K) =   298.28  PRESS =     0.0
 Etot   =    -33994.8324  EKtot   =      9050.5527  EPtot      =    -43045.3851
 BOND   =       360.4652  ANGLE   =      1073.0381  DIHED      =      1336.9034
 1-4 NB =       425.2787  1-4 EEL =      6244.7185  VDWAALS    =      4826.4751
 EELEC  =    -57413.7949  EHBOND  =         0.0000  RESTRAINT  =       101.5308
 EAMBER (non-restraint)  =    -43146.9159
 ------------------------------------------------------------------------------

wrapping first mol.:       20.26984       28.66588       49.65075
wrapping first mol.:       20.26984       28.66588       49.65075

 NSTEP =    48000   TIME(PS) =    1036.000  TEMP(K) =   300.92  PRESS =     0.0
 Etot   =    -34170.4508  EKtot   =      9130.7051  EPtot      =    -43301.1559
 BOND   =       342.5176  ANGLE   =      1018.9159  DIHED      =      1337.6323
 1-4 NB =       447.8574  1-4 EEL =      6283.2517  VDWAALS    =      4806.8484
 EELEC  =    -57645.7507  EHBOND  =         0.0000  RESTRAINT  =       107.5714
 EAMBER (non-restraint)  =    -43408.7272
 ------------------------------------------------------------------------------

wrapping first mol.:       20.26984       28.66588       49.65075
wrapping first mol.:       20.26984       28.66588       49.65075

 NSTEP =    48500   TIME(PS) =    1037.000  TEMP(K) =   297.51  PRESS =     0.0
 Etot   =    -34272.0837  EKtot   =      9027.2324  EPtot      =    -43299.3161
 BOND   =       365.2674  ANGLE   =      1070.3949  DIHED      =      1342.1627
 1-4 NB =       442.6540  1-4 EEL =      6270.9196  VDWAALS    =      4696.6564
 EELEC  =    -57614.7155  EHBOND  =         0.0000  RESTRAINT  =       127.3444
 EAMBER (non-restraint)  =    -43426.6605
 ------------------------------------------------------------------------------

wrapping first mol.:       20.26984       28.66588       49.65075
wrapping first mol.:       20.26984       28.66588       49.65075

 NSTEP =    49000   TIME(PS) =    1038.000  TEMP(K) =   302.35  PRESS =     0.0
 Etot   =    -34076.1369  EKtot   =      9173.9727  EPtot      =    -43250.1095
 BOND   =       343.3466  ANGLE   =      1060.9568  DIHED      =      1373.4974
 1-4 NB =       441.7401  1-4 EEL =      6261.5648  VDWAALS    =      4886.4457
 EELEC  =    -57728.2246  EHBOND  =         0.0000  RESTRAINT  =       110.5638
 EAMBER (non-restraint)  =    -43360.6733
 ------------------------------------------------------------------------------

wrapping first mol.:       20.26984       28.66588       49.65075
wrapping first mol.:       20.26984       28.66588       49.65075

 NSTEP =    49500   TIME(PS) =    1039.000  TEMP(K) =   296.73  PRESS =     0.0
 Etot   =    -34468.7586  EKtot   =      9003.6240  EPtot      =    -43472.3826
 BOND   =       353.3764  ANGLE   =      1017.0512  DIHED      =      1362.6535
 1-4 NB =       449.7739  1-4 EEL =      6259.5536  VDWAALS    =      4701.7108
 EELEC  =    -57718.7570  EHBOND  =         0.0000  RESTRAINT  =       102.2550
 EAMBER (non-restraint)  =    -43574.6376
 ------------------------------------------------------------------------------

wrapping first mol.:       20.26984       28.66588       49.65075
wrapping first mol.:       20.26984       28.66588       49.65075

 NSTEP =    50000   TIME(PS) =    1040.000  TEMP(K) =   297.46  PRESS =     0.0
 Etot   =    -34258.5095  EKtot   =      9025.7715  EPtot      =    -43284.2810
 BOND   =       350.8050  ANGLE   =      1030.4340  DIHED      =      1364.4764
 1-4 NB =       434.5569  1-4 EEL =      6251.6634  VDWAALS    =      4647.7473
 EELEC  =    -57474.2542  EHBOND  =         0.0000  RESTRAINT  =       110.2902
 EAMBER (non-restraint)  =    -43394.5712
 ------------------------------------------------------------------------------


      A V E R A G E S   O V E R     100 S T E P S


 NSTEP =    50000   TIME(PS) =    1040.000  TEMP(K) =   300.05  PRESS =     0.0
 Etot   =    -34172.1750  EKtot   =      9104.3720  EPtot      =    -43276.5471
 BOND   =       345.9993  ANGLE   =      1047.5143  DIHED      =      1343.5374
 1-4 NB =       445.4336  1-4 EEL =      6272.7191  VDWAALS    =      4723.0389
 EELEC  =    -57559.6643  EHBOND  =         0.0000  RESTRAINT  =       104.8745
 EAMBER (non-restraint)  =    -43381.4216
 ------------------------------------------------------------------------------


      R M S  F L U C T U A T I O N S


 NSTEP =    50000   TIME(PS) =    1040.000  TEMP(K) =     2.57  PRESS =     0.0
 Etot   =       124.6454  EKtot   =        78.1119  EPtot      =       106.6556
 BOND   =        13.8066  ANGLE   =        28.0337  DIHED      =        13.3508
 1-4 NB =         8.9254  1-4 EEL =        19.8494  VDWAALS    =        98.6652
 EELEC  =       160.0778  EHBOND  =         0.0000  RESTRAINT  =         7.0506
 EAMBER (non-restraint)  =        99.6050
 ------------------------------------------------------------------------------

--------------------------------------------------------------------------------
   5.  TIMINGS
--------------------------------------------------------------------------------

|  NonSetup CPU Time in Major Routines:
|
|     Routine           Sec        %
|     ------------------------------
|     Nonbond          12.52   34.02
|     Bond              0.00    0.00
|     Angle             0.00    0.00
|     Dihedral          0.00    0.00
|     Shake             0.76    2.06
|     RunMD            23.44   63.69
|     Other             0.08    0.23
|     ------------------------------
|     Total            36.81

|  PME Nonbond Pairlist CPU Time:
|
|     Routine              Sec        %
|     ---------------------------------
|     Set Up Cit           0.00    0.00
|     Build List           0.00    0.00
|     ---------------------------------
|     Total                0.00    0.00

|  PME Direct Force CPU Time:
|
|     Routine              Sec        %
|     ---------------------------------
|     NonBonded Calc       0.00    0.00
|     Exclude Masked       0.00    0.00
|     Other                0.03    0.08
|     ---------------------------------
|     Total                0.03    0.08

|  PME Reciprocal Force CPU Time:
|
|     Routine              Sec        %
|     ---------------------------------
|     1D bspline           0.00    0.00
|     Grid Charges         0.00    0.00
|     Scalar Sum           0.00    0.00
|     Gradient Sum         0.00    0.00
|     FFT                  0.00    0.00
|     ---------------------------------
|     Total                0.00    0.00

|  Final Performance Info:
|     -----------------------------------------------------
|     Average timings for last   49500 steps:
|     Elapsed(s) =      36.44 Per Step(ms) =       0.74
|         ns/day =     234.72   seconds/ns =     368.10
|
|     Average timings for all steps:
|     Elapsed(s) =      36.84 Per Step(ms) =       0.74
|         ns/day =     234.56   seconds/ns =     368.35
|     -----------------------------------------------------

|  Setup CPU time:            1.60 seconds
|  NonSetup CPU time:        36.81 seconds
|  Total CPU time:           38.41 seconds     0.01 hours

|  Setup wall time:           2    seconds
|  NonSetup wall time:       37    seconds
|  Total wall time:          39    seconds     0.01 hours
