
[4m    Welcome to [4;5;44m Mordor [0m[4m, a server from the Roitberg group[0m
     pbarletta 

    If you experience any problems please contact:
      Vinicius Cruzeiro (vwcruzeiro@ufl.edu)
      Justin Smith (jsmith48@ufl.edu)

    [4;5;43mFor system information type:[0m mordorinfo

    The jobs running on the PBS TORQUE are: 
     37494.mordor         pbarlett batch    lb_pdz            16483     1   0    --  1000: R 70:57   mordor/1
     37507.mordor         pbarlett batch    lb_2pdz            4305     1   0    --  1000: R 42:45   mordor/2
     37509.mordor         roitberg batch    sub_C2.sh         17347     1   1    --  72:00 R 20:34   mordor/0
     37526.mordor         pbarlett batch    apo_equ           11696     1   0    --  1000: R   --    mordor/3

    Current users logged in (use 'write [user name]' to communicate):
     pbarletta pts/0        Nov  6 10:26 (10.136.253.200)
     cruzeiro pts/1        Nov  6 10:31 (10.241.80.117)
     pbarletta pts/2        Nov  6 10:35 (10.136.253.200)
     cruzeiro pts/3        Nov  6 10:37 (10.241.80.117)
     jsmith48 pts/4        Nov  6 10:43 (10.227.16.31)
     kdrana   pts/5        Nov  6 10:58 (10.136.184.43)
     jsmith48 pts/7        Nov  6 10:54 (10.227.16.31)


    There is nothing so useless as doing efficiently that
    which should not be done at all.
    	-- Peter Drucker
    
Step: 1
Note: The following floating-point exceptions are signalling: IEEE_INVALID_FLAG IEEE_OVERFLOW_FLAG IEEE_UNDERFLOW_FLAG IEEE_DENORMAL
Done step: 1
Step: 2
Note: The following floating-point exceptions are signalling: IEEE_UNDERFLOW_FLAG IEEE_DENORMAL
Done step: 2
Step: 3
Note: The following floating-point exceptions are signalling: IEEE_UNDERFLOW_FLAG IEEE_DENORMAL
Done step: 3
Step: 4
Note: The following floating-point exceptions are signalling: IEEE_UNDERFLOW_FLAG IEEE_DENORMAL
Done step: 4
Step: 5
Note: The following floating-point exceptions are signalling: IEEE_UNDERFLOW_FLAG IEEE_DENORMAL
Done step: 5
Step: 6
Note: The following floating-point exceptions are signalling: IEEE_UNDERFLOW_FLAG IEEE_DENORMAL
Done step: 6
Step: 7
Note: The following floating-point exceptions are signalling: IEEE_UNDERFLOW_FLAG IEEE_DENORMAL
Done step: 7
Step: 8
Note: The following floating-point exceptions are signalling: IEEE_UNDERFLOW_FLAG IEEE_DENORMAL
Done step: 8
Step: 9
Note: The following floating-point exceptions are signalling: IEEE_UNDERFLOW_FLAG IEEE_DENORMAL
Done step: 9
Step: 10
Note: The following floating-point exceptions are signalling: IEEE_UNDERFLOW_FLAG IEEE_DENORMAL
Done step: 10
Step: 11
Note: The following floating-point exceptions are signalling: IEEE_UNDERFLOW_FLAG IEEE_DENORMAL
Done step: 11
Step: 12
Note: The following floating-point exceptions are signalling: IEEE_UNDERFLOW_FLAG IEEE_DENORMAL
Done step: 12
Step: 13
Note: The following floating-point exceptions are signalling: IEEE_UNDERFLOW_FLAG IEEE_DENORMAL
Done step: 13
Step: 14
Note: The following floating-point exceptions are signalling: IEEE_UNDERFLOW_FLAG IEEE_DENORMAL
Done step: 14
Step: 15
Note: The following floating-point exceptions are signalling: IEEE_UNDERFLOW_FLAG IEEE_DENORMAL
Done step: 15
Step: 16
Note: The following floating-point exceptions are signalling: IEEE_UNDERFLOW_FLAG IEEE_DENORMAL
Done step: 16
Step: 17
Note: The following floating-point exceptions are signalling: IEEE_UNDERFLOW_FLAG IEEE_DENORMAL
Done step: 17
Step: 18
Note: The following floating-point exceptions are signalling: IEEE_UNDERFLOW_FLAG IEEE_DENORMAL
Done step: 18
Step: 19
Note: The following floating-point exceptions are signalling: IEEE_UNDERFLOW_FLAG IEEE_DENORMAL
Done step: 19
Step: 20
Note: The following floating-point exceptions are signalling: IEEE_UNDERFLOW_FLAG IEEE_DENORMAL
Done step: 20
Step: 21
Note: The following floating-point exceptions are signalling: IEEE_UNDERFLOW_FLAG IEEE_DENORMAL
Done step: 21
Step: 22
Note: The following floating-point exceptions are signalling: IEEE_UNDERFLOW_FLAG IEEE_DENORMAL
Done step: 22
Step: 23
Note: The following floating-point exceptions are signalling: IEEE_UNDERFLOW_FLAG IEEE_DENORMAL
Done step: 23
Step: 24
Note: The following floating-point exceptions are signalling: IEEE_UNDERFLOW_FLAG IEEE_DENORMAL
Done step: 24
Step: 25
Note: The following floating-point exceptions are signalling: IEEE_UNDERFLOW_FLAG IEEE_DENORMAL
Done step: 25
Step: 26
Note: The following floating-point exceptions are signalling: IEEE_UNDERFLOW_FLAG IEEE_DENORMAL
Done step: 26
Step: 27
Note: The following floating-point exceptions are signalling: IEEE_UNDERFLOW_FLAG IEEE_DENORMAL
Done step: 27
Step: 28
Note: The following floating-point exceptions are signalling: IEEE_UNDERFLOW_FLAG IEEE_DENORMAL
Done step: 28
Step: 29
Note: The following floating-point exceptions are signalling: IEEE_UNDERFLOW_FLAG IEEE_DENORMAL
Done step: 29
Step: 30
Note: The following floating-point exceptions are signalling: IEEE_UNDERFLOW_FLAG IEEE_DENORMAL
Done single step: 30
